[2013-07-27 18:39:17.167] [INFO] Running in directory /opt/tmp/hellmann/uniform_distribution
[2013-07-27 18:39:17.167] [INFO] Reading settings from /opt/tmp/hellmann/uniform_distribution/config.json
[2013-07-27 18:39:17.188] [INFO] Reading input file ./0470/random_in_square_0470_2168_011.json ...
[2013-07-27 18:39:33.144] [TIME] generating segments=15943ms
[2013-07-27 18:39:33.148] points=470 segments=110215 convex hull=16
[2013-07-27 18:39:33.148] [INFO] shortest input segment: 0:(-354,-1198)->(-367,-1197) (len^2=170)
[2013-07-27 18:39:33.275] [INFO] shortest non-crossing segment: 3:(-2084,-1998)->(-2067,-1985) (len^2=458)
[2013-07-27 18:39:33.275] separators=643
[2013-07-27 18:39:35.242] [TIME] intersection graph=2093ms
[2013-07-27 18:39:35.244] [INFO] shortest triangulation segment: 1:(-1272,1563)->(-1262,1580) (len^2=389)
[2013-07-27 18:39:35.244] [INFO] shortest convex hull segment: 117:(-2009,-2019)->(-2084,-1998) (len^2=6066)
[2013-07-27 18:39:35.244] [STATS] it=0	lb=1	ub=3
[2013-07-27 18:39:35.244] [TIME] controller initialization=18056ms
IBM ILOG License Manager: "university-braunschweig" is accessing CPLEX 12 with option(s): "e m b q use=10 MaintenanceEnd=20110128 ".
[2013-07-27 18:39:48.367] [TIME] iteration 1=13122ms
[2013-07-27 18:39:48.367] [STATS] it=1	lb=2	ub=3
[2013-07-27 18:40:01.434] [TIME] iteration 2=13066ms
[2013-07-27 18:40:01.436] [INFO] shortest constrained triangulation segment: 3:(-2084,-1998)->(-2067,-1985) (len^2=458)
[2013-07-27 18:40:01.437] [STATS] it=2	lb=3	ub=3
[2013-07-27 18:40:01.437] iterations=2 gap=0
[2013-07-27 18:40:01.437] [TIME] SAT solving=26188ms
[2013-07-27 18:40:01.437] [TIME] total=44248ms
