[2013-07-28 02:24:07.312] [INFO] Running in directory /opt/tmp/hellmann/uniform_distribution
[2013-07-28 02:24:07.313] [INFO] Reading settings from /opt/tmp/hellmann/uniform_distribution/config.json
[2013-07-28 02:24:07.313] [INFO] Reading input file ./0470/random_in_square_0470_2168_044.json ...
[2013-07-28 02:24:23.013] [TIME] generating segments=15672ms
[2013-07-28 02:24:23.017] points=470 segments=110215 convex hull=18
[2013-07-28 02:24:23.017] [INFO] shortest input segment: 0:(-321,-1843)->(-323,-1836) (len^2=53)
[2013-07-28 02:24:23.223] [INFO] shortest non-crossing segment: 6:(2023,1678)->(2016,1688) (len^2=149)
[2013-07-28 02:24:23.223] separators=306
[2013-07-28 02:24:23.549] [TIME] intersection graph=532ms
[2013-07-28 02:24:23.551] [INFO] shortest triangulation segment: 0:(-321,-1843)->(-323,-1836) (len^2=53)
[2013-07-28 02:24:23.551] [INFO] shortest convex hull segment: 59:(2162,-1171)->(2167,-1117) (len^2=2941)
[2013-07-28 02:24:23.551] [STATS] it=0	lb=0	ub=6
[2013-07-28 02:24:23.551] [TIME] controller initialization=16238ms
IBM ILOG License Manager: "university-braunschweig" is accessing CPLEX 12 with option(s): "e m b q use=10 MaintenanceEnd=20110128 ".
[2013-07-28 02:24:34.679] [TIME] iteration 1=11127ms
[2013-07-28 02:24:34.679] [STATS] it=1	lb=3	ub=6
[2013-07-28 02:24:45.794] [TIME] iteration 2=11114ms
[2013-07-28 02:24:45.796] [INFO] shortest constrained triangulation segment: 5:(1593,-1467)->(1603,-1460) (len^2=149)
[2013-07-28 02:24:45.796] [STATS] it=2	lb=6	ub=6
[2013-07-28 02:24:45.796] iterations=2 gap=0
[2013-07-28 02:24:45.796] [TIME] SAT solving=22241ms
[2013-07-28 02:24:45.796] [TIME] total=38483ms
