[2013-07-28 01:56:17.267] [INFO] Running in directory /opt/tmp/hellmann/uniform_distribution
[2013-07-28 01:56:17.267] [INFO] Reading settings from /opt/tmp/hellmann/uniform_distribution/config.json
[2013-07-28 01:56:17.290] [INFO] Reading input file ./0470/random_in_square_0470_2168_041.json ...
[2013-07-28 01:56:32.617] [TIME] generating segments=15236ms
[2013-07-28 01:56:32.621] points=470 segments=110215 convex hull=18
[2013-07-28 01:56:32.621] [INFO] shortest input segment: 0:(853,275)->(864,275) (len^2=121)
[2013-07-28 01:56:33.219] [INFO] shortest non-crossing segment: 17:(1665,-2155)->(1660,-2115) (len^2=1625)
[2013-07-28 01:56:33.219] separators=4093
[2013-07-28 01:57:45.620] [TIME] intersection graph=72999ms
[2013-07-28 01:57:45.622] [INFO] shortest triangulation segment: 1:(1220,-677)->(1233,-677) (len^2=169)
[2013-07-28 01:57:45.622] [INFO] shortest convex hull segment: 48:(1798,-2102)->(1821,-2052) (len^2=3029)
[2013-07-28 01:57:45.623] [STATS] it=0	lb=1	ub=17
[2013-07-28 01:57:45.623] [TIME] controller initialization=88333ms
IBM ILOG License Manager: "university-braunschweig" is accessing CPLEX 12 with option(s): "e m b q use=10 MaintenanceEnd=20110128 ".
[2013-07-28 02:06:25.357] [TIME] iteration 1=519735ms
[2013-07-28 02:06:25.414] [STATS] it=1	lb=10	ub=17
[2013-07-28 02:14:35.062] [TIME] iteration 2=489632ms
[2013-07-28 02:14:35.124] [STATS] it=2	lb=16	ub=17
[2013-07-28 02:22:47.608] [TIME] iteration 3=492466ms
[2013-07-28 02:22:47.957] [INFO] shortest constrained triangulation segment: 17:(1665,-2155)->(1660,-2115) (len^2=1625)
[2013-07-28 02:22:47.966] [STATS] it=3	lb=17	ub=17
[2013-07-28 02:22:47.966] iterations=3 gap=0
[2013-07-28 02:22:47.966] [TIME] SAT solving=1501833ms
[2013-07-28 02:22:47.966] [TIME] total=1590677ms
