[2013-07-27 19:41:20.743] [INFO] Running in directory /opt/tmp/hellmann/uniform_distribution
[2013-07-27 19:41:20.743] [INFO] Reading settings from /opt/tmp/hellmann/uniform_distribution/config.json
[2013-07-27 19:41:20.767] [INFO] Reading input file ./0470/random_in_square_0470_2168_016.json ...
[2013-07-27 19:41:36.896] [TIME] generating segments=16078ms
[2013-07-27 19:41:36.900] points=470 segments=110215 convex hull=16
[2013-07-27 19:41:36.900] [INFO] shortest input segment: 0:(-315,1056)->(-316,1061) (len^2=26)
[2013-07-27 19:41:37.015] [INFO] shortest non-crossing segment: 3:(-2075,-2040)->(-2075,-2028) (len^2=144)
[2013-07-27 19:41:37.015] separators=101
[2013-07-27 19:41:37.080] [TIME] intersection graph=179ms
[2013-07-27 19:41:37.082] [INFO] shortest triangulation segment: 2:(616,2140)->(617,2151) (len^2=122)
[2013-07-27 19:41:37.082] [INFO] shortest convex hull segment: 161:(-2075,-2040)->(-2142,-1970) (len^2=9389)
[2013-07-27 19:41:37.082] [STATS] it=0	lb=2	ub=3
[2013-07-27 19:41:37.082] [TIME] controller initialization=16315ms
IBM ILOG License Manager: "university-braunschweig" is accessing CPLEX 12 with option(s): "e m b q use=10 MaintenanceEnd=20110128 ".
[2013-07-27 19:41:48.492] [TIME] iteration 1=11410ms
[2013-07-27 19:41:48.494] [INFO] shortest constrained triangulation segment: 3:(-2075,-2040)->(-2075,-2028) (len^2=144)
[2013-07-27 19:41:48.494] [STATS] it=1	lb=3	ub=3
[2013-07-27 19:41:48.494] iterations=1 gap=0
[2013-07-27 19:41:48.494] [TIME] SAT solving=11410ms
[2013-07-27 19:41:48.494] [TIME] total=27729ms
