[2013-07-27 16:16:45.410] [INFO] Running in directory /opt/tmp/hellmann/uniform_distribution
[2013-07-27 16:16:45.411] [INFO] Reading settings from /opt/tmp/hellmann/uniform_distribution/config.json
[2013-07-27 16:16:45.411] [INFO] Reading input file ./0470/random_in_square_0470_2168_002.json ...
[2013-07-27 16:17:01.055] [TIME] generating segments=15621ms
[2013-07-27 16:17:01.059] points=470 segments=110215 convex hull=13
[2013-07-27 16:17:01.059] [INFO] shortest input segment: 0:(-1301,1696)->(-1292,1697) (len^2=82)
[2013-07-27 16:17:01.212] [INFO] shortest non-crossing segment: 4:(2147,375)->(2146,401) (len^2=677)
[2013-07-27 16:17:01.212] separators=638
[2013-07-27 16:17:03.567] [TIME] intersection graph=2509ms
[2013-07-27 16:17:03.570] [INFO] shortest triangulation segment: 0:(-1301,1696)->(-1292,1697) (len^2=82)
[2013-07-27 16:17:03.570] [INFO] shortest convex hull segment: 35:(2084,-2074)->(2123,-2045) (len^2=2362)
[2013-07-27 16:17:03.570] [STATS] it=0	lb=0	ub=4
[2013-07-27 16:17:03.570] [TIME] controller initialization=18159ms
IBM ILOG License Manager: "university-braunschweig" is accessing CPLEX 12 with option(s): "e m b q use=10 MaintenanceEnd=20110128 ".
[2013-07-27 16:17:17.398] [TIME] iteration 1=13829ms
[2013-07-27 16:17:17.398] [STATS] it=1	lb=2	ub=4
[2013-07-27 16:17:31.143] [TIME] iteration 2=13745ms
[2013-07-27 16:17:31.145] [INFO] shortest constrained triangulation segment: 4:(2147,375)->(2146,401) (len^2=677)
[2013-07-27 16:17:31.145] [STATS] it=2	lb=4	ub=4
[2013-07-27 16:17:31.145] iterations=2 gap=0
[2013-07-27 16:17:31.145] [TIME] SAT solving=27574ms
[2013-07-27 16:17:31.145] [TIME] total=45735ms
