[2013-07-27 18:40:01.502] [INFO] Running in directory /opt/tmp/hellmann/uniform_distribution
[2013-07-27 18:40:01.502] [INFO] Reading settings from /opt/tmp/hellmann/uniform_distribution/config.json
[2013-07-27 18:40:01.503] [INFO] Reading input file ./0470/random_in_square_0470_2168_012.json ...
[2013-07-27 18:40:16.725] [TIME] generating segments=15211ms
[2013-07-27 18:40:16.729] points=470 segments=110215 convex hull=15
[2013-07-27 18:40:16.729] [INFO] shortest input segment: 0:(-171,-158)->(-168,-156) (len^2=13)
[2013-07-27 18:40:16.787] [INFO] shortest non-crossing segment: 1:(-1906,-1985)->(-1907,-1979) (len^2=37)
[2013-07-27 18:40:16.787] separators=63
[2013-07-27 18:40:16.822] [TIME] intersection graph=93ms
[2013-07-27 18:40:16.825] [INFO] shortest triangulation segment: 0:(-171,-158)->(-168,-156) (len^2=13)
[2013-07-27 18:40:16.825] [INFO] shortest convex hull segment: 89:(2086,-2135)->(2127,-2076) (len^2=5162)
[2013-07-27 18:40:16.825] [STATS] it=0	lb=0	ub=1
[2013-07-27 18:40:16.825] [TIME] controller initialization=15322ms
IBM ILOG License Manager: "university-braunschweig" is accessing CPLEX 12 with option(s): "e m b q use=10 MaintenanceEnd=20110128 ".
[2013-07-27 18:40:27.673] [TIME] iteration 1=10849ms
[2013-07-27 18:40:27.675] [INFO] shortest constrained triangulation segment: 1:(-1906,-1985)->(-1907,-1979) (len^2=37)
[2013-07-27 18:40:27.675] [STATS] it=1	lb=1	ub=1
[2013-07-27 18:40:27.675] iterations=1 gap=0
[2013-07-27 18:40:27.675] [TIME] SAT solving=10849ms
[2013-07-27 18:40:27.675] [TIME] total=26172ms
