[2013-07-27 18:40:27.696] [INFO] Running in directory /opt/tmp/hellmann/uniform_distribution
[2013-07-27 18:40:27.696] [INFO] Reading settings from /opt/tmp/hellmann/uniform_distribution/config.json
[2013-07-27 18:40:27.696] [INFO] Reading input file ./0470/random_in_square_0470_2168_013.json ...
[2013-07-27 18:40:43.435] [TIME] generating segments=15714ms
[2013-07-27 18:40:43.439] points=470 segments=110215 convex hull=17
[2013-07-27 18:40:43.439] [INFO] shortest input segment: 0:(-1766,1804)->(-1766,1811) (len^2=49)
[2013-07-27 18:40:43.614] [INFO] shortest non-crossing segment: 5:(-2055,-1835)->(-2063,-1824) (len^2=185)
[2013-07-27 18:40:43.614] separators=392
[2013-07-27 18:40:44.203] [TIME] intersection graph=764ms
[2013-07-27 18:40:44.205] [INFO] shortest triangulation segment: 0:(-1766,1804)->(-1766,1811) (len^2=49)
[2013-07-27 18:40:44.205] [INFO] shortest convex hull segment: 5:(-2055,-1835)->(-2063,-1824) (len^2=185)
[2013-07-27 18:40:44.205] [STATS] it=0	lb=0	ub=5
[2013-07-27 18:40:44.205] [TIME] controller initialization=16509ms
IBM ILOG License Manager: "university-braunschweig" is accessing CPLEX 12 with option(s): "e m b q use=10 MaintenanceEnd=20110128 ".
[2013-07-27 18:40:55.543] [TIME] iteration 1=11337ms
[2013-07-27 18:40:55.543] [STATS] it=1	lb=3	ub=5
[2013-07-27 18:41:06.871] [TIME] iteration 2=11327ms
[2013-07-27 18:41:06.871] [STATS] it=2	lb=4	ub=5
[2013-07-27 18:41:18.187] [TIME] iteration 3=11316ms
[2013-07-27 18:41:18.189] [INFO] shortest constrained triangulation segment: 5:(-2055,-1835)->(-2063,-1824) (len^2=185)
[2013-07-27 18:41:18.189] [STATS] it=3	lb=5	ub=5
[2013-07-27 18:41:18.189] iterations=3 gap=0
[2013-07-27 18:41:18.189] [TIME] SAT solving=33980ms
[2013-07-27 18:41:18.189] [TIME] total=50494ms
