[2013-07-28 06:20:26.379] [INFO] Running in directory /opt/tmp/hellmann/uniform_distribution
[2013-07-28 06:20:26.379] [INFO] Reading settings from /opt/tmp/hellmann/uniform_distribution/config.json
[2013-07-28 06:20:26.437] [INFO] Reading input file ./0470/random_in_square_0470_2168_066.json ...
[2013-07-28 06:20:41.798] [TIME] generating segments=15293ms
[2013-07-28 06:20:41.802] points=470 segments=110215 convex hull=17
[2013-07-28 06:20:41.802] [INFO] shortest input segment: 0:(-505,-1672)->(-507,-1665) (len^2=53)
[2013-07-28 06:20:42.117] [INFO] shortest non-crossing segment: 9:(-2066,2059)->(-2061,2084) (len^2=650)
[2013-07-28 06:20:42.117] separators=1437
[2013-07-28 06:20:50.477] [TIME] intersection graph=8676ms
[2013-07-28 06:20:50.479] [INFO] shortest triangulation segment: 0:(-505,-1672)->(-507,-1665) (len^2=53)
[2013-07-28 06:20:50.479] [INFO] shortest convex hull segment: 340:(-2167,1994)->(-2061,2084) (len^2=19336)
[2013-07-28 06:20:50.479] [STATS] it=0	lb=0	ub=9
[2013-07-28 06:20:50.479] [TIME] controller initialization=24060ms
IBM ILOG License Manager: "university-braunschweig" is accessing CPLEX 12 with option(s): "e m b q use=10 MaintenanceEnd=20110128 ".
[2013-07-28 06:21:16.483] [TIME] iteration 1=26003ms
[2013-07-28 06:21:16.483] [STATS] it=1	lb=5	ub=9
[2013-07-28 06:21:42.133] [TIME] iteration 2=25650ms
[2013-07-28 06:21:42.133] [STATS] it=2	lb=8	ub=9
[2013-07-28 06:22:07.187] [TIME] iteration 3=25054ms
[2013-07-28 06:22:07.190] [INFO] shortest constrained triangulation segment: 9:(-2066,2059)->(-2061,2084) (len^2=650)
[2013-07-28 06:22:07.190] [STATS] it=3	lb=9	ub=9
[2013-07-28 06:22:07.190] iterations=3 gap=0
[2013-07-28 06:22:07.190] [TIME] SAT solving=76707ms
[2013-07-28 06:22:07.190] [TIME] total=100771ms
