[2013-07-28 08:22:12.968] [INFO] Running in directory /opt/tmp/hellmann/uniform_distribution
[2013-07-28 08:22:12.968] [INFO] Reading settings from /opt/tmp/hellmann/uniform_distribution/config.json
[2013-07-28 08:22:12.992] [INFO] Reading input file ./0470/random_in_square_0470_2168_071.json ...
[2013-07-28 08:22:29.229] [TIME] generating segments=16179ms
[2013-07-28 08:22:29.233] points=470 segments=110215 convex hull=16
[2013-07-28 08:22:29.233] [INFO] shortest input segment: 0:(-1050,-514)->(-1053,-509) (len^2=34)
[2013-07-28 08:22:29.570] [INFO] shortest non-crossing segment: 10:(-942,2153)->(-964,2155) (len^2=488)
[2013-07-28 08:22:29.570] separators=1178
[2013-07-28 08:22:34.889] [TIME] intersection graph=5655ms
[2013-07-28 08:22:34.891] [INFO] shortest triangulation segment: 0:(-1050,-514)->(-1053,-509) (len^2=34)
[2013-07-28 08:22:34.892] [INFO] shortest convex hull segment: 263:(2009,-2167)->(2086,-2075) (len^2=14393)
[2013-07-28 08:22:34.892] [STATS] it=0	lb=0	ub=10
[2013-07-28 08:22:34.892] [TIME] controller initialization=21901ms
IBM ILOG License Manager: "university-braunschweig" is accessing CPLEX 12 with option(s): "e m b q use=10 MaintenanceEnd=20110128 ".
[2013-07-28 08:22:54.209] [TIME] iteration 1=19318ms
[2013-07-28 08:22:54.209] [STATS] it=1	lb=5	ub=10
[2013-07-28 08:23:13.419] [TIME] iteration 2=19209ms
[2013-07-28 08:23:13.419] [STATS] it=2	lb=8	ub=10
[2013-07-28 08:23:32.597] [TIME] iteration 3=19178ms
[2013-07-28 08:23:32.600] [INFO] shortest constrained triangulation segment: 10:(-942,2153)->(-964,2155) (len^2=488)
[2013-07-28 08:23:32.600] [STATS] it=3	lb=10	ub=10
[2013-07-28 08:23:32.600] iterations=3 gap=0
[2013-07-28 08:23:32.600] [TIME] SAT solving=57705ms
[2013-07-28 08:23:32.600] [TIME] total=79609ms
