[2013-07-28 05:45:24.442] [INFO] Running in directory /opt/tmp/hellmann/uniform_distribution
[2013-07-28 05:45:24.442] [INFO] Reading settings from /opt/tmp/hellmann/uniform_distribution/config.json
[2013-07-28 05:45:24.465] [INFO] Reading input file ./0470/random_in_square_0470_2168_064.json ...
[2013-07-28 05:45:40.025] [TIME] generating segments=15516ms
[2013-07-28 05:45:40.028] points=470 segments=110215 convex hull=20
[2013-07-28 05:45:40.029] [INFO] shortest input segment: 0:(-1732,-1933)->(-1727,-1918) (len^2=250)
[2013-07-28 05:45:40.390] [INFO] shortest non-crossing segment: 10:(-2086,-2121)->(-2054,-2116) (len^2=1049)
[2013-07-28 05:45:40.390] separators=2388
[2013-07-28 05:46:05.622] [TIME] intersection graph=25594ms
[2013-07-28 05:46:05.625] [INFO] shortest triangulation segment: 0:(-1732,-1933)->(-1727,-1918) (len^2=250)
[2013-07-28 05:46:05.625] [INFO] shortest convex hull segment: 167:(-2162,1921)->(-2134,2014) (len^2=9433)
[2013-07-28 05:46:05.625] [STATS] it=0	lb=0	ub=10
[2013-07-28 05:46:05.625] [TIME] controller initialization=41159ms
IBM ILOG License Manager: "university-braunschweig" is accessing CPLEX 12 with option(s): "e m b q use=10 MaintenanceEnd=20110128 ".
[2013-07-28 05:47:43.051] [TIME] iteration 1=97426ms
[2013-07-28 05:47:43.079] [STATS] it=1	lb=7	ub=10
[2013-07-28 05:49:00.081] [TIME] iteration 2=77001ms
[2013-07-28 05:49:00.113] [STATS] it=2	lb=9	ub=10
[2013-07-28 05:50:12.360] [TIME] iteration 3=72247ms
[2013-07-28 05:50:12.663] [INFO] shortest constrained triangulation segment: 10:(-2086,-2121)->(-2054,-2116) (len^2=1049)
[2013-07-28 05:50:12.663] [STATS] it=3	lb=10	ub=10
[2013-07-28 05:50:12.663] iterations=3 gap=0
[2013-07-28 05:50:12.663] [TIME] SAT solving=246646ms
[2013-07-28 05:50:12.663] [TIME] total=288197ms
