[2013-07-04 16:59:38.212] [INFO] Running in directory /tmp/hellmann/current_run
[2013-07-04 16:59:38.212] [INFO] Reading settings from /tmp/hellmann/current_run/config.json
[2013-07-04 16:59:38.212] [INFO] Reading input file ./0040/random_in_square_0040_0632_052.json ...
[2013-07-04 16:59:38.220] [TIME] generating segments=7ms
[2013-07-04 16:59:38.221] points=40 segments=780 convex hull=7
[2013-07-04 16:59:38.221] [INFO] shortest input segment: 0:(-423,282)->(-423,291) (len^2=81)
[2013-07-04 16:59:38.224] [INFO] shortest non-crossing segment: 1:(-423,291)->(-431,302) (len^2=185)
[2013-07-04 16:59:38.224] separators=7
[2013-07-04 16:59:38.224] [TIME] intersection graph=3ms
[2013-07-04 16:59:38.224] [INFO] shortest triangulation segment: 0:(-423,282)->(-423,291) (len^2=81)
[2013-07-04 16:59:38.224] [INFO] shortest convex hull segment: 105:(625,-561)->(630,-300) (len^2=68146)
[2013-07-04 16:59:38.224] [STATS] it=0	lb=0	ub=1
[2013-07-04 16:59:38.225] [TIME] controller initialization=12ms
IBM ILOG License Manager: "university-braunschweig" is accessing CPLEX 12 with option(s): "e m b q use=10 MaintenanceEnd=20110128 ".
[2013-07-04 16:59:38.232] [TIME] iteration 1=7ms
[2013-07-04 16:59:38.232] [INFO] shortest constrained triangulation segment: 1:(-423,291)->(-431,302) (len^2=185)
[2013-07-04 16:59:38.232] [STATS] it=1	lb=1	ub=1
[2013-07-04 16:59:38.232] iterations=1 gap=0
[2013-07-04 16:59:38.232] [TIME] SAT solving=7ms
[2013-07-04 16:59:38.232] [TIME] total=19ms
