[2013-07-04 16:59:35.443] [INFO] Running in directory /tmp/hellmann/current_run
[2013-07-04 16:59:35.443] [INFO] Reading settings from /tmp/hellmann/current_run/config.json
[2013-07-04 16:59:35.443] [INFO] Reading input file ./0040/random_in_square_0040_0632_015.json ...
[2013-07-04 16:59:35.451] [TIME] generating segments=7ms
[2013-07-04 16:59:35.452] points=40 segments=780 convex hull=7
[2013-07-04 16:59:35.452] [INFO] shortest input segment: 0:(-260,-453)->(-253,-451) (len^2=53)
[2013-07-04 16:59:35.456] [INFO] shortest non-crossing segment: 2:(563,-380)->(578,-361) (len^2=586)
[2013-07-04 16:59:35.456] separators=6
[2013-07-04 16:59:35.457] [TIME] intersection graph=5ms
[2013-07-04 16:59:35.457] [INFO] shortest triangulation segment: 0:(-260,-453)->(-253,-451) (len^2=53)
[2013-07-04 16:59:35.457] [INFO] shortest convex hull segment: 2:(563,-380)->(578,-361) (len^2=586)
[2013-07-04 16:59:35.457] [STATS] it=0	lb=0	ub=2
[2013-07-04 16:59:35.457] [TIME] controller initialization=13ms
IBM ILOG License Manager: "university-braunschweig" is accessing CPLEX 12 with option(s): "e m b q use=10 MaintenanceEnd=20110128 ".
[2013-07-04 16:59:35.464] [TIME] iteration 1=7ms
[2013-07-04 16:59:35.464] [STATS] it=1	lb=1	ub=2
[2013-07-04 16:59:35.467] [TIME] iteration 2=3ms
[2013-07-04 16:59:35.468] [INFO] shortest constrained triangulation segment: 2:(563,-380)->(578,-361) (len^2=586)
[2013-07-04 16:59:35.468] [STATS] it=2	lb=2	ub=2
[2013-07-04 16:59:35.468] iterations=2 gap=0
[2013-07-04 16:59:35.468] [TIME] SAT solving=10ms
[2013-07-04 16:59:35.468] [TIME] total=24ms
