[2013-07-04 16:59:36.853] [INFO] Running in directory /tmp/hellmann/current_run
[2013-07-04 16:59:36.853] [INFO] Reading settings from /tmp/hellmann/current_run/config.json
[2013-07-04 16:59:36.853] [INFO] Reading input file ./0040/random_in_square_0040_0632_035.json ...
[2013-07-04 16:59:36.861] [TIME] generating segments=7ms
[2013-07-04 16:59:36.861] points=40 segments=780 convex hull=10
[2013-07-04 16:59:36.861] [INFO] shortest input segment: 0:(-156,268)->(-178,281) (len^2=653)
[2013-07-04 16:59:36.864] [INFO] shortest non-crossing segment: 1:(507,420)->(527,465) (len^2=2425)
[2013-07-04 16:59:36.864] separators=7
[2013-07-04 16:59:36.865] [TIME] intersection graph=3ms
[2013-07-04 16:59:36.865] [INFO] shortest triangulation segment: 0:(-156,268)->(-178,281) (len^2=653)
[2013-07-04 16:59:36.865] [INFO] shortest convex hull segment: 10:(290,-571)->(390,-535) (len^2=11296)
[2013-07-04 16:59:36.865] [STATS] it=0	lb=0	ub=1
[2013-07-04 16:59:36.865] [TIME] controller initialization=12ms
IBM ILOG License Manager: "university-braunschweig" is accessing CPLEX 12 with option(s): "e m b q use=10 MaintenanceEnd=20110128 ".
[2013-07-04 16:59:36.872] [TIME] iteration 1=7ms
[2013-07-04 16:59:36.873] [INFO] shortest constrained triangulation segment: 1:(507,420)->(527,465) (len^2=2425)
[2013-07-04 16:59:36.873] [STATS] it=1	lb=1	ub=1
[2013-07-04 16:59:36.873] iterations=1 gap=0
[2013-07-04 16:59:36.873] [TIME] SAT solving=7ms
[2013-07-04 16:59:36.873] [TIME] total=19ms
