[2013-07-04 16:59:37.033] [INFO] Running in directory /tmp/hellmann/current_run
[2013-07-04 16:59:37.033] [INFO] Reading settings from /tmp/hellmann/current_run/config.json
[2013-07-04 16:59:37.033] [INFO] Reading input file ./0040/random_in_square_0040_0632_038.json ...
[2013-07-04 16:59:37.041] [TIME] generating segments=7ms
[2013-07-04 16:59:37.042] points=40 segments=780 convex hull=9
[2013-07-04 16:59:37.042] [INFO] shortest input segment: 0:(-32,615)->(-23,623) (len^2=145)
[2013-07-04 16:59:37.046] [INFO] shortest non-crossing segment: 2:(-339,605)->(-335,624) (len^2=377)
[2013-07-04 16:59:37.046] separators=2
[2013-07-04 16:59:37.046] [TIME] intersection graph=4ms
[2013-07-04 16:59:37.047] [INFO] shortest triangulation segment: 0:(-32,615)->(-23,623) (len^2=145)
[2013-07-04 16:59:37.047] [INFO] shortest convex hull segment: 14:(-528,-293)->(-596,-249) (len^2=6560)
[2013-07-04 16:59:37.047] [STATS] it=0	lb=0	ub=2
[2013-07-04 16:59:37.047] [TIME] controller initialization=13ms
IBM ILOG License Manager: "university-braunschweig" is accessing CPLEX 12 with option(s): "e m b q use=10 MaintenanceEnd=20110128 ".
[2013-07-04 16:59:37.053] [TIME] iteration 1=6ms
[2013-07-04 16:59:37.053] [STATS] it=1	lb=1	ub=2
[2013-07-04 16:59:37.056] [ERROR] Solution is infeasible
[2013-07-04 16:59:37.056] [TIME] iteration 2=2ms
[2013-07-04 16:59:37.056] [INFO] shortest constrained triangulation segment: 1:(188,344)->(186,357) (len^2=173)
[2013-07-04 16:59:37.056] [STATS] it=2	lb=1	ub=1
[2013-07-04 16:59:37.056] iterations=2 gap=0
[2013-07-04 16:59:37.056] [TIME] SAT solving=8ms
[2013-07-04 16:59:37.056] [TIME] total=22ms
