[2013-07-04 16:59:33.048] [INFO] Running in directory /tmp/hellmann/current_run
[2013-07-04 16:59:33.048] [INFO] Reading settings from /tmp/hellmann/current_run/config.json
[2013-07-04 16:59:33.049] [INFO] Reading input file ./0040/random_in_square_0040_0632_006.json ...
[2013-07-04 16:59:33.057] [TIME] generating segments=7ms
[2013-07-04 16:59:33.057] points=40 segments=780 convex hull=7
[2013-07-04 16:59:33.057] [INFO] shortest input segment: 0:(-62,-259)->(-80,-249) (len^2=424)
[2013-07-04 16:59:33.062] [INFO] shortest non-crossing segment: 2:(-333,557)->(-342,592) (len^2=1306)
[2013-07-04 16:59:33.062] separators=11
[2013-07-04 16:59:33.063] [TIME] intersection graph=5ms
[2013-07-04 16:59:33.063] [INFO] shortest triangulation segment: 0:(-62,-259)->(-80,-249) (len^2=424)
[2013-07-04 16:59:33.063] [INFO] shortest convex hull segment: 60:(587,-600)->(626,-384) (len^2=48177)
[2013-07-04 16:59:33.063] [STATS] it=0	lb=0	ub=2
[2013-07-04 16:59:33.063] [TIME] controller initialization=14ms
IBM ILOG License Manager: "university-braunschweig" is accessing CPLEX 12 with option(s): "e m b q use=10 MaintenanceEnd=20110128 ".
[2013-07-04 16:59:33.071] [TIME] iteration 1=7ms
[2013-07-04 16:59:33.071] [STATS] it=1	lb=1	ub=2
[2013-07-04 16:59:33.074] [TIME] iteration 2=3ms
[2013-07-04 16:59:33.075] [INFO] shortest constrained triangulation segment: 2:(-333,557)->(-342,592) (len^2=1306)
[2013-07-04 16:59:33.075] [STATS] it=2	lb=2	ub=2
[2013-07-04 16:59:33.075] iterations=2 gap=0
[2013-07-04 16:59:33.075] [TIME] SAT solving=10ms
[2013-07-04 16:59:33.075] [TIME] total=26ms
