[2013-07-04 16:59:41.040] [INFO] Running in directory /tmp/hellmann/current_run
[2013-07-04 16:59:41.040] [INFO] Reading settings from /tmp/hellmann/current_run/config.json
[2013-07-04 16:59:41.041] [INFO] Reading input file ./0040/random_in_square_0040_0632_075.json ...
[2013-07-04 16:59:41.049] [TIME] generating segments=7ms
[2013-07-04 16:59:41.049] points=40 segments=780 convex hull=9
[2013-07-04 16:59:41.049] [INFO] shortest input segment: 0:(-488,201)->(-485,219) (len^2=333)
[2013-07-04 16:59:41.052] [INFO] shortest non-crossing segment: 1:(289,-620)->(271,-612) (len^2=388)
[2013-07-04 16:59:41.052] separators=1
[2013-07-04 16:59:41.052] [TIME] intersection graph=3ms
[2013-07-04 16:59:41.052] [INFO] shortest triangulation segment: 0:(-488,201)->(-485,219) (len^2=333)
[2013-07-04 16:59:41.052] [INFO] shortest convex hull segment: 4:(238,-627)->(289,-620) (len^2=2650)
[2013-07-04 16:59:41.052] [STATS] it=0	lb=0	ub=1
[2013-07-04 16:59:41.052] [TIME] controller initialization=11ms
IBM ILOG License Manager: "university-braunschweig" is accessing CPLEX 12 with option(s): "e m b q use=10 MaintenanceEnd=20110128 ".
[2013-07-04 16:59:41.059] [TIME] iteration 1=6ms
[2013-07-04 16:59:41.060] [INFO] shortest constrained triangulation segment: 1:(289,-620)->(271,-612) (len^2=388)
[2013-07-04 16:59:41.060] [STATS] it=1	lb=1	ub=1
[2013-07-04 16:59:41.060] iterations=1 gap=0
[2013-07-04 16:59:41.060] [TIME] SAT solving=6ms
[2013-07-04 16:59:41.060] [TIME] total=19ms
