[2013-07-04 16:59:37.070] [INFO] Running in directory /tmp/hellmann/current_run
[2013-07-04 16:59:37.070] [INFO] Reading settings from /tmp/hellmann/current_run/config.json
[2013-07-04 16:59:37.070] [INFO] Reading input file ./0040/random_in_square_0040_0632_039.json ...
[2013-07-04 16:59:37.079] [TIME] generating segments=7ms
[2013-07-04 16:59:37.079] points=40 segments=780 convex hull=8
[2013-07-04 16:59:37.079] [INFO] shortest input segment: 0:(-113,-321)->(-96,-314) (len^2=338)
[2013-07-04 16:59:37.085] [INFO] shortest non-crossing segment: 3:(455,-27)->(441,14) (len^2=1877)
[2013-07-04 16:59:37.085] separators=16
[2013-07-04 16:59:37.087] [TIME] intersection graph=7ms
[2013-07-04 16:59:37.087] [INFO] shortest triangulation segment: 0:(-113,-321)->(-96,-314) (len^2=338)
[2013-07-04 16:59:37.087] [INFO] shortest convex hull segment: 42:(577,358)->(563,492) (len^2=18152)
[2013-07-04 16:59:37.087] [STATS] it=0	lb=0	ub=3
[2013-07-04 16:59:37.087] [TIME] controller initialization=16ms
IBM ILOG License Manager: "university-braunschweig" is accessing CPLEX 12 with option(s): "e m b q use=10 MaintenanceEnd=20110128 ".
[2013-07-04 16:59:37.095] [TIME] iteration 1=7ms
[2013-07-04 16:59:37.095] [INFO] shortest constrained triangulation segment: 3:(455,-27)->(441,14) (len^2=1877)
[2013-07-04 16:59:37.095] [STATS] it=1	lb=3	ub=3
[2013-07-04 16:59:37.095] iterations=1 gap=0
[2013-07-04 16:59:37.095] [TIME] SAT solving=7ms
[2013-07-04 16:59:37.095] [TIME] total=24ms
