[2013-07-04 16:59:41.245] [INFO] Running in directory /tmp/hellmann/current_run
[2013-07-04 16:59:41.246] [INFO] Reading settings from /tmp/hellmann/current_run/config.json
[2013-07-04 16:59:41.246] [INFO] Reading input file ./0040/random_in_square_0040_0632_080.json ...
[2013-07-04 16:59:41.254] [TIME] generating segments=7ms
[2013-07-04 16:59:41.254] points=40 segments=780 convex hull=10
[2013-07-04 16:59:41.254] [INFO] shortest input segment: 0:(-85,-339)->(-78,-330) (len^2=130)
[2013-07-04 16:59:41.259] [INFO] shortest non-crossing segment: 2:(-552,570)->(-576,575) (len^2=601)
[2013-07-04 16:59:41.259] separators=11
[2013-07-04 16:59:41.260] [TIME] intersection graph=5ms
[2013-07-04 16:59:41.260] [INFO] shortest triangulation segment: 1:(132,96)->(141,108) (len^2=225)
[2013-07-04 16:59:41.260] [INFO] shortest convex hull segment: 11:(-602,508)->(-576,575) (len^2=5165)
[2013-07-04 16:59:41.260] [STATS] it=0	lb=1	ub=2
[2013-07-04 16:59:41.260] [TIME] controller initialization=14ms
IBM ILOG License Manager: "university-braunschweig" is accessing CPLEX 12 with option(s): "e m b q use=10 MaintenanceEnd=20110128 ".
[2013-07-04 16:59:41.268] [TIME] iteration 1=7ms
[2013-07-04 16:59:41.268] [INFO] shortest constrained triangulation segment: 2:(-552,570)->(-576,575) (len^2=601)
[2013-07-04 16:59:41.268] [STATS] it=1	lb=2	ub=2
[2013-07-04 16:59:41.268] iterations=1 gap=0
[2013-07-04 16:59:41.268] [TIME] SAT solving=7ms
[2013-07-04 16:59:41.268] [TIME] total=22ms
