[2013-07-04 16:59:39.364] [INFO] Running in directory /tmp/hellmann/current_run
[2013-07-04 16:59:39.364] [INFO] Reading settings from /tmp/hellmann/current_run/config.json
[2013-07-04 16:59:39.364] [INFO] Reading input file ./0040/random_in_square_0040_0632_057.json ...
[2013-07-04 16:59:39.372] [TIME] generating segments=7ms
[2013-07-04 16:59:39.373] points=40 segments=780 convex hull=10
[2013-07-04 16:59:39.373] [INFO] shortest input segment: 0:(-103,-564)->(-78,-539) (len^2=1250)
[2013-07-04 16:59:39.378] [INFO] shortest non-crossing segment: 2:(489,-603)->(454,-582) (len^2=1666)
[2013-07-04 16:59:39.378] separators=16
[2013-07-04 16:59:39.380] [TIME] intersection graph=6ms
[2013-07-04 16:59:39.380] [INFO] shortest triangulation segment: 0:(-103,-564)->(-78,-539) (len^2=1250)
[2013-07-04 16:59:39.380] [INFO] shortest convex hull segment: 35:(-513,-564)->(-607,-414) (len^2=31336)
[2013-07-04 16:59:39.380] [STATS] it=0	lb=0	ub=2
[2013-07-04 16:59:39.380] [TIME] controller initialization=15ms
IBM ILOG License Manager: "university-braunschweig" is accessing CPLEX 12 with option(s): "e m b q use=10 MaintenanceEnd=20110128 ".
[2013-07-04 16:59:39.387] [TIME] iteration 1=6ms
[2013-07-04 16:59:39.387] [INFO] shortest constrained triangulation segment: 2:(489,-603)->(454,-582) (len^2=1666)
[2013-07-04 16:59:39.387] [STATS] it=1	lb=2	ub=2
[2013-07-04 16:59:39.387] iterations=1 gap=0
[2013-07-04 16:59:39.387] [TIME] SAT solving=6ms
[2013-07-04 16:59:39.387] [TIME] total=22ms
