[2013-07-04 16:59:36.987] [INFO] Running in directory /tmp/hellmann/current_run
[2013-07-04 16:59:36.987] [INFO] Reading settings from /tmp/hellmann/current_run/config.json
[2013-07-04 16:59:36.987] [INFO] Reading input file ./0040/random_in_square_0040_0632_037.json ...
[2013-07-04 16:59:36.996] [TIME] generating segments=7ms
[2013-07-04 16:59:36.996] points=40 segments=780 convex hull=11
[2013-07-04 16:59:36.996] [INFO] shortest input segment: 0:(-354,-191)->(-365,-178) (len^2=290)
[2013-07-04 16:59:37.004] [INFO] shortest non-crossing segment: 4:(544,-447)->(574,-434) (len^2=1069)
[2013-07-04 16:59:37.004] separators=26
[2013-07-04 16:59:37.010] [TIME] intersection graph=14ms
[2013-07-04 16:59:37.010] [INFO] shortest triangulation segment: 1:(-383,-196)->(-365,-178) (len^2=648)
[2013-07-04 16:59:37.010] [INFO] shortest convex hull segment: 4:(544,-447)->(574,-434) (len^2=1069)
[2013-07-04 16:59:37.010] [STATS] it=0	lb=1	ub=4
[2013-07-04 16:59:37.010] [TIME] controller initialization=22ms
IBM ILOG License Manager: "university-braunschweig" is accessing CPLEX 12 with option(s): "e m b q use=10 MaintenanceEnd=20110128 ".
[2013-07-04 16:59:37.019] [TIME] iteration 1=8ms
[2013-07-04 16:59:37.019] [INFO] shortest constrained triangulation segment: 4:(544,-447)->(574,-434) (len^2=1069)
[2013-07-04 16:59:37.019] [STATS] it=1	lb=4	ub=4
[2013-07-04 16:59:37.019] iterations=1 gap=0
[2013-07-04 16:59:37.019] [TIME] SAT solving=8ms
[2013-07-04 16:59:37.019] [TIME] total=32ms
