[2013-07-04 16:59:36.263] [INFO] Running in directory /tmp/hellmann/current_run
[2013-07-04 16:59:36.263] [INFO] Reading settings from /tmp/hellmann/current_run/config.json
[2013-07-04 16:59:36.263] [INFO] Reading input file ./0040/random_in_square_0040_0632_029.json ...
[2013-07-04 16:59:36.272] [TIME] generating segments=7ms
[2013-07-04 16:59:36.272] points=40 segments=780 convex hull=10
[2013-07-04 16:59:36.272] [INFO] shortest input segment: 0:(-365,-75)->(-346,-75) (len^2=361)
[2013-07-04 16:59:36.283] [INFO] shortest non-crossing segment: 6:(254,569)->(211,588) (len^2=2210)
[2013-07-04 16:59:36.283] separators=39
[2013-07-04 16:59:36.293] [TIME] intersection graph=21ms
[2013-07-04 16:59:36.294] [INFO] shortest triangulation segment: 0:(-365,-75)->(-346,-75) (len^2=361)
[2013-07-04 16:59:36.294] [INFO] shortest convex hull segment: 6:(254,569)->(211,588) (len^2=2210)
[2013-07-04 16:59:36.294] [STATS] it=0	lb=0	ub=6
[2013-07-04 16:59:36.294] [TIME] controller initialization=30ms
IBM ILOG License Manager: "university-braunschweig" is accessing CPLEX 12 with option(s): "e m b q use=10 MaintenanceEnd=20110128 ".
[2013-07-04 16:59:36.306] [TIME] iteration 1=12ms
[2013-07-04 16:59:36.306] [STATS] it=1	lb=3	ub=6
[2013-07-04 16:59:36.315] [TIME] iteration 2=8ms
[2013-07-04 16:59:36.315] [STATS] it=2	lb=5	ub=6
[2013-07-04 16:59:36.323] [TIME] iteration 3=8ms
[2013-07-04 16:59:36.323] [INFO] shortest constrained triangulation segment: 6:(254,569)->(211,588) (len^2=2210)
[2013-07-04 16:59:36.323] [STATS] it=3	lb=6	ub=6
[2013-07-04 16:59:36.323] iterations=3 gap=0
[2013-07-04 16:59:36.323] [TIME] SAT solving=28ms
[2013-07-04 16:59:36.323] [TIME] total=60ms
