[2013-07-04 16:59:36.810] [INFO] Running in directory /tmp/hellmann/current_run
[2013-07-04 16:59:36.811] [INFO] Reading settings from /tmp/hellmann/current_run/config.json
[2013-07-04 16:59:36.811] [INFO] Reading input file ./0040/random_in_square_0040_0632_034.json ...
[2013-07-04 16:59:36.819] [TIME] generating segments=7ms
[2013-07-04 16:59:36.819] points=40 segments=780 convex hull=9
[2013-07-04 16:59:36.819] [INFO] shortest input segment: 0:(71,344)->(52,350) (len^2=397)
[2013-07-04 16:59:36.827] [INFO] shortest non-crossing segment: 4:(-383,-606)->(-392,-555) (len^2=2682)
[2013-07-04 16:59:36.827] separators=22
[2013-07-04 16:59:36.830] [TIME] intersection graph=10ms
[2013-07-04 16:59:36.830] [INFO] shortest triangulation segment: 0:(71,344)->(52,350) (len^2=397)
[2013-07-04 16:59:36.830] [INFO] shortest convex hull segment: 59:(413,-555)->(460,-368) (len^2=37178)
[2013-07-04 16:59:36.830] [STATS] it=0	lb=0	ub=4
[2013-07-04 16:59:36.830] [TIME] controller initialization=19ms
IBM ILOG License Manager: "university-braunschweig" is accessing CPLEX 12 with option(s): "e m b q use=10 MaintenanceEnd=20110128 ".
[2013-07-04 16:59:36.838] [TIME] iteration 1=8ms
[2013-07-04 16:59:36.839] [INFO] shortest constrained triangulation segment: 4:(-383,-606)->(-392,-555) (len^2=2682)
[2013-07-04 16:59:36.839] [STATS] it=1	lb=4	ub=4
[2013-07-04 16:59:36.839] iterations=1 gap=0
[2013-07-04 16:59:36.839] [TIME] SAT solving=8ms
[2013-07-04 16:59:36.839] [TIME] total=28ms
