[2013-07-04 18:20:33.405] [INFO] Running in directory /tmp/hellmann/current_run
[2013-07-04 18:20:33.405] [INFO] Reading settings from /tmp/hellmann/current_run/config.json
[2013-07-04 18:20:33.405] [INFO] Reading input file ./0100/random_in_square_0100_1000_003.json ...
[2013-07-04 18:20:33.480] [TIME] generating segments=74ms
[2013-07-04 18:20:33.480] points=100 segments=4950 convex hull=14
[2013-07-04 18:20:33.480] [INFO] shortest input segment: 0:(-2,-311)->(5,-311) (len^2=49)
[2013-07-04 18:20:33.489] [INFO] shortest non-crossing segment: 1:(915,-959)->(935,-944) (len^2=625)
[2013-07-04 18:20:33.489] separators=5
[2013-07-04 18:20:33.489] [TIME] intersection graph=8ms
[2013-07-04 18:20:33.490] [INFO] shortest triangulation segment: 0:(-2,-311)->(5,-311) (len^2=49)
[2013-07-04 18:20:33.490] [INFO] shortest convex hull segment: 1:(915,-959)->(935,-944) (len^2=625)
[2013-07-04 18:20:33.490] [STATS] it=0	lb=0	ub=1
[2013-07-04 18:20:33.490] [TIME] controller initialization=85ms
IBM ILOG License Manager: "university-braunschweig" is accessing CPLEX 12 with option(s): "e m b q use=10 MaintenanceEnd=20110128 ".
[2013-07-04 18:20:33.524] [TIME] iteration 1=34ms
[2013-07-04 18:20:33.525] [INFO] shortest constrained triangulation segment: 1:(915,-959)->(935,-944) (len^2=625)
[2013-07-04 18:20:33.525] [STATS] it=1	lb=1	ub=1
[2013-07-04 18:20:33.525] iterations=1 gap=0
[2013-07-04 18:20:33.525] [TIME] SAT solving=34ms
[2013-07-04 18:20:33.525] [TIME] total=120ms
