[2013-07-04 19:01:43.598] [INFO] Running in directory /tmp/hellmann/current_run
[2013-07-04 19:01:43.598] [INFO] Reading settings from /tmp/hellmann/current_run/config.json
[2013-07-04 19:01:43.611] [INFO] Reading input file ./0100/random_in_square_0100_1000_075.json ...
[2013-07-04 19:01:43.700] [TIME] generating segments=82ms
[2013-07-04 19:01:43.700] points=100 segments=4950 convex hull=11
[2013-07-04 19:01:43.700] [INFO] shortest input segment: 0:(-714,950)->(-714,955) (len^2=25)
[2013-07-04 19:01:43.787] [INFO] shortest non-crossing segment: 16:(941,853)->(880,874) (len^2=4162)
[2013-07-04 19:01:43.787] separators=513
[2013-07-04 19:01:45.021] [TIME] intersection graph=1320ms
[2013-07-04 19:01:45.021] [INFO] shortest triangulation segment: 0:(-714,950)->(-714,955) (len^2=25)
[2013-07-04 19:01:45.021] [INFO] shortest convex hull segment: 69:(941,853)->(807,916) (len^2=21925)
[2013-07-04 19:01:45.021] [STATS] it=0	lb=0	ub=16
[2013-07-04 19:01:45.022] [TIME] controller initialization=1410ms
IBM ILOG License Manager: "university-braunschweig" is accessing CPLEX 12 with option(s): "e m b q use=10 MaintenanceEnd=20110128 ".
[2013-07-04 19:01:45.585] [TIME] iteration 1=564ms
[2013-07-04 19:01:45.586] [STATS] it=1	lb=8	ub=16
[2013-07-04 19:01:46.096] [TIME] iteration 2=510ms
[2013-07-04 19:01:46.096] [STATS] it=2	lb=13	ub=16
[2013-07-04 19:01:46.350] [ERROR] Solution is infeasible
[2013-07-04 19:01:46.350] [TIME] iteration 3=253ms
[2013-07-04 19:01:46.350] [STATS] it=3	lb=13	ub=14
[2013-07-04 19:01:46.601] [ERROR] Solution is infeasible
[2013-07-04 19:01:46.601] [TIME] iteration 4=252ms
[2013-07-04 19:01:46.602] [INFO] shortest constrained triangulation segment: 13:(-655,934)->(-714,950) (len^2=3737)
[2013-07-04 19:01:46.602] [STATS] it=4	lb=13	ub=13
[2013-07-04 19:01:46.602] iterations=4 gap=0
[2013-07-04 19:01:46.602] [TIME] SAT solving=1579ms
[2013-07-04 19:01:46.602] [TIME] total=2992ms
