[2013-07-04 19:01:58.572] [INFO] Running in directory /tmp/hellmann/current_run
[2013-07-04 19:01:58.572] [INFO] Reading settings from /tmp/hellmann/current_run/config.json
[2013-07-04 19:01:58.572] [INFO] Reading input file ./0100/random_in_square_0100_1000_089.json ...
[2013-07-04 19:01:58.648] [TIME] generating segments=74ms
[2013-07-04 19:01:58.648] points=100 segments=4950 convex hull=11
[2013-07-04 19:01:58.648] [INFO] shortest input segment: 0:(-255,-134)->(-274,-129) (len^2=386)
[2013-07-04 19:01:58.723] [INFO] shortest non-crossing segment: 13:(-971,-783)->(-994,-729) (len^2=3445)
[2013-07-04 19:01:58.723] separators=529
[2013-07-04 19:02:00.124] [TIME] intersection graph=1475ms
[2013-07-04 19:02:00.124] [INFO] shortest triangulation segment: 0:(-255,-134)->(-274,-129) (len^2=386)
[2013-07-04 19:02:00.124] [INFO] shortest convex hull segment: 13:(-971,-783)->(-994,-729) (len^2=3445)
[2013-07-04 19:02:00.124] [STATS] it=0	lb=0	ub=13
[2013-07-04 19:02:00.124] [TIME] controller initialization=1552ms
IBM ILOG License Manager: "university-braunschweig" is accessing CPLEX 12 with option(s): "e m b q use=10 MaintenanceEnd=20110128 ".
[2013-07-04 19:02:01.841] [TIME] iteration 1=1717ms
[2013-07-04 19:02:01.842] [STATS] it=1	lb=7	ub=13
[2013-07-04 19:02:03.559] [TIME] iteration 2=1718ms
[2013-07-04 19:02:03.559] [STATS] it=2	lb=12	ub=13
[2013-07-04 19:02:05.297] [TIME] iteration 3=1737ms
[2013-07-04 19:02:05.298] [INFO] shortest constrained triangulation segment: 13:(-971,-783)->(-994,-729) (len^2=3445)
[2013-07-04 19:02:05.298] [STATS] it=3	lb=13	ub=13
[2013-07-04 19:02:05.298] iterations=3 gap=0
[2013-07-04 19:02:05.298] [TIME] SAT solving=5172ms
[2013-07-04 19:02:05.298] [TIME] total=6726ms
