[2013-07-04 18:24:31.490] [INFO] Running in directory /tmp/hellmann/current_run
[2013-07-04 18:24:31.491] [INFO] Reading settings from /tmp/hellmann/current_run/config.json
[2013-07-04 18:24:31.491] [INFO] Reading input file ./0100/random_in_square_0100_1000_020.json ...
[2013-07-04 18:24:31.576] [TIME] generating segments=75ms
[2013-07-04 18:24:31.576] points=100 segments=4950 convex hull=12
[2013-07-04 18:24:31.576] [INFO] shortest input segment: 0:(-209,559)->(-219,577) (len^2=424)
[2013-07-04 18:24:31.633] [INFO] shortest non-crossing segment: 11:(-177,-960)->(-201,-919) (len^2=2257)
[2013-07-04 18:24:31.633] separators=226
[2013-07-04 18:24:31.854] [TIME] intersection graph=277ms
[2013-07-04 18:24:31.854] [INFO] shortest triangulation segment: 0:(-209,559)->(-219,577) (len^2=424)
[2013-07-04 18:24:31.854] [INFO] shortest convex hull segment: 44:(930,-858)->(986,-765) (len^2=11785)
[2013-07-04 18:24:31.854] [STATS] it=0	lb=0	ub=11
[2013-07-04 18:24:31.854] [TIME] controller initialization=363ms
IBM ILOG License Manager: "university-braunschweig" is accessing CPLEX 12 with option(s): "e m b q use=10 MaintenanceEnd=20110128 ".
[2013-07-04 18:24:32.056] [TIME] iteration 1=201ms
[2013-07-04 18:24:32.056] [STATS] it=1	lb=6	ub=11
[2013-07-04 18:24:32.251] [TIME] iteration 2=195ms
[2013-07-04 18:24:32.252] [INFO] shortest constrained triangulation segment: 11:(-177,-960)->(-201,-919) (len^2=2257)
[2013-07-04 18:24:32.252] [STATS] it=2	lb=11	ub=11
[2013-07-04 18:24:32.252] iterations=2 gap=0
[2013-07-04 18:24:32.252] [TIME] SAT solving=396ms
[2013-07-04 18:24:32.252] [TIME] total=761ms
