[2013-07-04 19:01:47.315] [INFO] Running in directory /tmp/hellmann/current_run
[2013-07-04 19:01:47.315] [INFO] Reading settings from /tmp/hellmann/current_run/config.json
[2013-07-04 19:01:47.316] [INFO] Reading input file ./0100/random_in_square_0100_1000_080.json ...
[2013-07-04 19:01:47.402] [TIME] generating segments=73ms
[2013-07-04 19:01:47.402] points=100 segments=4950 convex hull=16
[2013-07-04 19:01:47.402] [INFO] shortest input segment: 0:(-733,141)->(-743,151) (len^2=200)
[2013-07-04 19:01:47.427] [INFO] shortest non-crossing segment: 4:(533,-954)->(578,-939) (len^2=2250)
[2013-07-04 19:01:47.428] separators=137
[2013-07-04 19:01:47.542] [TIME] intersection graph=140ms
[2013-07-04 19:01:47.543] [INFO] shortest triangulation segment: 0:(-733,141)->(-743,151) (len^2=200)
[2013-07-04 19:01:47.543] [INFO] shortest convex hull segment: 4:(533,-954)->(578,-939) (len^2=2250)
[2013-07-04 19:01:47.543] [STATS] it=0	lb=0	ub=4
[2013-07-04 19:01:47.543] [TIME] controller initialization=228ms
IBM ILOG License Manager: "university-braunschweig" is accessing CPLEX 12 with option(s): "e m b q use=10 MaintenanceEnd=20110128 ".
[2013-07-04 19:01:47.659] [TIME] iteration 1=116ms
[2013-07-04 19:01:47.660] [INFO] shortest constrained triangulation segment: 4:(533,-954)->(578,-939) (len^2=2250)
[2013-07-04 19:01:47.660] [STATS] it=1	lb=4	ub=4
[2013-07-04 19:01:47.660] iterations=1 gap=0
[2013-07-04 19:01:47.660] [TIME] SAT solving=116ms
[2013-07-04 19:01:47.660] [TIME] total=344ms
