[2013-07-04 18:33:33.512] [INFO] Running in directory /tmp/hellmann/current_run
[2013-07-04 18:33:33.512] [INFO] Reading settings from /tmp/hellmann/current_run/config.json
[2013-07-04 18:33:33.513] [INFO] Reading input file ./0100/random_in_square_0100_1000_060.json ...
[2013-07-04 18:33:33.603] [TIME] generating segments=78ms
[2013-07-04 18:33:33.604] points=100 segments=4950 convex hull=15
[2013-07-04 18:33:33.604] [INFO] shortest input segment: 0:(472,260)->(453,263) (len^2=370)
[2013-07-04 18:33:33.658] [INFO] shortest non-crossing segment: 10:(348,-994)->(292,-984) (len^2=3236)
[2013-07-04 18:33:33.658] separators=314
[2013-07-04 18:33:34.132] [TIME] intersection graph=528ms
[2013-07-04 18:33:34.133] [INFO] shortest triangulation segment: 0:(472,260)->(453,263) (len^2=370)
[2013-07-04 18:33:34.133] [INFO] shortest convex hull segment: 88:(-824,-763)->(-911,-628) (len^2=25794)
[2013-07-04 18:33:34.133] [STATS] it=0	lb=0	ub=10
[2013-07-04 18:33:34.133] [TIME] controller initialization=620ms
IBM ILOG License Manager: "university-braunschweig" is accessing CPLEX 12 with option(s): "e m b q use=10 MaintenanceEnd=20110128 ".
[2013-07-04 18:33:34.629] [TIME] iteration 1=497ms
[2013-07-04 18:33:34.629] [STATS] it=1	lb=5	ub=10
[2013-07-04 18:33:35.116] [TIME] iteration 2=486ms
[2013-07-04 18:33:35.116] [STATS] it=2	lb=8	ub=10
[2013-07-04 18:33:35.606] [TIME] iteration 3=491ms
[2013-07-04 18:33:35.607] [INFO] shortest constrained triangulation segment: 10:(348,-994)->(292,-984) (len^2=3236)
[2013-07-04 18:33:35.607] [STATS] it=3	lb=10	ub=10
[2013-07-04 18:33:35.607] iterations=3 gap=0
[2013-07-04 18:33:35.607] [TIME] SAT solving=1474ms
[2013-07-04 18:33:35.607] [TIME] total=2094ms
