[2013-07-04 18:28:59.415] [INFO] Running in directory /tmp/hellmann/current_run
[2013-07-04 18:28:59.415] [INFO] Reading settings from /tmp/hellmann/current_run/config.json
[2013-07-04 18:28:59.416] [INFO] Reading input file ./0100/random_in_square_0100_1000_038.json ...
[2013-07-04 18:28:59.490] [TIME] generating segments=74ms
[2013-07-04 18:28:59.490] points=100 segments=4950 convex hull=14
[2013-07-04 18:28:59.490] [INFO] shortest input segment: 0:(-408,929)->(-398,949) (len^2=500)
[2013-07-04 18:28:59.764] [INFO] shortest non-crossing segment: 49:(-649,-900)->(-758,-864) (len^2=13177)
[2013-07-04 18:28:59.764] separators=1891
[2013-07-04 18:29:13.614] [TIME] intersection graph=14124ms
[2013-07-04 18:29:13.615] [INFO] shortest triangulation segment: 0:(-408,929)->(-398,949) (len^2=500)
[2013-07-04 18:29:13.615] [INFO] shortest convex hull segment: 49:(-649,-900)->(-758,-864) (len^2=13177)
[2013-07-04 18:29:13.615] [STATS] it=0	lb=0	ub=49
[2013-07-04 18:29:13.615] [TIME] controller initialization=14200ms
IBM ILOG License Manager: "university-braunschweig" is accessing CPLEX 12 with option(s): "e m b q use=10 MaintenanceEnd=20110128 ".
[2013-07-04 18:29:36.348] [TIME] iteration 1=22732ms
[2013-07-04 18:29:36.348] [STATS] it=1	lb=28	ub=49
[2013-07-04 18:30:36.028] [TIME] iteration 2=59681ms
[2013-07-04 18:30:36.029] [STATS] it=2	lb=39	ub=49
[2013-07-04 18:30:56.636] [TIME] iteration 3=20608ms
[2013-07-04 18:30:56.636] [STATS] it=3	lb=45	ub=49
[2013-07-04 18:32:23.875] [TIME] iteration 4=87238ms
[2013-07-04 18:32:23.887] [STATS] it=4	lb=47	ub=49
[2013-07-04 18:33:05.788] [TIME] iteration 5=41901ms
[2013-07-04 18:33:05.949] [INFO] shortest constrained triangulation segment: 49:(-649,-900)->(-758,-864) (len^2=13177)
[2013-07-04 18:33:05.949] [STATS] it=5	lb=49	ub=49
[2013-07-04 18:33:05.949] iterations=5 gap=0
[2013-07-04 18:33:05.949] [TIME] SAT solving=232160ms
[2013-07-04 18:33:05.949] [TIME] total=246534ms
