[2013-07-04 18:33:32.576] [INFO] Running in directory /tmp/hellmann/current_run
[2013-07-04 18:33:32.576] [INFO] Reading settings from /tmp/hellmann/current_run/config.json
[2013-07-04 18:33:32.576] [INFO] Reading input file ./0100/random_in_square_0100_1000_059.json ...
[2013-07-04 18:33:32.652] [TIME] generating segments=70ms
[2013-07-04 18:33:32.652] points=100 segments=4950 convex hull=10
[2013-07-04 18:33:32.652] [INFO] shortest input segment: 0:(-499,-211)->(-497,-208) (len^2=13)
[2013-07-04 18:33:32.726] [INFO] shortest non-crossing segment: 14:(-155,953)->(-104,955) (len^2=2605)
[2013-07-04 18:33:32.726] separators=333
[2013-07-04 18:33:33.231] [TIME] intersection graph=579ms
[2013-07-04 18:33:33.232] [INFO] shortest triangulation segment: 0:(-499,-211)->(-497,-208) (len^2=13)
[2013-07-04 18:33:33.232] [INFO] shortest convex hull segment: 147:(-967,772)->(-941,954) (len^2=33800)
[2013-07-04 18:33:33.232] [STATS] it=0	lb=0	ub=14
[2013-07-04 18:33:33.232] [TIME] controller initialization=656ms
IBM ILOG License Manager: "university-braunschweig" is accessing CPLEX 12 with option(s): "e m b q use=10 MaintenanceEnd=20110128 ".
[2013-07-04 18:33:33.356] [ERROR] Solution is infeasible
[2013-07-04 18:33:33.357] [TIME] iteration 1=124ms
[2013-07-04 18:33:33.357] [STATS] it=1	lb=0	ub=6
[2013-07-04 18:33:33.427] [TIME] iteration 2=71ms
[2013-07-04 18:33:33.427] [STATS] it=2	lb=4	ub=6
[2013-07-04 18:33:33.475] [ERROR] Solution is infeasible
[2013-07-04 18:33:33.475] [TIME] iteration 3=47ms
[2013-07-04 18:33:33.476] [INFO] shortest constrained triangulation segment: 4:(-693,-494)->(-690,-471) (len^2=538)
[2013-07-04 18:33:33.476] [STATS] it=3	lb=4	ub=4
[2013-07-04 18:33:33.476] iterations=3 gap=0
[2013-07-04 18:33:33.476] [TIME] SAT solving=242ms
[2013-07-04 18:33:33.476] [TIME] total=900ms
