[2013-07-04 18:24:03.450] [INFO] Running in directory /tmp/hellmann/current_run
[2013-07-04 18:24:03.450] [INFO] Reading settings from /tmp/hellmann/current_run/config.json
[2013-07-04 18:24:03.451] [INFO] Reading input file ./0100/random_in_square_0100_1000_016.json ...
[2013-07-04 18:24:03.532] [TIME] generating segments=73ms
[2013-07-04 18:24:03.532] points=100 segments=4950 convex hull=11
[2013-07-04 18:24:03.532] [INFO] shortest input segment: 0:(-728,-218)->(-728,-212) (len^2=36)
[2013-07-04 18:24:03.734] [INFO] shortest non-crossing segment: 37:(-907,716)->(-933,816) (len^2=10676)
[2013-07-04 18:24:03.734] separators=1379
[2013-07-04 18:24:11.495] [TIME] intersection graph=7963ms
[2013-07-04 18:24:11.496] [INFO] shortest triangulation segment: 0:(-728,-218)->(-728,-212) (len^2=36)
[2013-07-04 18:24:11.496] [INFO] shortest convex hull segment: 38:(-562,962)->(-456,969) (len^2=11285)
[2013-07-04 18:24:11.496] [STATS] it=0	lb=0	ub=37
[2013-07-04 18:24:11.496] [TIME] controller initialization=8045ms
IBM ILOG License Manager: "university-braunschweig" is accessing CPLEX 12 with option(s): "e m b q use=10 MaintenanceEnd=20110128 ".
[2013-07-04 18:24:13.104] [ERROR] Solution is infeasible
[2013-07-04 18:24:13.105] [TIME] iteration 1=1608ms
[2013-07-04 18:24:13.105] [STATS] it=1	lb=0	ub=18
[2013-07-04 18:24:14.079] [TIME] iteration 2=975ms
[2013-07-04 18:24:14.079] [STATS] it=2	lb=9	ub=18
[2013-07-04 18:24:14.541] [ERROR] Solution is infeasible
[2013-07-04 18:24:14.541] [TIME] iteration 3=463ms
[2013-07-04 18:24:14.542] [STATS] it=3	lb=9	ub=13
[2013-07-04 18:24:14.980] [ERROR] Solution is infeasible
[2013-07-04 18:24:14.981] [TIME] iteration 4=438ms
[2013-07-04 18:24:14.981] [STATS] it=4	lb=9	ub=10
[2013-07-04 18:24:15.383] [TIME] iteration 5=402ms
[2013-07-04 18:24:15.383] [INFO] shortest constrained triangulation segment: 10:(-903,-798)->(-852,-782) (len^2=2857)
[2013-07-04 18:24:15.383] [STATS] it=5	lb=10	ub=10
[2013-07-04 18:24:15.384] iterations=5 gap=0
[2013-07-04 18:24:15.384] [TIME] SAT solving=3886ms
[2013-07-04 18:24:15.384] [TIME] total=11933ms
