[2013-07-04 18:33:49.578] [INFO] Running in directory /tmp/hellmann/current_run
[2013-07-04 18:33:49.578] [INFO] Reading settings from /tmp/hellmann/current_run/config.json
[2013-07-04 18:33:49.578] [INFO] Reading input file ./0100/random_in_square_0100_1000_064.json ...
[2013-07-04 18:33:49.660] [TIME] generating segments=72ms
[2013-07-04 18:33:49.661] points=100 segments=4950 convex hull=11
[2013-07-04 18:33:49.661] [INFO] shortest input segment: 0:(223,-438)->(235,-427) (len^2=265)
[2013-07-04 18:33:49.700] [INFO] shortest non-crossing segment: 7:(-733,-907)->(-684,-896) (len^2=2522)
[2013-07-04 18:33:49.700] separators=218
[2013-07-04 18:33:49.961] [TIME] intersection graph=299ms
[2013-07-04 18:33:49.961] [INFO] shortest triangulation segment: 0:(223,-438)->(235,-427) (len^2=265)
[2013-07-04 18:33:49.961] [INFO] shortest convex hull segment: 11:(885,-867)->(938,-827) (len^2=4409)
[2013-07-04 18:33:49.962] [STATS] it=0	lb=0	ub=7
[2013-07-04 18:33:49.962] [TIME] controller initialization=383ms
IBM ILOG License Manager: "university-braunschweig" is accessing CPLEX 12 with option(s): "e m b q use=10 MaintenanceEnd=20110128 ".
[2013-07-04 18:33:50.225] [TIME] iteration 1=263ms
[2013-07-04 18:33:50.225] [STATS] it=1	lb=4	ub=7
[2013-07-04 18:33:50.498] [TIME] iteration 2=273ms
[2013-07-04 18:33:50.498] [STATS] it=2	lb=6	ub=7
[2013-07-04 18:33:50.771] [TIME] iteration 3=273ms
[2013-07-04 18:33:50.772] [INFO] shortest constrained triangulation segment: 7:(-733,-907)->(-684,-896) (len^2=2522)
[2013-07-04 18:33:50.772] [STATS] it=3	lb=7	ub=7
[2013-07-04 18:33:50.772] iterations=3 gap=0
[2013-07-04 18:33:50.772] [TIME] SAT solving=809ms
[2013-07-04 18:33:50.772] [TIME] total=1193ms
