[2013-07-04 19:01:50.004] [INFO] Running in directory /tmp/hellmann/current_run
[2013-07-04 19:01:50.004] [INFO] Reading settings from /tmp/hellmann/current_run/config.json
[2013-07-04 19:01:50.004] [INFO] Reading input file ./0100/random_in_square_0100_1000_088.json ...
[2013-07-04 19:01:50.080] [TIME] generating segments=74ms
[2013-07-04 19:01:50.080] points=100 segments=4950 convex hull=15
[2013-07-04 19:01:50.080] [INFO] shortest input segment: 0:(418,-514)->(417,-487) (len^2=730)
[2013-07-04 19:01:50.178] [INFO] shortest non-crossing segment: 18:(-735,770)->(-708,829) (len^2=4210)
[2013-07-04 19:01:50.178] separators=686
[2013-07-04 19:01:52.532] [TIME] intersection graph=2452ms
[2013-07-04 19:01:52.532] [INFO] shortest triangulation segment: 0:(418,-514)->(417,-487) (len^2=730)
[2013-07-04 19:01:52.532] [INFO] shortest convex hull segment: 18:(-735,770)->(-708,829) (len^2=4210)
[2013-07-04 19:01:52.532] [STATS] it=0	lb=0	ub=18
[2013-07-04 19:01:52.532] [TIME] controller initialization=2529ms
IBM ILOG License Manager: "university-braunschweig" is accessing CPLEX 12 with option(s): "e m b q use=10 MaintenanceEnd=20110128 ".
[2013-07-04 19:01:55.715] [TIME] iteration 1=3182ms
[2013-07-04 19:01:55.715] [STATS] it=1	lb=13	ub=18
[2013-07-04 19:01:58.505] [TIME] iteration 2=2790ms
[2013-07-04 19:01:58.506] [INFO] shortest constrained triangulation segment: 18:(-735,770)->(-708,829) (len^2=4210)
[2013-07-04 19:01:58.506] [STATS] it=2	lb=18	ub=18
[2013-07-04 19:01:58.506] iterations=2 gap=0
[2013-07-04 19:01:58.506] [TIME] SAT solving=5972ms
[2013-07-04 19:01:58.506] [TIME] total=8502ms
