[2013-07-04 18:33:32.417] [INFO] Running in directory /tmp/hellmann/current_run
[2013-07-04 18:33:32.418] [INFO] Reading settings from /tmp/hellmann/current_run/config.json
[2013-07-04 18:33:32.418] [INFO] Reading input file ./0100/random_in_square_0100_1000_058.json ...
[2013-07-04 18:33:32.500] [TIME] generating segments=79ms
[2013-07-04 18:33:32.500] points=100 segments=4950 convex hull=11
[2013-07-04 18:33:32.500] [INFO] shortest input segment: 0:(345,-258)->(335,-242) (len^2=356)
[2013-07-04 18:33:32.518] [INFO] shortest non-crossing segment: 3:(-148,-908)->(-169,-872) (len^2=1737)
[2013-07-04 18:33:32.518] separators=32
[2013-07-04 18:33:32.524] [TIME] intersection graph=23ms
[2013-07-04 18:33:32.524] [INFO] shortest triangulation segment: 0:(345,-258)->(335,-242) (len^2=356)
[2013-07-04 18:33:32.524] [INFO] shortest convex hull segment: 89:(-753,-769)->(-890,-703) (len^2=23125)
[2013-07-04 18:33:32.524] [STATS] it=0	lb=0	ub=3
[2013-07-04 18:33:32.524] [TIME] controller initialization=107ms
IBM ILOG License Manager: "university-braunschweig" is accessing CPLEX 12 with option(s): "e m b q use=10 MaintenanceEnd=20110128 ".
[2013-07-04 18:33:32.561] [TIME] iteration 1=36ms
[2013-07-04 18:33:32.562] [INFO] shortest constrained triangulation segment: 3:(-148,-908)->(-169,-872) (len^2=1737)
[2013-07-04 18:33:32.562] [STATS] it=1	lb=3	ub=3
[2013-07-04 18:33:32.562] iterations=1 gap=0
[2013-07-04 18:33:32.562] [TIME] SAT solving=36ms
[2013-07-04 18:33:32.562] [TIME] total=145ms
