[2013-07-04 18:24:32.993] [INFO] Running in directory /tmp/hellmann/current_run
[2013-07-04 18:24:32.993] [INFO] Reading settings from /tmp/hellmann/current_run/config.json
[2013-07-04 18:24:32.993] [INFO] Reading input file ./0100/random_in_square_0100_1000_025.json ...
[2013-07-04 18:24:33.072] [TIME] generating segments=77ms
[2013-07-04 18:24:33.073] points=100 segments=4950 convex hull=14
[2013-07-04 18:24:33.073] [INFO] shortest input segment: 0:(-323,-533)->(-330,-531) (len^2=53)
[2013-07-04 18:24:33.132] [INFO] shortest non-crossing segment: 11:(-997,324)->(-994,379) (len^2=3034)
[2013-07-04 18:24:33.132] separators=312
[2013-07-04 18:24:33.592] [TIME] intersection graph=520ms
[2013-07-04 18:24:33.593] [INFO] shortest triangulation segment: 0:(-323,-533)->(-330,-531) (len^2=53)
[2013-07-04 18:24:33.593] [INFO] shortest convex hull segment: 11:(-997,324)->(-994,379) (len^2=3034)
[2013-07-04 18:24:33.593] [STATS] it=0	lb=0	ub=11
[2013-07-04 18:24:33.593] [TIME] controller initialization=600ms
IBM ILOG License Manager: "university-braunschweig" is accessing CPLEX 12 with option(s): "e m b q use=10 MaintenanceEnd=20110128 ".
[2013-07-04 18:24:34.106] [TIME] iteration 1=512ms
[2013-07-04 18:24:34.106] [STATS] it=1	lb=6	ub=11
[2013-07-04 18:24:34.671] [TIME] iteration 2=566ms
[2013-07-04 18:24:34.671] [STATS] it=2	lb=10	ub=11
[2013-07-04 18:24:35.158] [ERROR] Solution is infeasible
[2013-07-04 18:24:35.158] [TIME] iteration 3=486ms
[2013-07-04 18:24:35.159] [INFO] shortest constrained triangulation segment: 10:(-997,324)->(-948,349) (len^2=3026)
[2013-07-04 18:24:35.159] [STATS] it=3	lb=10	ub=10
[2013-07-04 18:24:35.159] iterations=3 gap=0
[2013-07-04 18:24:35.159] [TIME] SAT solving=1564ms
[2013-07-04 18:24:35.159] [TIME] total=2165ms
