[2013-07-04 19:01:46.980] [INFO] Running in directory /tmp/hellmann/current_run
[2013-07-04 19:01:46.980] [INFO] Reading settings from /tmp/hellmann/current_run/config.json
[2013-07-04 19:01:46.980] [INFO] Reading input file ./0100/random_in_square_0100_1000_078.json ...
[2013-07-04 19:01:47.055] [TIME] generating segments=73ms
[2013-07-04 19:01:47.055] points=100 segments=4950 convex hull=14
[2013-07-04 19:01:47.055] [INFO] shortest input segment: 0:(713,253)->(698,259) (len^2=261)
[2013-07-04 19:01:47.079] [INFO] shortest non-crossing segment: 4:(-889,-677)->(-892,-639) (len^2=1453)
[2013-07-04 19:01:47.079] separators=90
[2013-07-04 19:01:47.119] [TIME] intersection graph=63ms
[2013-07-04 19:01:47.119] [INFO] shortest triangulation segment: 0:(713,253)->(698,259) (len^2=261)
[2013-07-04 19:01:47.119] [INFO] shortest convex hull segment: 38:(686,900)->(586,922) (len^2=10484)
[2013-07-04 19:01:47.119] [STATS] it=0	lb=0	ub=4
[2013-07-04 19:01:47.119] [TIME] controller initialization=139ms
IBM ILOG License Manager: "university-braunschweig" is accessing CPLEX 12 with option(s): "e m b q use=10 MaintenanceEnd=20110128 ".
[2013-07-04 19:01:47.185] [TIME] iteration 1=65ms
[2013-07-04 19:01:47.186] [INFO] shortest constrained triangulation segment: 4:(-889,-677)->(-892,-639) (len^2=1453)
[2013-07-04 19:01:47.186] [STATS] it=1	lb=4	ub=4
[2013-07-04 19:01:47.186] iterations=1 gap=0
[2013-07-04 19:01:47.186] [TIME] SAT solving=65ms
[2013-07-04 19:01:47.186] [TIME] total=205ms
