[2013-07-04 18:33:08.105] [INFO] Running in directory /tmp/hellmann/current_run
[2013-07-04 18:33:08.106] [INFO] Reading settings from /tmp/hellmann/current_run/config.json
[2013-07-04 18:33:08.106] [INFO] Reading input file ./0100/random_in_square_0100_1000_044.json ...
[2013-07-04 18:33:08.182] [TIME] generating segments=72ms
[2013-07-04 18:33:08.183] points=100 segments=4950 convex hull=13
[2013-07-04 18:33:08.183] [INFO] shortest input segment: 0:(-623,143)->(-630,155) (len^2=193)
[2013-07-04 18:33:08.226] [INFO] shortest non-crossing segment: 8:(-623,-864)->(-656,-852) (len^2=1233)
[2013-07-04 18:33:08.226] separators=171
[2013-07-04 18:33:08.387] [TIME] intersection graph=204ms
[2013-07-04 18:33:08.388] [INFO] shortest triangulation segment: 0:(-623,143)->(-630,155) (len^2=193)
[2013-07-04 18:33:08.388] [INFO] shortest convex hull segment: 8:(-623,-864)->(-656,-852) (len^2=1233)
[2013-07-04 18:33:08.388] [STATS] it=0	lb=0	ub=8
[2013-07-04 18:33:08.388] [TIME] controller initialization=282ms
IBM ILOG License Manager: "university-braunschweig" is accessing CPLEX 12 with option(s): "e m b q use=10 MaintenanceEnd=20110128 ".
[2013-07-04 18:33:08.562] [TIME] iteration 1=175ms
[2013-07-04 18:33:08.563] [STATS] it=1	lb=4	ub=8
[2013-07-04 18:33:08.720] [TIME] iteration 2=157ms
[2013-07-04 18:33:08.720] [STATS] it=2	lb=6	ub=8
[2013-07-04 18:33:08.884] [TIME] iteration 3=164ms
[2013-07-04 18:33:08.885] [INFO] shortest constrained triangulation segment: 8:(-623,-864)->(-656,-852) (len^2=1233)
[2013-07-04 18:33:08.885] [STATS] it=3	lb=8	ub=8
[2013-07-04 18:33:08.885] iterations=3 gap=0
[2013-07-04 18:33:08.885] [TIME] SAT solving=496ms
[2013-07-04 18:33:08.885] [TIME] total=780ms
