[2013-07-04 18:28:57.681] [INFO] Running in directory /tmp/hellmann/current_run
[2013-07-04 18:28:57.681] [INFO] Reading settings from /tmp/hellmann/current_run/config.json
[2013-07-04 18:28:57.681] [INFO] Reading input file ./0100/random_in_square_0100_1000_037.json ...
[2013-07-04 18:28:57.765] [TIME] generating segments=73ms
[2013-07-04 18:28:57.765] points=100 segments=4950 convex hull=12
[2013-07-04 18:28:57.765] [INFO] shortest input segment: 0:(572,506)->(577,518) (len^2=169)
[2013-07-04 18:28:57.814] [INFO] shortest non-crossing segment: 9:(-980,-613)->(-990,-567) (len^2=2216)
[2013-07-04 18:28:57.815] separators=254
[2013-07-04 18:28:58.162] [TIME] intersection graph=397ms
[2013-07-04 18:28:58.163] [INFO] shortest triangulation segment: 0:(572,506)->(577,518) (len^2=169)
[2013-07-04 18:28:58.163] [INFO] shortest convex hull segment: 47:(-637,751)->(-551,838) (len^2=14965)
[2013-07-04 18:28:58.163] [STATS] it=0	lb=0	ub=9
[2013-07-04 18:28:58.163] [TIME] controller initialization=481ms
IBM ILOG License Manager: "university-braunschweig" is accessing CPLEX 12 with option(s): "e m b q use=10 MaintenanceEnd=20110128 ".
[2013-07-04 18:28:58.475] [TIME] iteration 1=312ms
[2013-07-04 18:28:58.475] [STATS] it=1	lb=5	ub=9
[2013-07-04 18:28:58.780] [TIME] iteration 2=305ms
[2013-07-04 18:28:58.781] [STATS] it=2	lb=7	ub=9
[2013-07-04 18:28:59.086] [TIME] iteration 3=305ms
[2013-07-04 18:28:59.087] [STATS] it=3	lb=8	ub=9
[2013-07-04 18:28:59.392] [TIME] iteration 4=305ms
[2013-07-04 18:28:59.392] [INFO] shortest constrained triangulation segment: 9:(-980,-613)->(-990,-567) (len^2=2216)
[2013-07-04 18:28:59.393] [STATS] it=4	lb=9	ub=9
[2013-07-04 18:28:59.393] iterations=4 gap=0
[2013-07-04 18:28:59.393] [TIME] SAT solving=1227ms
[2013-07-04 18:28:59.393] [TIME] total=1711ms
