[2013-07-04 18:33:07.827] [INFO] Running in directory /tmp/hellmann/current_run
[2013-07-04 18:33:07.827] [INFO] Reading settings from /tmp/hellmann/current_run/config.json
[2013-07-04 18:33:07.827] [INFO] Reading input file ./0100/random_in_square_0100_1000_042.json ...
[2013-07-04 18:33:07.902] [TIME] generating segments=73ms
[2013-07-04 18:33:07.902] points=100 segments=4950 convex hull=11
[2013-07-04 18:33:07.902] [INFO] shortest input segment: 0:(-824,835)->(-829,850) (len^2=250)
[2013-07-04 18:33:07.911] [INFO] shortest non-crossing segment: 1:(967,-924)->(979,-899) (len^2=769)
[2013-07-04 18:33:07.911] separators=3
[2013-07-04 18:33:07.911] [TIME] intersection graph=8ms
[2013-07-04 18:33:07.911] [INFO] shortest triangulation segment: 0:(-824,835)->(-829,850) (len^2=250)
[2013-07-04 18:33:07.911] [INFO] shortest convex hull segment: 1:(967,-924)->(979,-899) (len^2=769)
[2013-07-04 18:33:07.911] [STATS] it=0	lb=0	ub=1
[2013-07-04 18:33:07.911] [TIME] controller initialization=84ms
IBM ILOG License Manager: "university-braunschweig" is accessing CPLEX 12 with option(s): "e m b q use=10 MaintenanceEnd=20110128 ".
[2013-07-04 18:33:07.945] [TIME] iteration 1=33ms
[2013-07-04 18:33:07.946] [INFO] shortest constrained triangulation segment: 1:(967,-924)->(979,-899) (len^2=769)
[2013-07-04 18:33:07.946] [STATS] it=1	lb=1	ub=1
[2013-07-04 18:33:07.946] iterations=1 gap=0
[2013-07-04 18:33:07.946] [TIME] SAT solving=33ms
[2013-07-04 18:33:07.946] [TIME] total=118ms
