[2013-07-04 19:01:47.781] [INFO] Running in directory /tmp/hellmann/current_run
[2013-07-04 19:01:47.781] [INFO] Reading settings from /tmp/hellmann/current_run/config.json
[2013-07-04 19:01:47.782] [INFO] Reading input file ./0100/random_in_square_0100_1000_082.json ...
[2013-07-04 19:01:47.855] [TIME] generating segments=71ms
[2013-07-04 19:01:47.855] points=100 segments=4950 convex hull=12
[2013-07-04 19:01:47.855] [INFO] shortest input segment: 0:(325,-221)->(335,-209) (len^2=244)
[2013-07-04 19:01:47.869] [INFO] shortest non-crossing segment: 2:(777,-886)->(799,-878) (len^2=548)
[2013-07-04 19:01:47.869] separators=46
[2013-07-04 19:01:47.885] [TIME] intersection graph=29ms
[2013-07-04 19:01:47.885] [INFO] shortest triangulation segment: 0:(325,-221)->(335,-209) (len^2=244)
[2013-07-04 19:01:47.885] [INFO] shortest convex hull segment: 2:(777,-886)->(799,-878) (len^2=548)
[2013-07-04 19:01:47.885] [STATS] it=0	lb=0	ub=2
[2013-07-04 19:01:47.885] [TIME] controller initialization=103ms
IBM ILOG License Manager: "university-braunschweig" is accessing CPLEX 12 with option(s): "e m b q use=10 MaintenanceEnd=20110128 ".
[2013-07-04 19:01:47.931] [TIME] iteration 1=45ms
[2013-07-04 19:01:47.931] [INFO] shortest constrained triangulation segment: 2:(777,-886)->(799,-878) (len^2=548)
[2013-07-04 19:01:47.931] [STATS] it=1	lb=2	ub=2
[2013-07-04 19:01:47.931] iterations=1 gap=0
[2013-07-04 19:01:47.932] [TIME] SAT solving=45ms
[2013-07-04 19:01:47.932] [TIME] total=150ms
