[2013-07-04 18:24:01.396] [INFO] Running in directory /tmp/hellmann/current_run
[2013-07-04 18:24:01.396] [INFO] Reading settings from /tmp/hellmann/current_run/config.json
[2013-07-04 18:24:01.396] [INFO] Reading input file ./0100/random_in_square_0100_1000_014.json ...
[2013-07-04 18:24:01.478] [TIME] generating segments=74ms
[2013-07-04 18:24:01.478] points=100 segments=4950 convex hull=10
[2013-07-04 18:24:01.478] [INFO] shortest input segment: 0:(-637,761)->(-645,764) (len^2=73)
[2013-07-04 18:24:01.528] [INFO] shortest non-crossing segment: 9:(970,928)->(968,984) (len^2=3140)
[2013-07-04 18:24:01.528] separators=277
[2013-07-04 18:24:01.992] [TIME] intersection graph=513ms
[2013-07-04 18:24:01.993] [INFO] shortest triangulation segment: 0:(-637,761)->(-645,764) (len^2=73)
[2013-07-04 18:24:01.993] [INFO] shortest convex hull segment: 9:(970,928)->(968,984) (len^2=3140)
[2013-07-04 18:24:01.993] [STATS] it=0	lb=0	ub=9
[2013-07-04 18:24:01.993] [TIME] controller initialization=597ms
IBM ILOG License Manager: "university-braunschweig" is accessing CPLEX 12 with option(s): "e m b q use=10 MaintenanceEnd=20110128 ".
[2013-07-04 18:24:02.438] [TIME] iteration 1=446ms
[2013-07-04 18:24:02.438] [STATS] it=1	lb=5	ub=9
[2013-07-04 18:24:02.877] [TIME] iteration 2=439ms
[2013-07-04 18:24:02.877] [STATS] it=2	lb=7	ub=9
[2013-07-04 18:24:03.314] [TIME] iteration 3=437ms
[2013-07-04 18:24:03.315] [INFO] shortest constrained triangulation segment: 9:(970,928)->(968,984) (len^2=3140)
[2013-07-04 18:24:03.315] [STATS] it=3	lb=9	ub=9
[2013-07-04 18:24:03.315] iterations=3 gap=0
[2013-07-04 18:24:03.315] [TIME] SAT solving=1322ms
[2013-07-04 18:24:03.315] [TIME] total=1920ms
