[2013-07-04 17:02:55.975] [INFO] Running in directory /tmp/hellmann/current_run
[2013-07-04 17:02:55.975] [INFO] Reading settings from /tmp/hellmann/current_run/config.json
[2013-07-04 17:02:55.975] [INFO] Reading input file ./0080/random_in_square_0080_0894_003.json ...
[2013-07-04 17:02:56.016] [TIME] generating segments=39ms
[2013-07-04 17:02:56.016] points=80 segments=3160 convex hull=13
[2013-07-04 17:02:56.016] [INFO] shortest input segment: 0:(704,-222)->(711,-219) (len^2=58)
[2013-07-04 17:02:56.026] [INFO] shortest non-crossing segment: 2:(-248,872)->(-214,872) (len^2=1156)
[2013-07-04 17:02:56.026] separators=19
[2013-07-04 17:02:56.029] [TIME] intersection graph=12ms
[2013-07-04 17:02:56.029] [INFO] shortest triangulation segment: 0:(704,-222)->(711,-219) (len^2=58)
[2013-07-04 17:02:56.029] [INFO] shortest convex hull segment: 2:(-248,872)->(-214,872) (len^2=1156)
[2013-07-04 17:02:56.030] [STATS] it=0	lb=0	ub=2
[2013-07-04 17:02:56.030] [TIME] controller initialization=54ms
IBM ILOG License Manager: "university-braunschweig" is accessing CPLEX 12 with option(s): "e m b q use=10 MaintenanceEnd=20110128 ".
[2013-07-04 17:02:56.049] [TIME] iteration 1=19ms
[2013-07-04 17:02:56.049] [INFO] shortest constrained triangulation segment: 2:(-248,872)->(-214,872) (len^2=1156)
[2013-07-04 17:02:56.050] [STATS] it=1	lb=2	ub=2
[2013-07-04 17:02:56.050] iterations=1 gap=0
[2013-07-04 17:02:56.050] [TIME] SAT solving=19ms
[2013-07-04 17:02:56.050] [TIME] total=74ms
