[2013-07-04 17:20:37.477] [INFO] Running in directory /tmp/hellmann/current_run
[2013-07-04 17:20:37.477] [INFO] Reading settings from /tmp/hellmann/current_run/config.json
[2013-07-04 17:20:37.477] [INFO] Reading input file ./0080/random_in_square_0080_0894_046.json ...
[2013-07-04 17:20:37.519] [TIME] generating segments=40ms
[2013-07-04 17:20:37.519] points=80 segments=3160 convex hull=12
[2013-07-04 17:20:37.519] [INFO] shortest input segment: 0:(-178,515)->(-166,536) (len^2=585)
[2013-07-04 17:20:37.530] [INFO] shortest non-crossing segment: 2:(50,811)->(16,831) (len^2=1556)
[2013-07-04 17:20:37.530] separators=53
[2013-07-04 17:20:37.550] [TIME] intersection graph=31ms
[2013-07-04 17:20:37.550] [INFO] shortest triangulation segment: 1:(216,-180)->(249,-176) (len^2=1105)
[2013-07-04 17:20:37.551] [INFO] shortest convex hull segment: 73:(-890,415)->(-864,585) (len^2=29576)
[2013-07-04 17:20:37.551] [STATS] it=0	lb=1	ub=2
[2013-07-04 17:20:37.551] [TIME] controller initialization=73ms
IBM ILOG License Manager: "university-braunschweig" is accessing CPLEX 12 with option(s): "e m b q use=10 MaintenanceEnd=20110128 ".
[2013-07-04 17:20:37.584] [TIME] iteration 1=33ms
[2013-07-04 17:20:37.584] [INFO] shortest constrained triangulation segment: 2:(50,811)->(16,831) (len^2=1556)
[2013-07-04 17:20:37.584] [STATS] it=1	lb=2	ub=2
[2013-07-04 17:20:37.584] iterations=1 gap=0
[2013-07-04 17:20:37.584] [TIME] SAT solving=33ms
[2013-07-04 17:20:37.584] [TIME] total=107ms
