[2013-07-04 17:12:05.862] [INFO] Running in directory /tmp/hellmann/current_run
[2013-07-04 17:12:05.862] [INFO] Reading settings from /tmp/hellmann/current_run/config.json
[2013-07-04 17:12:05.863] [INFO] Reading input file ./0080/random_in_square_0080_0894_025.json ...
[2013-07-04 17:12:05.904] [TIME] generating segments=40ms
[2013-07-04 17:12:05.904] points=80 segments=3160 convex hull=10
[2013-07-04 17:12:05.904] [INFO] shortest input segment: 0:(-27,284)->(-55,285) (len^2=785)
[2013-07-04 17:12:05.916] [INFO] shortest non-crossing segment: 2:(-686,804)->(-698,847) (len^2=1993)
[2013-07-04 17:12:05.916] separators=78
[2013-07-04 17:12:05.960] [TIME] intersection graph=55ms
[2013-07-04 17:12:05.960] [INFO] shortest triangulation segment: 0:(-27,284)->(-55,285) (len^2=785)
[2013-07-04 17:12:05.960] [INFO] shortest convex hull segment: 56:(-176,-873)->(-34,-868) (len^2=20189)
[2013-07-04 17:12:05.960] [STATS] it=0	lb=0	ub=2
[2013-07-04 17:12:05.960] [TIME] controller initialization=97ms
IBM ILOG License Manager: "university-braunschweig" is accessing CPLEX 12 with option(s): "e m b q use=10 MaintenanceEnd=20110128 ".
[2013-07-04 17:12:06.014] [TIME] iteration 1=54ms
[2013-07-04 17:12:06.015] [INFO] shortest constrained triangulation segment: 2:(-686,804)->(-698,847) (len^2=1993)
[2013-07-04 17:12:06.015] [STATS] it=1	lb=2	ub=2
[2013-07-04 17:12:06.015] iterations=1 gap=0
[2013-07-04 17:12:06.015] [TIME] SAT solving=54ms
[2013-07-04 17:12:06.015] [TIME] total=152ms
