[2013-07-04 17:12:06.030] [INFO] Running in directory /tmp/hellmann/current_run
[2013-07-04 17:12:06.030] [INFO] Reading settings from /tmp/hellmann/current_run/config.json
[2013-07-04 17:12:06.030] [INFO] Reading input file ./0080/random_in_square_0080_0894_026.json ...
[2013-07-04 17:12:06.073] [TIME] generating segments=42ms
[2013-07-04 17:12:06.074] points=80 segments=3160 convex hull=12
[2013-07-04 17:12:06.074] [INFO] shortest input segment: 0:(461,101)->(452,111) (len^2=181)
[2013-07-04 17:12:06.104] [INFO] shortest non-crossing segment: 7:(-793,-444)->(-748,-432) (len^2=2169)
[2013-07-04 17:12:06.104] separators=151
[2013-07-04 17:12:06.227] [TIME] intersection graph=153ms
[2013-07-04 17:12:06.228] [INFO] shortest triangulation segment: 0:(461,101)->(452,111) (len^2=181)
[2013-07-04 17:12:06.228] [INFO] shortest convex hull segment: 29:(-824,790)->(-740,823) (len^2=8145)
[2013-07-04 17:12:06.228] [STATS] it=0	lb=0	ub=7
[2013-07-04 17:12:06.228] [TIME] controller initialization=197ms
IBM ILOG License Manager: "university-braunschweig" is accessing CPLEX 12 with option(s): "e m b q use=10 MaintenanceEnd=20110128 ".
[2013-07-04 17:12:06.339] [TIME] iteration 1=111ms
[2013-07-04 17:12:06.340] [STATS] it=1	lb=5	ub=7
[2013-07-04 17:12:06.450] [TIME] iteration 2=111ms
[2013-07-04 17:12:06.451] [INFO] shortest constrained triangulation segment: 7:(-793,-444)->(-748,-432) (len^2=2169)
[2013-07-04 17:12:06.451] [STATS] it=2	lb=7	ub=7
[2013-07-04 17:12:06.451] iterations=2 gap=0
[2013-07-04 17:12:06.451] [TIME] SAT solving=222ms
[2013-07-04 17:12:06.451] [TIME] total=421ms
