[2013-07-04 17:20:39.143] [INFO] Running in directory /tmp/hellmann/current_run
[2013-07-04 17:20:39.143] [INFO] Reading settings from /tmp/hellmann/current_run/config.json
[2013-07-04 17:20:39.143] [INFO] Reading input file ./0080/random_in_square_0080_0894_054.json ...
[2013-07-04 17:20:39.186] [TIME] generating segments=41ms
[2013-07-04 17:20:39.186] points=80 segments=3160 convex hull=11
[2013-07-04 17:20:39.186] [INFO] shortest input segment: 0:(-730,-334)->(-732,-325) (len^2=85)
[2013-07-04 17:20:39.193] [INFO] shortest non-crossing segment: 1:(-250,-857)->(-267,-840) (len^2=578)
[2013-07-04 17:20:39.193] separators=4
[2013-07-04 17:20:39.193] [TIME] intersection graph=7ms
[2013-07-04 17:20:39.193] [INFO] shortest triangulation segment: 0:(-730,-334)->(-732,-325) (len^2=85)
[2013-07-04 17:20:39.193] [INFO] shortest convex hull segment: 123:(-616,796)->(-420,833) (len^2=39785)
[2013-07-04 17:20:39.193] [STATS] it=0	lb=0	ub=1
[2013-07-04 17:20:39.194] [TIME] controller initialization=50ms
IBM ILOG License Manager: "university-braunschweig" is accessing CPLEX 12 with option(s): "e m b q use=10 MaintenanceEnd=20110128 ".
[2013-07-04 17:20:39.212] [TIME] iteration 1=18ms
[2013-07-04 17:20:39.212] [INFO] shortest constrained triangulation segment: 1:(-250,-857)->(-267,-840) (len^2=578)
[2013-07-04 17:20:39.212] [STATS] it=1	lb=1	ub=1
[2013-07-04 17:20:39.212] iterations=1 gap=0
[2013-07-04 17:20:39.212] [TIME] SAT solving=18ms
[2013-07-04 17:20:39.212] [TIME] total=69ms
