[2013-07-04 17:21:00.757] [INFO] Running in directory /tmp/hellmann/current_run
[2013-07-04 17:21:00.757] [INFO] Reading settings from /tmp/hellmann/current_run/config.json
[2013-07-04 17:21:00.757] [INFO] Reading input file ./0080/random_in_square_0080_0894_075.json ...
[2013-07-04 17:21:00.798] [TIME] generating segments=39ms
[2013-07-04 17:21:00.798] points=80 segments=3160 convex hull=9
[2013-07-04 17:21:00.798] [INFO] shortest input segment: 0:(-521,-127)->(-521,-101) (len^2=676)
[2013-07-04 17:21:00.805] [INFO] shortest non-crossing segment: 1:(797,-711)->(770,-697) (len^2=925)
[2013-07-04 17:21:00.805] separators=12
[2013-07-04 17:21:00.806] [TIME] intersection graph=8ms
[2013-07-04 17:21:00.807] [INFO] shortest triangulation segment: 0:(-521,-127)->(-521,-101) (len^2=676)
[2013-07-04 17:21:00.807] [INFO] shortest convex hull segment: 71:(230,-812)->(386,-795) (len^2=24625)
[2013-07-04 17:21:00.807] [STATS] it=0	lb=0	ub=1
[2013-07-04 17:21:00.807] [TIME] controller initialization=49ms
IBM ILOG License Manager: "university-braunschweig" is accessing CPLEX 12 with option(s): "e m b q use=10 MaintenanceEnd=20110128 ".
[2013-07-04 17:21:00.825] [TIME] iteration 1=18ms
[2013-07-04 17:21:00.826] [INFO] shortest constrained triangulation segment: 1:(797,-711)->(770,-697) (len^2=925)
[2013-07-04 17:21:00.826] [STATS] it=1	lb=1	ub=1
[2013-07-04 17:21:00.826] iterations=1 gap=0
[2013-07-04 17:21:00.826] [TIME] SAT solving=18ms
[2013-07-04 17:21:00.826] [TIME] total=68ms
