[2013-07-04 17:12:14.685] [INFO] Running in directory /tmp/hellmann/current_run
[2013-07-04 17:12:14.686] [INFO] Reading settings from /tmp/hellmann/current_run/config.json
[2013-07-04 17:12:14.686] [INFO] Reading input file ./0080/random_in_square_0080_0894_039.json ...
[2013-07-04 17:12:14.726] [TIME] generating segments=39ms
[2013-07-04 17:12:14.726] points=80 segments=3160 convex hull=11
[2013-07-04 17:12:14.726] [INFO] shortest input segment: 0:(-752,-116)->(-762,-112) (len^2=116)
[2013-07-04 17:12:14.751] [INFO] shortest non-crossing segment: 6:(48,851)->(47,890) (len^2=1522)
[2013-07-04 17:12:14.751] separators=83
[2013-07-04 17:12:14.789] [TIME] intersection graph=62ms
[2013-07-04 17:12:14.789] [INFO] shortest triangulation segment: 0:(-752,-116)->(-762,-112) (len^2=116)
[2013-07-04 17:12:14.789] [INFO] shortest convex hull segment: 85:(779,648)->(708,793) (len^2=26066)
[2013-07-04 17:12:14.789] [STATS] it=0	lb=0	ub=6
[2013-07-04 17:12:14.789] [TIME] controller initialization=103ms
IBM ILOG License Manager: "university-braunschweig" is accessing CPLEX 12 with option(s): "e m b q use=10 MaintenanceEnd=20110128 ".
[2013-07-04 17:12:14.832] [TIME] iteration 1=42ms
[2013-07-04 17:12:14.832] [STATS] it=1	lb=4	ub=6
[2013-07-04 17:12:14.872] [TIME] iteration 2=39ms
[2013-07-04 17:12:14.872] [STATS] it=2	lb=5	ub=6
[2013-07-04 17:12:14.911] [TIME] iteration 3=39ms
[2013-07-04 17:12:14.912] [INFO] shortest constrained triangulation segment: 6:(48,851)->(47,890) (len^2=1522)
[2013-07-04 17:12:14.912] [STATS] it=3	lb=6	ub=6
[2013-07-04 17:12:14.912] iterations=3 gap=0
[2013-07-04 17:12:14.912] [TIME] SAT solving=120ms
[2013-07-04 17:12:14.912] [TIME] total=225ms
