[2013-07-04 17:04:59.236] [INFO] Running in directory /tmp/hellmann/current_run
[2013-07-04 17:04:59.236] [INFO] Reading settings from /tmp/hellmann/current_run/config.json
[2013-07-04 17:04:59.236] [INFO] Reading input file ./0080/random_in_square_0080_0894_021.json ...
[2013-07-04 17:04:59.277] [TIME] generating segments=39ms
[2013-07-04 17:04:59.277] points=80 segments=3160 convex hull=12
[2013-07-04 17:04:59.277] [INFO] shortest input segment: 0:(-102,15)->(-65,33) (len^2=1693)
[2013-07-04 17:04:59.294] [INFO] shortest non-crossing segment: 3:(664,751)->(625,789) (len^2=2965)
[2013-07-04 17:04:59.294] separators=166
[2013-07-04 17:04:59.480] [TIME] intersection graph=203ms
[2013-07-04 17:04:59.480] [INFO] shortest triangulation segment: 1:(-309,-298)->(-278,-266) (len^2=1985)
[2013-07-04 17:04:59.480] [INFO] shortest convex hull segment: 3:(664,751)->(625,789) (len^2=2965)
[2013-07-04 17:04:59.480] [STATS] it=0	lb=1	ub=3
[2013-07-04 17:04:59.480] [TIME] controller initialization=244ms
IBM ILOG License Manager: "university-braunschweig" is accessing CPLEX 12 with option(s): "e m b q use=10 MaintenanceEnd=20110128 ".
[2013-07-04 17:04:59.658] [TIME] iteration 1=177ms
[2013-07-04 17:04:59.658] [STATS] it=1	lb=2	ub=3
[2013-07-04 17:04:59.822] [TIME] iteration 2=163ms
[2013-07-04 17:04:59.823] [INFO] shortest constrained triangulation segment: 3:(664,751)->(625,789) (len^2=2965)
[2013-07-04 17:04:59.823] [STATS] it=2	lb=3	ub=3
[2013-07-04 17:04:59.823] iterations=2 gap=0
[2013-07-04 17:04:59.823] [TIME] SAT solving=340ms
[2013-07-04 17:04:59.823] [TIME] total=587ms
