[2013-07-04 17:12:11.786] [INFO] Running in directory /tmp/hellmann/current_run
[2013-07-04 17:12:11.787] [INFO] Reading settings from /tmp/hellmann/current_run/config.json
[2013-07-04 17:12:11.787] [INFO] Reading input file ./0080/random_in_square_0080_0894_037.json ...
[2013-07-04 17:12:11.827] [TIME] generating segments=39ms
[2013-07-04 17:12:11.827] points=80 segments=3160 convex hull=9
[2013-07-04 17:12:11.827] [INFO] shortest input segment: 0:(606,-349)->(608,-346) (len^2=13)
[2013-07-04 17:12:11.890] [INFO] shortest non-crossing segment: 15:(-856,-717)->(-829,-655) (len^2=4573)
[2013-07-04 17:12:11.890] separators=400
[2013-07-04 17:12:12.687] [TIME] intersection graph=861ms
[2013-07-04 17:12:12.688] [INFO] shortest triangulation segment: 1:(-829,-655)->(-823,-639) (len^2=292)
[2013-07-04 17:12:12.688] [INFO] shortest convex hull segment: 64:(-839,656)->(-811,788) (len^2=18208)
[2013-07-04 17:12:12.688] [STATS] it=0	lb=1	ub=15
[2013-07-04 17:12:12.688] [TIME] controller initialization=902ms
IBM ILOG License Manager: "university-braunschweig" is accessing CPLEX 12 with option(s): "e m b q use=10 MaintenanceEnd=20110128 ".
[2013-07-04 17:12:13.043] [TIME] iteration 1=355ms
[2013-07-04 17:12:13.043] [STATS] it=1	lb=10	ub=15
[2013-07-04 17:12:13.387] [TIME] iteration 2=343ms
[2013-07-04 17:12:13.387] [STATS] it=2	lb=13	ub=15
[2013-07-04 17:12:13.729] [TIME] iteration 3=342ms
[2013-07-04 17:12:13.729] [INFO] shortest constrained triangulation segment: 15:(-856,-717)->(-829,-655) (len^2=4573)
[2013-07-04 17:12:13.729] [STATS] it=3	lb=15	ub=15
[2013-07-04 17:12:13.729] iterations=3 gap=0
[2013-07-04 17:12:13.729] [TIME] SAT solving=1040ms
[2013-07-04 17:12:13.729] [TIME] total=1943ms
