[2013-07-04 17:20:42.508] [INFO] Running in directory /tmp/hellmann/current_run
[2013-07-04 17:20:42.508] [INFO] Reading settings from /tmp/hellmann/current_run/config.json
[2013-07-04 17:20:42.509] [INFO] Reading input file ./0080/random_in_square_0080_0894_057.json ...
[2013-07-04 17:20:42.548] [TIME] generating segments=38ms
[2013-07-04 17:20:42.549] points=80 segments=3160 convex hull=11
[2013-07-04 17:20:42.549] [INFO] shortest input segment: 0:(654,321)->(668,328) (len^2=245)
[2013-07-04 17:20:42.653] [INFO] shortest non-crossing segment: 24:(890,-13)->(869,71) (len^2=7497)
[2013-07-04 17:20:42.653] separators=716
[2013-07-04 17:20:44.902] [TIME] intersection graph=2352ms
[2013-07-04 17:20:44.902] [INFO] shortest triangulation segment: 0:(654,321)->(668,328) (len^2=245)
[2013-07-04 17:20:44.902] [INFO] shortest convex hull segment: 68:(-733,857)->(-585,881) (len^2=22480)
[2013-07-04 17:20:44.902] [STATS] it=0	lb=0	ub=24
[2013-07-04 17:20:44.902] [TIME] controller initialization=2393ms
IBM ILOG License Manager: "university-braunschweig" is accessing CPLEX 12 with option(s): "e m b q use=10 MaintenanceEnd=20110128 ".
[2013-07-04 17:20:48.867] [TIME] iteration 1=3965ms
[2013-07-04 17:20:48.867] [STATS] it=1	lb=13	ub=24
[2013-07-04 17:20:52.104] [ERROR] Solution is infeasible
[2013-07-04 17:20:52.104] [TIME] iteration 2=3237ms
[2013-07-04 17:20:52.104] [STATS] it=2	lb=13	ub=18
[2013-07-04 17:20:53.523] [ERROR] Solution is infeasible
[2013-07-04 17:20:53.523] [TIME] iteration 3=1420ms
[2013-07-04 17:20:53.523] [STATS] it=3	lb=13	ub=15
[2013-07-04 17:20:54.252] [ERROR] Solution is infeasible
[2013-07-04 17:20:54.252] [TIME] iteration 4=728ms
[2013-07-04 17:20:54.252] [INFO] shortest constrained triangulation segment: 13:(341,-632)->(405,-610) (len^2=4580)
[2013-07-04 17:20:54.253] [STATS] it=4	lb=13	ub=13
[2013-07-04 17:20:54.253] iterations=4 gap=0
[2013-07-04 17:20:54.253] [TIME] SAT solving=9350ms
[2013-07-04 17:20:54.253] [TIME] total=11743ms
