[2013-07-04 17:12:06.675] [INFO] Running in directory /tmp/hellmann/current_run
[2013-07-04 17:12:06.675] [INFO] Reading settings from /tmp/hellmann/current_run/config.json
[2013-07-04 17:12:06.675] [INFO] Reading input file ./0080/random_in_square_0080_0894_030.json ...
[2013-07-04 17:12:06.716] [TIME] generating segments=39ms
[2013-07-04 17:12:06.716] points=80 segments=3160 convex hull=11
[2013-07-04 17:12:06.716] [INFO] shortest input segment: 0:(-136,496)->(-135,499) (len^2=10)
[2013-07-04 17:12:06.726] [INFO] shortest non-crossing segment: 2:(248,-814)->(267,-814) (len^2=361)
[2013-07-04 17:12:06.726] separators=3
[2013-07-04 17:12:06.726] [TIME] intersection graph=10ms
[2013-07-04 17:12:06.726] [INFO] shortest triangulation segment: 0:(-136,496)->(-135,499) (len^2=10)
[2013-07-04 17:12:06.726] [INFO] shortest convex hull segment: 97:(890,-228)->(872,-39) (len^2=36045)
[2013-07-04 17:12:06.727] [STATS] it=0	lb=0	ub=2
[2013-07-04 17:12:06.727] [TIME] controller initialization=51ms
IBM ILOG License Manager: "university-braunschweig" is accessing CPLEX 12 with option(s): "e m b q use=10 MaintenanceEnd=20110128 ".
[2013-07-04 17:12:06.744] [TIME] iteration 1=17ms
[2013-07-04 17:12:06.744] [STATS] it=1	lb=1	ub=2
[2013-07-04 17:12:06.758] [TIME] iteration 2=13ms
[2013-07-04 17:12:06.759] [INFO] shortest constrained triangulation segment: 2:(248,-814)->(267,-814) (len^2=361)
[2013-07-04 17:12:06.759] [STATS] it=2	lb=2	ub=2
[2013-07-04 17:12:06.759] iterations=2 gap=0
[2013-07-04 17:12:06.759] [TIME] SAT solving=30ms
[2013-07-04 17:12:06.759] [TIME] total=83ms
