[2013-07-04 17:04:58.625] [INFO] Running in directory /tmp/hellmann/current_run
[2013-07-04 17:04:58.625] [INFO] Reading settings from /tmp/hellmann/current_run/config.json
[2013-07-04 17:04:58.626] [INFO] Reading input file ./0080/random_in_square_0080_0894_017.json ...
[2013-07-04 17:04:58.669] [TIME] generating segments=42ms
[2013-07-04 17:04:58.669] points=80 segments=3160 convex hull=11
[2013-07-04 17:04:58.669] [INFO] shortest input segment: 0:(-303,-424)->(-312,-412) (len^2=225)
[2013-07-04 17:04:58.676] [INFO] shortest non-crossing segment: 1:(-860,-878)->(-868,-864) (len^2=260)
[2013-07-04 17:04:58.676] separators=13
[2013-07-04 17:04:58.678] [TIME] intersection graph=8ms
[2013-07-04 17:04:58.678] [INFO] shortest triangulation segment: 0:(-303,-424)->(-312,-412) (len^2=225)
[2013-07-04 17:04:58.678] [INFO] shortest convex hull segment: 1:(-860,-878)->(-868,-864) (len^2=260)
[2013-07-04 17:04:58.678] [STATS] it=0	lb=0	ub=1
[2013-07-04 17:04:58.678] [TIME] controller initialization=52ms
IBM ILOG License Manager: "university-braunschweig" is accessing CPLEX 12 with option(s): "e m b q use=10 MaintenanceEnd=20110128 ".
[2013-07-04 17:04:58.700] [TIME] iteration 1=21ms
[2013-07-04 17:04:58.700] [INFO] shortest constrained triangulation segment: 1:(-860,-878)->(-868,-864) (len^2=260)
[2013-07-04 17:04:58.700] [STATS] it=1	lb=1	ub=1
[2013-07-04 17:04:58.700] iterations=1 gap=0
[2013-07-04 17:04:58.700] [TIME] SAT solving=21ms
[2013-07-04 17:04:58.700] [TIME] total=74ms
