[2013-07-04 17:12:15.615] [INFO] Running in directory /tmp/hellmann/current_run
[2013-07-04 17:12:15.615] [INFO] Reading settings from /tmp/hellmann/current_run/config.json
[2013-07-04 17:12:15.616] [INFO] Reading input file ./0080/random_in_square_0080_0894_041.json ...
[2013-07-04 17:12:15.657] [TIME] generating segments=40ms
[2013-07-04 17:12:15.657] points=80 segments=3160 convex hull=9
[2013-07-04 17:12:15.658] [INFO] shortest input segment: 0:(-643,32)->(-649,39) (len^2=85)
[2013-07-04 17:12:15.664] [INFO] shortest non-crossing segment: 1:(614,885)->(627,890) (len^2=194)
[2013-07-04 17:12:15.664] separators=3
[2013-07-04 17:12:15.664] [TIME] intersection graph=6ms
[2013-07-04 17:12:15.665] [INFO] shortest triangulation segment: 0:(-643,32)->(-649,39) (len^2=85)
[2013-07-04 17:12:15.665] [INFO] shortest convex hull segment: 196:(-890,724)->(-642,825) (len^2=71705)
[2013-07-04 17:12:15.665] [STATS] it=0	lb=0	ub=1
[2013-07-04 17:12:15.665] [TIME] controller initialization=49ms
IBM ILOG License Manager: "university-braunschweig" is accessing CPLEX 12 with option(s): "e m b q use=10 MaintenanceEnd=20110128 ".
[2013-07-04 17:12:15.682] [TIME] iteration 1=17ms
[2013-07-04 17:12:15.683] [INFO] shortest constrained triangulation segment: 1:(614,885)->(627,890) (len^2=194)
[2013-07-04 17:12:15.683] [STATS] it=1	lb=1	ub=1
[2013-07-04 17:12:15.683] iterations=1 gap=0
[2013-07-04 17:12:15.683] [TIME] SAT solving=17ms
[2013-07-04 17:12:15.683] [TIME] total=67ms
