[2013-07-04 17:21:01.086] [INFO] Running in directory /tmp/hellmann/current_run
[2013-07-04 17:21:01.086] [INFO] Reading settings from /tmp/hellmann/current_run/config.json
[2013-07-04 17:21:01.086] [INFO] Reading input file ./0080/random_in_square_0080_0894_078.json ...
[2013-07-04 17:21:01.127] [TIME] generating segments=39ms
[2013-07-04 17:21:01.127] points=80 segments=3160 convex hull=12
[2013-07-04 17:21:01.127] [INFO] shortest input segment: 0:(513,-382)->(509,-378) (len^2=32)
[2013-07-04 17:21:01.134] [INFO] shortest non-crossing segment: 1:(304,-870)->(311,-865) (len^2=74)
[2013-07-04 17:21:01.134] separators=7
[2013-07-04 17:21:01.134] [TIME] intersection graph=7ms
[2013-07-04 17:21:01.135] [INFO] shortest triangulation segment: 0:(513,-382)->(509,-378) (len^2=32)
[2013-07-04 17:21:01.135] [INFO] shortest convex hull segment: 82:(-66,886)->(117,890) (len^2=33505)
[2013-07-04 17:21:01.135] [STATS] it=0	lb=0	ub=1
[2013-07-04 17:21:01.135] [TIME] controller initialization=48ms
IBM ILOG License Manager: "university-braunschweig" is accessing CPLEX 12 with option(s): "e m b q use=10 MaintenanceEnd=20110128 ".
[2013-07-04 17:21:01.155] [TIME] iteration 1=20ms
[2013-07-04 17:21:01.155] [INFO] shortest constrained triangulation segment: 1:(304,-870)->(311,-865) (len^2=74)
[2013-07-04 17:21:01.155] [STATS] it=1	lb=1	ub=1
[2013-07-04 17:21:01.155] iterations=1 gap=0
[2013-07-04 17:21:01.155] [TIME] SAT solving=19ms
[2013-07-04 17:21:01.156] [TIME] total=69ms
