[2013-07-04 17:20:54.325] [INFO] Running in directory /tmp/hellmann/current_run
[2013-07-04 17:20:54.326] [INFO] Reading settings from /tmp/hellmann/current_run/config.json
[2013-07-04 17:20:54.326] [INFO] Reading input file ./0080/random_in_square_0080_0894_058.json ...
[2013-07-04 17:20:54.367] [TIME] generating segments=40ms
[2013-07-04 17:20:54.368] points=80 segments=3160 convex hull=9
[2013-07-04 17:20:54.368] [INFO] shortest input segment: 0:(361,53)->(352,82) (len^2=922)
[2013-07-04 17:20:54.409] [INFO] shortest non-crossing segment: 9:(751,-870)->(818,-858) (len^2=4633)
[2013-07-04 17:20:54.409] separators=365
[2013-07-04 17:20:55.120] [TIME] intersection graph=753ms
[2013-07-04 17:20:55.121] [INFO] shortest triangulation segment: 0:(361,53)->(352,82) (len^2=922)
[2013-07-04 17:20:55.121] [INFO] shortest convex hull segment: 9:(751,-870)->(818,-858) (len^2=4633)
[2013-07-04 17:20:55.121] [STATS] it=0	lb=0	ub=9
[2013-07-04 17:20:55.121] [TIME] controller initialization=795ms
IBM ILOG License Manager: "university-braunschweig" is accessing CPLEX 12 with option(s): "e m b q use=10 MaintenanceEnd=20110128 ".
[2013-07-04 17:20:55.889] [TIME] iteration 1=769ms
[2013-07-04 17:20:55.889] [INFO] shortest constrained triangulation segment: 9:(751,-870)->(818,-858) (len^2=4633)
[2013-07-04 17:20:55.890] [STATS] it=1	lb=9	ub=9
[2013-07-04 17:20:55.890] iterations=1 gap=0
[2013-07-04 17:20:55.890] [TIME] SAT solving=769ms
[2013-07-04 17:20:55.890] [TIME] total=1564ms
