[2013-07-04 17:02:33.055] [INFO] Running in directory /tmp/hellmann/current_run
[2013-07-04 17:02:33.055] [INFO] Reading settings from /tmp/hellmann/current_run/config.json
[2013-07-04 17:02:33.055] [INFO] Reading input file ./0080/random_in_square_0080_0894_000.json ...
[2013-07-04 17:02:33.096] [TIME] generating segments=39ms
[2013-07-04 17:02:33.096] points=80 segments=3160 convex hull=12
[2013-07-04 17:02:33.096] [INFO] shortest input segment: 0:(331,-686)->(349,-654) (len^2=1348)
[2013-07-04 17:02:33.239] [INFO] shortest non-crossing segment: 31:(-624,812)->(-707,863) (len^2=9490)
[2013-07-04 17:02:33.239] separators=1052
[2013-07-04 17:02:37.917] [TIME] intersection graph=4821ms
[2013-07-04 17:02:37.917] [INFO] shortest triangulation segment: 1:(-32,339)->(-67,372) (len^2=2314)
[2013-07-04 17:02:37.917] [INFO] shortest convex hull segment: 50:(867,-439)->(875,-317) (len^2=14948)
[2013-07-04 17:02:37.917] [STATS] it=0	lb=1	ub=31
[2013-07-04 17:02:37.917] [TIME] controller initialization=4863ms
IBM ILOG License Manager: "university-braunschweig" is accessing CPLEX 12 with option(s): "e m b q use=10 MaintenanceEnd=20110128 ".
[2013-07-04 17:02:46.436] [TIME] iteration 1=8519ms
[2013-07-04 17:02:46.436] [STATS] it=1	lb=16	ub=31
[2013-07-04 17:02:53.970] [TIME] iteration 2=7534ms
[2013-07-04 17:02:53.970] [STATS] it=2	lb=26	ub=31
[2013-07-04 17:02:54.869] [ERROR] Solution is infeasible
[2013-07-04 17:02:54.869] [TIME] iteration 3=899ms
[2013-07-04 17:02:54.869] [STATS] it=3	lb=26	ub=28
[2013-07-04 17:02:55.700] [ERROR] Solution is infeasible
[2013-07-04 17:02:55.700] [TIME] iteration 4=832ms
[2013-07-04 17:02:55.701] [INFO] shortest constrained triangulation segment: 26:(214,-825)->(120,-815) (len^2=8936)
[2013-07-04 17:02:55.701] [STATS] it=4	lb=26	ub=26
[2013-07-04 17:02:55.701] iterations=4 gap=0
[2013-07-04 17:02:55.701] [TIME] SAT solving=17784ms
[2013-07-04 17:02:55.701] [TIME] total=22647ms
