[2013-07-04 17:20:59.929] [INFO] Running in directory /tmp/hellmann/current_run
[2013-07-04 17:20:59.929] [INFO] Reading settings from /tmp/hellmann/current_run/config.json
[2013-07-04 17:20:59.929] [INFO] Reading input file ./0080/random_in_square_0080_0894_069.json ...
[2013-07-04 17:20:59.970] [TIME] generating segments=40ms
[2013-07-04 17:20:59.970] points=80 segments=3160 convex hull=11
[2013-07-04 17:20:59.970] [INFO] shortest input segment: 0:(-560,48)->(-546,55) (len^2=245)
[2013-07-04 17:20:59.977] [INFO] shortest non-crossing segment: 1:(-874,57)->(-886,76) (len^2=505)
[2013-07-04 17:20:59.977] separators=16
[2013-07-04 17:20:59.980] [TIME] intersection graph=9ms
[2013-07-04 17:20:59.980] [INFO] shortest triangulation segment: 0:(-560,48)->(-546,55) (len^2=245)
[2013-07-04 17:20:59.980] [INFO] shortest convex hull segment: 24:(-537,806)->(-457,820) (len^2=6596)
[2013-07-04 17:20:59.980] [STATS] it=0	lb=0	ub=1
[2013-07-04 17:20:59.980] [TIME] controller initialization=51ms
IBM ILOG License Manager: "university-braunschweig" is accessing CPLEX 12 with option(s): "e m b q use=10 MaintenanceEnd=20110128 ".
[2013-07-04 17:20:59.999] [TIME] iteration 1=19ms
[2013-07-04 17:21:00.000] [INFO] shortest constrained triangulation segment: 1:(-874,57)->(-886,76) (len^2=505)
[2013-07-04 17:21:00.000] [STATS] it=1	lb=1	ub=1
[2013-07-04 17:21:00.000] iterations=1 gap=0
[2013-07-04 17:21:00.000] [TIME] SAT solving=19ms
[2013-07-04 17:21:00.000] [TIME] total=70ms
