[2013-07-04 17:02:59.416] [INFO] Running in directory /tmp/hellmann/current_run
[2013-07-04 17:02:59.416] [INFO] Reading settings from /tmp/hellmann/current_run/config.json
[2013-07-04 17:02:59.416] [INFO] Reading input file ./0080/random_in_square_0080_0894_014.json ...
[2013-07-04 17:02:59.456] [TIME] generating segments=39ms
[2013-07-04 17:02:59.456] points=80 segments=3160 convex hull=14
[2013-07-04 17:02:59.456] [INFO] shortest input segment: 0:(209,20)->(201,35) (len^2=289)
[2013-07-04 17:02:59.557] [INFO] shortest non-crossing segment: 23:(-859,339)->(-865,410) (len^2=5077)
[2013-07-04 17:02:59.557] separators=699
[2013-07-04 17:03:01.821] [TIME] intersection graph=2364ms
[2013-07-04 17:03:01.821] [INFO] shortest triangulation segment: 1:(285,-495)->(306,-491) (len^2=457)
[2013-07-04 17:03:01.821] [INFO] shortest convex hull segment: 93:(775,-868)->(881,-747) (len^2=25877)
[2013-07-04 17:03:01.821] [STATS] it=0	lb=1	ub=23
[2013-07-04 17:03:01.821] [TIME] controller initialization=2406ms
IBM ILOG License Manager: "university-braunschweig" is accessing CPLEX 12 with option(s): "e m b q use=10 MaintenanceEnd=20110128 ".
[2013-07-04 17:03:05.215] [TIME] iteration 1=3393ms
[2013-07-04 17:03:05.216] [STATS] it=1	lb=13	ub=23
[2013-07-04 17:03:13.074] [TIME] iteration 2=7859ms
[2013-07-04 17:03:13.074] [STATS] it=2	lb=18	ub=23
[2013-07-04 17:03:38.784] [TIME] iteration 3=25711ms
[2013-07-04 17:03:38.784] [STATS] it=3	lb=21	ub=23
[2013-07-04 17:03:50.277] [TIME] iteration 4=11493ms
[2013-07-04 17:03:50.278] [STATS] it=4	lb=22	ub=23
[2013-07-04 17:04:55.639] [TIME] iteration 5=65362ms
[2013-07-04 17:04:55.640] [INFO] shortest constrained triangulation segment: 23:(-859,339)->(-865,410) (len^2=5077)
[2013-07-04 17:04:55.640] [STATS] it=5	lb=23	ub=23
[2013-07-04 17:04:55.640] iterations=5 gap=0
[2013-07-04 17:04:55.640] [TIME] SAT solving=113818ms
[2013-07-04 17:04:55.640] [TIME] total=116224ms
