[2013-07-04 17:02:55.829] [INFO] Running in directory /tmp/hellmann/current_run
[2013-07-04 17:02:55.829] [INFO] Reading settings from /tmp/hellmann/current_run/config.json
[2013-07-04 17:02:55.829] [INFO] Reading input file ./0080/random_in_square_0080_0894_001.json ...
[2013-07-04 17:02:55.870] [TIME] generating segments=40ms
[2013-07-04 17:02:55.871] points=80 segments=3160 convex hull=15
[2013-07-04 17:02:55.871] [INFO] shortest input segment: 0:(753,-74)->(748,-68) (len^2=61)
[2013-07-04 17:02:55.881] [INFO] shortest non-crossing segment: 2:(-708,-655)->(-733,-643) (len^2=769)
[2013-07-04 17:02:55.881] separators=14
[2013-07-04 17:02:55.882] [TIME] intersection graph=11ms
[2013-07-04 17:02:55.882] [INFO] shortest triangulation segment: 0:(753,-74)->(748,-68) (len^2=61)
[2013-07-04 17:02:55.883] [INFO] shortest convex hull segment: 2:(-708,-655)->(-733,-643) (len^2=769)
[2013-07-04 17:02:55.883] [STATS] it=0	lb=0	ub=2
[2013-07-04 17:02:55.883] [TIME] controller initialization=53ms
IBM ILOG License Manager: "university-braunschweig" is accessing CPLEX 12 with option(s): "e m b q use=10 MaintenanceEnd=20110128 ".
[2013-07-04 17:02:55.901] [TIME] iteration 1=18ms
[2013-07-04 17:02:55.902] [INFO] shortest constrained triangulation segment: 2:(-708,-655)->(-733,-643) (len^2=769)
[2013-07-04 17:02:55.902] [STATS] it=1	lb=2	ub=2
[2013-07-04 17:02:55.902] iterations=1 gap=0
[2013-07-04 17:02:55.902] [TIME] SAT solving=18ms
[2013-07-04 17:02:55.902] [TIME] total=72ms
