[2013-07-04 17:20:55.997] [INFO] Running in directory /tmp/hellmann/current_run
[2013-07-04 17:20:55.997] [INFO] Reading settings from /tmp/hellmann/current_run/config.json
[2013-07-04 17:20:55.997] [INFO] Reading input file ./0080/random_in_square_0080_0894_060.json ...
[2013-07-04 17:20:56.037] [TIME] generating segments=38ms
[2013-07-04 17:20:56.037] points=80 segments=3160 convex hull=13
[2013-07-04 17:20:56.038] [INFO] shortest input segment: 0:(-853,859)->(-850,878) (len^2=370)
[2013-07-04 17:20:56.045] [INFO] shortest non-crossing segment: 1:(-390,-882)->(-363,-881) (len^2=730)
[2013-07-04 17:20:56.045] separators=21
[2013-07-04 17:20:56.049] [TIME] intersection graph=10ms
[2013-07-04 17:20:56.049] [INFO] shortest triangulation segment: 0:(-853,859)->(-850,878) (len^2=370)
[2013-07-04 17:20:56.049] [INFO] shortest convex hull segment: 33:(883,341)->(843,453) (len^2=14144)
[2013-07-04 17:20:56.049] [STATS] it=0	lb=0	ub=1
[2013-07-04 17:20:56.049] [TIME] controller initialization=51ms
IBM ILOG License Manager: "university-braunschweig" is accessing CPLEX 12 with option(s): "e m b q use=10 MaintenanceEnd=20110128 ".
[2013-07-04 17:20:56.067] [TIME] iteration 1=17ms
[2013-07-04 17:20:56.067] [INFO] shortest constrained triangulation segment: 1:(-390,-882)->(-363,-881) (len^2=730)
[2013-07-04 17:20:56.067] [STATS] it=1	lb=1	ub=1
[2013-07-04 17:20:56.067] iterations=1 gap=0
[2013-07-04 17:20:56.067] [TIME] SAT solving=17ms
[2013-07-04 17:20:56.068] [TIME] total=70ms
