[2013-07-04 17:20:38.880] [INFO] Running in directory /tmp/hellmann/current_run
[2013-07-04 17:20:38.880] [INFO] Reading settings from /tmp/hellmann/current_run/config.json
[2013-07-04 17:20:38.880] [INFO] Reading input file ./0080/random_in_square_0080_0894_051.json ...
[2013-07-04 17:20:38.920] [TIME] generating segments=39ms
[2013-07-04 17:20:38.921] points=80 segments=3160 convex hull=11
[2013-07-04 17:20:38.921] [INFO] shortest input segment: 0:(230,396)->(227,399) (len^2=18)
[2013-07-04 17:20:38.927] [INFO] shortest non-crossing segment: 1:(841,-562)->(840,-550) (len^2=145)
[2013-07-04 17:20:38.927] separators=3
[2013-07-04 17:20:38.928] [TIME] intersection graph=6ms
[2013-07-04 17:20:38.928] [INFO] shortest triangulation segment: 0:(230,396)->(227,399) (len^2=18)
[2013-07-04 17:20:38.928] [INFO] shortest convex hull segment: 52:(-350,843)->(-491,860) (len^2=20170)
[2013-07-04 17:20:38.928] [STATS] it=0	lb=0	ub=1
[2013-07-04 17:20:38.928] [TIME] controller initialization=47ms
IBM ILOG License Manager: "university-braunschweig" is accessing CPLEX 12 with option(s): "e m b q use=10 MaintenanceEnd=20110128 ".
[2013-07-04 17:20:38.946] [TIME] iteration 1=17ms
[2013-07-04 17:20:38.946] [INFO] shortest constrained triangulation segment: 1:(841,-562)->(840,-550) (len^2=145)
[2013-07-04 17:20:38.946] [STATS] it=1	lb=1	ub=1
[2013-07-04 17:20:38.946] iterations=1 gap=0
[2013-07-04 17:20:38.946] [TIME] SAT solving=17ms
[2013-07-04 17:20:38.946] [TIME] total=66ms
