[2013-07-04 17:05:00.096] [INFO] Running in directory /tmp/hellmann/current_run
[2013-07-04 17:05:00.096] [INFO] Reading settings from /tmp/hellmann/current_run/config.json
[2013-07-04 17:05:00.096] [INFO] Reading input file ./0080/random_in_square_0080_0894_024.json ...
[2013-07-04 17:05:00.137] [TIME] generating segments=39ms
[2013-07-04 17:05:00.137] points=80 segments=3160 convex hull=11
[2013-07-04 17:05:00.137] [INFO] shortest input segment: 0:(71,-119)->(47,-116) (len^2=585)
[2013-07-04 17:05:00.308] [INFO] shortest non-crossing segment: 37:(792,-229)->(753,-122) (len^2=12970)
[2013-07-04 17:05:00.308] separators=1091
[2013-07-04 17:05:05.142] [TIME] intersection graph=5004ms
[2013-07-04 17:05:05.142] [INFO] shortest triangulation segment: 0:(71,-119)->(47,-116) (len^2=585)
[2013-07-04 17:05:05.142] [INFO] shortest convex hull segment: 65:(-839,-877)->(-852,-739) (len^2=19213)
[2013-07-04 17:05:05.142] [STATS] it=0	lb=0	ub=37
[2013-07-04 17:05:05.142] [TIME] controller initialization=5045ms
IBM ILOG License Manager: "university-braunschweig" is accessing CPLEX 12 with option(s): "e m b q use=10 MaintenanceEnd=20110128 ".
[2013-07-04 17:05:40.639] [TIME] iteration 1=35497ms
[2013-07-04 17:05:40.639] [STATS] it=1	lb=21	ub=37
[2013-07-04 17:06:04.620] [TIME] iteration 2=23982ms
[2013-07-04 17:06:04.620] [STATS] it=2	lb=29	ub=37
[2013-07-04 17:06:42.258] [TIME] iteration 3=37637ms
[2013-07-04 17:06:42.258] [STATS] it=3	lb=34	ub=37
[2013-07-04 17:12:05.447] [TIME] iteration 4=323189ms
[2013-07-04 17:12:05.448] [INFO] shortest constrained triangulation segment: 37:(792,-229)->(753,-122) (len^2=12970)
[2013-07-04 17:12:05.448] [STATS] it=4	lb=37	ub=37
[2013-07-04 17:12:05.448] iterations=4 gap=0
[2013-07-04 17:12:05.448] [TIME] SAT solving=420305ms
[2013-07-04 17:12:05.448] [TIME] total=425352ms
