Build: 2013-07-19 16:30:18+02:00 by winniehell (last commit: 4db829e21bf3f4afd6088fb814ff065ec189c5e0 by winniehell)
[2013-07-20 23:00:26.922] [INFO] Running in directory /opt/tmp/hellmann/aborted
[2013-07-20 23:00:26.923] [INFO] Reading config file config.ini
[2013-07-20 23:00:26.948] [INFO] Reading input file ./0120/random_in_square_0120_1095_061.json ...
[2013-07-20 23:00:27.090] [TIME] generating segments=114ms
[2013-07-20 23:00:27.091] points=120 segments=7140 convex hull=11
[2013-07-20 23:00:27.091] [INFO] shortest input segment: 0:(-713,-44)->(-702,-36) (len^2=185)
[2013-07-20 23:00:27.694] [INFO] shortest non-crossing segment: 91:(-1052,380)->(-1056,529) (len^2=22217)
[2013-07-20 23:00:27.694] separators=4203
[2013-07-20 23:01:26.795] [TIME] intersection graph=59704ms
[2013-07-20 23:01:26.796] [INFO] shortest triangulation segment: 0:(-713,-44)->(-702,-36) (len^2=185)
[2013-07-20 23:01:26.796] [INFO] shortest convex hull segment: 128:(1047,-1040)->(1074,-860) (len^2=33129)
[2013-07-20 23:01:26.796] [STATS] it=0	lb=0	ub=91
[2013-07-20 23:01:26.796] [TIME] controller initialization=59848ms
IBM ILOG License Manager: "university-braunschweig" is accessing CPLEX 12 with option(s): "e m b q use=10 MaintenanceEnd=20110128 ".
[2013-07-21 13:44:37.172] [ERROR] Solution is infeasible
[2013-07-21 13:44:37.348] [TIME] iteration 1=52990546ms
[2013-07-21 13:44:37.357] [STATS] it=1	lb=0	ub=45
[2013-07-21 13:46:44.579] [TIME] iteration 2=127213ms
[2013-07-21 13:46:44.619] [STATS] it=2	lb=23	ub=45
[2013-07-21 13:49:21.748] [TIME] iteration 3=157118ms
[2013-07-21 13:49:21.810] [STATS] it=3	lb=34	ub=45
[2013-07-21 13:53:02.924] [TIME] iteration 4=221086ms
[2013-07-21 13:53:02.946] [STATS] it=4	lb=40	ub=45
[2013-07-21 14:05:29.221] [TIME] iteration 5=746252ms
[2013-07-21 14:05:29.299] [STATS] it=5	lb=43	ub=45
[2013-07-21 14:17:03.542] [ERROR] Solution is infeasible
[2013-07-21 14:17:03.624] [TIME] iteration 6=694301ms
[2013-07-21 14:17:03.682] [INFO] shortest constrained triangulation segment: 43:(-147,-724)->(-225,-663) (len^2=9805)
[2013-07-21 14:17:03.687] [STATS] it=6	lb=43	ub=43
[2013-07-21 14:17:03.687] iterations=6 gap=0
[2013-07-21 14:17:03.687] [TIME] SAT solving=54936500ms
[2013-07-21 14:17:03.687] [TIME] total=54996739ms
