[2013-07-23 14:55:48.335] [INFO] Running in directory /opt/tmp/hellmann/uniform_distribution
[2013-07-23 14:55:48.335] [INFO] Reading settings from /opt/tmp/hellmann/uniform_distribution/config.json
[2013-07-23 14:55:48.335] [INFO] Reading input file ./0420/random_in_square_0420_2049_077.json ...
[2013-07-23 14:56:15.980] [TIME] generating segments=27597ms
[2013-07-23 14:56:15.984] points=420 segments=87990 convex hull=14
[2013-07-23 14:56:15.984] [INFO] shortest input segment: 0:(-1363,1029)->(-1372,1034) (len^2=106)
[2013-07-23 14:56:16.523] [INFO] shortest non-crossing segment: 16:(271,2021)->(244,2048) (len^2=1458)
[2013-07-23 14:56:16.523] separators=3195
[2013-07-23 14:57:10.716] [TIME] intersection graph=54732ms
[2013-07-23 14:57:10.718] [INFO] shortest triangulation segment: 0:(-1363,1029)->(-1372,1034) (len^2=106)
[2013-07-23 14:57:10.718] [INFO] shortest convex hull segment: 204:(-1864,-1968)->(-1908,-1869) (len^2=11737)
[2013-07-23 14:57:10.719] [STATS] it=0	lb=0	ub=16
[2013-07-23 14:57:10.719] [TIME] controller initialization=82384ms
IBM ILOG License Manager: "university-braunschweig" is accessing CPLEX 12 with option(s): "e m b q use=10 MaintenanceEnd=20110128 ".
[2013-07-23 15:00:55.722] [TIME] iteration 1=225003ms
[2013-07-23 15:00:55.761] [STATS] it=1	lb=10	ub=16
[2013-07-23 15:04:32.008] [TIME] iteration 2=216245ms
[2013-07-23 15:04:32.232] [INFO] shortest constrained triangulation segment: 16:(271,2021)->(244,2048) (len^2=1458)
[2013-07-23 15:04:32.232] [STATS] it=2	lb=16	ub=16
[2013-07-23 15:04:32.232] iterations=2 gap=0
[2013-07-23 15:04:32.232] [TIME] SAT solving=441243ms
[2013-07-23 15:04:32.232] [TIME] total=523897ms
