[2013-07-23 20:14:57.404] [INFO] Running in directory /opt/tmp/hellmann/uniform_distribution
[2013-07-23 20:14:57.404] [INFO] Reading settings from /opt/tmp/hellmann/uniform_distribution/config.json
[2013-07-23 20:14:57.404] [INFO] Reading input file ./0420/random_in_square_0420_2049_096.json ...
[2013-07-23 20:15:24.132] [TIME] generating segments=26690ms
[2013-07-23 20:15:24.136] points=420 segments=87990 convex hull=18
[2013-07-23 20:15:24.136] [INFO] shortest input segment: 0:(-779,-1671)->(-776,-1671) (len^2=9)
[2013-07-23 20:15:25.145] [INFO] shortest non-crossing segment: 32:(1769,1895)->(1734,1921) (len^2=1901)
[2013-07-23 20:15:25.145] separators=4712
[2013-07-23 20:16:50.822] [TIME] intersection graph=86686ms
[2013-07-23 20:16:50.824] [INFO] shortest triangulation segment: 0:(-779,-1671)->(-776,-1671) (len^2=9)
[2013-07-23 20:16:50.824] [INFO] shortest convex hull segment: 32:(1769,1895)->(1734,1921) (len^2=1901)
[2013-07-23 20:16:50.824] [STATS] it=0	lb=0	ub=32
[2013-07-23 20:16:50.824] [TIME] controller initialization=113421ms
IBM ILOG License Manager: "university-braunschweig" is accessing CPLEX 12 with option(s): "e m b q use=10 MaintenanceEnd=20110128 ".
[2013-07-23 20:25:08.404] [TIME] iteration 1=497579ms
[2013-07-23 20:25:08.436] [STATS] it=1	lb=16	ub=32
[2013-07-23 20:33:22.118] [TIME] iteration 2=493680ms
[2013-07-23 20:33:22.176] [STATS] it=2	lb=27	ub=32
[2013-07-23 20:42:11.011] [TIME] iteration 3=528834ms
[2013-07-23 20:42:11.235] [INFO] shortest constrained triangulation segment: 32:(1769,1895)->(1734,1921) (len^2=1901)
[2013-07-23 20:42:11.251] [STATS] it=3	lb=32	ub=32
[2013-07-23 20:42:11.251] iterations=3 gap=0
[2013-07-23 20:42:11.251] [TIME] SAT solving=1520084ms
[2013-07-23 20:42:11.251] [TIME] total=1633848ms
