[2013-07-23 20:48:41.071] [INFO] Running in directory /opt/tmp/hellmann/uniform_distribution
[2013-07-23 20:48:41.081] [INFO] Reading settings from /opt/tmp/hellmann/uniform_distribution/config.json
[2013-07-23 20:48:41.106] [INFO] Reading input file ./0420/random_in_square_0420_2049_098.json ...
[2013-07-23 20:49:10.454] [TIME] generating segments=29299ms
[2013-07-23 20:49:10.458] points=420 segments=87990 convex hull=21
[2013-07-23 20:49:10.458] [INFO] shortest input segment: 0:(-946,734)->(-952,746) (len^2=180)
[2013-07-23 20:49:10.614] [INFO] shortest non-crossing segment: 4:(-1448,1947)->(-1430,1948) (len^2=325)
[2013-07-23 20:49:10.614] separators=718
[2013-07-23 20:49:13.537] [TIME] intersection graph=3078ms
[2013-07-23 20:49:13.539] [INFO] shortest triangulation segment: 1:(280,-124)->(274,-110) (len^2=232)
[2013-07-23 20:49:13.539] [INFO] shortest convex hull segment: 62:(-1980,1592)->(-1971,1656) (len^2=4177)
[2013-07-23 20:49:13.539] [STATS] it=0	lb=1	ub=4
[2013-07-23 20:49:13.539] [TIME] controller initialization=32433ms
IBM ILOG License Manager: "university-braunschweig" is accessing CPLEX 12 with option(s): "e m b q use=10 MaintenanceEnd=20110128 ".
[2013-07-23 20:49:25.975] [TIME] iteration 1=12435ms
[2013-07-23 20:49:25.977] [INFO] shortest constrained triangulation segment: 4:(-1448,1947)->(-1430,1948) (len^2=325)
[2013-07-23 20:49:25.977] [STATS] it=1	lb=4	ub=4
[2013-07-23 20:49:25.977] iterations=1 gap=0
[2013-07-23 20:49:25.977] [TIME] SAT solving=12435ms
[2013-07-23 20:49:25.977] [TIME] total=44872ms
