[2013-07-23 17:36:22.723] [INFO] Running in directory /opt/tmp/hellmann/uniform_distribution
[2013-07-23 17:36:22.723] [INFO] Reading settings from /opt/tmp/hellmann/uniform_distribution/config.json
[2013-07-23 17:36:22.740] [INFO] Reading input file ./0420/random_in_square_0420_2049_084.json ...
[2013-07-23 17:36:49.975] [TIME] generating segments=27179ms
[2013-07-23 17:36:49.978] points=420 segments=87990 convex hull=20
[2013-07-23 17:36:49.979] [INFO] shortest input segment: 0:(-173,-846)->(-171,-846) (len^2=4)
[2013-07-23 17:36:50.236] [INFO] shortest non-crossing segment: 8:(1907,-1865)->(1892,-1844) (len^2=666)
[2013-07-23 17:36:50.236] separators=542
[2013-07-23 17:36:51.815] [TIME] intersection graph=1836ms
[2013-07-23 17:36:51.817] [INFO] shortest triangulation segment: 0:(-173,-846)->(-171,-846) (len^2=4)
[2013-07-23 17:36:51.817] [INFO] shortest convex hull segment: 244:(-1706,-2047)->(-1813,-1980) (len^2=15938)
[2013-07-23 17:36:51.817] [STATS] it=0	lb=0	ub=8
[2013-07-23 17:36:51.817] [TIME] controller initialization=29076ms
IBM ILOG License Manager: "university-braunschweig" is accessing CPLEX 12 with option(s): "e m b q use=10 MaintenanceEnd=20110128 ".
[2013-07-23 17:37:02.033] [TIME] iteration 1=10216ms
[2013-07-23 17:37:02.033] [STATS] it=1	lb=4	ub=8
[2013-07-23 17:37:12.030] [TIME] iteration 2=9997ms
[2013-07-23 17:37:12.030] [STATS] it=2	lb=6	ub=8
[2013-07-23 17:37:22.089] [TIME] iteration 3=10059ms
[2013-07-23 17:37:22.089] [STATS] it=3	lb=7	ub=8
[2013-07-23 17:37:32.094] [TIME] iteration 4=10004ms
[2013-07-23 17:37:32.097] [INFO] shortest constrained triangulation segment: 8:(1907,-1865)->(1892,-1844) (len^2=666)
[2013-07-23 17:37:32.097] [STATS] it=4	lb=8	ub=8
[2013-07-23 17:37:32.097] iterations=4 gap=0
[2013-07-23 17:37:32.097] [TIME] SAT solving=40276ms
[2013-07-23 17:37:32.097] [TIME] total=69356ms
