[2013-07-23 08:31:44.939] [INFO] Running in directory /opt/tmp/hellmann/uniform_distribution
[2013-07-23 08:31:44.939] [INFO] Reading settings from /opt/tmp/hellmann/uniform_distribution/config.json
[2013-07-23 08:31:45.008] [INFO] Reading input file ./0420/random_in_square_0420_2049_046.json ...
[2013-07-23 08:32:10.873] [TIME] generating segments=25806ms
[2013-07-23 08:32:10.876] points=420 segments=87990 convex hull=17
[2013-07-23 08:32:10.876] [INFO] shortest input segment: 0:(1446,394)->(1439,395) (len^2=50)
[2013-07-23 08:32:10.992] [INFO] shortest non-crossing segment: 3:(1771,1978)->(1785,1979) (len^2=197)
[2013-07-23 08:32:10.992] separators=302
[2013-07-23 08:32:11.860] [TIME] intersection graph=984ms
[2013-07-23 08:32:11.862] [INFO] shortest triangulation segment: 1:(1439,387)->(1439,395) (len^2=64)
[2013-07-23 08:32:11.863] [INFO] shortest convex hull segment: 133:(1971,1766)->(1944,1854) (len^2=8473)
[2013-07-23 08:32:11.863] [STATS] it=0	lb=1	ub=3
[2013-07-23 08:32:11.863] [TIME] controller initialization=26899ms
IBM ILOG License Manager: "university-braunschweig" is accessing CPLEX 12 with option(s): "e m b q use=10 MaintenanceEnd=20110128 ".
[2013-07-23 08:32:25.847] [TIME] iteration 1=13985ms
[2013-07-23 08:32:25.849] [INFO] shortest constrained triangulation segment: 3:(1771,1978)->(1785,1979) (len^2=197)
[2013-07-23 08:32:25.849] [STATS] it=1	lb=3	ub=3
[2013-07-23 08:32:25.849] iterations=1 gap=0
[2013-07-23 08:32:25.849] [TIME] SAT solving=13985ms
[2013-07-23 08:32:25.849] [TIME] total=40886ms
