[2013-07-22 22:02:29.980] [INFO] Running in directory /opt/tmp/hellmann/uniform_distribution
[2013-07-22 22:02:29.980] [INFO] Reading settings from /opt/tmp/hellmann/uniform_distribution/config.json
[2013-07-22 22:02:29.998] [INFO] Reading input file ./0420/random_in_square_0420_2049_006.json ...
[2013-07-22 22:02:55.831] [TIME] generating segments=25814ms
[2013-07-22 22:02:55.835] points=420 segments=87990 convex hull=17
[2013-07-22 22:02:55.835] [INFO] shortest input segment: 0:(1727,-214)->(1730,-211) (len^2=18)
[2013-07-22 22:02:55.944] [INFO] shortest non-crossing segment: 3:(-1969,1828)->(-1954,1842) (len^2=421)
[2013-07-22 22:02:55.944] separators=170
[2013-07-22 22:02:56.178] [TIME] intersection graph=342ms
[2013-07-22 22:02:56.180] [INFO] shortest triangulation segment: 0:(1727,-214)->(1730,-211) (len^2=18)
[2013-07-22 22:02:56.180] [INFO] shortest convex hull segment: 167:(1921,-1619)->(1975,-1539) (len^2=9316)
[2013-07-22 22:02:56.180] [STATS] it=0	lb=0	ub=3
[2013-07-22 22:02:56.180] [TIME] controller initialization=26200ms
IBM ILOG License Manager: "university-braunschweig" is accessing CPLEX 12 with option(s): "e m b q use=10 MaintenanceEnd=20110128 ".
[2013-07-22 22:03:09.571] [TIME] iteration 1=13391ms
[2013-07-22 22:03:09.571] [STATS] it=1	lb=2	ub=3
[2013-07-22 22:03:17.844] [TIME] iteration 2=8273ms
[2013-07-22 22:03:17.847] [INFO] shortest constrained triangulation segment: 3:(-1969,1828)->(-1954,1842) (len^2=421)
[2013-07-22 22:03:17.847] [STATS] it=2	lb=3	ub=3
[2013-07-22 22:03:17.847] iterations=2 gap=0
[2013-07-22 22:03:17.847] [TIME] SAT solving=21664ms
[2013-07-22 22:03:17.847] [TIME] total=47867ms
