[2013-07-22 22:03:17.874] [INFO] Running in directory /opt/tmp/hellmann/uniform_distribution
[2013-07-22 22:03:17.874] [INFO] Reading settings from /opt/tmp/hellmann/uniform_distribution/config.json
[2013-07-22 22:03:17.874] [INFO] Reading input file ./0420/random_in_square_0420_2049_007.json ...
[2013-07-22 22:03:44.896] [TIME] generating segments=26996ms
[2013-07-22 22:03:44.900] points=420 segments=87990 convex hull=15
[2013-07-22 22:03:44.900] [INFO] shortest input segment: 0:(-1363,411)->(-1358,416) (len^2=50)
[2013-07-22 22:03:45.587] [INFO] shortest non-crossing segment: 21:(-1805,-2018)->(-1843,-2017) (len^2=1445)
[2013-07-22 22:03:45.588] separators=3507
[2013-07-22 22:04:34.978] [TIME] intersection graph=50078ms
[2013-07-22 22:04:34.981] [INFO] shortest triangulation segment: 0:(-1363,411)->(-1358,416) (len^2=50)
[2013-07-22 22:04:34.981] [INFO] shortest convex hull segment: 21:(-1805,-2018)->(-1843,-2017) (len^2=1445)
[2013-07-22 22:04:34.981] [STATS] it=0	lb=0	ub=21
[2013-07-22 22:04:34.981] [TIME] controller initialization=77107ms
IBM ILOG License Manager: "university-braunschweig" is accessing CPLEX 12 with option(s): "e m b q use=10 MaintenanceEnd=20110128 ".
[2013-07-22 22:07:51.095] [TIME] iteration 1=196113ms
[2013-07-22 22:07:51.132] [STATS] it=1	lb=12	ub=21
[2013-07-22 22:10:48.189] [TIME] iteration 2=177056ms
[2013-07-22 22:10:48.412] [INFO] shortest constrained triangulation segment: 21:(-1805,-2018)->(-1843,-2017) (len^2=1445)
[2013-07-22 22:10:48.413] [STATS] it=2	lb=21	ub=21
[2013-07-22 22:10:48.413] iterations=2 gap=0
[2013-07-22 22:10:48.413] [TIME] SAT solving=373157ms
[2013-07-22 22:10:48.413] [TIME] total=450539ms
