[2013-07-23 11:38:25.736] [INFO] Running in directory /opt/tmp/hellmann/uniform_distribution
[2013-07-23 11:38:25.737] [INFO] Reading settings from /opt/tmp/hellmann/uniform_distribution/config.json
[2013-07-23 11:38:25.737] [INFO] Reading input file ./0420/random_in_square_0420_2049_061.json ...
[2013-07-23 11:38:52.742] [TIME] generating segments=26977ms
[2013-07-23 11:38:52.746] points=420 segments=87990 convex hull=19
[2013-07-23 11:38:52.746] [INFO] shortest input segment: 0:(1015,-297)->(1011,-291) (len^2=52)
[2013-07-23 11:38:53.080] [INFO] shortest non-crossing segment: 10:(1970,1812)->(1943,1816) (len^2=745)
[2013-07-23 11:38:53.080] separators=1285
[2013-07-23 11:39:00.918] [TIME] intersection graph=8172ms
[2013-07-23 11:39:00.921] [INFO] shortest triangulation segment: 0:(1015,-297)->(1011,-291) (len^2=52)
[2013-07-23 11:39:00.921] [INFO] shortest convex hull segment: 40:(1803,-1819)->(1838,-1775) (len^2=3161)
[2013-07-23 11:39:00.921] [STATS] it=0	lb=0	ub=10
[2013-07-23 11:39:00.921] [TIME] controller initialization=35183ms
IBM ILOG License Manager: "university-braunschweig" is accessing CPLEX 12 with option(s): "e m b q use=10 MaintenanceEnd=20110128 ".
[2013-07-23 11:39:22.794] [TIME] iteration 1=21874ms
[2013-07-23 11:39:22.794] [STATS] it=1	lb=6	ub=10
[2013-07-23 11:39:44.521] [TIME] iteration 2=21727ms
[2013-07-23 11:39:44.524] [INFO] shortest constrained triangulation segment: 10:(1970,1812)->(1943,1816) (len^2=745)
[2013-07-23 11:39:44.524] [STATS] it=2	lb=10	ub=10
[2013-07-23 11:39:44.524] iterations=2 gap=0
[2013-07-23 11:39:44.524] [TIME] SAT solving=43601ms
[2013-07-23 11:39:44.524] [TIME] total=78788ms
