[2013-07-23 13:21:55.795] [INFO] Running in directory /opt/tmp/hellmann/uniform_distribution
[2013-07-23 13:21:55.812] [INFO] Reading settings from /opt/tmp/hellmann/uniform_distribution/config.json
[2013-07-23 13:21:55.838] [INFO] Reading input file ./0420/random_in_square_0420_2049_069.json ...
[2013-07-23 13:22:22.147] [TIME] generating segments=26232ms
[2013-07-23 13:22:22.151] points=420 segments=87990 convex hull=19
[2013-07-23 13:22:22.151] [INFO] shortest input segment: 0:(1394,1629)->(1401,1631) (len^2=53)
[2013-07-23 13:22:22.204] [INFO] shortest non-crossing segment: 1:(2009,-1514)->(2019,-1506) (len^2=164)
[2013-07-23 13:22:22.204] separators=30
[2013-07-23 13:22:22.213] [TIME] intersection graph=61ms
[2013-07-23 13:22:22.215] [INFO] shortest triangulation segment: 0:(1394,1629)->(1401,1631) (len^2=53)
[2013-07-23 13:22:22.215] [INFO] shortest convex hull segment: 195:(-897,-2035)->(-1009,-2018) (len^2=12833)
[2013-07-23 13:22:22.215] [STATS] it=0	lb=0	ub=1
[2013-07-23 13:22:22.215] [TIME] controller initialization=26376ms
IBM ILOG License Manager: "university-braunschweig" is accessing CPLEX 12 with option(s): "e m b q use=10 MaintenanceEnd=20110128 ".
[2013-07-23 13:22:30.330] [TIME] iteration 1=8114ms
[2013-07-23 13:22:30.332] [INFO] shortest constrained triangulation segment: 1:(2009,-1514)->(2019,-1506) (len^2=164)
[2013-07-23 13:22:30.332] [STATS] it=1	lb=1	ub=1
[2013-07-23 13:22:30.332] iterations=1 gap=0
[2013-07-23 13:22:30.332] [TIME] SAT solving=8114ms
[2013-07-23 13:22:30.332] [TIME] total=34494ms
