[2013-07-22 23:19:40.273] [INFO] Running in directory /opt/tmp/hellmann/uniform_distribution
[2013-07-22 23:19:40.273] [INFO] Reading settings from /opt/tmp/hellmann/uniform_distribution/config.json
[2013-07-22 23:19:40.302] [INFO] Reading input file ./0420/random_in_square_0420_2049_012.json ...
[2013-07-22 23:20:06.003] [TIME] generating segments=25689ms
[2013-07-22 23:20:06.007] points=420 segments=87990 convex hull=15
[2013-07-22 23:20:06.007] [INFO] shortest input segment: 0:(1179,-1625)->(1183,-1624) (len^2=17)
[2013-07-22 23:20:06.506] [INFO] shortest non-crossing segment: 15:(-1871,1845)->(-1901,1856) (len^2=1021)
[2013-07-22 23:20:06.506] separators=2554
[2013-07-22 23:20:39.322] [TIME] intersection graph=33314ms
[2013-07-22 23:20:39.324] [INFO] shortest triangulation segment: 0:(1179,-1625)->(1183,-1624) (len^2=17)
[2013-07-22 23:20:39.324] [INFO] shortest convex hull segment: 223:(1760,-1971)->(1870,-1927) (len^2=14036)
[2013-07-22 23:20:39.324] [STATS] it=0	lb=0	ub=15
[2013-07-22 23:20:39.324] [TIME] controller initialization=59033ms
IBM ILOG License Manager: "university-braunschweig" is accessing CPLEX 12 with option(s): "e m b q use=10 MaintenanceEnd=20110128 ".
[2013-07-22 23:22:33.353] [TIME] iteration 1=114028ms
[2013-07-22 23:22:33.389] [STATS] it=1	lb=9	ub=15
[2013-07-22 23:24:09.740] [TIME] iteration 2=96351ms
[2013-07-22 23:24:09.873] [INFO] shortest constrained triangulation segment: 15:(-1871,1845)->(-1901,1856) (len^2=1021)
[2013-07-22 23:24:09.873] [STATS] it=2	lb=15	ub=15
[2013-07-22 23:24:09.873] iterations=2 gap=0
[2013-07-22 23:24:09.873] [TIME] SAT solving=210376ms
[2013-07-22 23:24:09.873] [TIME] total=269582ms
