[2013-07-05 12:56:49.865] [INFO] Running in directory /tmp/hellmann/current_run
[2013-07-05 12:56:49.874] [INFO] Reading settings from /tmp/hellmann/current_run/config.json
[2013-07-05 12:56:49.886] [INFO] Reading input file ./0160/random_in_square_0160_1265_047.json ...
[2013-07-05 12:56:50.213] [TIME] generating segments=317ms
[2013-07-05 12:56:50.214] points=160 segments=12720 convex hull=12
[2013-07-05 12:56:50.214] [INFO] shortest input segment: 0:(706,-53)->(700,-49) (len^2=52)
[2013-07-05 12:56:50.367] [INFO] shortest non-crossing segment: 17:(-1238,680)->(-1239,727) (len^2=2210)
[2013-07-05 12:56:50.367] separators=729
[2013-07-05 12:56:52.392] [TIME] intersection graph=2177ms
[2013-07-05 12:56:52.393] [INFO] shortest triangulation segment: 0:(706,-53)->(700,-49) (len^2=52)
[2013-07-05 12:56:52.393] [INFO] shortest convex hull segment: 640:(-847,-1255)->(-1192,-1231) (len^2=119601)
[2013-07-05 12:56:52.393] [STATS] it=0	lb=0	ub=17
[2013-07-05 12:56:52.393] [TIME] controller initialization=2507ms
IBM ILOG License Manager: "university-braunschweig" is accessing CPLEX 12 with option(s): "e m b q use=10 MaintenanceEnd=20110128 ".
[2013-07-05 12:56:55.450] [TIME] iteration 1=3057ms
[2013-07-05 12:56:55.450] [STATS] it=1	lb=10	ub=17
[2013-07-05 12:56:58.416] [TIME] iteration 2=2965ms
[2013-07-05 12:56:58.416] [STATS] it=2	lb=16	ub=17
[2013-07-05 12:57:01.342] [TIME] iteration 3=2926ms
[2013-07-05 12:57:01.343] [INFO] shortest constrained triangulation segment: 17:(-1238,680)->(-1239,727) (len^2=2210)
[2013-07-05 12:57:01.343] [STATS] it=3	lb=17	ub=17
[2013-07-05 12:57:01.344] iterations=3 gap=0
[2013-07-05 12:57:01.344] [TIME] SAT solving=8948ms
[2013-07-05 12:57:01.344] [TIME] total=11457ms
