[2013-07-05 13:03:27.185] [INFO] Running in directory /tmp/hellmann/current_run
[2013-07-05 13:03:27.185] [INFO] Reading settings from /tmp/hellmann/current_run/config.json
[2013-07-05 13:03:27.185] [INFO] Reading input file ./0160/random_in_square_0160_1265_064.json ...
[2013-07-05 13:03:27.513] [TIME] generating segments=317ms
[2013-07-05 13:03:27.514] points=160 segments=12720 convex hull=10
[2013-07-05 13:03:27.514] [INFO] shortest input segment: 0:(1091,-1074)->(1083,-1067) (len^2=113)
[2013-07-05 13:03:27.626] [INFO] shortest non-crossing segment: 12:(1254,-1128)->(1248,-1080) (len^2=2340)
[2013-07-05 13:03:27.626] separators=533
[2013-07-05 13:03:28.960] [TIME] intersection graph=1446ms
[2013-07-05 13:03:28.961] [INFO] shortest triangulation segment: 0:(1091,-1074)->(1083,-1067) (len^2=113)
[2013-07-05 13:03:28.961] [INFO] shortest convex hull segment: 25:(-1108,-1227)->(-1167,-1208) (len^2=3842)
[2013-07-05 13:03:28.961] [STATS] it=0	lb=0	ub=12
[2013-07-05 13:03:28.961] [TIME] controller initialization=1776ms
IBM ILOG License Manager: "university-braunschweig" is accessing CPLEX 12 with option(s): "e m b q use=10 MaintenanceEnd=20110128 ".
[2013-07-05 13:03:30.437] [TIME] iteration 1=1477ms
[2013-07-05 13:03:30.437] [STATS] it=1	lb=6	ub=12
[2013-07-05 13:03:31.896] [TIME] iteration 2=1458ms
[2013-07-05 13:03:31.896] [STATS] it=2	lb=10	ub=12
[2013-07-05 13:03:33.371] [TIME] iteration 3=1475ms
[2013-07-05 13:03:33.372] [INFO] shortest constrained triangulation segment: 12:(1254,-1128)->(1248,-1080) (len^2=2340)
[2013-07-05 13:03:33.372] [STATS] it=3	lb=12	ub=12
[2013-07-05 13:03:33.372] iterations=3 gap=0
[2013-07-05 13:03:33.372] [TIME] SAT solving=4410ms
[2013-07-05 13:03:33.372] [TIME] total=6186ms
