[2013-07-05 10:22:46.869] [INFO] Running in directory /tmp/hellmann/current_run
[2013-07-05 10:22:46.869] [INFO] Reading settings from /tmp/hellmann/current_run/config.json
[2013-07-05 10:22:46.869] [INFO] Reading input file ./0160/random_in_square_0160_1265_019.json ...
[2013-07-05 10:22:47.180] [TIME] generating segments=309ms
[2013-07-05 10:22:47.181] points=160 segments=12720 convex hull=14
[2013-07-05 10:22:47.181] [INFO] shortest input segment: 0:(-499,-434)->(-495,-430) (len^2=32)
[2013-07-05 10:22:47.387] [INFO] shortest non-crossing segment: 22:(1166,-1200)->(1224,-1167) (len^2=4453)
[2013-07-05 10:22:47.387] separators=1264
[2013-07-05 10:22:54.019] [TIME] intersection graph=6838ms
[2013-07-05 10:22:54.020] [INFO] shortest triangulation segment: 0:(-499,-434)->(-495,-430) (len^2=32)
[2013-07-05 10:22:54.020] [INFO] shortest convex hull segment: 22:(1166,-1200)->(1224,-1167) (len^2=4453)
[2013-07-05 10:22:54.020] [STATS] it=0	lb=0	ub=22
[2013-07-05 10:22:54.020] [TIME] controller initialization=7151ms
IBM ILOG License Manager: "university-braunschweig" is accessing CPLEX 12 with option(s): "e m b q use=10 MaintenanceEnd=20110128 ".
[2013-07-05 10:23:06.906] [TIME] iteration 1=12886ms
[2013-07-05 10:23:06.906] [STATS] it=1	lb=12	ub=22
[2013-07-05 10:23:20.242] [TIME] iteration 2=13336ms
[2013-07-05 10:23:20.242] [STATS] it=2	lb=19	ub=22
[2013-07-05 10:23:33.017] [TIME] iteration 3=12775ms
[2013-07-05 10:23:33.018] [INFO] shortest constrained triangulation segment: 22:(1166,-1200)->(1224,-1167) (len^2=4453)
[2013-07-05 10:23:33.018] [STATS] it=3	lb=22	ub=22
[2013-07-05 10:23:33.018] iterations=3 gap=0
[2013-07-05 10:23:33.018] [TIME] SAT solving=38997ms
[2013-07-05 10:23:33.018] [TIME] total=46149ms
