[2013-07-05 11:25:24.317] [INFO] Running in directory /tmp/hellmann/current_run
[2013-07-05 11:25:24.317] [INFO] Reading settings from /tmp/hellmann/current_run/config.json
[2013-07-05 11:25:24.328] [INFO] Reading input file ./0160/random_in_square_0160_1265_031.json ...
[2013-07-05 11:25:24.664] [TIME] generating segments=325ms
[2013-07-05 11:25:24.665] points=160 segments=12720 convex hull=17
[2013-07-05 11:25:24.665] [INFO] shortest input segment: 0:(644,399)->(632,401) (len^2=148)
[2013-07-05 11:25:24.853] [INFO] shortest non-crossing segment: 19:(1211,805)->(1209,868) (len^2=3973)
[2013-07-05 11:25:24.853] separators=1420
[2013-07-05 11:25:34.914] [TIME] intersection graph=10249ms
[2013-07-05 11:25:34.915] [INFO] shortest triangulation segment: 0:(644,399)->(632,401) (len^2=148)
[2013-07-05 11:25:34.915] [INFO] shortest convex hull segment: 51:(-1019,-943)->(-1080,-870) (len^2=9050)
[2013-07-05 11:25:34.915] [STATS] it=0	lb=0	ub=19
[2013-07-05 11:25:34.915] [TIME] controller initialization=10587ms
IBM ILOG License Manager: "university-braunschweig" is accessing CPLEX 12 with option(s): "e m b q use=10 MaintenanceEnd=20110128 ".
[2013-07-05 11:25:56.925] [TIME] iteration 1=22009ms
[2013-07-05 11:25:56.925] [STATS] it=1	lb=16	ub=19
[2013-07-05 11:26:18.548] [TIME] iteration 2=21623ms
[2013-07-05 11:26:18.548] [STATS] it=2	lb=18	ub=19
[2013-07-05 11:26:40.366] [TIME] iteration 3=21818ms
[2013-07-05 11:26:40.368] [INFO] shortest constrained triangulation segment: 19:(1211,805)->(1209,868) (len^2=3973)
[2013-07-05 11:26:40.368] [STATS] it=3	lb=19	ub=19
[2013-07-05 11:26:40.368] iterations=3 gap=0
[2013-07-05 11:26:40.368] [TIME] SAT solving=65450ms
[2013-07-05 11:26:40.368] [TIME] total=76039ms
