[2013-07-05 09:57:24.639] [INFO] Running in directory /tmp/hellmann/current_run
[2013-07-05 09:57:24.639] [INFO] Reading settings from /tmp/hellmann/current_run/config.json
[2013-07-05 09:57:24.640] [INFO] Reading input file ./0160/random_in_square_0160_1265_008.json ...
[2013-07-05 09:57:24.966] [TIME] generating segments=306ms
[2013-07-05 09:57:24.966] points=160 segments=12720 convex hull=11
[2013-07-05 09:57:24.967] [INFO] shortest input segment: 0:(-197,178)->(-189,180) (len^2=68)
[2013-07-05 09:57:25.006] [INFO] shortest non-crossing segment: 4:(1220,931)->(1247,942) (len^2=850)
[2013-07-05 09:57:25.006] separators=103
[2013-07-05 09:57:25.053] [TIME] intersection graph=86ms
[2013-07-05 09:57:25.054] [INFO] shortest triangulation segment: 0:(-197,178)->(-189,180) (len^2=68)
[2013-07-05 09:57:25.054] [INFO] shortest convex hull segment: 63:(1258,839)->(1247,942) (len^2=10730)
[2013-07-05 09:57:25.054] [STATS] it=0	lb=0	ub=4
[2013-07-05 09:57:25.054] [TIME] controller initialization=414ms
IBM ILOG License Manager: "university-braunschweig" is accessing CPLEX 12 with option(s): "e m b q use=10 MaintenanceEnd=20110128 ".
[2013-07-05 09:57:25.269] [TIME] iteration 1=214ms
[2013-07-05 09:57:25.270] [INFO] shortest constrained triangulation segment: 4:(1220,931)->(1247,942) (len^2=850)
[2013-07-05 09:57:25.270] [STATS] it=1	lb=4	ub=4
[2013-07-05 09:57:25.270] iterations=1 gap=0
[2013-07-05 09:57:25.270] [TIME] SAT solving=214ms
[2013-07-05 09:57:25.270] [TIME] total=630ms
