[2013-07-05 11:27:16.035] [INFO] Running in directory /tmp/hellmann/current_run
[2013-07-05 11:27:16.035] [INFO] Reading settings from /tmp/hellmann/current_run/config.json
[2013-07-05 11:27:16.035] [INFO] Reading input file ./0160/random_in_square_0160_1265_035.json ...
[2013-07-05 11:27:16.355] [TIME] generating segments=316ms
[2013-07-05 11:27:16.355] points=160 segments=12720 convex hull=16
[2013-07-05 11:27:16.355] [INFO] shortest input segment: 0:(-1032,-335)->(-1049,-330) (len^2=314)
[2013-07-05 11:27:16.412] [INFO] shortest non-crossing segment: 6:(1124,-1030)->(1095,-1016) (len^2=1037)
[2013-07-05 11:27:16.412] separators=182
[2013-07-05 11:27:16.551] [TIME] intersection graph=196ms
[2013-07-05 11:27:16.552] [INFO] shortest triangulation segment: 0:(-1032,-335)->(-1049,-330) (len^2=314)
[2013-07-05 11:27:16.552] [INFO] shortest convex hull segment: 557:(1113,988)->(903,1231) (len^2=103149)
[2013-07-05 11:27:16.552] [STATS] it=0	lb=0	ub=6
[2013-07-05 11:27:16.552] [TIME] controller initialization=517ms
IBM ILOG License Manager: "university-braunschweig" is accessing CPLEX 12 with option(s): "e m b q use=10 MaintenanceEnd=20110128 ".
[2013-07-05 11:27:16.852] [TIME] iteration 1=300ms
[2013-07-05 11:27:16.853] [INFO] shortest constrained triangulation segment: 6:(1124,-1030)->(1095,-1016) (len^2=1037)
[2013-07-05 11:27:16.853] [STATS] it=1	lb=6	ub=6
[2013-07-05 11:27:16.853] iterations=1 gap=0
[2013-07-05 11:27:16.853] [TIME] SAT solving=300ms
[2013-07-05 11:27:16.853] [TIME] total=819ms
