[2013-07-05 13:03:21.234] [INFO] Running in directory /tmp/hellmann/current_run
[2013-07-05 13:03:21.234] [INFO] Reading settings from /tmp/hellmann/current_run/config.json
[2013-07-05 13:03:21.235] [INFO] Reading input file ./0160/random_in_square_0160_1265_063.json ...
[2013-07-05 13:03:21.554] [TIME] generating segments=311ms
[2013-07-05 13:03:21.555] points=160 segments=12720 convex hull=14
[2013-07-05 13:03:21.555] [INFO] shortest input segment: 0:(-1140,955)->(-1131,960) (len^2=106)
[2013-07-05 13:03:21.648] [INFO] shortest non-crossing segment: 10:(-1140,955)->(-1170,981) (len^2=1576)
[2013-07-05 13:03:21.648] separators=459
[2013-07-05 13:03:22.763] [TIME] intersection graph=1208ms
[2013-07-05 13:03:22.764] [INFO] shortest triangulation segment: 0:(-1140,955)->(-1131,960) (len^2=106)
[2013-07-05 13:03:22.764] [INFO] shortest convex hull segment: 14:(1217,-821)->(1231,-777) (len^2=2132)
[2013-07-05 13:03:22.764] [STATS] it=0	lb=0	ub=10
[2013-07-05 13:03:22.764] [TIME] controller initialization=1530ms
IBM ILOG License Manager: "university-braunschweig" is accessing CPLEX 12 with option(s): "e m b q use=10 MaintenanceEnd=20110128 ".
[2013-07-05 13:03:24.154] [TIME] iteration 1=1390ms
[2013-07-05 13:03:24.154] [STATS] it=1	lb=5	ub=10
[2013-07-05 13:03:25.647] [TIME] iteration 2=1493ms
[2013-07-05 13:03:25.648] [STATS] it=2	lb=9	ub=10
[2013-07-05 13:03:27.133] [TIME] iteration 3=1485ms
[2013-07-05 13:03:27.134] [INFO] shortest constrained triangulation segment: 10:(-1140,955)->(-1170,981) (len^2=1576)
[2013-07-05 13:03:27.134] [STATS] it=3	lb=10	ub=10
[2013-07-05 13:03:27.134] iterations=3 gap=0
[2013-07-05 13:03:27.134] [TIME] SAT solving=4368ms
[2013-07-05 13:03:27.135] [TIME] total=5900ms
