[2013-07-05 15:20:57.812] [INFO] Running in directory /tmp/hellmann/current_run
[2013-07-05 15:20:57.813] [INFO] Reading settings from /tmp/hellmann/current_run/config.json
[2013-07-05 15:20:57.813] [INFO] Reading input file ./0160/random_in_square_0160_1265_094.json ...
[2013-07-05 15:20:58.127] [TIME] generating segments=310ms
[2013-07-05 15:20:58.128] points=160 segments=12720 convex hull=11
[2013-07-05 15:20:58.128] [INFO] shortest input segment: 0:(-319,876)->(-320,891) (len^2=226)
[2013-07-05 15:20:58.208] [INFO] shortest non-crossing segment: 8:(91,-1216)->(48,-1211) (len^2=1874)
[2013-07-05 15:20:58.208] separators=531
[2013-07-05 15:20:59.498] [TIME] intersection graph=1371ms
[2013-07-05 15:20:59.499] [INFO] shortest triangulation segment: 0:(-319,876)->(-320,891) (len^2=226)
[2013-07-05 15:20:59.499] [INFO] shortest convex hull segment: 133:(1248,1149)->(1128,1243) (len^2=23236)
[2013-07-05 15:20:59.499] [STATS] it=0	lb=0	ub=8
[2013-07-05 15:20:59.499] [TIME] controller initialization=1687ms
IBM ILOG License Manager: "university-braunschweig" is accessing CPLEX 12 with option(s): "e m b q use=10 MaintenanceEnd=20110128 ".
[2013-07-05 15:21:01.287] [TIME] iteration 1=1788ms
[2013-07-05 15:21:01.287] [STATS] it=1	lb=7	ub=8
[2013-07-05 15:21:03.028] [TIME] iteration 2=1741ms
[2013-07-05 15:21:03.029] [INFO] shortest constrained triangulation segment: 8:(91,-1216)->(48,-1211) (len^2=1874)
[2013-07-05 15:21:03.029] [STATS] it=2	lb=8	ub=8
[2013-07-05 15:21:03.029] iterations=2 gap=0
[2013-07-05 15:21:03.029] [TIME] SAT solving=3529ms
[2013-07-05 15:21:03.029] [TIME] total=5215ms
