[2013-07-05 10:55:20.091] [INFO] Running in directory /tmp/hellmann/current_run
[2013-07-05 10:55:20.091] [INFO] Reading settings from /tmp/hellmann/current_run/config.json
[2013-07-05 10:55:20.091] [INFO] Reading input file ./0160/random_in_square_0160_1265_028.json ...
[2013-07-05 10:55:20.418] [TIME] generating segments=310ms
[2013-07-05 10:55:20.419] points=160 segments=12720 convex hull=12
[2013-07-05 10:55:20.419] [INFO] shortest input segment: 0:(471,211)->(473,230) (len^2=365)
[2013-07-05 10:55:20.460] [INFO] shortest non-crossing segment: 4:(1254,-1188)->(1228,-1165) (len^2=1205)
[2013-07-05 10:55:20.460] separators=180
[2013-07-05 10:55:20.651] [TIME] intersection graph=232ms
[2013-07-05 10:55:20.652] [INFO] shortest triangulation segment: 0:(471,211)->(473,230) (len^2=365)
[2013-07-05 10:55:20.652] [INFO] shortest convex hull segment: 167:(1106,-1252)->(1254,-1188) (len^2=26000)
[2013-07-05 10:55:20.652] [STATS] it=0	lb=0	ub=4
[2013-07-05 10:55:20.652] [TIME] controller initialization=562ms
IBM ILOG License Manager: "university-braunschweig" is accessing CPLEX 12 with option(s): "e m b q use=10 MaintenanceEnd=20110128 ".
[2013-07-05 10:55:20.979] [TIME] iteration 1=326ms
[2013-07-05 10:55:20.979] [STATS] it=1	lb=3	ub=4
[2013-07-05 10:55:21.311] [TIME] iteration 2=332ms
[2013-07-05 10:55:21.312] [INFO] shortest constrained triangulation segment: 4:(1254,-1188)->(1228,-1165) (len^2=1205)
[2013-07-05 10:55:21.312] [STATS] it=2	lb=4	ub=4
[2013-07-05 10:55:21.312] iterations=2 gap=0
[2013-07-05 10:55:21.312] [TIME] SAT solving=658ms
[2013-07-05 10:55:21.312] [TIME] total=1220ms
