[2013-07-05 15:19:55.327] [INFO] Running in directory /tmp/hellmann/current_run
[2013-07-05 15:19:55.327] [INFO] Reading settings from /tmp/hellmann/current_run/config.json
[2013-07-05 15:19:55.327] [INFO] Reading input file ./0160/random_in_square_0160_1265_092.json ...
[2013-07-05 15:19:55.653] [TIME] generating segments=312ms
[2013-07-05 15:19:55.653] points=160 segments=12720 convex hull=14
[2013-07-05 15:19:55.653] [INFO] shortest input segment: 0:(44,-94)->(38,-91) (len^2=45)
[2013-07-05 15:19:55.780] [INFO] shortest non-crossing segment: 13:(-1169,1214)->(-1212,1242) (len^2=2633)
[2013-07-05 15:19:55.780] separators=882
[2013-07-05 15:20:00.198] [TIME] intersection graph=4544ms
[2013-07-05 15:20:00.199] [INFO] shortest triangulation segment: 0:(44,-94)->(38,-91) (len^2=45)
[2013-07-05 15:20:00.199] [INFO] shortest convex hull segment: 80:(1104,-1159)->(1206,-1129) (len^2=11304)
[2013-07-05 15:20:00.199] [STATS] it=0	lb=0	ub=13
[2013-07-05 15:20:00.199] [TIME] controller initialization=4872ms
IBM ILOG License Manager: "university-braunschweig" is accessing CPLEX 12 with option(s): "e m b q use=10 MaintenanceEnd=20110128 ".
[2013-07-05 15:20:07.924] [TIME] iteration 1=7725ms
[2013-07-05 15:20:07.924] [STATS] it=1	lb=7	ub=13
[2013-07-05 15:20:15.464] [TIME] iteration 2=7540ms
[2013-07-05 15:20:15.464] [STATS] it=2	lb=10	ub=13
[2013-07-05 15:20:23.045] [TIME] iteration 3=7580ms
[2013-07-05 15:20:23.046] [INFO] shortest constrained triangulation segment: 13:(-1169,1214)->(-1212,1242) (len^2=2633)
[2013-07-05 15:20:23.046] [STATS] it=3	lb=13	ub=13
[2013-07-05 15:20:23.046] iterations=3 gap=0
[2013-07-05 15:20:23.046] [TIME] SAT solving=22845ms
[2013-07-05 15:20:23.046] [TIME] total=27719ms
