[2013-07-05 13:03:01.539] [INFO] Running in directory /tmp/hellmann/current_run
[2013-07-05 13:03:01.539] [INFO] Reading settings from /tmp/hellmann/current_run/config.json
[2013-07-05 13:03:01.539] [INFO] Reading input file ./0160/random_in_square_0160_1265_062.json ...
[2013-07-05 13:03:01.852] [TIME] generating segments=300ms
[2013-07-05 13:03:01.852] points=160 segments=12720 convex hull=16
[2013-07-05 13:03:01.853] [INFO] shortest input segment: 0:(453,-242)->(454,-235) (len^2=50)
[2013-07-05 13:03:02.037] [INFO] shortest non-crossing segment: 20:(-985,-1256)->(-1009,-1205) (len^2=3177)
[2013-07-05 13:03:02.037] separators=1053
[2013-07-05 13:03:06.976] [TIME] intersection graph=5123ms
[2013-07-05 13:03:06.977] [INFO] shortest triangulation segment: 0:(453,-242)->(454,-235) (len^2=50)
[2013-07-05 13:03:06.977] [INFO] shortest convex hull segment: 20:(-985,-1256)->(-1009,-1205) (len^2=3177)
[2013-07-05 13:03:06.977] [STATS] it=0	lb=0	ub=20
[2013-07-05 13:03:06.977] [TIME] controller initialization=5437ms
IBM ILOG License Manager: "university-braunschweig" is accessing CPLEX 12 with option(s): "e m b q use=10 MaintenanceEnd=20110128 ".
[2013-07-05 13:03:14.250] [TIME] iteration 1=7273ms
[2013-07-05 13:03:14.250] [STATS] it=1	lb=10	ub=20
[2013-07-05 13:03:21.094] [TIME] iteration 2=6844ms
[2013-07-05 13:03:21.095] [INFO] shortest constrained triangulation segment: 20:(-985,-1256)->(-1009,-1205) (len^2=3177)
[2013-07-05 13:03:21.095] [STATS] it=2	lb=20	ub=20
[2013-07-05 13:03:21.095] iterations=2 gap=0
[2013-07-05 13:03:21.095] [TIME] SAT solving=14117ms
[2013-07-05 13:03:21.095] [TIME] total=19555ms
