[2013-07-05 09:58:51.846] [INFO] Running in directory /tmp/hellmann/current_run
[2013-07-05 09:58:51.846] [INFO] Reading settings from /tmp/hellmann/current_run/config.json
[2013-07-05 09:58:51.847] [INFO] Reading input file ./0160/random_in_square_0160_1265_016.json ...
[2013-07-05 09:58:52.155] [TIME] generating segments=305ms
[2013-07-05 09:58:52.155] points=160 segments=12720 convex hull=12
[2013-07-05 09:58:52.155] [INFO] shortest input segment: 0:(1057,-537)->(1057,-534) (len^2=9)
[2013-07-05 09:58:52.203] [INFO] shortest non-crossing segment: 5:(-1260,-1152)->(-1235,-1142) (len^2=725)
[2013-07-05 09:58:52.203] separators=110
[2013-07-05 09:58:52.270] [TIME] intersection graph=114ms
[2013-07-05 09:58:52.271] [INFO] shortest triangulation segment: 0:(1057,-537)->(1057,-534) (len^2=9)
[2013-07-05 09:58:52.271] [INFO] shortest convex hull segment: 61:(-1242,1008)->(-1210,1113) (len^2=12049)
[2013-07-05 09:58:52.271] [STATS] it=0	lb=0	ub=5
[2013-07-05 09:58:52.271] [TIME] controller initialization=424ms
IBM ILOG License Manager: "university-braunschweig" is accessing CPLEX 12 with option(s): "e m b q use=10 MaintenanceEnd=20110128 ".
[2013-07-05 09:58:52.488] [TIME] iteration 1=217ms
[2013-07-05 09:58:52.489] [INFO] shortest constrained triangulation segment: 5:(-1260,-1152)->(-1235,-1142) (len^2=725)
[2013-07-05 09:58:52.489] [STATS] it=1	lb=5	ub=5
[2013-07-05 09:58:52.489] iterations=1 gap=0
[2013-07-05 09:58:52.489] [TIME] SAT solving=217ms
[2013-07-05 09:58:52.489] [TIME] total=643ms
