[2013-07-05 10:55:13.940] [INFO] Running in directory /tmp/hellmann/current_run
[2013-07-05 10:55:13.941] [INFO] Reading settings from /tmp/hellmann/current_run/config.json
[2013-07-05 10:55:13.941] [INFO] Reading input file ./0160/random_in_square_0160_1265_027.json ...
[2013-07-05 10:55:14.258] [TIME] generating segments=303ms
[2013-07-05 10:55:14.259] points=160 segments=12720 convex hull=12
[2013-07-05 10:55:14.259] [INFO] shortest input segment: 0:(-238,892)->(-231,893) (len^2=50)
[2013-07-05 10:55:14.370] [INFO] shortest non-crossing segment: 12:(-857,1182)->(-894,1205) (len^2=1898)
[2013-07-05 10:55:14.370] separators=543
[2013-07-05 10:55:15.602] [TIME] intersection graph=1343ms
[2013-07-05 10:55:15.603] [INFO] shortest triangulation segment: 0:(-238,892)->(-231,893) (len^2=50)
[2013-07-05 10:55:15.603] [INFO] shortest convex hull segment: 63:(-977,1139)->(-894,1205) (len^2=11245)
[2013-07-05 10:55:15.603] [STATS] it=0	lb=0	ub=12
[2013-07-05 10:55:15.603] [TIME] controller initialization=1662ms
IBM ILOG License Manager: "university-braunschweig" is accessing CPLEX 12 with option(s): "e m b q use=10 MaintenanceEnd=20110128 ".
[2013-07-05 10:55:17.092] [TIME] iteration 1=1489ms
[2013-07-05 10:55:17.093] [STATS] it=1	lb=6	ub=12
[2013-07-05 10:55:18.564] [TIME] iteration 2=1472ms
[2013-07-05 10:55:18.564] [STATS] it=2	lb=11	ub=12
[2013-07-05 10:55:20.036] [TIME] iteration 3=1471ms
[2013-07-05 10:55:20.037] [INFO] shortest constrained triangulation segment: 12:(-857,1182)->(-894,1205) (len^2=1898)
[2013-07-05 10:55:20.037] [STATS] it=3	lb=12	ub=12
[2013-07-05 10:55:20.037] iterations=3 gap=0
[2013-07-05 10:55:20.037] [TIME] SAT solving=4432ms
[2013-07-05 10:55:20.037] [TIME] total=6096ms
