[2013-07-05 12:27:48.435] [INFO] Running in directory /tmp/hellmann/current_run
[2013-07-05 12:27:48.436] [INFO] Reading settings from /tmp/hellmann/current_run/config.json
[2013-07-05 12:27:48.436] [INFO] Reading input file ./0160/random_in_square_0160_1265_043.json ...
[2013-07-05 12:27:48.768] [TIME] generating segments=317ms
[2013-07-05 12:27:48.769] points=160 segments=12720 convex hull=13
[2013-07-05 12:27:48.769] [INFO] shortest input segment: 0:(610,-648)->(607,-645) (len^2=18)
[2013-07-05 12:27:48.784] [INFO] shortest non-crossing segment: 1:(-954,-1261)->(-961,-1255) (len^2=85)
[2013-07-05 12:27:48.784] separators=7
[2013-07-05 12:27:48.785] [TIME] intersection graph=15ms
[2013-07-05 12:27:48.785] [INFO] shortest triangulation segment: 0:(610,-648)->(607,-645) (len^2=18)
[2013-07-05 12:27:48.785] [INFO] shortest convex hull segment: 27:(-954,-1261)->(-1027,-1250) (len^2=5450)
[2013-07-05 12:27:48.785] [STATS] it=0	lb=0	ub=1
[2013-07-05 12:27:48.785] [TIME] controller initialization=349ms
IBM ILOG License Manager: "university-braunschweig" is accessing CPLEX 12 with option(s): "e m b q use=10 MaintenanceEnd=20110128 ".
[2013-07-05 12:27:48.966] [TIME] iteration 1=180ms
[2013-07-05 12:27:48.967] [INFO] shortest constrained triangulation segment: 1:(-954,-1261)->(-961,-1255) (len^2=85)
[2013-07-05 12:27:48.967] [STATS] it=1	lb=1	ub=1
[2013-07-05 12:27:48.967] iterations=1 gap=0
[2013-07-05 12:27:48.967] [TIME] SAT solving=180ms
[2013-07-05 12:27:48.967] [TIME] total=531ms
