[2013-07-05 12:57:09.491] [INFO] Running in directory /tmp/hellmann/current_run
[2013-07-05 12:57:09.491] [INFO] Reading settings from /tmp/hellmann/current_run/config.json
[2013-07-05 12:57:09.492] [INFO] Reading input file ./0160/random_in_square_0160_1265_052.json ...
[2013-07-05 12:57:09.819] [TIME] generating segments=312ms
[2013-07-05 12:57:09.820] points=160 segments=12720 convex hull=15
[2013-07-05 12:57:09.820] [INFO] shortest input segment: 0:(-679,461)->(-676,471) (len^2=109)
[2013-07-05 12:57:09.879] [INFO] shortest non-crossing segment: 6:(947,1221)->(985,1240) (len^2=1805)
[2013-07-05 12:57:09.879] separators=232
[2013-07-05 12:57:10.122] [TIME] intersection graph=302ms
[2013-07-05 12:57:10.123] [INFO] shortest triangulation segment: 0:(-679,461)->(-676,471) (len^2=109)
[2013-07-05 12:57:10.123] [INFO] shortest convex hull segment: 89:(985,1240)->(853,1258) (len^2=17748)
[2013-07-05 12:57:10.123] [STATS] it=0	lb=0	ub=6
[2013-07-05 12:57:10.123] [TIME] controller initialization=631ms
IBM ILOG License Manager: "university-braunschweig" is accessing CPLEX 12 with option(s): "e m b q use=10 MaintenanceEnd=20110128 ".
[2013-07-05 12:57:10.534] [TIME] iteration 1=411ms
[2013-07-05 12:57:10.535] [INFO] shortest constrained triangulation segment: 6:(947,1221)->(985,1240) (len^2=1805)
[2013-07-05 12:57:10.535] [STATS] it=1	lb=6	ub=6
[2013-07-05 12:57:10.535] iterations=1 gap=0
[2013-07-05 12:57:10.535] [TIME] SAT solving=411ms
[2013-07-05 12:57:10.535] [TIME] total=1043ms
