[2013-07-05 14:56:26.845] [INFO] Running in directory /tmp/hellmann/current_run
[2013-07-05 14:56:26.845] [INFO] Reading settings from /tmp/hellmann/current_run/config.json
[2013-07-05 14:56:26.845] [INFO] Reading input file ./0160/random_in_square_0160_1265_079.json ...
[2013-07-05 14:56:27.173] [TIME] generating segments=311ms
[2013-07-05 14:56:27.174] points=160 segments=12720 convex hull=11
[2013-07-05 14:56:27.174] [INFO] shortest input segment: 0:(1152,-975)->(1168,-971) (len^2=272)
[2013-07-05 14:56:27.197] [INFO] shortest non-crossing segment: 2:(1168,-423)->(1171,-397) (len^2=685)
[2013-07-05 14:56:27.197] separators=59
[2013-07-05 14:56:27.228] [TIME] intersection graph=54ms
[2013-07-05 14:56:27.229] [INFO] shortest triangulation segment: 0:(1152,-975)->(1168,-971) (len^2=272)
[2013-07-05 14:56:27.229] [INFO] shortest convex hull segment: 194:(-1254,1004)->(-1114,1117) (len^2=32369)
[2013-07-05 14:56:27.229] [STATS] it=0	lb=0	ub=2
[2013-07-05 14:56:27.229] [TIME] controller initialization=383ms
IBM ILOG License Manager: "university-braunschweig" is accessing CPLEX 12 with option(s): "e m b q use=10 MaintenanceEnd=20110128 ".
[2013-07-05 14:56:27.427] [TIME] iteration 1=199ms
[2013-07-05 14:56:27.428] [INFO] shortest constrained triangulation segment: 2:(1168,-423)->(1171,-397) (len^2=685)
[2013-07-05 14:56:27.428] [STATS] it=1	lb=2	ub=2
[2013-07-05 14:56:27.428] iterations=1 gap=0
[2013-07-05 14:56:27.428] [TIME] SAT solving=199ms
[2013-07-05 14:56:27.429] [TIME] total=584ms
