[2013-07-05 12:57:33.964] [INFO] Running in directory /tmp/hellmann/current_run
[2013-07-05 12:57:33.964] [INFO] Reading settings from /tmp/hellmann/current_run/config.json
[2013-07-05 12:57:33.964] [INFO] Reading input file ./0160/random_in_square_0160_1265_058.json ...
[2013-07-05 12:57:34.289] [TIME] generating segments=308ms
[2013-07-05 12:57:34.290] points=160 segments=12720 convex hull=12
[2013-07-05 12:57:34.290] [INFO] shortest input segment: 0:(-895,-544)->(-902,-543) (len^2=50)
[2013-07-05 12:57:34.313] [INFO] shortest non-crossing segment: 2:(-1240,232)->(-1261,233) (len^2=442)
[2013-07-05 12:57:34.313] separators=33
[2013-07-05 12:57:34.322] [TIME] intersection graph=32ms
[2013-07-05 12:57:34.323] [INFO] shortest triangulation segment: 0:(-895,-544)->(-902,-543) (len^2=50)
[2013-07-05 12:57:34.323] [INFO] shortest convex hull segment: 100:(-951,-1183)->(-1072,-1126) (len^2=17890)
[2013-07-05 12:57:34.323] [STATS] it=0	lb=0	ub=2
[2013-07-05 12:57:34.323] [TIME] controller initialization=358ms
IBM ILOG License Manager: "university-braunschweig" is accessing CPLEX 12 with option(s): "e m b q use=10 MaintenanceEnd=20110128 ".
[2013-07-05 12:57:34.509] [TIME] iteration 1=187ms
[2013-07-05 12:57:34.510] [INFO] shortest constrained triangulation segment: 2:(-1240,232)->(-1261,233) (len^2=442)
[2013-07-05 12:57:34.510] [STATS] it=1	lb=2	ub=2
[2013-07-05 12:57:34.510] iterations=1 gap=0
[2013-07-05 12:57:34.510] [TIME] SAT solving=187ms
[2013-07-05 12:57:34.510] [TIME] total=546ms
