[2013-07-05 09:58:27.743] [INFO] Running in directory /tmp/hellmann/current_run
[2013-07-05 09:58:27.743] [INFO] Reading settings from /tmp/hellmann/current_run/config.json
[2013-07-05 09:58:27.743] [INFO] Reading input file ./0160/random_in_square_0160_1265_010.json ...
[2013-07-05 09:58:28.076] [TIME] generating segments=316ms
[2013-07-05 09:58:28.077] points=160 segments=12720 convex hull=13
[2013-07-05 09:58:28.077] [INFO] shortest input segment: 0:(-1153,242)->(-1144,250) (len^2=145)
[2013-07-05 09:58:28.107] [INFO] shortest non-crossing segment: 3:(-1041,1179)->(-1026,1189) (len^2=325)
[2013-07-05 09:58:28.107] separators=40
[2013-07-05 09:58:28.119] [TIME] intersection graph=42ms
[2013-07-05 09:58:28.120] [INFO] shortest triangulation segment: 0:(-1153,242)->(-1144,250) (len^2=145)
[2013-07-05 09:58:28.120] [INFO] shortest convex hull segment: 18:(1075,-977)->(1104,-932) (len^2=2866)
[2013-07-05 09:58:28.120] [STATS] it=0	lb=0	ub=3
[2013-07-05 09:58:28.120] [TIME] controller initialization=376ms
IBM ILOG License Manager: "university-braunschweig" is accessing CPLEX 12 with option(s): "e m b q use=10 MaintenanceEnd=20110128 ".
[2013-07-05 09:58:28.311] [TIME] iteration 1=191ms
[2013-07-05 09:58:28.312] [INFO] shortest constrained triangulation segment: 3:(-1041,1179)->(-1026,1189) (len^2=325)
[2013-07-05 09:58:28.312] [STATS] it=1	lb=3	ub=3
[2013-07-05 09:58:28.312] iterations=1 gap=0
[2013-07-05 09:58:28.312] [TIME] SAT solving=191ms
[2013-07-05 09:58:28.312] [TIME] total=568ms
