Build: 2013-07-19 16:30:18+02:00 by winniehell (last commit: 4db829e21bf3f4afd6088fb814ff065ec189c5e0 by winniehell)
[2013-07-21 16:41:37.181] [INFO] Running in directory /opt/tmp/hellmann/aborted
[2013-07-21 16:41:37.181] [INFO] Reading config file config.ini
[2013-07-21 16:41:37.199] [INFO] Reading input file ./0130/random_in_square_0130_1140_058.json ...
[2013-07-21 16:41:37.376] [TIME] generating segments=142ms
[2013-07-21 16:41:37.377] points=130 segments=8385 convex hull=12
[2013-07-21 16:41:37.377] [INFO] shortest input segment: 0:(927,-320)->(926,-314) (len^2=37)
[2013-07-21 16:41:37.808] [INFO] shortest non-crossing segment: 61:(-1108,893)->(-1013,893) (len^2=9025)
[2013-07-21 16:41:37.808] separators=3289
[2013-07-21 16:42:16.282] [TIME] intersection graph=38906ms
[2013-07-21 16:42:16.283] [INFO] shortest triangulation segment: 0:(927,-320)->(926,-314) (len^2=37)
[2013-07-21 16:42:16.283] [INFO] shortest convex hull segment: 124:(880,-759)->(924,-617) (len^2=22100)
[2013-07-21 16:42:16.283] [STATS] it=0	lb=0	ub=61
[2013-07-21 16:42:16.283] [TIME] controller initialization=39084ms
IBM ILOG License Manager: "university-braunschweig" is accessing CPLEX 12 with option(s): "e m b q use=10 MaintenanceEnd=20110128 ".
[2013-07-21 18:02:47.841] [ERROR] Solution is infeasible
[2013-07-21 18:02:48.014] [TIME] iteration 1=4831727ms
[2013-07-21 18:02:48.024] [STATS] it=1	lb=0	ub=30
[2013-07-21 18:03:57.708] [TIME] iteration 2=69683ms
[2013-07-21 18:03:57.709] [STATS] it=2	lb=15	ub=30
[2013-07-21 18:07:18.766] [ERROR] Solution is infeasible
[2013-07-21 18:07:18.859] [TIME] iteration 3=201148ms
[2013-07-21 18:07:18.865] [STATS] it=3	lb=15	ub=22
[2013-07-21 18:08:23.918] [ERROR] Solution is infeasible
[2013-07-21 18:08:23.921] [TIME] iteration 4=65052ms
[2013-07-21 18:08:23.923] [STATS] it=4	lb=15	ub=18
[2013-07-21 18:08:27.943] [TIME] iteration 5=4017ms
[2013-07-21 18:08:27.943] [STATS] it=5	lb=17	ub=18
[2013-07-21 18:08:38.073] [ERROR] Solution is infeasible
[2013-07-21 18:08:38.077] [TIME] iteration 6=10132ms
[2013-07-21 18:08:38.090] [INFO] shortest constrained triangulation segment: 17:(145,-1012)->(116,-976) (len^2=2137)
[2013-07-21 18:08:38.090] [STATS] it=6	lb=17	ub=17
[2013-07-21 18:08:38.090] iterations=6 gap=0
[2013-07-21 18:08:38.090] [TIME] SAT solving=5181757ms
[2013-07-21 18:08:38.090] [TIME] total=5220892ms
