[2013-07-04 16:59:53.988] [INFO] Running in directory /tmp/hellmann/current_run
[2013-07-04 16:59:53.989] [INFO] Reading settings from /tmp/hellmann/current_run/config.json
[2013-07-04 16:59:53.989] [INFO] Reading input file ./0050/random_in_square_0050_0707_038.json ...
[2013-07-04 16:59:54.002] [TIME] generating segments=12ms
[2013-07-04 16:59:54.002] points=50 segments=1225 convex hull=12
[2013-07-04 16:59:54.002] [INFO] shortest input segment: 0:(-308,100)->(-332,127) (len^2=1305)
[2013-07-04 16:59:54.015] [INFO] shortest non-crossing segment: 5:(-333,364)->(-376,417) (len^2=4658)
[2013-07-04 16:59:54.015] separators=54
[2013-07-04 16:59:54.034] [TIME] intersection graph=31ms
[2013-07-04 16:59:54.034] [INFO] shortest triangulation segment: 0:(-308,100)->(-332,127) (len^2=1305)
[2013-07-04 16:59:54.034] [INFO] shortest convex hull segment: 17:(-138,-701)->(-256,-690) (len^2=14045)
[2013-07-04 16:59:54.034] [STATS] it=0	lb=0	ub=5
[2013-07-04 16:59:54.034] [TIME] controller initialization=45ms
IBM ILOG License Manager: "university-braunschweig" is accessing CPLEX 12 with option(s): "e m b q use=10 MaintenanceEnd=20110128 ".
[2013-07-04 16:59:54.059] [TIME] iteration 1=24ms
[2013-07-04 16:59:54.059] [STATS] it=1	lb=3	ub=5
[2013-07-04 16:59:54.079] [TIME] iteration 2=20ms
[2013-07-04 16:59:54.079] [INFO] shortest constrained triangulation segment: 5:(-333,364)->(-376,417) (len^2=4658)
[2013-07-04 16:59:54.079] [STATS] it=2	lb=5	ub=5
[2013-07-04 16:59:54.079] iterations=2 gap=0
[2013-07-04 16:59:54.079] [TIME] SAT solving=44ms
[2013-07-04 16:59:54.079] [TIME] total=90ms
