[2013-07-04 16:59:57.448] [INFO] Running in directory /tmp/hellmann/current_run
[2013-07-04 16:59:57.448] [INFO] Reading settings from /tmp/hellmann/current_run/config.json
[2013-07-04 16:59:57.449] [INFO] Reading input file ./0050/random_in_square_0050_0707_062.json ...
[2013-07-04 16:59:57.462] [TIME] generating segments=12ms
[2013-07-04 16:59:57.462] points=50 segments=1225 convex hull=10
[2013-07-04 16:59:57.462] [INFO] shortest input segment: 0:(-84,463)->(-103,469) (len^2=397)
[2013-07-04 16:59:57.479] [INFO] shortest non-crossing segment: 6:(-702,-202)->(-641,-177) (len^2=4346)
[2013-07-04 16:59:57.479] separators=117
[2013-07-04 16:59:57.558] [TIME] intersection graph=95ms
[2013-07-04 16:59:57.558] [INFO] shortest triangulation segment: 0:(-84,463)->(-103,469) (len^2=397)
[2013-07-04 16:59:57.558] [INFO] shortest convex hull segment: 17:(498,606)->(404,643) (len^2=10205)
[2013-07-04 16:59:57.558] [STATS] it=0	lb=0	ub=6
[2013-07-04 16:59:57.558] [TIME] controller initialization=109ms
IBM ILOG License Manager: "university-braunschweig" is accessing CPLEX 12 with option(s): "e m b q use=10 MaintenanceEnd=20110128 ".
[2013-07-04 16:59:57.590] [TIME] iteration 1=31ms
[2013-07-04 16:59:57.590] [STATS] it=1	lb=5	ub=6
[2013-07-04 16:59:57.618] [ERROR] Solution is infeasible
[2013-07-04 16:59:57.618] [TIME] iteration 2=27ms
[2013-07-04 16:59:57.618] [INFO] shortest constrained triangulation segment: 5:(-71,338)->(-19,368) (len^2=3604)
[2013-07-04 16:59:57.618] [STATS] it=2	lb=5	ub=5
[2013-07-04 16:59:57.618] iterations=2 gap=0
[2013-07-04 16:59:57.618] [TIME] SAT solving=58ms
[2013-07-04 16:59:57.618] [TIME] total=169ms
