[2013-07-04 16:59:57.266] [INFO] Running in directory /tmp/hellmann/current_run
[2013-07-04 16:59:57.267] [INFO] Reading settings from /tmp/hellmann/current_run/config.json
[2013-07-04 16:59:57.267] [INFO] Reading input file ./0050/random_in_square_0050_0707_058.json ...
[2013-07-04 16:59:57.280] [TIME] generating segments=12ms
[2013-07-04 16:59:57.280] points=50 segments=1225 convex hull=6
[2013-07-04 16:59:57.280] [INFO] shortest input segment: 0:(-658,617)->(-649,618) (len^2=82)
[2013-07-04 16:59:57.292] [INFO] shortest non-crossing segment: 5:(365,-646)->(341,-624) (len^2=1060)
[2013-07-04 16:59:57.292] separators=26
[2013-07-04 16:59:57.296] [TIME] intersection graph=15ms
[2013-07-04 16:59:57.296] [INFO] shortest triangulation segment: 0:(-658,617)->(-649,618) (len^2=82)
[2013-07-04 16:59:57.296] [INFO] shortest convex hull segment: 14:(-691,637)->(-631,641) (len^2=3616)
[2013-07-04 16:59:57.296] [STATS] it=0	lb=0	ub=5
[2013-07-04 16:59:57.296] [TIME] controller initialization=29ms
IBM ILOG License Manager: "university-braunschweig" is accessing CPLEX 12 with option(s): "e m b q use=10 MaintenanceEnd=20110128 ".
[2013-07-04 16:59:57.305] [ERROR] Solution is infeasible
[2013-07-04 16:59:57.305] [TIME] iteration 1=9ms
[2013-07-04 16:59:57.305] [STATS] it=1	lb=0	ub=2
[2013-07-04 16:59:57.311] [TIME] iteration 2=5ms
[2013-07-04 16:59:57.311] [STATS] it=2	lb=1	ub=2
[2013-07-04 16:59:57.316] [ERROR] Solution is infeasible
[2013-07-04 16:59:57.316] [TIME] iteration 3=5ms
[2013-07-04 16:59:57.317] [INFO] shortest constrained triangulation segment: 1:(-95,264)->(-109,269) (len^2=221)
[2013-07-04 16:59:57.317] [STATS] it=3	lb=1	ub=1
[2013-07-04 16:59:57.317] iterations=3 gap=0
[2013-07-04 16:59:57.317] [TIME] SAT solving=19ms
[2013-07-04 16:59:57.317] [TIME] total=49ms
