[2013-07-04 16:59:49.107] [INFO] Running in directory /tmp/hellmann/current_run
[2013-07-04 16:59:49.107] [INFO] Reading settings from /tmp/hellmann/current_run/config.json
[2013-07-04 16:59:49.107] [INFO] Reading input file ./0050/random_in_square_0050_0707_015.json ...
[2013-07-04 16:59:49.120] [TIME] generating segments=12ms
[2013-07-04 16:59:49.120] points=50 segments=1225 convex hull=9
[2013-07-04 16:59:49.120] [INFO] shortest input segment: 0:(-630,311)->(-626,341) (len^2=916)
[2013-07-04 16:59:49.126] [INFO] shortest non-crossing segment: 2:(-668,-613)->(-634,-589) (len^2=1732)
[2013-07-04 16:59:49.126] separators=3
[2013-07-04 16:59:49.126] [TIME] intersection graph=6ms
[2013-07-04 16:59:49.126] [INFO] shortest triangulation segment: 0:(-630,311)->(-626,341) (len^2=916)
[2013-07-04 16:59:49.127] [INFO] shortest convex hull segment: 13:(-593,-664)->(-668,-613) (len^2=8226)
[2013-07-04 16:59:49.127] [STATS] it=0	lb=0	ub=2
[2013-07-04 16:59:49.127] [TIME] controller initialization=19ms
IBM ILOG License Manager: "university-braunschweig" is accessing CPLEX 12 with option(s): "e m b q use=10 MaintenanceEnd=20110128 ".
[2013-07-04 16:59:49.134] [TIME] iteration 1=7ms
[2013-07-04 16:59:49.135] [INFO] shortest constrained triangulation segment: 2:(-668,-613)->(-634,-589) (len^2=1732)
[2013-07-04 16:59:49.135] [STATS] it=1	lb=2	ub=2
[2013-07-04 16:59:49.135] iterations=1 gap=0
[2013-07-04 16:59:49.135] [TIME] SAT solving=7ms
[2013-07-04 16:59:49.135] [TIME] total=27ms
