[2013-07-04 17:00:02.586] [INFO] Running in directory /tmp/hellmann/current_run
[2013-07-04 17:00:02.586] [INFO] Reading settings from /tmp/hellmann/current_run/config.json
[2013-07-04 17:00:02.586] [INFO] Reading input file ./0050/random_in_square_0050_0707_093.json ...
[2013-07-04 17:00:02.602] [TIME] generating segments=14ms
[2013-07-04 17:00:02.602] points=50 segments=1225 convex hull=8
[2013-07-04 17:00:02.602] [INFO] shortest input segment: 0:(163,242)->(173,250) (len^2=164)
[2013-07-04 17:00:02.658] [INFO] shortest non-crossing segment: 22:(-524,-625)->(-459,-546) (len^2=10466)
[2013-07-04 17:00:02.658] separators=364
[2013-07-04 17:00:03.302] [TIME] intersection graph=699ms
[2013-07-04 17:00:03.302] [INFO] shortest triangulation segment: 0:(163,242)->(173,250) (len^2=164)
[2013-07-04 17:00:03.302] [INFO] shortest convex hull segment: 115:(680,178)->(686,424) (len^2=60552)
[2013-07-04 17:00:03.302] [STATS] it=0	lb=0	ub=22
[2013-07-04 17:00:03.302] [TIME] controller initialization=716ms
IBM ILOG License Manager: "university-braunschweig" is accessing CPLEX 12 with option(s): "e m b q use=10 MaintenanceEnd=20110128 ".
[2013-07-04 17:00:03.994] [ERROR] Solution is infeasible
[2013-07-04 17:00:03.994] [TIME] iteration 1=692ms
[2013-07-04 17:00:03.994] [STATS] it=1	lb=0	ub=10
[2013-07-04 17:00:04.136] [ERROR] Solution is infeasible
[2013-07-04 17:00:04.136] [TIME] iteration 2=141ms
[2013-07-04 17:00:04.136] [STATS] it=2	lb=0	ub=4
[2013-07-04 17:00:04.149] [TIME] iteration 3=13ms
[2013-07-04 17:00:04.150] [INFO] shortest constrained triangulation segment: 4:(173,250)->(158,295) (len^2=2250)
[2013-07-04 17:00:04.150] [STATS] it=3	lb=4	ub=4
[2013-07-04 17:00:04.150] iterations=3 gap=0
[2013-07-04 17:00:04.150] [TIME] SAT solving=846ms
[2013-07-04 17:00:04.150] [TIME] total=1563ms
