[2013-07-04 16:59:56.929] [INFO] Running in directory /tmp/hellmann/current_run
[2013-07-04 16:59:56.929] [INFO] Reading settings from /tmp/hellmann/current_run/config.json
[2013-07-04 16:59:56.929] [INFO] Reading input file ./0050/random_in_square_0050_0707_054.json ...
[2013-07-04 16:59:56.942] [TIME] generating segments=12ms
[2013-07-04 16:59:56.942] points=50 segments=1225 convex hull=9
[2013-07-04 16:59:56.942] [INFO] shortest input segment: 0:(-680,-65)->(-675,-54) (len^2=146)
[2013-07-04 16:59:56.946] [INFO] shortest non-crossing segment: 1:(-648,680)->(-661,692) (len^2=313)
[2013-07-04 16:59:56.946] separators=1
[2013-07-04 16:59:56.946] [TIME] intersection graph=3ms
[2013-07-04 16:59:56.946] [INFO] shortest triangulation segment: 0:(-680,-65)->(-675,-54) (len^2=146)
[2013-07-04 16:59:56.946] [INFO] shortest convex hull segment: 19:(704,670)->(625,694) (len^2=6817)
[2013-07-04 16:59:56.946] [STATS] it=0	lb=0	ub=1
[2013-07-04 16:59:56.947] [TIME] controller initialization=17ms
IBM ILOG License Manager: "university-braunschweig" is accessing CPLEX 12 with option(s): "e m b q use=10 MaintenanceEnd=20110128 ".
[2013-07-04 16:59:56.954] [TIME] iteration 1=7ms
[2013-07-04 16:59:56.955] [INFO] shortest constrained triangulation segment: 1:(-648,680)->(-661,692) (len^2=313)
[2013-07-04 16:59:56.955] [STATS] it=1	lb=1	ub=1
[2013-07-04 16:59:56.955] iterations=1 gap=0
[2013-07-04 16:59:56.955] [TIME] SAT solving=7ms
[2013-07-04 16:59:56.955] [TIME] total=25ms
