[2013-07-04 16:59:59.494] [INFO] Running in directory /tmp/hellmann/current_run
[2013-07-04 16:59:59.494] [INFO] Reading settings from /tmp/hellmann/current_run/config.json
[2013-07-04 16:59:59.495] [INFO] Reading input file ./0050/random_in_square_0050_0707_067.json ...
[2013-07-04 16:59:59.508] [TIME] generating segments=12ms
[2013-07-04 16:59:59.508] points=50 segments=1225 convex hull=8
[2013-07-04 16:59:59.508] [INFO] shortest input segment: 0:(595,369)->(603,369) (len^2=64)
[2013-07-04 16:59:59.521] [INFO] shortest non-crossing segment: 5:(-439,636)->(-426,687) (len^2=2770)
[2013-07-04 16:59:59.521] separators=61
[2013-07-04 16:59:59.541] [TIME] intersection graph=32ms
[2013-07-04 16:59:59.541] [INFO] shortest triangulation segment: 0:(595,369)->(603,369) (len^2=64)
[2013-07-04 16:59:59.541] [INFO] shortest convex hull segment: 28:(630,-546)->(697,-452) (len^2=13325)
[2013-07-04 16:59:59.541] [STATS] it=0	lb=0	ub=5
[2013-07-04 16:59:59.541] [TIME] controller initialization=46ms
IBM ILOG License Manager: "university-braunschweig" is accessing CPLEX 12 with option(s): "e m b q use=10 MaintenanceEnd=20110128 ".
[2013-07-04 16:59:59.567] [TIME] iteration 1=25ms
[2013-07-04 16:59:59.567] [INFO] shortest constrained triangulation segment: 5:(-439,636)->(-426,687) (len^2=2770)
[2013-07-04 16:59:59.567] [STATS] it=1	lb=5	ub=5
[2013-07-04 16:59:59.567] iterations=1 gap=0
[2013-07-04 16:59:59.567] [TIME] SAT solving=25ms
[2013-07-04 16:59:59.567] [TIME] total=72ms
