[2013-07-04 16:59:52.928] [INFO] Running in directory /tmp/hellmann/current_run
[2013-07-04 16:59:52.928] [INFO] Reading settings from /tmp/hellmann/current_run/config.json
[2013-07-04 16:59:52.929] [INFO] Reading input file ./0050/random_in_square_0050_0707_032.json ...
[2013-07-04 16:59:52.942] [TIME] generating segments=12ms
[2013-07-04 16:59:52.942] points=50 segments=1225 convex hull=8
[2013-07-04 16:59:52.942] [INFO] shortest input segment: 0:(-252,302)->(-266,313) (len^2=317)
[2013-07-04 16:59:52.966] [INFO] shortest non-crossing segment: 10:(699,-225)->(633,-168) (len^2=7605)
[2013-07-04 16:59:52.966] separators=120
[2013-07-04 16:59:53.042] [TIME] intersection graph=100ms
[2013-07-04 16:59:53.042] [INFO] shortest triangulation segment: 0:(-252,302)->(-266,313) (len^2=317)
[2013-07-04 16:59:53.042] [INFO] shortest convex hull segment: 85:(-706,441)->(-694,654) (len^2=45513)
[2013-07-04 16:59:53.043] [STATS] it=0	lb=0	ub=10
[2013-07-04 16:59:53.043] [TIME] controller initialization=114ms
IBM ILOG License Manager: "university-braunschweig" is accessing CPLEX 12 with option(s): "e m b q use=10 MaintenanceEnd=20110128 ".
[2013-07-04 16:59:53.109] [TIME] iteration 1=66ms
[2013-07-04 16:59:53.109] [STATS] it=1	lb=6	ub=10
[2013-07-04 16:59:53.172] [TIME] iteration 2=62ms
[2013-07-04 16:59:53.172] [STATS] it=2	lb=9	ub=10
[2013-07-04 16:59:53.235] [ERROR] Solution is infeasible
[2013-07-04 16:59:53.235] [TIME] iteration 3=62ms
[2013-07-04 16:59:53.235] [INFO] shortest constrained triangulation segment: 9:(368,635)->(305,693) (len^2=7333)
[2013-07-04 16:59:53.235] [STATS] it=3	lb=9	ub=9
[2013-07-04 16:59:53.235] iterations=3 gap=0
[2013-07-04 16:59:53.235] [TIME] SAT solving=190ms
[2013-07-04 16:59:53.235] [TIME] total=306ms
