[2013-07-04 16:59:53.897] [INFO] Running in directory /tmp/hellmann/current_run
[2013-07-04 16:59:53.897] [INFO] Reading settings from /tmp/hellmann/current_run/config.json
[2013-07-04 16:59:53.898] [INFO] Reading input file ./0050/random_in_square_0050_0707_037.json ...
[2013-07-04 16:59:53.911] [TIME] generating segments=12ms
[2013-07-04 16:59:53.911] points=50 segments=1225 convex hull=11
[2013-07-04 16:59:53.911] [INFO] shortest input segment: 0:(-263,-248)->(-260,-222) (len^2=685)
[2013-07-04 16:59:53.928] [INFO] shortest non-crossing segment: 7:(-677,614)->(-623,618) (len^2=2932)
[2013-07-04 16:59:53.929] separators=68
[2013-07-04 16:59:53.950] [TIME] intersection graph=38ms
[2013-07-04 16:59:53.950] [INFO] shortest triangulation segment: 0:(-263,-248)->(-260,-222) (len^2=685)
[2013-07-04 16:59:53.950] [INFO] shortest convex hull segment: 61:(676,424)->(605,593) (len^2=33602)
[2013-07-04 16:59:53.950] [STATS] it=0	lb=0	ub=7
[2013-07-04 16:59:53.950] [TIME] controller initialization=52ms
IBM ILOG License Manager: "university-braunschweig" is accessing CPLEX 12 with option(s): "e m b q use=10 MaintenanceEnd=20110128 ".
[2013-07-04 16:59:53.974] [TIME] iteration 1=23ms
[2013-07-04 16:59:53.975] [INFO] shortest constrained triangulation segment: 7:(-677,614)->(-623,618) (len^2=2932)
[2013-07-04 16:59:53.975] [STATS] it=1	lb=7	ub=7
[2013-07-04 16:59:53.975] iterations=1 gap=0
[2013-07-04 16:59:53.975] [TIME] SAT solving=23ms
[2013-07-04 16:59:53.975] [TIME] total=77ms
