[2013-07-04 16:59:48.480] [INFO] Running in directory /tmp/hellmann/current_run
[2013-07-04 16:59:48.480] [INFO] Reading settings from /tmp/hellmann/current_run/config.json
[2013-07-04 16:59:48.480] [INFO] Reading input file ./0050/random_in_square_0050_0707_011.json ...
[2013-07-04 16:59:48.493] [TIME] generating segments=12ms
[2013-07-04 16:59:48.493] points=50 segments=1225 convex hull=12
[2013-07-04 16:59:48.493] [INFO] shortest input segment: 0:(-131,-50)->(-137,-28) (len^2=520)
[2013-07-04 16:59:48.523] [INFO] shortest non-crossing segment: 12:(-546,542)->(-472,590) (len^2=7780)
[2013-07-04 16:59:48.523] separators=182
[2013-07-04 16:59:48.683] [TIME] intersection graph=189ms
[2013-07-04 16:59:48.684] [INFO] shortest triangulation segment: 0:(-131,-50)->(-137,-28) (len^2=520)
[2013-07-04 16:59:48.684] [INFO] shortest convex hull segment: 12:(-546,542)->(-472,590) (len^2=7780)
[2013-07-04 16:59:48.684] [STATS] it=0	lb=0	ub=12
[2013-07-04 16:59:48.684] [TIME] controller initialization=203ms
IBM ILOG License Manager: "university-braunschweig" is accessing CPLEX 12 with option(s): "e m b q use=10 MaintenanceEnd=20110128 ".
[2013-07-04 16:59:48.794] [TIME] iteration 1=110ms
[2013-07-04 16:59:48.794] [STATS] it=1	lb=8	ub=12
[2013-07-04 16:59:48.915] [ERROR] Solution is infeasible
[2013-07-04 16:59:48.915] [TIME] iteration 2=120ms
[2013-07-04 16:59:48.915] [STATS] it=2	lb=8	ub=9
[2013-07-04 16:59:48.986] [ERROR] Solution is infeasible
[2013-07-04 16:59:48.986] [TIME] iteration 3=70ms
[2013-07-04 16:59:48.987] [INFO] shortest constrained triangulation segment: 8:(-429,490)->(-423,566) (len^2=5812)
[2013-07-04 16:59:48.987] [STATS] it=3	lb=8	ub=8
[2013-07-04 16:59:48.987] iterations=3 gap=0
[2013-07-04 16:59:48.987] [TIME] SAT solving=300ms
[2013-07-04 16:59:48.987] [TIME] total=506ms
