[2013-07-04 16:59:59.677] [INFO] Running in directory /tmp/hellmann/current_run
[2013-07-04 16:59:59.677] [INFO] Reading settings from /tmp/hellmann/current_run/config.json
[2013-07-04 16:59:59.678] [INFO] Reading input file ./0050/random_in_square_0050_0707_069.json ...
[2013-07-04 16:59:59.691] [TIME] generating segments=12ms
[2013-07-04 16:59:59.691] points=50 segments=1225 convex hull=10
[2013-07-04 16:59:59.691] [INFO] shortest input segment: 0:(640,442)->(650,455) (len^2=269)
[2013-07-04 16:59:59.697] [INFO] shortest non-crossing segment: 2:(-621,53)->(-610,86) (len^2=1210)
[2013-07-04 16:59:59.697] separators=10
[2013-07-04 16:59:59.698] [TIME] intersection graph=6ms
[2013-07-04 16:59:59.698] [INFO] shortest triangulation segment: 0:(640,442)->(650,455) (len^2=269)
[2013-07-04 16:59:59.698] [INFO] shortest convex hull segment: 14:(-630,567)->(-586,666) (len^2=11737)
[2013-07-04 16:59:59.698] [STATS] it=0	lb=0	ub=2
[2013-07-04 16:59:59.698] [TIME] controller initialization=20ms
IBM ILOG License Manager: "university-braunschweig" is accessing CPLEX 12 with option(s): "e m b q use=10 MaintenanceEnd=20110128 ".
[2013-07-04 16:59:59.706] [TIME] iteration 1=8ms
[2013-07-04 16:59:59.707] [INFO] shortest constrained triangulation segment: 2:(-621,53)->(-610,86) (len^2=1210)
[2013-07-04 16:59:59.707] [STATS] it=1	lb=2	ub=2
[2013-07-04 16:59:59.707] iterations=1 gap=0
[2013-07-04 16:59:59.707] [TIME] SAT solving=8ms
[2013-07-04 16:59:59.707] [TIME] total=29ms
