[2013-07-04 16:59:56.367] [INFO] Running in directory /tmp/hellmann/current_run
[2013-07-04 16:59:56.367] [INFO] Reading settings from /tmp/hellmann/current_run/config.json
[2013-07-04 16:59:56.367] [INFO] Reading input file ./0050/random_in_square_0050_0707_047.json ...
[2013-07-04 16:59:56.381] [TIME] generating segments=12ms
[2013-07-04 16:59:56.381] points=50 segments=1225 convex hull=12
[2013-07-04 16:59:56.381] [INFO] shortest input segment: 0:(355,-262)->(361,-260) (len^2=40)
[2013-07-04 16:59:56.391] [INFO] shortest non-crossing segment: 4:(-357,633)->(-344,667) (len^2=1325)
[2013-07-04 16:59:56.391] separators=17
[2013-07-04 16:59:56.393] [TIME] intersection graph=11ms
[2013-07-04 16:59:56.393] [INFO] shortest triangulation segment: 0:(355,-262)->(361,-260) (len^2=40)
[2013-07-04 16:59:56.393] [INFO] shortest convex hull segment: 22:(-279,-545)->(-395,-528) (len^2=13745)
[2013-07-04 16:59:56.393] [STATS] it=0	lb=0	ub=4
[2013-07-04 16:59:56.393] [TIME] controller initialization=26ms
IBM ILOG License Manager: "university-braunschweig" is accessing CPLEX 12 with option(s): "e m b q use=10 MaintenanceEnd=20110128 ".
[2013-07-04 16:59:56.401] [ERROR] Solution is infeasible
[2013-07-04 16:59:56.401] [TIME] iteration 1=8ms
[2013-07-04 16:59:56.401] [STATS] it=1	lb=0	ub=1
[2013-07-04 16:59:56.406] [TIME] iteration 2=4ms
[2013-07-04 16:59:56.406] [INFO] shortest constrained triangulation segment: 1:(204,-135)->(191,-129) (len^2=205)
[2013-07-04 16:59:56.406] [STATS] it=2	lb=1	ub=1
[2013-07-04 16:59:56.406] iterations=2 gap=0
[2013-07-04 16:59:56.406] [TIME] SAT solving=12ms
[2013-07-04 16:59:56.406] [TIME] total=39ms
