[2013-07-04 16:59:54.094] [INFO] Running in directory /tmp/hellmann/current_run
[2013-07-04 16:59:54.094] [INFO] Reading settings from /tmp/hellmann/current_run/config.json
[2013-07-04 16:59:54.095] [INFO] Reading input file ./0050/random_in_square_0050_0707_039.json ...
[2013-07-04 16:59:54.109] [TIME] generating segments=13ms
[2013-07-04 16:59:54.109] points=50 segments=1225 convex hull=8
[2013-07-04 16:59:54.110] [INFO] shortest input segment: 0:(146,3)->(163,7) (len^2=305)
[2013-07-04 16:59:54.114] [INFO] shortest non-crossing segment: 1:(-293,646)->(-284,673) (len^2=810)
[2013-07-04 16:59:54.114] separators=6
[2013-07-04 16:59:54.114] [TIME] intersection graph=4ms
[2013-07-04 16:59:54.114] [INFO] shortest triangulation segment: 0:(146,3)->(163,7) (len^2=305)
[2013-07-04 16:59:54.114] [INFO] shortest convex hull segment: 70:(585,-389)->(681,-223) (len^2=36772)
[2013-07-04 16:59:54.114] [STATS] it=0	lb=0	ub=1
[2013-07-04 16:59:54.114] [TIME] controller initialization=19ms
IBM ILOG License Manager: "university-braunschweig" is accessing CPLEX 12 with option(s): "e m b q use=10 MaintenanceEnd=20110128 ".
[2013-07-04 16:59:54.123] [TIME] iteration 1=8ms
[2013-07-04 16:59:54.123] [INFO] shortest constrained triangulation segment: 1:(-293,646)->(-284,673) (len^2=810)
[2013-07-04 16:59:54.123] [STATS] it=1	lb=1	ub=1
[2013-07-04 16:59:54.123] iterations=1 gap=0
[2013-07-04 16:59:54.123] [TIME] SAT solving=8ms
[2013-07-04 16:59:54.123] [TIME] total=28ms
