[2013-07-04 16:59:57.393] [INFO] Running in directory /tmp/hellmann/current_run
[2013-07-04 16:59:57.393] [INFO] Reading settings from /tmp/hellmann/current_run/config.json
[2013-07-04 16:59:57.394] [INFO] Reading input file ./0050/random_in_square_0050_0707_061.json ...
[2013-07-04 16:59:57.407] [TIME] generating segments=12ms
[2013-07-04 16:59:57.407] points=50 segments=1225 convex hull=9
[2013-07-04 16:59:57.407] [INFO] shortest input segment: 0:(-589,-308)->(-593,-294) (len^2=212)
[2013-07-04 16:59:57.415] [INFO] shortest non-crossing segment: 3:(-636,-461)->(-683,-452) (len^2=2290)
[2013-07-04 16:59:57.415] separators=34
[2013-07-04 16:59:57.421] [TIME] intersection graph=15ms
[2013-07-04 16:59:57.422] [INFO] shortest triangulation segment: 0:(-589,-308)->(-593,-294) (len^2=212)
[2013-07-04 16:59:57.422] [INFO] shortest convex hull segment: 29:(-613,-535)->(-683,-452) (len^2=11789)
[2013-07-04 16:59:57.422] [STATS] it=0	lb=0	ub=3
[2013-07-04 16:59:57.422] [TIME] controller initialization=29ms
IBM ILOG License Manager: "university-braunschweig" is accessing CPLEX 12 with option(s): "e m b q use=10 MaintenanceEnd=20110128 ".
[2013-07-04 16:59:57.434] [TIME] iteration 1=12ms
[2013-07-04 16:59:57.435] [INFO] shortest constrained triangulation segment: 3:(-636,-461)->(-683,-452) (len^2=2290)
[2013-07-04 16:59:57.435] [STATS] it=1	lb=3	ub=3
[2013-07-04 16:59:57.435] iterations=1 gap=0
[2013-07-04 16:59:57.435] [TIME] SAT solving=12ms
[2013-07-04 16:59:57.435] [TIME] total=42ms
