[2013-07-04 16:59:49.399] [INFO] Running in directory /tmp/hellmann/current_run
[2013-07-04 16:59:49.399] [INFO] Reading settings from /tmp/hellmann/current_run/config.json
[2013-07-04 16:59:49.399] [INFO] Reading input file ./0050/random_in_square_0050_0707_018.json ...
[2013-07-04 16:59:49.412] [TIME] generating segments=12ms
[2013-07-04 16:59:49.412] points=50 segments=1225 convex hull=10
[2013-07-04 16:59:49.412] [INFO] shortest input segment: 0:(516,291)->(510,294) (len^2=45)
[2013-07-04 16:59:49.499] [INFO] shortest non-crossing segment: 33:(-678,-399)->(-641,-273) (len^2=17245)
[2013-07-04 16:59:49.499] separators=560
[2013-07-04 16:59:50.882] [TIME] intersection graph=1471ms
[2013-07-04 16:59:50.883] [INFO] shortest triangulation segment: 0:(516,291)->(510,294) (len^2=45)
[2013-07-04 16:59:50.883] [INFO] shortest convex hull segment: 48:(178,-627)->(326,-588) (len^2=23425)
[2013-07-04 16:59:50.883] [STATS] it=0	lb=0	ub=33
[2013-07-04 16:59:50.883] [TIME] controller initialization=1484ms
IBM ILOG License Manager: "university-braunschweig" is accessing CPLEX 12 with option(s): "e m b q use=10 MaintenanceEnd=20110128 ".
[2013-07-04 16:59:51.276] [ERROR] Solution is infeasible
[2013-07-04 16:59:51.276] [TIME] iteration 1=393ms
[2013-07-04 16:59:51.276] [STATS] it=1	lb=0	ub=16
[2013-07-04 16:59:51.386] [ERROR] Solution is infeasible
[2013-07-04 16:59:51.387] [TIME] iteration 2=110ms
[2013-07-04 16:59:51.387] [STATS] it=2	lb=0	ub=7
[2013-07-04 16:59:51.404] [TIME] iteration 3=16ms
[2013-07-04 16:59:51.404] [STATS] it=3	lb=4	ub=7
[2013-07-04 16:59:51.419] [ERROR] Solution is infeasible
[2013-07-04 16:59:51.419] [TIME] iteration 4=16ms
[2013-07-04 16:59:51.419] [STATS] it=4	lb=4	ub=5
[2013-07-04 16:59:51.435] [ERROR] Solution is infeasible
[2013-07-04 16:59:51.435] [TIME] iteration 5=15ms
[2013-07-04 16:59:51.435] [INFO] shortest constrained triangulation segment: 4:(516,291)->(555,309) (len^2=1845)
[2013-07-04 16:59:51.435] [STATS] it=5	lb=4	ub=4
[2013-07-04 16:59:51.435] iterations=5 gap=0
[2013-07-04 16:59:51.435] [TIME] SAT solving=550ms
[2013-07-04 16:59:51.435] [TIME] total=2037ms
