[2013-07-25 01:17:42.965] [INFO] Running in directory /opt/tmp/hellmann/uniform_distribution
[2013-07-25 01:17:42.966] [INFO] Reading settings from /opt/tmp/hellmann/uniform_distribution/config.json
[2013-07-25 01:17:43.015] [INFO] Reading input file ./0430/random_in_square_0430_2074_093.json ...
[2013-07-25 01:18:13.830] [TIME] generating segments=30746ms
[2013-07-25 01:18:13.834] points=430 segments=92235 convex hull=11
[2013-07-25 01:18:13.834] [INFO] shortest input segment: 0:(1797,-1184)->(1796,-1179) (len^2=26)
[2013-07-25 01:18:13.919] [INFO] shortest non-crossing segment: 2:(2023,2017)->(2013,2021) (len^2=116)
[2013-07-25 01:18:13.919] separators=128
[2013-07-25 01:18:14.069] [TIME] intersection graph=234ms
[2013-07-25 01:18:14.071] [INFO] shortest triangulation segment: 0:(1797,-1184)->(1796,-1179) (len^2=26)
[2013-07-25 01:18:14.071] [INFO] shortest convex hull segment: 2:(2023,2017)->(2013,2021) (len^2=116)
[2013-07-25 01:18:14.071] [STATS] it=0	lb=0	ub=2
[2013-07-25 01:18:14.071] [TIME] controller initialization=31080ms
IBM ILOG License Manager: "university-braunschweig" is accessing CPLEX 12 with option(s): "e m b q use=10 MaintenanceEnd=20110128 ".
[2013-07-25 01:18:23.388] [TIME] iteration 1=9317ms
[2013-07-25 01:18:23.391] [INFO] shortest constrained triangulation segment: 2:(2023,2017)->(2013,2021) (len^2=116)
[2013-07-25 01:18:23.391] [STATS] it=1	lb=2	ub=2
[2013-07-25 01:18:23.391] iterations=1 gap=0
[2013-07-25 01:18:23.391] [TIME] SAT solving=9317ms
[2013-07-25 01:18:23.391] [TIME] total=40400ms
