[2013-07-24 12:49:14.107] [INFO] Running in directory /opt/tmp/hellmann/uniform_distribution
[2013-07-24 12:49:14.107] [INFO] Reading settings from /opt/tmp/hellmann/uniform_distribution/config.json
[2013-07-24 12:49:14.136] [INFO] Reading input file ./0430/random_in_square_0430_2074_048.json ...
[2013-07-24 12:49:42.168] [TIME] generating segments=27987ms
[2013-07-24 12:49:42.172] points=430 segments=92235 convex hull=19
[2013-07-24 12:49:42.172] [INFO] shortest input segment: 0:(-324,-1336)->(-313,-1334) (len^2=125)
[2013-07-24 12:49:42.257] [INFO] shortest non-crossing segment: 2:(1966,-1253)->(1979,-1247) (len^2=205)
[2013-07-24 12:49:42.257] separators=106
[2013-07-24 12:49:42.339] [TIME] intersection graph=166ms
[2013-07-24 12:49:42.341] [INFO] shortest triangulation segment: 0:(-324,-1336)->(-313,-1334) (len^2=125)
[2013-07-24 12:49:42.342] [INFO] shortest convex hull segment: 119:(-1975,2017)->(-1880,2022) (len^2=9050)
[2013-07-24 12:49:42.342] [STATS] it=0	lb=0	ub=2
[2013-07-24 12:49:42.342] [TIME] controller initialization=28217ms
IBM ILOG License Manager: "university-braunschweig" is accessing CPLEX 12 with option(s): "e m b q use=10 MaintenanceEnd=20110128 ".
[2013-07-24 12:49:51.781] [TIME] iteration 1=9440ms
[2013-07-24 12:49:51.783] [INFO] shortest constrained triangulation segment: 2:(1966,-1253)->(1979,-1247) (len^2=205)
[2013-07-24 12:49:51.783] [STATS] it=1	lb=2	ub=2
[2013-07-24 12:49:51.783] iterations=1 gap=0
[2013-07-24 12:49:51.784] [TIME] SAT solving=9440ms
[2013-07-24 12:49:51.784] [TIME] total=37660ms
