[2013-07-24 16:24:43.696] [INFO] Running in directory /opt/tmp/hellmann/uniform_distribution
[2013-07-24 16:24:43.696] [INFO] Reading settings from /opt/tmp/hellmann/uniform_distribution/config.json
[2013-07-24 16:24:43.716] [INFO] Reading input file ./0430/random_in_square_0430_2074_060.json ...
[2013-07-24 16:25:12.332] [TIME] generating segments=28572ms
[2013-07-24 16:25:12.336] points=430 segments=92235 convex hull=14
[2013-07-24 16:25:12.336] [INFO] shortest input segment: 0:(-140,1849)->(-145,1850) (len^2=26)
[2013-07-24 16:25:12.683] [INFO] shortest non-crossing segment: 11:(2013,-1423)->(2009,-1405) (len^2=340)
[2013-07-24 16:25:12.683] separators=579
[2013-07-24 16:25:14.142] [TIME] intersection graph=1806ms
[2013-07-24 16:25:14.144] [INFO] shortest triangulation segment: 0:(-140,1849)->(-145,1850) (len^2=26)
[2013-07-24 16:25:14.144] [INFO] shortest convex hull segment: 422:(-1931,-1895)->(-1996,-1754) (len^2=24106)
[2013-07-24 16:25:14.144] [STATS] it=0	lb=0	ub=11
[2013-07-24 16:25:14.144] [TIME] controller initialization=30429ms
IBM ILOG License Manager: "university-braunschweig" is accessing CPLEX 12 with option(s): "e m b q use=10 MaintenanceEnd=20110128 ".
[2013-07-24 16:25:24.936] [TIME] iteration 1=10792ms
[2013-07-24 16:25:24.936] [STATS] it=1	lb=6	ub=11
[2013-07-24 16:25:35.359] [TIME] iteration 2=10423ms
[2013-07-24 16:25:35.359] [STATS] it=2	lb=9	ub=11
[2013-07-24 16:25:45.781] [TIME] iteration 3=10422ms
[2013-07-24 16:25:45.781] [STATS] it=3	lb=10	ub=11
[2013-07-24 16:25:56.208] [TIME] iteration 4=10426ms
[2013-07-24 16:25:56.211] [INFO] shortest constrained triangulation segment: 11:(2013,-1423)->(2009,-1405) (len^2=340)
[2013-07-24 16:25:56.211] [STATS] it=4	lb=11	ub=11
[2013-07-24 16:25:56.211] iterations=4 gap=0
[2013-07-24 16:25:56.211] [TIME] SAT solving=42062ms
[2013-07-24 16:25:56.211] [TIME] total=72495ms
