[2013-07-25 02:49:12.858] [INFO] Running in directory /opt/tmp/hellmann/uniform_distribution
[2013-07-25 02:49:12.858] [INFO] Reading settings from /opt/tmp/hellmann/uniform_distribution/config.json
[2013-07-25 02:49:12.881] [INFO] Reading input file ./0430/random_in_square_0430_2074_098.json ...
[2013-07-25 02:49:43.944] [TIME] generating segments=31015ms
[2013-07-25 02:49:43.948] points=430 segments=92235 convex hull=14
[2013-07-25 02:49:43.948] [INFO] shortest input segment: 0:(-1097,-13)->(-1095,-7) (len^2=40)
[2013-07-25 02:49:44.128] [INFO] shortest non-crossing segment: 5:(2029,-1442)->(2017,-1429) (len^2=313)
[2013-07-25 02:49:44.128] separators=423
[2013-07-25 02:49:45.107] [TIME] intersection graph=1158ms
[2013-07-25 02:49:45.109] [INFO] shortest triangulation segment: 0:(-1097,-13)->(-1095,-7) (len^2=40)
[2013-07-25 02:49:45.109] [INFO] shortest convex hull segment: 602:(2029,-1442)->(2073,-1257) (len^2=36161)
[2013-07-25 02:49:45.109] [STATS] it=0	lb=0	ub=5
[2013-07-25 02:49:45.109] [TIME] controller initialization=32233ms
IBM ILOG License Manager: "university-braunschweig" is accessing CPLEX 12 with option(s): "e m b q use=10 MaintenanceEnd=20110128 ".
[2013-07-25 02:49:55.180] [TIME] iteration 1=10071ms
[2013-07-25 02:49:55.180] [STATS] it=1	lb=3	ub=5
[2013-07-25 02:50:05.076] [TIME] iteration 2=9896ms
[2013-07-25 02:50:05.076] [STATS] it=2	lb=4	ub=5
[2013-07-25 02:50:14.969] [TIME] iteration 3=9894ms
[2013-07-25 02:50:14.972] [INFO] shortest constrained triangulation segment: 5:(2029,-1442)->(2017,-1429) (len^2=313)
[2013-07-25 02:50:14.972] [STATS] it=3	lb=5	ub=5
[2013-07-25 02:50:14.972] iterations=3 gap=0
[2013-07-25 02:50:14.972] [TIME] SAT solving=29861ms
[2013-07-25 02:50:14.972] [TIME] total=62096ms
