[2013-07-24 19:03:08.222] [INFO] Running in directory /opt/tmp/hellmann/uniform_distribution
[2013-07-24 19:03:08.223] [INFO] Reading settings from /opt/tmp/hellmann/uniform_distribution/config.json
[2013-07-24 19:03:08.292] [INFO] Reading input file ./0430/random_in_square_0430_2074_070.json ...
[2013-07-24 19:03:38.594] [TIME] generating segments=30247ms
[2013-07-24 19:03:38.598] points=430 segments=92235 convex hull=14
[2013-07-24 19:03:38.598] [INFO] shortest input segment: 0:(141,1994)->(135,1995) (len^2=37)
[2013-07-24 19:03:38.715] [INFO] shortest non-crossing segment: 3:(2060,1137)->(2062,1148) (len^2=125)
[2013-07-24 19:03:38.716] separators=201
[2013-07-24 19:03:38.982] [TIME] intersection graph=383ms
[2013-07-24 19:03:38.985] [INFO] shortest triangulation segment: 1:(784,-1902)->(786,-1892) (len^2=104)
[2013-07-24 19:03:38.985] [INFO] shortest convex hull segment: 137:(-1963,-2041)->(-2051,-2013) (len^2=8528)
[2013-07-24 19:03:38.985] [STATS] it=0	lb=1	ub=3
[2013-07-24 19:03:38.985] [TIME] controller initialization=30738ms
IBM ILOG License Manager: "university-braunschweig" is accessing CPLEX 12 with option(s): "e m b q use=10 MaintenanceEnd=20110128 ".
[2013-07-24 19:03:48.520] [TIME] iteration 1=9536ms
[2013-07-24 19:03:48.523] [INFO] shortest constrained triangulation segment: 3:(2060,1137)->(2062,1148) (len^2=125)
[2013-07-24 19:03:48.523] [STATS] it=1	lb=3	ub=3
[2013-07-24 19:03:48.523] iterations=1 gap=0
[2013-07-24 19:03:48.523] [TIME] SAT solving=9536ms
[2013-07-24 19:03:48.523] [TIME] total=40276ms
