[2013-07-24 07:03:47.588] [INFO] Running in directory /opt/tmp/hellmann/uniform_distribution
[2013-07-24 07:03:47.589] [INFO] Reading settings from /opt/tmp/hellmann/uniform_distribution/config.json
[2013-07-24 07:03:47.658] [INFO] Reading input file ./0430/random_in_square_0430_2074_029.json ...
[2013-07-24 07:04:16.348] [TIME] generating segments=28631ms
[2013-07-24 07:04:16.352] points=430 segments=92235 convex hull=15
[2013-07-24 07:04:16.352] [INFO] shortest input segment: 0:(178,-435)->(172,-431) (len^2=52)
[2013-07-24 07:04:16.885] [INFO] shortest non-crossing segment: 16:(-852,2018)->(-881,2027) (len^2=922)
[2013-07-24 07:04:16.885] separators=2067
[2013-07-24 07:04:36.345] [TIME] intersection graph=19993ms
[2013-07-24 07:04:36.347] [INFO] shortest triangulation segment: 0:(178,-435)->(172,-431) (len^2=52)
[2013-07-24 07:04:36.347] [INFO] shortest convex hull segment: 137:(2071,1916)->(1998,1965) (len^2=7730)
[2013-07-24 07:04:36.347] [STATS] it=0	lb=0	ub=16
[2013-07-24 07:04:36.347] [TIME] controller initialization=48734ms
IBM ILOG License Manager: "university-braunschweig" is accessing CPLEX 12 with option(s): "e m b q use=10 MaintenanceEnd=20110128 ".
[2013-07-24 07:05:25.383] [TIME] iteration 1=49035ms
[2013-07-24 07:05:25.385] [STATS] it=1	lb=8	ub=16
[2013-07-24 07:06:27.563] [TIME] iteration 2=62179ms
[2013-07-24 07:06:27.824] [INFO] shortest constrained triangulation segment: 16:(-852,2018)->(-881,2027) (len^2=922)
[2013-07-24 07:06:27.824] [STATS] it=2	lb=16	ub=16
[2013-07-24 07:06:27.827] iterations=2 gap=0
[2013-07-24 07:06:27.827] [TIME] SAT solving=111214ms
[2013-07-24 07:06:27.827] [TIME] total=160214ms
