[2013-07-24 22:11:41.720] [INFO] Running in directory /opt/tmp/hellmann/uniform_distribution
[2013-07-24 22:11:41.720] [INFO] Reading settings from /opt/tmp/hellmann/uniform_distribution/config.json
[2013-07-24 22:11:41.746] [INFO] Reading input file ./0430/random_in_square_0430_2074_081.json ...
[2013-07-24 22:12:13.053] [TIME] generating segments=31295ms
[2013-07-24 22:12:13.057] points=430 segments=92235 convex hull=20
[2013-07-24 22:12:13.057] [INFO] shortest input segment: 0:(-1417,1447)->(-1427,1450) (len^2=109)
[2013-07-24 22:12:13.302] [INFO] shortest non-crossing segment: 7:(193,2058)->(222,2058) (len^2=841)
[2013-07-24 22:12:13.302] separators=887
[2013-07-24 22:12:17.019] [TIME] intersection graph=3962ms
[2013-07-24 22:12:17.021] [INFO] shortest triangulation segment: 0:(-1417,1447)->(-1427,1450) (len^2=109)
[2013-07-24 22:12:17.021] [INFO] shortest convex hull segment: 44:(2013,1799)->(1979,1846) (len^2=3365)
[2013-07-24 22:12:17.021] [STATS] it=0	lb=0	ub=7
[2013-07-24 22:12:17.021] [TIME] controller initialization=35275ms
IBM ILOG License Manager: "university-braunschweig" is accessing CPLEX 12 with option(s): "e m b q use=10 MaintenanceEnd=20110128 ".
[2013-07-24 22:12:31.605] [TIME] iteration 1=14584ms
[2013-07-24 22:12:31.607] [INFO] shortest constrained triangulation segment: 7:(193,2058)->(222,2058) (len^2=841)
[2013-07-24 22:12:31.607] [STATS] it=1	lb=7	ub=7
[2013-07-24 22:12:31.607] iterations=1 gap=0
[2013-07-24 22:12:31.607] [TIME] SAT solving=14584ms
[2013-07-24 22:12:31.607] [TIME] total=49862ms
