[2013-07-07 23:41:24.615] [INFO] Running in directory /tmp/hellmann/current_run
[2013-07-07 23:41:24.616] [INFO] Reading settings from /tmp/hellmann/current_run/config.json
[2013-07-07 23:41:24.632] [INFO] Reading input file ./0230/random_in_square_0230_1517_084.json ...
[2013-07-07 23:41:25.685] [TIME] generating segments=1040ms
[2013-07-07 23:41:25.686] points=230 segments=26335 convex hull=19
[2013-07-07 23:41:25.686] [INFO] shortest input segment: 0:(-726,704)->(-724,704) (len^2=4)
[2013-07-07 23:41:26.269] [INFO] shortest non-crossing segment: 38:(-1389,1247)->(-1357,1303) (len^2=4160)
[2013-07-07 23:41:26.269] separators=4094
[2013-07-07 23:42:32.405] [TIME] intersection graph=66718ms
[2013-07-07 23:42:32.406] [INFO] shortest triangulation segment: 0:(-726,704)->(-724,704) (len^2=4)
[2013-07-07 23:42:32.406] [INFO] shortest convex hull segment: 38:(-1389,1247)->(-1357,1303) (len^2=4160)
[2013-07-07 23:42:32.406] [STATS] it=0	lb=0	ub=38
[2013-07-07 23:42:32.406] [TIME] controller initialization=67780ms
IBM ILOG License Manager: "university-braunschweig" is accessing CPLEX 12 with option(s): "e m b q use=10 MaintenanceEnd=20110128 ".
[2013-07-07 23:43:57.110] [TIME] iteration 1=84702ms
[2013-07-07 23:43:57.149] [STATS] it=1	lb=21	ub=38
[2013-07-07 23:45:42.620] [TIME] iteration 2=105464ms
[2013-07-07 23:45:42.659] [STATS] it=2	lb=33	ub=38
[2013-07-07 23:47:41.520] [TIME] iteration 3=118856ms
[2013-07-07 23:47:41.576] [STATS] it=3	lb=37	ub=38
[2013-07-07 23:49:52.560] [TIME] iteration 4=130978ms
[2013-07-07 23:49:52.665] [INFO] shortest constrained triangulation segment: 38:(-1389,1247)->(-1357,1303) (len^2=4160)
[2013-07-07 23:49:52.665] [STATS] it=4	lb=38	ub=38
[2013-07-07 23:49:52.665] iterations=4 gap=0
[2013-07-07 23:49:52.665] [TIME] SAT solving=439980ms
[2013-07-07 23:49:52.665] [TIME] total=508039ms
