[2013-07-07 13:37:09.434] [INFO] Running in directory /tmp/hellmann/current_run
[2013-07-07 13:37:09.434] [INFO] Reading settings from /tmp/hellmann/current_run/config.json
[2013-07-07 13:37:09.448] [INFO] Reading input file ./0230/random_in_square_0230_1517_005.json ...
[2013-07-07 13:37:10.530] [TIME] generating segments=1070ms
[2013-07-07 13:37:10.531] points=230 segments=26335 convex hull=13
[2013-07-07 13:37:10.531] [INFO] shortest input segment: 0:(-424,413)->(-414,415) (len^2=104)
[2013-07-07 13:37:10.585] [INFO] shortest non-crossing segment: 3:(1466,-1261)->(1462,-1243) (len^2=340)
[2013-07-07 13:37:10.585] separators=222
[2013-07-07 13:37:10.924] [TIME] intersection graph=393ms
[2013-07-07 13:37:10.926] [INFO] shortest triangulation segment: 0:(-424,413)->(-414,415) (len^2=104)
[2013-07-07 13:37:10.926] [INFO] shortest convex hull segment: 90:(-1393,-1413)->(-1480,-1389) (len^2=8145)
[2013-07-07 13:37:10.926] [STATS] it=0	lb=0	ub=3
[2013-07-07 13:37:10.926] [TIME] controller initialization=1478ms
IBM ILOG License Manager: "university-braunschweig" is accessing CPLEX 12 with option(s): "e m b q use=10 MaintenanceEnd=20110128 ".
[2013-07-07 13:37:11.973] [TIME] iteration 1=1047ms
[2013-07-07 13:37:11.973] [STATS] it=1	lb=2	ub=3
[2013-07-07 13:37:12.987] [TIME] iteration 2=1013ms
[2013-07-07 13:37:12.988] [INFO] shortest constrained triangulation segment: 3:(1466,-1261)->(1462,-1243) (len^2=340)
[2013-07-07 13:37:12.988] [STATS] it=2	lb=3	ub=3
[2013-07-07 13:37:12.988] iterations=2 gap=0
[2013-07-07 13:37:12.988] [TIME] SAT solving=2059ms
[2013-07-07 13:37:12.988] [TIME] total=3540ms
