[2013-07-07 23:11:16.748] [INFO] Running in directory /tmp/hellmann/current_run
[2013-07-07 23:11:16.748] [INFO] Reading settings from /tmp/hellmann/current_run/config.json
[2013-07-07 23:11:16.760] [INFO] Reading input file ./0230/random_in_square_0230_1517_081.json ...
[2013-07-07 23:11:17.843] [TIME] generating segments=1079ms
[2013-07-07 23:11:17.844] points=230 segments=26335 convex hull=17
[2013-07-07 23:11:17.844] [INFO] shortest input segment: 0:(587,-699)->(591,-694) (len^2=41)
[2013-07-07 23:11:17.881] [INFO] shortest non-crossing segment: 2:(-1499,635)->(-1488,638) (len^2=130)
[2013-07-07 23:11:17.881] separators=60
[2013-07-07 23:11:17.904] [TIME] intersection graph=60ms
[2013-07-07 23:11:17.905] [INFO] shortest triangulation segment: 0:(587,-699)->(591,-694) (len^2=41)
[2013-07-07 23:11:17.905] [INFO] shortest convex hull segment: 7:(1197,-1494)->(1219,-1490) (len^2=500)
[2013-07-07 23:11:17.905] [STATS] it=0	lb=0	ub=2
[2013-07-07 23:11:17.905] [TIME] controller initialization=1156ms
IBM ILOG License Manager: "university-braunschweig" is accessing CPLEX 12 with option(s): "e m b q use=10 MaintenanceEnd=20110128 ".
[2013-07-07 23:11:18.657] [TIME] iteration 1=752ms
[2013-07-07 23:11:18.658] [INFO] shortest constrained triangulation segment: 2:(-1499,635)->(-1488,638) (len^2=130)
[2013-07-07 23:11:18.658] [STATS] it=1	lb=2	ub=2
[2013-07-07 23:11:18.658] iterations=1 gap=0
[2013-07-07 23:11:18.658] [TIME] SAT solving=752ms
[2013-07-07 23:11:18.658] [TIME] total=1910ms
