[2013-07-07 21:56:24.300] [INFO] Running in directory /tmp/hellmann/current_run
[2013-07-07 21:56:24.300] [INFO] Reading settings from /tmp/hellmann/current_run/config.json
[2013-07-07 21:56:24.319] [INFO] Reading input file ./0230/random_in_square_0230_1517_071.json ...
[2013-07-07 21:56:25.417] [TIME] generating segments=1092ms
[2013-07-07 21:56:25.418] points=230 segments=26335 convex hull=17
[2013-07-07 21:56:25.418] [INFO] shortest input segment: 0:(-523,-880)->(-527,-874) (len^2=52)
[2013-07-07 21:56:25.456] [INFO] shortest non-crossing segment: 2:(-488,-1496)->(-478,-1494) (len^2=104)
[2013-07-07 21:56:25.456] separators=34
[2013-07-07 21:56:25.465] [TIME] intersection graph=46ms
[2013-07-07 21:56:25.466] [INFO] shortest triangulation segment: 0:(-523,-880)->(-527,-874) (len^2=52)
[2013-07-07 21:56:25.466] [INFO] shortest convex hull segment: 154:(-1428,1447)->(-1294,1468) (len^2=18397)
[2013-07-07 21:56:25.466] [STATS] it=0	lb=0	ub=2
[2013-07-07 21:56:25.466] [TIME] controller initialization=1154ms
IBM ILOG License Manager: "university-braunschweig" is accessing CPLEX 12 with option(s): "e m b q use=10 MaintenanceEnd=20110128 ".
[2013-07-07 21:56:26.210] [TIME] iteration 1=743ms
[2013-07-07 21:56:26.211] [INFO] shortest constrained triangulation segment: 2:(-488,-1496)->(-478,-1494) (len^2=104)
[2013-07-07 21:56:26.211] [STATS] it=1	lb=2	ub=2
[2013-07-07 21:56:26.211] iterations=1 gap=0
[2013-07-07 21:56:26.211] [TIME] SAT solving=743ms
[2013-07-07 21:56:26.211] [TIME] total=1899ms
