[2013-07-07 19:10:35.999] [INFO] Running in directory /tmp/hellmann/current_run
[2013-07-07 19:10:36.000] [INFO] Reading settings from /tmp/hellmann/current_run/config.json
[2013-07-07 19:10:36.000] [INFO] Reading input file ./0230/random_in_square_0230_1517_050.json ...
[2013-07-07 19:10:37.091] [TIME] generating segments=1079ms
[2013-07-07 19:10:37.092] points=230 segments=26335 convex hull=15
[2013-07-07 19:10:37.092] [INFO] shortest input segment: 0:(184,-945)->(165,-931) (len^2=557)
[2013-07-07 19:10:37.577] [INFO] shortest non-crossing segment: 31:(-1323,1397)->(-1267,1443) (len^2=5252)
[2013-07-07 19:10:37.577] separators=4189
[2013-07-07 19:11:53.341] [TIME] intersection graph=76248ms
[2013-07-07 19:11:53.342] [INFO] shortest triangulation segment: 0:(184,-945)->(165,-931) (len^2=557)
[2013-07-07 19:11:53.342] [INFO] shortest convex hull segment: 31:(-1323,1397)->(-1267,1443) (len^2=5252)
[2013-07-07 19:11:53.342] [STATS] it=0	lb=0	ub=31
[2013-07-07 19:11:53.342] [TIME] controller initialization=77342ms
IBM ILOG License Manager: "university-braunschweig" is accessing CPLEX 12 with option(s): "e m b q use=10 MaintenanceEnd=20110128 ".
[2013-07-07 19:18:58.160] [TIME] iteration 1=424818ms
[2013-07-07 19:18:58.198] [STATS] it=1	lb=22	ub=31
[2013-07-07 19:29:04.292] [TIME] iteration 2=606088ms
[2013-07-07 19:29:04.400] [INFO] shortest constrained triangulation segment: 31:(-1323,1397)->(-1267,1443) (len^2=5252)
[2013-07-07 19:29:04.403] [STATS] it=2	lb=31	ub=31
[2013-07-07 19:29:04.406] iterations=2 gap=0
[2013-07-07 19:29:04.407] [TIME] SAT solving=1030898ms
[2013-07-07 19:29:04.410] [TIME] total=1108409ms
