[2013-07-07 14:44:49.852] [INFO] Running in directory /tmp/hellmann/current_run
[2013-07-07 14:44:49.860] [INFO] Reading settings from /tmp/hellmann/current_run/config.json
[2013-07-07 14:44:49.879] [INFO] Reading input file ./0230/random_in_square_0230_1517_013.json ...
[2013-07-07 14:44:50.929] [TIME] generating segments=1040ms
[2013-07-07 14:44:50.931] points=230 segments=26335 convex hull=11
[2013-07-07 14:44:50.931] [INFO] shortest input segment: 0:(-790,-1432)->(-801,-1430) (len^2=125)
[2013-07-07 14:44:51.419] [INFO] shortest non-crossing segment: 34:(1123,-1460)->(1068,-1435) (len^2=3650)
[2013-07-07 14:44:51.419] separators=2601
[2013-07-07 14:45:16.677] [TIME] intersection graph=25747ms
[2013-07-07 14:45:16.678] [INFO] shortest triangulation segment: 0:(-790,-1432)->(-801,-1430) (len^2=125)
[2013-07-07 14:45:16.678] [INFO] shortest convex hull segment: 327:(1515,1376)->(1354,1461) (len^2=33146)
[2013-07-07 14:45:16.678] [STATS] it=0	lb=0	ub=34
[2013-07-07 14:45:16.679] [TIME] controller initialization=26807ms
IBM ILOG License Manager: "university-braunschweig" is accessing CPLEX 12 with option(s): "e m b q use=10 MaintenanceEnd=20110128 ".
[2013-07-07 14:47:22.710] [TIME] iteration 1=126031ms
[2013-07-07 14:47:22.744] [STATS] it=1	lb=17	ub=34
[2013-07-07 14:48:23.339] [TIME] iteration 2=60594ms
[2013-07-07 14:48:23.363] [STATS] it=2	lb=32	ub=34
[2013-07-07 14:50:11.103] [TIME] iteration 3=107736ms
[2013-07-07 14:50:11.145] [STATS] it=3	lb=33	ub=34
[2013-07-07 14:51:14.737] [TIME] iteration 4=63593ms
[2013-07-07 14:51:14.791] [INFO] shortest constrained triangulation segment: 34:(1123,-1460)->(1068,-1435) (len^2=3650)
[2013-07-07 14:51:14.791] [STATS] it=4	lb=34	ub=34
[2013-07-07 14:51:14.791] iterations=4 gap=0
[2013-07-07 14:51:14.791] [TIME] SAT solving=357946ms
[2013-07-07 14:51:14.791] [TIME] total=384920ms
