[2013-07-07 23:10:14.411] [INFO] Running in directory /tmp/hellmann/current_run
[2013-07-07 23:10:14.411] [INFO] Reading settings from /tmp/hellmann/current_run/config.json
[2013-07-07 23:10:14.412] [INFO] Reading input file ./0230/random_in_square_0230_1517_079.json ...
[2013-07-07 23:10:15.503] [TIME] generating segments=1078ms
[2013-07-07 23:10:15.504] points=230 segments=26335 convex hull=12
[2013-07-07 23:10:15.504] [INFO] shortest input segment: 0:(956,1057)->(934,1065) (len^2=548)
[2013-07-07 23:10:15.764] [INFO] shortest non-crossing segment: 18:(-1306,1192)->(-1352,1202) (len^2=2216)
[2013-07-07 23:10:15.764] separators=1441
[2013-07-07 23:10:24.304] [TIME] intersection graph=8799ms
[2013-07-07 23:10:24.305] [INFO] shortest triangulation segment: 0:(956,1057)->(934,1065) (len^2=548)
[2013-07-07 23:10:24.305] [INFO] shortest convex hull segment: 138:(1480,1381)->(1470,1507) (len^2=15976)
[2013-07-07 23:10:24.305] [STATS] it=0	lb=0	ub=18
[2013-07-07 23:10:24.305] [TIME] controller initialization=9894ms
IBM ILOG License Manager: "university-braunschweig" is accessing CPLEX 12 with option(s): "e m b q use=10 MaintenanceEnd=20110128 ".
[2013-07-07 23:10:40.928] [TIME] iteration 1=16624ms
[2013-07-07 23:10:40.929] [STATS] it=1	lb=9	ub=18
[2013-07-07 23:10:58.157] [TIME] iteration 2=17228ms
[2013-07-07 23:10:58.157] [STATS] it=2	lb=14	ub=18
[2013-07-07 23:11:15.307] [TIME] iteration 3=17149ms
[2013-07-07 23:11:15.309] [INFO] shortest constrained triangulation segment: 18:(-1306,1192)->(-1352,1202) (len^2=2216)
[2013-07-07 23:11:15.309] [STATS] it=3	lb=18	ub=18
[2013-07-07 23:11:15.309] iterations=3 gap=0
[2013-07-07 23:11:15.309] [TIME] SAT solving=51001ms
[2013-07-07 23:11:15.309] [TIME] total=60898ms
