[2013-07-07 22:26:32.984] [INFO] Running in directory /tmp/hellmann/current_run
[2013-07-07 22:26:32.984] [INFO] Reading settings from /tmp/hellmann/current_run/config.json
[2013-07-07 22:26:33.009] [INFO] Reading input file ./0230/random_in_square_0230_1517_074.json ...
[2013-07-07 22:26:34.085] [TIME] generating segments=1063ms
[2013-07-07 22:26:34.086] points=230 segments=26335 convex hull=16
[2013-07-07 22:26:34.086] [INFO] shortest input segment: 0:(-595,176)->(-598,186) (len^2=109)
[2013-07-07 22:26:34.137] [INFO] shortest non-crossing segment: 3:(1467,717)->(1449,736) (len^2=685)
[2013-07-07 22:26:34.137] separators=136
[2013-07-07 22:26:34.236] [TIME] intersection graph=150ms
[2013-07-07 22:26:34.237] [INFO] shortest triangulation segment: 0:(-595,176)->(-598,186) (len^2=109)
[2013-07-07 22:26:34.237] [INFO] shortest convex hull segment: 63:(-1476,898)->(-1472,977) (len^2=6257)
[2013-07-07 22:26:34.238] [STATS] it=0	lb=0	ub=3
[2013-07-07 22:26:34.238] [TIME] controller initialization=1243ms
IBM ILOG License Manager: "university-braunschweig" is accessing CPLEX 12 with option(s): "e m b q use=10 MaintenanceEnd=20110128 ".
[2013-07-07 22:26:36.556] [TIME] iteration 1=2319ms
[2013-07-07 22:26:36.558] [INFO] shortest constrained triangulation segment: 3:(1467,717)->(1449,736) (len^2=685)
[2013-07-07 22:26:36.558] [STATS] it=1	lb=3	ub=3
[2013-07-07 22:26:36.558] iterations=1 gap=0
[2013-07-07 22:26:36.558] [TIME] SAT solving=2319ms
[2013-07-07 22:26:36.558] [TIME] total=3565ms
