[2013-07-08 00:20:57.254] [INFO] Running in directory /tmp/hellmann/current_run
[2013-07-08 00:20:57.254] [INFO] Reading settings from /tmp/hellmann/current_run/config.json
[2013-07-08 00:20:57.255] [INFO] Reading input file ./0230/random_in_square_0230_1517_090.json ...
[2013-07-08 00:20:58.423] [TIME] generating segments=1153ms
[2013-07-08 00:20:58.424] points=230 segments=26335 convex hull=13
[2013-07-08 00:20:58.424] [INFO] shortest input segment: 0:(688,-701)->(680,-696) (len^2=89)
[2013-07-08 00:20:58.476] [INFO] shortest non-crossing segment: 3:(-1113,-1503)->(-1102,-1487) (len^2=377)
[2013-07-08 00:20:58.476] separators=126
[2013-07-08 00:20:58.552] [TIME] intersection graph=127ms
[2013-07-08 00:20:58.553] [INFO] shortest triangulation segment: 0:(688,-701)->(680,-696) (len^2=89)
[2013-07-08 00:20:58.553] [INFO] shortest convex hull segment: 53:(1418,-1453)->(1473,-1399) (len^2=5941)
[2013-07-08 00:20:58.553] [STATS] it=0	lb=0	ub=3
[2013-07-08 00:20:58.553] [TIME] controller initialization=1299ms
IBM ILOG License Manager: "university-braunschweig" is accessing CPLEX 12 with option(s): "e m b q use=10 MaintenanceEnd=20110128 ".
[2013-07-08 00:21:00.979] [TIME] iteration 1=2426ms
[2013-07-08 00:21:00.981] [INFO] shortest constrained triangulation segment: 3:(-1113,-1503)->(-1102,-1487) (len^2=377)
[2013-07-08 00:21:00.981] [STATS] it=1	lb=3	ub=3
[2013-07-08 00:21:00.981] iterations=1 gap=0
[2013-07-08 00:21:00.981] [TIME] SAT solving=2426ms
[2013-07-08 00:21:00.981] [TIME] total=3727ms
