[2013-07-07 12:35:00.351] [INFO] Running in directory /tmp/hellmann/current_run
[2013-07-07 12:35:00.351] [INFO] Reading settings from /tmp/hellmann/current_run/config.json
[2013-07-07 12:35:00.360] [INFO] Reading input file ./0230/random_in_square_0230_1517_001.json ...
[2013-07-07 12:35:01.490] [TIME] generating segments=1122ms
[2013-07-07 12:35:01.491] points=230 segments=26335 convex hull=14
[2013-07-07 12:35:01.491] [INFO] shortest input segment: 0:(-22,181)->(-10,188) (len^2=193)
[2013-07-07 12:35:01.659] [INFO] shortest non-crossing segment: 11:(-1411,-1423)->(-1444,-1415) (len^2=1153)
[2013-07-07 12:35:01.659] separators=1023
[2013-07-07 12:35:08.190] [TIME] intersection graph=6698ms
[2013-07-07 12:35:08.191] [INFO] shortest triangulation segment: 1:(358,64)->(354,80) (len^2=272)
[2013-07-07 12:35:08.191] [INFO] shortest convex hull segment: 197:(-1296,-1459)->(-1444,-1415) (len^2=23840)
[2013-07-07 12:35:08.191] [STATS] it=0	lb=1	ub=11
[2013-07-07 12:35:08.191] [TIME] controller initialization=7840ms
IBM ILOG License Manager: "university-braunschweig" is accessing CPLEX 12 with option(s): "e m b q use=10 MaintenanceEnd=20110128 ".
[2013-07-07 12:35:20.953] [TIME] iteration 1=12763ms
[2013-07-07 12:35:20.953] [STATS] it=1	lb=9	ub=11
[2013-07-07 12:35:33.815] [TIME] iteration 2=12862ms
[2013-07-07 12:35:33.816] [INFO] shortest constrained triangulation segment: 11:(-1411,-1423)->(-1444,-1415) (len^2=1153)
[2013-07-07 12:35:33.816] [STATS] it=2	lb=11	ub=11
[2013-07-07 12:35:33.816] iterations=2 gap=0
[2013-07-07 12:35:33.816] [TIME] SAT solving=25625ms
[2013-07-07 12:35:33.816] [TIME] total=33465ms
