[2013-07-07 22:26:36.618] [INFO] Running in directory /tmp/hellmann/current_run
[2013-07-07 22:26:36.618] [INFO] Reading settings from /tmp/hellmann/current_run/config.json
[2013-07-07 22:26:36.618] [INFO] Reading input file ./0230/random_in_square_0230_1517_075.json ...
[2013-07-07 22:26:38.083] [TIME] generating segments=1453ms
[2013-07-07 22:26:38.085] points=230 segments=26335 convex hull=16
[2013-07-07 22:26:38.085] [INFO] shortest input segment: 0:(-1198,239)->(-1194,242) (len^2=25)
[2013-07-07 22:26:38.556] [INFO] shortest non-crossing segment: 32:(1447,1324)->(1496,1353) (len^2=3242)
[2013-07-07 22:26:38.556] separators=3095
[2013-07-07 22:27:19.423] [TIME] intersection graph=41339ms
[2013-07-07 22:27:19.424] [INFO] shortest triangulation segment: 0:(-1198,239)->(-1194,242) (len^2=25)
[2013-07-07 22:27:19.424] [INFO] shortest convex hull segment: 254:(1408,-1356)->(1474,-1198) (len^2=29320)
[2013-07-07 22:27:19.425] [STATS] it=0	lb=0	ub=32
[2013-07-07 22:27:19.425] [TIME] controller initialization=42807ms
IBM ILOG License Manager: "university-braunschweig" is accessing CPLEX 12 with option(s): "e m b q use=10 MaintenanceEnd=20110128 ".
[2013-07-07 22:33:03.948] [TIME] iteration 1=344523ms
[2013-07-07 22:33:03.976] [STATS] it=1	lb=17	ub=32
[2013-07-07 22:39:53.002] [TIME] iteration 2=409022ms
[2013-07-07 22:39:53.069] [INFO] shortest constrained triangulation segment: 32:(1447,1324)->(1496,1353) (len^2=3242)
[2013-07-07 22:39:53.069] [STATS] it=2	lb=32	ub=32
[2013-07-07 22:39:53.069] iterations=2 gap=0
[2013-07-07 22:39:53.069] [TIME] SAT solving=753538ms
[2013-07-07 22:39:53.070] [TIME] total=796451ms
