[2013-07-07 13:37:13.065] [INFO] Running in directory /tmp/hellmann/current_run
[2013-07-07 13:37:13.065] [INFO] Reading settings from /tmp/hellmann/current_run/config.json
[2013-07-07 13:37:13.066] [INFO] Reading input file ./0230/random_in_square_0230_1517_006.json ...
[2013-07-07 13:37:14.150] [TIME] generating segments=1070ms
[2013-07-07 13:37:14.151] points=230 segments=26335 convex hull=17
[2013-07-07 13:37:14.151] [INFO] shortest input segment: 0:(-1239,-1419)->(-1237,-1417) (len^2=8)
[2013-07-07 13:37:14.296] [INFO] shortest non-crossing segment: 10:(-1215,-1482)->(-1254,-1471) (len^2=1642)
[2013-07-07 13:37:14.296] separators=474
[2013-07-07 13:37:15.274] [TIME] intersection graph=1123ms
[2013-07-07 13:37:15.276] [INFO] shortest triangulation segment: 0:(-1239,-1419)->(-1237,-1417) (len^2=8)
[2013-07-07 13:37:15.276] [INFO] shortest convex hull segment: 10:(-1215,-1482)->(-1254,-1471) (len^2=1642)
[2013-07-07 13:37:15.276] [STATS] it=0	lb=0	ub=10
[2013-07-07 13:37:15.276] [TIME] controller initialization=2209ms
IBM ILOG License Manager: "university-braunschweig" is accessing CPLEX 12 with option(s): "e m b q use=10 MaintenanceEnd=20110128 ".
[2013-07-07 13:37:17.066] [TIME] iteration 1=1790ms
[2013-07-07 13:37:17.066] [STATS] it=1	lb=5	ub=10
[2013-07-07 13:37:18.826] [TIME] iteration 2=1760ms
[2013-07-07 13:37:18.826] [STATS] it=2	lb=9	ub=10
[2013-07-07 13:37:20.664] [TIME] iteration 3=1839ms
[2013-07-07 13:37:20.665] [INFO] shortest constrained triangulation segment: 10:(-1215,-1482)->(-1254,-1471) (len^2=1642)
[2013-07-07 13:37:20.665] [STATS] it=3	lb=10	ub=10
[2013-07-07 13:37:20.666] iterations=3 gap=0
[2013-07-07 13:37:20.666] [TIME] SAT solving=5389ms
[2013-07-07 13:37:20.666] [TIME] total=7600ms
