[2013-07-07 23:11:18.674] [INFO] Running in directory /tmp/hellmann/current_run
[2013-07-07 23:11:18.674] [INFO] Reading settings from /tmp/hellmann/current_run/config.json
[2013-07-07 23:11:18.674] [INFO] Reading input file ./0230/random_in_square_0230_1517_082.json ...
[2013-07-07 23:11:19.765] [TIME] generating segments=1087ms
[2013-07-07 23:11:19.766] points=230 segments=26335 convex hull=13
[2013-07-07 23:11:19.766] [INFO] shortest input segment: 0:(850,1233)->(844,1236) (len^2=45)
[2013-07-07 23:11:19.813] [INFO] shortest non-crossing segment: 3:(-1463,-1506)->(-1468,-1494) (len^2=169)
[2013-07-07 23:11:19.813] separators=21
[2013-07-07 23:11:19.816] [TIME] intersection graph=50ms
[2013-07-07 23:11:19.818] [INFO] shortest triangulation segment: 0:(850,1233)->(844,1236) (len^2=45)
[2013-07-07 23:11:19.818] [INFO] shortest convex hull segment: 3:(-1463,-1506)->(-1468,-1494) (len^2=169)
[2013-07-07 23:11:19.818] [STATS] it=0	lb=0	ub=3
[2013-07-07 23:11:19.818] [TIME] controller initialization=1143ms
IBM ILOG License Manager: "university-braunschweig" is accessing CPLEX 12 with option(s): "e m b q use=10 MaintenanceEnd=20110128 ".
[2013-07-07 23:11:20.556] [TIME] iteration 1=739ms
[2013-07-07 23:11:20.556] [STATS] it=1	lb=2	ub=3
[2013-07-07 23:11:21.291] [TIME] iteration 2=734ms
[2013-07-07 23:11:21.292] [INFO] shortest constrained triangulation segment: 3:(-1463,-1506)->(-1468,-1494) (len^2=169)
[2013-07-07 23:11:21.292] [STATS] it=2	lb=3	ub=3
[2013-07-07 23:11:21.292] iterations=2 gap=0
[2013-07-07 23:11:21.292] [TIME] SAT solving=1473ms
[2013-07-07 23:11:21.292] [TIME] total=2618ms
