[2013-07-07 19:29:16.121] [INFO] Running in directory /tmp/hellmann/current_run
[2013-07-07 19:29:16.121] [INFO] Reading settings from /tmp/hellmann/current_run/config.json
[2013-07-07 19:29:16.121] [INFO] Reading input file ./0230/random_in_square_0230_1517_052.json ...
[2013-07-07 19:29:17.241] [TIME] generating segments=1106ms
[2013-07-07 19:29:17.242] points=230 segments=26335 convex hull=14
[2013-07-07 19:29:17.242] [INFO] shortest input segment: 0:(-649,1468)->(-657,1470) (len^2=68)
[2013-07-07 19:29:17.445] [INFO] shortest non-crossing segment: 14:(1472,1426)->(1504,1454) (len^2=1808)
[2013-07-07 19:29:17.446] separators=969
[2013-07-07 19:29:22.168] [TIME] intersection graph=4926ms
[2013-07-07 19:29:22.169] [INFO] shortest triangulation segment: 0:(-649,1468)->(-657,1470) (len^2=68)
[2013-07-07 19:29:22.169] [INFO] shortest convex hull segment: 46:(884,1509)->(811,1513) (len^2=5345)
[2013-07-07 19:29:22.169] [STATS] it=0	lb=0	ub=14
[2013-07-07 19:29:22.169] [TIME] controller initialization=6048ms
IBM ILOG License Manager: "university-braunschweig" is accessing CPLEX 12 with option(s): "e m b q use=10 MaintenanceEnd=20110128 ".
[2013-07-07 19:29:31.137] [TIME] iteration 1=8969ms
[2013-07-07 19:29:31.137] [STATS] it=1	lb=7	ub=14
[2013-07-07 19:29:40.359] [TIME] iteration 2=9221ms
[2013-07-07 19:29:40.359] [STATS] it=2	lb=11	ub=14
[2013-07-07 19:29:51.996] [TIME] iteration 3=11637ms
[2013-07-07 19:29:51.996] [STATS] it=3	lb=13	ub=14
[2013-07-07 19:30:01.061] [TIME] iteration 4=9065ms
[2013-07-07 19:30:01.063] [INFO] shortest constrained triangulation segment: 14:(1472,1426)->(1504,1454) (len^2=1808)
[2013-07-07 19:30:01.063] [STATS] it=4	lb=14	ub=14
[2013-07-07 19:30:01.063] iterations=4 gap=0
[2013-07-07 19:30:01.063] [TIME] SAT solving=38892ms
[2013-07-07 19:30:01.063] [TIME] total=44943ms
