[2013-07-08 01:21:32.542] [INFO] Running in directory /tmp/hellmann/current_run
[2013-07-08 01:21:32.542] [INFO] Reading settings from /tmp/hellmann/current_run/config.json
[2013-07-08 01:21:32.542] [INFO] Reading input file ./0230/random_in_square_0230_1517_095.json ...
[2013-07-08 01:21:33.646] [TIME] generating segments=1087ms
[2013-07-08 01:21:33.647] points=230 segments=26335 convex hull=14
[2013-07-08 01:21:33.647] [INFO] shortest input segment: 0:(-893,-1473)->(-900,-1458) (len^2=274)
[2013-07-08 01:21:33.781] [INFO] shortest non-crossing segment: 9:(1502,-1236)->(1472,-1234) (len^2=904)
[2013-07-08 01:21:33.781] separators=642
[2013-07-08 01:21:36.069] [TIME] intersection graph=2422ms
[2013-07-08 01:21:36.071] [INFO] shortest triangulation segment: 0:(-893,-1473)->(-900,-1458) (len^2=274)
[2013-07-08 01:21:36.071] [INFO] shortest convex hull segment: 10:(1361,1395)->(1330,1401) (len^2=997)
[2013-07-08 01:21:36.071] [STATS] it=0	lb=0	ub=9
[2013-07-08 01:21:36.071] [TIME] controller initialization=3528ms
IBM ILOG License Manager: "university-braunschweig" is accessing CPLEX 12 with option(s): "e m b q use=10 MaintenanceEnd=20110128 ".
[2013-07-08 01:21:40.125] [TIME] iteration 1=4054ms
[2013-07-08 01:21:40.126] [STATS] it=1	lb=5	ub=9
[2013-07-08 01:21:44.096] [TIME] iteration 2=3971ms
[2013-07-08 01:21:44.097] [INFO] shortest constrained triangulation segment: 9:(1502,-1236)->(1472,-1234) (len^2=904)
[2013-07-08 01:21:44.098] [STATS] it=2	lb=9	ub=9
[2013-07-08 01:21:44.098] iterations=2 gap=0
[2013-07-08 01:21:44.098] [TIME] SAT solving=8025ms
[2013-07-08 01:21:44.098] [TIME] total=11555ms
