[2013-07-07 19:02:54.964] [INFO] Running in directory /tmp/hellmann/current_run
[2013-07-07 19:02:54.964] [INFO] Reading settings from /tmp/hellmann/current_run/config.json
[2013-07-07 19:02:54.970] [INFO] Reading input file ./0230/random_in_square_0230_1517_048.json ...
[2013-07-07 19:02:56.031] [TIME] generating segments=1048ms
[2013-07-07 19:02:56.032] points=230 segments=26335 convex hull=12
[2013-07-07 19:02:56.032] [INFO] shortest input segment: 0:(-777,-1358)->(-783,-1347) (len^2=157)
[2013-07-07 19:02:56.456] [INFO] shortest non-crossing segment: 28:(1282,-1483)->(1233,-1455) (len^2=3185)
[2013-07-07 19:02:56.456] separators=2988
[2013-07-07 19:03:35.337] [TIME] intersection graph=39304ms
[2013-07-07 19:03:35.338] [INFO] shortest triangulation segment: 0:(-777,-1358)->(-783,-1347) (len^2=157)
[2013-07-07 19:03:35.338] [INFO] shortest convex hull segment: 29:(-1395,-1493)->(-1450,-1477) (len^2=3281)
[2013-07-07 19:03:35.338] [STATS] it=0	lb=0	ub=28
[2013-07-07 19:03:35.338] [TIME] controller initialization=40373ms
IBM ILOG License Manager: "university-braunschweig" is accessing CPLEX 12 with option(s): "e m b q use=10 MaintenanceEnd=20110128 ".
[2013-07-07 19:05:12.939] [TIME] iteration 1=97601ms
[2013-07-07 19:05:12.956] [STATS] it=1	lb=14	ub=28
[2013-07-07 19:08:44.359] [TIME] iteration 2=211401ms
[2013-07-07 19:08:44.385] [STATS] it=2	lb=25	ub=28
[2013-07-07 19:10:32.709] [TIME] iteration 3=108323ms
[2013-07-07 19:10:32.786] [INFO] shortest constrained triangulation segment: 28:(1282,-1483)->(1233,-1455) (len^2=3185)
[2013-07-07 19:10:32.789] [STATS] it=3	lb=28	ub=28
[2013-07-07 19:10:32.790] iterations=3 gap=0
[2013-07-07 19:10:32.791] [TIME] SAT solving=417318ms
[2013-07-07 19:10:32.793] [TIME] total=457829ms
