[2013-07-07 18:58:49.755] [INFO] Running in directory /tmp/hellmann/current_run
[2013-07-07 18:58:49.755] [INFO] Reading settings from /tmp/hellmann/current_run/config.json
[2013-07-07 18:58:49.755] [INFO] Reading input file ./0230/random_in_square_0230_1517_046.json ...
[2013-07-07 18:58:50.869] [TIME] generating segments=1098ms
[2013-07-07 18:58:50.870] points=230 segments=26335 convex hull=14
[2013-07-07 18:58:50.870] [INFO] shortest input segment: 0:(335,577)->(328,590) (len^2=218)
[2013-07-07 18:58:51.197] [INFO] shortest non-crossing segment: 21:(1474,940)->(1472,992) (len^2=2708)
[2013-07-07 18:58:51.197] separators=2618
[2013-07-07 18:59:24.383] [TIME] intersection graph=33512ms
[2013-07-07 18:59:24.385] [INFO] shortest triangulation segment: 0:(335,577)->(328,590) (len^2=218)
[2013-07-07 18:59:24.385] [INFO] shortest convex hull segment: 341:(-1484,948)->(-1357,1102) (len^2=39845)
[2013-07-07 18:59:24.385] [STATS] it=0	lb=0	ub=21
[2013-07-07 18:59:24.385] [TIME] controller initialization=34629ms
IBM ILOG License Manager: "university-braunschweig" is accessing CPLEX 12 with option(s): "e m b q use=10 MaintenanceEnd=20110128 ".
[2013-07-07 19:01:15.240] [TIME] iteration 1=110856ms
[2013-07-07 19:01:15.267] [STATS] it=1	lb=12	ub=21
[2013-07-07 19:02:51.114] [TIME] iteration 2=95847ms
[2013-07-07 19:02:51.169] [INFO] shortest constrained triangulation segment: 21:(1474,940)->(1472,992) (len^2=2708)
[2013-07-07 19:02:51.169] [STATS] it=2	lb=21	ub=21
[2013-07-07 19:02:51.169] iterations=2 gap=0
[2013-07-07 19:02:51.169] [TIME] SAT solving=206695ms
[2013-07-07 19:02:51.169] [TIME] total=241413ms
