[2013-07-07 23:50:00.018] [INFO] Running in directory /tmp/hellmann/current_run
[2013-07-07 23:50:00.018] [INFO] Reading settings from /tmp/hellmann/current_run/config.json
[2013-07-07 23:50:00.029] [INFO] Reading input file ./0230/random_in_square_0230_1517_085.json ...
[2013-07-07 23:50:01.206] [TIME] generating segments=1170ms
[2013-07-07 23:50:01.207] points=230 segments=26335 convex hull=13
[2013-07-07 23:50:01.208] [INFO] shortest input segment: 0:(-429,-1263)->(-421,-1252) (len^2=185)
[2013-07-07 23:50:01.389] [INFO] shortest non-crossing segment: 12:(-1382,1159)->(-1405,1191) (len^2=1553)
[2013-07-07 23:50:01.389] separators=1097
[2013-07-07 23:50:07.411] [TIME] intersection graph=6202ms
[2013-07-07 23:50:07.412] [INFO] shortest triangulation segment: 0:(-429,-1263)->(-421,-1252) (len^2=185)
[2013-07-07 23:50:07.412] [INFO] shortest convex hull segment: 191:(1151,-1409)->(1274,-1339) (len^2=20029)
[2013-07-07 23:50:07.412] [STATS] it=0	lb=0	ub=12
[2013-07-07 23:50:07.412] [TIME] controller initialization=7383ms
IBM ILOG License Manager: "university-braunschweig" is accessing CPLEX 12 with option(s): "e m b q use=10 MaintenanceEnd=20110128 ".
[2013-07-07 23:50:19.031] [TIME] iteration 1=11620ms
[2013-07-07 23:50:19.031] [STATS] it=1	lb=7	ub=12
[2013-07-07 23:50:29.086] [TIME] iteration 2=10054ms
[2013-07-07 23:50:29.087] [INFO] shortest constrained triangulation segment: 12:(-1382,1159)->(-1405,1191) (len^2=1553)
[2013-07-07 23:50:29.087] [STATS] it=2	lb=12	ub=12
[2013-07-07 23:50:29.087] iterations=2 gap=0
[2013-07-07 23:50:29.087] [TIME] SAT solving=21674ms
[2013-07-07 23:50:29.087] [TIME] total=29058ms
