[2013-07-07 23:50:31.204] [INFO] Running in directory /tmp/hellmann/current_run
[2013-07-07 23:50:31.204] [INFO] Reading settings from /tmp/hellmann/current_run/config.json
[2013-07-07 23:50:31.214] [INFO] Reading input file ./0230/random_in_square_0230_1517_087.json ...
[2013-07-07 23:50:32.311] [TIME] generating segments=1087ms
[2013-07-07 23:50:32.313] points=230 segments=26335 convex hull=14
[2013-07-07 23:50:32.313] [INFO] shortest input segment: 0:(-582,-790)->(-573,-774) (len^2=337)
[2013-07-07 23:50:32.488] [INFO] shortest non-crossing segment: 12:(-1248,-1494)->(-1218,-1484) (len^2=1000)
[2013-07-07 23:50:32.488] separators=840
[2013-07-07 23:50:36.329] [TIME] intersection graph=4016ms
[2013-07-07 23:50:36.330] [INFO] shortest triangulation segment: 0:(-582,-790)->(-573,-774) (len^2=337)
[2013-07-07 23:50:36.330] [INFO] shortest convex hull segment: 660:(1286,1266)->(1092,1479) (len^2=83005)
[2013-07-07 23:50:36.330] [STATS] it=0	lb=0	ub=12
[2013-07-07 23:50:36.330] [TIME] controller initialization=5125ms
IBM ILOG License Manager: "university-braunschweig" is accessing CPLEX 12 with option(s): "e m b q use=10 MaintenanceEnd=20110128 ".
[2013-07-07 23:50:43.031] [TIME] iteration 1=6701ms
[2013-07-07 23:50:43.031] [STATS] it=1	lb=8	ub=12
[2013-07-07 23:50:49.712] [TIME] iteration 2=6681ms
[2013-07-07 23:50:49.713] [INFO] shortest constrained triangulation segment: 12:(-1248,-1494)->(-1218,-1484) (len^2=1000)
[2013-07-07 23:50:49.713] [STATS] it=2	lb=12	ub=12
[2013-07-07 23:50:49.713] iterations=2 gap=0
[2013-07-07 23:50:49.713] [TIME] SAT solving=13382ms
[2013-07-07 23:50:49.713] [TIME] total=18510ms
