[2013-07-07 20:54:57.717] [INFO] Running in directory /tmp/hellmann/current_run
[2013-07-07 20:54:57.717] [INFO] Reading settings from /tmp/hellmann/current_run/config.json
[2013-07-07 20:54:57.717] [INFO] Reading input file ./0230/random_in_square_0230_1517_064.json ...
[2013-07-07 20:54:58.833] [TIME] generating segments=1099ms
[2013-07-07 20:54:58.834] points=230 segments=26335 convex hull=12
[2013-07-07 20:54:58.834] [INFO] shortest input segment: 0:(1088,-106)->(1082,-95) (len^2=157)
[2013-07-07 20:54:58.858] [INFO] shortest non-crossing segment: 1:(-1446,1192)->(-1450,1211) (len^2=377)
[2013-07-07 20:54:58.858] separators=27
[2013-07-07 20:54:58.865] [TIME] intersection graph=31ms
[2013-07-07 20:54:58.866] [INFO] shortest triangulation segment: 0:(1088,-106)->(1082,-95) (len^2=157)
[2013-07-07 20:54:58.866] [INFO] shortest convex hull segment: 70:(-1398,-1476)->(-1462,-1408) (len^2=8720)
[2013-07-07 20:54:58.866] [STATS] it=0	lb=0	ub=1
[2013-07-07 20:54:58.866] [TIME] controller initialization=1149ms
IBM ILOG License Manager: "university-braunschweig" is accessing CPLEX 12 with option(s): "e m b q use=10 MaintenanceEnd=20110128 ".
[2013-07-07 20:54:59.610] [TIME] iteration 1=744ms
[2013-07-07 20:54:59.611] [INFO] shortest constrained triangulation segment: 1:(-1446,1192)->(-1450,1211) (len^2=377)
[2013-07-07 20:54:59.611] [STATS] it=1	lb=1	ub=1
[2013-07-07 20:54:59.611] iterations=1 gap=0
[2013-07-07 20:54:59.611] [TIME] SAT solving=744ms
[2013-07-07 20:54:59.611] [TIME] total=1895ms
