[2013-07-07 23:10:09.903] [INFO] Running in directory /tmp/hellmann/current_run
[2013-07-07 23:10:09.903] [INFO] Reading settings from /tmp/hellmann/current_run/config.json
[2013-07-07 23:10:09.918] [INFO] Reading input file ./0230/random_in_square_0230_1517_078.json ...
[2013-07-07 23:10:10.999] [TIME] generating segments=1073ms
[2013-07-07 23:10:11.000] points=230 segments=26335 convex hull=14
[2013-07-07 23:10:11.000] [INFO] shortest input segment: 0:(53,1155)->(50,1157) (len^2=13)
[2013-07-07 23:10:11.037] [INFO] shortest non-crossing segment: 2:(-989,-1376)->(-975,-1371) (len^2=221)
[2013-07-07 23:10:11.037] separators=26
[2013-07-07 23:10:11.042] [TIME] intersection graph=41ms
[2013-07-07 23:10:11.043] [INFO] shortest triangulation segment: 0:(53,1155)->(50,1157) (len^2=13)
[2013-07-07 23:10:11.043] [INFO] shortest convex hull segment: 110:(-1428,-1253)->(-1494,-1154) (len^2=14157)
[2013-07-07 23:10:11.043] [STATS] it=0	lb=0	ub=2
[2013-07-07 23:10:11.043] [TIME] controller initialization=1131ms
IBM ILOG License Manager: "university-braunschweig" is accessing CPLEX 12 with option(s): "e m b q use=10 MaintenanceEnd=20110128 ".
[2013-07-07 23:10:14.355] [TIME] iteration 1=3312ms
[2013-07-07 23:10:14.357] [INFO] shortest constrained triangulation segment: 2:(-989,-1376)->(-975,-1371) (len^2=221)
[2013-07-07 23:10:14.357] [STATS] it=1	lb=2	ub=2
[2013-07-07 23:10:14.357] iterations=1 gap=0
[2013-07-07 23:10:14.357] [TIME] SAT solving=3312ms
[2013-07-07 23:10:14.357] [TIME] total=4444ms
