[2013-07-07 21:26:16.805] [INFO] Running in directory /tmp/hellmann/current_run
[2013-07-07 21:26:16.806] [INFO] Reading settings from /tmp/hellmann/current_run/config.json
[2013-07-07 21:26:16.823] [INFO] Reading input file ./0230/random_in_square_0230_1517_069.json ...
[2013-07-07 21:26:17.914] [TIME] generating segments=1083ms
[2013-07-07 21:26:17.915] points=230 segments=26335 convex hull=13
[2013-07-07 21:26:17.915] [INFO] shortest input segment: 0:(-1142,181)->(-1144,185) (len^2=20)
[2013-07-07 21:26:18.005] [INFO] shortest non-crossing segment: 6:(1484,1487)->(1511,1502) (len^2=954)
[2013-07-07 21:26:18.005] separators=268
[2013-07-07 21:26:18.400] [TIME] intersection graph=485ms
[2013-07-07 21:26:18.402] [INFO] shortest triangulation segment: 0:(-1142,181)->(-1144,185) (len^2=20)
[2013-07-07 21:26:18.402] [INFO] shortest convex hull segment: 70:(-1473,1403)->(-1452,1495) (len^2=8905)
[2013-07-07 21:26:18.402] [STATS] it=0	lb=0	ub=6
[2013-07-07 21:26:18.402] [TIME] controller initialization=1579ms
IBM ILOG License Manager: "university-braunschweig" is accessing CPLEX 12 with option(s): "e m b q use=10 MaintenanceEnd=20110128 ".
[2013-07-07 21:26:21.092] [TIME] iteration 1=2691ms
[2013-07-07 21:26:21.092] [STATS] it=1	lb=3	ub=6
[2013-07-07 21:26:22.148] [TIME] iteration 2=1056ms
[2013-07-07 21:26:22.148] [STATS] it=2	lb=5	ub=6
[2013-07-07 21:26:23.219] [TIME] iteration 3=1070ms
[2013-07-07 21:26:23.220] [INFO] shortest constrained triangulation segment: 1:(603,-8)->(597,-1) (len^2=85)
[2013-07-07 21:26:23.220] [STATS] it=3	lb=6	ub=6
[2013-07-07 21:26:23.220] iterations=3 gap=0
[2013-07-07 21:26:23.220] [TIME] SAT solving=4817ms
[2013-07-07 21:26:23.220] [TIME] total=6397ms
