[2013-07-07 14:07:59.375] [INFO] Running in directory /tmp/hellmann/current_run
[2013-07-07 14:07:59.376] [INFO] Reading settings from /tmp/hellmann/current_run/config.json
[2013-07-07 14:07:59.376] [INFO] Reading input file ./0230/random_in_square_0230_1517_011.json ...
[2013-07-07 14:08:00.556] [TIME] generating segments=1169ms
[2013-07-07 14:08:00.557] points=230 segments=26335 convex hull=15
[2013-07-07 14:08:00.557] [INFO] shortest input segment: 0:(29,-709)->(31,-701) (len^2=68)
[2013-07-07 14:08:01.072] [INFO] shortest non-crossing segment: 35:(1327,1331)->(1367,1376) (len^2=3625)
[2013-07-07 14:08:01.072] separators=3163
[2013-07-07 14:08:42.904] [TIME] intersection graph=42346ms
[2013-07-07 14:08:42.905] [INFO] shortest triangulation segment: 0:(29,-709)->(31,-701) (len^2=68)
[2013-07-07 14:08:42.905] [INFO] shortest convex hull segment: 373:(1435,1184)->(1367,1376) (len^2=41488)
[2013-07-07 14:08:42.905] [STATS] it=0	lb=0	ub=35
[2013-07-07 14:08:42.905] [TIME] controller initialization=43530ms
IBM ILOG License Manager: "university-braunschweig" is accessing CPLEX 12 with option(s): "e m b q use=10 MaintenanceEnd=20110128 ".
[2013-07-07 14:11:00.307] [TIME] iteration 1=137401ms
[2013-07-07 14:11:00.392] [STATS] it=1	lb=23	ub=35
[2013-07-07 14:12:56.814] [TIME] iteration 2=116422ms
[2013-07-07 14:12:56.844] [STATS] it=2	lb=30	ub=35
[2013-07-07 14:14:42.201] [TIME] iteration 3=105356ms
[2013-07-07 14:14:42.302] [INFO] shortest constrained triangulation segment: 35:(1327,1331)->(1367,1376) (len^2=3625)
[2013-07-07 14:14:42.304] [STATS] it=3	lb=35	ub=35
[2013-07-07 14:14:42.311] iterations=3 gap=0
[2013-07-07 14:14:42.312] [TIME] SAT solving=359179ms
[2013-07-07 14:14:42.314] [TIME] total=402939ms
