[2013-07-07 21:56:26.270] [INFO] Running in directory /tmp/hellmann/current_run
[2013-07-07 21:56:26.270] [INFO] Reading settings from /tmp/hellmann/current_run/config.json
[2013-07-07 21:56:26.286] [INFO] Reading input file ./0230/random_in_square_0230_1517_072.json ...
[2013-07-07 21:56:27.339] [TIME] generating segments=1042ms
[2013-07-07 21:56:27.340] points=230 segments=26335 convex hull=12
[2013-07-07 21:56:27.340] [INFO] shortest input segment: 0:(480,-630)->(491,-630) (len^2=121)
[2013-07-07 21:56:27.366] [INFO] shortest non-crossing segment: 1:(-1068,1488)->(-1066,1502) (len^2=200)
[2013-07-07 21:56:27.366] separators=45
[2013-07-07 21:56:27.386] [TIME] intersection graph=45ms
[2013-07-07 21:56:27.387] [INFO] shortest triangulation segment: 0:(480,-630)->(491,-630) (len^2=121)
[2013-07-07 21:56:27.387] [INFO] shortest convex hull segment: 69:(-1462,1190)->(-1449,1279) (len^2=8090)
[2013-07-07 21:56:27.387] [STATS] it=0	lb=0	ub=1
[2013-07-07 21:56:27.387] [TIME] controller initialization=1116ms
IBM ILOG License Manager: "university-braunschweig" is accessing CPLEX 12 with option(s): "e m b q use=10 MaintenanceEnd=20110128 ".
[2013-07-07 21:56:28.133] [TIME] iteration 1=747ms
[2013-07-07 21:56:28.134] [INFO] shortest constrained triangulation segment: 1:(-1068,1488)->(-1066,1502) (len^2=200)
[2013-07-07 21:56:28.135] [STATS] it=1	lb=1	ub=1
[2013-07-07 21:56:28.135] iterations=1 gap=0
[2013-07-07 21:56:28.135] [TIME] SAT solving=747ms
[2013-07-07 21:56:28.135] [TIME] total=1865ms
