[2013-07-07 20:52:34.233] [INFO] Running in directory /tmp/hellmann/current_run
[2013-07-07 20:52:34.243] [INFO] Reading settings from /tmp/hellmann/current_run/config.json
[2013-07-07 20:52:34.261] [INFO] Reading input file ./0230/random_in_square_0230_1517_061.json ...
[2013-07-07 20:52:35.491] [TIME] generating segments=1220ms
[2013-07-07 20:52:35.492] points=230 segments=26335 convex hull=14
[2013-07-07 20:52:35.492] [INFO] shortest input segment: 0:(-386,-1382)->(-391,-1373) (len^2=106)
[2013-07-07 20:52:35.744] [INFO] shortest non-crossing segment: 17:(1353,-1471)->(1312,-1443) (len^2=2465)
[2013-07-07 20:52:35.744] separators=1584
[2013-07-07 20:52:46.422] [TIME] intersection graph=10931ms
[2013-07-07 20:52:46.424] [INFO] shortest triangulation segment: 0:(-386,-1382)->(-391,-1373) (len^2=106)
[2013-07-07 20:52:46.424] [INFO] shortest convex hull segment: 100:(1353,-1471)->(1392,-1373) (len^2=11125)
[2013-07-07 20:52:46.424] [STATS] it=0	lb=0	ub=17
[2013-07-07 20:52:46.424] [TIME] controller initialization=12170ms
IBM ILOG License Manager: "university-braunschweig" is accessing CPLEX 12 with option(s): "e m b q use=10 MaintenanceEnd=20110128 ".
[2013-07-07 20:53:09.290] [TIME] iteration 1=22866ms
[2013-07-07 20:53:09.290] [STATS] it=1	lb=9	ub=17
[2013-07-07 20:53:32.492] [TIME] iteration 2=23202ms
[2013-07-07 20:53:32.492] [STATS] it=2	lb=14	ub=17
[2013-07-07 20:53:55.605] [TIME] iteration 3=23112ms
[2013-07-07 20:53:55.606] [INFO] shortest constrained triangulation segment: 17:(1353,-1471)->(1312,-1443) (len^2=2465)
[2013-07-07 20:53:55.606] [STATS] it=3	lb=17	ub=17
[2013-07-07 20:53:55.606] iterations=3 gap=0
[2013-07-07 20:53:55.607] [TIME] SAT solving=69180ms
[2013-07-07 20:53:55.607] [TIME] total=81353ms
