[2013-07-05 03:37:22.653] [INFO] Running in directory /tmp/hellmann/current_run
[2013-07-05 03:37:22.653] [INFO] Reading settings from /tmp/hellmann/current_run/config.json
[2013-07-05 03:37:22.653] [INFO] Reading input file ./0140/random_in_square_0140_1183_079.json ...
[2013-07-05 03:37:22.867] [TIME] generating segments=198ms
[2013-07-05 03:37:22.868] points=140 segments=9730 convex hull=10
[2013-07-05 03:37:22.868] [INFO] shortest input segment: 0:(1040,413)->(1037,427) (len^2=205)
[2013-07-05 03:37:23.014] [INFO] shortest non-crossing segment: 19:(1166,390)->(1153,447) (len^2=3418)
[2013-07-05 03:37:23.014] separators=820
[2013-07-05 03:37:26.195] [TIME] intersection graph=3327ms
[2013-07-05 03:37:26.196] [INFO] shortest triangulation segment: 0:(1040,413)->(1037,427) (len^2=205)
[2013-07-05 03:37:26.196] [INFO] shortest convex hull segment: 276:(-927,-1089)->(-1146,-1050) (len^2=49482)
[2013-07-05 03:37:26.196] [STATS] it=0	lb=0	ub=19
[2013-07-05 03:37:26.196] [TIME] controller initialization=3543ms
IBM ILOG License Manager: "university-braunschweig" is accessing CPLEX 12 with option(s): "e m b q use=10 MaintenanceEnd=20110128 ".
[2013-07-05 03:37:28.795] [ERROR] Solution is infeasible
[2013-07-05 03:37:28.795] [TIME] iteration 1=2600ms
[2013-07-05 03:37:28.795] [STATS] it=1	lb=0	ub=9
[2013-07-05 03:37:29.165] [ERROR] Solution is infeasible
[2013-07-05 03:37:29.165] [TIME] iteration 2=370ms
[2013-07-05 03:37:29.165] [STATS] it=2	lb=0	ub=4
[2013-07-05 03:37:29.330] [TIME] iteration 3=164ms
[2013-07-05 03:37:29.330] [STATS] it=3	lb=3	ub=4
[2013-07-05 03:37:29.487] [ERROR] Solution is infeasible
[2013-07-05 03:37:29.488] [TIME] iteration 4=158ms
[2013-07-05 03:37:29.488] [INFO] shortest constrained triangulation segment: 3:(-1059,442)->(-1069,468) (len^2=776)
[2013-07-05 03:37:29.488] [STATS] it=4	lb=3	ub=3
[2013-07-05 03:37:29.488] iterations=4 gap=0
[2013-07-05 03:37:29.488] [TIME] SAT solving=3292ms
[2013-07-05 03:37:29.488] [TIME] total=6836ms
