[2013-07-05 05:00:41.138] [INFO] Running in directory /tmp/hellmann/current_run
[2013-07-05 05:00:41.138] [INFO] Reading settings from /tmp/hellmann/current_run/config.json
[2013-07-05 05:00:41.139] [INFO] Reading input file ./0140/random_in_square_0140_1183_089.json ...
[2013-07-05 05:00:41.345] [TIME] generating segments=198ms
[2013-07-05 05:00:41.346] points=140 segments=9730 convex hull=13
[2013-07-05 05:00:41.346] [INFO] shortest input segment: 0:(-392,-772)->(-390,-769) (len^2=13)
[2013-07-05 05:00:41.386] [INFO] shortest non-crossing segment: 5:(1164,-1144)->(1156,-1133) (len^2=185)
[2013-07-05 05:00:41.386] separators=61
[2013-07-05 05:00:41.401] [TIME] intersection graph=55ms
[2013-07-05 05:00:41.402] [INFO] shortest triangulation segment: 0:(-392,-772)->(-390,-769) (len^2=13)
[2013-07-05 05:00:41.402] [INFO] shortest convex hull segment: 19:(-1101,1128)->(-1060,1161) (len^2=2770)
[2013-07-05 05:00:41.402] [STATS] it=0	lb=0	ub=5
[2013-07-05 05:00:41.402] [TIME] controller initialization=263ms
IBM ILOG License Manager: "university-braunschweig" is accessing CPLEX 12 with option(s): "e m b q use=10 MaintenanceEnd=20110128 ".
[2013-07-05 05:00:41.522] [TIME] iteration 1=120ms
[2013-07-05 05:00:41.522] [STATS] it=1	lb=3	ub=5
[2013-07-05 05:00:41.637] [TIME] iteration 2=115ms
[2013-07-05 05:00:41.638] [INFO] shortest constrained triangulation segment: 5:(1164,-1144)->(1156,-1133) (len^2=185)
[2013-07-05 05:00:41.638] [STATS] it=2	lb=5	ub=5
[2013-07-05 05:00:41.638] iterations=2 gap=0
[2013-07-05 05:00:41.638] [TIME] SAT solving=235ms
[2013-07-05 05:00:41.638] [TIME] total=500ms
