[2013-07-05 03:07:09.079] [INFO] Running in directory /tmp/hellmann/current_run
[2013-07-05 03:07:09.079] [INFO] Reading settings from /tmp/hellmann/current_run/config.json
[2013-07-05 03:07:09.079] [INFO] Reading input file ./0140/random_in_square_0140_1183_076.json ...
[2013-07-05 03:07:09.290] [TIME] generating segments=202ms
[2013-07-05 03:07:09.291] points=140 segments=9730 convex hull=15
[2013-07-05 03:07:09.291] [INFO] shortest input segment: 0:(-72,989)->(-68,995) (len^2=52)
[2013-07-05 03:07:09.426] [INFO] shortest non-crossing segment: 18:(-1036,-1096)->(-1096,-1079) (len^2=3889)
[2013-07-05 03:07:09.426] separators=594
[2013-07-05 03:07:10.923] [TIME] intersection graph=1633ms
[2013-07-05 03:07:10.924] [INFO] shortest triangulation segment: 0:(-72,989)->(-68,995) (len^2=52)
[2013-07-05 03:07:10.924] [INFO] shortest convex hull segment: 18:(-1036,-1096)->(-1096,-1079) (len^2=3889)
[2013-07-05 03:07:10.924] [STATS] it=0	lb=0	ub=18
[2013-07-05 03:07:10.924] [TIME] controller initialization=1846ms
IBM ILOG License Manager: "university-braunschweig" is accessing CPLEX 12 with option(s): "e m b q use=10 MaintenanceEnd=20110128 ".
[2013-07-05 03:07:13.079] [TIME] iteration 1=2155ms
[2013-07-05 03:07:13.080] [STATS] it=1	lb=9	ub=18
[2013-07-05 03:07:15.238] [TIME] iteration 2=2158ms
[2013-07-05 03:07:15.238] [STATS] it=2	lb=14	ub=18
[2013-07-05 03:07:17.349] [TIME] iteration 3=2110ms
[2013-07-05 03:07:17.350] [INFO] shortest constrained triangulation segment: 18:(-1036,-1096)->(-1096,-1079) (len^2=3889)
[2013-07-05 03:07:17.350] [STATS] it=3	lb=18	ub=18
[2013-07-05 03:07:17.350] iterations=3 gap=0
[2013-07-05 03:07:17.350] [TIME] SAT solving=6423ms
[2013-07-05 03:07:17.350] [TIME] total=8271ms
