[2013-07-05 02:05:24.080] [INFO] Running in directory /tmp/hellmann/current_run
[2013-07-05 02:05:24.080] [INFO] Reading settings from /tmp/hellmann/current_run/config.json
[2013-07-05 02:05:24.081] [INFO] Reading input file ./0140/random_in_square_0140_1183_037.json ...
[2013-07-05 02:05:24.297] [TIME] generating segments=197ms
[2013-07-05 02:05:24.298] points=140 segments=9730 convex hull=14
[2013-07-05 02:05:24.298] [INFO] shortest input segment: 0:(444,957)->(428,965) (len^2=320)
[2013-07-05 02:05:24.400] [INFO] shortest non-crossing segment: 13:(1062,-1009)->(1028,-979) (len^2=2056)
[2013-07-05 02:05:24.400] separators=453
[2013-07-05 02:05:25.200] [TIME] intersection graph=903ms
[2013-07-05 02:05:25.201] [INFO] shortest triangulation segment: 0:(444,957)->(428,965) (len^2=320)
[2013-07-05 02:05:25.201] [INFO] shortest convex hull segment: 58:(-703,-1168)->(-795,-1160) (len^2=8528)
[2013-07-05 02:05:25.201] [STATS] it=0	lb=0	ub=13
[2013-07-05 02:05:25.201] [TIME] controller initialization=1120ms
IBM ILOG License Manager: "university-braunschweig" is accessing CPLEX 12 with option(s): "e m b q use=10 MaintenanceEnd=20110128 ".
[2013-07-05 02:05:26.140] [TIME] iteration 1=939ms
[2013-07-05 02:05:26.140] [STATS] it=1	lb=12	ub=13
[2013-07-05 02:05:27.083] [TIME] iteration 2=944ms
[2013-07-05 02:05:27.084] [INFO] shortest constrained triangulation segment: 13:(1062,-1009)->(1028,-979) (len^2=2056)
[2013-07-05 02:05:27.084] [STATS] it=2	lb=13	ub=13
[2013-07-05 02:05:27.084] iterations=2 gap=0
[2013-07-05 02:05:27.084] [TIME] SAT solving=1883ms
[2013-07-05 02:05:27.084] [TIME] total=3003ms
