[2013-07-05 01:20:30.196] [INFO] Running in directory /tmp/hellmann/current_run
[2013-07-05 01:20:30.196] [INFO] Reading settings from /tmp/hellmann/current_run/config.json
[2013-07-05 01:20:30.196] [INFO] Reading input file ./0140/random_in_square_0140_1183_012.json ...
[2013-07-05 01:20:30.394] [TIME] generating segments=196ms
[2013-07-05 01:20:30.395] points=140 segments=9730 convex hull=11
[2013-07-05 01:20:30.395] [INFO] shortest input segment: 0:(912,62)->(894,68) (len^2=360)
[2013-07-05 01:20:30.564] [INFO] shortest non-crossing segment: 22:(-1141,-1063)->(-1125,-992) (len^2=5297)
[2013-07-05 01:20:30.564] separators=889
[2013-07-05 01:20:33.427] [TIME] intersection graph=3032ms
[2013-07-05 01:20:33.428] [INFO] shortest triangulation segment: 2:(-1130,-711)->(-1149,-696) (len^2=586)
[2013-07-05 01:20:33.428] [INFO] shortest convex hull segment: 172:(-1141,-1063)->(-1150,-874) (len^2=35802)
[2013-07-05 01:20:33.428] [STATS] it=0	lb=2	ub=22
[2013-07-05 01:20:33.428] [TIME] controller initialization=3232ms
IBM ILOG License Manager: "university-braunschweig" is accessing CPLEX 12 with option(s): "e m b q use=10 MaintenanceEnd=20110128 ".
[2013-07-05 01:20:40.656] [TIME] iteration 1=7228ms
[2013-07-05 01:20:40.656] [STATS] it=1	lb=12	ub=22
[2013-07-05 01:20:44.724] [TIME] iteration 2=4067ms
[2013-07-05 01:20:44.724] [STATS] it=2	lb=18	ub=22
[2013-07-05 01:20:48.768] [TIME] iteration 3=4044ms
[2013-07-05 01:20:48.768] [STATS] it=3	lb=21	ub=22
[2013-07-05 01:20:52.864] [TIME] iteration 4=4095ms
[2013-07-05 01:20:52.865] [INFO] shortest constrained triangulation segment: 22:(-1141,-1063)->(-1125,-992) (len^2=5297)
[2013-07-05 01:20:52.865] [STATS] it=4	lb=22	ub=22
[2013-07-05 01:20:52.865] iterations=4 gap=0
[2013-07-05 01:20:52.865] [TIME] SAT solving=19434ms
[2013-07-05 01:20:52.865] [TIME] total=22669ms
