[2013-07-05 03:06:54.980] [INFO] Running in directory /tmp/hellmann/current_run
[2013-07-05 03:06:54.980] [INFO] Reading settings from /tmp/hellmann/current_run/config.json
[2013-07-05 03:06:54.980] [INFO] Reading input file ./0140/random_in_square_0140_1183_073.json ...
[2013-07-05 03:06:55.188] [TIME] generating segments=199ms
[2013-07-05 03:06:55.189] points=140 segments=9730 convex hull=12
[2013-07-05 03:06:55.189] [INFO] shortest input segment: 0:(444,1057)->(437,1058) (len^2=50)
[2013-07-05 03:06:55.396] [INFO] shortest non-crossing segment: 26:(-1132,1050)->(-1149,1118) (len^2=4913)
[2013-07-05 03:06:55.396] separators=1306
[2013-07-05 03:07:02.829] [TIME] intersection graph=7641ms
[2013-07-05 03:07:02.830] [INFO] shortest triangulation segment: 0:(444,1057)->(437,1058) (len^2=50)
[2013-07-05 03:07:02.830] [INFO] shortest convex hull segment: 134:(-1128,-1042)->(-1179,-893) (len^2=24802)
[2013-07-05 03:07:02.830] [STATS] it=0	lb=0	ub=26
[2013-07-05 03:07:02.830] [TIME] controller initialization=7851ms
IBM ILOG License Manager: "university-braunschweig" is accessing CPLEX 12 with option(s): "e m b q use=10 MaintenanceEnd=20110128 ".
[2013-07-05 03:07:04.485] [ERROR] Solution is infeasible
[2013-07-05 03:07:04.485] [TIME] iteration 1=1655ms
[2013-07-05 03:07:04.485] [STATS] it=1	lb=0	ub=12
[2013-07-05 03:07:05.744] [TIME] iteration 2=1258ms
[2013-07-05 03:07:05.744] [STATS] it=2	lb=6	ub=12
[2013-07-05 03:07:06.978] [TIME] iteration 3=1233ms
[2013-07-05 03:07:06.978] [STATS] it=3	lb=10	ub=12
[2013-07-05 03:07:08.211] [TIME] iteration 4=1233ms
[2013-07-05 03:07:08.212] [INFO] shortest constrained triangulation segment: 12:(-366,976)->(-317,992) (len^2=2657)
[2013-07-05 03:07:08.212] [STATS] it=4	lb=12	ub=12
[2013-07-05 03:07:08.212] iterations=4 gap=0
[2013-07-05 03:07:08.213] [TIME] SAT solving=5379ms
[2013-07-05 03:07:08.213] [TIME] total=13232ms
