[2013-07-05 05:40:12.169] [INFO] Running in directory /tmp/hellmann/current_run
[2013-07-05 05:40:12.169] [INFO] Reading settings from /tmp/hellmann/current_run/config.json
[2013-07-05 05:40:12.182] [INFO] Reading input file ./0140/random_in_square_0140_1183_095.json ...
[2013-07-05 05:40:12.397] [TIME] generating segments=204ms
[2013-07-05 05:40:12.398] points=140 segments=9730 convex hull=12
[2013-07-05 05:40:12.398] [INFO] shortest input segment: 0:(-908,959)->(-909,966) (len^2=50)
[2013-07-05 05:40:12.424] [INFO] shortest non-crossing segment: 3:(1045,-1170)->(1052,-1155) (len^2=274)
[2013-07-05 05:40:12.424] separators=36
[2013-07-05 05:40:12.433] [TIME] intersection graph=36ms
[2013-07-05 05:40:12.434] [INFO] shortest triangulation segment: 0:(-908,959)->(-909,966) (len^2=50)
[2013-07-05 05:40:12.434] [INFO] shortest convex hull segment: 3:(1045,-1170)->(1052,-1155) (len^2=274)
[2013-07-05 05:40:12.434] [STATS] it=0	lb=0	ub=3
[2013-07-05 05:40:12.434] [TIME] controller initialization=266ms
IBM ILOG License Manager: "university-braunschweig" is accessing CPLEX 12 with option(s): "e m b q use=10 MaintenanceEnd=20110128 ".
[2013-07-05 05:40:12.551] [TIME] iteration 1=116ms
[2013-07-05 05:40:12.552] [INFO] shortest constrained triangulation segment: 3:(1045,-1170)->(1052,-1155) (len^2=274)
[2013-07-05 05:40:12.552] [STATS] it=1	lb=3	ub=3
[2013-07-05 05:40:12.552] iterations=1 gap=0
[2013-07-05 05:40:12.552] [TIME] SAT solving=116ms
[2013-07-05 05:40:12.552] [TIME] total=383ms
