[2013-07-05 01:20:21.642] [INFO] Running in directory /tmp/hellmann/current_run
[2013-07-05 01:20:21.643] [INFO] Reading settings from /tmp/hellmann/current_run/config.json
[2013-07-05 01:20:21.643] [INFO] Reading input file ./0140/random_in_square_0140_1183_004.json ...
[2013-07-05 01:20:21.856] [TIME] generating segments=196ms
[2013-07-05 01:20:21.857] points=140 segments=9730 convex hull=14
[2013-07-05 01:20:21.857] [INFO] shortest input segment: 0:(-66,-1070)->(-79,-1063) (len^2=218)
[2013-07-05 01:20:21.905] [INFO] shortest non-crossing segment: 6:(1012,-919)->(1039,-909) (len^2=829)
[2013-07-05 01:20:21.905] separators=143
[2013-07-05 01:20:22.032] [TIME] intersection graph=174ms
[2013-07-05 01:20:22.032] [INFO] shortest triangulation segment: 0:(-66,-1070)->(-79,-1063) (len^2=218)
[2013-07-05 01:20:22.032] [INFO] shortest convex hull segment: 59:(-1034,987)->(-970,1055) (len^2=8720)
[2013-07-05 01:20:22.033] [STATS] it=0	lb=0	ub=6
[2013-07-05 01:20:22.033] [TIME] controller initialization=389ms
IBM ILOG License Manager: "university-braunschweig" is accessing CPLEX 12 with option(s): "e m b q use=10 MaintenanceEnd=20110128 ".
[2013-07-05 01:20:22.244] [TIME] iteration 1=211ms
[2013-07-05 01:20:22.245] [STATS] it=1	lb=3	ub=6
[2013-07-05 01:20:22.447] [TIME] iteration 2=203ms
[2013-07-05 01:20:22.447] [STATS] it=2	lb=5	ub=6
[2013-07-05 01:20:22.650] [TIME] iteration 3=202ms
[2013-07-05 01:20:22.651] [INFO] shortest constrained triangulation segment: 6:(1012,-919)->(1039,-909) (len^2=829)
[2013-07-05 01:20:22.651] [STATS] it=3	lb=6	ub=6
[2013-07-05 01:20:22.651] iterations=3 gap=0
[2013-07-05 01:20:22.651] [TIME] SAT solving=616ms
[2013-07-05 01:20:22.651] [TIME] total=1007ms
