[2013-07-05 02:04:56.659] [INFO] Running in directory /tmp/hellmann/current_run
[2013-07-05 02:04:56.659] [INFO] Reading settings from /tmp/hellmann/current_run/config.json
[2013-07-05 02:04:56.660] [INFO] Reading input file ./0140/random_in_square_0140_1183_028.json ...
[2013-07-05 02:04:56.869] [TIME] generating segments=200ms
[2013-07-05 02:04:56.869] points=140 segments=9730 convex hull=11
[2013-07-05 02:04:56.869] [INFO] shortest input segment: 0:(56,-83)->(60,-64) (len^2=377)
[2013-07-05 02:04:56.912] [INFO] shortest non-crossing segment: 5:(-1144,789)->(-1117,814) (len^2=1354)
[2013-07-05 02:04:56.912] separators=154
[2013-07-05 02:04:57.027] [TIME] intersection graph=157ms
[2013-07-05 02:04:57.027] [INFO] shortest triangulation segment: 0:(56,-83)->(60,-64) (len^2=377)
[2013-07-05 02:04:57.027] [INFO] shortest convex hull segment: 139:(1157,876)->(1072,1018) (len^2=27389)
[2013-07-05 02:04:57.027] [STATS] it=0	lb=0	ub=5
[2013-07-05 02:04:57.027] [TIME] controller initialization=367ms
IBM ILOG License Manager: "university-braunschweig" is accessing CPLEX 12 with option(s): "e m b q use=10 MaintenanceEnd=20110128 ".
[2013-07-05 02:04:57.215] [TIME] iteration 1=187ms
[2013-07-05 02:04:57.216] [INFO] shortest constrained triangulation segment: 5:(-1144,789)->(-1117,814) (len^2=1354)
[2013-07-05 02:04:57.216] [STATS] it=1	lb=5	ub=5
[2013-07-05 02:04:57.216] iterations=1 gap=0
[2013-07-05 02:04:57.216] [TIME] SAT solving=187ms
[2013-07-05 02:04:57.216] [TIME] total=556ms
