[2013-07-05 02:09:32.770] [INFO] Running in directory /tmp/hellmann/current_run
[2013-07-05 02:09:32.770] [INFO] Reading settings from /tmp/hellmann/current_run/config.json
[2013-07-05 02:09:32.770] [INFO] Reading input file ./0140/random_in_square_0140_1183_051.json ...
[2013-07-05 02:09:32.973] [TIME] generating segments=200ms
[2013-07-05 02:09:32.973] points=140 segments=9730 convex hull=10
[2013-07-05 02:09:32.973] [INFO] shortest input segment: 0:(-84,-848)->(-97,-837) (len^2=290)
[2013-07-05 02:09:32.994] [INFO] shortest non-crossing segment: 2:(-965,1093)->(-948,1116) (len^2=818)
[2013-07-05 02:09:32.994] separators=58
[2013-07-05 02:09:33.017] [TIME] intersection graph=43ms
[2013-07-05 02:09:33.018] [INFO] shortest triangulation segment: 0:(-84,-848)->(-97,-837) (len^2=290)
[2013-07-05 02:09:33.018] [INFO] shortest convex hull segment: 202:(-1144,1076)->(-948,1116) (len^2=40016)
[2013-07-05 02:09:33.018] [STATS] it=0	lb=0	ub=2
[2013-07-05 02:09:33.018] [TIME] controller initialization=247ms
IBM ILOG License Manager: "university-braunschweig" is accessing CPLEX 12 with option(s): "e m b q use=10 MaintenanceEnd=20110128 ".
[2013-07-05 02:09:33.142] [TIME] iteration 1=124ms
[2013-07-05 02:09:33.143] [INFO] shortest constrained triangulation segment: 2:(-965,1093)->(-948,1116) (len^2=818)
[2013-07-05 02:09:33.143] [STATS] it=1	lb=2	ub=2
[2013-07-05 02:09:33.143] iterations=1 gap=0
[2013-07-05 02:09:33.143] [TIME] SAT solving=124ms
[2013-07-05 02:09:33.143] [TIME] total=372ms
