[2013-07-05 01:20:53.316] [INFO] Running in directory /tmp/hellmann/current_run
[2013-07-05 01:20:53.316] [INFO] Reading settings from /tmp/hellmann/current_run/config.json
[2013-07-05 01:20:53.317] [INFO] Reading input file ./0140/random_in_square_0140_1183_014.json ...
[2013-07-05 01:20:53.525] [TIME] generating segments=207ms
[2013-07-05 01:20:53.526] points=140 segments=9730 convex hull=16
[2013-07-05 01:20:53.526] [INFO] shortest input segment: 0:(912,-1098)->(920,-1085) (len^2=233)
[2013-07-05 01:20:53.576] [INFO] shortest non-crossing segment: 6:(-936,-1180)->(-966,-1177) (len^2=909)
[2013-07-05 01:20:53.576] separators=219
[2013-07-05 01:20:53.799] [TIME] intersection graph=273ms
[2013-07-05 01:20:53.800] [INFO] shortest triangulation segment: 0:(912,-1098)->(920,-1085) (len^2=233)
[2013-07-05 01:20:53.800] [INFO] shortest convex hull segment: 6:(-936,-1180)->(-966,-1177) (len^2=909)
[2013-07-05 01:20:53.800] [STATS] it=0	lb=0	ub=6
[2013-07-05 01:20:53.800] [TIME] controller initialization=484ms
IBM ILOG License Manager: "university-braunschweig" is accessing CPLEX 12 with option(s): "e m b q use=10 MaintenanceEnd=20110128 ".
[2013-07-05 01:20:54.096] [TIME] iteration 1=296ms
[2013-07-05 01:20:54.096] [STATS] it=1	lb=4	ub=6
[2013-07-05 01:20:54.392] [TIME] iteration 2=295ms
[2013-07-05 01:20:54.393] [INFO] shortest constrained triangulation segment: 6:(-936,-1180)->(-966,-1177) (len^2=909)
[2013-07-05 01:20:54.393] [STATS] it=2	lb=6	ub=6
[2013-07-05 01:20:54.393] iterations=2 gap=0
[2013-07-05 01:20:54.393] [TIME] SAT solving=591ms
[2013-07-05 01:20:54.393] [TIME] total=1076ms
