[2013-07-05 03:06:53.085] [INFO] Running in directory /tmp/hellmann/current_run
[2013-07-05 03:06:53.085] [INFO] Reading settings from /tmp/hellmann/current_run/config.json
[2013-07-05 03:06:53.085] [INFO] Reading input file ./0140/random_in_square_0140_1183_070.json ...
[2013-07-05 03:06:53.299] [TIME] generating segments=197ms
[2013-07-05 03:06:53.299] points=140 segments=9730 convex hull=16
[2013-07-05 03:06:53.299] [INFO] shortest input segment: 0:(735,583)->(755,585) (len^2=404)
[2013-07-05 03:06:53.351] [INFO] shortest non-crossing segment: 6:(177,-1150)->(216,-1150) (len^2=1521)
[2013-07-05 03:06:53.351] separators=245
[2013-07-05 03:06:53.687] [TIME] intersection graph=388ms
[2013-07-05 03:06:53.688] [INFO] shortest triangulation segment: 1:(580,-390)->(600,-372) (len^2=724)
[2013-07-05 03:06:53.688] [INFO] shortest convex hull segment: 111:(1129,-1032)->(1146,-885) (len^2=21898)
[2013-07-05 03:06:53.688] [STATS] it=0	lb=1	ub=6
[2013-07-05 03:06:53.688] [TIME] controller initialization=603ms
IBM ILOG License Manager: "university-braunschweig" is accessing CPLEX 12 with option(s): "e m b q use=10 MaintenanceEnd=20110128 ".
[2013-07-05 03:06:54.089] [TIME] iteration 1=401ms
[2013-07-05 03:06:54.090] [STATS] it=1	lb=5	ub=6
[2013-07-05 03:06:54.480] [TIME] iteration 2=391ms
[2013-07-05 03:06:54.481] [INFO] shortest constrained triangulation segment: 6:(177,-1150)->(216,-1150) (len^2=1521)
[2013-07-05 03:06:54.481] [STATS] it=2	lb=6	ub=6
[2013-07-05 03:06:54.481] iterations=2 gap=0
[2013-07-05 03:06:54.481] [TIME] SAT solving=792ms
[2013-07-05 03:06:54.481] [TIME] total=1396ms
