[2013-07-05 02:04:53.579] [INFO] Running in directory /tmp/hellmann/current_run
[2013-07-05 02:04:53.587] [INFO] Reading settings from /tmp/hellmann/current_run/config.json
[2013-07-05 02:04:53.599] [INFO] Reading input file ./0140/random_in_square_0140_1183_027.json ...
[2013-07-05 02:04:53.850] [TIME] generating segments=204ms
[2013-07-05 02:04:53.850] points=140 segments=9730 convex hull=12
[2013-07-05 02:04:53.850] [INFO] shortest input segment: 0:(-800,-104)->(-811,-86) (len^2=445)
[2013-07-05 02:04:53.927] [INFO] shortest non-crossing segment: 9:(-929,1128)->(-886,1154) (len^2=2525)
[2013-07-05 02:04:53.927] separators=554
[2013-07-05 02:04:55.228] [TIME] intersection graph=1377ms
[2013-07-05 02:04:55.229] [INFO] shortest triangulation segment: 0:(-800,-104)->(-811,-86) (len^2=445)
[2013-07-05 02:04:55.229] [INFO] shortest convex hull segment: 9:(-929,1128)->(-886,1154) (len^2=2525)
[2013-07-05 02:04:55.229] [STATS] it=0	lb=0	ub=9
[2013-07-05 02:04:55.229] [TIME] controller initialization=1629ms
IBM ILOG License Manager: "university-braunschweig" is accessing CPLEX 12 with option(s): "e m b q use=10 MaintenanceEnd=20110128 ".
[2013-07-05 02:04:56.610] [TIME] iteration 1=1382ms
[2013-07-05 02:04:56.611] [INFO] shortest constrained triangulation segment: 9:(-929,1128)->(-886,1154) (len^2=2525)
[2013-07-05 02:04:56.611] [STATS] it=1	lb=9	ub=9
[2013-07-05 02:04:56.611] iterations=1 gap=0
[2013-07-05 02:04:56.612] [TIME] SAT solving=1382ms
[2013-07-05 02:04:56.612] [TIME] total=3012ms
