[2013-07-05 02:10:01.996] [INFO] Running in directory /tmp/hellmann/current_run
[2013-07-05 02:10:01.997] [INFO] Reading settings from /tmp/hellmann/current_run/config.json
[2013-07-05 02:10:01.997] [INFO] Reading input file ./0140/random_in_square_0140_1183_057.json ...
[2013-07-05 02:10:02.212] [TIME] generating segments=199ms
[2013-07-05 02:10:02.213] points=140 segments=9730 convex hull=10
[2013-07-05 02:10:02.213] [INFO] shortest input segment: 0:(-560,-1046)->(-553,-1036) (len^2=149)
[2013-07-05 02:10:02.270] [INFO] shortest non-crossing segment: 7:(811,1028)->(841,1034) (len^2=936)
[2013-07-05 02:10:02.270] separators=217
[2013-07-05 02:10:02.518] [TIME] intersection graph=306ms
[2013-07-05 02:10:02.519] [INFO] shortest triangulation segment: 0:(-560,-1046)->(-553,-1036) (len^2=149)
[2013-07-05 02:10:02.519] [INFO] shortest convex hull segment: 317:(909,-984)->(1040,-767) (len^2=64250)
[2013-07-05 02:10:02.519] [STATS] it=0	lb=0	ub=7
[2013-07-05 02:10:02.519] [TIME] controller initialization=523ms
IBM ILOG License Manager: "university-braunschweig" is accessing CPLEX 12 with option(s): "e m b q use=10 MaintenanceEnd=20110128 ".
[2013-07-05 02:10:02.843] [TIME] iteration 1=323ms
[2013-07-05 02:10:02.843] [STATS] it=1	lb=4	ub=7
[2013-07-05 02:10:03.161] [TIME] iteration 2=317ms
[2013-07-05 02:10:03.161] [STATS] it=2	lb=6	ub=7
[2013-07-05 02:10:03.487] [TIME] iteration 3=327ms
[2013-07-05 02:10:03.488] [INFO] shortest constrained triangulation segment: 7:(811,1028)->(841,1034) (len^2=936)
[2013-07-05 02:10:03.488] [STATS] it=3	lb=7	ub=7
[2013-07-05 02:10:03.488] iterations=3 gap=0
[2013-07-05 02:10:03.488] [TIME] SAT solving=967ms
[2013-07-05 02:10:03.489] [TIME] total=1492ms
