[2013-07-05 01:20:29.399] [INFO] Running in directory /tmp/hellmann/current_run
[2013-07-05 01:20:29.399] [INFO] Reading settings from /tmp/hellmann/current_run/config.json
[2013-07-05 01:20:29.400] [INFO] Reading input file ./0140/random_in_square_0140_1183_009.json ...
[2013-07-05 01:20:29.604] [TIME] generating segments=203ms
[2013-07-05 01:20:29.604] points=140 segments=9730 convex hull=14
[2013-07-05 01:20:29.604] [INFO] shortest input segment: 0:(-535,-867)->(-548,-864) (len^2=178)
[2013-07-05 01:20:29.624] [INFO] shortest non-crossing segment: 2:(-1104,-1180)->(-1079,-1179) (len^2=626)
[2013-07-05 01:20:29.624] separators=20
[2013-07-05 01:20:29.627] [TIME] intersection graph=22ms
[2013-07-05 01:20:29.628] [INFO] shortest triangulation segment: 0:(-535,-867)->(-548,-864) (len^2=178)
[2013-07-05 01:20:29.628] [INFO] shortest convex hull segment: 29:(1116,939)->(1096,1016) (len^2=6329)
[2013-07-05 01:20:29.628] [STATS] it=0	lb=0	ub=2
[2013-07-05 01:20:29.628] [TIME] controller initialization=229ms
IBM ILOG License Manager: "university-braunschweig" is accessing CPLEX 12 with option(s): "e m b q use=10 MaintenanceEnd=20110128 ".
[2013-07-05 01:20:29.739] [TIME] iteration 1=111ms
[2013-07-05 01:20:29.740] [INFO] shortest constrained triangulation segment: 2:(-1104,-1180)->(-1079,-1179) (len^2=626)
[2013-07-05 01:20:29.740] [STATS] it=1	lb=2	ub=2
[2013-07-05 01:20:29.740] iterations=1 gap=0
[2013-07-05 01:20:29.740] [TIME] SAT solving=111ms
[2013-07-05 01:20:29.740] [TIME] total=341ms
