[2013-07-05 02:10:48.526] [INFO] Running in directory /tmp/hellmann/current_run
[2013-07-05 02:10:48.526] [INFO] Reading settings from /tmp/hellmann/current_run/config.json
[2013-07-05 02:10:48.526] [INFO] Reading input file ./0140/random_in_square_0140_1183_063.json ...
[2013-07-05 02:10:48.733] [TIME] generating segments=204ms
[2013-07-05 02:10:48.733] points=140 segments=9730 convex hull=16
[2013-07-05 02:10:48.733] [INFO] shortest input segment: 0:(-195,-344)->(-199,-336) (len^2=80)
[2013-07-05 02:10:48.937] [INFO] shortest non-crossing segment: 26:(-555,1134)->(-485,1161) (len^2=5629)
[2013-07-05 02:10:48.937] separators=1277
[2013-07-05 02:10:55.507] [TIME] intersection graph=6774ms
[2013-07-05 02:10:55.508] [INFO] shortest triangulation segment: 0:(-195,-344)->(-199,-336) (len^2=80)
[2013-07-05 02:10:55.508] [INFO] shortest convex hull segment: 26:(-555,1134)->(-485,1161) (len^2=5629)
[2013-07-05 02:10:55.508] [STATS] it=0	lb=0	ub=26
[2013-07-05 02:10:55.508] [TIME] controller initialization=6982ms
IBM ILOG License Manager: "university-braunschweig" is accessing CPLEX 12 with option(s): "e m b q use=10 MaintenanceEnd=20110128 ".
[2013-07-05 02:11:07.904] [TIME] iteration 1=12396ms
[2013-07-05 02:11:07.904] [STATS] it=1	lb=18	ub=26
[2013-07-05 02:11:20.269] [TIME] iteration 2=12364ms
[2013-07-05 02:11:20.269] [STATS] it=2	lb=24	ub=26
[2013-07-05 02:11:36.828] [TIME] iteration 3=16559ms
[2013-07-05 02:11:36.829] [INFO] shortest constrained triangulation segment: 26:(-555,1134)->(-485,1161) (len^2=5629)
[2013-07-05 02:11:36.829] [STATS] it=3	lb=26	ub=26
[2013-07-05 02:11:36.829] iterations=3 gap=0
[2013-07-05 02:11:36.829] [TIME] SAT solving=41319ms
[2013-07-05 02:11:36.829] [TIME] total=48303ms
