[2013-07-05 03:06:27.083] [INFO] Running in directory /tmp/hellmann/current_run
[2013-07-05 03:06:27.084] [INFO] Reading settings from /tmp/hellmann/current_run/config.json
[2013-07-05 03:06:27.084] [INFO] Reading input file ./0140/random_in_square_0140_1183_069.json ...
[2013-07-05 03:06:27.307] [TIME] generating segments=204ms
[2013-07-05 03:06:27.307] points=140 segments=9730 convex hull=14
[2013-07-05 03:06:27.307] [INFO] shortest input segment: 0:(-423,-1031)->(-421,-1004) (len^2=733)
[2013-07-05 03:06:27.405] [INFO] shortest non-crossing segment: 11:(-1150,-1084)->(-1100,-1071) (len^2=2669)
[2013-07-05 03:06:27.405] separators=839
[2013-07-05 03:06:31.400] [TIME] intersection graph=4092ms
[2013-07-05 03:06:31.401] [INFO] shortest triangulation segment: 1:(-324,-919)->(-334,-891) (len^2=884)
[2013-07-05 03:06:31.401] [INFO] shortest convex hull segment: 12:(-1038,1067)->(-983,1080) (len^2=3194)
[2013-07-05 03:06:31.401] [STATS] it=0	lb=1	ub=11
[2013-07-05 03:06:31.401] [TIME] controller initialization=4316ms
IBM ILOG License Manager: "university-braunschweig" is accessing CPLEX 12 with option(s): "e m b q use=10 MaintenanceEnd=20110128 ".
[2013-07-05 03:06:38.602] [TIME] iteration 1=7202ms
[2013-07-05 03:06:38.603] [STATS] it=1	lb=8	ub=11
[2013-07-05 03:06:45.936] [TIME] iteration 2=7333ms
[2013-07-05 03:06:45.936] [STATS] it=2	lb=10	ub=11
[2013-07-05 03:06:52.970] [TIME] iteration 3=7034ms
[2013-07-05 03:06:52.971] [INFO] shortest constrained triangulation segment: 11:(-1150,-1084)->(-1100,-1071) (len^2=2669)
[2013-07-05 03:06:52.971] [STATS] it=3	lb=11	ub=11
[2013-07-05 03:06:52.971] iterations=3 gap=0
[2013-07-05 03:06:52.971] [TIME] SAT solving=21569ms
[2013-07-05 03:06:52.971] [TIME] total=25888ms
