[2013-07-05 01:51:10.250] [INFO] Running in directory /tmp/hellmann/current_run
[2013-07-05 01:51:10.250] [INFO] Reading settings from /tmp/hellmann/current_run/config.json
[2013-07-05 01:51:10.283] [INFO] Reading input file ./0140/random_in_square_0140_1183_017.json ...
[2013-07-05 01:51:10.512] [TIME] generating segments=217ms
[2013-07-05 01:51:10.513] points=140 segments=9730 convex hull=14
[2013-07-05 01:51:10.513] [INFO] shortest input segment: 0:(37,86)->(37,110) (len^2=576)
[2013-07-05 01:51:10.587] [INFO] shortest non-crossing segment: 9:(-983,1120)->(-940,1129) (len^2=1930)
[2013-07-05 01:51:10.587] separators=389
[2013-07-05 01:51:11.282] [TIME] intersection graph=769ms
[2013-07-05 01:51:11.283] [INFO] shortest triangulation segment: 1:(725,733)->(717,756) (len^2=593)
[2013-07-05 01:51:11.283] [INFO] shortest convex hull segment: 9:(-983,1120)->(-940,1129) (len^2=1930)
[2013-07-05 01:51:11.283] [STATS] it=0	lb=1	ub=9
[2013-07-05 01:51:11.283] [TIME] controller initialization=1018ms
IBM ILOG License Manager: "university-braunschweig" is accessing CPLEX 12 with option(s): "e m b q use=10 MaintenanceEnd=20110128 ".
[2013-07-05 01:51:12.412] [TIME] iteration 1=1128ms
[2013-07-05 01:51:12.412] [STATS] it=1	lb=5	ub=9
[2013-07-05 01:51:13.197] [TIME] iteration 2=785ms
[2013-07-05 01:51:13.197] [STATS] it=2	lb=8	ub=9
[2013-07-05 01:51:13.997] [TIME] iteration 3=801ms
[2013-07-05 01:51:13.998] [INFO] shortest constrained triangulation segment: 9:(-983,1120)->(-940,1129) (len^2=1930)
[2013-07-05 01:51:13.998] [STATS] it=3	lb=9	ub=9
[2013-07-05 01:51:13.999] iterations=3 gap=0
[2013-07-05 01:51:13.999] [TIME] SAT solving=2714ms
[2013-07-05 01:51:13.999] [TIME] total=3735ms
