[2013-07-05 03:06:25.077] [INFO] Running in directory /tmp/hellmann/current_run
[2013-07-05 03:06:25.077] [INFO] Reading settings from /tmp/hellmann/current_run/config.json
[2013-07-05 03:06:25.092] [INFO] Reading input file ./0140/random_in_square_0140_1183_068.json ...
[2013-07-05 03:06:25.309] [TIME] generating segments=204ms
[2013-07-05 03:06:25.309] points=140 segments=9730 convex hull=12
[2013-07-05 03:06:25.309] [INFO] shortest input segment: 0:(-452,46)->(-428,47) (len^2=577)
[2013-07-05 03:06:25.355] [INFO] shortest non-crossing segment: 5:(1155,647)->(1129,682) (len^2=1901)
[2013-07-05 03:06:25.355] separators=289
[2013-07-05 03:06:25.901] [TIME] intersection graph=592ms
[2013-07-05 03:06:25.901] [INFO] shortest triangulation segment: 1:(1048,-201)->(1027,-177) (len^2=1017)
[2013-07-05 03:06:25.902] [INFO] shortest convex hull segment: 131:(1063,-1163)->(1177,-1039) (len^2=28372)
[2013-07-05 03:06:25.902] [STATS] it=0	lb=1	ub=5
[2013-07-05 03:06:25.902] [TIME] controller initialization=825ms
IBM ILOG License Manager: "university-braunschweig" is accessing CPLEX 12 with option(s): "e m b q use=10 MaintenanceEnd=20110128 ".
[2013-07-05 03:06:26.484] [TIME] iteration 1=583ms
[2013-07-05 03:06:26.484] [STATS] it=1	lb=3	ub=5
[2013-07-05 03:06:27.056] [TIME] iteration 2=571ms
[2013-07-05 03:06:27.057] [INFO] shortest constrained triangulation segment: 5:(1155,647)->(1129,682) (len^2=1901)
[2013-07-05 03:06:27.057] [STATS] it=2	lb=5	ub=5
[2013-07-05 03:06:27.057] iterations=2 gap=0
[2013-07-05 03:06:27.057] [TIME] SAT solving=1154ms
[2013-07-05 03:06:27.057] [TIME] total=1981ms
