[2013-07-05 02:10:03.743] [INFO] Running in directory /tmp/hellmann/current_run
[2013-07-05 02:10:03.743] [INFO] Reading settings from /tmp/hellmann/current_run/config.json
[2013-07-05 02:10:03.743] [INFO] Reading input file ./0140/random_in_square_0140_1183_059.json ...
[2013-07-05 02:10:03.956] [TIME] generating segments=206ms
[2013-07-05 02:10:03.956] points=140 segments=9730 convex hull=10
[2013-07-05 02:10:03.956] [INFO] shortest input segment: 0:(-655,83)->(-658,86) (len^2=18)
[2013-07-05 02:10:04.148] [INFO] shortest non-crossing segment: 24:(-1057,-1149)->(-1033,-1084) (len^2=4801)
[2013-07-05 02:10:04.148] separators=1229
[2013-07-05 02:10:10.486] [TIME] intersection graph=6530ms
[2013-07-05 02:10:10.487] [INFO] shortest triangulation segment: 0:(-655,83)->(-658,86) (len^2=18)
[2013-07-05 02:10:10.487] [INFO] shortest convex hull segment: 132:(-1137,860)->(-1009,951) (len^2=24665)
[2013-07-05 02:10:10.487] [STATS] it=0	lb=0	ub=24
[2013-07-05 02:10:10.487] [TIME] controller initialization=6744ms
IBM ILOG License Manager: "university-braunschweig" is accessing CPLEX 12 with option(s): "e m b q use=10 MaintenanceEnd=20110128 ".
[2013-07-05 02:10:21.278] [TIME] iteration 1=10791ms
[2013-07-05 02:10:21.278] [STATS] it=1	lb=15	ub=24
[2013-07-05 02:10:31.936] [TIME] iteration 2=10658ms
[2013-07-05 02:10:31.936] [STATS] it=2	lb=20	ub=24
[2013-07-05 02:10:42.678] [TIME] iteration 3=10742ms
[2013-07-05 02:10:42.679] [INFO] shortest constrained triangulation segment: 24:(-1057,-1149)->(-1033,-1084) (len^2=4801)
[2013-07-05 02:10:42.679] [STATS] it=3	lb=24	ub=24
[2013-07-05 02:10:42.679] iterations=3 gap=0
[2013-07-05 02:10:42.679] [TIME] SAT solving=32191ms
[2013-07-05 02:10:42.679] [TIME] total=38937ms
