[2013-07-05 02:04:57.231] [INFO] Running in directory /tmp/hellmann/current_run
[2013-07-05 02:04:57.231] [INFO] Reading settings from /tmp/hellmann/current_run/config.json
[2013-07-05 02:04:57.232] [INFO] Reading input file ./0140/random_in_square_0140_1183_029.json ...
[2013-07-05 02:04:57.429] [TIME] generating segments=196ms
[2013-07-05 02:04:57.429] points=140 segments=9730 convex hull=11
[2013-07-05 02:04:57.430] [INFO] shortest input segment: 0:(944,-882)->(944,-878) (len^2=16)
[2013-07-05 02:04:57.449] [INFO] shortest non-crossing segment: 2:(-1166,655)->(-1171,675) (len^2=425)
[2013-07-05 02:04:57.449] separators=38
[2013-07-05 02:04:57.462] [TIME] intersection graph=32ms
[2013-07-05 02:04:57.462] [INFO] shortest triangulation segment: 0:(944,-882)->(944,-878) (len^2=16)
[2013-07-05 02:04:57.462] [INFO] shortest convex hull segment: 120:(-917,-1147)->(-1003,-1044) (len^2=18005)
[2013-07-05 02:04:57.462] [STATS] it=0	lb=0	ub=2
[2013-07-05 02:04:57.462] [TIME] controller initialization=231ms
IBM ILOG License Manager: "university-braunschweig" is accessing CPLEX 12 with option(s): "e m b q use=10 MaintenanceEnd=20110128 ".
[2013-07-05 02:04:57.586] [TIME] iteration 1=123ms
[2013-07-05 02:04:57.587] [INFO] shortest constrained triangulation segment: 2:(-1166,655)->(-1171,675) (len^2=425)
[2013-07-05 02:04:57.587] [STATS] it=1	lb=2	ub=2
[2013-07-05 02:04:57.587] iterations=1 gap=0
[2013-07-05 02:04:57.587] [TIME] SAT solving=123ms
[2013-07-05 02:04:57.587] [TIME] total=356ms
