[2013-07-17 06:02:47.042] [INFO] Running in directory /tmp/hellmann/uniform_distribution
[2013-07-17 06:02:47.052] [INFO] Reading settings from /tmp/hellmann/uniform_distribution/config.json
[2013-07-17 06:02:47.070] [INFO] Reading input file ./0360/random_in_square_0360_1897_063.json ...
[2013-07-17 06:02:58.772] [TIME] generating segments=11672ms
[2013-07-17 06:02:58.775] points=360 segments=64620 convex hull=15
[2013-07-17 06:02:58.775] [INFO] shortest input segment: 0:(-1583,-1721)->(-1588,-1717) (len^2=41)
[2013-07-17 06:02:59.317] [INFO] shortest non-crossing segment: 20:(-1461,1861)->(-1422,1865) (len^2=1537)
[2013-07-17 06:02:59.317] separators=3022
[2013-07-17 06:03:44.059] [TIME] intersection graph=45284ms
[2013-07-17 06:03:44.061] [INFO] shortest triangulation segment: 1:(300,-26)->(299,-17) (len^2=82)
[2013-07-17 06:03:44.061] [INFO] shortest convex hull segment: 480:(-1746,-1830)->(-1887,-1702) (len^2=36265)
[2013-07-17 06:03:44.061] [STATS] it=0	lb=1	ub=20
[2013-07-17 06:03:44.061] [TIME] controller initialization=56997ms
IBM ILOG License Manager: "university-braunschweig" is accessing CPLEX 12 with option(s): "e m b q use=10 MaintenanceEnd=20110128 ".
[2013-07-17 06:06:04.685] [TIME] iteration 1=140625ms
[2013-07-17 06:06:04.722] [STATS] it=1	lb=11	ub=20
[2013-07-17 06:08:32.956] [TIME] iteration 2=148233ms
[2013-07-17 06:08:33.092] [INFO] shortest constrained triangulation segment: 20:(-1461,1861)->(-1422,1865) (len^2=1537)
[2013-07-17 06:08:33.093] [STATS] it=2	lb=20	ub=20
[2013-07-17 06:08:33.093] iterations=2 gap=0
[2013-07-17 06:08:33.093] [TIME] SAT solving=288810ms
[2013-07-17 06:08:33.093] [TIME] total=346027ms
