[2013-07-17 10:26:28.306] [INFO] Running in directory /tmp/hellmann/uniform_distribution
[2013-07-17 10:26:28.306] [INFO] Reading settings from /tmp/hellmann/uniform_distribution/config.json
[2013-07-17 10:26:28.316] [INFO] Reading input file ./0360/random_in_square_0360_1897_078.json ...
[2013-07-17 10:26:38.154] [TIME] generating segments=9831ms
[2013-07-17 10:26:38.157] points=360 segments=64620 convex hull=17
[2013-07-17 10:26:38.157] [INFO] shortest input segment: 0:(-1708,848)->(-1710,855) (len^2=53)
[2013-07-17 10:26:38.792] [INFO] shortest non-crossing segment: 25:(-1504,1830)->(-1522,1863) (len^2=1413)
[2013-07-17 10:26:38.792] separators=2934
[2013-07-17 10:27:17.276] [TIME] intersection graph=39118ms
[2013-07-17 10:27:17.278] [INFO] shortest triangulation segment: 0:(-1708,848)->(-1710,855) (len^2=53)
[2013-07-17 10:27:17.278] [INFO] shortest convex hull segment: 328:(-1663,-1669)->(-1712,-1522) (len^2=24010)
[2013-07-17 10:27:17.278] [STATS] it=0	lb=0	ub=25
[2013-07-17 10:27:17.278] [TIME] controller initialization=48972ms
IBM ILOG License Manager: "university-braunschweig" is accessing CPLEX 12 with option(s): "e m b q use=10 MaintenanceEnd=20110128 ".
[2013-07-17 10:28:37.925] [TIME] iteration 1=80647ms
[2013-07-17 10:28:37.957] [STATS] it=1	lb=15	ub=25
[2013-07-17 10:30:02.264] [TIME] iteration 2=84306ms
[2013-07-17 10:30:02.276] [STATS] it=2	lb=21	ub=25
[2013-07-17 10:31:22.060] [TIME] iteration 3=79784ms
[2013-07-17 10:31:22.107] [STATS] it=3	lb=24	ub=25
[2013-07-17 10:32:45.252] [TIME] iteration 4=83144ms
[2013-07-17 10:32:45.343] [INFO] shortest constrained triangulation segment: 25:(-1504,1830)->(-1522,1863) (len^2=1413)
[2013-07-17 10:32:45.343] [STATS] it=4	lb=25	ub=25
[2013-07-17 10:32:45.343] iterations=4 gap=0
[2013-07-17 10:32:45.343] [TIME] SAT solving=327850ms
[2013-07-17 10:32:45.343] [TIME] total=377036ms
