[2013-07-17 09:14:24.941] [INFO] Running in directory /tmp/hellmann/uniform_distribution
[2013-07-17 09:14:24.941] [INFO] Reading settings from /tmp/hellmann/uniform_distribution/config.json
[2013-07-17 09:14:24.960] [INFO] Reading input file ./0360/random_in_square_0360_1897_072.json ...
[2013-07-17 09:14:34.198] [TIME] generating segments=9195ms
[2013-07-17 09:14:34.201] points=360 segments=64620 convex hull=14
[2013-07-17 09:14:34.201] [INFO] shortest input segment: 0:(-1036,412)->(-1040,414) (len^2=20)
[2013-07-17 09:14:34.843] [INFO] shortest non-crossing segment: 24:(1760,-1734)->(1727,-1709) (len^2=1714)
[2013-07-17 09:14:34.843] separators=3714
[2013-07-17 09:15:36.654] [TIME] intersection graph=62453ms
[2013-07-17 09:15:36.656] [INFO] shortest triangulation segment: 0:(-1036,412)->(-1040,414) (len^2=20)
[2013-07-17 09:15:36.656] [INFO] shortest convex hull segment: 700:(1736,1856)->(1505,1872) (len^2=53617)
[2013-07-17 09:15:36.656] [STATS] it=0	lb=0	ub=24
[2013-07-17 09:15:36.656] [TIME] controller initialization=71702ms
IBM ILOG License Manager: "university-braunschweig" is accessing CPLEX 12 with option(s): "e m b q use=10 MaintenanceEnd=20110128 ".
[2013-07-17 09:20:07.050] [TIME] iteration 1=270393ms
[2013-07-17 09:20:07.097] [STATS] it=1	lb=21	ub=24
[2013-07-17 09:24:32.331] [TIME] iteration 2=265229ms
[2013-07-17 09:24:32.483] [INFO] shortest constrained triangulation segment: 24:(1760,-1734)->(1727,-1709) (len^2=1714)
[2013-07-17 09:24:32.483] [STATS] it=2	lb=24	ub=24
[2013-07-17 09:24:32.483] iterations=2 gap=0
[2013-07-17 09:24:32.484] [TIME] SAT solving=535608ms
[2013-07-17 09:24:32.484] [TIME] total=607530ms
