[2013-07-16 22:50:04.905] [INFO] Running in directory /tmp/hellmann/uniform_distribution
[2013-07-16 22:50:04.905] [INFO] Reading settings from /tmp/hellmann/uniform_distribution/config.json
[2013-07-16 22:50:04.905] [INFO] Reading input file ./0360/random_in_square_0360_1897_036.json ...
[2013-07-16 22:50:16.465] [TIME] generating segments=11544ms
[2013-07-16 22:50:16.468] points=360 segments=64620 convex hull=12
[2013-07-16 22:50:16.468] [INFO] shortest input segment: 0:(-451,753)->(-451,757) (len^2=16)
[2013-07-16 22:50:16.513] [INFO] shortest non-crossing segment: 1:(1165,1811)->(1160,1813) (len^2=29)
[2013-07-16 22:50:16.513] separators=40
[2013-07-16 22:50:16.529] [TIME] intersection graph=60ms
[2013-07-16 22:50:16.530] [INFO] shortest triangulation segment: 0:(-451,753)->(-451,757) (len^2=16)
[2013-07-16 22:50:16.530] [INFO] shortest convex hull segment: 666:(1646,-1889)->(1858,-1838) (len^2=47545)
[2013-07-16 22:50:16.531] [STATS] it=0	lb=0	ub=1
[2013-07-16 22:50:16.531] [TIME] controller initialization=11626ms
IBM ILOG License Manager: "university-braunschweig" is accessing CPLEX 12 with option(s): "e m b q use=10 MaintenanceEnd=20110128 ".
[2013-07-16 22:50:20.868] [TIME] iteration 1=4337ms
[2013-07-16 22:50:20.870] [INFO] shortest constrained triangulation segment: 1:(1165,1811)->(1160,1813) (len^2=29)
[2013-07-16 22:50:20.870] [STATS] it=1	lb=1	ub=1
[2013-07-16 22:50:20.871] iterations=1 gap=0
[2013-07-16 22:50:20.871] [TIME] SAT solving=4337ms
[2013-07-16 22:50:20.871] [TIME] total=15966ms
