[2013-07-16 23:21:21.319] [INFO] Running in directory /tmp/hellmann/uniform_distribution
[2013-07-16 23:21:21.319] [INFO] Reading settings from /tmp/hellmann/uniform_distribution/config.json
[2013-07-16 23:21:21.320] [INFO] Reading input file ./0360/random_in_square_0360_1897_041.json ...
[2013-07-16 23:21:31.113] [TIME] generating segments=9782ms
[2013-07-16 23:21:31.116] points=360 segments=64620 convex hull=24
[2013-07-16 23:21:31.116] [INFO] shortest input segment: 0:(359,1720)->(364,1721) (len^2=26)
[2013-07-16 23:21:31.205] [INFO] shortest non-crossing segment: 3:(-1859,-1310)->(-1861,-1291) (len^2=365)
[2013-07-16 23:21:31.205] separators=128
[2013-07-16 23:21:31.333] [TIME] intersection graph=217ms
[2013-07-16 23:21:31.335] [INFO] shortest triangulation segment: 0:(359,1720)->(364,1721) (len^2=26)
[2013-07-16 23:21:31.335] [INFO] shortest convex hull segment: 3:(-1859,-1310)->(-1861,-1291) (len^2=365)
[2013-07-16 23:21:31.335] [STATS] it=0	lb=0	ub=3
[2013-07-16 23:21:31.335] [TIME] controller initialization=10015ms
IBM ILOG License Manager: "university-braunschweig" is accessing CPLEX 12 with option(s): "e m b q use=10 MaintenanceEnd=20110128 ".
[2013-07-16 23:21:35.766] [TIME] iteration 1=4431ms
[2013-07-16 23:21:35.768] [INFO] shortest constrained triangulation segment: 3:(-1859,-1310)->(-1861,-1291) (len^2=365)
[2013-07-16 23:21:35.768] [STATS] it=1	lb=3	ub=3
[2013-07-16 23:21:35.768] iterations=1 gap=0
[2013-07-16 23:21:35.768] [TIME] SAT solving=4431ms
[2013-07-16 23:21:35.768] [TIME] total=14449ms
