[2013-07-16 17:25:25.162] [INFO] Running in directory /tmp/hellmann/uniform_distribution
[2013-07-16 17:25:25.163] [INFO] Reading settings from /tmp/hellmann/uniform_distribution/config.json
[2013-07-16 17:25:25.187] [INFO] Reading input file ./0360/random_in_square_0360_1897_006.json ...
[2013-07-16 17:25:34.876] [TIME] generating segments=9657ms
[2013-07-16 17:25:34.879] points=360 segments=64620 convex hull=15
[2013-07-16 17:25:34.879] [INFO] shortest input segment: 0:(-95,-1497)->(-92,-1497) (len^2=9)
[2013-07-16 17:25:35.080] [INFO] shortest non-crossing segment: 8:(1878,1502)->(1893,1516) (len^2=421)
[2013-07-16 17:25:35.080] separators=226
[2013-07-16 17:25:35.266] [TIME] intersection graph=386ms
[2013-07-16 17:25:35.268] [INFO] shortest triangulation segment: 0:(-95,-1497)->(-92,-1497) (len^2=9)
[2013-07-16 17:25:35.268] [INFO] shortest convex hull segment: 374:(-1666,-1872)->(-1783,-1757) (len^2=26914)
[2013-07-16 17:25:35.268] [STATS] it=0	lb=0	ub=8
[2013-07-16 17:25:35.268] [TIME] controller initialization=10086ms
IBM ILOG License Manager: "university-braunschweig" is accessing CPLEX 12 with option(s): "e m b q use=10 MaintenanceEnd=20110128 ".
[2013-07-16 17:25:40.031] [TIME] iteration 1=4763ms
[2013-07-16 17:25:40.032] [STATS] it=1	lb=4	ub=8
[2013-07-16 17:25:44.504] [TIME] iteration 2=4473ms
[2013-07-16 17:25:44.504] [STATS] it=2	lb=7	ub=8
[2013-07-16 17:25:48.966] [TIME] iteration 3=4461ms
[2013-07-16 17:25:48.968] [INFO] shortest constrained triangulation segment: 8:(1878,1502)->(1893,1516) (len^2=421)
[2013-07-16 17:25:48.968] [STATS] it=3	lb=8	ub=8
[2013-07-16 17:25:48.968] iterations=3 gap=0
[2013-07-16 17:25:48.968] [TIME] SAT solving=13697ms
[2013-07-16 17:25:48.968] [TIME] total=23787ms
