[2013-07-17 11:52:54.685] [INFO] Running in directory /tmp/hellmann/uniform_distribution
[2013-07-17 11:52:54.686] [INFO] Reading settings from /tmp/hellmann/uniform_distribution/config.json
[2013-07-17 11:52:54.686] [INFO] Reading input file ./0360/random_in_square_0360_1897_088.json ...
[2013-07-17 11:53:04.744] [TIME] generating segments=10044ms
[2013-07-17 11:53:04.747] points=360 segments=64620 convex hull=15
[2013-07-17 11:53:04.747] [INFO] shortest input segment: 0:(-167,871)->(-164,877) (len^2=45)
[2013-07-17 11:53:05.474] [INFO] shortest non-crossing segment: 28:(-1881,-1224)->(-1887,-1178) (len^2=2152)
[2013-07-17 11:53:05.474] separators=3933
[2013-07-17 11:54:08.169] [TIME] intersection graph=63422ms
[2013-07-17 11:54:08.172] [INFO] shortest triangulation segment: 0:(-167,871)->(-164,877) (len^2=45)
[2013-07-17 11:54:08.172] [INFO] shortest convex hull segment: 433:(-1806,-1859)->(-1855,-1686) (len^2=32330)
[2013-07-17 11:54:08.172] [STATS] it=0	lb=0	ub=28
[2013-07-17 11:54:08.172] [TIME] controller initialization=73485ms
IBM ILOG License Manager: "university-braunschweig" is accessing CPLEX 12 with option(s): "e m b q use=10 MaintenanceEnd=20110128 ".
[2013-07-17 11:54:30.228] [ERROR] Solution is infeasible
[2013-07-17 11:54:30.297] [TIME] iteration 1=22125ms
[2013-07-17 11:54:30.306] [STATS] it=1	lb=0	ub=13
[2013-07-17 11:55:37.574] [TIME] iteration 2=67244ms
[2013-07-17 11:55:37.641] [INFO] shortest constrained triangulation segment: 13:(-1874,-1204)->(-1887,-1178) (len^2=845)
[2013-07-17 11:55:37.642] [STATS] it=2	lb=13	ub=13
[2013-07-17 11:55:37.642] iterations=2 gap=0
[2013-07-17 11:55:37.642] [TIME] SAT solving=89364ms
[2013-07-17 11:55:37.642] [TIME] total=162956ms
