[2013-07-16 15:24:45.928] [INFO] Running in directory /tmp/hellmann/uniform_distribution
[2013-07-16 15:24:45.937] [INFO] Reading settings from /tmp/hellmann/uniform_distribution/config.json
[2013-07-16 15:24:45.955] [INFO] Reading input file ./0360/random_in_square_0360_1897_001.json ...
[2013-07-16 15:24:54.669] [TIME] generating segments=8679ms
[2013-07-16 15:24:54.672] points=360 segments=64620 convex hull=17
[2013-07-16 15:24:54.672] [INFO] shortest input segment: 0:(-912,700)->(-922,708) (len^2=164)
[2013-07-16 15:24:54.867] [INFO] shortest non-crossing segment: 7:(701,-1850)->(675,-1840) (len^2=776)
[2013-07-16 15:24:54.867] separators=839
[2013-07-16 15:24:58.932] [TIME] intersection graph=4260ms
[2013-07-16 15:24:58.935] [INFO] shortest triangulation segment: 0:(-912,700)->(-922,708) (len^2=164)
[2013-07-16 15:24:58.935] [INFO] shortest convex hull segment: 223:(1655,-1775)->(1770,-1704) (len^2=18266)
[2013-07-16 15:24:58.935] [STATS] it=0	lb=0	ub=7
[2013-07-16 15:24:58.935] [TIME] controller initialization=12986ms
IBM ILOG License Manager: "university-braunschweig" is accessing CPLEX 12 with option(s): "e m b q use=10 MaintenanceEnd=20110128 ".
[2013-07-16 15:25:09.541] [TIME] iteration 1=10607ms
[2013-07-16 15:25:09.541] [STATS] it=1	lb=6	ub=7
[2013-07-16 15:25:20.045] [TIME] iteration 2=10503ms
[2013-07-16 15:25:20.048] [INFO] shortest constrained triangulation segment: 7:(701,-1850)->(675,-1840) (len^2=776)
[2013-07-16 15:25:20.048] [STATS] it=2	lb=7	ub=7
[2013-07-16 15:25:20.048] iterations=2 gap=0
[2013-07-16 15:25:20.048] [TIME] SAT solving=21110ms
[2013-07-16 15:25:20.048] [TIME] total=34098ms
