[2013-07-16 18:58:48.587] [INFO] Running in directory /tmp/hellmann/uniform_distribution
[2013-07-16 18:58:48.587] [INFO] Reading settings from /tmp/hellmann/uniform_distribution/config.json
[2013-07-16 18:58:48.587] [INFO] Reading input file ./0360/random_in_square_0360_1897_014.json ...
[2013-07-16 18:58:58.598] [TIME] generating segments=9998ms
[2013-07-16 18:58:58.601] points=360 segments=64620 convex hull=21
[2013-07-16 18:58:58.601] [INFO] shortest input segment: 0:(-822,-973)->(-822,-971) (len^2=4)
[2013-07-16 18:58:58.745] [INFO] shortest non-crossing segment: 5:(-1466,-1875)->(-1448,-1864) (len^2=445)
[2013-07-16 18:58:58.745] separators=373
[2013-07-16 18:58:59.628] [TIME] intersection graph=1026ms
[2013-07-16 18:58:59.630] [INFO] shortest triangulation segment: 0:(-822,-973)->(-822,-971) (len^2=4)
[2013-07-16 18:58:59.630] [INFO] shortest convex hull segment: 79:(1873,-1239)->(1889,-1169) (len^2=5156)
[2013-07-16 18:58:59.630] [STATS] it=0	lb=0	ub=5
[2013-07-16 18:58:59.630] [TIME] controller initialization=11042ms
IBM ILOG License Manager: "university-braunschweig" is accessing CPLEX 12 with option(s): "e m b q use=10 MaintenanceEnd=20110128 ".
[2013-07-16 18:59:04.884] [TIME] iteration 1=5253ms
[2013-07-16 18:59:04.884] [STATS] it=1	lb=3	ub=5
[2013-07-16 18:59:10.139] [TIME] iteration 2=5255ms
[2013-07-16 18:59:10.139] [STATS] it=2	lb=4	ub=5
[2013-07-16 18:59:15.371] [TIME] iteration 3=5231ms
[2013-07-16 18:59:15.374] [INFO] shortest constrained triangulation segment: 5:(-1466,-1875)->(-1448,-1864) (len^2=445)
[2013-07-16 18:59:15.374] [STATS] it=3	lb=5	ub=5
[2013-07-16 18:59:15.374] iterations=3 gap=0
[2013-07-16 18:59:15.374] [TIME] SAT solving=15739ms
[2013-07-16 18:59:15.374] [TIME] total=26786ms
