[2013-07-16 20:30:55.426] [INFO] Running in directory /tmp/hellmann/uniform_distribution
[2013-07-16 20:30:55.426] [INFO] Reading settings from /tmp/hellmann/uniform_distribution/config.json
[2013-07-16 20:30:55.427] [INFO] Reading input file ./0360/random_in_square_0360_1897_022.json ...
[2013-07-16 20:31:05.375] [TIME] generating segments=9931ms
[2013-07-16 20:31:05.378] points=360 segments=64620 convex hull=16
[2013-07-16 20:31:05.378] [INFO] shortest input segment: 0:(-404,-1350)->(-411,-1345) (len^2=74)
[2013-07-16 20:31:05.701] [INFO] shortest non-crossing segment: 12:(1507,1783)->(1521,1814) (len^2=1157)
[2013-07-16 20:31:05.702] separators=1543
[2013-07-16 20:31:16.758] [TIME] intersection graph=11381ms
[2013-07-16 20:31:16.760] [INFO] shortest triangulation segment: 0:(-404,-1350)->(-411,-1345) (len^2=74)
[2013-07-16 20:31:16.760] [INFO] shortest convex hull segment: 186:(1610,1750)->(1521,1814) (len^2=12017)
[2013-07-16 20:31:16.760] [STATS] it=0	lb=0	ub=12
[2013-07-16 20:31:16.760] [TIME] controller initialization=21333ms
IBM ILOG License Manager: "university-braunschweig" is accessing CPLEX 12 with option(s): "e m b q use=10 MaintenanceEnd=20110128 ".
[2013-07-16 20:31:42.266] [TIME] iteration 1=25505ms
[2013-07-16 20:31:42.266] [STATS] it=1	lb=6	ub=12
[2013-07-16 20:32:07.630] [TIME] iteration 2=25365ms
[2013-07-16 20:32:07.630] [STATS] it=2	lb=11	ub=12
[2013-07-16 20:32:33.243] [TIME] iteration 3=25613ms
[2013-07-16 20:32:33.246] [INFO] shortest constrained triangulation segment: 12:(1507,1783)->(1521,1814) (len^2=1157)
[2013-07-16 20:32:33.246] [STATS] it=3	lb=12	ub=12
[2013-07-16 20:32:33.246] iterations=3 gap=0
[2013-07-16 20:32:33.246] [TIME] SAT solving=76483ms
[2013-07-16 20:32:33.246] [TIME] total=97819ms
