[2013-07-16 18:56:03.189] [INFO] Running in directory /tmp/hellmann/uniform_distribution
[2013-07-16 18:56:03.189] [INFO] Reading settings from /tmp/hellmann/uniform_distribution/config.json
[2013-07-16 18:56:03.214] [INFO] Reading input file ./0360/random_in_square_0360_1897_011.json ...
[2013-07-16 18:56:13.575] [TIME] generating segments=10320ms
[2013-07-16 18:56:13.578] points=360 segments=64620 convex hull=17
[2013-07-16 18:56:13.579] [INFO] shortest input segment: 0:(-1715,-1751)->(-1711,-1734) (len^2=305)
[2013-07-16 18:56:13.827] [INFO] shortest non-crossing segment: 9:(-1884,1529)->(-1877,1557) (len^2=833)
[2013-07-16 18:56:13.827] separators=1310
[2013-07-16 18:56:23.864] [TIME] intersection graph=10285ms
[2013-07-16 18:56:23.866] [INFO] shortest triangulation segment: 0:(-1715,-1751)->(-1711,-1734) (len^2=305)
[2013-07-16 18:56:23.866] [INFO] shortest convex hull segment: 9:(-1884,1529)->(-1877,1557) (len^2=833)
[2013-07-16 18:56:23.866] [STATS] it=0	lb=0	ub=9
[2013-07-16 18:56:23.866] [TIME] controller initialization=20658ms
IBM ILOG License Manager: "university-braunschweig" is accessing CPLEX 12 with option(s): "e m b q use=10 MaintenanceEnd=20110128 ".
[2013-07-16 18:56:47.637] [TIME] iteration 1=23772ms
[2013-07-16 18:56:47.638] [STATS] it=1	lb=5	ub=9
[2013-07-16 18:57:11.057] [TIME] iteration 2=23419ms
[2013-07-16 18:57:11.060] [INFO] shortest constrained triangulation segment: 9:(-1884,1529)->(-1877,1557) (len^2=833)
[2013-07-16 18:57:11.060] [STATS] it=2	lb=9	ub=9
[2013-07-16 18:57:11.060] iterations=2 gap=0
[2013-07-16 18:57:11.060] [TIME] SAT solving=47191ms
[2013-07-16 18:57:11.060] [TIME] total=67852ms
