[2013-07-17 05:55:59.517] [INFO] Running in directory /tmp/hellmann/uniform_distribution
[2013-07-17 05:55:59.517] [INFO] Reading settings from /tmp/hellmann/uniform_distribution/config.json
[2013-07-17 05:55:59.536] [INFO] Reading input file ./0360/random_in_square_0360_1897_062.json ...
[2013-07-17 05:56:08.070] [TIME] generating segments=8499ms
[2013-07-17 05:56:08.073] points=360 segments=64620 convex hull=17
[2013-07-17 05:56:08.073] [INFO] shortest input segment: 0:(1813,69)->(1817,72) (len^2=25)
[2013-07-17 05:56:08.704] [INFO] shortest non-crossing segment: 24:(1760,-1751)->(1772,-1707) (len^2=2080)
[2013-07-17 05:56:08.704] separators=3437
[2013-07-17 05:57:00.712] [TIME] intersection graph=52639ms
[2013-07-17 05:57:00.714] [INFO] shortest triangulation segment: 0:(1813,69)->(1817,72) (len^2=25)
[2013-07-17 05:57:00.714] [INFO] shortest convex hull segment: 24:(1760,-1751)->(1772,-1707) (len^2=2080)
[2013-07-17 05:57:00.714] [STATS] it=0	lb=0	ub=24
[2013-07-17 05:57:00.714] [TIME] controller initialization=61183ms
IBM ILOG License Manager: "university-braunschweig" is accessing CPLEX 12 with option(s): "e m b q use=10 MaintenanceEnd=20110128 ".
[2013-07-17 05:59:54.464] [TIME] iteration 1=173750ms
[2013-07-17 05:59:54.527] [STATS] it=1	lb=16	ub=24
[2013-07-17 06:02:40.866] [TIME] iteration 2=166337ms
[2013-07-17 06:02:40.989] [INFO] shortest constrained triangulation segment: 24:(1760,-1751)->(1772,-1707) (len^2=2080)
[2013-07-17 06:02:40.991] [STATS] it=2	lb=24	ub=24
[2013-07-17 06:02:40.994] iterations=2 gap=0
[2013-07-17 06:02:40.998] [TIME] SAT solving=340072ms
[2013-07-17 06:02:41.000] [TIME] total=401470ms
