[2013-07-17 01:59:37.554] [INFO] Running in directory /tmp/hellmann/uniform_distribution
[2013-07-17 01:59:37.555] [INFO] Reading settings from /tmp/hellmann/uniform_distribution/config.json
[2013-07-17 01:59:37.579] [INFO] Reading input file ./0360/random_in_square_0360_1897_049.json ...
[2013-07-17 01:59:48.693] [TIME] generating segments=11053ms
[2013-07-17 01:59:48.695] points=360 segments=64620 convex hull=19
[2013-07-17 01:59:48.696] [INFO] shortest input segment: 0:(-569,1482)->(-564,1482) (len^2=25)
[2013-07-17 01:59:49.213] [INFO] shortest non-crossing segment: 19:(1838,-1763)->(1842,-1721) (len^2=1780)
[2013-07-17 01:59:49.213] separators=3308
[2013-07-17 02:00:42.752] [TIME] intersection graph=54056ms
[2013-07-17 02:00:42.754] [INFO] shortest triangulation segment: 0:(-569,1482)->(-564,1482) (len^2=25)
[2013-07-17 02:00:42.754] [INFO] shortest convex hull segment: 19:(1838,-1763)->(1842,-1721) (len^2=1780)
[2013-07-17 02:00:42.754] [STATS] it=0	lb=0	ub=19
[2013-07-17 02:00:42.754] [TIME] controller initialization=65188ms
IBM ILOG License Manager: "university-braunschweig" is accessing CPLEX 12 with option(s): "e m b q use=10 MaintenanceEnd=20110128 ".
[2013-07-17 02:04:18.955] [TIME] iteration 1=216200ms
[2013-07-17 02:04:18.998] [STATS] it=1	lb=11	ub=19
[2013-07-17 02:07:46.614] [TIME] iteration 2=207614ms
[2013-07-17 02:07:46.673] [STATS] it=2	lb=15	ub=19
[2013-07-17 02:11:13.485] [TIME] iteration 3=206810ms
[2013-07-17 02:11:13.544] [STATS] it=3	lb=18	ub=19
[2013-07-17 02:16:40.889] [TIME] iteration 4=327344ms
[2013-07-17 02:16:41.085] [INFO] shortest constrained triangulation segment: 19:(1838,-1763)->(1842,-1721) (len^2=1780)
[2013-07-17 02:16:41.085] [STATS] it=4	lb=19	ub=19
[2013-07-17 02:16:41.085] iterations=4 gap=0
[2013-07-17 02:16:41.085] [TIME] SAT solving=957952ms
[2013-07-17 02:16:41.085] [TIME] total=1023519ms
