[2013-07-16 22:48:24.137] [INFO] Running in directory /tmp/hellmann/uniform_distribution
[2013-07-16 22:48:24.137] [INFO] Reading settings from /tmp/hellmann/uniform_distribution/config.json
[2013-07-16 22:48:24.178] [INFO] Reading input file ./0360/random_in_square_0360_1897_033.json ...
[2013-07-16 22:48:35.691] [TIME] generating segments=11470ms
[2013-07-16 22:48:35.694] points=360 segments=64620 convex hull=17
[2013-07-16 22:48:35.694] [INFO] shortest input segment: 0:(377,1309)->(381,1320) (len^2=137)
[2013-07-16 22:48:35.885] [INFO] shortest non-crossing segment: 7:(1515,-1782)->(1502,-1764) (len^2=493)
[2013-07-16 22:48:35.885] separators=515
[2013-07-16 22:48:37.039] [TIME] intersection graph=1344ms
[2013-07-16 22:48:37.041] [INFO] shortest triangulation segment: 0:(377,1309)->(381,1320) (len^2=137)
[2013-07-16 22:48:37.041] [INFO] shortest convex hull segment: 204:(-1820,1661)->(-1709,1710) (len^2=14722)
[2013-07-16 22:48:37.041] [STATS] it=0	lb=0	ub=7
[2013-07-16 22:48:37.041] [TIME] controller initialization=12893ms
IBM ILOG License Manager: "university-braunschweig" is accessing CPLEX 12 with option(s): "e m b q use=10 MaintenanceEnd=20110128 ".
[2013-07-16 22:48:44.726] [TIME] iteration 1=7686ms
[2013-07-16 22:48:44.726] [STATS] it=1	lb=4	ub=7
[2013-07-16 22:48:50.310] [TIME] iteration 2=5584ms
[2013-07-16 22:48:50.313] [INFO] shortest constrained triangulation segment: 7:(1515,-1782)->(1502,-1764) (len^2=493)
[2013-07-16 22:48:50.313] [STATS] it=2	lb=7	ub=7
[2013-07-16 22:48:50.313] iterations=2 gap=0
[2013-07-16 22:48:50.313] [TIME] SAT solving=13270ms
[2013-07-16 22:48:50.313] [TIME] total=26165ms
