[2013-07-16 01:16:34.572] [INFO] Running in directory /tmp/hellmann/uniform_distribution
[2013-07-16 01:16:34.572] [INFO] Reading settings from /tmp/hellmann/uniform_distribution/config.json
[2013-07-16 01:16:34.590] [INFO] Reading input file ./0350/random_in_square_0350_1871_037.json ...
[2013-07-16 01:16:42.420] [TIME] generating segments=7788ms
[2013-07-16 01:16:42.423] points=350 segments=61075 convex hull=15
[2013-07-16 01:16:42.423] [INFO] shortest input segment: 0:(586,-1080)->(588,-1076) (len^2=20)
[2013-07-16 01:16:42.559] [INFO] shortest non-crossing segment: 5:(-1855,1819)->(-1864,1834) (len^2=306)
[2013-07-16 01:16:42.559] separators=316
[2013-07-16 01:16:43.093] [TIME] intersection graph=669ms
[2013-07-16 01:16:43.095] [INFO] shortest triangulation segment: 0:(586,-1080)->(588,-1076) (len^2=20)
[2013-07-16 01:16:43.095] [INFO] shortest convex hull segment: 64:(1839,-1397)->(1870,-1332) (len^2=5186)
[2013-07-16 01:16:43.095] [STATS] it=0	lb=0	ub=5
[2013-07-16 01:16:43.095] [TIME] controller initialization=8510ms
IBM ILOG License Manager: "university-braunschweig" is accessing CPLEX 12 with option(s): "e m b q use=10 MaintenanceEnd=20110128 ".
[2013-07-16 01:16:47.659] [TIME] iteration 1=4564ms
[2013-07-16 01:16:47.659] [STATS] it=1	lb=3	ub=5
[2013-07-16 01:16:51.976] [TIME] iteration 2=4317ms
[2013-07-16 01:16:51.976] [STATS] it=2	lb=4	ub=5
[2013-07-16 01:16:56.285] [TIME] iteration 3=4308ms
[2013-07-16 01:16:56.287] [INFO] shortest constrained triangulation segment: 5:(-1855,1819)->(-1864,1834) (len^2=306)
[2013-07-16 01:16:56.287] [STATS] it=3	lb=5	ub=5
[2013-07-16 01:16:56.287] iterations=3 gap=0
[2013-07-16 01:16:56.287] [TIME] SAT solving=13189ms
[2013-07-16 01:16:56.287] [TIME] total=21702ms
