[2013-07-16 09:20:55.949] [INFO] Running in directory /tmp/hellmann/uniform_distribution
[2013-07-16 09:20:55.949] [INFO] Reading settings from /tmp/hellmann/uniform_distribution/config.json
[2013-07-16 09:20:55.962] [INFO] Reading input file ./0350/random_in_square_0350_1871_075.json ...
[2013-07-16 09:21:04.780] [TIME] generating segments=8779ms
[2013-07-16 09:21:04.783] points=350 segments=61075 convex hull=17
[2013-07-16 09:21:04.783] [INFO] shortest input segment: 0:(480,1495)->(488,1497) (len^2=68)
[2013-07-16 09:21:04.995] [INFO] shortest non-crossing segment: 8:(-1740,1843)->(-1762,1846) (len^2=493)
[2013-07-16 09:21:04.995] separators=859
[2013-07-16 09:21:08.911] [TIME] intersection graph=4127ms
[2013-07-16 09:21:08.913] [INFO] shortest triangulation segment: 0:(480,1495)->(488,1497) (len^2=68)
[2013-07-16 09:21:08.913] [INFO] shortest convex hull segment: 159:(-1867,-1796)->(-1868,-1688) (len^2=11665)
[2013-07-16 09:21:08.913] [STATS] it=0	lb=0	ub=8
[2013-07-16 09:21:08.913] [TIME] controller initialization=12952ms
IBM ILOG License Manager: "university-braunschweig" is accessing CPLEX 12 with option(s): "e m b q use=10 MaintenanceEnd=20110128 ".
[2013-07-16 09:21:19.733] [TIME] iteration 1=10820ms
[2013-07-16 09:21:19.733] [STATS] it=1	lb=5	ub=8
[2013-07-16 09:21:30.078] [TIME] iteration 2=10345ms
[2013-07-16 09:21:30.080] [INFO] shortest constrained triangulation segment: 8:(-1740,1843)->(-1762,1846) (len^2=493)
[2013-07-16 09:21:30.080] [STATS] it=2	lb=8	ub=8
[2013-07-16 09:21:30.080] iterations=2 gap=0
[2013-07-16 09:21:30.080] [TIME] SAT solving=21164ms
[2013-07-16 09:21:30.080] [TIME] total=34118ms
