[2013-07-16 02:50:52.576] [INFO] Running in directory /tmp/hellmann/uniform_distribution
[2013-07-16 02:50:52.576] [INFO] Reading settings from /tmp/hellmann/uniform_distribution/config.json
[2013-07-16 02:50:52.596] [INFO] Reading input file ./0350/random_in_square_0350_1871_046.json ...
[2013-07-16 02:51:01.109] [TIME] generating segments=8478ms
[2013-07-16 02:51:01.112] points=350 segments=61075 convex hull=13
[2013-07-16 02:51:01.112] [INFO] shortest input segment: 0:(1706,-1569)->(1710,-1567) (len^2=20)
[2013-07-16 02:51:01.525] [INFO] shortest non-crossing segment: 17:(1698,-1689)->(1669,-1671) (len^2=1165)
[2013-07-16 02:51:01.525] separators=1688
[2013-07-16 02:51:14.722] [TIME] intersection graph=13610ms
[2013-07-16 02:51:14.724] [INFO] shortest triangulation segment: 0:(1706,-1569)->(1710,-1567) (len^2=20)
[2013-07-16 02:51:14.724] [INFO] shortest convex hull segment: 61:(1838,1596)->(1827,1661) (len^2=4346)
[2013-07-16 02:51:14.724] [STATS] it=0	lb=0	ub=17
[2013-07-16 02:51:14.724] [TIME] controller initialization=22128ms
IBM ILOG License Manager: "university-braunschweig" is accessing CPLEX 12 with option(s): "e m b q use=10 MaintenanceEnd=20110128 ".
[2013-07-16 02:51:45.742] [TIME] iteration 1=31018ms
[2013-07-16 02:51:45.743] [STATS] it=1	lb=12	ub=17
[2013-07-16 02:52:15.479] [TIME] iteration 2=29736ms
[2013-07-16 02:52:15.481] [INFO] shortest constrained triangulation segment: 17:(1698,-1689)->(1669,-1671) (len^2=1165)
[2013-07-16 02:52:15.481] [STATS] it=2	lb=17	ub=17
[2013-07-16 02:52:15.481] iterations=2 gap=0
[2013-07-16 02:52:15.481] [TIME] SAT solving=60754ms
[2013-07-16 02:52:15.481] [TIME] total=82886ms
