[2013-07-15 20:29:04.664] [INFO] Running in directory /tmp/hellmann/current_run
[2013-07-15 20:29:04.664] [INFO] Reading settings from /tmp/hellmann/current_run/config.json
[2013-07-15 20:29:04.664] [INFO] Reading input file ./0350/random_in_square_0350_1871_019.json ...
[2013-07-15 20:29:13.212] [TIME] generating segments=8531ms
[2013-07-15 20:29:13.215] points=350 segments=61075 convex hull=13
[2013-07-15 20:29:13.215] [INFO] shortest input segment: 0:(-386,-1284)->(-382,-1280) (len^2=32)
[2013-07-15 20:29:13.769] [INFO] shortest non-crossing segment: 22:(1665,-1788)->(1632,-1767) (len^2=1530)
[2013-07-15 20:29:13.769] separators=2760
[2013-07-15 20:29:48.472] [TIME] intersection graph=35258ms
[2013-07-15 20:29:48.475] [INFO] shortest triangulation segment: 0:(-386,-1284)->(-382,-1280) (len^2=32)
[2013-07-15 20:29:48.475] [INFO] shortest convex hull segment: 189:(1665,-1788)->(1740,-1695) (len^2=14274)
[2013-07-15 20:29:48.475] [STATS] it=0	lb=0	ub=22
[2013-07-15 20:29:48.475] [TIME] controller initialization=43811ms
IBM ILOG License Manager: "university-braunschweig" is accessing CPLEX 12 with option(s): "e m b q use=10 MaintenanceEnd=20110128 ".
[2013-07-15 20:31:25.136] [TIME] iteration 1=96661ms
[2013-07-15 20:31:25.164] [STATS] it=1	lb=11	ub=22
[2013-07-15 20:33:14.834] [TIME] iteration 2=109669ms
[2013-07-15 20:33:14.857] [STATS] it=2	lb=18	ub=22
[2013-07-15 20:34:51.899] [TIME] iteration 3=97040ms
[2013-07-15 20:34:52.034] [INFO] shortest constrained triangulation segment: 22:(1665,-1788)->(1632,-1767) (len^2=1530)
[2013-07-15 20:34:52.034] [STATS] it=3	lb=22	ub=22
[2013-07-15 20:34:52.034] iterations=3 gap=0
[2013-07-15 20:34:52.034] [TIME] SAT solving=303351ms
[2013-07-15 20:34:52.034] [TIME] total=347370ms
