[2013-07-16 04:12:51.297] [INFO] Running in directory /tmp/hellmann/uniform_distribution
[2013-07-16 04:12:51.305] [INFO] Reading settings from /tmp/hellmann/uniform_distribution/config.json
[2013-07-16 04:12:51.323] [INFO] Reading input file ./0350/random_in_square_0350_1871_054.json ...
[2013-07-16 04:13:00.522] [TIME] generating segments=9159ms
[2013-07-16 04:13:00.524] points=350 segments=61075 convex hull=16
[2013-07-16 04:13:00.524] [INFO] shortest input segment: 0:(-1696,-47)->(-1697,-45) (len^2=5)
[2013-07-16 04:13:00.829] [INFO] shortest non-crossing segment: 12:(-1866,833)->(-1835,836) (len^2=970)
[2013-07-16 04:13:00.829] separators=1409
[2013-07-16 04:13:09.215] [TIME] intersection graph=8690ms
[2013-07-16 04:13:09.217] [INFO] shortest triangulation segment: 0:(-1696,-47)->(-1697,-45) (len^2=5)
[2013-07-16 04:13:09.217] [INFO] shortest convex hull segment: 21:(1682,-1842)->(1714,-1816) (len^2=1700)
[2013-07-16 04:13:09.217] [STATS] it=0	lb=0	ub=12
[2013-07-16 04:13:09.217] [TIME] controller initialization=17900ms
IBM ILOG License Manager: "university-braunschweig" is accessing CPLEX 12 with option(s): "e m b q use=10 MaintenanceEnd=20110128 ".
[2013-07-16 04:13:28.184] [TIME] iteration 1=18967ms
[2013-07-16 04:13:28.184] [STATS] it=1	lb=6	ub=12
[2013-07-16 04:13:47.087] [TIME] iteration 2=18904ms
[2013-07-16 04:13:47.090] [INFO] shortest constrained triangulation segment: 12:(-1866,833)->(-1835,836) (len^2=970)
[2013-07-16 04:13:47.090] [STATS] it=2	lb=12	ub=12
[2013-07-16 04:13:47.090] iterations=2 gap=0
[2013-07-16 04:13:47.090] [TIME] SAT solving=37871ms
[2013-07-16 04:13:47.090] [TIME] total=55773ms
