[2013-07-15 18:19:39.456] [INFO] Running in directory /tmp/hellmann/current_run
[2013-07-15 18:19:39.457] [INFO] Reading settings from /tmp/hellmann/current_run/config.json
[2013-07-15 18:19:39.457] [INFO] Reading input file ./0350/random_in_square_0350_1871_004.json ...
[2013-07-15 18:19:47.389] [TIME] generating segments=7912ms
[2013-07-15 18:19:47.392] points=350 segments=61075 convex hull=9
[2013-07-15 18:19:47.392] [INFO] shortest input segment: 0:(-959,-722)->(-953,-716) (len^2=72)
[2013-07-15 18:19:47.709] [INFO] shortest non-crossing segment: 13:(-1838,1599)->(-1817,1608) (len^2=522)
[2013-07-15 18:19:47.709] separators=1085
[2013-07-15 18:19:52.358] [TIME] intersection graph=4966ms
[2013-07-15 18:19:52.360] [INFO] shortest triangulation segment: 0:(-959,-722)->(-953,-716) (len^2=72)
[2013-07-15 18:19:52.360] [INFO] shortest convex hull segment: 626:(-1838,1599)->(-1759,1792) (len^2=43490)
[2013-07-15 18:19:52.360] [STATS] it=0	lb=0	ub=13
[2013-07-15 18:19:52.360] [TIME] controller initialization=12902ms
IBM ILOG License Manager: "university-braunschweig" is accessing CPLEX 12 with option(s): "e m b q use=10 MaintenanceEnd=20110128 ".
[2013-07-15 18:20:04.167] [TIME] iteration 1=11808ms
[2013-07-15 18:20:04.168] [STATS] it=1	lb=7	ub=13
[2013-07-15 18:20:15.522] [TIME] iteration 2=11354ms
[2013-07-15 18:20:15.524] [INFO] shortest constrained triangulation segment: 13:(-1838,1599)->(-1817,1608) (len^2=522)
[2013-07-15 18:20:15.524] [STATS] it=2	lb=13	ub=13
[2013-07-15 18:20:15.524] iterations=2 gap=0
[2013-07-15 18:20:15.524] [TIME] SAT solving=23162ms
[2013-07-15 18:20:15.524] [TIME] total=36067ms
