[2013-07-16 08:48:21.607] [INFO] Running in directory /tmp/hellmann/uniform_distribution
[2013-07-16 08:48:21.607] [INFO] Reading settings from /tmp/hellmann/uniform_distribution/config.json
[2013-07-16 08:48:21.648] [INFO] Reading input file ./0350/random_in_square_0350_1871_073.json ...
[2013-07-16 08:48:29.884] [TIME] generating segments=8195ms
[2013-07-16 08:48:29.887] points=350 segments=61075 convex hull=16
[2013-07-16 08:48:29.887] [INFO] shortest input segment: 0:(761,283)->(769,284) (len^2=65)
[2013-07-16 08:48:30.303] [INFO] shortest non-crossing segment: 16:(450,-1851)->(446,-1819) (len^2=1040)
[2013-07-16 08:48:30.303] separators=2267
[2013-07-16 08:48:53.280] [TIME] intersection graph=23392ms
[2013-07-16 08:48:53.282] [INFO] shortest triangulation segment: 1:(1469,328)->(1478,336) (len^2=145)
[2013-07-16 08:48:53.282] [INFO] shortest convex hull segment: 188:(-860,-1866)->(-747,-1866) (len^2=12769)
[2013-07-16 08:48:53.282] [STATS] it=0	lb=1	ub=16
[2013-07-16 08:48:53.282] [TIME] controller initialization=31663ms
IBM ILOG License Manager: "university-braunschweig" is accessing CPLEX 12 with option(s): "e m b q use=10 MaintenanceEnd=20110128 ".
[2013-07-16 08:49:50.824] [TIME] iteration 1=57542ms
[2013-07-16 08:49:50.824] [STATS] it=1	lb=15	ub=16
[2013-07-16 08:50:51.398] [TIME] iteration 2=60574ms
[2013-07-16 08:50:51.534] [INFO] shortest constrained triangulation segment: 16:(450,-1851)->(446,-1819) (len^2=1040)
[2013-07-16 08:50:51.535] [STATS] it=2	lb=16	ub=16
[2013-07-16 08:50:51.535] iterations=2 gap=0
[2013-07-16 08:50:51.535] [TIME] SAT solving=118115ms
[2013-07-16 08:50:51.535] [TIME] total=149917ms
