[2013-07-16 02:52:15.841] [INFO] Running in directory /tmp/hellmann/uniform_distribution
[2013-07-16 02:52:15.841] [INFO] Reading settings from /tmp/hellmann/uniform_distribution/config.json
[2013-07-16 02:52:15.841] [INFO] Reading input file ./0350/random_in_square_0350_1871_047.json ...
[2013-07-16 02:52:24.112] [TIME] generating segments=8259ms
[2013-07-16 02:52:24.115] points=350 segments=61075 convex hull=18
[2013-07-16 02:52:24.115] [INFO] shortest input segment: 0:(844,-428)->(830,-425) (len^2=205)
[2013-07-16 02:52:24.370] [INFO] shortest non-crossing segment: 10:(1760,1824)->(1745,1843) (len^2=586)
[2013-07-16 02:52:24.370] separators=1065
[2013-07-16 02:52:29.556] [TIME] intersection graph=5441ms
[2013-07-16 02:52:29.558] [INFO] shortest triangulation segment: 0:(844,-428)->(830,-425) (len^2=205)
[2013-07-16 02:52:29.558] [INFO] shortest convex hull segment: 10:(1760,1824)->(1745,1843) (len^2=586)
[2013-07-16 02:52:29.558] [STATS] it=0	lb=0	ub=10
[2013-07-16 02:52:29.558] [TIME] controller initialization=13717ms
IBM ILOG License Manager: "university-braunschweig" is accessing CPLEX 12 with option(s): "e m b q use=10 MaintenanceEnd=20110128 ".
[2013-07-16 02:52:42.028] [TIME] iteration 1=12470ms
[2013-07-16 02:52:42.028] [STATS] it=1	lb=5	ub=10
[2013-07-16 02:52:54.601] [TIME] iteration 2=12573ms
[2013-07-16 02:52:54.601] [STATS] it=2	lb=8	ub=10
[2013-07-16 02:53:07.047] [TIME] iteration 3=12446ms
[2013-07-16 02:53:07.050] [INFO] shortest constrained triangulation segment: 10:(1760,1824)->(1745,1843) (len^2=586)
[2013-07-16 02:53:07.050] [STATS] it=3	lb=10	ub=10
[2013-07-16 02:53:07.050] iterations=3 gap=0
[2013-07-16 02:53:07.050] [TIME] SAT solving=37489ms
[2013-07-16 02:53:07.050] [TIME] total=51208ms
