[2013-07-16 11:04:27.813] [INFO] Running in directory /tmp/hellmann/uniform_distribution
[2013-07-16 11:04:27.814] [INFO] Reading settings from /tmp/hellmann/uniform_distribution/config.json
[2013-07-16 11:04:27.814] [INFO] Reading input file ./0350/random_in_square_0350_1871_086.json ...
[2013-07-16 11:04:36.587] [TIME] generating segments=8765ms
[2013-07-16 11:04:36.590] points=350 segments=61075 convex hull=18
[2013-07-16 11:04:36.590] [INFO] shortest input segment: 0:(1720,-531)->(1712,-527) (len^2=80)
[2013-07-16 11:04:37.250] [INFO] shortest non-crossing segment: 26:(-775,-1851)->(-736,-1839) (len^2=1665)
[2013-07-16 11:04:37.250] separators=3578
[2013-07-16 11:05:33.245] [TIME] intersection graph=56655ms
[2013-07-16 11:05:33.248] [INFO] shortest triangulation segment: 0:(1720,-531)->(1712,-527) (len^2=80)
[2013-07-16 11:05:33.248] [INFO] shortest convex hull segment: 29:(1858,1489)->(1853,1530) (len^2=1706)
[2013-07-16 11:05:33.248] [STATS] it=0	lb=0	ub=26
[2013-07-16 11:05:33.248] [TIME] controller initialization=65433ms
IBM ILOG License Manager: "university-braunschweig" is accessing CPLEX 12 with option(s): "e m b q use=10 MaintenanceEnd=20110128 ".
[2013-07-16 11:09:25.527] [TIME] iteration 1=232280ms
[2013-07-16 11:09:25.561] [STATS] it=1	lb=18	ub=26
[2013-07-16 11:17:50.540] [TIME] iteration 2=504978ms
[2013-07-16 11:17:50.696] [INFO] shortest constrained triangulation segment: 26:(-775,-1851)->(-736,-1839) (len^2=1665)
[2013-07-16 11:17:50.696] [STATS] it=2	lb=26	ub=26
[2013-07-16 11:17:50.696] iterations=2 gap=0
[2013-07-16 11:17:50.696] [TIME] SAT solving=737248ms
[2013-07-16 11:17:50.696] [TIME] total=802883ms
