[2013-07-15 17:40:56.525] [INFO] Running in directory /tmp/hellmann/current_run
[2013-07-15 17:40:56.525] [INFO] Reading settings from /tmp/hellmann/current_run/config.json
[2013-07-15 17:40:56.525] [INFO] Reading input file ./0350/random_in_square_0350_1871_000.json ...
[2013-07-15 17:41:04.774] [TIME] generating segments=8228ms
[2013-07-15 17:41:04.777] points=350 segments=61075 convex hull=17
[2013-07-15 17:41:04.777] [INFO] shortest input segment: 0:(-523,137)->(-523,142) (len^2=25)
[2013-07-15 17:41:05.348] [INFO] shortest non-crossing segment: 23:(1775,-1735)->(1797,-1701) (len^2=1640)
[2013-07-15 17:41:05.348] separators=2839
[2013-07-15 17:41:40.146] [TIME] intersection graph=35368ms
[2013-07-15 17:41:40.148] [INFO] shortest triangulation segment: 0:(-523,137)->(-523,142) (len^2=25)
[2013-07-15 17:41:40.148] [INFO] shortest convex hull segment: 23:(1775,-1735)->(1797,-1701) (len^2=1640)
[2013-07-15 17:41:40.148] [STATS] it=0	lb=0	ub=23
[2013-07-15 17:41:40.148] [TIME] controller initialization=43622ms
IBM ILOG License Manager: "university-braunschweig" is accessing CPLEX 12 with option(s): "e m b q use=10 MaintenanceEnd=20110128 ".
[2013-07-15 17:43:19.313] [TIME] iteration 1=99164ms
[2013-07-15 17:43:19.350] [STATS] it=1	lb=18	ub=23
[2013-07-15 17:46:02.614] [TIME] iteration 2=163265ms
[2013-07-15 17:46:02.766] [INFO] shortest constrained triangulation segment: 23:(1775,-1735)->(1797,-1701) (len^2=1640)
[2013-07-15 17:46:02.766] [STATS] it=2	lb=23	ub=23
[2013-07-15 17:46:02.776] iterations=2 gap=0
[2013-07-15 17:46:02.776] [TIME] SAT solving=262420ms
[2013-07-15 17:46:02.776] [TIME] total=306250ms
