[2013-07-16 01:16:56.357] [INFO] Running in directory /tmp/hellmann/uniform_distribution
[2013-07-16 01:16:56.357] [INFO] Reading settings from /tmp/hellmann/uniform_distribution/config.json
[2013-07-16 01:16:56.357] [INFO] Reading input file ./0350/random_in_square_0350_1871_038.json ...
[2013-07-16 01:17:04.297] [TIME] generating segments=7925ms
[2013-07-16 01:17:04.300] points=350 segments=61075 convex hull=14
[2013-07-16 01:17:04.300] [INFO] shortest input segment: 0:(77,-700)->(68,-690) (len^2=181)
[2013-07-16 01:17:04.587] [INFO] shortest non-crossing segment: 11:(1844,591)->(1868,619) (len^2=1360)
[2013-07-16 01:17:04.587] separators=1456
[2013-07-16 01:17:13.481] [TIME] intersection graph=9181ms
[2013-07-16 01:17:13.483] [INFO] shortest triangulation segment: 0:(77,-700)->(68,-690) (len^2=181)
[2013-07-16 01:17:13.483] [INFO] shortest convex hull segment: 130:(1780,-1817)->(1856,-1763) (len^2=8692)
[2013-07-16 01:17:13.483] [STATS] it=0	lb=0	ub=11
[2013-07-16 01:17:13.483] [TIME] controller initialization=17126ms
IBM ILOG License Manager: "university-braunschweig" is accessing CPLEX 12 with option(s): "e m b q use=10 MaintenanceEnd=20110128 ".
[2013-07-16 01:17:32.414] [TIME] iteration 1=18930ms
[2013-07-16 01:17:32.414] [STATS] it=1	lb=9	ub=11
[2013-07-16 01:17:51.253] [TIME] iteration 2=18839ms
[2013-07-16 01:17:51.253] [STATS] it=2	lb=10	ub=11
[2013-07-16 01:18:10.102] [TIME] iteration 3=18850ms
[2013-07-16 01:18:10.105] [INFO] shortest constrained triangulation segment: 11:(1844,591)->(1868,619) (len^2=1360)
[2013-07-16 01:18:10.105] [STATS] it=3	lb=11	ub=11
[2013-07-16 01:18:10.105] iterations=3 gap=0
[2013-07-16 01:18:10.105] [TIME] SAT solving=56619ms
[2013-07-16 01:18:10.105] [TIME] total=73748ms
