[2013-07-15 20:34:55.541] [INFO] Running in directory /tmp/hellmann/current_run
[2013-07-15 20:34:55.550] [INFO] Reading settings from /tmp/hellmann/current_run/config.json
[2013-07-15 20:34:55.562] [INFO] Reading input file ./0350/random_in_square_0350_1871_020.json ...
[2013-07-15 20:35:04.628] [TIME] generating segments=9037ms
[2013-07-15 20:35:04.631] points=350 segments=61075 convex hull=16
[2013-07-15 20:35:04.631] [INFO] shortest input segment: 0:(111,1059)->(117,1061) (len^2=40)
[2013-07-15 20:35:05.057] [INFO] shortest non-crossing segment: 17:(1839,214)->(1804,224) (len^2=1325)
[2013-07-15 20:35:05.057] separators=1990
[2013-07-15 20:35:20.044] [TIME] intersection graph=15412ms
[2013-07-15 20:35:20.046] [INFO] shortest triangulation segment: 0:(111,1059)->(117,1061) (len^2=40)
[2013-07-15 20:35:20.046] [INFO] shortest convex hull segment: 187:(-1768,1757)->(-1704,1856) (len^2=13897)
[2013-07-15 20:35:20.046] [STATS] it=0	lb=0	ub=17
[2013-07-15 20:35:20.046] [TIME] controller initialization=24485ms
IBM ILOG License Manager: "university-braunschweig" is accessing CPLEX 12 with option(s): "e m b q use=10 MaintenanceEnd=20110128 ".
[2013-07-15 20:35:53.188] [TIME] iteration 1=33141ms
[2013-07-15 20:35:53.188] [STATS] it=1	lb=9	ub=17
[2013-07-15 20:36:26.038] [TIME] iteration 2=32850ms
[2013-07-15 20:36:26.038] [STATS] it=2	lb=13	ub=17
[2013-07-15 20:37:14.402] [TIME] iteration 3=48363ms
[2013-07-15 20:37:14.504] [INFO] shortest constrained triangulation segment: 17:(1839,214)->(1804,224) (len^2=1325)
[2013-07-15 20:37:14.504] [STATS] it=3	lb=17	ub=17
[2013-07-15 20:37:14.507] iterations=3 gap=0
[2013-07-15 20:37:14.507] [TIME] SAT solving=114353ms
[2013-07-15 20:37:14.507] [TIME] total=138947ms
