[2013-07-15 18:52:45.184] [INFO] Running in directory /tmp/hellmann/current_run
[2013-07-15 18:52:45.185] [INFO] Reading settings from /tmp/hellmann/current_run/config.json
[2013-07-15 18:52:45.185] [INFO] Reading input file ./0350/random_in_square_0350_1871_010.json ...
[2013-07-15 18:52:54.038] [TIME] generating segments=8838ms
[2013-07-15 18:52:54.041] points=350 segments=61075 convex hull=18
[2013-07-15 18:52:54.041] [INFO] shortest input segment: 0:(-1266,-798)->(-1267,-797) (len^2=2)
[2013-07-15 18:52:54.318] [INFO] shortest non-crossing segment: 11:(-1681,-1775)->(-1656,-1772) (len^2=634)
[2013-07-15 18:52:54.318] separators=1053
[2013-07-15 18:52:59.434] [TIME] intersection graph=5394ms
[2013-07-15 18:52:59.436] [INFO] shortest triangulation segment: 0:(-1266,-798)->(-1267,-797) (len^2=2)
[2013-07-15 18:52:59.436] [INFO] shortest convex hull segment: 363:(-1681,-1775)->(-1754,-1623) (len^2=28433)
[2013-07-15 18:52:59.436] [STATS] it=0	lb=0	ub=11
[2013-07-15 18:52:59.436] [TIME] controller initialization=14252ms
IBM ILOG License Manager: "university-braunschweig" is accessing CPLEX 12 with option(s): "e m b q use=10 MaintenanceEnd=20110128 ".
[2013-07-15 18:53:10.902] [TIME] iteration 1=11465ms
[2013-07-15 18:53:10.902] [STATS] it=1	lb=7	ub=11
[2013-07-15 18:53:22.271] [TIME] iteration 2=11368ms
[2013-07-15 18:53:22.271] [STATS] it=2	lb=9	ub=11
[2013-07-15 18:53:33.637] [TIME] iteration 3=11367ms
[2013-07-15 18:53:33.639] [INFO] shortest constrained triangulation segment: 11:(-1681,-1775)->(-1656,-1772) (len^2=634)
[2013-07-15 18:53:33.639] [STATS] it=3	lb=11	ub=11
[2013-07-15 18:53:33.639] iterations=3 gap=0
[2013-07-15 18:53:33.639] [TIME] SAT solving=34200ms
[2013-07-15 18:53:33.639] [TIME] total=48455ms
