[2013-07-16 08:14:52.540] [INFO] Running in directory /tmp/hellmann/uniform_distribution
[2013-07-16 08:14:52.540] [INFO] Reading settings from /tmp/hellmann/uniform_distribution/config.json
[2013-07-16 08:14:52.540] [INFO] Reading input file ./0350/random_in_square_0350_1871_068.json ...
[2013-07-16 08:15:01.260] [TIME] generating segments=8706ms
[2013-07-16 08:15:01.263] points=350 segments=61075 convex hull=15
[2013-07-16 08:15:01.263] [INFO] shortest input segment: 0:(1386,-1310)->(1378,-1307) (len^2=73)
[2013-07-16 08:15:01.377] [INFO] shortest non-crossing segment: 4:(-322,1836)->(-317,1855) (len^2=386)
[2013-07-16 08:15:01.377] separators=341
[2013-07-16 08:15:01.975] [TIME] intersection graph=713ms
[2013-07-16 08:15:01.977] [INFO] shortest triangulation segment: 0:(1386,-1310)->(1378,-1307) (len^2=73)
[2013-07-16 08:15:01.977] [INFO] shortest convex hull segment: 29:(1352,-1786)->(1404,-1773) (len^2=2873)
[2013-07-16 08:15:01.977] [STATS] it=0	lb=0	ub=4
[2013-07-16 08:15:01.977] [TIME] controller initialization=9436ms
IBM ILOG License Manager: "university-braunschweig" is accessing CPLEX 12 with option(s): "e m b q use=10 MaintenanceEnd=20110128 ".
[2013-07-16 08:15:06.900] [TIME] iteration 1=4924ms
[2013-07-16 08:15:06.900] [STATS] it=1	lb=2	ub=4
[2013-07-16 08:15:11.311] [TIME] iteration 2=4410ms
[2013-07-16 08:15:11.311] [STATS] it=2	lb=3	ub=4
[2013-07-16 08:15:15.743] [TIME] iteration 3=4433ms
[2013-07-16 08:15:15.746] [INFO] shortest constrained triangulation segment: 4:(-322,1836)->(-317,1855) (len^2=386)
[2013-07-16 08:15:15.746] [STATS] it=3	lb=4	ub=4
[2013-07-16 08:15:15.746] iterations=3 gap=0
[2013-07-16 08:15:15.746] [TIME] SAT solving=13767ms
[2013-07-16 08:15:15.746] [TIME] total=23205ms
