[2013-07-16 08:12:40.173] [INFO] Running in directory /tmp/hellmann/uniform_distribution
[2013-07-16 08:12:40.173] [INFO] Reading settings from /tmp/hellmann/uniform_distribution/config.json
[2013-07-16 08:12:40.210] [INFO] Reading input file ./0350/random_in_square_0350_1871_066.json ...
[2013-07-16 08:12:49.224] [TIME] generating segments=8969ms
[2013-07-16 08:12:49.227] points=350 segments=61075 convex hull=15
[2013-07-16 08:12:49.227] [INFO] shortest input segment: 0:(1664,1207)->(1662,1212) (len^2=29)
[2013-07-16 08:12:49.574] [INFO] shortest non-crossing segment: 14:(-1477,-1860)->(-1514,-1853) (len^2=1418)
[2013-07-16 08:12:49.574] separators=1417
[2013-07-16 08:12:59.452] [TIME] intersection graph=10226ms
[2013-07-16 08:12:59.454] [INFO] shortest triangulation segment: 0:(1664,1207)->(1662,1212) (len^2=29)
[2013-07-16 08:12:59.454] [INFO] shortest convex hull segment: 321:(1866,1539)->(1852,1694) (len^2=24221)
[2013-07-16 08:12:59.454] [STATS] it=0	lb=0	ub=14
[2013-07-16 08:12:59.454] [TIME] controller initialization=19246ms
IBM ILOG License Manager: "university-braunschweig" is accessing CPLEX 12 with option(s): "e m b q use=10 MaintenanceEnd=20110128 ".
[2013-07-16 08:13:22.252] [TIME] iteration 1=22798ms
[2013-07-16 08:13:22.253] [STATS] it=1	lb=7	ub=14
[2013-07-16 08:13:45.184] [TIME] iteration 2=22932ms
[2013-07-16 08:13:45.184] [STATS] it=2	lb=12	ub=14
[2013-07-16 08:14:08.194] [TIME] iteration 3=23009ms
[2013-07-16 08:14:08.194] [STATS] it=3	lb=13	ub=14
[2013-07-16 08:14:31.372] [TIME] iteration 4=23177ms
[2013-07-16 08:14:31.374] [INFO] shortest constrained triangulation segment: 14:(-1477,-1860)->(-1514,-1853) (len^2=1418)
[2013-07-16 08:14:31.374] [STATS] it=4	lb=14	ub=14
[2013-07-16 08:14:31.374] iterations=4 gap=0
[2013-07-16 08:14:31.374] [TIME] SAT solving=91916ms
[2013-07-16 08:14:31.374] [TIME] total=111165ms
