[2013-07-15 23:43:18.486] [INFO] Running in directory /tmp/hellmann/uniform_distribution
[2013-07-15 23:43:18.486] [INFO] Reading settings from /tmp/hellmann/uniform_distribution/config.json
[2013-07-15 23:43:18.508] [INFO] Reading input file ./0350/random_in_square_0350_1871_033.json ...
[2013-07-15 23:43:27.348] [TIME] generating segments=8801ms
[2013-07-15 23:43:27.350] points=350 segments=61075 convex hull=13
[2013-07-15 23:43:27.351] [INFO] shortest input segment: 0:(949,195)->(947,199) (len^2=20)
[2013-07-15 23:43:27.814] [INFO] shortest non-crossing segment: 18:(1859,-1501)->(1828,-1483) (len^2=1285)
[2013-07-15 23:43:27.814] separators=2293
[2013-07-15 23:43:54.786] [TIME] intersection graph=27436ms
[2013-07-15 23:43:54.788] [INFO] shortest triangulation segment: 0:(949,195)->(947,199) (len^2=20)
[2013-07-15 23:43:54.788] [INFO] shortest convex hull segment: 338:(1637,-1869)->(1795,-1830) (len^2=26485)
[2013-07-15 23:43:54.788] [STATS] it=0	lb=0	ub=18
[2013-07-15 23:43:54.788] [TIME] controller initialization=36280ms
IBM ILOG License Manager: "university-braunschweig" is accessing CPLEX 12 with option(s): "e m b q use=10 MaintenanceEnd=20110128 ".
[2013-07-15 23:45:14.297] [TIME] iteration 1=79508ms
[2013-07-15 23:45:14.331] [STATS] it=1	lb=13	ub=18
[2013-07-15 23:46:24.789] [TIME] iteration 2=70459ms
[2013-07-15 23:46:24.870] [INFO] shortest constrained triangulation segment: 18:(1859,-1501)->(1828,-1483) (len^2=1285)
[2013-07-15 23:46:24.870] [STATS] it=2	lb=18	ub=18
[2013-07-15 23:46:24.870] iterations=2 gap=0
[2013-07-15 23:46:24.870] [TIME] SAT solving=149962ms
[2013-07-15 23:46:24.871] [TIME] total=186362ms
