[2013-07-05 06:50:23.312] [INFO] Running in directory /tmp/hellmann/current_run
[2013-07-05 06:50:23.313] [INFO] Reading settings from /tmp/hellmann/current_run/config.json
[2013-07-05 06:50:23.313] [INFO] Reading input file ./0150/random_in_square_0150_1225_022.json ...
[2013-07-05 06:50:23.576] [TIME] generating segments=251ms
[2013-07-05 06:50:23.576] points=150 segments=11175 convex hull=14
[2013-07-05 06:50:23.576] [INFO] shortest input segment: 0:(704,492)->(698,502) (len^2=136)
[2013-07-05 06:50:23.681] [INFO] shortest non-crossing segment: 12:(1170,-918)->(1161,-874) (len^2=2017)
[2013-07-05 06:50:23.681] separators=589
[2013-07-05 06:50:25.412] [TIME] intersection graph=1835ms
[2013-07-05 06:50:25.412] [INFO] shortest triangulation segment: 0:(704,492)->(698,502) (len^2=136)
[2013-07-05 06:50:25.412] [INFO] shortest convex hull segment: 359:(-870,1080)->(-646,1189) (len^2=62057)
[2013-07-05 06:50:25.412] [STATS] it=0	lb=0	ub=12
[2013-07-05 06:50:25.413] [TIME] controller initialization=2099ms
IBM ILOG License Manager: "university-braunschweig" is accessing CPLEX 12 with option(s): "e m b q use=10 MaintenanceEnd=20110128 ".
[2013-07-05 06:50:27.849] [TIME] iteration 1=2437ms
[2013-07-05 06:50:27.850] [STATS] it=1	lb=6	ub=12
[2013-07-05 06:50:30.255] [TIME] iteration 2=2405ms
[2013-07-05 06:50:30.256] [STATS] it=2	lb=10	ub=12
[2013-07-05 06:50:32.699] [TIME] iteration 3=2444ms
[2013-07-05 06:50:32.700] [INFO] shortest constrained triangulation segment: 12:(1170,-918)->(1161,-874) (len^2=2017)
[2013-07-05 06:50:32.700] [STATS] it=3	lb=12	ub=12
[2013-07-05 06:50:32.700] iterations=3 gap=0
[2013-07-05 06:50:32.700] [TIME] SAT solving=7286ms
[2013-07-05 06:50:32.700] [TIME] total=9388ms
