[2013-07-05 08:02:16.504] [INFO] Running in directory /tmp/hellmann/current_run
[2013-07-05 08:02:16.504] [INFO] Reading settings from /tmp/hellmann/current_run/config.json
[2013-07-05 08:02:16.515] [INFO] Reading input file ./0150/random_in_square_0150_1225_066.json ...
[2013-07-05 08:02:16.775] [TIME] generating segments=249ms
[2013-07-05 08:02:16.776] points=150 segments=11175 convex hull=10
[2013-07-05 08:02:16.776] [INFO] shortest input segment: 0:(-630,127)->(-628,141) (len^2=200)
[2013-07-05 08:02:16.945] [INFO] shortest non-crossing segment: 20:(-1114,-1054)->(-1161,-1029) (len^2=2834)
[2013-07-05 08:02:16.945] separators=964
[2013-07-05 08:02:21.408] [TIME] intersection graph=4631ms
[2013-07-05 08:02:21.408] [INFO] shortest triangulation segment: 0:(-630,127)->(-628,141) (len^2=200)
[2013-07-05 08:02:21.408] [INFO] shortest convex hull segment: 20:(-1114,-1054)->(-1161,-1029) (len^2=2834)
[2013-07-05 08:02:21.408] [STATS] it=0	lb=0	ub=20
[2013-07-05 08:02:21.409] [TIME] controller initialization=4903ms
IBM ILOG License Manager: "university-braunschweig" is accessing CPLEX 12 with option(s): "e m b q use=10 MaintenanceEnd=20110128 ".
[2013-07-05 08:02:30.077] [TIME] iteration 1=8669ms
[2013-07-05 08:02:30.077] [STATS] it=1	lb=12	ub=20
[2013-07-05 08:02:42.182] [ERROR] Solution is infeasible
[2013-07-05 08:02:42.182] [TIME] iteration 2=12104ms
[2013-07-05 08:02:42.182] [STATS] it=2	lb=12	ub=15
[2013-07-05 08:02:44.887] [ERROR] Solution is infeasible
[2013-07-05 08:02:44.887] [TIME] iteration 3=2706ms
[2013-07-05 08:02:44.887] [STATS] it=3	lb=12	ub=13
[2013-07-05 08:02:46.938] [TIME] iteration 4=2051ms
[2013-07-05 08:02:46.940] [INFO] shortest constrained triangulation segment: 13:(1157,-912)->(1199,-906) (len^2=1800)
[2013-07-05 08:02:46.940] [STATS] it=4	lb=13	ub=13
[2013-07-05 08:02:46.940] iterations=4 gap=0
[2013-07-05 08:02:46.940] [TIME] SAT solving=25530ms
[2013-07-05 08:02:46.940] [TIME] total=30435ms
