[2013-07-05 08:49:52.627] [INFO] Running in directory /tmp/hellmann/current_run
[2013-07-05 08:49:52.637] [INFO] Reading settings from /tmp/hellmann/current_run/config.json
[2013-07-05 08:49:52.664] [INFO] Reading input file ./0150/random_in_square_0150_1225_082.json ...
[2013-07-05 08:49:52.926] [TIME] generating segments=253ms
[2013-07-05 08:49:52.927] points=150 segments=11175 convex hull=14
[2013-07-05 08:49:52.927] [INFO] shortest input segment: 0:(502,239)->(495,250) (len^2=170)
[2013-07-05 08:49:53.122] [INFO] shortest non-crossing segment: 22:(1056,1005)->(1078,1066) (len^2=4205)
[2013-07-05 08:49:53.122] separators=1466
[2013-07-05 08:50:02.678] [TIME] intersection graph=9752ms
[2013-07-05 08:50:02.679] [INFO] shortest triangulation segment: 0:(502,239)->(495,250) (len^2=170)
[2013-07-05 08:50:02.679] [INFO] shortest convex hull segment: 29:(-434,1199)->(-362,1200) (len^2=5185)
[2013-07-05 08:50:02.679] [STATS] it=0	lb=0	ub=22
[2013-07-05 08:50:02.679] [TIME] controller initialization=10030ms
IBM ILOG License Manager: "university-braunschweig" is accessing CPLEX 12 with option(s): "e m b q use=10 MaintenanceEnd=20110128 ".
[2013-07-05 08:50:24.515] [TIME] iteration 1=21837ms
[2013-07-05 08:50:24.516] [STATS] it=1	lb=12	ub=22
[2013-07-05 08:50:44.057] [TIME] iteration 2=19541ms
[2013-07-05 08:50:44.059] [INFO] shortest constrained triangulation segment: 22:(1056,1005)->(1078,1066) (len^2=4205)
[2013-07-05 08:50:44.059] [STATS] it=2	lb=22	ub=22
[2013-07-05 08:50:44.059] iterations=2 gap=0
[2013-07-05 08:50:44.059] [TIME] SAT solving=41378ms
[2013-07-05 08:50:44.059] [TIME] total=51409ms
