[2013-07-05 06:12:26.442] [INFO] Running in directory /tmp/hellmann/current_run
[2013-07-05 06:12:26.442] [INFO] Reading settings from /tmp/hellmann/current_run/config.json
[2013-07-05 06:12:26.443] [INFO] Reading input file ./0150/random_in_square_0150_1225_001.json ...
[2013-07-05 06:12:26.702] [TIME] generating segments=252ms
[2013-07-05 06:12:26.702] points=150 segments=11175 convex hull=12
[2013-07-05 06:12:26.703] [INFO] shortest input segment: 0:(524,695)->(526,700) (len^2=29)
[2013-07-05 06:12:26.768] [INFO] shortest non-crossing segment: 7:(944,-1181)->(980,-1169) (len^2=1440)
[2013-07-05 06:12:26.768] separators=332
[2013-07-05 06:12:27.379] [TIME] intersection graph=676ms
[2013-07-05 06:12:27.380] [INFO] shortest triangulation segment: 1:(454,500)->(448,506) (len^2=72)
[2013-07-05 06:12:27.380] [INFO] shortest convex hull segment: 256:(-1172,1106)->(-972,1186) (len^2=46400)
[2013-07-05 06:12:27.380] [STATS] it=0	lb=1	ub=7
[2013-07-05 06:12:27.380] [TIME] controller initialization=937ms
IBM ILOG License Manager: "university-braunschweig" is accessing CPLEX 12 with option(s): "e m b q use=10 MaintenanceEnd=20110128 ".
[2013-07-05 06:12:27.820] [TIME] iteration 1=440ms
[2013-07-05 06:12:27.820] [STATS] it=1	lb=4	ub=7
[2013-07-05 06:12:28.252] [TIME] iteration 2=431ms
[2013-07-05 06:12:28.253] [INFO] shortest constrained triangulation segment: 7:(944,-1181)->(980,-1169) (len^2=1440)
[2013-07-05 06:12:28.253] [STATS] it=2	lb=7	ub=7
[2013-07-05 06:12:28.253] iterations=2 gap=0
[2013-07-05 06:12:28.253] [TIME] SAT solving=871ms
[2013-07-05 06:12:28.253] [TIME] total=1810ms
