[2013-07-05 06:50:32.754] [INFO] Running in directory /tmp/hellmann/current_run
[2013-07-05 06:50:32.754] [INFO] Reading settings from /tmp/hellmann/current_run/config.json
[2013-07-05 06:50:32.774] [INFO] Reading input file ./0150/random_in_square_0150_1225_023.json ...
[2013-07-05 06:50:33.031] [TIME] generating segments=251ms
[2013-07-05 06:50:33.032] points=150 segments=11175 convex hull=13
[2013-07-05 06:50:33.032] [INFO] shortest input segment: 0:(-849,-679)->(-842,-678) (len^2=50)
[2013-07-05 06:50:33.101] [INFO] shortest non-crossing segment: 8:(1205,307)->(1219,344) (len^2=1565)
[2013-07-05 06:50:33.101] separators=230
[2013-07-05 06:50:33.280] [TIME] intersection graph=247ms
[2013-07-05 06:50:33.281] [INFO] shortest triangulation segment: 0:(-849,-679)->(-842,-678) (len^2=50)
[2013-07-05 06:50:33.281] [INFO] shortest convex hull segment: 61:(1067,952)->(975,1007) (len^2=11489)
[2013-07-05 06:50:33.281] [STATS] it=0	lb=0	ub=8
[2013-07-05 06:50:33.281] [TIME] controller initialization=526ms
IBM ILOG License Manager: "university-braunschweig" is accessing CPLEX 12 with option(s): "e m b q use=10 MaintenanceEnd=20110128 ".
[2013-07-05 06:50:33.581] [TIME] iteration 1=301ms
[2013-07-05 06:50:33.582] [STATS] it=1	lb=6	ub=8
[2013-07-05 06:50:33.875] [TIME] iteration 2=293ms
[2013-07-05 06:50:33.875] [STATS] it=2	lb=7	ub=8
[2013-07-05 06:50:34.169] [TIME] iteration 3=293ms
[2013-07-05 06:50:34.170] [INFO] shortest constrained triangulation segment: 8:(1205,307)->(1219,344) (len^2=1565)
[2013-07-05 06:50:34.170] [STATS] it=3	lb=8	ub=8
[2013-07-05 06:50:34.170] iterations=3 gap=0
[2013-07-05 06:50:34.170] [TIME] SAT solving=887ms
[2013-07-05 06:50:34.170] [TIME] total=1415ms
