[2013-07-05 08:02:54.563] [INFO] Running in directory /tmp/hellmann/current_run
[2013-07-05 08:02:54.563] [INFO] Reading settings from /tmp/hellmann/current_run/config.json
[2013-07-05 08:02:54.564] [INFO] Reading input file ./0150/random_in_square_0150_1225_069.json ...
[2013-07-05 08:02:54.822] [TIME] generating segments=248ms
[2013-07-05 08:02:54.822] points=150 segments=11175 convex hull=13
[2013-07-05 08:02:54.822] [INFO] shortest input segment: 0:(224,695)->(219,706) (len^2=146)
[2013-07-05 08:02:54.837] [INFO] shortest non-crossing segment: 1:(-1156,-1198)->(-1141,-1184) (len^2=421)
[2013-07-05 08:02:54.837] separators=36
[2013-07-05 08:02:54.849] [TIME] intersection graph=26ms
[2013-07-05 08:02:54.850] [INFO] shortest triangulation segment: 0:(224,695)->(219,706) (len^2=146)
[2013-07-05 08:02:54.850] [INFO] shortest convex hull segment: 245:(1085,-1054)->(1143,-846) (len^2=46628)
[2013-07-05 08:02:54.850] [STATS] it=0	lb=0	ub=1
[2013-07-05 08:02:54.850] [TIME] controller initialization=286ms
IBM ILOG License Manager: "university-braunschweig" is accessing CPLEX 12 with option(s): "e m b q use=10 MaintenanceEnd=20110128 ".
[2013-07-05 08:02:54.999] [TIME] iteration 1=148ms
[2013-07-05 08:02:55.000] [INFO] shortest constrained triangulation segment: 1:(-1156,-1198)->(-1141,-1184) (len^2=421)
[2013-07-05 08:02:55.000] [STATS] it=1	lb=1	ub=1
[2013-07-05 08:02:55.000] iterations=1 gap=0
[2013-07-05 08:02:55.000] [TIME] SAT solving=148ms
[2013-07-05 08:02:55.000] [TIME] total=436ms
