[2013-07-05 06:13:45.502] [INFO] Running in directory /tmp/hellmann/current_run
[2013-07-05 06:13:45.503] [INFO] Reading settings from /tmp/hellmann/current_run/config.json
[2013-07-05 06:13:45.503] [INFO] Reading input file ./0150/random_in_square_0150_1225_005.json ...
[2013-07-05 06:13:45.761] [TIME] generating segments=255ms
[2013-07-05 06:13:45.761] points=150 segments=11175 convex hull=14
[2013-07-05 06:13:45.761] [INFO] shortest input segment: 0:(206,-978)->(203,-975) (len^2=18)
[2013-07-05 06:13:45.916] [INFO] shortest non-crossing segment: 18:(-526,1144)->(-578,1159) (len^2=2929)
[2013-07-05 06:13:45.916] separators=947
[2013-07-05 06:13:50.102] [TIME] intersection graph=4340ms
[2013-07-05 06:13:50.103] [INFO] shortest triangulation segment: 0:(206,-978)->(203,-975) (len^2=18)
[2013-07-05 06:13:50.103] [INFO] shortest convex hull segment: 40:(1102,-1168)->(1179,-1133) (len^2=7154)
[2013-07-05 06:13:50.103] [STATS] it=0	lb=0	ub=18
[2013-07-05 06:13:50.103] [TIME] controller initialization=4600ms
IBM ILOG License Manager: "university-braunschweig" is accessing CPLEX 12 with option(s): "e m b q use=10 MaintenanceEnd=20110128 ".
[2013-07-05 06:13:55.632] [TIME] iteration 1=5530ms
[2013-07-05 06:13:55.632] [STATS] it=1	lb=10	ub=18
[2013-07-05 06:14:01.095] [TIME] iteration 2=5462ms
[2013-07-05 06:14:01.096] [INFO] shortest constrained triangulation segment: 18:(-526,1144)->(-578,1159) (len^2=2929)
[2013-07-05 06:14:01.096] [STATS] it=2	lb=18	ub=18
[2013-07-05 06:14:01.096] iterations=2 gap=0
[2013-07-05 06:14:01.096] [TIME] SAT solving=10992ms
[2013-07-05 06:14:01.096] [TIME] total=15593ms
