[2013-07-05 07:28:42.958] [INFO] Running in directory /tmp/hellmann/current_run
[2013-07-05 07:28:42.958] [INFO] Reading settings from /tmp/hellmann/current_run/config.json
[2013-07-05 07:28:42.986] [INFO] Reading input file ./0150/random_in_square_0150_1225_053.json ...
[2013-07-05 07:28:43.254] [TIME] generating segments=255ms
[2013-07-05 07:28:43.254] points=150 segments=11175 convex hull=14
[2013-07-05 07:28:43.255] [INFO] shortest input segment: 0:(1104,-223)->(1108,-218) (len^2=41)
[2013-07-05 07:28:43.627] [INFO] shortest non-crossing segment: 41:(603,1120)->(526,1134) (len^2=6125)
[2013-07-05 07:28:43.627] separators=2661
[2013-07-05 07:29:14.619] [TIME] intersection graph=31365ms
[2013-07-05 07:29:14.620] [INFO] shortest triangulation segment: 0:(1104,-223)->(1108,-218) (len^2=41)
[2013-07-05 07:29:14.620] [INFO] shortest convex hull segment: 58:(910,-1204)->(996,-1152) (len^2=10100)
[2013-07-05 07:29:14.620] [STATS] it=0	lb=0	ub=41
[2013-07-05 07:29:14.620] [TIME] controller initialization=31650ms
IBM ILOG License Manager: "university-braunschweig" is accessing CPLEX 12 with option(s): "e m b q use=10 MaintenanceEnd=20110128 ".
[2013-07-05 07:29:21.499] [ERROR] Solution is infeasible
[2013-07-05 07:29:21.499] [TIME] iteration 1=6879ms
[2013-07-05 07:29:21.499] [STATS] it=1	lb=0	ub=20
[2013-07-05 07:29:25.151] [ERROR] Solution is infeasible
[2013-07-05 07:29:25.151] [TIME] iteration 2=3651ms
[2013-07-05 07:29:25.152] [STATS] it=2	lb=0	ub=9
[2013-07-05 07:29:26.023] [ERROR] Solution is infeasible
[2013-07-05 07:29:26.023] [TIME] iteration 3=872ms
[2013-07-05 07:29:26.023] [STATS] it=3	lb=0	ub=4
[2013-07-05 07:29:26.300] [TIME] iteration 4=276ms
[2013-07-05 07:29:26.300] [STATS] it=4	lb=3	ub=4
[2013-07-05 07:29:26.571] [ERROR] Solution is infeasible
[2013-07-05 07:29:26.571] [TIME] iteration 5=271ms
[2013-07-05 07:29:26.572] [INFO] shortest constrained triangulation segment: 3:(1049,-211)->(1044,-190) (len^2=466)
[2013-07-05 07:29:26.572] [STATS] it=5	lb=3	ub=3
[2013-07-05 07:29:26.572] iterations=5 gap=0
[2013-07-05 07:29:26.572] [TIME] SAT solving=11949ms
[2013-07-05 07:29:26.572] [TIME] total=43602ms
