[2013-07-05 06:12:28.274] [INFO] Running in directory /tmp/hellmann/current_run
[2013-07-05 06:12:28.274] [INFO] Reading settings from /tmp/hellmann/current_run/config.json
[2013-07-05 06:12:28.274] [INFO] Reading input file ./0150/random_in_square_0150_1225_002.json ...
[2013-07-05 06:12:28.544] [TIME] generating segments=254ms
[2013-07-05 06:12:28.544] points=150 segments=11175 convex hull=11
[2013-07-05 06:12:28.544] [INFO] shortest input segment: 0:(999,1032)->(992,1041) (len^2=130)
[2013-07-05 06:12:28.733] [INFO] shortest non-crossing segment: 21:(-923,1140)->(-951,1195) (len^2=3809)
[2013-07-05 06:12:28.733] separators=1395
[2013-07-05 06:12:37.505] [TIME] intersection graph=8961ms
[2013-07-05 06:12:37.506] [INFO] shortest triangulation segment: 0:(999,1032)->(992,1041) (len^2=130)
[2013-07-05 06:12:37.506] [INFO] shortest convex hull segment: 80:(811,-1197)->(919,-1152) (len^2=13689)
[2013-07-05 06:12:37.506] [STATS] it=0	lb=0	ub=21
[2013-07-05 06:12:37.506] [TIME] controller initialization=9232ms
IBM ILOG License Manager: "university-braunschweig" is accessing CPLEX 12 with option(s): "e m b q use=10 MaintenanceEnd=20110128 ".
[2013-07-05 06:12:54.540] [TIME] iteration 1=17033ms
[2013-07-05 06:12:54.540] [STATS] it=1	lb=11	ub=21
[2013-07-05 06:13:11.639] [TIME] iteration 2=17099ms
[2013-07-05 06:13:11.639] [STATS] it=2	lb=18	ub=21
[2013-07-05 06:13:36.879] [TIME] iteration 3=25239ms
[2013-07-05 06:13:36.880] [INFO] shortest constrained triangulation segment: 21:(-923,1140)->(-951,1195) (len^2=3809)
[2013-07-05 06:13:36.880] [STATS] it=3	lb=21	ub=21
[2013-07-05 06:13:36.880] iterations=3 gap=0
[2013-07-05 06:13:36.880] [TIME] SAT solving=59371ms
[2013-07-05 06:13:36.880] [TIME] total=68607ms
