[2013-07-05 06:50:39.363] [INFO] Running in directory /tmp/hellmann/current_run
[2013-07-05 06:50:39.363] [INFO] Reading settings from /tmp/hellmann/current_run/config.json
[2013-07-05 06:50:39.366] [INFO] Reading input file ./0150/random_in_square_0150_1225_026.json ...
[2013-07-05 06:50:39.624] [TIME] generating segments=253ms
[2013-07-05 06:50:39.625] points=150 segments=11175 convex hull=14
[2013-07-05 06:50:39.625] [INFO] shortest input segment: 0:(624,507)->(633,518) (len^2=202)
[2013-07-05 06:50:39.663] [INFO] shortest non-crossing segment: 4:(1085,-886)->(1120,-880) (len^2=1261)
[2013-07-05 06:50:39.663] separators=149
[2013-07-05 06:50:39.771] [TIME] intersection graph=146ms
[2013-07-05 06:50:39.772] [INFO] shortest triangulation segment: 0:(624,507)->(633,518) (len^2=202)
[2013-07-05 06:50:39.772] [INFO] shortest convex hull segment: 7:(1158,-750)->(1169,-711) (len^2=1642)
[2013-07-05 06:50:39.772] [STATS] it=0	lb=0	ub=4
[2013-07-05 06:50:39.772] [TIME] controller initialization=409ms
IBM ILOG License Manager: "university-braunschweig" is accessing CPLEX 12 with option(s): "e m b q use=10 MaintenanceEnd=20110128 ".
[2013-07-05 06:50:39.997] [TIME] iteration 1=224ms
[2013-07-05 06:50:39.997] [STATS] it=1	lb=2	ub=4
[2013-07-05 06:50:40.215] [TIME] iteration 2=218ms
[2013-07-05 06:50:40.216] [INFO] shortest constrained triangulation segment: 4:(1085,-886)->(1120,-880) (len^2=1261)
[2013-07-05 06:50:40.216] [STATS] it=2	lb=4	ub=4
[2013-07-05 06:50:40.216] iterations=2 gap=0
[2013-07-05 06:50:40.216] [TIME] SAT solving=442ms
[2013-07-05 06:50:40.216] [TIME] total=853ms
