[2013-07-05 07:04:36.085] [INFO] Running in directory /tmp/hellmann/current_run
[2013-07-05 07:04:36.085] [INFO] Reading settings from /tmp/hellmann/current_run/config.json
[2013-07-05 07:04:36.085] [INFO] Reading input file ./0150/random_in_square_0150_1225_049.json ...
[2013-07-05 07:04:36.361] [TIME] generating segments=258ms
[2013-07-05 07:04:36.361] points=150 segments=11175 convex hull=15
[2013-07-05 07:04:36.362] [INFO] shortest input segment: 0:(-9,823)->(-9,826) (len^2=9)
[2013-07-05 07:04:36.607] [INFO] shortest non-crossing segment: 28:(966,-1114)->(1028,-1089) (len^2=4469)
[2013-07-05 07:04:36.607] separators=1569
[2013-07-05 07:04:47.308] [TIME] intersection graph=10947ms
[2013-07-05 07:04:47.309] [INFO] shortest triangulation segment: 0:(-9,823)->(-9,826) (len^2=9)
[2013-07-05 07:04:47.309] [INFO] shortest convex hull segment: 28:(966,-1114)->(1028,-1089) (len^2=4469)
[2013-07-05 07:04:47.309] [STATS] it=0	lb=0	ub=28
[2013-07-05 07:04:47.309] [TIME] controller initialization=11224ms
IBM ILOG License Manager: "university-braunschweig" is accessing CPLEX 12 with option(s): "e m b q use=10 MaintenanceEnd=20110128 ".
[2013-07-05 07:05:38.426] [ERROR] Solution is infeasible
[2013-07-05 07:05:38.428] [TIME] iteration 1=51119ms
[2013-07-05 07:05:38.431] [STATS] it=1	lb=0	ub=13
[2013-07-05 07:05:40.666] [TIME] iteration 2=2234ms
[2013-07-05 07:05:40.666] [STATS] it=2	lb=8	ub=13
[2013-07-05 07:05:42.892] [TIME] iteration 3=2226ms
[2013-07-05 07:05:42.892] [STATS] it=3	lb=11	ub=13
[2013-07-05 07:05:45.502] [ERROR] Solution is infeasible
[2013-07-05 07:05:45.505] [TIME] iteration 4=2613ms
[2013-07-05 07:05:45.506] [INFO] shortest constrained triangulation segment: 11:(1028,-1089)->(982,-1085) (len^2=2132)
[2013-07-05 07:05:45.506] [STATS] it=4	lb=11	ub=11
[2013-07-05 07:05:45.506] iterations=4 gap=0
[2013-07-05 07:05:45.506] [TIME] SAT solving=58192ms
[2013-07-05 07:05:45.506] [TIME] total=69422ms
