[2013-07-05 07:04:34.685] [INFO] Running in directory /tmp/hellmann/current_run
[2013-07-05 07:04:34.686] [INFO] Reading settings from /tmp/hellmann/current_run/config.json
[2013-07-05 07:04:34.702] [INFO] Reading input file ./0150/random_in_square_0150_1225_048.json ...
[2013-07-05 07:04:34.968] [TIME] generating segments=252ms
[2013-07-05 07:04:34.968] points=150 segments=11175 convex hull=10
[2013-07-05 07:04:34.968] [INFO] shortest input segment: 0:(349,282)->(339,285) (len^2=109)
[2013-07-05 07:04:35.015] [INFO] shortest non-crossing segment: 5:(1001,1199)->(1026,1222) (len^2=1154)
[2013-07-05 07:04:35.015] separators=226
[2013-07-05 07:04:35.297] [TIME] intersection graph=329ms
[2013-07-05 07:04:35.298] [INFO] shortest triangulation segment: 0:(349,282)->(339,285) (len^2=109)
[2013-07-05 07:04:35.298] [INFO] shortest convex hull segment: 25:(-1180,957)->(-1140,1014) (len^2=4849)
[2013-07-05 07:04:35.298] [STATS] it=0	lb=0	ub=5
[2013-07-05 07:04:35.298] [TIME] controller initialization=612ms
IBM ILOG License Manager: "university-braunschweig" is accessing CPLEX 12 with option(s): "e m b q use=10 MaintenanceEnd=20110128 ".
[2013-07-05 07:04:35.701] [TIME] iteration 1=403ms
[2013-07-05 07:04:35.701] [STATS] it=1	lb=4	ub=5
[2013-07-05 07:04:36.065] [TIME] iteration 2=363ms
[2013-07-05 07:04:36.066] [INFO] shortest constrained triangulation segment: 5:(1001,1199)->(1026,1222) (len^2=1154)
[2013-07-05 07:04:36.066] [STATS] it=2	lb=5	ub=5
[2013-07-05 07:04:36.066] iterations=2 gap=0
[2013-07-05 07:04:36.066] [TIME] SAT solving=766ms
[2013-07-05 07:04:36.066] [TIME] total=1379ms
