[2013-07-05 07:00:15.578] [INFO] Running in directory /tmp/hellmann/current_run
[2013-07-05 07:00:15.578] [INFO] Reading settings from /tmp/hellmann/current_run/config.json
[2013-07-05 07:00:15.579] [INFO] Reading input file ./0150/random_in_square_0150_1225_036.json ...
[2013-07-05 07:00:15.838] [TIME] generating segments=244ms
[2013-07-05 07:00:15.839] points=150 segments=11175 convex hull=15
[2013-07-05 07:00:15.839] [INFO] shortest input segment: 0:(-497,945)->(-500,955) (len^2=109)
[2013-07-05 07:00:15.897] [INFO] shortest non-crossing segment: 7:(1204,-472)->(1204,-445) (len^2=729)
[2013-07-05 07:00:15.897] separators=131
[2013-07-05 07:00:15.997] [TIME] intersection graph=158ms
[2013-07-05 07:00:15.997] [INFO] shortest triangulation segment: 0:(-497,945)->(-500,955) (len^2=109)
[2013-07-05 07:00:15.997] [INFO] shortest convex hull segment: 7:(1204,-472)->(1204,-445) (len^2=729)
[2013-07-05 07:00:15.997] [STATS] it=0	lb=0	ub=7
[2013-07-05 07:00:15.998] [TIME] controller initialization=418ms
IBM ILOG License Manager: "university-braunschweig" is accessing CPLEX 12 with option(s): "e m b q use=10 MaintenanceEnd=20110128 ".
[2013-07-05 07:00:16.206] [TIME] iteration 1=208ms
[2013-07-05 07:00:16.206] [STATS] it=1	lb=6	ub=7
[2013-07-05 07:00:16.420] [TIME] iteration 2=212ms
[2013-07-05 07:00:16.421] [INFO] shortest constrained triangulation segment: 7:(1204,-472)->(1204,-445) (len^2=729)
[2013-07-05 07:00:16.421] [STATS] it=2	lb=7	ub=7
[2013-07-05 07:00:16.421] iterations=2 gap=0
[2013-07-05 07:00:16.421] [TIME] SAT solving=420ms
[2013-07-05 07:00:16.421] [TIME] total=843ms
