[2013-07-05 07:30:05.087] [INFO] Running in directory /tmp/hellmann/current_run
[2013-07-05 07:30:05.087] [INFO] Reading settings from /tmp/hellmann/current_run/config.json
[2013-07-05 07:30:05.087] [INFO] Reading input file ./0150/random_in_square_0150_1225_057.json ...
[2013-07-05 07:30:05.352] [TIME] generating segments=254ms
[2013-07-05 07:30:05.352] points=150 segments=11175 convex hull=13
[2013-07-05 07:30:05.352] [INFO] shortest input segment: 0:(-659,141)->(-652,148) (len^2=98)
[2013-07-05 07:30:05.382] [INFO] shortest non-crossing segment: 3:(-938,-1180)->(-967,-1172) (len^2=905)
[2013-07-05 07:30:05.382] separators=72
[2013-07-05 07:30:05.412] [TIME] intersection graph=59ms
[2013-07-05 07:30:05.412] [INFO] shortest triangulation segment: 0:(-659,141)->(-652,148) (len^2=98)
[2013-07-05 07:30:05.412] [INFO] shortest convex hull segment: 3:(-938,-1180)->(-967,-1172) (len^2=905)
[2013-07-05 07:30:05.412] [STATS] it=0	lb=0	ub=3
[2013-07-05 07:30:05.412] [TIME] controller initialization=325ms
IBM ILOG License Manager: "university-braunschweig" is accessing CPLEX 12 with option(s): "e m b q use=10 MaintenanceEnd=20110128 ".
[2013-07-05 07:30:05.582] [TIME] iteration 1=170ms
[2013-07-05 07:30:05.583] [INFO] shortest constrained triangulation segment: 3:(-938,-1180)->(-967,-1172) (len^2=905)
[2013-07-05 07:30:05.583] [STATS] it=1	lb=3	ub=3
[2013-07-05 07:30:05.583] iterations=1 gap=0
[2013-07-05 07:30:05.583] [TIME] SAT solving=170ms
[2013-07-05 07:30:05.583] [TIME] total=496ms
