[2013-07-05 09:02:03.498] [INFO] Running in directory /tmp/hellmann/current_run
[2013-07-05 09:02:03.498] [INFO] Reading settings from /tmp/hellmann/current_run/config.json
[2013-07-05 09:02:03.513] [INFO] Reading input file ./0150/random_in_square_0150_1225_099.json ...
[2013-07-05 09:02:03.771] [TIME] generating segments=252ms
[2013-07-05 09:02:03.771] points=150 segments=11175 convex hull=11
[2013-07-05 09:02:03.771] [INFO] shortest input segment: 0:(803,949)->(801,950) (len^2=5)
[2013-07-05 09:02:03.824] [INFO] shortest non-crossing segment: 6:(-1145,-761)->(-1113,-760) (len^2=1025)
[2013-07-05 09:02:03.824] separators=177
[2013-07-05 09:02:04.025] [TIME] intersection graph=254ms
[2013-07-05 09:02:04.026] [INFO] shortest triangulation segment: 0:(803,949)->(801,950) (len^2=5)
[2013-07-05 09:02:04.026] [INFO] shortest convex hull segment: 664:(-1145,-761)->(-1169,-404) (len^2=128025)
[2013-07-05 09:02:04.026] [STATS] it=0	lb=0	ub=6
[2013-07-05 09:02:04.026] [TIME] controller initialization=527ms
IBM ILOG License Manager: "university-braunschweig" is accessing CPLEX 12 with option(s): "e m b q use=10 MaintenanceEnd=20110128 ".
[2013-07-05 09:02:04.241] [TIME] iteration 1=214ms
[2013-07-05 09:02:04.241] [STATS] it=1	lb=5	ub=6
[2013-07-05 09:02:04.447] [TIME] iteration 2=207ms
[2013-07-05 09:02:04.448] [INFO] shortest constrained triangulation segment: 6:(-1145,-761)->(-1113,-760) (len^2=1025)
[2013-07-05 09:02:04.449] [STATS] it=2	lb=6	ub=6
[2013-07-05 09:02:04.449] iterations=2 gap=0
[2013-07-05 09:02:04.449] [TIME] SAT solving=421ms
[2013-07-05 09:02:04.449] [TIME] total=950ms
