[2013-07-05 23:14:59.964] [INFO] Running in directory /tmp/hellmann/current_run
[2013-07-05 23:14:59.970] [INFO] Reading settings from /tmp/hellmann/current_run/config.json
[2013-07-05 23:14:59.982] [INFO] Reading input file ./0180/random_in_square_0180_1342_044.json ...
[2013-07-05 23:15:00.436] [TIME] generating segments=446ms
[2013-07-05 23:15:00.437] points=180 segments=16110 convex hull=12
[2013-07-05 23:15:00.437] [INFO] shortest input segment: 0:(-816,305)->(-810,310) (len^2=61)
[2013-07-05 23:15:00.529] [INFO] shortest non-crossing segment: 8:(1264,982)->(1258,1013) (len^2=997)
[2013-07-05 23:15:00.529] separators=411
[2013-07-05 23:15:01.529] [TIME] intersection graph=1092ms
[2013-07-05 23:15:01.530] [INFO] shortest triangulation segment: 0:(-816,305)->(-810,310) (len^2=61)
[2013-07-05 23:15:01.530] [INFO] shortest convex hull segment: 8:(1264,982)->(1258,1013) (len^2=997)
[2013-07-05 23:15:01.530] [STATS] it=0	lb=0	ub=8
[2013-07-05 23:15:01.530] [TIME] controller initialization=1549ms
IBM ILOG License Manager: "university-braunschweig" is accessing CPLEX 12 with option(s): "e m b q use=10 MaintenanceEnd=20110128 ".
[2013-07-05 23:15:03.588] [TIME] iteration 1=2057ms
[2013-07-05 23:15:03.588] [STATS] it=1	lb=4	ub=8
[2013-07-05 23:15:04.982] [TIME] iteration 2=1394ms
[2013-07-05 23:15:04.982] [STATS] it=2	lb=6	ub=8
[2013-07-05 23:15:06.379] [TIME] iteration 3=1397ms
[2013-07-05 23:15:06.381] [INFO] shortest constrained triangulation segment: 8:(1264,982)->(1258,1013) (len^2=997)
[2013-07-05 23:15:06.381] [STATS] it=3	lb=8	ub=8
[2013-07-05 23:15:06.381] iterations=3 gap=0
[2013-07-05 23:15:06.381] [TIME] SAT solving=4848ms
[2013-07-05 23:15:06.381] [TIME] total=6399ms
