[2013-07-05 21:06:48.544] [INFO] Running in directory /tmp/hellmann/current_run
[2013-07-05 21:06:48.544] [INFO] Reading settings from /tmp/hellmann/current_run/config.json
[2013-07-05 21:06:48.555] [INFO] Reading input file ./0180/random_in_square_0180_1342_010.json ...
[2013-07-05 21:06:49.034] [TIME] generating segments=471ms
[2013-07-05 21:06:49.035] points=180 segments=16110 convex hull=13
[2013-07-05 21:06:49.035] [INFO] shortest input segment: 0:(-1235,1100)->(-1231,1103) (len^2=25)
[2013-07-05 21:06:49.091] [INFO] shortest non-crossing segment: 5:(733,1283)->(728,1311) (len^2=809)
[2013-07-05 21:06:49.091] separators=197
[2013-07-05 21:06:49.291] [TIME] intersection graph=256ms
[2013-07-05 21:06:49.292] [INFO] shortest triangulation segment: 0:(-1235,1100)->(-1231,1103) (len^2=25)
[2013-07-05 21:06:49.292] [INFO] shortest convex hull segment: 357:(-1317,1111)->(-1133,1271) (len^2=59456)
[2013-07-05 21:06:49.292] [STATS] it=0	lb=0	ub=5
[2013-07-05 21:06:49.292] [TIME] controller initialization=736ms
IBM ILOG License Manager: "university-braunschweig" is accessing CPLEX 12 with option(s): "e m b q use=10 MaintenanceEnd=20110128 ".
[2013-07-05 21:06:49.783] [TIME] iteration 1=492ms
[2013-07-05 21:06:49.784] [INFO] shortest constrained triangulation segment: 5:(733,1283)->(728,1311) (len^2=809)
[2013-07-05 21:06:49.784] [STATS] it=1	lb=5	ub=5
[2013-07-05 21:06:49.785] iterations=1 gap=0
[2013-07-05 21:06:49.785] [TIME] SAT solving=492ms
[2013-07-05 21:06:49.785] [TIME] total=1229ms
