[2013-07-05 20:36:38.296] [INFO] Running in directory /tmp/hellmann/current_run
[2013-07-05 20:36:38.305] [INFO] Reading settings from /tmp/hellmann/current_run/config.json
[2013-07-05 20:36:38.317] [INFO] Reading input file ./0180/random_in_square_0180_1342_005.json ...
[2013-07-05 20:36:38.815] [TIME] generating segments=489ms
[2013-07-05 20:36:38.816] points=180 segments=16110 convex hull=12
[2013-07-05 20:36:38.816] [INFO] shortest input segment: 0:(307,-40)->(298,-26) (len^2=277)
[2013-07-05 20:36:38.865] [INFO] shortest non-crossing segment: 4:(-1317,1291)->(-1275,1294) (len^2=1773)
[2013-07-05 20:36:38.865] separators=206
[2013-07-05 20:36:39.058] [TIME] intersection graph=241ms
[2013-07-05 20:36:39.059] [INFO] shortest triangulation segment: 0:(307,-40)->(298,-26) (len^2=277)
[2013-07-05 20:36:39.059] [INFO] shortest convex hull segment: 4:(-1317,1291)->(-1275,1294) (len^2=1773)
[2013-07-05 20:36:39.059] [STATS] it=0	lb=0	ub=4
[2013-07-05 20:36:39.059] [TIME] controller initialization=743ms
IBM ILOG License Manager: "university-braunschweig" is accessing CPLEX 12 with option(s): "e m b q use=10 MaintenanceEnd=20110128 ".
[2013-07-05 20:36:39.579] [TIME] iteration 1=520ms
[2013-07-05 20:36:39.580] [INFO] shortest constrained triangulation segment: 4:(-1317,1291)->(-1275,1294) (len^2=1773)
[2013-07-05 20:36:39.580] [STATS] it=1	lb=4	ub=4
[2013-07-05 20:36:39.580] iterations=1 gap=0
[2013-07-05 20:36:39.580] [TIME] SAT solving=520ms
[2013-07-05 20:36:39.580] [TIME] total=1264ms
