[2013-07-06 00:28:26.193] [INFO] Running in directory /tmp/hellmann/current_run
[2013-07-06 00:28:26.193] [INFO] Reading settings from /tmp/hellmann/current_run/config.json
[2013-07-06 00:28:26.194] [INFO] Reading input file ./0180/random_in_square_0180_1342_057.json ...
[2013-07-06 00:28:26.669] [TIME] generating segments=460ms
[2013-07-06 00:28:26.670] points=180 segments=16110 convex hull=12
[2013-07-06 00:28:26.670] [INFO] shortest input segment: 0:(244,1197)->(248,1197) (len^2=16)
[2013-07-06 00:28:26.890] [INFO] shortest non-crossing segment: 20:(-1316,666)->(-1336,709) (len^2=2249)
[2013-07-06 00:28:26.891] separators=1618
[2013-07-06 00:28:39.133] [TIME] intersection graph=12463ms
[2013-07-06 00:28:39.135] [INFO] shortest triangulation segment: 0:(244,1197)->(248,1197) (len^2=16)
[2013-07-06 00:28:39.135] [INFO] shortest convex hull segment: 184:(-1003,-1195)->(-1144,-1125) (len^2=24781)
[2013-07-06 00:28:39.135] [STATS] it=0	lb=0	ub=20
[2013-07-06 00:28:39.135] [TIME] controller initialization=12942ms
IBM ILOG License Manager: "university-braunschweig" is accessing CPLEX 12 with option(s): "e m b q use=10 MaintenanceEnd=20110128 ".
[2013-07-06 00:29:04.857] [TIME] iteration 1=25722ms
[2013-07-06 00:29:04.857] [STATS] it=1	lb=11	ub=20
[2013-07-06 00:31:38.902] [ERROR] Solution is infeasible
[2013-07-06 00:31:38.941] [TIME] iteration 2=154082ms
[2013-07-06 00:31:38.942] [STATS] it=2	lb=11	ub=15
[2013-07-06 00:31:49.696] [TIME] iteration 3=10754ms
[2013-07-06 00:31:49.698] [INFO] shortest constrained triangulation segment: 15:(883,-1241)->(839,-1229) (len^2=2080)
[2013-07-06 00:31:49.698] [STATS] it=3	lb=15	ub=15
[2013-07-06 00:31:49.698] iterations=3 gap=0
[2013-07-06 00:31:49.698] [TIME] SAT solving=190558ms
[2013-07-06 00:31:49.698] [TIME] total=203505ms
