[2013-07-06 02:22:56.177] [INFO] Running in directory /tmp/hellmann/current_run
[2013-07-06 02:22:56.177] [INFO] Reading settings from /tmp/hellmann/current_run/config.json
[2013-07-06 02:22:56.177] [INFO] Reading input file ./0180/random_in_square_0180_1342_083.json ...
[2013-07-06 02:22:56.649] [TIME] generating segments=462ms
[2013-07-06 02:22:56.650] points=180 segments=16110 convex hull=10
[2013-07-06 02:22:56.650] [INFO] shortest input segment: 0:(-757,-67)->(-755,-67) (len^2=4)
[2013-07-06 02:22:56.751] [INFO] shortest non-crossing segment: 9:(1176,1310)->(1141,1329) (len^2=1586)
[2013-07-06 02:22:56.751] separators=606
[2013-07-06 02:22:58.725] [TIME] intersection graph=2075ms
[2013-07-06 02:22:58.727] [INFO] shortest triangulation segment: 0:(-757,-67)->(-755,-67) (len^2=4)
[2013-07-06 02:22:58.727] [INFO] shortest convex hull segment: 9:(1176,1310)->(1141,1329) (len^2=1586)
[2013-07-06 02:22:58.727] [STATS] it=0	lb=0	ub=9
[2013-07-06 02:22:58.727] [TIME] controller initialization=2550ms
IBM ILOG License Manager: "university-braunschweig" is accessing CPLEX 12 with option(s): "e m b q use=10 MaintenanceEnd=20110128 ".
[2013-07-06 02:23:01.718] [TIME] iteration 1=2991ms
[2013-07-06 02:23:01.718] [STATS] it=1	lb=6	ub=9
[2013-07-06 02:23:04.601] [TIME] iteration 2=2884ms
[2013-07-06 02:23:04.603] [INFO] shortest constrained triangulation segment: 9:(1176,1310)->(1141,1329) (len^2=1586)
[2013-07-06 02:23:04.603] [STATS] it=2	lb=9	ub=9
[2013-07-06 02:23:04.603] iterations=2 gap=0
[2013-07-06 02:23:04.603] [TIME] SAT solving=5875ms
[2013-07-06 02:23:04.603] [TIME] total=8426ms
