[2013-07-05 22:36:27.515] [INFO] Running in directory /tmp/hellmann/current_run
[2013-07-05 22:36:27.515] [INFO] Reading settings from /tmp/hellmann/current_run/config.json
[2013-07-05 22:36:27.523] [INFO] Reading input file ./0180/random_in_square_0180_1342_033.json ...
[2013-07-05 22:36:27.989] [TIME] generating segments=458ms
[2013-07-05 22:36:27.989] points=180 segments=16110 convex hull=16
[2013-07-05 22:36:27.989] [INFO] shortest input segment: 0:(-250,-179)->(-275,-167) (len^2=769)
[2013-07-05 22:36:28.010] [INFO] shortest non-crossing segment: 1:(-1290,-44)->(-1324,-29) (len^2=1381)
[2013-07-05 22:36:28.010] separators=114
[2013-07-05 22:36:28.138] [TIME] intersection graph=148ms
[2013-07-05 22:36:28.139] [INFO] shortest triangulation segment: 0:(-250,-179)->(-275,-167) (len^2=769)
[2013-07-05 22:36:28.139] [INFO] shortest convex hull segment: 43:(1341,744)->(1335,823) (len^2=6277)
[2013-07-05 22:36:28.139] [STATS] it=0	lb=0	ub=1
[2013-07-05 22:36:28.139] [TIME] controller initialization=623ms
IBM ILOG License Manager: "university-braunschweig" is accessing CPLEX 12 with option(s): "e m b q use=10 MaintenanceEnd=20110128 ".
[2013-07-05 22:36:28.545] [TIME] iteration 1=406ms
[2013-07-05 22:36:28.546] [INFO] shortest constrained triangulation segment: 1:(-1290,-44)->(-1324,-29) (len^2=1381)
[2013-07-05 22:36:28.546] [STATS] it=1	lb=1	ub=1
[2013-07-05 22:36:28.546] iterations=1 gap=0
[2013-07-05 22:36:28.546] [TIME] SAT solving=406ms
[2013-07-05 22:36:28.546] [TIME] total=1030ms
