[2013-07-06 00:32:49.262] [INFO] Running in directory /tmp/hellmann/current_run
[2013-07-06 00:32:49.263] [INFO] Reading settings from /tmp/hellmann/current_run/config.json
[2013-07-06 00:32:49.263] [INFO] Reading input file ./0180/random_in_square_0180_1342_062.json ...
[2013-07-06 00:32:49.745] [TIME] generating segments=466ms
[2013-07-06 00:32:49.746] points=180 segments=16110 convex hull=12
[2013-07-06 00:32:49.746] [INFO] shortest input segment: 0:(788,738)->(794,743) (len^2=61)
[2013-07-06 00:32:49.763] [INFO] shortest non-crossing segment: 1:(-1296,-1034)->(-1298,-1025) (len^2=85)
[2013-07-06 00:32:49.764] separators=8
[2013-07-06 00:32:49.764] [TIME] intersection graph=17ms
[2013-07-06 00:32:49.765] [INFO] shortest triangulation segment: 0:(788,738)->(794,743) (len^2=61)
[2013-07-06 00:32:49.765] [INFO] shortest convex hull segment: 1:(-1296,-1034)->(-1298,-1025) (len^2=85)
[2013-07-06 00:32:49.765] [STATS] it=0	lb=0	ub=1
[2013-07-06 00:32:49.765] [TIME] controller initialization=503ms
IBM ILOG License Manager: "university-braunschweig" is accessing CPLEX 12 with option(s): "e m b q use=10 MaintenanceEnd=20110128 ".
[2013-07-06 00:32:50.055] [TIME] iteration 1=290ms
[2013-07-06 00:32:50.056] [INFO] shortest constrained triangulation segment: 1:(-1296,-1034)->(-1298,-1025) (len^2=85)
[2013-07-06 00:32:50.056] [STATS] it=1	lb=1	ub=1
[2013-07-06 00:32:50.056] iterations=1 gap=0
[2013-07-06 00:32:50.056] [TIME] SAT solving=290ms
[2013-07-06 00:32:50.056] [TIME] total=794ms
