[2013-07-05 21:06:49.801] [INFO] Running in directory /tmp/hellmann/current_run
[2013-07-05 21:06:49.801] [INFO] Reading settings from /tmp/hellmann/current_run/config.json
[2013-07-05 21:06:49.801] [INFO] Reading input file ./0180/random_in_square_0180_1342_011.json ...
[2013-07-05 21:06:50.264] [TIME] generating segments=454ms
[2013-07-05 21:06:50.265] points=180 segments=16110 convex hull=14
[2013-07-05 21:06:50.265] [INFO] shortest input segment: 0:(-1184,502)->(-1170,504) (len^2=200)
[2013-07-05 21:06:50.430] [INFO] shortest non-crossing segment: 15:(-1241,1226)->(-1187,1227) (len^2=2917)
[2013-07-05 21:06:50.430] separators=1046
[2013-07-05 21:06:55.433] [TIME] intersection graph=5168ms
[2013-07-05 21:06:55.434] [INFO] shortest triangulation segment: 0:(-1184,502)->(-1170,504) (len^2=200)
[2013-07-05 21:06:55.434] [INFO] shortest convex hull segment: 70:(-1215,-938)->(-1265,-847) (len^2=10781)
[2013-07-05 21:06:55.434] [STATS] it=0	lb=0	ub=15
[2013-07-05 21:06:55.434] [TIME] controller initialization=5634ms
IBM ILOG License Manager: "university-braunschweig" is accessing CPLEX 12 with option(s): "e m b q use=10 MaintenanceEnd=20110128 ".
[2013-07-05 21:07:04.582] [TIME] iteration 1=9147ms
[2013-07-05 21:07:04.582] [STATS] it=1	lb=8	ub=15
[2013-07-05 21:07:13.951] [TIME] iteration 2=9369ms
[2013-07-05 21:07:13.951] [STATS] it=2	lb=14	ub=15
[2013-07-05 21:07:23.202] [TIME] iteration 3=9250ms
[2013-07-05 21:07:23.203] [INFO] shortest constrained triangulation segment: 15:(-1241,1226)->(-1187,1227) (len^2=2917)
[2013-07-05 21:07:23.203] [STATS] it=3	lb=15	ub=15
[2013-07-05 21:07:23.203] iterations=3 gap=0
[2013-07-05 21:07:23.203] [TIME] SAT solving=27766ms
[2013-07-05 21:07:23.203] [TIME] total=33402ms
