[2013-07-06 01:33:03.976] [INFO] Running in directory /tmp/hellmann/current_run
[2013-07-06 01:33:03.976] [INFO] Reading settings from /tmp/hellmann/current_run/config.json
[2013-07-06 01:33:03.976] [INFO] Reading input file ./0180/random_in_square_0180_1342_068.json ...
[2013-07-06 01:33:04.447] [TIME] generating segments=457ms
[2013-07-06 01:33:04.447] points=180 segments=16110 convex hull=10
[2013-07-06 01:33:04.448] [INFO] shortest input segment: 0:(689,1024)->(682,1036) (len^2=193)
[2013-07-06 01:33:04.532] [INFO] shortest non-crossing segment: 8:(916,-1311)->(951,-1311) (len^2=1225)
[2013-07-06 01:33:04.532] separators=248
[2013-07-06 01:33:04.750] [TIME] intersection graph=302ms
[2013-07-06 01:33:04.751] [INFO] shortest triangulation segment: 0:(689,1024)->(682,1036) (len^2=193)
[2013-07-06 01:33:04.751] [INFO] shortest convex hull segment: 434:(951,-1311)->(1189,-1189) (len^2=71528)
[2013-07-06 01:33:04.751] [STATS] it=0	lb=0	ub=8
[2013-07-06 01:33:04.751] [TIME] controller initialization=776ms
IBM ILOG License Manager: "university-braunschweig" is accessing CPLEX 12 with option(s): "e m b q use=10 MaintenanceEnd=20110128 ".
[2013-07-06 01:33:05.204] [TIME] iteration 1=452ms
[2013-07-06 01:33:05.204] [STATS] it=1	lb=4	ub=8
[2013-07-06 01:33:05.658] [TIME] iteration 2=454ms
[2013-07-06 01:33:05.658] [STATS] it=2	lb=6	ub=8
[2013-07-06 01:33:06.112] [TIME] iteration 3=453ms
[2013-07-06 01:33:06.113] [INFO] shortest constrained triangulation segment: 8:(916,-1311)->(951,-1311) (len^2=1225)
[2013-07-06 01:33:06.113] [STATS] it=3	lb=8	ub=8
[2013-07-06 01:33:06.114] iterations=3 gap=0
[2013-07-06 01:33:06.114] [TIME] SAT solving=1359ms
[2013-07-06 01:33:06.114] [TIME] total=2137ms
