[2013-07-05 23:07:45.547] [INFO] Running in directory /tmp/hellmann/current_run
[2013-07-05 23:07:45.556] [INFO] Reading settings from /tmp/hellmann/current_run/config.json
[2013-07-05 23:07:45.575] [INFO] Reading input file ./0180/random_in_square_0180_1342_041.json ...
[2013-07-05 23:07:46.039] [TIME] generating segments=456ms
[2013-07-05 23:07:46.039] points=180 segments=16110 convex hull=13
[2013-07-05 23:07:46.039] [INFO] shortest input segment: 0:(1033,697)->(1036,706) (len^2=90)
[2013-07-05 23:07:46.258] [INFO] shortest non-crossing segment: 20:(1276,-1253)->(1300,-1199) (len^2=3492)
[2013-07-05 23:07:46.258] separators=1543
[2013-07-05 23:07:57.876] [TIME] intersection graph=11837ms
[2013-07-05 23:07:57.877] [INFO] shortest triangulation segment: 0:(1033,697)->(1036,706) (len^2=90)
[2013-07-05 23:07:57.877] [INFO] shortest convex hull segment: 20:(1276,-1253)->(1300,-1199) (len^2=3492)
[2013-07-05 23:07:57.877] [STATS] it=0	lb=0	ub=20
[2013-07-05 23:07:57.877] [TIME] controller initialization=12310ms
IBM ILOG License Manager: "university-braunschweig" is accessing CPLEX 12 with option(s): "e m b q use=10 MaintenanceEnd=20110128 ".
[2013-07-05 23:08:23.534] [TIME] iteration 1=25657ms
[2013-07-05 23:08:23.534] [STATS] it=1	lb=10	ub=20
[2013-07-05 23:08:48.319] [TIME] iteration 2=24784ms
[2013-07-05 23:08:48.320] [INFO] shortest constrained triangulation segment: 20:(1276,-1253)->(1300,-1199) (len^2=3492)
[2013-07-05 23:08:48.320] [STATS] it=2	lb=20	ub=20
[2013-07-05 23:08:48.320] iterations=2 gap=0
[2013-07-05 23:08:48.320] [TIME] SAT solving=50441ms
[2013-07-05 23:08:48.321] [TIME] total=62753ms
