[2013-07-05 21:41:29.750] [INFO] Running in directory /tmp/hellmann/current_run
[2013-07-05 21:41:29.750] [INFO] Reading settings from /tmp/hellmann/current_run/config.json
[2013-07-05 21:41:29.750] [INFO] Reading input file ./0180/random_in_square_0180_1342_025.json ...
[2013-07-05 21:41:30.221] [TIME] generating segments=462ms
[2013-07-05 21:41:30.222] points=180 segments=16110 convex hull=12
[2013-07-05 21:41:30.222] [INFO] shortest input segment: 0:(-881,32)->(-881,42) (len^2=100)
[2013-07-05 21:41:30.290] [INFO] shortest non-crossing segment: 6:(151,-1272)->(142,-1246) (len^2=757)
[2013-07-05 21:41:30.290] separators=278
[2013-07-05 21:41:30.639] [TIME] intersection graph=417ms
[2013-07-05 21:41:30.640] [INFO] shortest triangulation segment: 0:(-881,32)->(-881,42) (len^2=100)
[2013-07-05 21:41:30.640] [INFO] shortest convex hull segment: 146:(-1294,1168)->(-1172,1255) (len^2=22453)
[2013-07-05 21:41:30.640] [STATS] it=0	lb=0	ub=6
[2013-07-05 21:41:30.640] [TIME] controller initialization=891ms
IBM ILOG License Manager: "university-braunschweig" is accessing CPLEX 12 with option(s): "e m b q use=10 MaintenanceEnd=20110128 ".
[2013-07-05 21:41:31.174] [TIME] iteration 1=533ms
[2013-07-05 21:41:31.174] [STATS] it=1	lb=3	ub=6
[2013-07-05 21:41:31.707] [TIME] iteration 2=533ms
[2013-07-05 21:41:31.707] [STATS] it=2	lb=5	ub=6
[2013-07-05 21:41:32.237] [TIME] iteration 3=530ms
[2013-07-05 21:41:32.238] [INFO] shortest constrained triangulation segment: 6:(151,-1272)->(142,-1246) (len^2=757)
[2013-07-05 21:41:32.238] [STATS] it=3	lb=6	ub=6
[2013-07-05 21:41:32.238] iterations=3 gap=0
[2013-07-05 21:41:32.238] [TIME] SAT solving=1596ms
[2013-07-05 21:41:32.238] [TIME] total=2488ms
