[2013-07-06 01:50:07.487] [INFO] Running in directory /tmp/hellmann/current_run
[2013-07-06 01:50:07.487] [INFO] Reading settings from /tmp/hellmann/current_run/config.json
[2013-07-06 01:50:07.487] [INFO] Reading input file ./0180/random_in_square_0180_1342_077.json ...
[2013-07-06 01:50:07.945] [TIME] generating segments=450ms
[2013-07-06 01:50:07.946] points=180 segments=16110 convex hull=13
[2013-07-06 01:50:07.946] [INFO] shortest input segment: 0:(-894,714)->(-896,716) (len^2=8)
[2013-07-06 01:50:08.183] [INFO] shortest non-crossing segment: 22:(1287,-1194)->(1318,-1143) (len^2=3562)
[2013-07-06 01:50:08.183] separators=1452
[2013-07-06 01:50:16.258] [TIME] intersection graph=8311ms
[2013-07-06 01:50:16.259] [INFO] shortest triangulation segment: 0:(-894,714)->(-896,716) (len^2=8)
[2013-07-06 01:50:16.260] [INFO] shortest convex hull segment: 22:(1287,-1194)->(1318,-1143) (len^2=3562)
[2013-07-06 01:50:16.260] [STATS] it=0	lb=0	ub=22
[2013-07-06 01:50:16.260] [TIME] controller initialization=8772ms
IBM ILOG License Manager: "university-braunschweig" is accessing CPLEX 12 with option(s): "e m b q use=10 MaintenanceEnd=20110128 ".
[2013-07-06 01:50:32.723] [TIME] iteration 1=16463ms
[2013-07-06 01:50:32.723] [STATS] it=1	lb=12	ub=22
[2013-07-06 01:50:49.473] [TIME] iteration 2=16751ms
[2013-07-06 01:50:49.474] [STATS] it=2	lb=17	ub=22
[2013-07-06 01:51:27.614] [TIME] iteration 3=38140ms
[2013-07-06 01:51:27.615] [INFO] shortest constrained triangulation segment: 22:(1287,-1194)->(1318,-1143) (len^2=3562)
[2013-07-06 01:51:27.616] [STATS] it=3	lb=22	ub=22
[2013-07-06 01:51:27.616] iterations=3 gap=0
[2013-07-06 01:51:27.616] [TIME] SAT solving=71354ms
[2013-07-06 01:51:27.616] [TIME] total=80128ms
