[2013-07-06 02:24:27.479] [INFO] Running in directory /tmp/hellmann/current_run
[2013-07-06 02:24:27.479] [INFO] Reading settings from /tmp/hellmann/current_run/config.json
[2013-07-06 02:24:27.479] [INFO] Reading input file ./0180/random_in_square_0180_1342_087.json ...
[2013-07-06 02:24:27.938] [TIME] generating segments=456ms
[2013-07-06 02:24:27.939] points=180 segments=16110 convex hull=17
[2013-07-06 02:24:27.939] [INFO] shortest input segment: 0:(-1232,721)->(-1211,721) (len^2=441)
[2013-07-06 02:24:27.956] [INFO] shortest non-crossing segment: 1:(-1107,1288)->(-1084,1292) (len^2=545)
[2013-07-06 02:24:27.956] separators=5
[2013-07-06 02:24:27.957] [TIME] intersection graph=17ms
[2013-07-06 02:24:27.957] [INFO] shortest triangulation segment: 0:(-1232,721)->(-1211,721) (len^2=441)
[2013-07-06 02:24:27.957] [INFO] shortest convex hull segment: 53:(-1107,1288)->(-1017,1310) (len^2=8584)
[2013-07-06 02:24:27.957] [STATS] it=0	lb=0	ub=1
[2013-07-06 02:24:27.958] [TIME] controller initialization=478ms
IBM ILOG License Manager: "university-braunschweig" is accessing CPLEX 12 with option(s): "e m b q use=10 MaintenanceEnd=20110128 ".
[2013-07-06 02:24:28.240] [TIME] iteration 1=282ms
[2013-07-06 02:24:28.241] [INFO] shortest constrained triangulation segment: 1:(-1107,1288)->(-1084,1292) (len^2=545)
[2013-07-06 02:24:28.241] [STATS] it=1	lb=1	ub=1
[2013-07-06 02:24:28.241] iterations=1 gap=0
[2013-07-06 02:24:28.242] [TIME] SAT solving=282ms
[2013-07-06 02:24:28.242] [TIME] total=762ms
