[2013-07-06 00:15:15.313] [INFO] Running in directory /tmp/hellmann/current_run
[2013-07-06 00:15:15.313] [INFO] Reading settings from /tmp/hellmann/current_run/config.json
[2013-07-06 00:15:15.313] [INFO] Reading input file ./0180/random_in_square_0180_1342_050.json ...
[2013-07-06 00:15:15.791] [TIME] generating segments=466ms
[2013-07-06 00:15:15.791] points=180 segments=16110 convex hull=16
[2013-07-06 00:15:15.791] [INFO] shortest input segment: 0:(771,457)->(776,460) (len^2=34)
[2013-07-06 00:15:16.221] [INFO] shortest non-crossing segment: 40:(1271,1144)->(1238,1212) (len^2=5713)
[2013-07-06 00:15:16.221] separators=2281
[2013-07-06 00:15:36.541] [TIME] intersection graph=20750ms
[2013-07-06 00:15:36.543] [INFO] shortest triangulation segment: 0:(771,457)->(776,460) (len^2=34)
[2013-07-06 00:15:36.543] [INFO] shortest convex hull segment: 40:(1271,1144)->(1238,1212) (len^2=5713)
[2013-07-06 00:15:36.543] [STATS] it=0	lb=0	ub=40
[2013-07-06 00:15:36.543] [TIME] controller initialization=21230ms
IBM ILOG License Manager: "university-braunschweig" is accessing CPLEX 12 with option(s): "e m b q use=10 MaintenanceEnd=20110128 ".
[2013-07-06 00:16:20.064] [TIME] iteration 1=43521ms
[2013-07-06 00:16:20.064] [STATS] it=1	lb=23	ub=40
[2013-07-06 00:17:50.680] [TIME] iteration 2=90616ms
[2013-07-06 00:17:50.716] [STATS] it=2	lb=32	ub=40
[2013-07-06 00:19:06.928] [TIME] iteration 3=76211ms
[2013-07-06 00:19:06.947] [STATS] it=3	lb=38	ub=40
[2013-07-06 00:21:37.340] [TIME] iteration 4=150392ms
[2013-07-06 00:21:37.385] [STATS] it=4	lb=39	ub=40
[2013-07-06 00:28:11.423] [ERROR] Solution is infeasible
[2013-07-06 00:28:11.443] [TIME] iteration 5=394054ms
[2013-07-06 00:28:11.477] [INFO] shortest constrained triangulation segment: 39:(-111,1221)->(-40,1244) (len^2=5570)
[2013-07-06 00:28:11.477] [STATS] it=5	lb=39	ub=39
[2013-07-06 00:28:11.477] iterations=5 gap=0
[2013-07-06 00:28:11.477] [TIME] SAT solving=754692ms
[2013-07-06 00:28:11.477] [TIME] total=776164ms
