[2013-07-06 02:24:30.986] [INFO] Running in directory /tmp/hellmann/current_run
[2013-07-06 02:24:30.987] [INFO] Reading settings from /tmp/hellmann/current_run/config.json
[2013-07-06 02:24:30.987] [INFO] Reading input file ./0180/random_in_square_0180_1342_089.json ...
[2013-07-06 02:24:31.453] [TIME] generating segments=451ms
[2013-07-06 02:24:31.454] points=180 segments=16110 convex hull=13
[2013-07-06 02:24:31.454] [INFO] shortest input segment: 0:(-22,-1049)->(-40,-1045) (len^2=340)
[2013-07-06 02:24:31.502] [INFO] shortest non-crossing segment: 4:(1162,-1329)->(1160,-1300) (len^2=845)
[2013-07-06 02:24:31.502] separators=120
[2013-07-06 02:24:31.573] [TIME] intersection graph=119ms
[2013-07-06 02:24:31.574] [INFO] shortest triangulation segment: 2:(945,-690)->(968,-685) (len^2=554)
[2013-07-06 02:24:31.574] [INFO] shortest convex hull segment: 27:(1297,1271)->(1288,1330) (len^2=3562)
[2013-07-06 02:24:31.574] [STATS] it=0	lb=2	ub=4
[2013-07-06 02:24:31.574] [TIME] controller initialization=588ms
IBM ILOG License Manager: "university-braunschweig" is accessing CPLEX 12 with option(s): "e m b q use=10 MaintenanceEnd=20110128 ".
[2013-07-06 02:24:31.907] [TIME] iteration 1=332ms
[2013-07-06 02:24:31.908] [INFO] shortest constrained triangulation segment: 4:(1162,-1329)->(1160,-1300) (len^2=845)
[2013-07-06 02:24:31.908] [STATS] it=1	lb=4	ub=4
[2013-07-06 02:24:31.908] iterations=1 gap=0
[2013-07-06 02:24:31.908] [TIME] SAT solving=332ms
[2013-07-06 02:24:31.908] [TIME] total=921ms
