[2013-07-18 21:10:42.088] [INFO] Running in directory /tmp/hellmann/uniform_distribution
[2013-07-18 21:10:42.088] [INFO] Reading settings from /tmp/hellmann/uniform_distribution/config.json
[2013-07-18 21:10:42.124] [INFO] Reading input file ./0380/random_in_square_0380_1949_031.json ...
[2013-07-18 21:10:55.346] [TIME] generating segments=13182ms
[2013-07-18 21:10:55.349] points=380 segments=72010 convex hull=13
[2013-07-18 21:10:55.349] [INFO] shortest input segment: 0:(-169,-1523)->(-165,-1520) (len^2=25)
[2013-07-18 21:10:56.016] [INFO] shortest non-crossing segment: 24:(1620,1893)->(1623,1932) (len^2=1530)
[2013-07-18 21:10:56.016] separators=3282
[2013-07-18 21:11:42.231] [TIME] intersection graph=46882ms
[2013-07-18 21:11:42.233] [INFO] shortest triangulation segment: 0:(-169,-1523)->(-165,-1520) (len^2=25)
[2013-07-18 21:11:42.233] [INFO] shortest convex hull segment: 261:(1860,-1708)->(1872,-1580) (len^2=16528)
[2013-07-18 21:11:42.233] [STATS] it=0	lb=0	ub=24
[2013-07-18 21:11:42.233] [TIME] controller initialization=60123ms
IBM ILOG License Manager: "university-braunschweig" is accessing CPLEX 12 with option(s): "e m b q use=10 MaintenanceEnd=20110128 ".
[2013-07-18 21:13:58.865] [TIME] iteration 1=136632ms
[2013-07-18 21:13:58.888] [STATS] it=1	lb=12	ub=24
[2013-07-18 21:16:41.733] [TIME] iteration 2=162835ms
[2013-07-18 21:16:41.781] [STATS] it=2	lb=20	ub=24
[2013-07-18 21:19:28.946] [TIME] iteration 3=167162ms
[2013-07-18 21:19:29.183] [INFO] shortest constrained triangulation segment: 24:(1620,1893)->(1623,1932) (len^2=1530)
[2013-07-18 21:19:29.184] [STATS] it=3	lb=24	ub=24
[2013-07-18 21:19:29.184] iterations=3 gap=0
[2013-07-18 21:19:29.184] [TIME] SAT solving=466581ms
[2013-07-18 21:19:29.184] [TIME] total=527073ms
