[2013-07-19 02:42:26.907] [INFO] Running in directory /tmp/hellmann/uniform_distribution
[2013-07-19 02:42:26.916] [INFO] Reading settings from /tmp/hellmann/uniform_distribution/config.json
[2013-07-19 02:42:26.933] [INFO] Reading input file ./0380/random_in_square_0380_1949_048.json ...
[2013-07-19 02:42:40.036] [TIME] generating segments=13058ms
[2013-07-19 02:42:40.039] points=380 segments=72010 convex hull=20
[2013-07-19 02:42:40.040] [INFO] shortest input segment: 0:(354,-91)->(350,-88) (len^2=25)
[2013-07-19 02:42:40.189] [INFO] shortest non-crossing segment: 5:(1805,1714)->(1814,1719) (len^2=106)
[2013-07-19 02:42:40.189] separators=248
[2013-07-19 02:42:40.558] [TIME] intersection graph=519ms
[2013-07-19 02:42:40.560] [INFO] shortest triangulation segment: 0:(354,-91)->(350,-88) (len^2=25)
[2013-07-19 02:42:40.560] [INFO] shortest convex hull segment: 138:(1867,1644)->(1814,1719) (len^2=8434)
[2013-07-19 02:42:40.560] [STATS] it=0	lb=0	ub=5
[2013-07-19 02:42:40.560] [TIME] controller initialization=13632ms
IBM ILOG License Manager: "university-braunschweig" is accessing CPLEX 12 with option(s): "e m b q use=10 MaintenanceEnd=20110128 ".
[2013-07-19 02:42:46.837] [TIME] iteration 1=6277ms
[2013-07-19 02:42:46.838] [STATS] it=1	lb=3	ub=5
[2013-07-19 02:42:52.518] [TIME] iteration 2=5681ms
[2013-07-19 02:42:52.520] [INFO] shortest constrained triangulation segment: 5:(1805,1714)->(1814,1719) (len^2=106)
[2013-07-19 02:42:52.520] [STATS] it=2	lb=5	ub=5
[2013-07-19 02:42:52.520] iterations=2 gap=0
[2013-07-19 02:42:52.520] [TIME] SAT solving=11958ms
[2013-07-19 02:42:52.520] [TIME] total=25592ms
