[2013-07-19 08:51:46.879] [INFO] Running in directory /tmp/hellmann/uniform_distribution
[2013-07-19 08:51:46.879] [INFO] Reading settings from /tmp/hellmann/uniform_distribution/config.json
[2013-07-19 08:51:46.891] [INFO] Reading input file ./0380/random_in_square_0380_1949_072.json ...
[2013-07-19 08:52:01.144] [TIME] generating segments=14240ms
[2013-07-19 08:52:01.147] points=380 segments=72010 convex hull=16
[2013-07-19 08:52:01.147] [INFO] shortest input segment: 0:(1294,847)->(1297,851) (len^2=25)
[2013-07-19 08:52:01.246] [INFO] shortest non-crossing segment: 3:(-57,-1916)->(-46,-1912) (len^2=137)
[2013-07-19 08:52:01.246] separators=133
[2013-07-19 08:52:01.346] [TIME] intersection graph=198ms
[2013-07-19 08:52:01.348] [INFO] shortest triangulation segment: 0:(1294,847)->(1297,851) (len^2=25)
[2013-07-19 08:52:01.348] [INFO] shortest convex hull segment: 188:(-1322,-1829)->(-1427,-1795) (len^2=12181)
[2013-07-19 08:52:01.348] [STATS] it=0	lb=0	ub=3
[2013-07-19 08:52:01.348] [TIME] controller initialization=14457ms
IBM ILOG License Manager: "university-braunschweig" is accessing CPLEX 12 with option(s): "e m b q use=10 MaintenanceEnd=20110128 ".
[2013-07-19 08:52:06.887] [TIME] iteration 1=5540ms
[2013-07-19 08:52:06.889] [INFO] shortest constrained triangulation segment: 3:(-57,-1916)->(-46,-1912) (len^2=137)
[2013-07-19 08:52:06.890] [STATS] it=1	lb=3	ub=3
[2013-07-19 08:52:06.890] iterations=1 gap=0
[2013-07-19 08:52:06.890] [TIME] SAT solving=5540ms
[2013-07-19 08:52:06.890] [TIME] total=19999ms
