[2013-07-19 01:41:37.607] [INFO] Running in directory /tmp/hellmann/uniform_distribution
[2013-07-19 01:41:37.616] [INFO] Reading settings from /tmp/hellmann/uniform_distribution/config.json
[2013-07-19 01:41:37.633] [INFO] Reading input file ./0380/random_in_square_0380_1949_045.json ...
[2013-07-19 01:41:51.470] [TIME] generating segments=13830ms
[2013-07-19 01:41:51.473] points=380 segments=72010 convex hull=13
[2013-07-19 01:41:51.473] [INFO] shortest input segment: 0:(135,-1583)->(137,-1579) (len^2=20)
[2013-07-19 01:41:51.750] [INFO] shortest non-crossing segment: 10:(1304,-1875)->(1282,-1871) (len^2=500)
[2013-07-19 01:41:51.750] separators=772
[2013-07-19 01:41:54.395] [TIME] intersection graph=2921ms
[2013-07-19 01:41:54.397] [INFO] shortest triangulation segment: 0:(135,-1583)->(137,-1579) (len^2=20)
[2013-07-19 01:41:54.397] [INFO] shortest convex hull segment: 306:(1796,-1764)->(1926,-1709) (len^2=19925)
[2013-07-19 01:41:54.397] [STATS] it=0	lb=0	ub=10
[2013-07-19 01:41:54.397] [TIME] controller initialization=16769ms
IBM ILOG License Manager: "university-braunschweig" is accessing CPLEX 12 with option(s): "e m b q use=10 MaintenanceEnd=20110128 ".
[2013-07-19 01:42:03.671] [TIME] iteration 1=9274ms
[2013-07-19 01:42:03.671] [STATS] it=1	lb=6	ub=10
[2013-07-19 01:42:13.065] [TIME] iteration 2=9394ms
[2013-07-19 01:42:13.066] [STATS] it=2	lb=9	ub=10
[2013-07-19 01:42:22.468] [TIME] iteration 3=9403ms
[2013-07-19 01:42:22.470] [INFO] shortest constrained triangulation segment: 10:(1304,-1875)->(1282,-1871) (len^2=500)
[2013-07-19 01:42:22.470] [STATS] it=3	lb=10	ub=10
[2013-07-19 01:42:22.470] iterations=3 gap=0
[2013-07-19 01:42:22.470] [TIME] SAT solving=28070ms
[2013-07-19 01:42:22.470] [TIME] total=44843ms
