[2013-07-19 10:29:17.103] [INFO] Running in directory /tmp/hellmann/uniform_distribution
[2013-07-19 10:29:17.103] [INFO] Reading settings from /tmp/hellmann/uniform_distribution/config.json
[2013-07-19 10:29:17.123] [INFO] Reading input file ./0380/random_in_square_0380_1949_080.json ...
[2013-07-19 10:29:30.802] [TIME] generating segments=13636ms
[2013-07-19 10:29:30.805] points=380 segments=72010 convex hull=20
[2013-07-19 10:29:30.805] [INFO] shortest input segment: 0:(-1542,1658)->(-1539,1658) (len^2=9)
[2013-07-19 10:29:30.902] [INFO] shortest non-crossing segment: 3:(1740,1793)->(1734,1800) (len^2=85)
[2013-07-19 10:29:30.902] separators=125
[2013-07-19 10:29:31.027] [TIME] intersection graph=222ms
[2013-07-19 10:29:31.029] [INFO] shortest triangulation segment: 0:(-1542,1658)->(-1539,1658) (len^2=9)
[2013-07-19 10:29:31.030] [INFO] shortest convex hull segment: 3:(1740,1793)->(1734,1800) (len^2=85)
[2013-07-19 10:29:31.030] [STATS] it=0	lb=0	ub=3
[2013-07-19 10:29:31.030] [TIME] controller initialization=13913ms
IBM ILOG License Manager: "university-braunschweig" is accessing CPLEX 12 with option(s): "e m b q use=10 MaintenanceEnd=20110128 ".
[2013-07-19 10:29:36.621] [TIME] iteration 1=5592ms
[2013-07-19 10:29:36.623] [INFO] shortest constrained triangulation segment: 3:(1740,1793)->(1734,1800) (len^2=85)
[2013-07-19 10:29:36.623] [STATS] it=1	lb=3	ub=3
[2013-07-19 10:29:36.623] iterations=1 gap=0
[2013-07-19 10:29:36.623] [TIME] SAT solving=5592ms
[2013-07-19 10:29:36.623] [TIME] total=19507ms
