[2013-07-12 22:30:13.407] [INFO] Running in directory /tmp/hellmann/current_run
[2013-07-12 22:30:13.408] [INFO] Reading settings from /tmp/hellmann/current_run/config.json
[2013-07-12 22:30:13.436] [INFO] Reading input file ./0310/random_in_square_0310_1761_048.json ...
[2013-07-12 22:30:17.974] [TIME] generating segments=4529ms
[2013-07-12 22:30:17.976] points=310 segments=47895 convex hull=15
[2013-07-12 22:30:17.976] [INFO] shortest input segment: 0:(729,1352)->(727,1355) (len^2=13)
[2013-07-12 22:30:18.232] [INFO] shortest non-crossing segment: 12:(1296,-1702)->(1317,-1675) (len^2=1170)
[2013-07-12 22:30:18.232] separators=1044
[2013-07-12 22:30:22.988] [TIME] intersection graph=5011ms
[2013-07-12 22:30:22.990] [INFO] shortest triangulation segment: 0:(729,1352)->(727,1355) (len^2=13)
[2013-07-12 22:30:22.990] [INFO] shortest convex hull segment: 66:(-1621,1590)->(-1579,1655) (len^2=5989)
[2013-07-12 22:30:22.990] [STATS] it=0	lb=0	ub=12
[2013-07-12 22:30:22.990] [TIME] controller initialization=9569ms
IBM ILOG License Manager: "university-braunschweig" is accessing CPLEX 12 with option(s): "e m b q use=10 MaintenanceEnd=20110128 ".
[2013-07-12 22:30:32.171] [TIME] iteration 1=9180ms
[2013-07-12 22:30:32.171] [STATS] it=1	lb=6	ub=12
[2013-07-12 22:30:41.322] [TIME] iteration 2=9151ms
[2013-07-12 22:30:41.322] [STATS] it=2	lb=10	ub=12
[2013-07-12 22:30:52.140] [TIME] iteration 3=10819ms
[2013-07-12 22:30:52.143] [INFO] shortest constrained triangulation segment: 12:(1296,-1702)->(1317,-1675) (len^2=1170)
[2013-07-12 22:30:52.143] [STATS] it=3	lb=12	ub=12
[2013-07-12 22:30:52.143] iterations=3 gap=0
[2013-07-12 22:30:52.143] [TIME] SAT solving=29150ms
[2013-07-12 22:30:52.143] [TIME] total=38722ms
