[2013-07-13 07:10:17.559] [INFO] Running in directory /tmp/hellmann/current_run
[2013-07-13 07:10:17.559] [INFO] Reading settings from /tmp/hellmann/current_run/config.json
[2013-07-13 07:10:17.574] [INFO] Reading input file ./0310/random_in_square_0310_1761_094.json ...
[2013-07-13 07:10:21.331] [TIME] generating segments=3744ms
[2013-07-13 07:10:21.333] points=310 segments=47895 convex hull=17
[2013-07-13 07:10:21.334] [INFO] shortest input segment: 0:(254,1555)->(247,1558) (len^2=58)
[2013-07-13 07:10:21.631] [INFO] shortest non-crossing segment: 14:(-1729,-870)->(-1742,-842) (len^2=953)
[2013-07-13 07:10:21.631] separators=1066
[2013-07-13 07:10:27.142] [TIME] intersection graph=5809ms
[2013-07-13 07:10:27.144] [INFO] shortest triangulation segment: 0:(254,1555)->(247,1558) (len^2=58)
[2013-07-13 07:10:27.144] [INFO] shortest convex hull segment: 138:(-1694,1596)->(-1659,1702) (len^2=12461)
[2013-07-13 07:10:27.144] [STATS] it=0	lb=0	ub=14
[2013-07-13 07:10:27.144] [TIME] controller initialization=9578ms
IBM ILOG License Manager: "university-braunschweig" is accessing CPLEX 12 with option(s): "e m b q use=10 MaintenanceEnd=20110128 ".
[2013-07-13 07:10:38.218] [TIME] iteration 1=11073ms
[2013-07-13 07:10:38.218] [STATS] it=1	lb=7	ub=14
[2013-07-13 07:10:49.312] [TIME] iteration 2=11094ms
[2013-07-13 07:10:49.312] [STATS] it=2	lb=11	ub=14
[2013-07-13 07:11:00.329] [TIME] iteration 3=11017ms
[2013-07-13 07:11:00.332] [INFO] shortest constrained triangulation segment: 14:(-1729,-870)->(-1742,-842) (len^2=953)
[2013-07-13 07:11:00.332] [STATS] it=3	lb=14	ub=14
[2013-07-13 07:11:00.332] iterations=3 gap=0
[2013-07-13 07:11:00.332] [TIME] SAT solving=33184ms
[2013-07-13 07:11:00.332] [TIME] total=42765ms
