[2013-07-13 00:21:30.349] [INFO] Running in directory /tmp/hellmann/current_run
[2013-07-13 00:21:30.349] [INFO] Reading settings from /tmp/hellmann/current_run/config.json
[2013-07-13 00:21:30.349] [INFO] Reading input file ./0310/random_in_square_0310_1761_059.json ...
[2013-07-13 00:21:34.363] [TIME] generating segments=4010ms
[2013-07-13 00:21:34.365] points=310 segments=47895 convex hull=16
[2013-07-13 00:21:34.366] [INFO] shortest input segment: 0:(-325,-1268)->(-321,-1265) (len^2=25)
[2013-07-13 00:21:34.573] [INFO] shortest non-crossing segment: 10:(-1658,-1360)->(-1679,-1349) (len^2=562)
[2013-07-13 00:21:34.573] separators=449
[2013-07-13 00:21:35.532] [TIME] intersection graph=1166ms
[2013-07-13 00:21:35.533] [INFO] shortest triangulation segment: 0:(-325,-1268)->(-321,-1265) (len^2=25)
[2013-07-13 00:21:35.533] [INFO] shortest convex hull segment: 24:(-595,1242)->(-552,1246) (len^2=1865)
[2013-07-13 00:21:35.533] [STATS] it=0	lb=0	ub=10
[2013-07-13 00:21:35.533] [TIME] controller initialization=5185ms
IBM ILOG License Manager: "university-braunschweig" is accessing CPLEX 12 with option(s): "e m b q use=10 MaintenanceEnd=20110128 ".
[2013-07-13 00:21:38.940] [TIME] iteration 1=3406ms
[2013-07-13 00:21:38.940] [STATS] it=1	lb=6	ub=10
[2013-07-13 00:21:42.367] [TIME] iteration 2=3426ms
[2013-07-13 00:21:42.367] [STATS] it=2	lb=8	ub=10
[2013-07-13 00:21:45.819] [TIME] iteration 3=3453ms
[2013-07-13 00:21:45.821] [INFO] shortest constrained triangulation segment: 10:(-1658,-1360)->(-1679,-1349) (len^2=562)
[2013-07-13 00:21:45.821] [STATS] it=3	lb=10	ub=10
[2013-07-13 00:21:45.822] iterations=3 gap=0
[2013-07-13 00:21:45.822] [TIME] SAT solving=10285ms
[2013-07-13 00:21:45.822] [TIME] total=15473ms
