[2013-07-13 03:29:04.913] [INFO] Running in directory /tmp/hellmann/current_run
[2013-07-13 03:29:04.914] [INFO] Reading settings from /tmp/hellmann/current_run/config.json
[2013-07-13 03:29:04.967] [INFO] Reading input file ./0310/random_in_square_0310_1761_079.json ...
[2013-07-13 03:29:08.652] [TIME] generating segments=3634ms
[2013-07-13 03:29:08.654] points=310 segments=47895 convex hull=22
[2013-07-13 03:29:08.654] [INFO] shortest input segment: 0:(237,-1722)->(245,-1719) (len^2=73)
[2013-07-13 03:29:08.904] [INFO] shortest non-crossing segment: 11:(1725,1630)->(1704,1655) (len^2=1066)
[2013-07-13 03:29:08.904] separators=1478
[2013-07-13 03:29:21.037] [TIME] intersection graph=12382ms
[2013-07-13 03:29:21.039] [INFO] shortest triangulation segment: 0:(237,-1722)->(245,-1719) (len^2=73)
[2013-07-13 03:29:21.039] [INFO] shortest convex hull segment: 11:(1725,1630)->(1704,1655) (len^2=1066)
[2013-07-13 03:29:21.039] [STATS] it=0	lb=0	ub=11
[2013-07-13 03:29:21.039] [TIME] controller initialization=16103ms
IBM ILOG License Manager: "university-braunschweig" is accessing CPLEX 12 with option(s): "e m b q use=10 MaintenanceEnd=20110128 ".
[2013-07-13 03:29:48.416] [TIME] iteration 1=27377ms
[2013-07-13 03:29:48.416] [STATS] it=1	lb=6	ub=11
[2013-07-13 03:30:15.272] [TIME] iteration 2=26857ms
[2013-07-13 03:30:15.275] [INFO] shortest constrained triangulation segment: 11:(1725,1630)->(1704,1655) (len^2=1066)
[2013-07-13 03:30:15.275] [STATS] it=2	lb=11	ub=11
[2013-07-13 03:30:15.275] iterations=2 gap=0
[2013-07-13 03:30:15.275] [TIME] SAT solving=54234ms
[2013-07-13 03:30:15.275] [TIME] total=70339ms
