[2013-07-12 21:58:01.860] [INFO] Running in directory /tmp/hellmann/current_run
[2013-07-12 21:58:01.870] [INFO] Reading settings from /tmp/hellmann/current_run/config.json
[2013-07-12 21:58:01.897] [INFO] Reading input file ./0310/random_in_square_0310_1761_046.json ...
[2013-07-12 21:58:06.198] [TIME] generating segments=4293ms
[2013-07-12 21:58:06.200] points=310 segments=47895 convex hull=11
[2013-07-12 21:58:06.200] [INFO] shortest input segment: 0:(1441,-91)->(1440,-86) (len^2=26)
[2013-07-12 21:58:06.236] [INFO] shortest non-crossing segment: 1:(-459,1703)->(-465,1704) (len^2=37)
[2013-07-12 21:58:06.236] separators=1
[2013-07-12 21:58:06.236] [TIME] intersection graph=35ms
[2013-07-12 21:58:06.238] [INFO] shortest triangulation segment: 0:(1441,-91)->(1440,-86) (len^2=26)
[2013-07-12 21:58:06.238] [INFO] shortest convex hull segment: 150:(-1626,1738)->(-1512,1745) (len^2=13045)
[2013-07-12 21:58:06.238] [STATS] it=0	lb=0	ub=1
[2013-07-12 21:58:06.238] [TIME] controller initialization=4356ms
IBM ILOG License Manager: "university-braunschweig" is accessing CPLEX 12 with option(s): "e m b q use=10 MaintenanceEnd=20110128 ".
[2013-07-12 21:58:08.748] [TIME] iteration 1=2511ms
[2013-07-12 21:58:08.750] [INFO] shortest constrained triangulation segment: 1:(-459,1703)->(-465,1704) (len^2=37)
[2013-07-12 21:58:08.750] [STATS] it=1	lb=1	ub=1
[2013-07-12 21:58:08.750] iterations=1 gap=0
[2013-07-12 21:58:08.750] [TIME] SAT solving=2511ms
[2013-07-12 21:58:08.750] [TIME] total=6869ms
