[2013-07-12 17:17:38.167] [INFO] Running in directory /tmp/hellmann/current_run
[2013-07-12 17:17:38.174] [INFO] Reading settings from /tmp/hellmann/current_run/config.json
[2013-07-12 17:17:38.194] [INFO] Reading input file ./0310/random_in_square_0310_1761_020.json ...
[2013-07-12 17:17:42.480] [TIME] generating segments=4277ms
[2013-07-12 17:17:42.483] points=310 segments=47895 convex hull=18
[2013-07-12 17:17:42.483] [INFO] shortest input segment: 0:(1279,209)->(1271,213) (len^2=80)
[2013-07-12 17:17:42.676] [INFO] shortest non-crossing segment: 9:(-1759,3)->(-1726,5) (len^2=1093)
[2013-07-12 17:17:42.676] separators=607
[2013-07-12 17:17:44.230] [TIME] intersection graph=1747ms
[2013-07-12 17:17:44.232] [INFO] shortest triangulation segment: 0:(1279,209)->(1271,213) (len^2=80)
[2013-07-12 17:17:44.232] [INFO] shortest convex hull segment: 62:(-1721,1605)->(-1694,1669) (len^2=4825)
[2013-07-12 17:17:44.232] [STATS] it=0	lb=0	ub=9
[2013-07-12 17:17:44.232] [TIME] controller initialization=6046ms
IBM ILOG License Manager: "university-braunschweig" is accessing CPLEX 12 with option(s): "e m b q use=10 MaintenanceEnd=20110128 ".
[2013-07-12 17:17:48.592] [TIME] iteration 1=4360ms
[2013-07-12 17:17:48.592] [STATS] it=1	lb=5	ub=9
[2013-07-12 17:17:52.851] [TIME] iteration 2=4259ms
[2013-07-12 17:17:52.851] [STATS] it=2	lb=8	ub=9
[2013-07-12 17:17:57.106] [TIME] iteration 3=4255ms
[2013-07-12 17:17:57.108] [INFO] shortest constrained triangulation segment: 9:(-1759,3)->(-1726,5) (len^2=1093)
[2013-07-12 17:17:57.109] [STATS] it=3	lb=9	ub=9
[2013-07-12 17:17:57.109] iterations=3 gap=0
[2013-07-12 17:17:57.109] [TIME] SAT solving=12874ms
[2013-07-12 17:17:57.109] [TIME] total=18924ms
