[2013-07-13 02:19:12.982] [INFO] Running in directory /tmp/hellmann/current_run
[2013-07-13 02:19:12.982] [INFO] Reading settings from /tmp/hellmann/current_run/config.json
[2013-07-13 02:19:12.982] [INFO] Reading input file ./0310/random_in_square_0310_1761_067.json ...
[2013-07-13 02:19:16.755] [TIME] generating segments=3760ms
[2013-07-13 02:19:16.757] points=310 segments=47895 convex hull=13
[2013-07-13 02:19:16.757] [INFO] shortest input segment: 0:(-829,-1355)->(-826,-1342) (len^2=178)
[2013-07-13 02:19:17.044] [INFO] shortest non-crossing segment: 13:(-1754,1620)->(-1735,1654) (len^2=1517)
[2013-07-13 02:19:17.044] separators=1571
[2013-07-13 02:19:29.373] [TIME] intersection graph=12615ms
[2013-07-13 02:19:29.375] [INFO] shortest triangulation segment: 0:(-829,-1355)->(-826,-1342) (len^2=178)
[2013-07-13 02:19:29.375] [INFO] shortest convex hull segment: 13:(-1754,1620)->(-1735,1654) (len^2=1517)
[2013-07-13 02:19:29.375] [STATS] it=0	lb=0	ub=13
[2013-07-13 02:19:29.375] [TIME] controller initialization=16393ms
IBM ILOG License Manager: "university-braunschweig" is accessing CPLEX 12 with option(s): "e m b q use=10 MaintenanceEnd=20110128 ".
[2013-07-13 02:19:56.027] [TIME] iteration 1=26653ms
[2013-07-13 02:19:56.027] [STATS] it=1	lb=7	ub=13
[2013-07-13 02:20:23.049] [TIME] iteration 2=27021ms
[2013-07-13 02:20:23.051] [INFO] shortest constrained triangulation segment: 13:(-1754,1620)->(-1735,1654) (len^2=1517)
[2013-07-13 02:20:23.051] [STATS] it=2	lb=13	ub=13
[2013-07-13 02:20:23.051] iterations=2 gap=0
[2013-07-13 02:20:23.051] [TIME] SAT solving=53674ms
[2013-07-13 02:20:23.051] [TIME] total=70069ms
