[2013-07-13 01:04:20.691] [INFO] Running in directory /tmp/hellmann/current_run
[2013-07-13 01:04:20.691] [INFO] Reading settings from /tmp/hellmann/current_run/config.json
[2013-07-13 01:04:20.691] [INFO] Reading input file ./0310/random_in_square_0310_1761_063.json ...
[2013-07-13 01:04:25.799] [TIME] generating segments=5089ms
[2013-07-13 01:04:25.801] points=310 segments=47895 convex hull=14
[2013-07-13 01:04:25.801] [INFO] shortest input segment: 0:(-29,1052)->(-31,1054) (len^2=8)
[2013-07-13 01:04:26.387] [INFO] shortest non-crossing segment: 26:(-1740,-189)->(-1749,-136) (len^2=2890)
[2013-07-13 01:04:26.387] separators=4044
[2013-07-13 01:05:41.412] [TIME] intersection graph=75611ms
[2013-07-13 01:05:41.414] [INFO] shortest triangulation segment: 0:(-29,1052)->(-31,1054) (len^2=8)
[2013-07-13 01:05:41.414] [INFO] shortest convex hull segment: 153:(1738,1689)->(1631,1725) (len^2=12745)
[2013-07-13 01:05:41.414] [STATS] it=0	lb=0	ub=26
[2013-07-13 01:05:41.414] [TIME] controller initialization=80723ms
IBM ILOG License Manager: "university-braunschweig" is accessing CPLEX 12 with option(s): "e m b q use=10 MaintenanceEnd=20110128 ".
[2013-07-13 01:12:34.362] [TIME] iteration 1=412948ms
[2013-07-13 01:12:34.395] [STATS] it=1	lb=14	ub=26
[2013-07-13 01:19:50.988] [TIME] iteration 2=436592ms
[2013-07-13 01:19:51.038] [STATS] it=2	lb=23	ub=26
[2013-07-13 01:33:36.511] [TIME] iteration 3=825462ms
[2013-07-13 01:33:36.651] [INFO] shortest constrained triangulation segment: 26:(-1740,-189)->(-1749,-136) (len^2=2890)
[2013-07-13 01:33:36.651] [STATS] it=3	lb=26	ub=26
[2013-07-13 01:33:36.651] iterations=3 gap=0
[2013-07-13 01:33:36.651] [TIME] SAT solving=1674959ms
[2013-07-13 01:33:36.651] [TIME] total=1755961ms
