[2013-07-12 21:45:12.390] [INFO] Running in directory /tmp/hellmann/current_run
[2013-07-12 21:45:12.391] [INFO] Reading settings from /tmp/hellmann/current_run/config.json
[2013-07-12 21:45:12.391] [INFO] Reading input file ./0310/random_in_square_0310_1761_042.json ...
[2013-07-12 21:45:16.187] [TIME] generating segments=3781ms
[2013-07-12 21:45:16.189] points=310 segments=47895 convex hull=15
[2013-07-12 21:45:16.189] [INFO] shortest input segment: 0:(-751,92)->(-762,96) (len^2=137)
[2013-07-12 21:45:16.417] [INFO] shortest non-crossing segment: 10:(1702,1135)->(1704,1165) (len^2=904)
[2013-07-12 21:45:16.417] separators=1343
[2013-07-12 21:45:25.877] [TIME] intersection graph=9688ms
[2013-07-12 21:45:25.879] [INFO] shortest triangulation segment: 0:(-751,92)->(-762,96) (len^2=137)
[2013-07-12 21:45:25.879] [INFO] shortest convex hull segment: 318:(1642,-1707)->(1667,-1539) (len^2=28849)
[2013-07-12 21:45:25.879] [STATS] it=0	lb=0	ub=10
[2013-07-12 21:45:25.879] [TIME] controller initialization=13489ms
IBM ILOG License Manager: "university-braunschweig" is accessing CPLEX 12 with option(s): "e m b q use=10 MaintenanceEnd=20110128 ".
[2013-07-12 21:45:45.571] [TIME] iteration 1=19692ms
[2013-07-12 21:45:45.571] [STATS] it=1	lb=7	ub=10
[2013-07-12 21:46:05.437] [TIME] iteration 2=19867ms
[2013-07-12 21:46:05.439] [INFO] shortest constrained triangulation segment: 10:(1702,1135)->(1704,1165) (len^2=904)
[2013-07-12 21:46:05.439] [STATS] it=2	lb=10	ub=10
[2013-07-12 21:46:05.439] iterations=2 gap=0
[2013-07-12 21:46:05.439] [TIME] SAT solving=39559ms
[2013-07-12 21:46:05.439] [TIME] total=53049ms
