[2013-07-12 13:47:13.917] [INFO] Running in directory /tmp/hellmann/current_run
[2013-07-12 13:47:13.918] [INFO] Reading settings from /tmp/hellmann/current_run/config.json
[2013-07-12 13:47:13.927] [INFO] Reading input file ./0310/random_in_square_0310_1761_000.json ...
[2013-07-12 13:47:18.040] [TIME] generating segments=4096ms
[2013-07-12 13:47:18.042] points=310 segments=47895 convex hull=18
[2013-07-12 13:47:18.043] [INFO] shortest input segment: 0:(1682,-195)->(1676,-193) (len^2=40)
[2013-07-12 13:47:18.216] [INFO] shortest non-crossing segment: 8:(-1736,360)->(-1719,365) (len^2=314)
[2013-07-12 13:47:18.216] separators=607
[2013-07-12 13:47:20.171] [TIME] intersection graph=2127ms
[2013-07-12 13:47:20.172] [INFO] shortest triangulation segment: 0:(1682,-195)->(1676,-193) (len^2=40)
[2013-07-12 13:47:20.172] [INFO] shortest convex hull segment: 27:(1734,1311)->(1723,1355) (len^2=2057)
[2013-07-12 13:47:20.172] [STATS] it=0	lb=0	ub=8
[2013-07-12 13:47:20.172] [TIME] controller initialization=6254ms
IBM ILOG License Manager: "university-braunschweig" is accessing CPLEX 12 with option(s): "e m b q use=10 MaintenanceEnd=20110128 ".
[2013-07-12 13:47:25.114] [TIME] iteration 1=4943ms
[2013-07-12 13:47:25.115] [STATS] it=1	lb=4	ub=8
[2013-07-12 13:47:30.167] [TIME] iteration 2=5052ms
[2013-07-12 13:47:30.167] [STATS] it=2	lb=6	ub=8
[2013-07-12 13:47:35.213] [TIME] iteration 3=5045ms
[2013-07-12 13:47:35.213] [STATS] it=3	lb=7	ub=8
[2013-07-12 13:47:40.143] [TIME] iteration 4=4931ms
[2013-07-12 13:47:40.145] [INFO] shortest constrained triangulation segment: 8:(-1736,360)->(-1719,365) (len^2=314)
[2013-07-12 13:47:40.145] [STATS] it=4	lb=8	ub=8
[2013-07-12 13:47:40.145] iterations=4 gap=0
[2013-07-12 13:47:40.145] [TIME] SAT solving=19971ms
[2013-07-12 13:47:40.145] [TIME] total=26227ms
