[2013-07-13 02:19:05.989] [INFO] Running in directory /tmp/hellmann/current_run
[2013-07-13 02:19:05.989] [INFO] Reading settings from /tmp/hellmann/current_run/config.json
[2013-07-13 02:19:05.996] [INFO] Reading input file ./0310/random_in_square_0310_1761_066.json ...
[2013-07-13 02:19:10.393] [TIME] generating segments=4385ms
[2013-07-13 02:19:10.396] points=310 segments=47895 convex hull=16
[2013-07-13 02:19:10.396] [INFO] shortest input segment: 0:(-1026,-1017)->(-1026,-1016) (len^2=1)
[2013-07-13 02:19:10.433] [INFO] shortest non-crossing segment: 1:(400,-1746)->(387,-1739) (len^2=218)
[2013-07-13 02:19:10.433] separators=7
[2013-07-13 02:19:10.433] [TIME] intersection graph=38ms
[2013-07-13 02:19:10.435] [INFO] shortest triangulation segment: 0:(-1026,-1017)->(-1026,-1016) (len^2=1)
[2013-07-13 02:19:10.435] [INFO] shortest convex hull segment: 96:(-1649,-1706)->(-1706,-1627) (len^2=9490)
[2013-07-13 02:19:10.435] [STATS] it=0	lb=0	ub=1
[2013-07-13 02:19:10.435] [TIME] controller initialization=4439ms
IBM ILOG License Manager: "university-braunschweig" is accessing CPLEX 12 with option(s): "e m b q use=10 MaintenanceEnd=20110128 ".
[2013-07-13 02:19:12.949] [TIME] iteration 1=2514ms
[2013-07-13 02:19:12.951] [INFO] shortest constrained triangulation segment: 1:(400,-1746)->(387,-1739) (len^2=218)
[2013-07-13 02:19:12.951] [STATS] it=1	lb=1	ub=1
[2013-07-13 02:19:12.951] iterations=1 gap=0
[2013-07-13 02:19:12.951] [TIME] SAT solving=2514ms
[2013-07-13 02:19:12.951] [TIME] total=6956ms
