[2013-07-09 03:15:39.320] [INFO] Running in directory /tmp/hellmann/current_run
[2013-07-09 03:15:39.320] [INFO] Reading settings from /tmp/hellmann/current_run/config.json
[2013-07-09 03:15:39.332] [INFO] Reading input file ./0250/random_in_square_0250_1581_064.json ...
[2013-07-09 03:15:40.834] [TIME] generating segments=1491ms
[2013-07-09 03:15:40.835] points=250 segments=31125 convex hull=12
[2013-07-09 03:15:40.835] [INFO] shortest input segment: 0:(771,344)->(782,365) (len^2=562)
[2013-07-09 03:15:40.912] [INFO] shortest non-crossing segment: 4:(-352,-1570)->(-378,-1547) (len^2=1205)
[2013-07-09 03:15:40.912] separators=395
[2013-07-09 03:15:41.696] [TIME] intersection graph=861ms
[2013-07-09 03:15:41.698] [INFO] shortest triangulation segment: 0:(771,344)->(782,365) (len^2=562)
[2013-07-09 03:15:41.698] [INFO] shortest convex hull segment: 78:(1466,-1580)->(1565,-1556) (len^2=10377)
[2013-07-09 03:15:41.698] [STATS] it=0	lb=0	ub=4
[2013-07-09 03:15:41.698] [TIME] controller initialization=2378ms
IBM ILOG License Manager: "university-braunschweig" is accessing CPLEX 12 with option(s): "e m b q use=10 MaintenanceEnd=20110128 ".
[2013-07-09 03:15:43.501] [TIME] iteration 1=1804ms
[2013-07-09 03:15:43.501] [STATS] it=1	lb=2	ub=4
[2013-07-09 03:15:45.298] [TIME] iteration 2=1796ms
[2013-07-09 03:15:45.298] [STATS] it=2	lb=3	ub=4
[2013-07-09 03:15:47.117] [TIME] iteration 3=1820ms
[2013-07-09 03:15:47.118] [INFO] shortest constrained triangulation segment: 4:(-352,-1570)->(-378,-1547) (len^2=1205)
[2013-07-09 03:15:47.119] [STATS] it=3	lb=4	ub=4
[2013-07-09 03:15:47.119] iterations=3 gap=0
[2013-07-09 03:15:47.119] [TIME] SAT solving=5420ms
[2013-07-09 03:15:47.119] [TIME] total=7799ms
