[2013-07-08 21:52:47.971] [INFO] Running in directory /tmp/hellmann/current_run
[2013-07-08 21:52:47.971] [INFO] Reading settings from /tmp/hellmann/current_run/config.json
[2013-07-08 21:52:47.972] [INFO] Reading input file ./0250/random_in_square_0250_1581_030.json ...
[2013-07-08 21:52:49.455] [TIME] generating segments=1471ms
[2013-07-08 21:52:49.457] points=250 segments=31125 convex hull=13
[2013-07-08 21:52:49.457] [INFO] shortest input segment: 0:(909,-172)->(906,-161) (len^2=130)
[2013-07-08 21:52:49.703] [INFO] shortest non-crossing segment: 15:(594,1552)->(630,1580) (len^2=2080)
[2013-07-08 21:52:49.703] separators=1144
[2013-07-08 21:52:56.468] [TIME] intersection graph=7011ms
[2013-07-08 21:52:56.470] [INFO] shortest triangulation segment: 0:(909,-172)->(906,-161) (len^2=130)
[2013-07-08 21:52:56.470] [INFO] shortest convex hull segment: 67:(-1550,-912)->(-1555,-826) (len^2=7421)
[2013-07-08 21:52:56.470] [STATS] it=0	lb=0	ub=15
[2013-07-08 21:52:56.470] [TIME] controller initialization=8499ms
IBM ILOG License Manager: "university-braunschweig" is accessing CPLEX 12 with option(s): "e m b q use=10 MaintenanceEnd=20110128 ".
[2013-07-08 21:53:10.474] [TIME] iteration 1=14003ms
[2013-07-08 21:53:10.474] [STATS] it=1	lb=10	ub=15
[2013-07-08 21:53:24.175] [TIME] iteration 2=13701ms
[2013-07-08 21:53:24.177] [INFO] shortest constrained triangulation segment: 15:(594,1552)->(630,1580) (len^2=2080)
[2013-07-08 21:53:24.177] [STATS] it=2	lb=15	ub=15
[2013-07-08 21:53:24.177] iterations=2 gap=0
[2013-07-08 21:53:24.177] [TIME] SAT solving=27704ms
[2013-07-08 21:53:24.177] [TIME] total=36205ms
