[2013-07-09 02:40:53.222] [INFO] Running in directory /tmp/hellmann/current_run
[2013-07-09 02:40:53.222] [INFO] Reading settings from /tmp/hellmann/current_run/config.json
[2013-07-09 02:40:53.222] [INFO] Reading input file ./0250/random_in_square_0250_1581_058.json ...
[2013-07-09 02:40:54.689] [TIME] generating segments=1449ms
[2013-07-09 02:40:54.691] points=250 segments=31125 convex hull=18
[2013-07-09 02:40:54.691] [INFO] shortest input segment: 0:(-1518,502)->(-1506,508) (len^2=180)
[2013-07-09 02:40:54.734] [INFO] shortest non-crossing segment: 2:(-845,-1576)->(-861,-1564) (len^2=400)
[2013-07-09 02:40:54.734] separators=118
[2013-07-09 02:40:54.853] [TIME] intersection graph=161ms
[2013-07-09 02:40:54.854] [INFO] shortest triangulation segment: 1:(421,-465)->(406,-459) (len^2=261)
[2013-07-09 02:40:54.854] [INFO] shortest convex hull segment: 14:(-1509,1398)->(-1491,1440) (len^2=2088)
[2013-07-09 02:40:54.854] [STATS] it=0	lb=1	ub=2
[2013-07-09 02:40:54.854] [TIME] controller initialization=1632ms
IBM ILOG License Manager: "university-braunschweig" is accessing CPLEX 12 with option(s): "e m b q use=10 MaintenanceEnd=20110128 ".
[2013-07-09 02:40:55.936] [TIME] iteration 1=1081ms
[2013-07-09 02:40:55.937] [INFO] shortest constrained triangulation segment: 2:(-845,-1576)->(-861,-1564) (len^2=400)
[2013-07-09 02:40:55.938] [STATS] it=1	lb=2	ub=2
[2013-07-09 02:40:55.938] iterations=1 gap=0
[2013-07-09 02:40:55.938] [TIME] SAT solving=1081ms
[2013-07-09 02:40:55.938] [TIME] total=2716ms
