[2013-07-08 23:28:09.744] [INFO] Running in directory /tmp/hellmann/current_run
[2013-07-08 23:28:09.744] [INFO] Reading settings from /tmp/hellmann/current_run/config.json
[2013-07-08 23:28:09.744] [INFO] Reading input file ./0250/random_in_square_0250_1581_038.json ...
[2013-07-08 23:28:11.199] [TIME] generating segments=1442ms
[2013-07-08 23:28:11.201] points=250 segments=31125 convex hull=18
[2013-07-08 23:28:11.201] [INFO] shortest input segment: 0:(-61,-28)->(-45,-19) (len^2=337)
[2013-07-08 23:28:11.369] [INFO] shortest non-crossing segment: 10:(1570,-1145)->(1538,-1126) (len^2=1385)
[2013-07-08 23:28:11.369] separators=895
[2013-07-08 23:28:14.622] [TIME] intersection graph=3422ms
[2013-07-08 23:28:14.624] [INFO] shortest triangulation segment: 1:(1184,640)->(1176,665) (len^2=689)
[2013-07-08 23:28:14.624] [INFO] shortest convex hull segment: 96:(973,-1580)->(1072,-1545) (len^2=11026)
[2013-07-08 23:28:14.624] [STATS] it=0	lb=1	ub=10
[2013-07-08 23:28:14.624] [TIME] controller initialization=4880ms
IBM ILOG License Manager: "university-braunschweig" is accessing CPLEX 12 with option(s): "e m b q use=10 MaintenanceEnd=20110128 ".
[2013-07-08 23:28:20.286] [TIME] iteration 1=5662ms
[2013-07-08 23:28:20.286] [STATS] it=1	lb=6	ub=10
[2013-07-08 23:28:25.932] [TIME] iteration 2=5647ms
[2013-07-08 23:28:25.934] [INFO] shortest constrained triangulation segment: 10:(1570,-1145)->(1538,-1126) (len^2=1385)
[2013-07-08 23:28:25.934] [STATS] it=2	lb=10	ub=10
[2013-07-08 23:28:25.934] iterations=2 gap=0
[2013-07-08 23:28:25.934] [TIME] SAT solving=11309ms
[2013-07-08 23:28:25.934] [TIME] total=16189ms
