[2013-07-08 18:33:52.952] [INFO] Running in directory /tmp/hellmann/current_run
[2013-07-08 18:33:52.953] [INFO] Reading settings from /tmp/hellmann/current_run/config.json
[2013-07-08 18:33:52.962] [INFO] Reading input file ./0250/random_in_square_0250_1581_014.json ...
[2013-07-08 18:33:54.575] [TIME] generating segments=1607ms
[2013-07-08 18:33:54.577] points=250 segments=31125 convex hull=13
[2013-07-08 18:33:54.577] [INFO] shortest input segment: 0:(-973,-222)->(-970,-209) (len^2=178)
[2013-07-08 18:33:54.717] [INFO] shortest non-crossing segment: 9:(1554,595)->(1532,602) (len^2=533)
[2013-07-08 18:33:54.717] separators=317
[2013-07-08 18:33:55.110] [TIME] intersection graph=532ms
[2013-07-08 18:33:55.111] [INFO] shortest triangulation segment: 0:(-973,-222)->(-970,-209) (len^2=178)
[2013-07-08 18:33:55.111] [INFO] shortest convex hull segment: 19:(1440,1439)->(1428,1475) (len^2=1440)
[2013-07-08 18:33:55.111] [STATS] it=0	lb=0	ub=9
[2013-07-08 18:33:55.111] [TIME] controller initialization=2149ms
IBM ILOG License Manager: "university-braunschweig" is accessing CPLEX 12 with option(s): "e m b q use=10 MaintenanceEnd=20110128 ".
[2013-07-08 18:33:56.615] [TIME] iteration 1=1504ms
[2013-07-08 18:33:56.615] [STATS] it=1	lb=6	ub=9
[2013-07-08 18:33:57.951] [TIME] iteration 2=1336ms
[2013-07-08 18:33:57.951] [STATS] it=2	lb=8	ub=9
[2013-07-08 18:33:59.290] [TIME] iteration 3=1338ms
[2013-07-08 18:33:59.291] [INFO] shortest constrained triangulation segment: 8:(749,-1560)->(756,-1538) (len^2=533)
[2013-07-08 18:33:59.291] [STATS] it=3	lb=9	ub=9
[2013-07-08 18:33:59.291] iterations=3 gap=0
[2013-07-08 18:33:59.292] [TIME] SAT solving=4178ms
[2013-07-08 18:33:59.292] [TIME] total=6329ms
