[2013-07-09 06:02:05.044] [INFO] Running in directory /tmp/hellmann/current_run
[2013-07-09 06:02:05.044] [INFO] Reading settings from /tmp/hellmann/current_run/config.json
[2013-07-09 06:02:05.064] [INFO] Reading input file ./0250/random_in_square_0250_1581_097.json ...
[2013-07-09 06:02:06.763] [TIME] generating segments=1691ms
[2013-07-09 06:02:06.765] points=250 segments=31125 convex hull=16
[2013-07-09 06:02:06.765] [INFO] shortest input segment: 0:(918,-688)->(913,-679) (len^2=106)
[2013-07-09 06:02:07.036] [INFO] shortest non-crossing segment: 17:(1363,1522)->(1326,1529) (len^2=1418)
[2013-07-09 06:02:07.036] separators=1278
[2013-07-09 06:02:13.782] [TIME] intersection graph=7017ms
[2013-07-09 06:02:13.784] [INFO] shortest triangulation segment: 0:(918,-688)->(913,-679) (len^2=106)
[2013-07-09 06:02:13.784] [INFO] shortest convex hull segment: 16:(1326,642)->(1363,649) (len^2=1418)
[2013-07-09 06:02:13.784] [STATS] it=0	lb=0	ub=16
[2013-07-09 06:02:13.784] [TIME] controller initialization=8728ms
IBM ILOG License Manager: "university-braunschweig" is accessing CPLEX 12 with option(s): "e m b q use=10 MaintenanceEnd=20110128 ".
[2013-07-09 06:02:27.424] [TIME] iteration 1=13640ms
[2013-07-09 06:02:27.424] [STATS] it=1	lb=9	ub=16
[2013-07-09 06:02:41.618] [TIME] iteration 2=14194ms
[2013-07-09 06:02:41.620] [INFO] shortest constrained triangulation segment: 16:(1326,642)->(1363,649) (len^2=1418)
[2013-07-09 06:02:41.620] [STATS] it=2	lb=16	ub=16
[2013-07-09 06:02:41.620] iterations=2 gap=0
[2013-07-09 06:02:41.620] [TIME] SAT solving=27834ms
[2013-07-09 06:02:41.620] [TIME] total=36564ms
