[2013-07-09 04:25:02.533] [INFO] Running in directory /tmp/hellmann/current_run
[2013-07-09 04:25:02.550] [INFO] Reading settings from /tmp/hellmann/current_run/config.json
[2013-07-09 04:25:02.583] [INFO] Reading input file ./0250/random_in_square_0250_1581_080.json ...
[2013-07-09 04:25:04.096] [TIME] generating segments=1502ms
[2013-07-09 04:25:04.097] points=250 segments=31125 convex hull=13
[2013-07-09 04:25:04.097] [INFO] shortest input segment: 0:(1198,-1465)->(1217,-1458) (len^2=410)
[2013-07-09 04:25:04.153] [INFO] shortest non-crossing segment: 3:(-1571,-1504)->(-1560,-1476) (len^2=905)
[2013-07-09 04:25:04.153] separators=137
[2013-07-09 04:25:04.292] [TIME] intersection graph=194ms
[2013-07-09 04:25:04.294] [INFO] shortest triangulation segment: 0:(1198,-1465)->(1217,-1458) (len^2=410)
[2013-07-09 04:25:04.294] [INFO] shortest convex hull segment: 10:(-1335,1516)->(-1296,1529) (len^2=1690)
[2013-07-09 04:25:04.294] [STATS] it=0	lb=0	ub=3
[2013-07-09 04:25:04.294] [TIME] controller initialization=1723ms
IBM ILOG License Manager: "university-braunschweig" is accessing CPLEX 12 with option(s): "e m b q use=10 MaintenanceEnd=20110128 ".
[2013-07-09 04:25:05.471] [TIME] iteration 1=1178ms
[2013-07-09 04:25:05.473] [INFO] shortest constrained triangulation segment: 3:(-1571,-1504)->(-1560,-1476) (len^2=905)
[2013-07-09 04:25:05.473] [STATS] it=1	lb=3	ub=3
[2013-07-09 04:25:05.473] iterations=1 gap=0
[2013-07-09 04:25:05.473] [TIME] SAT solving=1178ms
[2013-07-09 04:25:05.473] [TIME] total=2903ms
