[2013-07-08 15:51:34.343] [INFO] Running in directory /tmp/hellmann/current_run
[2013-07-08 15:51:34.343] [INFO] Reading settings from /tmp/hellmann/current_run/config.json
[2013-07-08 15:51:34.343] [INFO] Reading input file ./0250/random_in_square_0250_1581_006.json ...
[2013-07-08 15:51:35.797] [TIME] generating segments=1437ms
[2013-07-08 15:51:35.799] points=250 segments=31125 convex hull=13
[2013-07-08 15:51:35.799] [INFO] shortest input segment: 0:(148,-451)->(148,-442) (len^2=81)
[2013-07-08 15:51:36.018] [INFO] shortest non-crossing segment: 13:(1479,-1542)->(1442,-1514) (len^2=2153)
[2013-07-08 15:51:36.018] separators=1311
[2013-07-08 15:51:43.104] [TIME] intersection graph=7304ms
[2013-07-08 15:51:43.105] [INFO] shortest triangulation segment: 0:(148,-451)->(148,-442) (len^2=81)
[2013-07-08 15:51:43.105] [INFO] shortest convex hull segment: 643:(1571,1288)->(1521,1558) (len^2=75400)
[2013-07-08 15:51:43.105] [STATS] it=0	lb=0	ub=13
[2013-07-08 15:51:43.105] [TIME] controller initialization=8762ms
IBM ILOG License Manager: "university-braunschweig" is accessing CPLEX 12 with option(s): "e m b q use=10 MaintenanceEnd=20110128 ".
[2013-07-08 15:51:56.975] [TIME] iteration 1=13870ms
[2013-07-08 15:51:56.975] [STATS] it=1	lb=7	ub=13
[2013-07-08 15:52:10.881] [TIME] iteration 2=13906ms
[2013-07-08 15:52:10.881] [STATS] it=2	lb=11	ub=13
[2013-07-08 15:52:24.281] [TIME] iteration 3=13400ms
[2013-07-08 15:52:24.283] [INFO] shortest constrained triangulation segment: 13:(1479,-1542)->(1442,-1514) (len^2=2153)
[2013-07-08 15:52:24.283] [STATS] it=3	lb=13	ub=13
[2013-07-08 15:52:24.283] iterations=3 gap=0
[2013-07-08 15:52:24.283] [TIME] SAT solving=41176ms
[2013-07-08 15:52:24.283] [TIME] total=49941ms
