[2013-07-09 00:01:59.447] [INFO] Running in directory /tmp/hellmann/current_run
[2013-07-09 00:01:59.447] [INFO] Reading settings from /tmp/hellmann/current_run/config.json
[2013-07-09 00:01:59.460] [INFO] Reading input file ./0250/random_in_square_0250_1581_041.json ...
[2013-07-09 00:02:00.939] [TIME] generating segments=1470ms
[2013-07-09 00:02:00.940] points=250 segments=31125 convex hull=17
[2013-07-09 00:02:00.940] [INFO] shortest input segment: 0:(-1099,508)->(-1098,512) (len^2=17)
[2013-07-09 00:02:01.289] [INFO] shortest non-crossing segment: 21:(-1492,-1308)->(-1523,-1281) (len^2=1690)
[2013-07-09 00:02:01.289] separators=2182
[2013-07-09 00:02:25.444] [TIME] intersection graph=24504ms
[2013-07-09 00:02:25.445] [INFO] shortest triangulation segment: 0:(-1099,508)->(-1098,512) (len^2=17)
[2013-07-09 00:02:25.445] [INFO] shortest convex hull segment: 21:(-1492,-1308)->(-1523,-1281) (len^2=1690)
[2013-07-09 00:02:25.445] [STATS] it=0	lb=0	ub=21
[2013-07-09 00:02:25.445] [TIME] controller initialization=25986ms
IBM ILOG License Manager: "university-braunschweig" is accessing CPLEX 12 with option(s): "e m b q use=10 MaintenanceEnd=20110128 ".
[2013-07-09 00:03:27.230] [TIME] iteration 1=61785ms
[2013-07-09 00:03:27.230] [STATS] it=1	lb=12	ub=21
[2013-07-09 00:04:33.946] [TIME] iteration 2=66716ms
[2013-07-09 00:04:33.995] [INFO] shortest constrained triangulation segment: 21:(-1492,-1308)->(-1523,-1281) (len^2=1690)
[2013-07-09 00:04:33.996] [STATS] it=2	lb=21	ub=21
[2013-07-09 00:04:33.996] iterations=2 gap=0
[2013-07-09 00:04:33.996] [TIME] SAT solving=128501ms
[2013-07-09 00:04:33.996] [TIME] total=154536ms
