[2013-07-08 15:47:15.973] [INFO] Running in directory /tmp/hellmann/current_run
[2013-07-08 15:47:15.974] [INFO] Reading settings from /tmp/hellmann/current_run/config.json
[2013-07-08 15:47:15.974] [INFO] Reading input file ./0250/random_in_square_0250_1581_000.json ...
[2013-07-08 15:47:17.489] [TIME] generating segments=1500ms
[2013-07-08 15:47:17.491] points=250 segments=31125 convex hull=16
[2013-07-08 15:47:17.491] [INFO] shortest input segment: 0:(-1503,-1281)->(-1512,-1268) (len^2=250)
[2013-07-08 15:47:17.517] [INFO] shortest non-crossing segment: 1:(-1532,-1507)->(-1553,-1489) (len^2=765)
[2013-07-08 15:47:17.517] separators=14
[2013-07-08 15:47:17.519] [TIME] intersection graph=27ms
[2013-07-08 15:47:17.520] [INFO] shortest triangulation segment: 0:(-1503,-1281)->(-1512,-1268) (len^2=250)
[2013-07-08 15:47:17.520] [INFO] shortest convex hull segment: 1:(-1532,-1507)->(-1553,-1489) (len^2=765)
[2013-07-08 15:47:17.520] [STATS] it=0	lb=0	ub=1
[2013-07-08 15:47:17.520] [TIME] controller initialization=1546ms
IBM ILOG License Manager: "university-braunschweig" is accessing CPLEX 12 with option(s): "e m b q use=10 MaintenanceEnd=20110128 ".
[2013-07-08 15:47:18.542] [TIME] iteration 1=1022ms
[2013-07-08 15:47:18.544] [INFO] shortest constrained triangulation segment: 1:(-1532,-1507)->(-1553,-1489) (len^2=765)
[2013-07-08 15:47:18.544] [STATS] it=1	lb=1	ub=1
[2013-07-08 15:47:18.544] iterations=1 gap=0
[2013-07-08 15:47:18.544] [TIME] SAT solving=1022ms
[2013-07-08 15:47:18.544] [TIME] total=2570ms
