[2013-07-08 19:44:56.845] [INFO] Running in directory /tmp/hellmann/current_run
[2013-07-08 19:44:56.845] [INFO] Reading settings from /tmp/hellmann/current_run/config.json
[2013-07-08 19:44:56.864] [INFO] Reading input file ./0250/random_in_square_0250_1581_018.json ...
[2013-07-08 19:44:58.328] [TIME] generating segments=1451ms
[2013-07-08 19:44:58.329] points=250 segments=31125 convex hull=13
[2013-07-08 19:44:58.329] [INFO] shortest input segment: 0:(31,356)->(26,358) (len^2=29)
[2013-07-08 19:44:58.474] [INFO] shortest non-crossing segment: 9:(1510,-1505)->(1486,-1496) (len^2=657)
[2013-07-08 19:44:58.474] separators=503
[2013-07-08 19:44:59.585] [TIME] intersection graph=1256ms
[2013-07-08 19:44:59.587] [INFO] shortest triangulation segment: 0:(31,356)->(26,358) (len^2=29)
[2013-07-08 19:44:59.587] [INFO] shortest convex hull segment: 163:(-1565,1434)->(-1541,1558) (len^2=15952)
[2013-07-08 19:44:59.587] [STATS] it=0	lb=0	ub=9
[2013-07-08 19:44:59.587] [TIME] controller initialization=2728ms
IBM ILOG License Manager: "university-braunschweig" is accessing CPLEX 12 with option(s): "e m b q use=10 MaintenanceEnd=20110128 ".
[2013-07-08 19:45:02.088] [TIME] iteration 1=2500ms
[2013-07-08 19:45:02.088] [STATS] it=1	lb=8	ub=9
[2013-07-08 19:45:04.411] [TIME] iteration 2=2323ms
[2013-07-08 19:45:04.413] [INFO] shortest constrained triangulation segment: 9:(1510,-1505)->(1486,-1496) (len^2=657)
[2013-07-08 19:45:04.413] [STATS] it=2	lb=9	ub=9
[2013-07-08 19:45:04.413] iterations=2 gap=0
[2013-07-08 19:45:04.413] [TIME] SAT solving=4823ms
[2013-07-08 19:45:04.413] [TIME] total=7553ms
