[2013-07-09 00:14:00.286] [INFO] Running in directory /tmp/hellmann/current_run
[2013-07-09 00:14:00.297] [INFO] Reading settings from /tmp/hellmann/current_run/config.json
[2013-07-09 00:14:00.313] [INFO] Reading input file ./0250/random_in_square_0250_1581_046.json ...
[2013-07-09 00:14:01.831] [TIME] generating segments=1501ms
[2013-07-09 00:14:01.832] points=250 segments=31125 convex hull=15
[2013-07-09 00:14:01.832] [INFO] shortest input segment: 0:(-825,-189)->(-819,-186) (len^2=45)
[2013-07-09 00:14:01.982] [INFO] shortest non-crossing segment: 9:(-191,-1531)->(-165,-1530) (len^2=677)
[2013-07-09 00:14:01.982] separators=559
[2013-07-09 00:14:03.448] [TIME] intersection graph=1616ms
[2013-07-09 00:14:03.450] [INFO] shortest triangulation segment: 0:(-825,-189)->(-819,-186) (len^2=45)
[2013-07-09 00:14:03.450] [INFO] shortest convex hull segment: 121:(1545,1486)->(1464,1570) (len^2=13617)
[2013-07-09 00:14:03.450] [STATS] it=0	lb=0	ub=9
[2013-07-09 00:14:03.450] [TIME] controller initialization=3141ms
IBM ILOG License Manager: "university-braunschweig" is accessing CPLEX 12 with option(s): "e m b q use=10 MaintenanceEnd=20110128 ".
[2013-07-09 00:14:06.354] [TIME] iteration 1=2904ms
[2013-07-09 00:14:06.354] [STATS] it=1	lb=5	ub=9
[2013-07-09 00:14:09.108] [TIME] iteration 2=2754ms
[2013-07-09 00:14:09.108] [STATS] it=2	lb=8	ub=9
[2013-07-09 00:14:11.860] [TIME] iteration 3=2753ms
[2013-07-09 00:14:11.862] [INFO] shortest constrained triangulation segment: 9:(-191,-1531)->(-165,-1530) (len^2=677)
[2013-07-09 00:14:11.862] [STATS] it=3	lb=9	ub=9
[2013-07-09 00:14:11.862] iterations=3 gap=0
[2013-07-09 00:14:11.862] [TIME] SAT solving=8411ms
[2013-07-09 00:14:11.862] [TIME] total=11554ms
