[2013-07-08 15:51:25.944] [INFO] Running in directory /tmp/hellmann/current_run
[2013-07-08 15:51:25.954] [INFO] Reading settings from /tmp/hellmann/current_run/config.json
[2013-07-08 15:51:25.987] [INFO] Reading input file ./0250/random_in_square_0250_1581_005.json ...
[2013-07-08 15:51:27.477] [TIME] generating segments=1464ms
[2013-07-08 15:51:27.479] points=250 segments=31125 convex hull=15
[2013-07-08 15:51:27.479] [INFO] shortest input segment: 0:(369,241)->(367,242) (len^2=5)
[2013-07-08 15:51:27.621] [INFO] shortest non-crossing segment: 9:(1546,1340)->(1533,1371) (len^2=1130)
[2013-07-08 15:51:27.621] separators=390
[2013-07-08 15:51:28.170] [TIME] intersection graph=691ms
[2013-07-08 15:51:28.172] [INFO] shortest triangulation segment: 0:(369,241)->(367,242) (len^2=5)
[2013-07-08 15:51:28.172] [INFO] shortest convex hull segment: 9:(1546,1340)->(1533,1371) (len^2=1130)
[2013-07-08 15:51:28.172] [STATS] it=0	lb=0	ub=9
[2013-07-08 15:51:28.172] [TIME] controller initialization=2205ms
IBM ILOG License Manager: "university-braunschweig" is accessing CPLEX 12 with option(s): "e m b q use=10 MaintenanceEnd=20110128 ".
[2013-07-08 15:51:29.764] [TIME] iteration 1=1592ms
[2013-07-08 15:51:29.764] [STATS] it=1	lb=5	ub=9
[2013-07-08 15:51:31.266] [TIME] iteration 2=1502ms
[2013-07-08 15:51:31.266] [STATS] it=2	lb=7	ub=9
[2013-07-08 15:51:32.791] [TIME] iteration 3=1525ms
[2013-07-08 15:51:32.791] [STATS] it=3	lb=8	ub=9
[2013-07-08 15:51:34.314] [TIME] iteration 4=1523ms
[2013-07-08 15:51:34.316] [INFO] shortest constrained triangulation segment: 9:(1546,1340)->(1533,1371) (len^2=1130)
[2013-07-08 15:51:34.316] [STATS] it=4	lb=9	ub=9
[2013-07-08 15:51:34.316] iterations=4 gap=0
[2013-07-08 15:51:34.316] [TIME] SAT solving=6142ms
[2013-07-08 15:51:34.316] [TIME] total=8350ms
