[2013-07-08 15:47:18.559] [INFO] Running in directory /tmp/hellmann/current_run
[2013-07-08 15:47:18.559] [INFO] Reading settings from /tmp/hellmann/current_run/config.json
[2013-07-08 15:47:18.560] [INFO] Reading input file ./0250/random_in_square_0250_1581_001.json ...
[2013-07-08 15:47:20.181] [TIME] generating segments=1605ms
[2013-07-08 15:47:20.182] points=250 segments=31125 convex hull=15
[2013-07-08 15:47:20.182] [INFO] shortest input segment: 0:(-1388,555)->(-1392,560) (len^2=41)
[2013-07-08 15:47:20.386] [INFO] shortest non-crossing segment: 12:(-1147,1540)->(-1107,1545) (len^2=1625)
[2013-07-08 15:47:20.386] separators=1405
[2013-07-08 15:47:30.165] [TIME] intersection graph=9983ms
[2013-07-08 15:47:30.166] [INFO] shortest triangulation segment: 0:(-1388,555)->(-1392,560) (len^2=41)
[2013-07-08 15:47:30.166] [INFO] shortest convex hull segment: 12:(-1147,1540)->(-1107,1545) (len^2=1625)
[2013-07-08 15:47:30.167] [STATS] it=0	lb=0	ub=12
[2013-07-08 15:47:30.167] [TIME] controller initialization=11606ms
IBM ILOG License Manager: "university-braunschweig" is accessing CPLEX 12 with option(s): "e m b q use=10 MaintenanceEnd=20110128 ".
[2013-07-08 15:47:50.073] [TIME] iteration 1=19907ms
[2013-07-08 15:47:50.073] [STATS] it=1	lb=11	ub=12
[2013-07-08 15:48:10.757] [TIME] iteration 2=20684ms
[2013-07-08 15:48:10.759] [INFO] shortest constrained triangulation segment: 12:(-1147,1540)->(-1107,1545) (len^2=1625)
[2013-07-08 15:48:10.759] [STATS] it=2	lb=12	ub=12
[2013-07-08 15:48:10.759] iterations=2 gap=0
[2013-07-08 15:48:10.759] [TIME] SAT solving=40591ms
[2013-07-08 15:48:10.759] [TIME] total=52199ms
