[2013-07-09 04:27:47.383] [INFO] Running in directory /tmp/hellmann/current_run
[2013-07-09 04:27:47.394] [INFO] Reading settings from /tmp/hellmann/current_run/config.json
[2013-07-09 04:27:47.410] [INFO] Reading input file ./0250/random_in_square_0250_1581_082.json ...
[2013-07-09 04:27:48.837] [TIME] generating segments=1420ms
[2013-07-09 04:27:48.838] points=250 segments=31125 convex hull=11
[2013-07-09 04:27:48.838] [INFO] shortest input segment: 0:(1187,30)->(1194,30) (len^2=49)
[2013-07-09 04:27:48.997] [INFO] shortest non-crossing segment: 10:(1496,-764)->(1493,-740) (len^2=585)
[2013-07-09 04:27:48.997] separators=457
[2013-07-09 04:27:49.798] [TIME] intersection graph=960ms
[2013-07-09 04:27:49.799] [INFO] shortest triangulation segment: 0:(1187,30)->(1194,30) (len^2=49)
[2013-07-09 04:27:49.799] [INFO] shortest convex hull segment: 273:(1226,-1519)->(1351,-1408) (len^2=27946)
[2013-07-09 04:27:49.799] [STATS] it=0	lb=0	ub=10
[2013-07-09 04:27:49.799] [TIME] controller initialization=2394ms
IBM ILOG License Manager: "university-braunschweig" is accessing CPLEX 12 with option(s): "e m b q use=10 MaintenanceEnd=20110128 ".
[2013-07-09 04:27:51.751] [TIME] iteration 1=1952ms
[2013-07-09 04:27:51.751] [STATS] it=1	lb=5	ub=10
[2013-07-09 04:27:53.594] [TIME] iteration 2=1843ms
[2013-07-09 04:27:53.594] [STATS] it=2	lb=8	ub=10
[2013-07-09 04:27:55.422] [TIME] iteration 3=1828ms
[2013-07-09 04:27:55.422] [STATS] it=3	lb=9	ub=10
[2013-07-09 04:27:57.243] [TIME] iteration 4=1820ms
[2013-07-09 04:27:57.245] [INFO] shortest constrained triangulation segment: 10:(1496,-764)->(1493,-740) (len^2=585)
[2013-07-09 04:27:57.245] [STATS] it=4	lb=10	ub=10
[2013-07-09 04:27:57.245] iterations=4 gap=0
[2013-07-09 04:27:57.245] [TIME] SAT solving=7443ms
[2013-07-09 04:27:57.245] [TIME] total=9840ms
