[2013-07-09 03:15:31.725] [INFO] Running in directory /tmp/hellmann/current_run
[2013-07-09 03:15:31.725] [INFO] Reading settings from /tmp/hellmann/current_run/config.json
[2013-07-09 03:15:31.738] [INFO] Reading input file ./0250/random_in_square_0250_1581_063.json ...
[2013-07-09 03:15:34.123] [TIME] generating segments=2377ms
[2013-07-09 03:15:34.124] points=250 segments=31125 convex hull=16
[2013-07-09 03:15:34.124] [INFO] shortest input segment: 0:(255,-1058)->(264,-1057) (len^2=82)
[2013-07-09 03:15:34.228] [INFO] shortest non-crossing segment: 6:(765,-1580)->(760,-1557) (len^2=554)
[2013-07-09 03:15:34.228] separators=425
[2013-07-09 03:15:35.153] [TIME] intersection graph=1029ms
[2013-07-09 03:15:35.155] [INFO] shortest triangulation segment: 0:(255,-1058)->(264,-1057) (len^2=82)
[2013-07-09 03:15:35.155] [INFO] shortest convex hull segment: 40:(1549,1504)->(1493,1530) (len^2=3812)
[2013-07-09 03:15:35.155] [STATS] it=0	lb=0	ub=6
[2013-07-09 03:15:35.155] [TIME] controller initialization=3417ms
IBM ILOG License Manager: "university-braunschweig" is accessing CPLEX 12 with option(s): "e m b q use=10 MaintenanceEnd=20110128 ".
[2013-07-09 03:15:37.255] [TIME] iteration 1=2100ms
[2013-07-09 03:15:37.256] [STATS] it=1	lb=3	ub=6
[2013-07-09 03:15:39.289] [TIME] iteration 2=2033ms
[2013-07-09 03:15:39.291] [INFO] shortest constrained triangulation segment: 6:(765,-1580)->(760,-1557) (len^2=554)
[2013-07-09 03:15:39.291] [STATS] it=2	lb=6	ub=6
[2013-07-09 03:15:39.291] iterations=2 gap=0
[2013-07-09 03:15:39.291] [TIME] SAT solving=4133ms
[2013-07-09 03:15:39.291] [TIME] total=7553ms
