[2013-07-09 00:04:38.547] [INFO] Running in directory /tmp/hellmann/current_run
[2013-07-09 00:04:38.559] [INFO] Reading settings from /tmp/hellmann/current_run/config.json
[2013-07-09 00:04:38.575] [INFO] Reading input file ./0250/random_in_square_0250_1581_042.json ...
[2013-07-09 00:04:40.203] [TIME] generating segments=1617ms
[2013-07-09 00:04:40.204] points=250 segments=31125 convex hull=15
[2013-07-09 00:04:40.205] [INFO] shortest input segment: 0:(-1172,9)->(-1167,15) (len^2=61)
[2013-07-09 00:04:40.304] [INFO] shortest non-crossing segment: 6:(1478,1409)->(1508,1412) (len^2=909)
[2013-07-09 00:04:40.304] separators=288
[2013-07-09 00:04:40.710] [TIME] intersection graph=506ms
[2013-07-09 00:04:40.712] [INFO] shortest triangulation segment: 0:(-1172,9)->(-1167,15) (len^2=61)
[2013-07-09 00:04:40.712] [INFO] shortest convex hull segment: 146:(-1533,1490)->(-1410,1524) (len^2=16285)
[2013-07-09 00:04:40.712] [STATS] it=0	lb=0	ub=6
[2013-07-09 00:04:40.712] [TIME] controller initialization=2141ms
IBM ILOG License Manager: "university-braunschweig" is accessing CPLEX 12 with option(s): "e m b q use=10 MaintenanceEnd=20110128 ".
[2013-07-09 00:04:42.219] [TIME] iteration 1=1506ms
[2013-07-09 00:04:42.219] [STATS] it=1	lb=3	ub=6
[2013-07-09 00:04:43.502] [TIME] iteration 2=1284ms
[2013-07-09 00:04:43.504] [INFO] shortest constrained triangulation segment: 6:(1478,1409)->(1508,1412) (len^2=909)
[2013-07-09 00:04:43.504] [STATS] it=2	lb=6	ub=6
[2013-07-09 00:04:43.504] iterations=2 gap=0
[2013-07-09 00:04:43.504] [TIME] SAT solving=2790ms
[2013-07-09 00:04:43.504] [TIME] total=4934ms
