[2013-07-09 05:51:49.304] [INFO] Running in directory /tmp/hellmann/current_run
[2013-07-09 05:51:49.305] [INFO] Reading settings from /tmp/hellmann/current_run/config.json
[2013-07-09 05:51:49.325] [INFO] Reading input file ./0250/random_in_square_0250_1581_094.json ...
[2013-07-09 05:51:50.875] [TIME] generating segments=1543ms
[2013-07-09 05:51:50.877] points=250 segments=31125 convex hull=17
[2013-07-09 05:51:50.877] [INFO] shortest input segment: 0:(-1056,439)->(-1072,445) (len^2=292)
[2013-07-09 05:51:51.154] [INFO] shortest non-crossing segment: 17:(1505,595)->(1531,636) (len^2=2357)
[2013-07-09 05:51:51.154] separators=1688
[2013-07-09 05:52:02.510] [TIME] intersection graph=11633ms
[2013-07-09 05:52:02.511] [INFO] shortest triangulation segment: 0:(-1056,439)->(-1072,445) (len^2=292)
[2013-07-09 05:52:02.511] [INFO] shortest convex hull segment: 210:(-1456,1354)->(-1382,1481) (len^2=21605)
[2013-07-09 05:52:02.512] [STATS] it=0	lb=0	ub=17
[2013-07-09 05:52:02.512] [TIME] controller initialization=13195ms
IBM ILOG License Manager: "university-braunschweig" is accessing CPLEX 12 with option(s): "e m b q use=10 MaintenanceEnd=20110128 ".
[2013-07-09 05:52:25.860] [TIME] iteration 1=23348ms
[2013-07-09 05:52:25.860] [STATS] it=1	lb=9	ub=17
[2013-07-09 05:52:49.148] [TIME] iteration 2=23287ms
[2013-07-09 05:52:49.148] [STATS] it=2	lb=13	ub=17
[2013-07-09 05:53:12.515] [TIME] iteration 3=23368ms
[2013-07-09 05:53:12.517] [INFO] shortest constrained triangulation segment: 17:(1505,595)->(1531,636) (len^2=2357)
[2013-07-09 05:53:12.517] [STATS] it=3	lb=17	ub=17
[2013-07-09 05:53:12.517] iterations=3 gap=0
[2013-07-09 05:53:12.517] [TIME] SAT solving=70003ms
[2013-07-09 05:53:12.517] [TIME] total=83200ms
