[2013-07-05 19:50:44.048] [INFO] Running in directory /tmp/hellmann/current_run
[2013-07-05 19:50:44.048] [INFO] Reading settings from /tmp/hellmann/current_run/config.json
[2013-07-05 19:50:44.070] [INFO] Reading input file ./0170/random_in_square_0170_1304_081.json ...
[2013-07-05 19:50:44.464] [TIME] generating segments=381ms
[2013-07-05 19:50:44.465] points=170 segments=14365 convex hull=14
[2013-07-05 19:50:44.465] [INFO] shortest input segment: 0:(1006,979)->(1006,991) (len^2=144)
[2013-07-05 19:50:44.547] [INFO] shortest non-crossing segment: 8:(-463,1257)->(-446,1288) (len^2=1250)
[2013-07-05 19:50:44.547] separators=397
[2013-07-05 19:50:45.336] [TIME] intersection graph=871ms
[2013-07-05 19:50:45.337] [INFO] shortest triangulation segment: 0:(1006,979)->(1006,991) (len^2=144)
[2013-07-05 19:50:45.337] [INFO] shortest convex hull segment: 188:(-1072,-1251)->(-1248,-1240) (len^2=31097)
[2013-07-05 19:50:45.337] [STATS] it=0	lb=0	ub=8
[2013-07-05 19:50:45.337] [TIME] controller initialization=1277ms
IBM ILOG License Manager: "university-braunschweig" is accessing CPLEX 12 with option(s): "e m b q use=10 MaintenanceEnd=20110128 ".
[2013-07-05 19:50:46.391] [TIME] iteration 1=1053ms
[2013-07-05 19:50:46.391] [STATS] it=1	lb=4	ub=8
[2013-07-05 19:50:47.370] [TIME] iteration 2=980ms
[2013-07-05 19:50:47.370] [STATS] it=2	lb=6	ub=8
[2013-07-05 19:50:48.360] [TIME] iteration 3=991ms
[2013-07-05 19:50:48.360] [STATS] it=3	lb=7	ub=8
[2013-07-05 19:50:49.335] [TIME] iteration 4=975ms
[2013-07-05 19:50:49.336] [INFO] shortest constrained triangulation segment: 8:(-463,1257)->(-446,1288) (len^2=1250)
[2013-07-05 19:50:49.336] [STATS] it=4	lb=8	ub=8
[2013-07-05 19:50:49.336] iterations=4 gap=0
[2013-07-05 19:50:49.336] [TIME] SAT solving=3999ms
[2013-07-05 19:50:49.336] [TIME] total=5275ms
