[2013-07-05 16:53:49.336] [INFO] Running in directory /tmp/hellmann/current_run
[2013-07-05 16:53:49.344] [INFO] Reading settings from /tmp/hellmann/current_run/config.json
[2013-07-05 16:53:49.367] [INFO] Reading input file ./0170/random_in_square_0170_1304_026.json ...
[2013-07-05 16:53:49.774] [TIME] generating segments=376ms
[2013-07-05 16:53:49.775] points=170 segments=14365 convex hull=15
[2013-07-05 16:53:49.775] [INFO] shortest input segment: 0:(791,418)->(785,431) (len^2=205)
[2013-07-05 16:53:50.062] [INFO] shortest non-crossing segment: 26:(-1105,1193)->(-1086,1248) (len^2=3386)
[2013-07-05 16:53:50.062] separators=2257
[2013-07-05 16:54:15.756] [TIME] intersection graph=25981ms
[2013-07-05 16:54:15.757] [INFO] shortest triangulation segment: 0:(791,418)->(785,431) (len^2=205)
[2013-07-05 16:54:15.757] [INFO] shortest convex hull segment: 38:(942,-966)->(968,-907) (len^2=4157)
[2013-07-05 16:54:15.757] [STATS] it=0	lb=0	ub=26
[2013-07-05 16:54:15.757] [TIME] controller initialization=26402ms
IBM ILOG License Manager: "university-braunschweig" is accessing CPLEX 12 with option(s): "e m b q use=10 MaintenanceEnd=20110128 ".
[2013-07-05 16:55:18.768] [TIME] iteration 1=63011ms
[2013-07-05 16:55:18.769] [STATS] it=1	lb=14	ub=26
[2013-07-05 16:58:40.428] [TIME] iteration 2=201658ms
[2013-07-05 16:58:40.463] [STATS] it=2	lb=23	ub=26
[2013-07-05 17:00:29.242] [TIME] iteration 3=108775ms
[2013-07-05 17:00:29.267] [STATS] it=3	lb=25	ub=26
[2013-07-05 17:07:40.110] [TIME] iteration 4=430844ms
[2013-07-05 17:07:40.185] [INFO] shortest constrained triangulation segment: 26:(-1105,1193)->(-1086,1248) (len^2=3386)
[2013-07-05 17:07:40.185] [STATS] it=4	lb=26	ub=26
[2013-07-05 17:07:40.185] iterations=4 gap=0
[2013-07-05 17:07:40.185] [TIME] SAT solving=804245ms
[2013-07-05 17:07:40.185] [TIME] total=830830ms
