[2013-07-05 16:46:16.520] [INFO] Running in directory /tmp/hellmann/current_run
[2013-07-05 16:46:16.520] [INFO] Reading settings from /tmp/hellmann/current_run/config.json
[2013-07-05 16:46:16.520] [INFO] Reading input file ./0170/random_in_square_0170_1304_020.json ...
[2013-07-05 16:46:16.902] [TIME] generating segments=379ms
[2013-07-05 16:46:16.903] points=170 segments=14365 convex hull=14
[2013-07-05 16:46:16.903] [INFO] shortest input segment: 0:(314,447)->(316,458) (len^2=125)
[2013-07-05 16:46:16.964] [INFO] shortest non-crossing segment: 6:(-1253,-1176)->(-1292,-1172) (len^2=1537)
[2013-07-05 16:46:16.964] separators=215
[2013-07-05 16:46:17.187] [TIME] intersection graph=284ms
[2013-07-05 16:46:17.188] [INFO] shortest triangulation segment: 0:(314,447)->(316,458) (len^2=125)
[2013-07-05 16:46:17.188] [INFO] shortest convex hull segment: 45:(-1143,1094)->(-1073,1138) (len^2=6836)
[2013-07-05 16:46:17.188] [STATS] it=0	lb=0	ub=6
[2013-07-05 16:46:17.188] [TIME] controller initialization=667ms
IBM ILOG License Manager: "university-braunschweig" is accessing CPLEX 12 with option(s): "e m b q use=10 MaintenanceEnd=20110128 ".
[2013-07-05 16:46:17.614] [TIME] iteration 1=426ms
[2013-07-05 16:46:17.614] [STATS] it=1	lb=3	ub=6
[2013-07-05 16:46:18.022] [TIME] iteration 2=408ms
[2013-07-05 16:46:18.022] [STATS] it=2	lb=5	ub=6
[2013-07-05 16:46:18.430] [TIME] iteration 3=407ms
[2013-07-05 16:46:18.431] [INFO] shortest constrained triangulation segment: 6:(-1253,-1176)->(-1292,-1172) (len^2=1537)
[2013-07-05 16:46:18.431] [STATS] it=3	lb=6	ub=6
[2013-07-05 16:46:18.431] iterations=3 gap=0
[2013-07-05 16:46:18.431] [TIME] SAT solving=1241ms
[2013-07-05 16:46:18.431] [TIME] total=1911ms
