[2013-07-05 18:22:55.831] [INFO] Running in directory /tmp/hellmann/current_run
[2013-07-05 18:22:55.832] [INFO] Reading settings from /tmp/hellmann/current_run/config.json
[2013-07-05 18:22:55.832] [INFO] Reading input file ./0170/random_in_square_0170_1304_041.json ...
[2013-07-05 18:22:56.206] [TIME] generating segments=372ms
[2013-07-05 18:22:56.207] points=170 segments=14365 convex hull=16
[2013-07-05 18:22:56.207] [INFO] shortest input segment: 0:(-204,974)->(-200,980) (len^2=52)
[2013-07-05 18:22:56.241] [INFO] shortest non-crossing segment: 3:(-1241,-654)->(-1242,-640) (len^2=197)
[2013-07-05 18:22:56.241] separators=47
[2013-07-05 18:22:56.255] [TIME] intersection graph=47ms
[2013-07-05 18:22:56.256] [INFO] shortest triangulation segment: 0:(-204,974)->(-200,980) (len^2=52)
[2013-07-05 18:22:56.256] [INFO] shortest convex hull segment: 3:(-1241,-654)->(-1242,-640) (len^2=197)
[2013-07-05 18:22:56.256] [STATS] it=0	lb=0	ub=3
[2013-07-05 18:22:56.256] [TIME] controller initialization=424ms
IBM ILOG License Manager: "university-braunschweig" is accessing CPLEX 12 with option(s): "e m b q use=10 MaintenanceEnd=20110128 ".
[2013-07-05 18:22:56.498] [TIME] iteration 1=242ms
[2013-07-05 18:22:56.499] [INFO] shortest constrained triangulation segment: 3:(-1241,-654)->(-1242,-640) (len^2=197)
[2013-07-05 18:22:56.499] [STATS] it=1	lb=3	ub=3
[2013-07-05 18:22:56.499] iterations=1 gap=0
[2013-07-05 18:22:56.499] [TIME] SAT solving=242ms
[2013-07-05 18:22:56.499] [TIME] total=668ms
