[2013-07-05 17:07:42.702] [INFO] Running in directory /tmp/hellmann/current_run
[2013-07-05 17:07:42.702] [INFO] Reading settings from /tmp/hellmann/current_run/config.json
[2013-07-05 17:07:42.723] [INFO] Reading input file ./0170/random_in_square_0170_1304_027.json ...
[2013-07-05 17:07:43.116] [TIME] generating segments=379ms
[2013-07-05 17:07:43.117] points=170 segments=14365 convex hull=17
[2013-07-05 17:07:43.117] [INFO] shortest input segment: 0:(-762,445)->(-750,445) (len^2=144)
[2013-07-05 17:07:43.191] [INFO] shortest non-crossing segment: 7:(-1199,-1117)->(-1222,-1096) (len^2=970)
[2013-07-05 17:07:43.191] separators=352
[2013-07-05 17:07:43.960] [TIME] intersection graph=844ms
[2013-07-05 17:07:43.961] [INFO] shortest triangulation segment: 0:(-762,445)->(-750,445) (len^2=144)
[2013-07-05 17:07:43.961] [INFO] shortest convex hull segment: 7:(-1199,-1117)->(-1222,-1096) (len^2=970)
[2013-07-05 17:07:43.961] [STATS] it=0	lb=0	ub=7
[2013-07-05 17:07:43.961] [TIME] controller initialization=1241ms
IBM ILOG License Manager: "university-braunschweig" is accessing CPLEX 12 with option(s): "e m b q use=10 MaintenanceEnd=20110128 ".
[2013-07-05 17:07:44.982] [TIME] iteration 1=1020ms
[2013-07-05 17:07:44.982] [STATS] it=1	lb=6	ub=7
[2013-07-05 17:07:45.949] [TIME] iteration 2=968ms
[2013-07-05 17:07:45.951] [INFO] shortest constrained triangulation segment: 7:(-1199,-1117)->(-1222,-1096) (len^2=970)
[2013-07-05 17:07:45.951] [STATS] it=2	lb=7	ub=7
[2013-07-05 17:07:45.951] iterations=2 gap=0
[2013-07-05 17:07:45.951] [TIME] SAT solving=1988ms
[2013-07-05 17:07:45.951] [TIME] total=3230ms
