[2013-07-05 19:07:21.879] [INFO] Running in directory /tmp/hellmann/current_run
[2013-07-05 19:07:21.888] [INFO] Reading settings from /tmp/hellmann/current_run/config.json
[2013-07-05 19:07:21.919] [INFO] Reading input file ./0170/random_in_square_0170_1304_065.json ...
[2013-07-05 19:07:22.328] [TIME] generating segments=403ms
[2013-07-05 19:07:22.329] points=170 segments=14365 convex hull=12
[2013-07-05 19:07:22.329] [INFO] shortest input segment: 0:(341,77)->(343,79) (len^2=8)
[2013-07-05 19:07:22.520] [INFO] shortest non-crossing segment: 18:(890,1177)->(936,1201) (len^2=2692)
[2013-07-05 19:07:22.520] separators=1495
[2013-07-05 19:07:34.022] [TIME] intersection graph=11694ms
[2013-07-05 19:07:34.023] [INFO] shortest triangulation segment: 0:(341,77)->(343,79) (len^2=8)
[2013-07-05 19:07:34.023] [INFO] shortest convex hull segment: 110:(-855,1185)->(-800,1301) (len^2=16481)
[2013-07-05 19:07:34.023] [STATS] it=0	lb=0	ub=18
[2013-07-05 19:07:34.023] [TIME] controller initialization=12124ms
IBM ILOG License Manager: "university-braunschweig" is accessing CPLEX 12 with option(s): "e m b q use=10 MaintenanceEnd=20110128 ".
[2013-07-05 19:07:58.470] [TIME] iteration 1=24447ms
[2013-07-05 19:07:58.470] [STATS] it=1	lb=9	ub=18
[2013-07-05 19:08:23.328] [TIME] iteration 2=24857ms
[2013-07-05 19:08:23.328] [STATS] it=2	lb=15	ub=18
[2013-07-05 19:08:52.874] [TIME] iteration 3=29547ms
[2013-07-05 19:08:52.881] [INFO] shortest constrained triangulation segment: 18:(890,1177)->(936,1201) (len^2=2692)
[2013-07-05 19:08:52.881] [STATS] it=3	lb=18	ub=18
[2013-07-05 19:08:52.881] iterations=3 gap=0
[2013-07-05 19:08:52.881] [TIME] SAT solving=78851ms
[2013-07-05 19:08:52.881] [TIME] total=90982ms
