[2013-07-05 18:54:41.960] [INFO] Running in directory /tmp/hellmann/current_run
[2013-07-05 18:54:41.960] [INFO] Reading settings from /tmp/hellmann/current_run/config.json
[2013-07-05 18:54:41.960] [INFO] Reading input file ./0170/random_in_square_0170_1304_055.json ...
[2013-07-05 18:54:42.342] [TIME] generating segments=374ms
[2013-07-05 18:54:42.342] points=170 segments=14365 convex hull=15
[2013-07-05 18:54:42.343] [INFO] shortest input segment: 0:(100,-295)->(107,-292) (len^2=58)
[2013-07-05 18:54:42.521] [INFO] shortest non-crossing segment: 18:(1168,-977)->(1179,-924) (len^2=2930)
[2013-07-05 18:54:42.521] separators=922
[2013-07-05 18:54:46.060] [TIME] intersection graph=3718ms
[2013-07-05 18:54:46.061] [INFO] shortest triangulation segment: 1:(-1128,117)->(-1127,130) (len^2=170)
[2013-07-05 18:54:46.061] [INFO] shortest convex hull segment: 18:(1168,-977)->(1179,-924) (len^2=2930)
[2013-07-05 18:54:46.061] [STATS] it=0	lb=1	ub=18
[2013-07-05 18:54:46.061] [TIME] controller initialization=4100ms
IBM ILOG License Manager: "university-braunschweig" is accessing CPLEX 12 with option(s): "e m b q use=10 MaintenanceEnd=20110128 ".
[2013-07-05 18:54:51.946] [TIME] iteration 1=5886ms
[2013-07-05 18:54:51.947] [STATS] it=1	lb=11	ub=18
[2013-07-05 18:54:57.887] [TIME] iteration 2=5941ms
[2013-07-05 18:54:57.887] [STATS] it=2	lb=16	ub=18
[2013-07-05 18:55:03.838] [TIME] iteration 3=5951ms
[2013-07-05 18:55:03.839] [INFO] shortest constrained triangulation segment: 18:(1168,-977)->(1179,-924) (len^2=2930)
[2013-07-05 18:55:03.839] [STATS] it=3	lb=18	ub=18
[2013-07-05 18:55:03.839] iterations=3 gap=0
[2013-07-05 18:55:03.839] [TIME] SAT solving=17778ms
[2013-07-05 18:55:03.839] [TIME] total=21879ms
