[2013-07-05 15:44:14.691] [INFO] Running in directory /tmp/hellmann/current_run
[2013-07-05 15:44:14.691] [INFO] Reading settings from /tmp/hellmann/current_run/config.json
[2013-07-05 15:44:14.691] [INFO] Reading input file ./0170/random_in_square_0170_1304_011.json ...
[2013-07-05 15:44:15.079] [TIME] generating segments=376ms
[2013-07-05 15:44:15.080] points=170 segments=14365 convex hull=15
[2013-07-05 15:44:15.080] [INFO] shortest input segment: 0:(1131,52)->(1125,53) (len^2=37)
[2013-07-05 15:44:15.104] [INFO] shortest non-crossing segment: 2:(-1303,0)->(-1296,15) (len^2=274)
[2013-07-05 15:44:15.104] separators=30
[2013-07-05 15:44:15.110] [TIME] intersection graph=30ms
[2013-07-05 15:44:15.111] [INFO] shortest triangulation segment: 1:(-687,-1224)->(-686,-1210) (len^2=197)
[2013-07-05 15:44:15.111] [INFO] shortest convex hull segment: 31:(1232,1281)->(1149,1296) (len^2=7114)
[2013-07-05 15:44:15.111] [STATS] it=0	lb=1	ub=2
[2013-07-05 15:44:15.111] [TIME] controller initialization=419ms
IBM ILOG License Manager: "university-braunschweig" is accessing CPLEX 12 with option(s): "e m b q use=10 MaintenanceEnd=20110128 ".
[2013-07-05 15:44:15.343] [TIME] iteration 1=231ms
[2013-07-05 15:44:15.344] [INFO] shortest constrained triangulation segment: 2:(-1303,0)->(-1296,15) (len^2=274)
[2013-07-05 15:44:15.344] [STATS] it=1	lb=2	ub=2
[2013-07-05 15:44:15.344] iterations=1 gap=0
[2013-07-05 15:44:15.344] [TIME] SAT solving=231ms
[2013-07-05 15:44:15.344] [TIME] total=652ms
