[2013-07-05 19:51:50.822] [INFO] Running in directory /tmp/hellmann/current_run
[2013-07-05 19:51:50.822] [INFO] Reading settings from /tmp/hellmann/current_run/config.json
[2013-07-05 19:51:50.823] [INFO] Reading input file ./0170/random_in_square_0170_1304_089.json ...
[2013-07-05 19:51:51.205] [TIME] generating segments=374ms
[2013-07-05 19:51:51.206] points=170 segments=14365 convex hull=13
[2013-07-05 19:51:51.206] [INFO] shortest input segment: 0:(319,355)->(333,363) (len^2=260)
[2013-07-05 19:51:51.278] [INFO] shortest non-crossing segment: 7:(1242,1178)->(1215,1189) (len^2=850)
[2013-07-05 19:51:51.278] separators=321
[2013-07-05 19:51:51.736] [TIME] intersection graph=531ms
[2013-07-05 19:51:51.737] [INFO] shortest triangulation segment: 0:(319,355)->(333,363) (len^2=260)
[2013-07-05 19:51:51.737] [INFO] shortest convex hull segment: 7:(1242,1178)->(1215,1189) (len^2=850)
[2013-07-05 19:51:51.737] [STATS] it=0	lb=0	ub=7
[2013-07-05 19:51:51.737] [TIME] controller initialization=915ms
IBM ILOG License Manager: "university-braunschweig" is accessing CPLEX 12 with option(s): "e m b q use=10 MaintenanceEnd=20110128 ".
[2013-07-05 19:51:52.350] [TIME] iteration 1=612ms
[2013-07-05 19:51:52.350] [STATS] it=1	lb=4	ub=7
[2013-07-05 19:51:52.954] [TIME] iteration 2=604ms
[2013-07-05 19:51:52.955] [INFO] shortest constrained triangulation segment: 7:(1242,1178)->(1215,1189) (len^2=850)
[2013-07-05 19:51:52.955] [STATS] it=2	lb=7	ub=7
[2013-07-05 19:51:52.955] iterations=2 gap=0
[2013-07-05 19:51:52.955] [TIME] SAT solving=1216ms
[2013-07-05 19:51:52.955] [TIME] total=2132ms
