[2013-07-05 18:55:03.925] [INFO] Running in directory /tmp/hellmann/current_run
[2013-07-05 18:55:03.925] [INFO] Reading settings from /tmp/hellmann/current_run/config.json
[2013-07-05 18:55:03.926] [INFO] Reading input file ./0170/random_in_square_0170_1304_056.json ...
[2013-07-05 18:55:04.318] [TIME] generating segments=375ms
[2013-07-05 18:55:04.318] points=170 segments=14365 convex hull=12
[2013-07-05 18:55:04.318] [INFO] shortest input segment: 0:(999,701)->(991,711) (len^2=164)
[2013-07-05 18:55:04.525] [INFO] shortest non-crossing segment: 20:(-1254,1245)->(-1192,1248) (len^2=3853)
[2013-07-05 18:55:04.525] separators=1407
[2013-07-05 18:55:12.639] [TIME] intersection graph=8321ms
[2013-07-05 18:55:12.640] [INFO] shortest triangulation segment: 0:(999,701)->(991,711) (len^2=164)
[2013-07-05 18:55:12.640] [INFO] shortest convex hull segment: 94:(-1254,1245)->(-1142,1297) (len^2=15248)
[2013-07-05 18:55:12.640] [STATS] it=0	lb=0	ub=20
[2013-07-05 18:55:12.640] [TIME] controller initialization=8715ms
IBM ILOG License Manager: "university-braunschweig" is accessing CPLEX 12 with option(s): "e m b q use=10 MaintenanceEnd=20110128 ".
[2013-07-05 18:55:27.626] [TIME] iteration 1=14986ms
[2013-07-05 18:55:27.626] [STATS] it=1	lb=12	ub=20
[2013-07-05 18:55:42.527] [TIME] iteration 2=14902ms
[2013-07-05 18:55:42.529] [INFO] shortest constrained triangulation segment: 20:(-1254,1245)->(-1192,1248) (len^2=3853)
[2013-07-05 18:55:42.529] [STATS] it=2	lb=20	ub=20
[2013-07-05 18:55:42.529] iterations=2 gap=0
[2013-07-05 18:55:42.529] [TIME] SAT solving=29888ms
[2013-07-05 18:55:42.529] [TIME] total=38603ms
