[2013-07-05 18:54:33.724] [INFO] Running in directory /tmp/hellmann/current_run
[2013-07-05 18:54:33.724] [INFO] Reading settings from /tmp/hellmann/current_run/config.json
[2013-07-05 18:54:33.725] [INFO] Reading input file ./0170/random_in_square_0170_1304_052.json ...
[2013-07-05 18:54:34.100] [TIME] generating segments=373ms
[2013-07-05 18:54:34.101] points=170 segments=14365 convex hull=13
[2013-07-05 18:54:34.101] [INFO] shortest input segment: 0:(-1064,-315)->(-1053,-311) (len^2=137)
[2013-07-05 18:54:34.203] [INFO] shortest non-crossing segment: 10:(-1290,-719)->(-1279,-680) (len^2=1642)
[2013-07-05 18:54:34.203] separators=500
[2013-07-05 18:54:35.245] [TIME] intersection graph=1144ms
[2013-07-05 18:54:35.246] [INFO] shortest triangulation segment: 0:(-1064,-315)->(-1053,-311) (len^2=137)
[2013-07-05 18:54:35.246] [INFO] shortest convex hull segment: 88:(1283,1201)->(1212,1303) (len^2=15445)
[2013-07-05 18:54:35.246] [STATS] it=0	lb=0	ub=10
[2013-07-05 18:54:35.246] [TIME] controller initialization=1521ms
IBM ILOG License Manager: "university-braunschweig" is accessing CPLEX 12 with option(s): "e m b q use=10 MaintenanceEnd=20110128 ".
[2013-07-05 18:54:36.674] [TIME] iteration 1=1428ms
[2013-07-05 18:54:36.674] [STATS] it=1	lb=5	ub=10
[2013-07-05 18:54:38.132] [TIME] iteration 2=1457ms
[2013-07-05 18:54:38.133] [INFO] shortest constrained triangulation segment: 10:(-1290,-719)->(-1279,-680) (len^2=1642)
[2013-07-05 18:54:38.133] [STATS] it=2	lb=10	ub=10
[2013-07-05 18:54:38.133] iterations=2 gap=0
[2013-07-05 18:54:38.133] [TIME] SAT solving=2885ms
[2013-07-05 18:54:38.133] [TIME] total=4408ms
