[2013-07-05 19:42:05.170] [INFO] Running in directory /tmp/hellmann/current_run
[2013-07-05 19:42:05.170] [INFO] Reading settings from /tmp/hellmann/current_run/config.json
[2013-07-05 19:42:05.183] [INFO] Reading input file ./0170/random_in_square_0170_1304_074.json ...
[2013-07-05 19:42:05.582] [TIME] generating segments=389ms
[2013-07-05 19:42:05.583] points=170 segments=14365 convex hull=10
[2013-07-05 19:42:05.583] [INFO] shortest input segment: 0:(870,-684)->(874,-674) (len^2=116)
[2013-07-05 19:42:05.635] [INFO] shortest non-crossing segment: 5:(-1242,1175)->(-1270,1176) (len^2=785)
[2013-07-05 19:42:05.635] separators=158
[2013-07-05 19:42:05.761] [TIME] intersection graph=178ms
[2013-07-05 19:42:05.762] [INFO] shortest triangulation segment: 0:(870,-684)->(874,-674) (len^2=116)
[2013-07-05 19:42:05.762] [INFO] shortest convex hull segment: 147:(-1270,1176)->(-1146,1275) (len^2=25177)
[2013-07-05 19:42:05.762] [STATS] it=0	lb=0	ub=5
[2013-07-05 19:42:05.762] [TIME] controller initialization=580ms
IBM ILOG License Manager: "university-braunschweig" is accessing CPLEX 12 with option(s): "e m b q use=10 MaintenanceEnd=20110128 ".
[2013-07-05 19:42:06.214] [TIME] iteration 1=451ms
[2013-07-05 19:42:06.215] [INFO] shortest constrained triangulation segment: 5:(-1242,1175)->(-1270,1176) (len^2=785)
[2013-07-05 19:42:06.215] [STATS] it=1	lb=5	ub=5
[2013-07-05 19:42:06.215] iterations=1 gap=0
[2013-07-05 19:42:06.215] [TIME] SAT solving=451ms
[2013-07-05 19:42:06.215] [TIME] total=1032ms
