[2013-07-05 19:51:50.167] [INFO] Running in directory /tmp/hellmann/current_run
[2013-07-05 19:51:50.167] [INFO] Reading settings from /tmp/hellmann/current_run/config.json
[2013-07-05 19:51:50.168] [INFO] Reading input file ./0170/random_in_square_0170_1304_088.json ...
[2013-07-05 19:51:50.549] [TIME] generating segments=368ms
[2013-07-05 19:51:50.550] points=170 segments=14365 convex hull=15
[2013-07-05 19:51:50.550] [INFO] shortest input segment: 0:(405,1136)->(399,1146) (len^2=136)
[2013-07-05 19:51:50.574] [INFO] shortest non-crossing segment: 2:(1295,323)->(1279,334) (len^2=377)
[2013-07-05 19:51:50.574] separators=9
[2013-07-05 19:51:50.574] [TIME] intersection graph=24ms
[2013-07-05 19:51:50.575] [INFO] shortest triangulation segment: 1:(1240,-11)->(1236,8) (len^2=377)
[2013-07-05 19:51:50.575] [INFO] shortest convex hull segment: 9:(1301,967)->(1287,995) (len^2=980)
[2013-07-05 19:51:50.575] [STATS] it=0	lb=1	ub=2
[2013-07-05 19:51:50.575] [TIME] controller initialization=408ms
IBM ILOG License Manager: "university-braunschweig" is accessing CPLEX 12 with option(s): "e m b q use=10 MaintenanceEnd=20110128 ".
[2013-07-05 19:51:50.807] [TIME] iteration 1=231ms
[2013-07-05 19:51:50.808] [INFO] shortest constrained triangulation segment: 1:(1240,-11)->(1236,8) (len^2=377)
[2013-07-05 19:51:50.808] [STATS] it=1	lb=2	ub=2
[2013-07-05 19:51:50.808] iterations=1 gap=0
[2013-07-05 19:51:50.808] [TIME] SAT solving=231ms
[2013-07-05 19:51:50.808] [TIME] total=641ms
