[2013-07-05 18:54:17.855] [INFO] Running in directory /tmp/hellmann/current_run
[2013-07-05 18:54:17.855] [INFO] Reading settings from /tmp/hellmann/current_run/config.json
[2013-07-05 18:54:17.855] [INFO] Reading input file ./0170/random_in_square_0170_1304_049.json ...
[2013-07-05 18:54:18.246] [TIME] generating segments=383ms
[2013-07-05 18:54:18.246] points=170 segments=14365 convex hull=12
[2013-07-05 18:54:18.247] [INFO] shortest input segment: 0:(159,520)->(166,530) (len^2=149)
[2013-07-05 18:54:18.372] [INFO] shortest non-crossing segment: 12:(-256,-1230)->(-305,-1224) (len^2=2437)
[2013-07-05 18:54:18.372] separators=844
[2013-07-05 18:54:21.506] [TIME] intersection graph=3260ms
[2013-07-05 18:54:21.507] [INFO] shortest triangulation segment: 0:(159,520)->(166,530) (len^2=149)
[2013-07-05 18:54:21.507] [INFO] shortest convex hull segment: 748:(1286,989)->(1094,1289) (len^2=126864)
[2013-07-05 18:54:21.507] [STATS] it=0	lb=0	ub=12
[2013-07-05 18:54:21.507] [TIME] controller initialization=3653ms
IBM ILOG License Manager: "university-braunschweig" is accessing CPLEX 12 with option(s): "e m b q use=10 MaintenanceEnd=20110128 ".
[2013-07-05 18:54:26.829] [TIME] iteration 1=5321ms
[2013-07-05 18:54:26.829] [STATS] it=1	lb=9	ub=12
[2013-07-05 18:54:31.868] [TIME] iteration 2=5039ms
[2013-07-05 18:54:31.870] [INFO] shortest constrained triangulation segment: 12:(-256,-1230)->(-305,-1224) (len^2=2437)
[2013-07-05 18:54:31.870] [STATS] it=2	lb=12	ub=12
[2013-07-05 18:54:31.870] iterations=2 gap=0
[2013-07-05 18:54:31.870] [TIME] SAT solving=10360ms
[2013-07-05 18:54:31.870] [TIME] total=14014ms
