[2013-07-05 18:54:33.044] [INFO] Running in directory /tmp/hellmann/current_run
[2013-07-05 18:54:33.045] [INFO] Reading settings from /tmp/hellmann/current_run/config.json
[2013-07-05 18:54:33.045] [INFO] Reading input file ./0170/random_in_square_0170_1304_051.json ...
[2013-07-05 18:54:33.435] [TIME] generating segments=373ms
[2013-07-05 18:54:33.436] points=170 segments=14365 convex hull=14
[2013-07-05 18:54:33.436] [INFO] shortest input segment: 0:(79,-687)->(95,-687) (len^2=256)
[2013-07-05 18:54:33.453] [INFO] shortest non-crossing segment: 1:(1279,-373)->(1256,-361) (len^2=673)
[2013-07-05 18:54:33.453] separators=43
[2013-07-05 18:54:33.471] [TIME] intersection graph=35ms
[2013-07-05 18:54:33.472] [INFO] shortest triangulation segment: 0:(79,-687)->(95,-687) (len^2=256)
[2013-07-05 18:54:33.472] [INFO] shortest convex hull segment: 44:(1250,1145)->(1197,1212) (len^2=7298)
[2013-07-05 18:54:33.472] [STATS] it=0	lb=0	ub=1
[2013-07-05 18:54:33.472] [TIME] controller initialization=427ms
IBM ILOG License Manager: "university-braunschweig" is accessing CPLEX 12 with option(s): "e m b q use=10 MaintenanceEnd=20110128 ".
[2013-07-05 18:54:33.709] [TIME] iteration 1=237ms
[2013-07-05 18:54:33.710] [INFO] shortest constrained triangulation segment: 1:(1279,-373)->(1256,-361) (len^2=673)
[2013-07-05 18:54:33.710] [STATS] it=1	lb=1	ub=1
[2013-07-05 18:54:33.710] iterations=1 gap=0
[2013-07-05 18:54:33.710] [TIME] SAT solving=237ms
[2013-07-05 18:54:33.710] [TIME] total=666ms
