[2013-07-05 17:07:46.865] [INFO] Running in directory /tmp/hellmann/current_run
[2013-07-05 17:07:46.865] [INFO] Reading settings from /tmp/hellmann/current_run/config.json
[2013-07-05 17:07:46.866] [INFO] Reading input file ./0170/random_in_square_0170_1304_029.json ...
[2013-07-05 17:07:47.250] [TIME] generating segments=376ms
[2013-07-05 17:07:47.251] points=170 segments=14365 convex hull=13
[2013-07-05 17:07:47.251] [INFO] shortest input segment: 0:(-638,827)->(-646,828) (len^2=65)
[2013-07-05 17:07:47.531] [INFO] shortest non-crossing segment: 28:(-1294,966)->(-1238,1003) (len^2=4505)
[2013-07-05 17:07:47.531] separators=1635
[2013-07-05 17:07:58.984] [TIME] intersection graph=11733ms
[2013-07-05 17:07:58.985] [INFO] shortest triangulation segment: 0:(-638,827)->(-646,828) (len^2=65)
[2013-07-05 17:07:58.985] [INFO] shortest convex hull segment: 40:(-1197,-1139)->(-1257,-1088) (len^2=6201)
[2013-07-05 17:07:58.985] [STATS] it=0	lb=0	ub=28
[2013-07-05 17:07:58.985] [TIME] controller initialization=12119ms
IBM ILOG License Manager: "university-braunschweig" is accessing CPLEX 12 with option(s): "e m b q use=10 MaintenanceEnd=20110128 ".
[2013-07-05 17:08:44.013] [TIME] iteration 1=45027ms
[2013-07-05 17:08:44.013] [STATS] it=1	lb=15	ub=28
[2013-07-05 17:09:10.115] [TIME] iteration 2=26101ms
[2013-07-05 17:09:10.115] [STATS] it=2	lb=23	ub=28
[2013-07-05 17:09:34.867] [TIME] iteration 3=24753ms
[2013-07-05 17:09:34.869] [INFO] shortest constrained triangulation segment: 28:(-1294,966)->(-1238,1003) (len^2=4505)
[2013-07-05 17:09:34.869] [STATS] it=3	lb=28	ub=28
[2013-07-05 17:09:34.869] iterations=3 gap=0
[2013-07-05 17:09:34.869] [TIME] SAT solving=95881ms
[2013-07-05 17:09:34.869] [TIME] total=108003ms
