[2013-07-04 16:59:29.271] [INFO] Running in directory /tmp/hellmann/current_run
[2013-07-04 16:59:29.271] [INFO] Reading settings from /tmp/hellmann/current_run/config.json
[2013-07-04 16:59:29.272] [INFO] Reading input file ./0030/random_in_square_0030_0548_019.json ...
[2013-07-04 16:59:29.277] [TIME] generating segments=4ms
[2013-07-04 16:59:29.277] points=30 segments=435 convex hull=8
[2013-07-04 16:59:29.277] [INFO] shortest input segment: 0:(39,-183)->(48,-144) (len^2=1602)
[2013-07-04 16:59:29.281] [INFO] shortest non-crossing segment: 2:(542,-434)->(515,-383) (len^2=3330)
[2013-07-04 16:59:29.281] separators=15
[2013-07-04 16:59:29.283] [TIME] intersection graph=5ms
[2013-07-04 16:59:29.283] [INFO] shortest triangulation segment: 0:(39,-183)->(48,-144) (len^2=1602)
[2013-07-04 16:59:29.283] [INFO] shortest convex hull segment: 4:(-181,482)->(-149,546) (len^2=5120)
[2013-07-04 16:59:29.283] [STATS] it=0	lb=0	ub=2
[2013-07-04 16:59:29.283] [TIME] controller initialization=11ms
IBM ILOG License Manager: "university-braunschweig" is accessing CPLEX 12 with option(s): "e m b q use=10 MaintenanceEnd=20110128 ".
[2013-07-04 16:59:29.290] [TIME] iteration 1=6ms
[2013-07-04 16:59:29.290] [INFO] shortest constrained triangulation segment: 2:(542,-434)->(515,-383) (len^2=3330)
[2013-07-04 16:59:29.290] [STATS] it=1	lb=2	ub=2
[2013-07-04 16:59:29.290] iterations=1 gap=0
[2013-07-04 16:59:29.290] [TIME] SAT solving=6ms
[2013-07-04 16:59:29.290] [TIME] total=18ms
