[2013-07-04 16:59:30.176] [INFO] Running in directory /tmp/hellmann/current_run
[2013-07-04 16:59:30.176] [INFO] Reading settings from /tmp/hellmann/current_run/config.json
[2013-07-04 16:59:30.177] [INFO] Reading input file ./0030/random_in_square_0030_0548_045.json ...
[2013-07-04 16:59:30.181] [TIME] generating segments=4ms
[2013-07-04 16:59:30.181] points=30 segments=435 convex hull=8
[2013-07-04 16:59:30.181] [INFO] shortest input segment: 0:(-361,-260)->(-388,-254) (len^2=765)
[2013-07-04 16:59:30.188] [INFO] shortest non-crossing segment: 5:(324,404)->(325,464) (len^2=3601)
[2013-07-04 16:59:30.188] separators=15
[2013-07-04 16:59:30.189] [TIME] intersection graph=8ms
[2013-07-04 16:59:30.190] [INFO] shortest triangulation segment: 0:(-361,-260)->(-388,-254) (len^2=765)
[2013-07-04 16:59:30.190] [INFO] shortest convex hull segment: 29:(387,322)->(325,464) (len^2=24008)
[2013-07-04 16:59:30.190] [STATS] it=0	lb=0	ub=5
[2013-07-04 16:59:30.190] [TIME] controller initialization=13ms
IBM ILOG License Manager: "university-braunschweig" is accessing CPLEX 12 with option(s): "e m b q use=10 MaintenanceEnd=20110128 ".
[2013-07-04 16:59:30.196] [ERROR] Solution is infeasible
[2013-07-04 16:59:30.196] [TIME] iteration 1=6ms
[2013-07-04 16:59:30.196] [STATS] it=1	lb=0	ub=2
[2013-07-04 16:59:30.198] [TIME] iteration 2=2ms
[2013-07-04 16:59:30.198] [STATS] it=2	lb=1	ub=2
[2013-07-04 16:59:30.201] [ERROR] Solution is infeasible
[2013-07-04 16:59:30.201] [TIME] iteration 3=2ms
[2013-07-04 16:59:30.201] [INFO] shortest constrained triangulation segment: 1:(-210,-435)->(-243,-433) (len^2=1093)
[2013-07-04 16:59:30.201] [STATS] it=3	lb=1	ub=1
[2013-07-04 16:59:30.201] iterations=3 gap=0
[2013-07-04 16:59:30.201] [TIME] SAT solving=10ms
[2013-07-04 16:59:30.201] [TIME] total=24ms
