[2013-07-04 16:59:28.038] [INFO] Running in directory /tmp/hellmann/current_run
[2013-07-04 16:59:28.038] [INFO] Reading settings from /tmp/hellmann/current_run/config.json
[2013-07-04 16:59:28.038] [INFO] Reading input file ./0030/random_in_square_0030_0548_003.json ...
[2013-07-04 16:59:28.043] [TIME] generating segments=4ms
[2013-07-04 16:59:28.043] points=30 segments=435 convex hull=7
[2013-07-04 16:59:28.043] [INFO] shortest input segment: 0:(-309,-241)->(-286,-214) (len^2=1258)
[2013-07-04 16:59:28.060] [INFO] shortest non-crossing segment: 12:(415,368)->(483,468) (len^2=14624)
[2013-07-04 16:59:28.060] separators=80
[2013-07-04 16:59:28.090] [TIME] intersection graph=46ms
[2013-07-04 16:59:28.090] [INFO] shortest triangulation segment: 0:(-309,-241)->(-286,-214) (len^2=1258)
[2013-07-04 16:59:28.090] [INFO] shortest convex hull segment: 20:(434,-505)->(545,-398) (len^2=23770)
[2013-07-04 16:59:28.090] [STATS] it=0	lb=0	ub=12
[2013-07-04 16:59:28.090] [TIME] controller initialization=51ms
IBM ILOG License Manager: "university-braunschweig" is accessing CPLEX 12 with option(s): "e m b q use=10 MaintenanceEnd=20110128 ".
[2013-07-04 16:59:28.102] [ERROR] Solution is infeasible
[2013-07-04 16:59:28.102] [TIME] iteration 1=12ms
[2013-07-04 16:59:28.102] [STATS] it=1	lb=0	ub=5
[2013-07-04 16:59:28.106] [ERROR] Solution is infeasible
[2013-07-04 16:59:28.106] [TIME] iteration 2=3ms
[2013-07-04 16:59:28.106] [STATS] it=2	lb=0	ub=2
[2013-07-04 16:59:28.110] [TIME] iteration 3=3ms
[2013-07-04 16:59:28.110] [STATS] it=3	lb=1	ub=2
[2013-07-04 16:59:28.113] [TIME] iteration 4=2ms
[2013-07-04 16:59:28.113] [INFO] shortest constrained triangulation segment: 2:(-312,14)->(-358,32) (len^2=2440)
[2013-07-04 16:59:28.113] [STATS] it=4	lb=2	ub=2
[2013-07-04 16:59:28.113] iterations=4 gap=0
[2013-07-04 16:59:28.113] [TIME] SAT solving=20ms
[2013-07-04 16:59:28.113] [TIME] total=74ms
