[2013-07-04 16:59:30.709] [INFO] Running in directory /tmp/hellmann/current_run
[2013-07-04 16:59:30.709] [INFO] Reading settings from /tmp/hellmann/current_run/config.json
[2013-07-04 16:59:30.710] [INFO] Reading input file ./0030/random_in_square_0030_0548_061.json ...
[2013-07-04 16:59:30.714] [TIME] generating segments=4ms
[2013-07-04 16:59:30.714] points=30 segments=435 convex hull=10
[2013-07-04 16:59:30.714] [INFO] shortest input segment: 0:(86,375)->(100,423) (len^2=2500)
[2013-07-04 16:59:30.722] [INFO] shortest non-crossing segment: 5:(-137,-543)->(-225,-528) (len^2=7969)
[2013-07-04 16:59:30.722] separators=41
[2013-07-04 16:59:30.732] [TIME] intersection graph=18ms
[2013-07-04 16:59:30.733] [INFO] shortest triangulation segment: 0:(86,375)->(100,423) (len^2=2500)
[2013-07-04 16:59:30.733] [INFO] shortest convex hull segment: 5:(-137,-543)->(-225,-528) (len^2=7969)
[2013-07-04 16:59:30.733] [STATS] it=0	lb=0	ub=5
[2013-07-04 16:59:30.733] [TIME] controller initialization=23ms
IBM ILOG License Manager: "university-braunschweig" is accessing CPLEX 12 with option(s): "e m b q use=10 MaintenanceEnd=20110128 ".
[2013-07-04 16:59:30.740] [ERROR] Solution is infeasible
[2013-07-04 16:59:30.741] [TIME] iteration 1=7ms
[2013-07-04 16:59:30.741] [STATS] it=1	lb=0	ub=2
[2013-07-04 16:59:30.746] [TIME] iteration 2=5ms
[2013-07-04 16:59:30.746] [STATS] it=2	lb=1	ub=2
[2013-07-04 16:59:30.751] [TIME] iteration 3=4ms
[2013-07-04 16:59:30.751] [INFO] shortest constrained triangulation segment: 2:(179,487)->(139,518) (len^2=2561)
[2013-07-04 16:59:30.751] [STATS] it=3	lb=2	ub=2
[2013-07-04 16:59:30.751] iterations=3 gap=0
[2013-07-04 16:59:30.751] [TIME] SAT solving=16ms
[2013-07-04 16:59:30.751] [TIME] total=41ms
