[2013-07-04 16:59:27.977] [INFO] Running in directory /tmp/hellmann/current_run
[2013-07-04 16:59:27.977] [INFO] Reading settings from /tmp/hellmann/current_run/config.json
[2013-07-04 16:59:27.977] [INFO] Reading input file ./0030/random_in_square_0030_0548_001.json ...
[2013-07-04 16:59:27.982] [TIME] generating segments=4ms
[2013-07-04 16:59:27.982] points=30 segments=435 convex hull=9
[2013-07-04 16:59:27.982] [INFO] shortest input segment: 0:(358,-81)->(373,-29) (len^2=2929)
[2013-07-04 16:59:27.987] [INFO] shortest non-crossing segment: 3:(-136,491)->(-87,534) (len^2=4250)
[2013-07-04 16:59:27.988] separators=25
[2013-07-04 16:59:27.992] [TIME] intersection graph=9ms
[2013-07-04 16:59:27.992] [INFO] shortest triangulation segment: 0:(358,-81)->(373,-29) (len^2=2929)
[2013-07-04 16:59:27.992] [INFO] shortest convex hull segment: 14:(-481,-14)->(-457,119) (len^2=18265)
[2013-07-04 16:59:27.992] [STATS] it=0	lb=0	ub=3
[2013-07-04 16:59:27.992] [TIME] controller initialization=14ms
IBM ILOG License Manager: "university-braunschweig" is accessing CPLEX 12 with option(s): "e m b q use=10 MaintenanceEnd=20110128 ".
[2013-07-04 16:59:28.000] [TIME] iteration 1=7ms
[2013-07-04 16:59:28.000] [STATS] it=1	lb=2	ub=3
[2013-07-04 16:59:28.004] [TIME] iteration 2=4ms
[2013-07-04 16:59:28.004] [INFO] shortest constrained triangulation segment: 3:(-136,491)->(-87,534) (len^2=4250)
[2013-07-04 16:59:28.004] [STATS] it=2	lb=3	ub=3
[2013-07-04 16:59:28.004] iterations=2 gap=0
[2013-07-04 16:59:28.004] [TIME] SAT solving=11ms
[2013-07-04 16:59:28.004] [TIME] total=26ms
