[2013-07-04 16:59:29.950] [INFO] Running in directory /tmp/hellmann/current_run
[2013-07-04 16:59:29.950] [INFO] Reading settings from /tmp/hellmann/current_run/config.json
[2013-07-04 16:59:29.951] [INFO] Reading input file ./0030/random_in_square_0030_0548_040.json ...
[2013-07-04 16:59:29.956] [TIME] generating segments=5ms
[2013-07-04 16:59:29.957] points=30 segments=435 convex hull=9
[2013-07-04 16:59:29.957] [INFO] shortest input segment: 0:(190,245)->(209,271) (len^2=1037)
[2013-07-04 16:59:29.959] [INFO] shortest non-crossing segment: 1:(407,-435)->(397,-384) (len^2=2701)
[2013-07-04 16:59:29.959] separators=2
[2013-07-04 16:59:29.959] [TIME] intersection graph=2ms
[2013-07-04 16:59:29.960] [INFO] shortest triangulation segment: 0:(190,245)->(209,271) (len^2=1037)
[2013-07-04 16:59:29.960] [INFO] shortest convex hull segment: 9:(-505,-234)->(-502,-115) (len^2=14170)
[2013-07-04 16:59:29.960] [STATS] it=0	lb=0	ub=1
[2013-07-04 16:59:29.960] [TIME] controller initialization=9ms
IBM ILOG License Manager: "university-braunschweig" is accessing CPLEX 12 with option(s): "e m b q use=10 MaintenanceEnd=20110128 ".
[2013-07-04 16:59:29.965] [TIME] iteration 1=5ms
[2013-07-04 16:59:29.966] [INFO] shortest constrained triangulation segment: 1:(407,-435)->(397,-384) (len^2=2701)
[2013-07-04 16:59:29.966] [STATS] it=1	lb=1	ub=1
[2013-07-04 16:59:29.966] iterations=1 gap=0
[2013-07-04 16:59:29.966] [TIME] SAT solving=5ms
[2013-07-04 16:59:29.966] [TIME] total=15ms
