[2013-07-04 16:59:29.038] [INFO] Running in directory /tmp/hellmann/current_run
[2013-07-04 16:59:29.039] [INFO] Reading settings from /tmp/hellmann/current_run/config.json
[2013-07-04 16:59:29.039] [INFO] Reading input file ./0030/random_in_square_0030_0548_012.json ...
[2013-07-04 16:59:29.043] [TIME] generating segments=4ms
[2013-07-04 16:59:29.044] points=30 segments=435 convex hull=8
[2013-07-04 16:59:29.044] [INFO] shortest input segment: 0:(-393,-91)->(-375,-76) (len^2=549)
[2013-07-04 16:59:29.058] [INFO] shortest non-crossing segment: 11:(369,284)->(386,397) (len^2=13058)
[2013-07-04 16:59:29.058] separators=65
[2013-07-04 16:59:29.082] [TIME] intersection graph=38ms
[2013-07-04 16:59:29.082] [INFO] shortest triangulation segment: 0:(-393,-91)->(-375,-76) (len^2=549)
[2013-07-04 16:59:29.082] [INFO] shortest convex hull segment: 67:(-533,124)->(-442,373) (len^2=70282)
[2013-07-04 16:59:29.082] [STATS] it=0	lb=0	ub=11
[2013-07-04 16:59:29.082] [TIME] controller initialization=43ms
IBM ILOG License Manager: "university-braunschweig" is accessing CPLEX 12 with option(s): "e m b q use=10 MaintenanceEnd=20110128 ".
[2013-07-04 16:59:29.093] [TIME] iteration 1=11ms
[2013-07-04 16:59:29.093] [STATS] it=1	lb=8	ub=11
[2013-07-04 16:59:29.099] [ERROR] Solution is infeasible
[2013-07-04 16:59:29.099] [TIME] iteration 2=5ms
[2013-07-04 16:59:29.099] [STATS] it=2	lb=8	ub=9
[2013-07-04 16:59:29.104] [ERROR] Solution is infeasible
[2013-07-04 16:59:29.104] [TIME] iteration 3=5ms
[2013-07-04 16:59:29.104] [INFO] shortest constrained triangulation segment: 8:(-217,-420)->(-131,-417) (len^2=7405)
[2013-07-04 16:59:29.104] [STATS] it=3	lb=8	ub=8
[2013-07-04 16:59:29.104] iterations=3 gap=0
[2013-07-04 16:59:29.105] [TIME] SAT solving=21ms
[2013-07-04 16:59:29.105] [TIME] total=65ms
