[2013-07-04 16:59:28.149] [INFO] Running in directory /tmp/hellmann/current_run
[2013-07-04 16:59:28.149] [INFO] Reading settings from /tmp/hellmann/current_run/config.json
[2013-07-04 16:59:28.149] [INFO] Reading input file ./0030/random_in_square_0030_0548_005.json ...
[2013-07-04 16:59:28.154] [TIME] generating segments=4ms
[2013-07-04 16:59:28.154] points=30 segments=435 convex hull=12
[2013-07-04 16:59:28.154] [INFO] shortest input segment: 0:(80,8)->(38,35) (len^2=2493)
[2013-07-04 16:59:28.171] [INFO] shortest non-crossing segment: 12:(493,-85)->(496,20) (len^2=11034)
[2013-07-04 16:59:28.171] separators=102
[2013-07-04 16:59:28.231] [TIME] intersection graph=76ms
[2013-07-04 16:59:28.231] [INFO] shortest triangulation segment: 2:(-546,190)->(-512,232) (len^2=2920)
[2013-07-04 16:59:28.231] [INFO] shortest convex hull segment: 12:(493,-85)->(496,20) (len^2=11034)
[2013-07-04 16:59:28.231] [STATS] it=0	lb=2	ub=12
[2013-07-04 16:59:28.231] [TIME] controller initialization=82ms
IBM ILOG License Manager: "university-braunschweig" is accessing CPLEX 12 with option(s): "e m b q use=10 MaintenanceEnd=20110128 ".
[2013-07-04 16:59:28.287] [TIME] iteration 1=56ms
[2013-07-04 16:59:28.288] [STATS] it=1	lb=7	ub=12
[2013-07-04 16:59:28.337] [ERROR] Solution is infeasible
[2013-07-04 16:59:28.337] [TIME] iteration 2=49ms
[2013-07-04 16:59:28.337] [STATS] it=2	lb=7	ub=9
[2013-07-04 16:59:28.359] [TIME] iteration 3=22ms
[2013-07-04 16:59:28.359] [STATS] it=3	lb=8	ub=9
[2013-07-04 16:59:28.381] [TIME] iteration 4=21ms
[2013-07-04 16:59:28.382] [INFO] shortest constrained triangulation segment: 9:(-81,362)->(-175,370) (len^2=8900)
[2013-07-04 16:59:28.382] [STATS] it=4	lb=9	ub=9
[2013-07-04 16:59:28.382] iterations=4 gap=0
[2013-07-04 16:59:28.382] [TIME] SAT solving=148ms
[2013-07-04 16:59:28.382] [TIME] total=232ms
