[2013-07-04 16:59:30.961] [INFO] Running in directory /tmp/hellmann/current_run
[2013-07-04 16:59:30.962] [INFO] Reading settings from /tmp/hellmann/current_run/config.json
[2013-07-04 16:59:30.962] [INFO] Reading input file ./0030/random_in_square_0030_0548_068.json ...
[2013-07-04 16:59:30.966] [TIME] generating segments=4ms
[2013-07-04 16:59:30.966] points=30 segments=435 convex hull=9
[2013-07-04 16:59:30.967] [INFO] shortest input segment: 0:(-46,48)->(-37,96) (len^2=2385)
[2013-07-04 16:59:30.969] [INFO] shortest non-crossing segment: 1:(408,429)->(422,484) (len^2=3221)
[2013-07-04 16:59:30.969] separators=5
[2013-07-04 16:59:30.969] [TIME] intersection graph=2ms
[2013-07-04 16:59:30.969] [INFO] shortest triangulation segment: 0:(-46,48)->(-37,96) (len^2=2385)
[2013-07-04 16:59:30.969] [INFO] shortest convex hull segment: 8:(322,-465)->(425,-416) (len^2=13010)
[2013-07-04 16:59:30.969] [STATS] it=0	lb=0	ub=1
[2013-07-04 16:59:30.969] [TIME] controller initialization=7ms
IBM ILOG License Manager: "university-braunschweig" is accessing CPLEX 12 with option(s): "e m b q use=10 MaintenanceEnd=20110128 ".
[2013-07-04 16:59:30.976] [TIME] iteration 1=6ms
[2013-07-04 16:59:30.976] [INFO] shortest constrained triangulation segment: 1:(408,429)->(422,484) (len^2=3221)
[2013-07-04 16:59:30.976] [STATS] it=1	lb=1	ub=1
[2013-07-04 16:59:30.976] iterations=1 gap=0
[2013-07-04 16:59:30.976] [TIME] SAT solving=6ms
[2013-07-04 16:59:30.976] [TIME] total=14ms
