[2013-07-04 16:59:30.495] [INFO] Running in directory /tmp/hellmann/current_run
[2013-07-04 16:59:30.495] [INFO] Reading settings from /tmp/hellmann/current_run/config.json
[2013-07-04 16:59:30.495] [INFO] Reading input file ./0030/random_in_square_0030_0548_055.json ...
[2013-07-04 16:59:30.502] [TIME] generating segments=5ms
[2013-07-04 16:59:30.502] points=30 segments=435 convex hull=10
[2013-07-04 16:59:30.502] [INFO] shortest input segment: 0:(125,-457)->(143,-430) (len^2=1053)
[2013-07-04 16:59:30.509] [INFO] shortest non-crossing segment: 5:(-49,-545)->(-153,-516) (len^2=11657)
[2013-07-04 16:59:30.509] separators=30
[2013-07-04 16:59:30.514] [TIME] intersection graph=12ms
[2013-07-04 16:59:30.515] [INFO] shortest triangulation segment: 0:(125,-457)->(143,-430) (len^2=1053)
[2013-07-04 16:59:30.515] [INFO] shortest convex hull segment: 5:(-49,-545)->(-153,-516) (len^2=11657)
[2013-07-04 16:59:30.515] [STATS] it=0	lb=0	ub=5
[2013-07-04 16:59:30.515] [TIME] controller initialization=19ms
IBM ILOG License Manager: "university-braunschweig" is accessing CPLEX 12 with option(s): "e m b q use=10 MaintenanceEnd=20110128 ".
[2013-07-04 16:59:30.524] [TIME] iteration 1=9ms
[2013-07-04 16:59:30.524] [STATS] it=1	lb=3	ub=5
[2013-07-04 16:59:30.529] [TIME] iteration 2=5ms
[2013-07-04 16:59:30.530] [INFO] shortest constrained triangulation segment: 5:(-49,-545)->(-153,-516) (len^2=11657)
[2013-07-04 16:59:30.530] [STATS] it=2	lb=5	ub=5
[2013-07-04 16:59:30.530] iterations=2 gap=0
[2013-07-04 16:59:30.530] [TIME] SAT solving=14ms
[2013-07-04 16:59:30.530] [TIME] total=34ms
