[2013-07-04 16:59:31.808] [INFO] Running in directory /tmp/hellmann/current_run
[2013-07-04 16:59:31.808] [INFO] Reading settings from /tmp/hellmann/current_run/config.json
[2013-07-04 16:59:31.808] [INFO] Reading input file ./0030/random_in_square_0030_0548_083.json ...
[2013-07-04 16:59:31.813] [TIME] generating segments=4ms
[2013-07-04 16:59:31.813] points=30 segments=435 convex hull=10
[2013-07-04 16:59:31.813] [INFO] shortest input segment: 0:(-502,225)->(-535,229) (len^2=1105)
[2013-07-04 16:59:31.815] [INFO] shortest non-crossing segment: 1:(-533,189)->(-535,229) (len^2=1604)
[2013-07-04 16:59:31.815] separators=2
[2013-07-04 16:59:31.815] [TIME] intersection graph=2ms
[2013-07-04 16:59:31.815] [INFO] shortest triangulation segment: 0:(-502,225)->(-535,229) (len^2=1105)
[2013-07-04 16:59:31.815] [INFO] shortest convex hull segment: 1:(-533,189)->(-535,229) (len^2=1604)
[2013-07-04 16:59:31.815] [STATS] it=0	lb=0	ub=1
[2013-07-04 16:59:31.815] [TIME] controller initialization=7ms
IBM ILOG License Manager: "university-braunschweig" is accessing CPLEX 12 with option(s): "e m b q use=10 MaintenanceEnd=20110128 ".
[2013-07-04 16:59:31.821] [TIME] iteration 1=5ms
[2013-07-04 16:59:31.821] [INFO] shortest constrained triangulation segment: 1:(-533,189)->(-535,229) (len^2=1604)
[2013-07-04 16:59:31.821] [STATS] it=1	lb=1	ub=1
[2013-07-04 16:59:31.821] iterations=1 gap=0
[2013-07-04 16:59:31.821] [TIME] SAT solving=5ms
[2013-07-04 16:59:31.821] [TIME] total=13ms
