[2013-07-04 16:59:31.694] [INFO] Running in directory /tmp/hellmann/current_run
[2013-07-04 16:59:31.694] [INFO] Reading settings from /tmp/hellmann/current_run/config.json
[2013-07-04 16:59:31.694] [INFO] Reading input file ./0030/random_in_square_0030_0548_081.json ...
[2013-07-04 16:59:31.699] [TIME] generating segments=4ms
[2013-07-04 16:59:31.699] points=30 segments=435 convex hull=8
[2013-07-04 16:59:31.699] [INFO] shortest input segment: 0:(-38,-175)->(-52,-154) (len^2=637)
[2013-07-04 16:59:31.708] [INFO] shortest non-crossing segment: 6:(-399,-540)->(-404,-469) (len^2=5066)
[2013-07-04 16:59:31.708] separators=54
[2013-07-04 16:59:31.725] [TIME] intersection graph=26ms
[2013-07-04 16:59:31.725] [INFO] shortest triangulation segment: 0:(-38,-175)->(-52,-154) (len^2=637)
[2013-07-04 16:59:31.725] [INFO] shortest convex hull segment: 34:(452,278)->(362,401) (len^2=23229)
[2013-07-04 16:59:31.725] [STATS] it=0	lb=0	ub=6
[2013-07-04 16:59:31.726] [TIME] controller initialization=31ms
IBM ILOG License Manager: "university-braunschweig" is accessing CPLEX 12 with option(s): "e m b q use=10 MaintenanceEnd=20110128 ".
[2013-07-04 16:59:31.744] [TIME] iteration 1=17ms
[2013-07-04 16:59:31.744] [STATS] it=1	lb=5	ub=6
[2013-07-04 16:59:31.758] [TIME] iteration 2=14ms
[2013-07-04 16:59:31.759] [INFO] shortest constrained triangulation segment: 6:(-399,-540)->(-404,-469) (len^2=5066)
[2013-07-04 16:59:31.759] [STATS] it=2	lb=6	ub=6
[2013-07-04 16:59:31.759] iterations=2 gap=0
[2013-07-04 16:59:31.759] [TIME] SAT solving=31ms
[2013-07-04 16:59:31.759] [TIME] total=64ms
