[2013-07-04 16:59:27.943] [INFO] Running in directory /tmp/hellmann/current_run
[2013-07-04 16:59:27.943] [INFO] Reading settings from /tmp/hellmann/current_run/config.json
[2013-07-04 16:59:27.943] [INFO] Reading input file ./0030/random_in_square_0030_0548_000.json ...
[2013-07-04 16:59:27.948] [TIME] generating segments=4ms
[2013-07-04 16:59:27.948] points=30 segments=435 convex hull=7
[2013-07-04 16:59:27.948] [INFO] shortest input segment: 0:(-73,119)->(-93,166) (len^2=2609)
[2013-07-04 16:59:27.953] [INFO] shortest non-crossing segment: 3:(-426,-338)->(-419,-262) (len^2=5825)
[2013-07-04 16:59:27.953] separators=18
[2013-07-04 16:59:27.955] [TIME] intersection graph=6ms
[2013-07-04 16:59:27.955] [INFO] shortest triangulation segment: 0:(-73,119)->(-93,166) (len^2=2609)
[2013-07-04 16:59:27.955] [INFO] shortest convex hull segment: 12:(429,222)->(385,344) (len^2=16820)
[2013-07-04 16:59:27.955] [STATS] it=0	lb=0	ub=3
[2013-07-04 16:59:27.955] [TIME] controller initialization=11ms
IBM ILOG License Manager: "university-braunschweig" is accessing CPLEX 12 with option(s): "e m b q use=10 MaintenanceEnd=20110128 ".
[2013-07-04 16:59:27.962] [TIME] iteration 1=6ms
[2013-07-04 16:59:27.962] [INFO] shortest constrained triangulation segment: 3:(-426,-338)->(-419,-262) (len^2=5825)
[2013-07-04 16:59:27.962] [STATS] it=1	lb=3	ub=3
[2013-07-04 16:59:27.962] iterations=1 gap=0
[2013-07-04 16:59:27.962] [TIME] SAT solving=6ms
[2013-07-04 16:59:27.962] [TIME] total=18ms
