[2013-07-04 16:59:30.216] [INFO] Running in directory /tmp/hellmann/current_run
[2013-07-04 16:59:30.216] [INFO] Reading settings from /tmp/hellmann/current_run/config.json
[2013-07-04 16:59:30.216] [INFO] Reading input file ./0030/random_in_square_0030_0548_046.json ...
[2013-07-04 16:59:30.221] [TIME] generating segments=4ms
[2013-07-04 16:59:30.221] points=30 segments=435 convex hull=9
[2013-07-04 16:59:30.221] [INFO] shortest input segment: 0:(-457,356)->(-468,364) (len^2=185)
[2013-07-04 16:59:30.228] [INFO] shortest non-crossing segment: 5:(510,-508)->(504,-450) (len^2=3400)
[2013-07-04 16:59:30.228] separators=21
[2013-07-04 16:59:30.231] [TIME] intersection graph=10ms
[2013-07-04 16:59:30.231] [INFO] shortest triangulation segment: 0:(-457,356)->(-468,364) (len^2=185)
[2013-07-04 16:59:30.232] [INFO] shortest convex hull segment: 10:(-527,312)->(-468,364) (len^2=6185)
[2013-07-04 16:59:30.232] [STATS] it=0	lb=0	ub=5
[2013-07-04 16:59:30.232] [TIME] controller initialization=15ms
IBM ILOG License Manager: "university-braunschweig" is accessing CPLEX 12 with option(s): "e m b q use=10 MaintenanceEnd=20110128 ".
[2013-07-04 16:59:30.238] [ERROR] Solution is infeasible
[2013-07-04 16:59:30.238] [TIME] iteration 1=6ms
[2013-07-04 16:59:30.238] [STATS] it=1	lb=0	ub=2
[2013-07-04 16:59:30.241] [TIME] iteration 2=2ms
[2013-07-04 16:59:30.241] [STATS] it=2	lb=1	ub=2
[2013-07-04 16:59:30.243] [TIME] iteration 3=2ms
[2013-07-04 16:59:30.243] [INFO] shortest constrained triangulation segment: 2:(43,277)->(67,293) (len^2=832)
[2013-07-04 16:59:30.243] [STATS] it=3	lb=2	ub=2
[2013-07-04 16:59:30.244] iterations=3 gap=0
[2013-07-04 16:59:30.244] [TIME] SAT solving=10ms
[2013-07-04 16:59:30.244] [TIME] total=27ms
