[2013-07-04 16:59:30.395] [INFO] Running in directory /tmp/hellmann/current_run
[2013-07-04 16:59:30.395] [INFO] Reading settings from /tmp/hellmann/current_run/config.json
[2013-07-04 16:59:30.395] [INFO] Reading input file ./0030/random_in_square_0030_0548_052.json ...
[2013-07-04 16:59:30.401] [TIME] generating segments=5ms
[2013-07-04 16:59:30.401] points=30 segments=435 convex hull=10
[2013-07-04 16:59:30.401] [INFO] shortest input segment: 0:(-89,-142)->(-55,-126) (len^2=1412)
[2013-07-04 16:59:30.407] [INFO] shortest non-crossing segment: 3:(-344,-511)->(-281,-495) (len^2=4225)
[2013-07-04 16:59:30.407] separators=25
[2013-07-04 16:59:30.412] [TIME] intersection graph=10ms
[2013-07-04 16:59:30.412] [INFO] shortest triangulation segment: 0:(-89,-142)->(-55,-126) (len^2=1412)
[2013-07-04 16:59:30.412] [INFO] shortest convex hull segment: 3:(-344,-511)->(-281,-495) (len^2=4225)
[2013-07-04 16:59:30.412] [STATS] it=0	lb=0	ub=3
[2013-07-04 16:59:30.412] [TIME] controller initialization=16ms
IBM ILOG License Manager: "university-braunschweig" is accessing CPLEX 12 with option(s): "e m b q use=10 MaintenanceEnd=20110128 ".
[2013-07-04 16:59:30.421] [TIME] iteration 1=10ms
[2013-07-04 16:59:30.421] [INFO] shortest constrained triangulation segment: 3:(-344,-511)->(-281,-495) (len^2=4225)
[2013-07-04 16:59:30.421] [STATS] it=1	lb=3	ub=3
[2013-07-04 16:59:30.421] iterations=1 gap=0
[2013-07-04 16:59:30.421] [TIME] SAT solving=10ms
[2013-07-04 16:59:30.422] [TIME] total=27ms
