[2013-07-04 16:59:30.460] [INFO] Running in directory /tmp/hellmann/current_run
[2013-07-04 16:59:30.460] [INFO] Reading settings from /tmp/hellmann/current_run/config.json
[2013-07-04 16:59:30.460] [INFO] Reading input file ./0030/random_in_square_0030_0548_054.json ...
[2013-07-04 16:59:30.465] [TIME] generating segments=4ms
[2013-07-04 16:59:30.465] points=30 segments=435 convex hull=9
[2013-07-04 16:59:30.466] [INFO] shortest input segment: 0:(194,95)->(197,134) (len^2=1530)
[2013-07-04 16:59:30.468] [INFO] shortest non-crossing segment: 1:(-297,-403)->(-296,-362) (len^2=1682)
[2013-07-04 16:59:30.468] separators=9
[2013-07-04 16:59:30.469] [TIME] intersection graph=3ms
[2013-07-04 16:59:30.469] [INFO] shortest triangulation segment: 0:(194,95)->(197,134) (len^2=1530)
[2013-07-04 16:59:30.469] [INFO] shortest convex hull segment: 2:(365,391)->(312,424) (len^2=3898)
[2013-07-04 16:59:30.469] [STATS] it=0	lb=0	ub=1
[2013-07-04 16:59:30.469] [TIME] controller initialization=8ms
IBM ILOG License Manager: "university-braunschweig" is accessing CPLEX 12 with option(s): "e m b q use=10 MaintenanceEnd=20110128 ".
[2013-07-04 16:59:30.476] [TIME] iteration 1=6ms
[2013-07-04 16:59:30.476] [INFO] shortest constrained triangulation segment: 1:(-297,-403)->(-296,-362) (len^2=1682)
[2013-07-04 16:59:30.476] [STATS] it=1	lb=1	ub=1
[2013-07-04 16:59:30.476] iterations=1 gap=0
[2013-07-04 16:59:30.476] [TIME] SAT solving=6ms
[2013-07-04 16:59:30.476] [TIME] total=15ms
