[2013-07-12 13:15:26.990] [INFO] Running in directory /tmp/hellmann/current_run
[2013-07-12 13:15:26.990] [INFO] Reading settings from /tmp/hellmann/current_run/config.json
[2013-07-12 13:15:27.003] [INFO] Reading input file ./0300/random_in_square_0300_1732_095.json ...
[2013-07-12 13:15:30.348] [TIME] generating segments=3331ms
[2013-07-12 13:15:30.350] points=300 segments=44850 convex hull=13
[2013-07-12 13:15:30.350] [INFO] shortest input segment: 0:(492,980)->(496,986) (len^2=52)
[2013-07-12 13:15:30.639] [INFO] shortest non-crossing segment: 14:(-1688,-824)->(-1691,-788) (len^2=1305)
[2013-07-12 13:15:30.639] separators=1473
[2013-07-12 13:15:41.183] [TIME] intersection graph=10833ms
[2013-07-12 13:15:41.185] [INFO] shortest triangulation segment: 0:(492,980)->(496,986) (len^2=52)
[2013-07-12 13:15:41.185] [INFO] shortest convex hull segment: 76:(1472,-1703)->(1550,-1686) (len^2=6373)
[2013-07-12 13:15:41.185] [STATS] it=0	lb=0	ub=14
[2013-07-12 13:15:41.185] [TIME] controller initialization=14194ms
IBM ILOG License Manager: "university-braunschweig" is accessing CPLEX 12 with option(s): "e m b q use=10 MaintenanceEnd=20110128 ".
[2013-07-12 13:16:03.713] [TIME] iteration 1=22528ms
[2013-07-12 13:16:03.713] [STATS] it=1	lb=7	ub=14
[2013-07-12 13:16:25.282] [TIME] iteration 2=21568ms
[2013-07-12 13:16:25.284] [INFO] shortest constrained triangulation segment: 14:(-1688,-824)->(-1691,-788) (len^2=1305)
[2013-07-12 13:16:25.284] [STATS] it=2	lb=14	ub=14
[2013-07-12 13:16:25.284] iterations=2 gap=0
[2013-07-12 13:16:25.284] [TIME] SAT solving=44096ms
[2013-07-12 13:16:25.284] [TIME] total=58293ms
