[2013-07-12 00:26:28.595] [INFO] Running in directory /tmp/hellmann/current_run
[2013-07-12 00:26:28.596] [INFO] Reading settings from /tmp/hellmann/current_run/config.json
[2013-07-12 00:26:28.643] [INFO] Reading input file ./0300/random_in_square_0300_1732_016.json ...
[2013-07-12 00:26:31.939] [TIME] generating segments=3285ms
[2013-07-12 00:26:31.941] points=300 segments=44850 convex hull=16
[2013-07-12 00:26:31.942] [INFO] shortest input segment: 0:(1260,-598)->(1263,-588) (len^2=109)
[2013-07-12 00:26:32.076] [INFO] shortest non-crossing segment: 6:(1640,-1115)->(1661,-1100) (len^2=666)
[2013-07-12 00:26:32.076] separators=612
[2013-07-12 00:26:33.979] [TIME] intersection graph=2037ms
[2013-07-12 00:26:33.981] [INFO] shortest triangulation segment: 0:(1260,-598)->(1263,-588) (len^2=109)
[2013-07-12 00:26:33.981] [INFO] shortest convex hull segment: 214:(1551,-1550)->(1603,-1425) (len^2=18329)
[2013-07-12 00:26:33.981] [STATS] it=0	lb=0	ub=6
[2013-07-12 00:26:33.981] [TIME] controller initialization=5337ms
IBM ILOG License Manager: "university-braunschweig" is accessing CPLEX 12 with option(s): "e m b q use=10 MaintenanceEnd=20110128 ".
[2013-07-12 00:26:38.635] [TIME] iteration 1=4655ms
[2013-07-12 00:26:38.637] [INFO] shortest constrained triangulation segment: 6:(1640,-1115)->(1661,-1100) (len^2=666)
[2013-07-12 00:26:38.637] [STATS] it=1	lb=6	ub=6
[2013-07-12 00:26:38.637] iterations=1 gap=0
[2013-07-12 00:26:38.637] [TIME] SAT solving=4655ms
[2013-07-12 00:26:38.637] [TIME] total=9995ms
