[2013-07-12 12:42:07.237] [INFO] Running in directory /tmp/hellmann/current_run
[2013-07-12 12:42:07.237] [INFO] Reading settings from /tmp/hellmann/current_run/config.json
[2013-07-12 12:42:07.257] [INFO] Reading input file ./0300/random_in_square_0300_1732_088.json ...
[2013-07-12 12:42:10.536] [TIME] generating segments=3263ms
[2013-07-12 12:42:10.539] points=300 segments=44850 convex hull=15
[2013-07-12 12:42:10.539] [INFO] shortest input segment: 0:(891,-103)->(900,-93) (len^2=181)
[2013-07-12 12:42:10.732] [INFO] shortest non-crossing segment: 9:(-1713,-612)->(-1687,-601) (len^2=797)
[2013-07-12 12:42:10.732] separators=925
[2013-07-12 12:42:15.324] [TIME] intersection graph=4784ms
[2013-07-12 12:42:15.325] [INFO] shortest triangulation segment: 0:(891,-103)->(900,-93) (len^2=181)
[2013-07-12 12:42:15.325] [INFO] shortest convex hull segment: 46:(-1558,-1688)->(-1604,-1635) (len^2=4925)
[2013-07-12 12:42:15.325] [STATS] it=0	lb=0	ub=9
[2013-07-12 12:42:15.325] [TIME] controller initialization=8076ms
IBM ILOG License Manager: "university-braunschweig" is accessing CPLEX 12 with option(s): "e m b q use=10 MaintenanceEnd=20110128 ".
[2013-07-12 12:42:25.282] [TIME] iteration 1=9957ms
[2013-07-12 12:42:25.284] [INFO] shortest constrained triangulation segment: 9:(-1713,-612)->(-1687,-601) (len^2=797)
[2013-07-12 12:42:25.284] [STATS] it=1	lb=9	ub=9
[2013-07-12 12:42:25.284] iterations=1 gap=0
[2013-07-12 12:42:25.284] [TIME] SAT solving=9957ms
[2013-07-12 12:42:25.284] [TIME] total=18034ms
