[2013-07-12 10:37:31.874] [INFO] Running in directory /tmp/hellmann/current_run
[2013-07-12 10:37:31.874] [INFO] Reading settings from /tmp/hellmann/current_run/config.json
[2013-07-12 10:37:31.874] [INFO] Reading input file ./0300/random_in_square_0300_1732_077.json ...
[2013-07-12 10:37:35.212] [TIME] generating segments=3334ms
[2013-07-12 10:37:35.214] points=300 segments=44850 convex hull=19
[2013-07-12 10:37:35.215] [INFO] shortest input segment: 0:(57,1513)->(58,1514) (len^2=2)
[2013-07-12 10:37:35.540] [INFO] shortest non-crossing segment: 16:(1568,1482)->(1573,1520) (len^2=1469)
[2013-07-12 10:37:35.540] separators=1443
[2013-07-12 10:37:43.940] [TIME] intersection graph=8725ms
[2013-07-12 10:37:43.941] [INFO] shortest triangulation segment: 0:(57,1513)->(58,1514) (len^2=2)
[2013-07-12 10:37:43.941] [INFO] shortest convex hull segment: 68:(-1248,1619)->(-1174,1654) (len^2=6701)
[2013-07-12 10:37:43.941] [STATS] it=0	lb=0	ub=16
[2013-07-12 10:37:43.941] [TIME] controller initialization=12067ms
IBM ILOG License Manager: "university-braunschweig" is accessing CPLEX 12 with option(s): "e m b q use=10 MaintenanceEnd=20110128 ".
[2013-07-12 10:37:59.671] [TIME] iteration 1=15730ms
[2013-07-12 10:37:59.671] [STATS] it=1	lb=10	ub=16
[2013-07-12 10:38:15.670] [TIME] iteration 2=15999ms
[2013-07-12 10:38:15.670] [STATS] it=2	lb=13	ub=16
[2013-07-12 10:38:31.236] [TIME] iteration 3=15566ms
[2013-07-12 10:38:31.239] [INFO] shortest constrained triangulation segment: 16:(1568,1482)->(1573,1520) (len^2=1469)
[2013-07-12 10:38:31.239] [STATS] it=3	lb=16	ub=16
[2013-07-12 10:38:31.239] iterations=3 gap=0
[2013-07-12 10:38:31.239] [TIME] SAT solving=47295ms
[2013-07-12 10:38:31.239] [TIME] total=59364ms
