[2013-07-12 01:30:20.883] [INFO] Running in directory /tmp/hellmann/current_run
[2013-07-12 01:30:20.883] [INFO] Reading settings from /tmp/hellmann/current_run/config.json
[2013-07-12 01:30:20.892] [INFO] Reading input file ./0300/random_in_square_0300_1732_023.json ...
[2013-07-12 01:30:24.266] [TIME] generating segments=3362ms
[2013-07-12 01:30:24.268] points=300 segments=44850 convex hull=16
[2013-07-12 01:30:24.268] [INFO] shortest input segment: 0:(-1216,-396)->(-1217,-391) (len^2=26)
[2013-07-12 01:30:24.662] [INFO] shortest non-crossing segment: 19:(301,1716)->(330,1731) (len^2=1066)
[2013-07-12 01:30:24.662] separators=2019
[2013-07-12 01:30:42.534] [TIME] intersection graph=18266ms
[2013-07-12 01:30:42.535] [INFO] shortest triangulation segment: 0:(-1216,-396)->(-1217,-391) (len^2=26)
[2013-07-12 01:30:42.535] [INFO] shortest convex hull segment: 173:(1600,-1546)->(1687,-1482) (len^2=11665)
[2013-07-12 01:30:42.536] [STATS] it=0	lb=0	ub=19
[2013-07-12 01:30:42.536] [TIME] controller initialization=21644ms
IBM ILOG License Manager: "university-braunschweig" is accessing CPLEX 12 with option(s): "e m b q use=10 MaintenanceEnd=20110128 ".
[2013-07-12 01:31:28.384] [TIME] iteration 1=45848ms
[2013-07-12 01:31:28.385] [STATS] it=1	lb=10	ub=19
[2013-07-12 01:32:11.920] [TIME] iteration 2=43534ms
[2013-07-12 01:32:12.005] [INFO] shortest constrained triangulation segment: 19:(301,1716)->(330,1731) (len^2=1066)
[2013-07-12 01:32:12.005] [STATS] it=2	lb=19	ub=19
[2013-07-12 01:32:12.005] iterations=2 gap=0
[2013-07-12 01:32:12.005] [TIME] SAT solving=89380ms
[2013-07-12 01:32:12.005] [TIME] total=111113ms
