[2013-07-12 08:24:39.566] [INFO] Running in directory /tmp/hellmann/current_run
[2013-07-12 08:24:39.566] [INFO] Reading settings from /tmp/hellmann/current_run/config.json
[2013-07-12 08:24:39.567] [INFO] Reading input file ./0300/random_in_square_0300_1732_067.json ...
[2013-07-12 08:24:42.840] [TIME] generating segments=3255ms
[2013-07-12 08:24:42.842] points=300 segments=44850 convex hull=15
[2013-07-12 08:24:42.842] [INFO] shortest input segment: 0:(576,-1030)->(579,-1024) (len^2=45)
[2013-07-12 08:24:42.991] [INFO] shortest non-crossing segment: 7:(1618,1716)->(1639,1728) (len^2=585)
[2013-07-12 08:24:42.991] separators=557
[2013-07-12 08:24:44.232] [TIME] intersection graph=1389ms
[2013-07-12 08:24:44.234] [INFO] shortest triangulation segment: 0:(576,-1030)->(579,-1024) (len^2=45)
[2013-07-12 08:24:44.234] [INFO] shortest convex hull segment: 167:(896,-1710)->(1019,-1700) (len^2=15229)
[2013-07-12 08:24:44.234] [STATS] it=0	lb=0	ub=7
[2013-07-12 08:24:44.234] [TIME] controller initialization=4667ms
IBM ILOG License Manager: "university-braunschweig" is accessing CPLEX 12 with option(s): "e m b q use=10 MaintenanceEnd=20110128 ".
[2013-07-12 08:24:47.658] [TIME] iteration 1=3425ms
[2013-07-12 08:24:47.660] [INFO] shortest constrained triangulation segment: 7:(1618,1716)->(1639,1728) (len^2=585)
[2013-07-12 08:24:47.660] [STATS] it=1	lb=7	ub=7
[2013-07-12 08:24:47.660] iterations=1 gap=0
[2013-07-12 08:24:47.660] [TIME] SAT solving=3425ms
[2013-07-12 08:24:47.660] [TIME] total=8093ms
