[2013-07-12 07:17:14.424] [INFO] Running in directory /tmp/hellmann/current_run
[2013-07-12 07:17:14.424] [INFO] Reading settings from /tmp/hellmann/current_run/config.json
[2013-07-12 07:17:14.446] [INFO] Reading input file ./0300/random_in_square_0300_1732_059.json ...
[2013-07-12 07:17:18.209] [TIME] generating segments=3744ms
[2013-07-12 07:17:18.211] points=300 segments=44850 convex hull=17
[2013-07-12 07:17:18.211] [INFO] shortest input segment: 0:(-880,-48)->(-875,-46) (len^2=29)
[2013-07-12 07:17:18.478] [INFO] shortest non-crossing segment: 13:(-1285,1679)->(-1311,1692) (len^2=845)
[2013-07-12 07:17:18.478] separators=1075
[2013-07-12 07:17:23.774] [TIME] intersection graph=5563ms
[2013-07-12 07:17:23.775] [INFO] shortest triangulation segment: 1:(-80,-428)->(-72,-422) (len^2=100)
[2013-07-12 07:17:23.775] [INFO] shortest convex hull segment: 21:(-1664,1495)->(-1632,1518) (len^2=1553)
[2013-07-12 07:17:23.775] [STATS] it=0	lb=1	ub=13
[2013-07-12 07:17:23.775] [TIME] controller initialization=9337ms
IBM ILOG License Manager: "university-braunschweig" is accessing CPLEX 12 with option(s): "e m b q use=10 MaintenanceEnd=20110128 ".
[2013-07-12 07:17:35.041] [TIME] iteration 1=11265ms
[2013-07-12 07:17:35.042] [STATS] it=1	lb=9	ub=13
[2013-07-12 07:17:46.820] [TIME] iteration 2=11779ms
[2013-07-12 07:17:46.820] [STATS] it=2	lb=11	ub=13
[2013-07-12 07:17:58.597] [TIME] iteration 3=11777ms
[2013-07-12 07:17:58.599] [INFO] shortest constrained triangulation segment: 13:(-1285,1679)->(-1311,1692) (len^2=845)
[2013-07-12 07:17:58.599] [STATS] it=3	lb=13	ub=13
[2013-07-12 07:17:58.600] iterations=3 gap=0
[2013-07-12 07:17:58.600] [TIME] SAT solving=34821ms
[2013-07-12 07:17:58.600] [TIME] total=44161ms
