[2013-07-12 10:37:25.963] [INFO] Running in directory /tmp/hellmann/current_run
[2013-07-12 10:37:25.964] [INFO] Reading settings from /tmp/hellmann/current_run/config.json
[2013-07-12 10:37:25.964] [INFO] Reading input file ./0300/random_in_square_0300_1732_076.json ...
[2013-07-12 10:37:29.705] [TIME] generating segments=3726ms
[2013-07-12 10:37:29.707] points=300 segments=44850 convex hull=16
[2013-07-12 10:37:29.707] [INFO] shortest input segment: 0:(-755,-487)->(-756,-484) (len^2=10)
[2013-07-12 10:37:29.741] [INFO] shortest non-crossing segment: 1:(-1706,509)->(-1698,515) (len^2=100)
[2013-07-12 10:37:29.741] separators=28
[2013-07-12 10:37:29.749] [TIME] intersection graph=41ms
[2013-07-12 10:37:29.750] [INFO] shortest triangulation segment: 0:(-755,-487)->(-756,-484) (len^2=10)
[2013-07-12 10:37:29.750] [INFO] shortest convex hull segment: 4:(1727,1676)->(1707,1685) (len^2=481)
[2013-07-12 10:37:29.750] [STATS] it=0	lb=0	ub=1
[2013-07-12 10:37:29.750] [TIME] controller initialization=3787ms
IBM ILOG License Manager: "university-braunschweig" is accessing CPLEX 12 with option(s): "e m b q use=10 MaintenanceEnd=20110128 ".
[2013-07-12 10:37:31.856] [TIME] iteration 1=2105ms
[2013-07-12 10:37:31.857] [INFO] shortest constrained triangulation segment: 1:(-1706,509)->(-1698,515) (len^2=100)
[2013-07-12 10:37:31.858] [STATS] it=1	lb=1	ub=1
[2013-07-12 10:37:31.858] iterations=1 gap=0
[2013-07-12 10:37:31.858] [TIME] SAT solving=2105ms
[2013-07-12 10:37:31.858] [TIME] total=5894ms
