[2013-07-12 12:39:49.728] [INFO] Running in directory /tmp/hellmann/current_run
[2013-07-12 12:39:49.729] [INFO] Reading settings from /tmp/hellmann/current_run/config.json
[2013-07-12 12:39:49.729] [INFO] Reading input file ./0300/random_in_square_0300_1732_087.json ...
[2013-07-12 12:39:53.440] [TIME] generating segments=3695ms
[2013-07-12 12:39:53.442] points=300 segments=44850 convex hull=13
[2013-07-12 12:39:53.442] [INFO] shortest input segment: 0:(938,-1567)->(922,-1558) (len^2=337)
[2013-07-12 12:39:53.719] [INFO] shortest non-crossing segment: 13:(-1714,-1448)->(-1713,-1409) (len^2=1522)
[2013-07-12 12:39:53.719] separators=1625
[2013-07-12 12:40:08.381] [TIME] intersection graph=14938ms
[2013-07-12 12:40:08.382] [INFO] shortest triangulation segment: 0:(938,-1567)->(922,-1558) (len^2=337)
[2013-07-12 12:40:08.382] [INFO] shortest convex hull segment: 74:(-1714,-1448)->(-1717,-1365) (len^2=6898)
[2013-07-12 12:40:08.383] [STATS] it=0	lb=0	ub=13
[2013-07-12 12:40:08.383] [TIME] controller initialization=18653ms
IBM ILOG License Manager: "university-braunschweig" is accessing CPLEX 12 with option(s): "e m b q use=10 MaintenanceEnd=20110128 ".
[2013-07-12 12:40:41.750] [TIME] iteration 1=33368ms
[2013-07-12 12:40:41.751] [STATS] it=1	lb=8	ub=13
[2013-07-12 12:41:15.397] [TIME] iteration 2=33646ms
[2013-07-12 12:41:15.397] [STATS] it=2	lb=12	ub=13
[2013-07-12 12:42:03.195] [TIME] iteration 3=47799ms
[2013-07-12 12:42:03.869] [INFO] shortest constrained triangulation segment: 13:(-1714,-1448)->(-1713,-1409) (len^2=1522)
[2013-07-12 12:42:03.869] [STATS] it=3	lb=13	ub=13
[2013-07-12 12:42:03.869] iterations=3 gap=0
[2013-07-12 12:42:03.869] [TIME] SAT solving=114775ms
[2013-07-12 12:42:03.869] [TIME] total=134140ms
