[2013-07-12 00:26:50.045] [INFO] Running in directory /tmp/hellmann/current_run
[2013-07-12 00:26:50.045] [INFO] Reading settings from /tmp/hellmann/current_run/config.json
[2013-07-12 00:26:50.045] [INFO] Reading input file ./0300/random_in_square_0300_1732_019.json ...
[2013-07-12 00:26:53.125] [TIME] generating segments=3075ms
[2013-07-12 00:26:53.127] points=300 segments=44850 convex hull=19
[2013-07-12 00:26:53.127] [INFO] shortest input segment: 0:(-60,-252)->(-63,-246) (len^2=45)
[2013-07-12 00:26:53.520] [INFO] shortest non-crossing segment: 19:(-1334,-1633)->(-1299,-1632) (len^2=1226)
[2013-07-12 00:26:53.520] separators=1867
[2013-07-12 00:27:10.117] [TIME] intersection graph=16991ms
[2013-07-12 00:27:10.119] [INFO] shortest triangulation segment: 0:(-60,-252)->(-63,-246) (len^2=45)
[2013-07-12 00:27:10.119] [INFO] shortest convex hull segment: 257:(-1719,1211)->(-1671,1343) (len^2=19728)
[2013-07-12 00:27:10.119] [STATS] it=0	lb=0	ub=19
[2013-07-12 00:27:10.119] [TIME] controller initialization=20073ms
IBM ILOG License Manager: "university-braunschweig" is accessing CPLEX 12 with option(s): "e m b q use=10 MaintenanceEnd=20110128 ".
[2013-07-12 00:27:49.974] [TIME] iteration 1=39856ms
[2013-07-12 00:27:49.974] [STATS] it=1	lb=10	ub=19
[2013-07-12 00:28:29.387] [TIME] iteration 2=39412ms
[2013-07-12 00:28:29.388] [STATS] it=2	lb=15	ub=19
[2013-07-12 00:29:17.275] [TIME] iteration 3=47888ms
[2013-07-12 00:29:17.320] [STATS] it=3	lb=17	ub=19
[2013-07-12 00:30:01.958] [TIME] iteration 4=44638ms
[2013-07-12 00:30:02.021] [INFO] shortest constrained triangulation segment: 19:(-1334,-1633)->(-1299,-1632) (len^2=1226)
[2013-07-12 00:30:02.021] [STATS] it=4	lb=19	ub=19
[2013-07-12 00:30:02.021] iterations=4 gap=0
[2013-07-12 00:30:02.021] [TIME] SAT solving=171782ms
[2013-07-12 00:30:02.021] [TIME] total=191976ms
