[2013-07-27 22:16:34.486] [INFO] Running in directory /opt/tmp/hellmann/uniform_distribution
[2013-07-27 22:16:34.486] [INFO] Reading settings from /opt/tmp/hellmann/uniform_distribution/config.json
[2013-07-27 22:16:34.508] [INFO] Reading input file ./0490/random_in_square_0490_2214_023.json ...
[2013-07-27 22:16:53.682] [TIME] generating segments=19088ms
[2013-07-27 22:16:53.686] points=490 segments=119805 convex hull=18
[2013-07-27 22:16:53.686] [INFO] shortest input segment: 0:(-1713,-918)->(-1715,-913) (len^2=29)
[2013-07-27 22:16:54.478] [INFO] shortest non-crossing segment: 22:(1805,2039)->(1803,2066) (len^2=733)
[2013-07-27 22:16:54.478] separators=3900
[2013-07-27 22:17:56.862] [TIME] intersection graph=63176ms
[2013-07-27 22:17:56.865] [INFO] shortest triangulation segment: 0:(-1713,-918)->(-1715,-913) (len^2=29)
[2013-07-27 22:17:56.865] [INFO] shortest convex hull segment: 67:(-2199,1925)->(-2187,1985) (len^2=3744)
[2013-07-27 22:17:56.865] [STATS] it=0	lb=0	ub=22
[2013-07-27 22:17:56.865] [TIME] controller initialization=82357ms
IBM ILOG License Manager: "university-braunschweig" is accessing CPLEX 12 with option(s): "e m b q use=10 MaintenanceEnd=20110128 ".
[2013-07-27 22:24:39.849] [TIME] iteration 1=402985ms
[2013-07-27 22:24:39.913] [STATS] it=1	lb=11	ub=22
[2013-07-27 22:31:28.767] [TIME] iteration 2=408851ms
[2013-07-27 22:31:28.818] [STATS] it=2	lb=17	ub=22
[2013-07-27 22:38:32.535] [TIME] iteration 3=423714ms
[2013-07-27 22:38:32.949] [INFO] shortest constrained triangulation segment: 22:(1805,2039)->(1803,2066) (len^2=733)
[2013-07-27 22:38:32.949] [STATS] it=3	lb=22	ub=22
[2013-07-27 22:38:32.949] iterations=3 gap=0
[2013-07-27 22:38:32.949] [TIME] SAT solving=1235494ms
[2013-07-27 22:38:32.949] [TIME] total=1318441ms
