[2013-07-28 16:19:28.918] [INFO] Running in directory /opt/tmp/hellmann/uniform_distribution
[2013-07-28 16:19:28.929] [INFO] Reading settings from /opt/tmp/hellmann/uniform_distribution/config.json
[2013-07-28 16:19:28.999] [INFO] Reading input file ./0490/random_in_square_0490_2214_073.json ...
[2013-07-28 16:19:50.771] [TIME] generating segments=21711ms
[2013-07-28 16:19:50.775] points=490 segments=119805 convex hull=18
[2013-07-28 16:19:50.776] [INFO] shortest input segment: 0:(-995,95)->(-992,97) (len^2=13)
[2013-07-28 16:19:51.064] [INFO] shortest non-crossing segment: 8:(2003,-2170)->(2013,-2154) (len^2=356)
[2013-07-28 16:19:51.064] separators=825
[2013-07-28 16:19:53.778] [TIME] intersection graph=3002ms
[2013-07-28 16:19:53.781] [INFO] shortest triangulation segment: 0:(-995,95)->(-992,97) (len^2=13)
[2013-07-28 16:19:53.781] [INFO] shortest convex hull segment: 85:(-2016,-2156)->(-2062,-2113) (len^2=3965)
[2013-07-28 16:19:53.781] [STATS] it=0	lb=0	ub=8
[2013-07-28 16:19:53.781] [TIME] controller initialization=24783ms
IBM ILOG License Manager: "university-braunschweig" is accessing CPLEX 12 with option(s): "e m b q use=10 MaintenanceEnd=20110128 ".
[2013-07-28 16:20:10.116] [TIME] iteration 1=16335ms
[2013-07-28 16:20:10.116] [STATS] it=1	lb=4	ub=8
[2013-07-28 16:20:26.358] [TIME] iteration 2=16241ms
[2013-07-28 16:20:26.358] [STATS] it=2	lb=7	ub=8
[2013-07-28 16:20:42.599] [TIME] iteration 3=16241ms
[2013-07-28 16:20:42.602] [INFO] shortest constrained triangulation segment: 8:(2003,-2170)->(2013,-2154) (len^2=356)
[2013-07-28 16:20:42.602] [STATS] it=3	lb=8	ub=8
[2013-07-28 16:20:42.602] iterations=3 gap=0
[2013-07-28 16:20:42.602] [TIME] SAT solving=48817ms
[2013-07-28 16:20:42.602] [TIME] total=73603ms
