[2013-07-27 21:20:04.190] [INFO] Running in directory /opt/tmp/hellmann/uniform_distribution
[2013-07-27 21:20:04.190] [INFO] Reading settings from /opt/tmp/hellmann/uniform_distribution/config.json
[2013-07-27 21:20:04.213] [INFO] Reading input file ./0490/random_in_square_0490_2214_017.json ...
[2013-07-27 21:20:23.924] [TIME] generating segments=19657ms
[2013-07-27 21:20:23.928] points=490 segments=119805 convex hull=15
[2013-07-27 21:20:23.928] [INFO] shortest input segment: 0:(-1110,1379)->(-1111,1383) (len^2=17)
[2013-07-27 21:20:24.490] [INFO] shortest non-crossing segment: 15:(-1398,-2170)->(-1369,-2167) (len^2=850)
[2013-07-27 21:20:24.490] separators=3524
[2013-07-27 21:21:17.830] [TIME] intersection graph=53903ms
[2013-07-27 21:21:17.832] [INFO] shortest triangulation segment: 0:(-1110,1379)->(-1111,1383) (len^2=17)
[2013-07-27 21:21:17.833] [INFO] shortest convex hull segment: 38:(2181,-2179)->(2202,-2145) (len^2=1597)
[2013-07-27 21:21:17.833] [STATS] it=0	lb=0	ub=15
[2013-07-27 21:21:17.833] [TIME] controller initialization=73620ms
IBM ILOG License Manager: "university-braunschweig" is accessing CPLEX 12 with option(s): "e m b q use=10 MaintenanceEnd=20110128 ".
[2013-07-27 21:25:50.240] [TIME] iteration 1=272407ms
[2013-07-27 21:25:50.312] [STATS] it=1	lb=8	ub=15
[2013-07-27 21:30:35.831] [TIME] iteration 2=285504ms
[2013-07-27 21:30:35.907] [STATS] it=2	lb=12	ub=15
[2013-07-27 21:35:19.243] [TIME] iteration 3=283325ms
[2013-07-27 21:35:20.654] [INFO] shortest constrained triangulation segment: 15:(-1398,-2170)->(-1369,-2167) (len^2=850)
[2013-07-27 21:35:20.668] [STATS] it=3	lb=15	ub=15
[2013-07-27 21:35:20.668] iterations=3 gap=0
[2013-07-27 21:35:20.668] [TIME] SAT solving=841174ms
[2013-07-27 21:35:20.668] [TIME] total=916456ms
