[2013-07-27 18:13:40.432] [INFO] Running in directory /opt/tmp/hellmann/uniform_distribution
[2013-07-27 18:13:40.432] [INFO] Reading settings from /opt/tmp/hellmann/uniform_distribution/config.json
[2013-07-27 18:13:40.432] [INFO] Reading input file ./0490/random_in_square_0490_2214_007.json ...
[2013-07-27 18:14:00.082] [TIME] generating segments=19643ms
[2013-07-27 18:14:00.086] points=490 segments=119805 convex hull=18
[2013-07-27 18:14:00.086] [INFO] shortest input segment: 0:(227,1499)->(229,1500) (len^2=5)
[2013-07-27 18:14:00.736] [INFO] shortest non-crossing segment: 19:(1503,2119)->(1529,2123) (len^2=692)
[2013-07-27 18:14:00.736] separators=2354
[2013-07-27 18:14:21.358] [TIME] intersection graph=21271ms
[2013-07-27 18:14:21.361] [INFO] shortest triangulation segment: 0:(227,1499)->(229,1500) (len^2=5)
[2013-07-27 18:14:21.361] [INFO] shortest convex hull segment: 444:(2077,-1941)->(2183,-1829) (len^2=23780)
[2013-07-27 18:14:21.361] [STATS] it=0	lb=0	ub=19
[2013-07-27 18:14:21.361] [TIME] controller initialization=40929ms
IBM ILOG License Manager: "university-braunschweig" is accessing CPLEX 12 with option(s): "e m b q use=10 MaintenanceEnd=20110128 ".
[2013-07-27 18:15:11.072] [TIME] iteration 1=49710ms
[2013-07-27 18:15:11.072] [STATS] it=1	lb=10	ub=19
[2013-07-27 18:16:38.932] [TIME] iteration 2=87858ms
[2013-07-27 18:16:39.227] [INFO] shortest constrained triangulation segment: 19:(1503,2119)->(1529,2123) (len^2=692)
[2013-07-27 18:16:39.227] [STATS] it=2	lb=19	ub=19
[2013-07-27 18:16:39.227] iterations=2 gap=0
[2013-07-27 18:16:39.227] [TIME] SAT solving=137562ms
[2013-07-27 18:16:39.227] [TIME] total=178795ms
