[2013-07-28 02:29:09.025] [INFO] Running in directory /opt/tmp/hellmann/uniform_distribution
[2013-07-28 02:29:09.025] [INFO] Reading settings from /opt/tmp/hellmann/uniform_distribution/config.json
[2013-07-28 02:29:09.025] [INFO] Reading input file ./0490/random_in_square_0490_2214_038.json ...
[2013-07-28 02:29:29.896] [TIME] generating segments=20848ms
[2013-07-28 02:29:29.899] points=490 segments=119805 convex hull=16
[2013-07-28 02:29:29.900] [INFO] shortest input segment: 0:(1050,1297)->(1047,1299) (len^2=13)
[2013-07-28 02:29:29.959] [INFO] shortest non-crossing segment: 1:(-2160,2112)->(-2163,2118) (len^2=45)
[2013-07-28 02:29:29.960] separators=79
[2013-07-28 02:29:30.014] [TIME] intersection graph=113ms
[2013-07-28 02:29:30.016] [INFO] shortest triangulation segment: 0:(1050,1297)->(1047,1299) (len^2=13)
[2013-07-28 02:29:30.016] [INFO] shortest convex hull segment: 335:(-2163,2118)->(-2041,2166) (len^2=17188)
[2013-07-28 02:29:30.016] [STATS] it=0	lb=0	ub=1
[2013-07-28 02:29:30.016] [TIME] controller initialization=20991ms
IBM ILOG License Manager: "university-braunschweig" is accessing CPLEX 12 with option(s): "e m b q use=10 MaintenanceEnd=20110128 ".
[2013-07-28 02:29:42.821] [TIME] iteration 1=12805ms
[2013-07-28 02:29:42.823] [INFO] shortest constrained triangulation segment: 1:(-2160,2112)->(-2163,2118) (len^2=45)
[2013-07-28 02:29:42.823] [STATS] it=1	lb=1	ub=1
[2013-07-28 02:29:42.823] iterations=1 gap=0
[2013-07-28 02:29:42.823] [TIME] SAT solving=12805ms
[2013-07-28 02:29:42.823] [TIME] total=33799ms
