[2013-07-28 01:08:47.982] [INFO] Running in directory /opt/tmp/hellmann/uniform_distribution
[2013-07-28 01:08:47.982] [INFO] Reading settings from /opt/tmp/hellmann/uniform_distribution/config.json
[2013-07-28 01:08:48.005] [INFO] Reading input file ./0490/random_in_square_0490_2214_029.json ...
[2013-07-28 01:09:07.470] [TIME] generating segments=19412ms
[2013-07-28 01:09:07.474] points=490 segments=119805 convex hull=14
[2013-07-28 01:09:07.474] [INFO] shortest input segment: 0:(512,309)->(515,312) (len^2=18)
[2013-07-28 01:09:07.599] [INFO] shortest non-crossing segment: 3:(-808,-2182)->(-800,-2180) (len^2=68)
[2013-07-28 01:09:07.600] separators=124
[2013-07-28 01:09:07.685] [TIME] intersection graph=212ms
[2013-07-28 01:09:07.688] [INFO] shortest triangulation segment: 0:(512,309)->(515,312) (len^2=18)
[2013-07-28 01:09:07.688] [INFO] shortest convex hull segment: 2157:(2103,-2040)->(2199,-1711) (len^2=117457)
[2013-07-28 01:09:07.688] [STATS] it=0	lb=0	ub=3
[2013-07-28 01:09:07.688] [TIME] controller initialization=19684ms
IBM ILOG License Manager: "university-braunschweig" is accessing CPLEX 12 with option(s): "e m b q use=10 MaintenanceEnd=20110128 ".
[2013-07-28 01:09:20.838] [TIME] iteration 1=13150ms
[2013-07-28 01:09:20.841] [INFO] shortest constrained triangulation segment: 3:(-808,-2182)->(-800,-2180) (len^2=68)
[2013-07-28 01:09:20.841] [STATS] it=1	lb=3	ub=3
[2013-07-28 01:09:20.841] iterations=1 gap=0
[2013-07-28 01:09:20.841] [TIME] SAT solving=13150ms
[2013-07-28 01:09:20.841] [TIME] total=32838ms
