[2013-07-28 05:26:34.772] [INFO] Running in directory /opt/tmp/hellmann/uniform_distribution
[2013-07-28 05:26:34.772] [INFO] Reading settings from /opt/tmp/hellmann/uniform_distribution/config.json
[2013-07-28 05:26:34.772] [INFO] Reading input file ./0490/random_in_square_0490_2214_050.json ...
[2013-07-28 05:26:54.978] [TIME] generating segments=20198ms
[2013-07-28 05:26:54.982] points=490 segments=119805 convex hull=20
[2013-07-28 05:26:54.982] [INFO] shortest input segment: 0:(-1042,-2143)->(-1043,-2138) (len^2=26)
[2013-07-28 05:26:55.208] [INFO] shortest non-crossing segment: 6:(-1637,2114)->(-1614,2115) (len^2=530)
[2013-07-28 05:26:55.208] separators=720
[2013-07-28 05:26:57.945] [TIME] intersection graph=2963ms
[2013-07-28 05:26:57.947] [INFO] shortest triangulation segment: 1:(-1580,-1464)->(-1570,-1461) (len^2=109)
[2013-07-28 05:26:57.947] [INFO] shortest convex hull segment: 11:(2061,2093)->(2037,2105) (len^2=720)
[2013-07-28 05:26:57.947] [STATS] it=0	lb=1	ub=6
[2013-07-28 05:26:57.947] [TIME] controller initialization=23175ms
IBM ILOG License Manager: "university-braunschweig" is accessing CPLEX 12 with option(s): "e m b q use=10 MaintenanceEnd=20110128 ".
[2013-07-28 05:27:14.319] [TIME] iteration 1=16371ms
[2013-07-28 05:27:14.319] [STATS] it=1	lb=4	ub=6
[2013-07-28 05:27:30.659] [TIME] iteration 2=16340ms
[2013-07-28 05:27:30.659] [STATS] it=2	lb=5	ub=6
[2013-07-28 05:27:46.954] [TIME] iteration 3=16295ms
[2013-07-28 05:27:46.957] [INFO] shortest constrained triangulation segment: 6:(-1637,2114)->(-1614,2115) (len^2=530)
[2013-07-28 05:27:46.957] [STATS] it=3	lb=6	ub=6
[2013-07-28 05:27:46.957] iterations=3 gap=0
[2013-07-28 05:27:46.957] [TIME] SAT solving=49006ms
[2013-07-28 05:27:46.957] [TIME] total=72184ms
