[2013-07-27 21:35:29.983] [INFO] Running in directory /opt/tmp/hellmann/uniform_distribution
[2013-07-27 21:35:29.983] [INFO] Reading settings from /opt/tmp/hellmann/uniform_distribution/config.json
[2013-07-27 21:35:30.005] [INFO] Reading input file ./0490/random_in_square_0490_2214_018.json ...
[2013-07-27 21:35:50.800] [TIME] generating segments=20758ms
[2013-07-27 21:35:50.804] points=490 segments=119805 convex hull=17
[2013-07-27 21:35:50.804] [INFO] shortest input segment: 0:(-533,-1431)->(-537,-1417) (len^2=212)
[2013-07-27 21:35:50.866] [INFO] shortest non-crossing segment: 1:(-2155,1733)->(-2162,1746) (len^2=218)
[2013-07-27 21:35:50.866] separators=126
[2013-07-27 21:35:51.009] [TIME] intersection graph=204ms
[2013-07-27 21:35:51.011] [INFO] shortest triangulation segment: 0:(-533,-1431)->(-537,-1417) (len^2=212)
[2013-07-27 21:35:51.011] [INFO] shortest convex hull segment: 48:(-2207,785)->(-2205,839) (len^2=2920)
[2013-07-27 21:35:51.011] [STATS] it=0	lb=0	ub=1
[2013-07-27 21:35:51.011] [TIME] controller initialization=21006ms
IBM ILOG License Manager: "university-braunschweig" is accessing CPLEX 12 with option(s): "e m b q use=10 MaintenanceEnd=20110128 ".
[2013-07-27 21:36:04.054] [TIME] iteration 1=13042ms
[2013-07-27 21:36:04.057] [INFO] shortest constrained triangulation segment: 1:(-2155,1733)->(-2162,1746) (len^2=218)
[2013-07-27 21:36:04.057] [STATS] it=1	lb=1	ub=1
[2013-07-27 21:36:04.057] iterations=1 gap=0
[2013-07-27 21:36:04.057] [TIME] SAT solving=13042ms
[2013-07-27 21:36:04.057] [TIME] total=34051ms
