[2013-07-28 05:17:35.450] [INFO] Running in directory /opt/tmp/hellmann/uniform_distribution
[2013-07-28 05:17:35.450] [INFO] Reading settings from /opt/tmp/hellmann/uniform_distribution/config.json
[2013-07-28 05:17:35.450] [INFO] Reading input file ./0490/random_in_square_0490_2214_048.json ...
[2013-07-28 05:17:55.845] [TIME] generating segments=20314ms
[2013-07-28 05:17:55.849] points=490 segments=119805 convex hull=15
[2013-07-28 05:17:55.849] [INFO] shortest input segment: 0:(346,-2135)->(351,-2135) (len^2=25)
[2013-07-28 05:17:56.679] [INFO] shortest non-crossing segment: 24:(1907,-2158)->(1888,-2134) (len^2=937)
[2013-07-28 05:17:56.679] separators=3444
[2013-07-28 05:18:40.863] [TIME] intersection graph=45014ms
[2013-07-28 05:18:40.866] [INFO] shortest triangulation segment: 0:(346,-2135)->(351,-2135) (len^2=25)
[2013-07-28 05:18:40.866] [INFO] shortest convex hull segment: 160:(2044,2089)->(1965,2140) (len^2=8842)
[2013-07-28 05:18:40.866] [STATS] it=0	lb=0	ub=24
[2013-07-28 05:18:40.866] [TIME] controller initialization=65416ms
IBM ILOG License Manager: "university-braunschweig" is accessing CPLEX 12 with option(s): "e m b q use=10 MaintenanceEnd=20110128 ".
[2013-07-28 05:24:37.436] [ERROR] Solution is infeasible
[2013-07-28 05:24:37.527] [TIME] iteration 1=356662ms
[2013-07-28 05:24:37.531] [STATS] it=1	lb=0	ub=11
[2013-07-28 05:25:18.807] [ERROR] Solution is infeasible
[2013-07-28 05:25:18.808] [TIME] iteration 2=41274ms
[2013-07-28 05:25:18.809] [STATS] it=2	lb=0	ub=5
[2013-07-28 05:25:33.124] [ERROR] Solution is infeasible
[2013-07-28 05:25:33.125] [TIME] iteration 3=14315ms
[2013-07-28 05:25:33.125] [STATS] it=3	lb=0	ub=2
[2013-07-28 05:25:45.921] [TIME] iteration 4=12796ms
[2013-07-28 05:25:45.921] [STATS] it=4	lb=1	ub=2
[2013-07-28 05:25:58.712] [ERROR] Solution is infeasible
[2013-07-28 05:25:58.712] [TIME] iteration 5=12792ms
[2013-07-28 05:25:58.758] [INFO] shortest constrained triangulation segment: 1:(356,-2137)->(351,-2135) (len^2=29)
[2013-07-28 05:25:58.758] [STATS] it=5	lb=1	ub=1
[2013-07-28 05:25:58.758] iterations=5 gap=0
[2013-07-28 05:25:58.758] [TIME] SAT solving=437839ms
[2013-07-28 05:25:58.758] [TIME] total=503309ms
