[2013-07-28 01:39:22.660] [INFO] Running in directory /opt/tmp/hellmann/uniform_distribution
[2013-07-28 01:39:22.660] [INFO] Reading settings from /opt/tmp/hellmann/uniform_distribution/config.json
[2013-07-28 01:39:22.683] [INFO] Reading input file ./0490/random_in_square_0490_2214_031.json ...
[2013-07-28 01:39:43.246] [TIME] generating segments=20511ms
[2013-07-28 01:39:43.250] points=490 segments=119805 convex hull=17
[2013-07-28 01:39:43.250] [INFO] shortest input segment: 0:(-235,1240)->(-242,1242) (len^2=53)
[2013-07-28 01:39:43.749] [INFO] shortest non-crossing segment: 14:(-2023,-2157)->(-2020,-2127) (len^2=909)
[2013-07-28 01:39:43.749] separators=2087
[2013-07-28 01:40:03.855] [TIME] intersection graph=20605ms
[2013-07-28 01:40:03.858] [INFO] shortest triangulation segment: 0:(-235,1240)->(-242,1242) (len^2=53)
[2013-07-28 01:40:03.858] [INFO] shortest convex hull segment: 71:(2038,2082)->(1986,2119) (len^2=4073)
[2013-07-28 01:40:03.858] [STATS] it=0	lb=0	ub=14
[2013-07-28 01:40:03.858] [TIME] controller initialization=41175ms
IBM ILOG License Manager: "university-braunschweig" is accessing CPLEX 12 with option(s): "e m b q use=10 MaintenanceEnd=20110128 ".
[2013-07-28 01:40:59.541] [TIME] iteration 1=55683ms
[2013-07-28 01:40:59.544] [STATS] it=1	lb=7	ub=14
[2013-07-28 01:42:02.024] [TIME] iteration 2=62478ms
[2013-07-28 01:42:02.070] [STATS] it=2	lb=12	ub=14
[2013-07-28 01:43:21.305] [TIME] iteration 3=79235ms
[2013-07-28 01:43:21.332] [STATS] it=3	lb=13	ub=14
[2013-07-28 01:44:25.774] [TIME] iteration 4=64443ms
[2013-07-28 01:44:26.016] [INFO] shortest constrained triangulation segment: 14:(-2023,-2157)->(-2020,-2127) (len^2=909)
[2013-07-28 01:44:26.016] [STATS] it=4	lb=14	ub=14
[2013-07-28 01:44:26.016] iterations=4 gap=0
[2013-07-28 01:44:26.016] [TIME] SAT solving=261828ms
[2013-07-28 01:44:26.016] [TIME] total=303333ms
