[2013-07-28 02:59:44.789] [INFO] Running in directory /opt/tmp/hellmann/uniform_distribution
[2013-07-28 02:59:44.789] [INFO] Reading settings from /opt/tmp/hellmann/uniform_distribution/config.json
[2013-07-28 02:59:44.812] [INFO] Reading input file ./0490/random_in_square_0490_2214_040.json ...
[2013-07-28 03:00:05.481] [TIME] generating segments=20623ms
[2013-07-28 03:00:05.485] points=490 segments=119805 convex hull=13
[2013-07-28 03:00:05.485] [INFO] shortest input segment: 0:(551,-1544)->(554,-1540) (len^2=25)
[2013-07-28 03:00:06.296] [INFO] shortest non-crossing segment: 23:(-398,2177)->(-432,2185) (len^2=1220)
[2013-07-28 03:00:06.296] separators=4050
[2013-07-28 03:01:04.775] [TIME] intersection graph=59290ms
[2013-07-28 03:01:04.778] [INFO] shortest triangulation segment: 0:(551,-1544)->(554,-1540) (len^2=25)
[2013-07-28 03:01:04.778] [INFO] shortest convex hull segment: 71:(2153,-2177)->(2174,-2116) (len^2=4162)
[2013-07-28 03:01:04.778] [STATS] it=0	lb=0	ub=23
[2013-07-28 03:01:04.778] [TIME] controller initialization=79967ms
IBM ILOG License Manager: "university-braunschweig" is accessing CPLEX 12 with option(s): "e m b q use=10 MaintenanceEnd=20110128 ".
[2013-07-28 03:06:22.500] [TIME] iteration 1=317721ms
[2013-07-28 03:06:22.567] [STATS] it=1	lb=12	ub=23
[2013-07-28 03:14:52.474] [TIME] iteration 2=509904ms
[2013-07-28 03:14:52.946] [INFO] shortest constrained triangulation segment: 23:(-398,2177)->(-432,2185) (len^2=1220)
[2013-07-28 03:14:52.946] [STATS] it=2	lb=23	ub=23
[2013-07-28 03:14:52.946] iterations=2 gap=0
[2013-07-28 03:14:52.946] [TIME] SAT solving=827619ms
[2013-07-28 03:14:52.946] [TIME] total=908134ms
