[2013-07-07 02:17:11.618] [INFO] Running in directory /tmp/hellmann/current_run
[2013-07-07 02:17:11.618] [INFO] Reading settings from /tmp/hellmann/current_run/config.json
[2013-07-07 02:17:11.618] [INFO] Reading input file ./0210/random_in_square_0210_1449_079.json ...
[2013-07-07 02:17:12.411] [TIME] generating segments=779ms
[2013-07-07 02:17:12.413] points=210 segments=21945 convex hull=13
[2013-07-07 02:17:12.413] [INFO] shortest input segment: 0:(435,-1235)->(439,-1235) (len^2=16)
[2013-07-07 02:17:12.470] [INFO] shortest non-crossing segment: 4:(-611,1352)->(-626,1355) (len^2=234)
[2013-07-07 02:17:12.471] separators=165
[2013-07-07 02:17:12.622] [TIME] intersection graph=210ms
[2013-07-07 02:17:12.624] [INFO] shortest triangulation segment: 0:(435,-1235)->(439,-1235) (len^2=16)
[2013-07-07 02:17:12.624] [INFO] shortest convex hull segment: 424:(1375,1248)->(1185,1377) (len^2=52741)
[2013-07-07 02:17:12.624] [STATS] it=0	lb=0	ub=4
[2013-07-07 02:17:12.624] [TIME] controller initialization=1005ms
IBM ILOG License Manager: "university-braunschweig" is accessing CPLEX 12 with option(s): "e m b q use=10 MaintenanceEnd=20110128 ".
[2013-07-07 02:17:13.252] [TIME] iteration 1=628ms
[2013-07-07 02:17:13.254] [INFO] shortest constrained triangulation segment: 4:(-611,1352)->(-626,1355) (len^2=234)
[2013-07-07 02:17:13.254] [STATS] it=1	lb=4	ub=4
[2013-07-07 02:17:13.254] iterations=1 gap=0
[2013-07-07 02:17:13.254] [TIME] SAT solving=628ms
[2013-07-07 02:17:13.254] [TIME] total=1635ms
