[2013-07-06 19:42:45.409] [INFO] Running in directory /tmp/hellmann/current_run
[2013-07-06 19:42:45.421] [INFO] Reading settings from /tmp/hellmann/current_run/config.json
[2013-07-06 19:42:45.433] [INFO] Reading input file ./0210/random_in_square_0210_1449_011.json ...
[2013-07-06 19:42:46.212] [TIME] generating segments=768ms
[2013-07-06 19:42:46.213] points=210 segments=21945 convex hull=14
[2013-07-06 19:42:46.213] [INFO] shortest input segment: 0:(-9,941)->(5,963) (len^2=680)
[2013-07-06 19:42:46.481] [INFO] shortest non-crossing segment: 19:(1324,-1395)->(1379,-1368) (len^2=3754)
[2013-07-06 19:42:46.481] separators=2058
[2013-07-06 19:43:07.376] [TIME] intersection graph=21163ms
[2013-07-06 19:43:07.377] [INFO] shortest triangulation segment: 0:(-9,941)->(5,963) (len^2=680)
[2013-07-06 19:43:07.378] [INFO] shortest convex hull segment: 19:(1324,-1395)->(1379,-1368) (len^2=3754)
[2013-07-06 19:43:07.378] [STATS] it=0	lb=0	ub=19
[2013-07-06 19:43:07.378] [TIME] controller initialization=21945ms
IBM ILOG License Manager: "university-braunschweig" is accessing CPLEX 12 with option(s): "e m b q use=10 MaintenanceEnd=20110128 ".
[2013-07-06 19:44:01.200] [TIME] iteration 1=53823ms
[2013-07-06 19:44:01.203] [STATS] it=1	lb=10	ub=19
[2013-07-06 19:45:25.493] [TIME] iteration 2=84290ms
[2013-07-06 19:45:25.564] [INFO] shortest constrained triangulation segment: 19:(1324,-1395)->(1379,-1368) (len^2=3754)
[2013-07-06 19:45:25.564] [STATS] it=2	lb=19	ub=19
[2013-07-06 19:45:25.564] iterations=2 gap=0
[2013-07-06 19:45:25.564] [TIME] SAT solving=138110ms
[2013-07-06 19:45:25.565] [TIME] total=160132ms
