[2013-07-07 02:16:38.856] [INFO] Running in directory /tmp/hellmann/current_run
[2013-07-07 02:16:38.865] [INFO] Reading settings from /tmp/hellmann/current_run/config.json
[2013-07-07 02:16:38.884] [INFO] Reading input file ./0210/random_in_square_0210_1449_077.json ...
[2013-07-07 02:16:39.678] [TIME] generating segments=777ms
[2013-07-07 02:16:39.679] points=210 segments=21945 convex hull=17
[2013-07-07 02:16:39.679] [INFO] shortest input segment: 0:(737,-550)->(739,-541) (len^2=85)
[2013-07-07 02:16:39.904] [INFO] shortest non-crossing segment: 18:(-1348,1184)->(-1314,1211) (len^2=1885)
[2013-07-07 02:16:39.904] separators=933
[2013-07-07 02:16:43.717] [TIME] intersection graph=4037ms
[2013-07-07 02:16:43.718] [INFO] shortest triangulation segment: 0:(737,-550)->(739,-541) (len^2=85)
[2013-07-07 02:16:43.718] [INFO] shortest convex hull segment: 63:(-1322,-1328)->(-1385,-1274) (len^2=6885)
[2013-07-07 02:16:43.718] [STATS] it=0	lb=0	ub=18
[2013-07-07 02:16:43.718] [TIME] controller initialization=4842ms
IBM ILOG License Manager: "university-braunschweig" is accessing CPLEX 12 with option(s): "e m b q use=10 MaintenanceEnd=20110128 ".
[2013-07-07 02:16:50.432] [TIME] iteration 1=6714ms
[2013-07-07 02:16:50.432] [STATS] it=1	lb=10	ub=18
[2013-07-07 02:16:57.183] [TIME] iteration 2=6750ms
[2013-07-07 02:16:57.183] [STATS] it=2	lb=14	ub=18
[2013-07-07 02:17:03.921] [TIME] iteration 3=6739ms
[2013-07-07 02:17:03.921] [STATS] it=3	lb=16	ub=18
[2013-07-07 02:17:10.663] [TIME] iteration 4=6742ms
[2013-07-07 02:17:10.664] [INFO] shortest constrained triangulation segment: 18:(-1348,1184)->(-1314,1211) (len^2=1885)
[2013-07-07 02:17:10.665] [STATS] it=4	lb=18	ub=18
[2013-07-07 02:17:10.665] iterations=4 gap=0
[2013-07-07 02:17:10.665] [TIME] SAT solving=26945ms
[2013-07-07 02:17:10.665] [TIME] total=31788ms
