[2013-07-06 21:34:51.804] [INFO] Running in directory /tmp/hellmann/current_run
[2013-07-06 21:34:51.814] [INFO] Reading settings from /tmp/hellmann/current_run/config.json
[2013-07-06 21:34:51.826] [INFO] Reading input file ./0210/random_in_square_0210_1449_032.json ...
[2013-07-06 21:34:52.613] [TIME] generating segments=777ms
[2013-07-06 21:34:52.614] points=210 segments=21945 convex hull=13
[2013-07-06 21:34:52.614] [INFO] shortest input segment: 0:(1273,-679)->(1265,-672) (len^2=113)
[2013-07-06 21:34:52.802] [INFO] shortest non-crossing segment: 15:(-1313,-1294)->(-1354,-1289) (len^2=1706)
[2013-07-06 21:34:52.802] separators=821
[2013-07-06 21:34:55.154] [TIME] intersection graph=2540ms
[2013-07-06 21:34:55.155] [INFO] shortest triangulation segment: 0:(1273,-679)->(1265,-672) (len^2=113)
[2013-07-06 21:34:55.155] [INFO] shortest convex hull segment: 243:(-1409,1065)->(-1317,1213) (len^2=30368)
[2013-07-06 21:34:55.155] [STATS] it=0	lb=0	ub=15
[2013-07-06 21:34:55.155] [TIME] controller initialization=3329ms
IBM ILOG License Manager: "university-braunschweig" is accessing CPLEX 12 with option(s): "e m b q use=10 MaintenanceEnd=20110128 ".
[2013-07-06 21:34:59.178] [TIME] iteration 1=4022ms
[2013-07-06 21:34:59.178] [STATS] it=1	lb=9	ub=15
[2013-07-06 21:35:03.112] [TIME] iteration 2=3935ms
[2013-07-06 21:35:03.112] [STATS] it=2	lb=12	ub=15
[2013-07-06 21:35:06.858] [TIME] iteration 3=3746ms
[2013-07-06 21:35:06.860] [INFO] shortest constrained triangulation segment: 15:(-1313,-1294)->(-1354,-1289) (len^2=1706)
[2013-07-06 21:35:06.860] [STATS] it=3	lb=15	ub=15
[2013-07-06 21:35:06.860] iterations=3 gap=0
[2013-07-06 21:35:06.860] [TIME] SAT solving=11703ms
[2013-07-06 21:35:06.860] [TIME] total=15034ms
