[2013-07-06 20:54:45.141] [INFO] Running in directory /tmp/hellmann/current_run
[2013-07-06 20:54:45.141] [INFO] Reading settings from /tmp/hellmann/current_run/config.json
[2013-07-06 20:54:45.142] [INFO] Reading input file ./0210/random_in_square_0210_1449_023.json ...
[2013-07-06 20:54:45.926] [TIME] generating segments=777ms
[2013-07-06 20:54:45.927] points=210 segments=21945 convex hull=11
[2013-07-06 20:54:45.927] [INFO] shortest input segment: 0:(-624,-914)->(-616,-914) (len^2=64)
[2013-07-06 20:54:45.985] [INFO] shortest non-crossing segment: 4:(1411,-1075)->(1391,-1054) (len^2=841)
[2013-07-06 20:54:45.985] separators=204
[2013-07-06 20:54:46.227] [TIME] intersection graph=299ms
[2013-07-06 20:54:46.228] [INFO] shortest triangulation segment: 0:(-624,-914)->(-616,-914) (len^2=64)
[2013-07-06 20:54:46.228] [INFO] shortest convex hull segment: 95:(1139,1398)->(1032,1432) (len^2=12605)
[2013-07-06 20:54:46.228] [STATS] it=0	lb=0	ub=4
[2013-07-06 20:54:46.228] [TIME] controller initialization=1086ms
IBM ILOG License Manager: "university-braunschweig" is accessing CPLEX 12 with option(s): "e m b q use=10 MaintenanceEnd=20110128 ".
[2013-07-06 20:54:47.020] [TIME] iteration 1=792ms
[2013-07-06 20:54:47.021] [INFO] shortest constrained triangulation segment: 4:(1411,-1075)->(1391,-1054) (len^2=841)
[2013-07-06 20:54:47.021] [STATS] it=1	lb=4	ub=4
[2013-07-06 20:54:47.021] iterations=1 gap=0
[2013-07-06 20:54:47.021] [TIME] SAT solving=792ms
[2013-07-06 20:54:47.021] [TIME] total=1880ms
