[2013-07-06 22:38:07.044] [INFO] Running in directory /tmp/hellmann/current_run
[2013-07-06 22:38:07.044] [INFO] Reading settings from /tmp/hellmann/current_run/config.json
[2013-07-06 22:38:07.045] [INFO] Reading input file ./0210/random_in_square_0210_1449_040.json ...
[2013-07-06 22:38:07.817] [TIME] generating segments=759ms
[2013-07-06 22:38:07.818] points=210 segments=21945 convex hull=18
[2013-07-06 22:38:07.818] [INFO] shortest input segment: 0:(887,-48)->(882,-36) (len^2=169)
[2013-07-06 22:38:07.875] [INFO] shortest non-crossing segment: 4:(737,1417)->(717,1422) (len^2=425)
[2013-07-06 22:38:07.875] separators=172
[2013-07-06 22:38:08.050] [TIME] intersection graph=231ms
[2013-07-06 22:38:08.051] [INFO] shortest triangulation segment: 0:(887,-48)->(882,-36) (len^2=169)
[2013-07-06 22:38:08.051] [INFO] shortest convex hull segment: 4:(737,1417)->(717,1422) (len^2=425)
[2013-07-06 22:38:08.051] [STATS] it=0	lb=0	ub=4
[2013-07-06 22:38:08.051] [TIME] controller initialization=1006ms
IBM ILOG License Manager: "university-braunschweig" is accessing CPLEX 12 with option(s): "e m b q use=10 MaintenanceEnd=20110128 ".
[2013-07-06 22:38:08.714] [TIME] iteration 1=663ms
[2013-07-06 22:38:08.714] [STATS] it=1	lb=3	ub=4
[2013-07-06 22:38:09.375] [TIME] iteration 2=661ms
[2013-07-06 22:38:09.377] [INFO] shortest constrained triangulation segment: 4:(737,1417)->(717,1422) (len^2=425)
[2013-07-06 22:38:09.377] [STATS] it=2	lb=4	ub=4
[2013-07-06 22:38:09.377] iterations=2 gap=0
[2013-07-06 22:38:09.377] [TIME] SAT solving=1324ms
[2013-07-06 22:38:09.377] [TIME] total=2332ms
