[2013-07-06 18:41:58.680] [INFO] Running in directory /tmp/hellmann/current_run
[2013-07-06 18:41:58.680] [INFO] Reading settings from /tmp/hellmann/current_run/config.json
[2013-07-06 18:41:58.681] [INFO] Reading input file ./0210/random_in_square_0210_1449_002.json ...
[2013-07-06 18:41:59.472] [TIME] generating segments=779ms
[2013-07-06 18:41:59.473] points=210 segments=21945 convex hull=12
[2013-07-06 18:41:59.473] [INFO] shortest input segment: 0:(-244,1169)->(-255,1183) (len^2=317)
[2013-07-06 18:41:59.633] [INFO] shortest non-crossing segment: 12:(1369,1341)->(1418,1352) (len^2=2522)
[2013-07-06 18:41:59.634] separators=921
[2013-07-06 18:42:03.153] [TIME] intersection graph=3679ms
[2013-07-06 18:42:03.154] [INFO] shortest triangulation segment: 0:(-244,1169)->(-255,1183) (len^2=317)
[2013-07-06 18:42:03.154] [INFO] shortest convex hull segment: 168:(1294,-1219)->(1412,-1121) (len^2=23528)
[2013-07-06 18:42:03.154] [STATS] it=0	lb=0	ub=12
[2013-07-06 18:42:03.154] [TIME] controller initialization=4473ms
IBM ILOG License Manager: "university-braunschweig" is accessing CPLEX 12 with option(s): "e m b q use=10 MaintenanceEnd=20110128 ".
[2013-07-06 18:42:09.177] [TIME] iteration 1=6022ms
[2013-07-06 18:42:09.177] [STATS] it=1	lb=8	ub=12
[2013-07-06 18:42:15.079] [TIME] iteration 2=5902ms
[2013-07-06 18:42:15.079] [STATS] it=2	lb=11	ub=12
[2013-07-06 18:42:21.085] [TIME] iteration 3=6006ms
[2013-07-06 18:42:21.087] [INFO] shortest constrained triangulation segment: 12:(1369,1341)->(1418,1352) (len^2=2522)
[2013-07-06 18:42:21.087] [STATS] it=3	lb=12	ub=12
[2013-07-06 18:42:21.087] iterations=3 gap=0
[2013-07-06 18:42:21.087] [TIME] SAT solving=17930ms
[2013-07-06 18:42:21.087] [TIME] total=22406ms
