[2013-07-07 02:22:16.875] [INFO] Running in directory /tmp/hellmann/current_run
[2013-07-07 02:22:16.875] [INFO] Reading settings from /tmp/hellmann/current_run/config.json
[2013-07-07 02:22:16.876] [INFO] Reading input file ./0210/random_in_square_0210_1449_087.json ...
[2013-07-07 02:22:17.669] [TIME] generating segments=772ms
[2013-07-07 02:22:17.670] points=210 segments=21945 convex hull=12
[2013-07-07 02:22:17.670] [INFO] shortest input segment: 0:(696,450)->(693,457) (len^2=58)
[2013-07-07 02:22:17.725] [INFO] shortest non-crossing segment: 4:(-1341,1325)->(-1363,1330) (len^2=509)
[2013-07-07 02:22:17.725] separators=97
[2013-07-07 02:22:17.769] [TIME] intersection graph=99ms
[2013-07-07 02:22:17.770] [INFO] shortest triangulation segment: 0:(696,450)->(693,457) (len^2=58)
[2013-07-07 02:22:17.770] [INFO] shortest convex hull segment: 19:(1399,-1321)->(1434,-1284) (len^2=2594)
[2013-07-07 02:22:17.770] [STATS] it=0	lb=0	ub=4
[2013-07-07 02:22:17.770] [TIME] controller initialization=895ms
IBM ILOG License Manager: "university-braunschweig" is accessing CPLEX 12 with option(s): "e m b q use=10 MaintenanceEnd=20110128 ".
[2013-07-07 02:22:18.316] [TIME] iteration 1=546ms
[2013-07-07 02:22:18.316] [STATS] it=1	lb=3	ub=4
[2013-07-07 02:22:18.858] [TIME] iteration 2=542ms
[2013-07-07 02:22:18.860] [INFO] shortest constrained triangulation segment: 4:(-1341,1325)->(-1363,1330) (len^2=509)
[2013-07-07 02:22:18.860] [STATS] it=2	lb=4	ub=4
[2013-07-07 02:22:18.860] iterations=2 gap=0
[2013-07-07 02:22:18.860] [TIME] SAT solving=1088ms
[2013-07-07 02:22:18.860] [TIME] total=1985ms
