[2013-07-06 20:55:59.220] [INFO] Running in directory /tmp/hellmann/current_run
[2013-07-06 20:55:59.220] [INFO] Reading settings from /tmp/hellmann/current_run/config.json
[2013-07-06 20:55:59.221] [INFO] Reading input file ./0210/random_in_square_0210_1449_026.json ...
[2013-07-06 20:55:59.996] [TIME] generating segments=763ms
[2013-07-06 20:55:59.997] points=210 segments=21945 convex hull=16
[2013-07-06 20:55:59.997] [INFO] shortest input segment: 0:(-148,-1329)->(-139,-1329) (len^2=81)
[2013-07-06 20:56:00.195] [INFO] shortest non-crossing segment: 15:(-1133,1358)->(-1134,1410) (len^2=2705)
[2013-07-06 20:56:00.195] separators=966
[2013-07-06 20:56:03.928] [TIME] intersection graph=3931ms
[2013-07-06 20:56:03.929] [INFO] shortest triangulation segment: 0:(-148,-1329)->(-139,-1329) (len^2=81)
[2013-07-06 20:56:03.929] [INFO] shortest convex hull segment: 74:(1417,1311)->(1395,1413) (len^2=10888)
[2013-07-06 20:56:03.929] [STATS] it=0	lb=0	ub=15
[2013-07-06 20:56:03.929] [TIME] controller initialization=4709ms
IBM ILOG License Manager: "university-braunschweig" is accessing CPLEX 12 with option(s): "e m b q use=10 MaintenanceEnd=20110128 ".
[2013-07-06 20:56:10.262] [TIME] iteration 1=6333ms
[2013-07-06 20:56:10.262] [STATS] it=1	lb=9	ub=15
[2013-07-06 20:56:20.893] [TIME] iteration 2=10631ms
[2013-07-06 20:56:20.893] [STATS] it=2	lb=12	ub=15
[2013-07-06 20:56:27.213] [TIME] iteration 3=6320ms
[2013-07-06 20:56:27.214] [STATS] it=3	lb=14	ub=15
[2013-07-06 20:56:33.642] [TIME] iteration 4=6429ms
[2013-07-06 20:56:33.643] [INFO] shortest constrained triangulation segment: 15:(-1133,1358)->(-1134,1410) (len^2=2705)
[2013-07-06 20:56:33.643] [STATS] it=4	lb=15	ub=15
[2013-07-06 20:56:33.643] iterations=4 gap=0
[2013-07-06 20:56:33.643] [TIME] SAT solving=29713ms
[2013-07-06 20:56:33.643] [TIME] total=34423ms
