[2013-07-07 00:44:01.972] [INFO] Running in directory /tmp/hellmann/current_run
[2013-07-07 00:44:01.972] [INFO] Reading settings from /tmp/hellmann/current_run/config.json
[2013-07-07 00:44:01.984] [INFO] Reading input file ./0210/random_in_square_0210_1449_062.json ...
[2013-07-07 00:44:02.774] [TIME] generating segments=784ms
[2013-07-07 00:44:02.775] points=210 segments=21945 convex hull=15
[2013-07-07 00:44:02.775] [INFO] shortest input segment: 0:(-1409,-597)->(-1405,-593) (len^2=32)
[2013-07-07 00:44:03.119] [INFO] shortest non-crossing segment: 26:(1363,-1336)->(1342,-1287) (len^2=2842)
[2013-07-07 00:44:03.119] separators=2201
[2013-07-07 00:44:25.243] [TIME] intersection graph=22467ms
[2013-07-07 00:44:25.244] [INFO] shortest triangulation segment: 0:(-1409,-597)->(-1405,-593) (len^2=32)
[2013-07-07 00:44:25.244] [INFO] shortest convex hull segment: 74:(901,-1428)->(1001,-1418) (len^2=10100)
[2013-07-07 00:44:25.244] [STATS] it=0	lb=0	ub=26
[2013-07-07 00:44:25.244] [TIME] controller initialization=23272ms
IBM ILOG License Manager: "university-braunschweig" is accessing CPLEX 12 with option(s): "e m b q use=10 MaintenanceEnd=20110128 ".
[2013-07-07 00:45:54.674] [TIME] iteration 1=89430ms
[2013-07-07 00:45:54.693] [STATS] it=1	lb=13	ub=26
[2013-07-07 00:46:49.749] [TIME] iteration 2=55054ms
[2013-07-07 00:46:49.759] [STATS] it=2	lb=25	ub=26
[2013-07-07 00:46:54.821] [ERROR] Solution is infeasible
[2013-07-07 00:46:54.821] [TIME] iteration 3=5061ms
[2013-07-07 00:46:54.851] [INFO] shortest constrained triangulation segment: 25:(1001,-1418)->(1046,-1393) (len^2=2650)
[2013-07-07 00:46:54.851] [STATS] it=3	lb=25	ub=25
[2013-07-07 00:46:54.851] iterations=3 gap=0
[2013-07-07 00:46:54.851] [TIME] SAT solving=149545ms
[2013-07-07 00:46:54.851] [TIME] total=172880ms
