[2013-07-07 00:13:07.467] [INFO] Running in directory /tmp/hellmann/current_run
[2013-07-07 00:13:07.467] [INFO] Reading settings from /tmp/hellmann/current_run/config.json
[2013-07-07 00:13:07.467] [INFO] Reading input file ./0210/random_in_square_0210_1449_058.json ...
[2013-07-07 00:13:08.279] [TIME] generating segments=797ms
[2013-07-07 00:13:08.280] points=210 segments=21945 convex hull=13
[2013-07-07 00:13:08.280] [INFO] shortest input segment: 0:(-477,900)->(-465,900) (len^2=144)
[2013-07-07 00:13:08.497] [INFO] shortest non-crossing segment: 17:(1263,-1417)->(1212,-1391) (len^2=3277)
[2013-07-07 00:13:08.497] separators=1123
[2013-07-07 00:13:13.942] [TIME] intersection graph=5662ms
[2013-07-07 00:13:13.943] [INFO] shortest triangulation segment: 1:(110,1181)->(120,1191) (len^2=200)
[2013-07-07 00:13:13.943] [INFO] shortest convex hull segment: 287:(-1389,1216)->(-1303,1386) (len^2=36296)
[2013-07-07 00:13:13.943] [STATS] it=0	lb=1	ub=17
[2013-07-07 00:13:13.943] [TIME] controller initialization=6475ms
IBM ILOG License Manager: "university-braunschweig" is accessing CPLEX 12 with option(s): "e m b q use=10 MaintenanceEnd=20110128 ".
[2013-07-07 00:13:23.897] [TIME] iteration 1=9955ms
[2013-07-07 00:13:23.897] [STATS] it=1	lb=11	ub=17
[2013-07-07 00:13:33.149] [TIME] iteration 2=9251ms
[2013-07-07 00:13:33.149] [STATS] it=2	lb=15	ub=17
[2013-07-07 00:13:42.499] [TIME] iteration 3=9351ms
[2013-07-07 00:13:42.499] [STATS] it=3	lb=16	ub=17
[2013-07-07 00:13:51.888] [TIME] iteration 4=9389ms
[2013-07-07 00:13:51.890] [INFO] shortest constrained triangulation segment: 17:(1263,-1417)->(1212,-1391) (len^2=3277)
[2013-07-07 00:13:51.890] [STATS] it=4	lb=17	ub=17
[2013-07-07 00:13:51.890] iterations=4 gap=0
[2013-07-07 00:13:51.890] [TIME] SAT solving=37946ms
[2013-07-07 00:13:51.890] [TIME] total=44422ms
