[2013-07-06 20:54:50.919] [INFO] Running in directory /tmp/hellmann/current_run
[2013-07-06 20:54:50.919] [INFO] Reading settings from /tmp/hellmann/current_run/config.json
[2013-07-06 20:54:50.920] [INFO] Reading input file ./0210/random_in_square_0210_1449_025.json ...
[2013-07-06 20:54:51.691] [TIME] generating segments=762ms
[2013-07-06 20:54:51.692] points=210 segments=21945 convex hull=12
[2013-07-06 20:54:51.692] [INFO] shortest input segment: 0:(-1030,-208)->(-1030,-195) (len^2=169)
[2013-07-06 20:54:51.963] [INFO] shortest non-crossing segment: 21:(729,1366)->(782,1366) (len^2=2809)
[2013-07-06 20:54:51.963] separators=1244
[2013-07-06 20:54:58.439] [TIME] intersection graph=6747ms
[2013-07-06 20:54:58.440] [INFO] shortest triangulation segment: 2:(351,-581)->(339,-568) (len^2=313)
[2013-07-06 20:54:58.440] [INFO] shortest convex hull segment: 176:(-1368,1424)->(-1220,1443) (len^2=22265)
[2013-07-06 20:54:58.440] [STATS] it=0	lb=2	ub=21
[2013-07-06 20:54:58.440] [TIME] controller initialization=7521ms
IBM ILOG License Manager: "university-braunschweig" is accessing CPLEX 12 with option(s): "e m b q use=10 MaintenanceEnd=20110128 ".
[2013-07-06 20:55:10.670] [TIME] iteration 1=12230ms
[2013-07-06 20:55:10.670] [STATS] it=1	lb=12	ub=21
[2013-07-06 20:55:22.777] [TIME] iteration 2=12106ms
[2013-07-06 20:55:22.777] [STATS] it=2	lb=18	ub=21
[2013-07-06 20:55:34.895] [TIME] iteration 3=12117ms
[2013-07-06 20:55:34.895] [STATS] it=3	lb=20	ub=21
[2013-07-06 20:55:59.036] [ERROR] Solution is infeasible
[2013-07-06 20:55:59.037] [TIME] iteration 4=24142ms
[2013-07-06 20:55:59.038] [INFO] shortest constrained triangulation segment: 20:(738,-1322)->(688,-1314) (len^2=2564)
[2013-07-06 20:55:59.039] [STATS] it=4	lb=20	ub=20
[2013-07-06 20:55:59.039] iterations=4 gap=0
[2013-07-06 20:55:59.039] [TIME] SAT solving=60595ms
[2013-07-06 20:55:59.039] [TIME] total=68119ms
