[2013-07-07 03:27:40.412] [INFO] Running in directory /tmp/hellmann/current_run
[2013-07-07 03:27:40.419] [INFO] Reading settings from /tmp/hellmann/current_run/config.json
[2013-07-07 03:27:40.439] [INFO] Reading input file ./0210/random_in_square_0210_1449_099.json ...
[2013-07-07 03:27:41.212] [TIME] generating segments=763ms
[2013-07-07 03:27:41.213] points=210 segments=21945 convex hull=10
[2013-07-07 03:27:41.213] [INFO] shortest input segment: 0:(844,820)->(845,829) (len^2=82)
[2013-07-07 03:27:41.270] [INFO] shortest non-crossing segment: 4:(-1420,-897)->(-1412,-875) (len^2=548)
[2013-07-07 03:27:41.270] separators=150
[2013-07-07 03:27:41.380] [TIME] intersection graph=167ms
[2013-07-07 03:27:41.382] [INFO] shortest triangulation segment: 0:(844,820)->(845,829) (len^2=82)
[2013-07-07 03:27:41.382] [INFO] shortest convex hull segment: 554:(-1420,-897)->(-1440,-638) (len^2=67481)
[2013-07-07 03:27:41.382] [STATS] it=0	lb=0	ub=4
[2013-07-07 03:27:41.382] [TIME] controller initialization=950ms
IBM ILOG License Manager: "university-braunschweig" is accessing CPLEX 12 with option(s): "e m b q use=10 MaintenanceEnd=20110128 ".
[2013-07-07 03:27:42.035] [TIME] iteration 1=654ms
[2013-07-07 03:27:42.036] [INFO] shortest constrained triangulation segment: 4:(-1420,-897)->(-1412,-875) (len^2=548)
[2013-07-07 03:27:42.036] [STATS] it=1	lb=4	ub=4
[2013-07-07 03:27:42.036] iterations=1 gap=0
[2013-07-07 03:27:42.036] [TIME] SAT solving=654ms
[2013-07-07 03:27:42.036] [TIME] total=1605ms
