[2013-07-06 23:39:48.209] [INFO] Running in directory /tmp/hellmann/current_run
[2013-07-06 23:39:48.219] [INFO] Reading settings from /tmp/hellmann/current_run/config.json
[2013-07-06 23:39:48.231] [INFO] Reading input file ./0210/random_in_square_0210_1449_051.json ...
[2013-07-06 23:39:49.012] [TIME] generating segments=766ms
[2013-07-06 23:39:49.013] points=210 segments=21945 convex hull=11
[2013-07-06 23:39:49.013] [INFO] shortest input segment: 0:(-729,-1324)->(-743,-1321) (len^2=205)
[2013-07-06 23:39:49.326] [INFO] shortest non-crossing segment: 24:(1442,638)->(1392,666) (len^2=3284)
[2013-07-06 23:39:49.326] separators=1898
[2013-07-06 23:40:04.745] [TIME] intersection graph=15733ms
[2013-07-06 23:40:04.746] [INFO] shortest triangulation segment: 0:(-729,-1324)->(-743,-1321) (len^2=205)
[2013-07-06 23:40:04.746] [INFO] shortest convex hull segment: 680:(-1430,1279)->(-1177,1439) (len^2=89609)
[2013-07-06 23:40:04.746] [STATS] it=0	lb=0	ub=24
[2013-07-06 23:40:04.746] [TIME] controller initialization=16516ms
IBM ILOG License Manager: "university-braunschweig" is accessing CPLEX 12 with option(s): "e m b q use=10 MaintenanceEnd=20110128 ".
[2013-07-06 23:40:28.275] [TIME] iteration 1=23528ms
[2013-07-06 23:40:28.275] [STATS] it=1	lb=13	ub=24
[2013-07-06 23:40:50.406] [TIME] iteration 2=22130ms
[2013-07-06 23:40:50.406] [STATS] it=2	lb=20	ub=24
[2013-07-06 23:41:12.414] [TIME] iteration 3=22007ms
[2013-07-06 23:41:12.414] [STATS] it=3	lb=22	ub=24
[2013-07-06 23:41:49.681] [TIME] iteration 4=37267ms
[2013-07-06 23:41:49.740] [INFO] shortest constrained triangulation segment: 24:(1442,638)->(1392,666) (len^2=3284)
[2013-07-06 23:41:49.740] [STATS] it=4	lb=24	ub=24
[2013-07-06 23:41:49.740] iterations=4 gap=0
[2013-07-06 23:41:49.740] [TIME] SAT solving=104930ms
[2013-07-06 23:41:49.740] [TIME] total=121510ms
