[2013-07-07 02:14:16.927] [INFO] Running in directory /tmp/hellmann/current_run
[2013-07-07 02:14:16.927] [INFO] Reading settings from /tmp/hellmann/current_run/config.json
[2013-07-07 02:14:16.945] [INFO] Reading input file ./0210/random_in_square_0210_1449_072.json ...
[2013-07-07 02:14:17.743] [TIME] generating segments=786ms
[2013-07-07 02:14:17.745] points=210 segments=21945 convex hull=16
[2013-07-07 02:14:17.745] [INFO] shortest input segment: 0:(-543,-666)->(-538,-653) (len^2=194)
[2013-07-07 02:14:17.815] [INFO] shortest non-crossing segment: 5:(1336,-1198)->(1357,-1179) (len^2=802)
[2013-07-07 02:14:17.815] separators=251
[2013-07-07 02:14:18.105] [TIME] intersection graph=360ms
[2013-07-07 02:14:18.106] [INFO] shortest triangulation segment: 0:(-543,-666)->(-538,-653) (len^2=194)
[2013-07-07 02:14:18.106] [INFO] shortest convex hull segment: 102:(-1275,1335)->(-1181,1390) (len^2=11861)
[2013-07-07 02:14:18.106] [STATS] it=0	lb=0	ub=5
[2013-07-07 02:14:18.106] [TIME] controller initialization=1168ms
IBM ILOG License Manager: "university-braunschweig" is accessing CPLEX 12 with option(s): "e m b q use=10 MaintenanceEnd=20110128 ".
[2013-07-07 02:14:21.165] [TIME] iteration 1=3058ms
[2013-07-07 02:14:21.165] [STATS] it=1	lb=3	ub=5
[2013-07-07 02:14:21.920] [TIME] iteration 2=755ms
[2013-07-07 02:14:21.920] [STATS] it=2	lb=4	ub=5
[2013-07-07 02:14:22.681] [TIME] iteration 3=762ms
[2013-07-07 02:14:22.682] [INFO] shortest constrained triangulation segment: 5:(1336,-1198)->(1357,-1179) (len^2=802)
[2013-07-07 02:14:22.682] [STATS] it=3	lb=5	ub=5
[2013-07-07 02:14:22.682] iterations=3 gap=0
[2013-07-07 02:14:22.683] [TIME] SAT solving=4575ms
[2013-07-07 02:14:22.683] [TIME] total=5745ms
