[2013-07-06 23:42:13.704] [INFO] Running in directory /tmp/hellmann/current_run
[2013-07-06 23:42:13.704] [INFO] Reading settings from /tmp/hellmann/current_run/config.json
[2013-07-06 23:42:13.705] [INFO] Reading input file ./0210/random_in_square_0210_1449_055.json ...
[2013-07-06 23:42:14.497] [TIME] generating segments=775ms
[2013-07-06 23:42:14.498] points=210 segments=21945 convex hull=10
[2013-07-06 23:42:14.498] [INFO] shortest input segment: 0:(805,-315)->(805,-306) (len^2=81)
[2013-07-06 23:42:14.557] [INFO] shortest non-crossing segment: 4:(1381,105)->(1378,118) (len^2=178)
[2013-07-06 23:42:14.557] separators=222
[2013-07-06 23:42:14.845] [TIME] intersection graph=346ms
[2013-07-06 23:42:14.846] [INFO] shortest triangulation segment: 0:(805,-315)->(805,-306) (len^2=81)
[2013-07-06 23:42:14.846] [INFO] shortest convex hull segment: 390:(-1393,1265)->(-1287,1448) (len^2=44725)
[2013-07-06 23:42:14.846] [STATS] it=0	lb=0	ub=4
[2013-07-06 23:42:14.846] [TIME] controller initialization=1141ms
IBM ILOG License Manager: "university-braunschweig" is accessing CPLEX 12 with option(s): "e m b q use=10 MaintenanceEnd=20110128 ".
[2013-07-06 23:42:15.601] [TIME] iteration 1=755ms
[2013-07-06 23:42:15.601] [STATS] it=1	lb=2	ub=4
[2013-07-06 23:42:16.365] [TIME] iteration 2=764ms
[2013-07-06 23:42:16.367] [INFO] shortest constrained triangulation segment: 4:(1381,105)->(1378,118) (len^2=178)
[2013-07-06 23:42:16.367] [STATS] it=2	lb=4	ub=4
[2013-07-06 23:42:16.367] iterations=2 gap=0
[2013-07-06 23:42:16.367] [TIME] SAT solving=1519ms
[2013-07-06 23:42:16.367] [TIME] total=2662ms
