[2013-07-07 00:12:18.825] [INFO] Running in directory /tmp/hellmann/current_run
[2013-07-07 00:12:18.831] [INFO] Reading settings from /tmp/hellmann/current_run/config.json
[2013-07-07 00:12:18.850] [INFO] Reading input file ./0210/random_in_square_0210_1449_057.json ...
[2013-07-07 00:12:19.653] [TIME] generating segments=790ms
[2013-07-07 00:12:19.654] points=210 segments=21945 convex hull=13
[2013-07-07 00:12:19.654] [INFO] shortest input segment: 0:(-1203,-891)->(-1189,-890) (len^2=197)
[2013-07-07 00:12:19.842] [INFO] shortest non-crossing segment: 14:(627,1392)->(578,1397) (len^2=2426)
[2013-07-07 00:12:19.842] separators=1249
[2013-07-07 00:12:26.703] [TIME] intersection graph=7048ms
[2013-07-07 00:12:26.704] [INFO] shortest triangulation segment: 0:(-1203,-891)->(-1189,-890) (len^2=197)
[2013-07-07 00:12:26.704] [INFO] shortest convex hull segment: 107:(787,-1428)->(901,-1403) (len^2=13621)
[2013-07-07 00:12:26.704] [STATS] it=0	lb=0	ub=14
[2013-07-07 00:12:26.704] [TIME] controller initialization=7862ms
IBM ILOG License Manager: "university-braunschweig" is accessing CPLEX 12 with option(s): "e m b q use=10 MaintenanceEnd=20110128 ".
[2013-07-07 00:12:40.252] [TIME] iteration 1=13547ms
[2013-07-07 00:12:40.252] [STATS] it=1	lb=8	ub=14
[2013-07-07 00:12:53.674] [TIME] iteration 2=13423ms
[2013-07-07 00:12:53.675] [STATS] it=2	lb=11	ub=14
[2013-07-07 00:13:07.237] [TIME] iteration 3=13562ms
[2013-07-07 00:13:07.239] [INFO] shortest constrained triangulation segment: 14:(627,1392)->(578,1397) (len^2=2426)
[2013-07-07 00:13:07.239] [STATS] it=3	lb=14	ub=14
[2013-07-07 00:13:07.239] iterations=3 gap=0
[2013-07-07 00:13:07.239] [TIME] SAT solving=40532ms
[2013-07-07 00:13:07.239] [TIME] total=48396ms
