[2013-07-06 21:31:05.613] [INFO] Running in directory /tmp/hellmann/current_run
[2013-07-06 21:31:05.613] [INFO] Reading settings from /tmp/hellmann/current_run/config.json
[2013-07-06 21:31:05.613] [INFO] Reading input file ./0210/random_in_square_0210_1449_031.json ...
[2013-07-06 21:31:06.443] [TIME] generating segments=816ms
[2013-07-06 21:31:06.444] points=210 segments=21945 convex hull=11
[2013-07-06 21:31:06.444] [INFO] shortest input segment: 0:(-431,676)->(-414,680) (len^2=305)
[2013-07-06 21:31:06.766] [INFO] shortest non-crossing segment: 23:(-1384,1219)->(-1370,1271) (len^2=2900)
[2013-07-06 21:31:06.766] separators=2583
[2013-07-06 21:31:40.375] [TIME] intersection graph=33930ms
[2013-07-06 21:31:40.376] [INFO] shortest triangulation segment: 0:(-431,676)->(-414,680) (len^2=305)
[2013-07-06 21:31:40.376] [INFO] shortest convex hull segment: 105:(-1438,1177)->(-1370,1271) (len^2=13460)
[2013-07-06 21:31:40.376] [STATS] it=0	lb=0	ub=23
[2013-07-06 21:31:40.376] [TIME] controller initialization=34763ms
IBM ILOG License Manager: "university-braunschweig" is accessing CPLEX 12 with option(s): "e m b q use=10 MaintenanceEnd=20110128 ".
[2013-07-06 21:33:15.056] [TIME] iteration 1=94680ms
[2013-07-06 21:33:15.085] [STATS] it=1	lb=16	ub=23
[2013-07-06 21:34:49.917] [TIME] iteration 2=94832ms
[2013-07-06 21:34:49.968] [INFO] shortest constrained triangulation segment: 23:(-1384,1219)->(-1370,1271) (len^2=2900)
[2013-07-06 21:34:49.968] [STATS] it=2	lb=23	ub=23
[2013-07-06 21:34:49.968] iterations=2 gap=0
[2013-07-06 21:34:49.968] [TIME] SAT solving=189509ms
[2013-07-06 21:34:49.968] [TIME] total=224355ms
