[2013-07-27 18:14:39.372] [INFO] Running in directory /opt/tmp/hellmann/uniform_distribution
[2013-07-27 18:14:39.381] [INFO] Reading settings from /opt/tmp/hellmann/uniform_distribution/config.json
[2013-07-27 18:14:39.414] [INFO] Reading input file ./0460/random_in_square_0460_2145_024.json ...
[2013-07-27 18:15:20.848] [TIME] generating segments=41401ms
[2013-07-27 18:15:20.852] points=460 segments=105570 convex hull=18
[2013-07-27 18:15:20.852] [INFO] shortest input segment: 0:(-372,-2052)->(-370,-2044) (len^2=68)
[2013-07-27 18:15:21.103] [INFO] shortest non-crossing segment: 6:(1030,2121)->(1048,2133) (len^2=468)
[2013-07-27 18:15:21.103] separators=1202
[2013-07-27 18:15:30.022] [TIME] intersection graph=9169ms
[2013-07-27 18:15:30.024] [INFO] shortest triangulation segment: 0:(-372,-2052)->(-370,-2044) (len^2=68)
[2013-07-27 18:15:30.024] [INFO] shortest convex hull segment: 355:(2115,1924)->(2075,2064) (len^2=21200)
[2013-07-27 18:15:30.025] [STATS] it=0	lb=0	ub=6
[2013-07-27 18:15:30.025] [TIME] controller initialization=50618ms
IBM ILOG License Manager: "university-braunschweig" is accessing CPLEX 12 with option(s): "e m b q use=10 MaintenanceEnd=20110128 ".
[2013-07-27 18:15:57.778] [TIME] iteration 1=27754ms
[2013-07-27 18:15:57.778] [STATS] it=1	lb=5	ub=6
[2013-07-27 18:16:25.984] [TIME] iteration 2=28205ms
[2013-07-27 18:16:25.987] [INFO] shortest constrained triangulation segment: 6:(1030,2121)->(1048,2133) (len^2=468)
[2013-07-27 18:16:25.987] [STATS] it=2	lb=6	ub=6
[2013-07-27 18:16:25.987] iterations=2 gap=0
[2013-07-27 18:16:25.987] [TIME] SAT solving=55959ms
[2013-07-27 18:16:25.987] [TIME] total=106580ms
