[2013-07-27 22:28:17.405] [INFO] Running in directory /opt/tmp/hellmann/uniform_distribution
[2013-07-27 22:28:17.406] [INFO] Reading settings from /opt/tmp/hellmann/uniform_distribution/config.json
[2013-07-27 22:28:17.430] [INFO] Reading input file ./0460/random_in_square_0460_2145_039.json ...
[2013-07-27 22:28:58.799] [TIME] generating segments=41356ms
[2013-07-27 22:28:58.804] points=460 segments=105570 convex hull=11
[2013-07-27 22:28:58.804] [INFO] shortest input segment: 0:(2078,770)->(2081,772) (len^2=13)
[2013-07-27 22:28:59.429] [INFO] shortest non-crossing segment: 17:(-195,-2134)->(-168,-2132) (len^2=733)
[2013-07-27 22:28:59.429] separators=2548
[2013-07-27 22:29:27.417] [TIME] intersection graph=28613ms
[2013-07-27 22:29:27.420] [INFO] shortest triangulation segment: 0:(2078,770)->(2081,772) (len^2=13)
[2013-07-27 22:29:27.420] [INFO] shortest convex hull segment: 212:(-2136,2035)->(-2040,2080) (len^2=11241)
[2013-07-27 22:29:27.420] [STATS] it=0	lb=0	ub=17
[2013-07-27 22:29:27.420] [TIME] controller initialization=70014ms
IBM ILOG License Manager: "university-braunschweig" is accessing CPLEX 12 with option(s): "e m b q use=10 MaintenanceEnd=20110128 ".
[2013-07-27 22:31:11.151] [TIME] iteration 1=103731ms
[2013-07-27 22:31:11.401] [INFO] shortest constrained triangulation segment: 17:(-195,-2134)->(-168,-2132) (len^2=733)
[2013-07-27 22:31:11.401] [STATS] it=1	lb=17	ub=17
[2013-07-27 22:31:11.402] iterations=1 gap=0
[2013-07-27 22:31:11.402] [TIME] SAT solving=103725ms
[2013-07-27 22:31:11.402] [TIME] total=173996ms
