[2013-07-27 18:03:46.790] [INFO] Running in directory /opt/tmp/hellmann/uniform_distribution
[2013-07-27 18:03:46.790] [INFO] Reading settings from /opt/tmp/hellmann/uniform_distribution/config.json
[2013-07-27 18:03:46.840] [INFO] Reading input file ./0460/random_in_square_0460_2145_023.json ...
[2013-07-27 18:04:29.415] [TIME] generating segments=42488ms
[2013-07-27 18:04:29.419] points=460 segments=105570 convex hull=14
[2013-07-27 18:04:29.419] [INFO] shortest input segment: 0:(-238,1997)->(-242,2010) (len^2=185)
[2013-07-27 18:04:30.108] [INFO] shortest non-crossing segment: 18:(-2139,2075)->(-2103,2082) (len^2=1345)
[2013-07-27 18:04:30.108] separators=3898
[2013-07-27 18:05:31.620] [TIME] intersection graph=62200ms
[2013-07-27 18:05:31.623] [INFO] shortest triangulation segment: 0:(-238,1997)->(-242,2010) (len^2=185)
[2013-07-27 18:05:31.623] [INFO] shortest convex hull segment: 18:(-2139,2075)->(-2103,2082) (len^2=1345)
[2013-07-27 18:05:31.623] [STATS] it=0	lb=0	ub=18
[2013-07-27 18:05:31.623] [TIME] controller initialization=104808ms
IBM ILOG License Manager: "university-braunschweig" is accessing CPLEX 12 with option(s): "e m b q use=10 MaintenanceEnd=20110128 ".
[2013-07-27 18:09:58.138] [TIME] iteration 1=266515ms
[2013-07-27 18:09:58.248] [STATS] it=1	lb=10	ub=18
[2013-07-27 18:14:32.658] [TIME] iteration 2=274399ms
[2013-07-27 18:14:32.972] [INFO] shortest constrained triangulation segment: 18:(-2139,2075)->(-2103,2082) (len^2=1345)
[2013-07-27 18:14:32.972] [STATS] it=2	lb=18	ub=18
[2013-07-27 18:14:32.972] iterations=2 gap=0
[2013-07-27 18:14:32.972] [TIME] SAT solving=540880ms
[2013-07-27 18:14:32.972] [TIME] total=646156ms
