[2013-07-27 22:26:38.465] [INFO] Running in directory /opt/tmp/hellmann/uniform_distribution
[2013-07-27 22:26:38.465] [INFO] Reading settings from /opt/tmp/hellmann/uniform_distribution/config.json
[2013-07-27 22:26:38.465] [INFO] Reading input file ./0460/random_in_square_0460_2145_037.json ...
[2013-07-27 22:27:21.990] [TIME] generating segments=43493ms
[2013-07-27 22:27:21.994] points=460 segments=105570 convex hull=17
[2013-07-27 22:27:21.994] [INFO] shortest input segment: 0:(-1142,-1487)->(-1142,-1485) (len^2=4)
[2013-07-27 22:27:22.090] [INFO] shortest non-crossing segment: 2:(1266,-2107)->(1276,-2102) (len^2=125)
[2013-07-27 22:27:22.090] separators=67
[2013-07-27 22:27:22.121] [TIME] intersection graph=126ms
[2013-07-27 22:27:22.124] [INFO] shortest triangulation segment: 0:(-1142,-1487)->(-1142,-1485) (len^2=4)
[2013-07-27 22:27:22.124] [INFO] shortest convex hull segment: 42:(2104,1954)->(2075,1997) (len^2=2690)
[2013-07-27 22:27:22.124] [STATS] it=0	lb=0	ub=2
[2013-07-27 22:27:22.124] [TIME] controller initialization=43658ms
IBM ILOG License Manager: "university-braunschweig" is accessing CPLEX 12 with option(s): "e m b q use=10 MaintenanceEnd=20110128 ".
[2013-07-27 22:27:33.622] [TIME] iteration 1=11499ms
[2013-07-27 22:27:33.625] [INFO] shortest constrained triangulation segment: 2:(1266,-2107)->(1276,-2102) (len^2=125)
[2013-07-27 22:27:33.625] [STATS] it=1	lb=2	ub=2
[2013-07-27 22:27:33.625] iterations=1 gap=0
[2013-07-27 22:27:33.625] [TIME] SAT solving=11499ms
[2013-07-27 22:27:33.625] [TIME] total=55160ms
