[2013-07-28 16:02:38.972] [INFO] Running in directory /opt/tmp/hellmann/uniform_distribution
[2013-07-28 16:02:38.972] [INFO] Reading settings from /opt/tmp/hellmann/uniform_distribution/config.json
[2013-07-28 16:02:38.973] [INFO] Reading input file ./0460/random_in_square_0460_2145_097.json ...
[2013-07-28 16:03:24.356] [TIME] generating segments=45367ms
[2013-07-28 16:03:24.360] points=460 segments=105570 convex hull=14
[2013-07-28 16:03:24.360] [INFO] shortest input segment: 0:(755,1561)->(760,1565) (len^2=41)
[2013-07-28 16:03:24.530] [INFO] shortest non-crossing segment: 4:(-2130,-590)->(-2141,-565) (len^2=746)
[2013-07-28 16:03:24.530] separators=633
[2013-07-28 16:03:26.806] [TIME] intersection graph=2446ms
[2013-07-28 16:03:26.809] [INFO] shortest triangulation segment: 0:(755,1561)->(760,1565) (len^2=41)
[2013-07-28 16:03:26.809] [INFO] shortest convex hull segment: 303:(-2096,1810)->(-2062,1933) (len^2=16285)
[2013-07-28 16:03:26.809] [STATS] it=0	lb=0	ub=4
[2013-07-28 16:03:26.809] [TIME] controller initialization=47837ms
IBM ILOG License Manager: "university-braunschweig" is accessing CPLEX 12 with option(s): "e m b q use=10 MaintenanceEnd=20110128 ".
[2013-07-28 16:03:41.220] [TIME] iteration 1=14411ms
[2013-07-28 16:03:41.220] [STATS] it=1	lb=2	ub=4
[2013-07-28 16:03:55.625] [TIME] iteration 2=14405ms
[2013-07-28 16:03:55.625] [STATS] it=2	lb=3	ub=4
[2013-07-28 16:04:10.066] [TIME] iteration 3=14440ms
[2013-07-28 16:04:10.068] [INFO] shortest constrained triangulation segment: 4:(-2130,-590)->(-2141,-565) (len^2=746)
[2013-07-28 16:04:10.069] [STATS] it=3	lb=4	ub=4
[2013-07-28 16:04:10.069] iterations=3 gap=0
[2013-07-28 16:04:10.069] [TIME] SAT solving=43256ms
[2013-07-28 16:04:10.069] [TIME] total=91096ms
