[2013-07-28 02:38:49.018] [INFO] Running in directory /opt/tmp/hellmann/uniform_distribution
[2013-07-28 02:38:49.018] [INFO] Reading settings from /opt/tmp/hellmann/uniform_distribution/config.json
[2013-07-28 02:38:49.046] [INFO] Reading input file ./0460/random_in_square_0460_2145_053.json ...
[2013-07-28 02:39:30.245] [TIME] generating segments=41184ms
[2013-07-28 02:39:30.250] points=460 segments=105570 convex hull=20
[2013-07-28 02:39:30.250] [INFO] shortest input segment: 0:(-584,629)->(-584,632) (len^2=9)
[2013-07-28 02:39:30.633] [INFO] shortest non-crossing segment: 10:(-1937,-2011)->(-1922,-1994) (len^2=514)
[2013-07-28 02:39:30.633] separators=1355
[2013-07-28 02:39:39.192] [TIME] intersection graph=8943ms
[2013-07-28 02:39:39.195] [INFO] shortest triangulation segment: 1:(797,-622)->(797,-614) (len^2=64)
[2013-07-28 02:39:39.195] [INFO] shortest convex hull segment: 414:(-2076,-1419)->(-2100,-1264) (len^2=24601)
[2013-07-28 02:39:39.195] [STATS] it=0	lb=1	ub=10
[2013-07-28 02:39:39.195] [TIME] controller initialization=50176ms
IBM ILOG License Manager: "university-braunschweig" is accessing CPLEX 12 with option(s): "e m b q use=10 MaintenanceEnd=20110128 ".
[2013-07-28 02:40:07.063] [TIME] iteration 1=27869ms
[2013-07-28 02:40:07.064] [STATS] it=1	lb=6	ub=10
[2013-07-28 02:40:32.707] [TIME] iteration 2=25644ms
[2013-07-28 02:40:32.707] [STATS] it=2	lb=8	ub=10
[2013-07-28 02:40:58.406] [TIME] iteration 3=25699ms
[2013-07-28 02:40:58.406] [STATS] it=3	lb=9	ub=10
[2013-07-28 02:41:24.082] [TIME] iteration 4=25676ms
[2013-07-28 02:41:24.085] [INFO] shortest constrained triangulation segment: 10:(-1937,-2011)->(-1922,-1994) (len^2=514)
[2013-07-28 02:41:24.085] [STATS] it=4	lb=10	ub=10
[2013-07-28 02:41:24.085] iterations=4 gap=0
[2013-07-28 02:41:24.085] [TIME] SAT solving=104888ms
[2013-07-28 02:41:24.085] [TIME] total=155066ms
