[2013-07-27 15:27:51.431] [INFO] Running in directory /opt/tmp/hellmann/uniform_distribution
[2013-07-27 15:27:51.432] [INFO] Reading settings from /opt/tmp/hellmann/uniform_distribution/config.json
[2013-07-27 15:27:51.465] [INFO] Reading input file ./0460/random_in_square_0460_2145_015.json ...
[2013-07-27 15:28:35.010] [TIME] generating segments=43491ms
[2013-07-27 15:28:35.014] points=460 segments=105570 convex hull=16
[2013-07-27 15:28:35.014] [INFO] shortest input segment: 0:(-430,-2014)->(-429,-2014) (len^2=1)
[2013-07-27 15:28:35.108] [INFO] shortest non-crossing segment: 2:(-2109,1758)->(-2096,1764) (len^2=205)
[2013-07-27 15:28:35.108] separators=46
[2013-07-27 15:28:35.125] [TIME] intersection graph=110ms
[2013-07-27 15:28:35.128] [INFO] shortest triangulation segment: 0:(-430,-2014)->(-429,-2014) (len^2=1)
[2013-07-27 15:28:35.128] [INFO] shortest convex hull segment: 260:(-2115,1639)->(-2109,1758) (len^2=14197)
[2013-07-27 15:28:35.128] [STATS] it=0	lb=0	ub=2
[2013-07-27 15:28:35.128] [TIME] controller initialization=43662ms
IBM ILOG License Manager: "university-braunschweig" is accessing CPLEX 12 with option(s): "e m b q use=10 MaintenanceEnd=20110128 ".
[2013-07-27 15:28:47.331] [TIME] iteration 1=12203ms
[2013-07-27 15:28:47.334] [INFO] shortest constrained triangulation segment: 2:(-2109,1758)->(-2096,1764) (len^2=205)
[2013-07-27 15:28:47.334] [STATS] it=1	lb=2	ub=2
[2013-07-27 15:28:47.334] iterations=1 gap=0
[2013-07-27 15:28:47.334] [TIME] SAT solving=12203ms
[2013-07-27 15:28:47.334] [TIME] total=55868ms
