[2013-07-28 01:36:22.735] [INFO] Running in directory /opt/tmp/hellmann/uniform_distribution
[2013-07-28 01:36:22.736] [INFO] Reading settings from /opt/tmp/hellmann/uniform_distribution/config.json
[2013-07-28 01:36:22.759] [INFO] Reading input file ./0460/random_in_square_0460_2145_049.json ...
[2013-07-28 01:37:04.711] [TIME] generating segments=41885ms
[2013-07-28 01:37:04.715] points=460 segments=105570 convex hull=21
[2013-07-28 01:37:04.716] [INFO] shortest input segment: 0:(92,884)->(93,886) (len^2=5)
[2013-07-28 01:37:04.814] [INFO] shortest non-crossing segment: 2:(1135,-2129)->(1141,-2129) (len^2=36)
[2013-07-28 01:37:04.814] separators=100
[2013-07-28 01:37:04.885] [TIME] intersection graph=169ms
[2013-07-28 01:37:04.887] [INFO] shortest triangulation segment: 0:(92,884)->(93,886) (len^2=5)
[2013-07-28 01:37:04.888] [INFO] shortest convex hull segment: 15:(2035,1939)->(2028,1964) (len^2=674)
[2013-07-28 01:37:04.888] [STATS] it=0	lb=0	ub=2
[2013-07-28 01:37:04.888] [TIME] controller initialization=42134ms
IBM ILOG License Manager: "university-braunschweig" is accessing CPLEX 12 with option(s): "e m b q use=10 MaintenanceEnd=20110128 ".
[2013-07-28 01:37:16.637] [TIME] iteration 1=11750ms
[2013-07-28 01:37:16.640] [INFO] shortest constrained triangulation segment: 2:(1135,-2129)->(1141,-2129) (len^2=36)
[2013-07-28 01:37:16.640] [STATS] it=1	lb=2	ub=2
[2013-07-28 01:37:16.640] iterations=1 gap=0
[2013-07-28 01:37:16.640] [TIME] SAT solving=11750ms
[2013-07-28 01:37:16.640] [TIME] total=53887ms
