[2013-07-28 03:47:12.784] [INFO] Running in directory /opt/tmp/hellmann/uniform_distribution
[2013-07-28 03:47:12.785] [INFO] Reading settings from /opt/tmp/hellmann/uniform_distribution/config.json
[2013-07-28 03:47:12.834] [INFO] Reading input file ./0460/random_in_square_0460_2145_058.json ...
[2013-07-28 03:47:56.169] [TIME] generating segments=43263ms
[2013-07-28 03:47:56.173] points=460 segments=105570 convex hull=14
[2013-07-28 03:47:56.173] [INFO] shortest input segment: 0:(1401,-210)->(1399,-204) (len^2=40)
[2013-07-28 03:47:56.437] [INFO] shortest non-crossing segment: 7:(1710,-2129)->(1694,-2122) (len^2=305)
[2013-07-28 03:47:56.437] separators=688
[2013-07-28 03:47:58.585] [TIME] intersection graph=2412ms
[2013-07-28 03:47:58.587] [INFO] shortest triangulation segment: 0:(1401,-210)->(1399,-204) (len^2=40)
[2013-07-28 03:47:58.587] [INFO] shortest convex hull segment: 281:(-2122,1986)->(-2100,2111) (len^2=16109)
[2013-07-28 03:47:58.587] [STATS] it=0	lb=0	ub=7
[2013-07-28 03:47:58.587] [TIME] controller initialization=45778ms
IBM ILOG License Manager: "university-braunschweig" is accessing CPLEX 12 with option(s): "e m b q use=10 MaintenanceEnd=20110128 ".
[2013-07-28 03:48:13.500] [TIME] iteration 1=14913ms
[2013-07-28 03:48:13.500] [STATS] it=1	lb=4	ub=7
[2013-07-28 03:48:27.883] [TIME] iteration 2=14383ms
[2013-07-28 03:48:27.883] [STATS] it=2	lb=6	ub=7
[2013-07-28 03:48:42.305] [TIME] iteration 3=14422ms
[2013-07-28 03:48:42.308] [INFO] shortest constrained triangulation segment: 7:(1710,-2129)->(1694,-2122) (len^2=305)
[2013-07-28 03:48:42.308] [STATS] it=3	lb=7	ub=7
[2013-07-28 03:48:42.308] iterations=3 gap=0
[2013-07-28 03:48:42.308] [TIME] SAT solving=43718ms
[2013-07-28 03:48:42.308] [TIME] total=89498ms
