[2013-07-28 02:41:24.338] [INFO] Running in directory /opt/tmp/hellmann/uniform_distribution
[2013-07-28 02:41:24.338] [INFO] Reading settings from /opt/tmp/hellmann/uniform_distribution/config.json
[2013-07-28 02:41:24.338] [INFO] Reading input file ./0460/random_in_square_0460_2145_054.json ...
[2013-07-28 02:42:07.585] [TIME] generating segments=43217ms
[2013-07-28 02:42:07.589] points=460 segments=105570 convex hull=18
[2013-07-28 02:42:07.589] [INFO] shortest input segment: 0:(38,558)->(41,558) (len^2=9)
[2013-07-28 02:42:08.173] [INFO] shortest non-crossing segment: 16:(2026,1998)->(2023,2028) (len^2=909)
[2013-07-28 02:42:08.173] separators=2262
[2013-07-28 02:42:28.082] [TIME] intersection graph=20493ms
[2013-07-28 02:42:28.085] [INFO] shortest triangulation segment: 0:(38,558)->(41,558) (len^2=9)
[2013-07-28 02:42:28.085] [INFO] shortest convex hull segment: 224:(2063,1922)->(2023,2028) (len^2=12836)
[2013-07-28 02:42:28.085] [STATS] it=0	lb=0	ub=16
[2013-07-28 02:42:28.085] [TIME] controller initialization=63748ms
IBM ILOG License Manager: "university-braunschweig" is accessing CPLEX 12 with option(s): "e m b q use=10 MaintenanceEnd=20110128 ".
[2013-07-28 02:43:21.928] [TIME] iteration 1=53843ms
[2013-07-28 02:43:21.932] [STATS] it=1	lb=8	ub=16
[2013-07-28 02:44:33.056] [TIME] iteration 2=71124ms
[2013-07-28 02:44:33.126] [STATS] it=2	lb=12	ub=16
[2013-07-28 02:45:30.803] [TIME] iteration 3=57677ms
[2013-07-28 02:45:30.928] [INFO] shortest constrained triangulation segment: 16:(2026,1998)->(2023,2028) (len^2=909)
[2013-07-28 02:45:30.928] [STATS] it=3	lb=16	ub=16
[2013-07-28 02:45:30.928] iterations=3 gap=0
[2013-07-28 02:45:30.929] [TIME] SAT solving=182632ms
[2013-07-28 02:45:30.929] [TIME] total=246591ms
