[2013-07-28 05:53:06.354] [INFO] Running in directory /opt/tmp/hellmann/uniform_distribution
[2013-07-28 05:53:06.354] [INFO] Reading settings from /opt/tmp/hellmann/uniform_distribution/config.json
[2013-07-28 05:53:06.354] [INFO] Reading input file ./0460/random_in_square_0460_2145_067.json ...
[2013-07-28 05:53:48.352] [TIME] generating segments=41968ms
[2013-07-28 05:53:48.356] points=460 segments=105570 convex hull=16
[2013-07-28 05:53:48.356] [INFO] shortest input segment: 0:(-231,1315)->(-232,1316) (len^2=2)
[2013-07-28 05:53:48.724] [INFO] shortest non-crossing segment: 10:(1954,-1588)->(1956,-1573) (len^2=229)
[2013-07-28 05:53:48.724] separators=731
[2013-07-28 05:53:52.126] [TIME] intersection graph=3770ms
[2013-07-28 05:53:52.129] [INFO] shortest triangulation segment: 0:(-231,1315)->(-232,1316) (len^2=2)
[2013-07-28 05:53:52.129] [INFO] shortest convex hull segment: 132:(-2119,2042)->(-2059,2099) (len^2=6849)
[2013-07-28 05:53:52.129] [STATS] it=0	lb=0	ub=10
[2013-07-28 05:53:52.129] [TIME] controller initialization=45775ms
IBM ILOG License Manager: "university-braunschweig" is accessing CPLEX 12 with option(s): "e m b q use=10 MaintenanceEnd=20110128 ".
[2013-07-28 05:54:06.760] [TIME] iteration 1=14632ms
[2013-07-28 05:54:06.760] [STATS] it=1	lb=5	ub=10
[2013-07-28 05:54:22.235] [TIME] iteration 2=15474ms
[2013-07-28 05:54:22.235] [STATS] it=2	lb=8	ub=10
[2013-07-28 05:54:37.685] [TIME] iteration 3=15450ms
[2013-07-28 05:54:37.685] [STATS] it=3	lb=9	ub=10
[2013-07-28 05:54:53.114] [TIME] iteration 4=15429ms
[2013-07-28 05:54:53.117] [INFO] shortest constrained triangulation segment: 10:(1954,-1588)->(1956,-1573) (len^2=229)
[2013-07-28 05:54:53.117] [STATS] it=4	lb=10	ub=10
[2013-07-28 05:54:53.117] iterations=4 gap=0
[2013-07-28 05:54:53.117] [TIME] SAT solving=60985ms
[2013-07-28 05:54:53.117] [TIME] total=106764ms
