[2013-07-27 14:26:38.645] [INFO] Running in directory /opt/tmp/hellmann/uniform_distribution
[2013-07-27 14:26:38.645] [INFO] Reading settings from /opt/tmp/hellmann/uniform_distribution/config.json
[2013-07-27 14:26:38.718] [INFO] Reading input file ./0460/random_in_square_0460_2145_012.json ...
[2013-07-27 14:27:23.055] [TIME] generating segments=44282ms
[2013-07-27 14:27:23.060] points=460 segments=105570 convex hull=18
[2013-07-27 14:27:23.060] [INFO] shortest input segment: 0:(-156,-1256)->(-155,-1254) (len^2=5)
[2013-07-27 14:27:23.224] [INFO] shortest non-crossing segment: 4:(2136,-1947)->(2144,-1932) (len^2=289)
[2013-07-27 14:27:23.224] separators=333
[2013-07-27 14:27:24.093] [TIME] intersection graph=1033ms
[2013-07-27 14:27:24.096] [INFO] shortest triangulation segment: 0:(-156,-1256)->(-155,-1254) (len^2=5)
[2013-07-27 14:27:24.096] [INFO] shortest convex hull segment: 4:(2136,-1947)->(2144,-1932) (len^2=289)
[2013-07-27 14:27:24.096] [STATS] it=0	lb=0	ub=4
[2013-07-27 14:27:24.096] [TIME] controller initialization=45425ms
IBM ILOG License Manager: "university-braunschweig" is accessing CPLEX 12 with option(s): "e m b q use=10 MaintenanceEnd=20110128 ".
[2013-07-27 14:27:36.525] [TIME] iteration 1=12429ms
[2013-07-27 14:27:36.525] [STATS] it=1	lb=2	ub=4
[2013-07-27 14:27:48.700] [TIME] iteration 2=12175ms
[2013-07-27 14:27:48.703] [INFO] shortest constrained triangulation segment: 4:(2136,-1947)->(2144,-1932) (len^2=289)
[2013-07-27 14:27:48.703] [STATS] it=2	lb=4	ub=4
[2013-07-27 14:27:48.703] iterations=2 gap=0
[2013-07-27 14:27:48.703] [TIME] SAT solving=24604ms
[2013-07-27 14:27:48.703] [TIME] total=70033ms
