[2013-07-04 16:59:27.381] [INFO] Running in directory /tmp/hellmann/current_run
[2013-07-04 16:59:27.381] [INFO] Reading settings from /tmp/hellmann/current_run/config.json
[2013-07-04 16:59:27.382] [INFO] Reading input file ./0020/random_in_square_0020_0447_075.json ...
[2013-07-04 16:59:27.384] [TIME] generating segments=1ms
[2013-07-04 16:59:27.384] points=20 segments=190 convex hull=8
[2013-07-04 16:59:27.384] [INFO] shortest input segment: 0:(-71,-388)->(-55,-315) (len^2=5585)
[2013-07-04 16:59:27.390] [INFO] shortest non-crossing segment: 4:(-71,-388)->(26,-381) (len^2=9458)
[2013-07-04 16:59:27.390] separators=13
[2013-07-04 16:59:27.391] [TIME] intersection graph=7ms
[2013-07-04 16:59:27.391] [INFO] shortest triangulation segment: 1:(-349,-183)->(-416,-146) (len^2=5858)
[2013-07-04 16:59:27.391] [INFO] shortest convex hull segment: 4:(-71,-388)->(26,-381) (len^2=9458)
[2013-07-04 16:59:27.391] [STATS] it=0	lb=1	ub=4
[2013-07-04 16:59:27.391] [TIME] controller initialization=9ms
IBM ILOG License Manager: "university-braunschweig" is accessing CPLEX 12 with option(s): "e m b q use=10 MaintenanceEnd=20110128 ".
[2013-07-04 16:59:27.397] [TIME] iteration 1=6ms
[2013-07-04 16:59:27.397] [STATS] it=1	lb=3	ub=4
[2013-07-04 16:59:27.399] [ERROR] Solution is infeasible
[2013-07-04 16:59:27.400] [TIME] iteration 2=2ms
[2013-07-04 16:59:27.400] [INFO] shortest constrained triangulation segment: 3:(-398,-264)->(-349,-183) (len^2=8962)
[2013-07-04 16:59:27.400] [STATS] it=2	lb=3	ub=3
[2013-07-04 16:59:27.400] iterations=2 gap=0
[2013-07-04 16:59:27.400] [TIME] SAT solving=8ms
[2013-07-04 16:59:27.400] [TIME] total=18ms
