[2013-07-04 16:59:25.816] [INFO] Running in directory /tmp/hellmann/current_run
[2013-07-04 16:59:25.816] [INFO] Reading settings from /tmp/hellmann/current_run/config.json
[2013-07-04 16:59:25.816] [INFO] Reading input file ./0020/random_in_square_0020_0447_016.json ...
[2013-07-04 16:59:25.818] [TIME] generating segments=1ms
[2013-07-04 16:59:25.818] points=20 segments=190 convex hull=9
[2013-07-04 16:59:25.819] [INFO] shortest input segment: 0:(-284,-28)->(-239,27) (len^2=5050)
[2013-07-04 16:59:25.826] [INFO] shortest non-crossing segment: 8:(155,-345)->(257,-291) (len^2=13320)
[2013-07-04 16:59:25.826] separators=41
[2013-07-04 16:59:25.836] [TIME] intersection graph=17ms
[2013-07-04 16:59:25.836] [INFO] shortest triangulation segment: 0:(-284,-28)->(-239,27) (len^2=5050)
[2013-07-04 16:59:25.837] [INFO] shortest convex hull segment: 8:(155,-345)->(257,-291) (len^2=13320)
[2013-07-04 16:59:25.837] [STATS] it=0	lb=0	ub=8
[2013-07-04 16:59:25.837] [TIME] controller initialization=20ms
IBM ILOG License Manager: "university-braunschweig" is accessing CPLEX 12 with option(s): "e m b q use=10 MaintenanceEnd=20110128 ".
[2013-07-04 16:59:25.850] [ERROR] Solution is infeasible
[2013-07-04 16:59:25.850] [TIME] iteration 1=13ms
[2013-07-04 16:59:25.850] [STATS] it=1	lb=0	ub=3
[2013-07-04 16:59:25.855] [TIME] iteration 2=4ms
[2013-07-04 16:59:25.855] [STATS] it=2	lb=2	ub=3
[2013-07-04 16:59:25.860] [ERROR] Solution is infeasible
[2013-07-04 16:59:25.860] [TIME] iteration 3=4ms
[2013-07-04 16:59:25.860] [INFO] shortest constrained triangulation segment: 2:(-239,27)->(-324,38) (len^2=7346)
[2013-07-04 16:59:25.860] [STATS] it=3	lb=2	ub=2
[2013-07-04 16:59:25.860] iterations=3 gap=0
[2013-07-04 16:59:25.860] [TIME] SAT solving=21ms
[2013-07-04 16:59:25.860] [TIME] total=44ms
