[2013-07-04 16:59:26.820] [INFO] Running in directory /tmp/hellmann/current_run
[2013-07-04 16:59:26.820] [INFO] Reading settings from /tmp/hellmann/current_run/config.json
[2013-07-04 16:59:26.820] [INFO] Reading input file ./0020/random_in_square_0020_0447_052.json ...
[2013-07-04 16:59:26.822] [TIME] generating segments=1ms
[2013-07-04 16:59:26.822] points=20 segments=190 convex hull=8
[2013-07-04 16:59:26.822] [INFO] shortest input segment: 0:(-347,-56)->(-331,-39) (len^2=545)
[2013-07-04 16:59:26.824] [INFO] shortest non-crossing segment: 1:(316,-318)->(304,-234) (len^2=7200)
[2013-07-04 16:59:26.824] separators=1
[2013-07-04 16:59:26.824] [TIME] intersection graph=1ms
[2013-07-04 16:59:26.824] [INFO] shortest triangulation segment: 0:(-347,-56)->(-331,-39) (len^2=545)
[2013-07-04 16:59:26.824] [INFO] shortest convex hull segment: 3:(258,-400)->(316,-318) (len^2=10088)
[2013-07-04 16:59:26.824] [STATS] it=0	lb=0	ub=1
[2013-07-04 16:59:26.824] [TIME] controller initialization=4ms
IBM ILOG License Manager: "university-braunschweig" is accessing CPLEX 12 with option(s): "e m b q use=10 MaintenanceEnd=20110128 ".
[2013-07-04 16:59:26.829] [TIME] iteration 1=5ms
[2013-07-04 16:59:26.830] [INFO] shortest constrained triangulation segment: 1:(316,-318)->(304,-234) (len^2=7200)
[2013-07-04 16:59:26.830] [STATS] it=1	lb=1	ub=1
[2013-07-04 16:59:26.830] iterations=1 gap=0
[2013-07-04 16:59:26.830] [TIME] SAT solving=5ms
[2013-07-04 16:59:26.830] [TIME] total=9ms
