[2013-07-04 16:59:27.301] [INFO] Running in directory /tmp/hellmann/current_run
[2013-07-04 16:59:27.301] [INFO] Reading settings from /tmp/hellmann/current_run/config.json
[2013-07-04 16:59:27.301] [INFO] Reading input file ./0020/random_in_square_0020_0447_071.json ...
[2013-07-04 16:59:27.303] [TIME] generating segments=1ms
[2013-07-04 16:59:27.303] points=20 segments=190 convex hull=6
[2013-07-04 16:59:27.303] [INFO] shortest input segment: 0:(-244,-183)->(-211,-175) (len^2=1153)
[2013-07-04 16:59:27.306] [INFO] shortest non-crossing segment: 2:(190,353)->(208,396) (len^2=2173)
[2013-07-04 16:59:27.306] separators=10
[2013-07-04 16:59:27.306] [TIME] intersection graph=3ms
[2013-07-04 16:59:27.306] [INFO] shortest triangulation segment: 0:(-244,-183)->(-211,-175) (len^2=1153)
[2013-07-04 16:59:27.307] [INFO] shortest convex hull segment: 25:(412,359)->(208,396) (len^2=42985)
[2013-07-04 16:59:27.307] [STATS] it=0	lb=0	ub=2
[2013-07-04 16:59:27.307] [TIME] controller initialization=5ms
IBM ILOG License Manager: "university-braunschweig" is accessing CPLEX 12 with option(s): "e m b q use=10 MaintenanceEnd=20110128 ".
[2013-07-04 16:59:27.313] [TIME] iteration 1=6ms
[2013-07-04 16:59:27.314] [INFO] shortest constrained triangulation segment: 2:(190,353)->(208,396) (len^2=2173)
[2013-07-04 16:59:27.314] [STATS] it=1	lb=2	ub=2
[2013-07-04 16:59:27.314] iterations=1 gap=0
[2013-07-04 16:59:27.314] [TIME] SAT solving=6ms
[2013-07-04 16:59:27.314] [TIME] total=12ms
