[2013-07-04 16:59:25.751] [INFO] Running in directory /tmp/hellmann/current_run
[2013-07-04 16:59:25.751] [INFO] Reading settings from /tmp/hellmann/current_run/config.json
[2013-07-04 16:59:25.752] [INFO] Reading input file ./0020/random_in_square_0020_0447_013.json ...
[2013-07-04 16:59:25.754] [TIME] generating segments=1ms
[2013-07-04 16:59:25.754] points=20 segments=190 convex hull=9
[2013-07-04 16:59:25.754] [INFO] shortest input segment: 0:(-29,105)->(-83,123) (len^2=3240)
[2013-07-04 16:59:25.756] [INFO] shortest non-crossing segment: 1:(323,303)->(268,324) (len^2=3466)
[2013-07-04 16:59:25.756] separators=7
[2013-07-04 16:59:25.756] [TIME] intersection graph=2ms
[2013-07-04 16:59:25.756] [INFO] shortest triangulation segment: 0:(-29,105)->(-83,123) (len^2=3240)
[2013-07-04 16:59:25.756] [INFO] shortest convex hull segment: 3:(143,426)->(226,428) (len^2=6893)
[2013-07-04 16:59:25.756] [STATS] it=0	lb=0	ub=1
[2013-07-04 16:59:25.756] [TIME] controller initialization=4ms
IBM ILOG License Manager: "university-braunschweig" is accessing CPLEX 12 with option(s): "e m b q use=10 MaintenanceEnd=20110128 ".
[2013-07-04 16:59:25.762] [TIME] iteration 1=6ms
[2013-07-04 16:59:25.763] [INFO] shortest constrained triangulation segment: 1:(323,303)->(268,324) (len^2=3466)
[2013-07-04 16:59:25.763] [STATS] it=1	lb=1	ub=1
[2013-07-04 16:59:25.763] iterations=1 gap=0
[2013-07-04 16:59:25.763] [TIME] SAT solving=6ms
[2013-07-04 16:59:25.763] [TIME] total=11ms
