[2013-07-04 16:59:25.579] [INFO] Running in directory /tmp/hellmann/current_run
[2013-07-04 16:59:25.579] [INFO] Reading settings from /tmp/hellmann/current_run/config.json
[2013-07-04 16:59:25.579] [INFO] Reading input file ./0020/random_in_square_0020_0447_004.json ...
[2013-07-04 16:59:25.581] [TIME] generating segments=1ms
[2013-07-04 16:59:25.581] points=20 segments=190 convex hull=8
[2013-07-04 16:59:25.581] [INFO] shortest input segment: 0:(-6,107)->(-31,124) (len^2=914)
[2013-07-04 16:59:25.586] [INFO] shortest non-crossing segment: 4:(200,-300)->(233,-211) (len^2=9010)
[2013-07-04 16:59:25.586] separators=21
[2013-07-04 16:59:25.588] [TIME] intersection graph=7ms
[2013-07-04 16:59:25.589] [INFO] shortest triangulation segment: 0:(-6,107)->(-31,124) (len^2=914)
[2013-07-04 16:59:25.589] [INFO] shortest convex hull segment: 4:(200,-300)->(233,-211) (len^2=9010)
[2013-07-04 16:59:25.589] [STATS] it=0	lb=0	ub=4
[2013-07-04 16:59:25.589] [TIME] controller initialization=9ms
IBM ILOG License Manager: "university-braunschweig" is accessing CPLEX 12 with option(s): "e m b q use=10 MaintenanceEnd=20110128 ".
[2013-07-04 16:59:25.596] [TIME] iteration 1=7ms
[2013-07-04 16:59:25.596] [INFO] shortest constrained triangulation segment: 4:(200,-300)->(233,-211) (len^2=9010)
[2013-07-04 16:59:25.596] [STATS] it=1	lb=4	ub=4
[2013-07-04 16:59:25.596] iterations=1 gap=0
[2013-07-04 16:59:25.596] [TIME] SAT solving=7ms
[2013-07-04 16:59:25.596] [TIME] total=17ms
