[2013-07-04 16:59:27.012] [INFO] Running in directory /tmp/hellmann/current_run
[2013-07-04 16:59:27.012] [INFO] Reading settings from /tmp/hellmann/current_run/config.json
[2013-07-04 16:59:27.012] [INFO] Reading input file ./0020/random_in_square_0020_0447_058.json ...
[2013-07-04 16:59:27.014] [TIME] generating segments=1ms
[2013-07-04 16:59:27.014] points=20 segments=190 convex hull=6
[2013-07-04 16:59:27.014] [INFO] shortest input segment: 0:(261,-140)->(234,-118) (len^2=1213)
[2013-07-04 16:59:27.019] [INFO] shortest non-crossing segment: 5:(324,-300)->(360,-225) (len^2=6921)
[2013-07-04 16:59:27.019] separators=9
[2013-07-04 16:59:27.019] [TIME] intersection graph=4ms
[2013-07-04 16:59:27.019] [INFO] shortest triangulation segment: 0:(261,-140)->(234,-118) (len^2=1213)
[2013-07-04 16:59:27.019] [INFO] shortest convex hull segment: 5:(324,-300)->(360,-225) (len^2=6921)
[2013-07-04 16:59:27.019] [STATS] it=0	lb=0	ub=5
[2013-07-04 16:59:27.019] [TIME] controller initialization=7ms
IBM ILOG License Manager: "university-braunschweig" is accessing CPLEX 12 with option(s): "e m b q use=10 MaintenanceEnd=20110128 ".
[2013-07-04 16:59:27.025] [TIME] iteration 1=5ms
[2013-07-04 16:59:27.025] [STATS] it=1	lb=4	ub=5
[2013-07-04 16:59:27.027] [ERROR] Solution is infeasible
[2013-07-04 16:59:27.027] [TIME] iteration 2=1ms
[2013-07-04 16:59:27.027] [INFO] shortest constrained triangulation segment: 4:(324,-300)->(314,-226) (len^2=5576)
[2013-07-04 16:59:27.027] [STATS] it=2	lb=4	ub=4
[2013-07-04 16:59:27.027] iterations=2 gap=0
[2013-07-04 16:59:27.027] [TIME] SAT solving=6ms
[2013-07-04 16:59:27.027] [TIME] total=15ms
