[2013-07-04 16:59:27.910] [INFO] Running in directory /tmp/hellmann/current_run
[2013-07-04 16:59:27.910] [INFO] Reading settings from /tmp/hellmann/current_run/config.json
[2013-07-04 16:59:27.910] [INFO] Reading input file ./0020/random_in_square_0020_0447_099.json ...
[2013-07-04 16:59:27.912] [TIME] generating segments=1ms
[2013-07-04 16:59:27.913] points=20 segments=190 convex hull=8
[2013-07-04 16:59:27.913] [INFO] shortest input segment: 0:(-321,-231)->(-278,-230) (len^2=1850)
[2013-07-04 16:59:27.916] [INFO] shortest non-crossing segment: 3:(361,192)->(287,225) (len^2=6565)
[2013-07-04 16:59:27.916] separators=9
[2013-07-04 16:59:27.916] [TIME] intersection graph=3ms
[2013-07-04 16:59:27.916] [INFO] shortest triangulation segment: 0:(-321,-231)->(-278,-230) (len^2=1850)
[2013-07-04 16:59:27.916] [INFO] shortest convex hull segment: 3:(361,192)->(287,225) (len^2=6565)
[2013-07-04 16:59:27.916] [STATS] it=0	lb=0	ub=3
[2013-07-04 16:59:27.916] [TIME] controller initialization=6ms
IBM ILOG License Manager: "university-braunschweig" is accessing CPLEX 12 with option(s): "e m b q use=10 MaintenanceEnd=20110128 ".
[2013-07-04 16:59:27.922] [TIME] iteration 1=5ms
[2013-07-04 16:59:27.922] [STATS] it=1	lb=2	ub=3
[2013-07-04 16:59:27.924] [TIME] iteration 2=2ms
[2013-07-04 16:59:27.924] [INFO] shortest constrained triangulation segment: 3:(361,192)->(287,225) (len^2=6565)
[2013-07-04 16:59:27.924] [STATS] it=2	lb=3	ub=3
[2013-07-04 16:59:27.924] iterations=2 gap=0
[2013-07-04 16:59:27.924] [TIME] SAT solving=7ms
[2013-07-04 16:59:27.924] [TIME] total=14ms
