[2013-07-13 20:11:32.131] [INFO] Running in directory /tmp/hellmann/current_run
[2013-07-13 20:11:32.142] [INFO] Reading settings from /tmp/hellmann/current_run/config.json
[2013-07-13 20:11:32.153] [INFO] Reading input file ./0320/random_in_square_0320_1789_070.json ...
[2013-07-13 20:11:37.237] [TIME] generating segments=5075ms
[2013-07-13 20:11:37.239] points=320 segments=51040 convex hull=16
[2013-07-13 20:11:37.239] [INFO] shortest input segment: 0:(1733,-1305)->(1726,-1300) (len^2=74)
[2013-07-13 20:11:37.357] [INFO] shortest non-crossing segment: 5:(-1468,-1742)->(-1491,-1735) (len^2=578)
[2013-07-13 20:11:37.357] separators=343
[2013-07-13 20:11:38.028] [TIME] intersection graph=790ms
[2013-07-13 20:11:38.030] [INFO] shortest triangulation segment: 0:(1733,-1305)->(1726,-1300) (len^2=74)
[2013-07-13 20:11:38.030] [INFO] shortest convex hull segment: 146:(1779,1675)->(1746,1774) (len^2=10890)
[2013-07-13 20:11:38.030] [STATS] it=0	lb=0	ub=5
[2013-07-13 20:11:38.030] [TIME] controller initialization=5877ms
IBM ILOG License Manager: "university-braunschweig" is accessing CPLEX 12 with option(s): "e m b q use=10 MaintenanceEnd=20110128 ".
[2013-07-13 20:11:41.720] [TIME] iteration 1=3691ms
[2013-07-13 20:11:41.720] [STATS] it=1	lb=3	ub=5
[2013-07-13 20:11:44.992] [TIME] iteration 2=3272ms
[2013-07-13 20:11:44.994] [INFO] shortest constrained triangulation segment: 5:(-1468,-1742)->(-1491,-1735) (len^2=578)
[2013-07-13 20:11:44.994] [STATS] it=2	lb=5	ub=5
[2013-07-13 20:11:44.994] iterations=2 gap=0
[2013-07-13 20:11:44.994] [TIME] SAT solving=6962ms
[2013-07-13 20:11:44.994] [TIME] total=12842ms
