[2013-07-13 18:33:36.141] [INFO] Running in directory /tmp/hellmann/current_run
[2013-07-13 18:33:36.153] [INFO] Reading settings from /tmp/hellmann/current_run/config.json
[2013-07-13 18:33:36.165] [INFO] Reading input file ./0320/random_in_square_0320_1789_063.json ...
[2013-07-13 18:33:41.105] [TIME] generating segments=4925ms
[2013-07-13 18:33:41.107] points=320 segments=51040 convex hull=16
[2013-07-13 18:33:41.107] [INFO] shortest input segment: 0:(-616,1007)->(-623,1019) (len^2=193)
[2013-07-13 18:33:41.522] [INFO] shortest non-crossing segment: 18:(-1518,-1697)->(-1534,-1661) (len^2=1552)
[2013-07-13 18:33:41.522] separators=2487
[2013-07-13 18:34:10.044] [TIME] intersection graph=28938ms
[2013-07-13 18:34:10.046] [INFO] shortest triangulation segment: 0:(-616,1007)->(-623,1019) (len^2=193)
[2013-07-13 18:34:10.046] [INFO] shortest convex hull segment: 24:(1751,1582)->(1737,1628) (len^2=2312)
[2013-07-13 18:34:10.046] [STATS] it=0	lb=0	ub=18
[2013-07-13 18:34:10.046] [TIME] controller initialization=33882ms
IBM ILOG License Manager: "university-braunschweig" is accessing CPLEX 12 with option(s): "e m b q use=10 MaintenanceEnd=20110128 ".
[2013-07-13 18:35:42.665] [TIME] iteration 1=92619ms
[2013-07-13 18:35:42.686] [STATS] it=1	lb=9	ub=18
[2013-07-13 18:37:02.418] [TIME] iteration 2=79731ms
[2013-07-13 18:37:02.434] [STATS] it=2	lb=15	ub=18
[2013-07-13 18:38:27.989] [TIME] iteration 3=85555ms
[2013-07-13 18:38:28.114] [INFO] shortest constrained triangulation segment: 18:(-1518,-1697)->(-1534,-1661) (len^2=1552)
[2013-07-13 18:38:28.115] [STATS] it=3	lb=18	ub=18
[2013-07-13 18:38:28.115] iterations=3 gap=0
[2013-07-13 18:38:28.115] [TIME] SAT solving=257883ms
[2013-07-13 18:38:28.115] [TIME] total=291951ms
