[2013-07-13 08:24:47.164] [INFO] Running in directory /tmp/hellmann/current_run
[2013-07-13 08:24:47.165] [INFO] Reading settings from /tmp/hellmann/current_run/config.json
[2013-07-13 08:24:47.165] [INFO] Reading input file ./0320/random_in_square_0320_1789_006.json ...
[2013-07-13 08:24:52.319] [TIME] generating segments=5143ms
[2013-07-13 08:24:52.322] points=320 segments=51040 convex hull=18
[2013-07-13 08:24:52.322] [INFO] shortest input segment: 0:(-1234,120)->(-1233,124) (len^2=17)
[2013-07-13 08:24:52.649] [INFO] shortest non-crossing segment: 14:(-1412,1590)->(-1385,1613) (len^2=1258)
[2013-07-13 08:24:52.649] separators=1946
[2013-07-13 08:25:13.178] [TIME] intersection graph=20857ms
[2013-07-13 08:25:13.180] [INFO] shortest triangulation segment: 0:(-1234,120)->(-1233,124) (len^2=17)
[2013-07-13 08:25:13.180] [INFO] shortest convex hull segment: 426:(-1744,-1058)->(-1767,-876) (len^2=33653)
[2013-07-13 08:25:13.180] [STATS] it=0	lb=0	ub=14
[2013-07-13 08:25:13.180] [TIME] controller initialization=26015ms
IBM ILOG License Manager: "university-braunschweig" is accessing CPLEX 12 with option(s): "e m b q use=10 MaintenanceEnd=20110128 ".
[2013-07-13 08:26:04.319] [TIME] iteration 1=51139ms
[2013-07-13 08:26:04.323] [STATS] it=1	lb=9	ub=14
[2013-07-13 08:27:12.397] [TIME] iteration 2=68072ms
[2013-07-13 08:27:12.480] [INFO] shortest constrained triangulation segment: 14:(-1412,1590)->(-1385,1613) (len^2=1258)
[2013-07-13 08:27:12.480] [STATS] it=2	lb=14	ub=14
[2013-07-13 08:27:12.513] iterations=2 gap=0
[2013-07-13 08:27:12.514] [TIME] SAT solving=119210ms
[2013-07-13 08:27:12.514] [TIME] total=145349ms
