[2013-07-14 00:47:25.456] [INFO] Running in directory /tmp/hellmann/current_run
[2013-07-14 00:47:25.456] [INFO] Reading settings from /tmp/hellmann/current_run/config.json
[2013-07-14 00:47:25.477] [INFO] Reading input file ./0320/random_in_square_0320_1789_087.json ...
[2013-07-14 00:47:29.948] [TIME] generating segments=4452ms
[2013-07-14 00:47:29.950] points=320 segments=51040 convex hull=16
[2013-07-14 00:47:29.950] [INFO] shortest input segment: 0:(490,1464)->(488,1477) (len^2=173)
[2013-07-14 00:47:30.255] [INFO] shortest non-crossing segment: 13:(1777,-1584)->(1741,-1578) (len^2=1332)
[2013-07-14 00:47:30.255] separators=1763
[2013-07-14 00:47:46.148] [TIME] intersection graph=16197ms
[2013-07-14 00:47:46.150] [INFO] shortest triangulation segment: 0:(490,1464)->(488,1477) (len^2=173)
[2013-07-14 00:47:46.150] [INFO] shortest convex hull segment: 173:(1475,-1769)->(1593,-1737) (len^2=14948)
[2013-07-14 00:47:46.150] [STATS] it=0	lb=0	ub=13
[2013-07-14 00:47:46.150] [TIME] controller initialization=20679ms
IBM ILOG License Manager: "university-braunschweig" is accessing CPLEX 12 with option(s): "e m b q use=10 MaintenanceEnd=20110128 ".
[2013-07-14 00:48:22.640] [TIME] iteration 1=36490ms
[2013-07-14 00:48:22.641] [STATS] it=1	lb=9	ub=13
[2013-07-14 00:48:57.328] [TIME] iteration 2=34686ms
[2013-07-14 00:48:57.331] [INFO] shortest constrained triangulation segment: 13:(1777,-1584)->(1741,-1578) (len^2=1332)
[2013-07-14 00:48:57.331] [STATS] it=2	lb=13	ub=13
[2013-07-14 00:48:57.331] iterations=2 gap=0
[2013-07-14 00:48:57.331] [TIME] SAT solving=71175ms
[2013-07-14 00:48:57.331] [TIME] total=91861ms
