[2013-07-13 16:14:32.414] [INFO] Running in directory /tmp/hellmann/current_run
[2013-07-13 16:14:32.415] [INFO] Reading settings from /tmp/hellmann/current_run/config.json
[2013-07-13 16:14:32.429] [INFO] Reading input file ./0320/random_in_square_0320_1789_048.json ...
[2013-07-13 16:14:38.349] [TIME] generating segments=5908ms
[2013-07-13 16:14:38.352] points=320 segments=51040 convex hull=13
[2013-07-13 16:14:38.352] [INFO] shortest input segment: 0:(-681,1356)->(-677,1363) (len^2=65)
[2013-07-13 16:14:38.992] [INFO] shortest non-crossing segment: 28:(-1755,1629)->(-1717,1653) (len^2=2020)
[2013-07-13 16:14:38.992] separators=4050
[2013-07-13 16:15:46.678] [TIME] intersection graph=68326ms
[2013-07-13 16:15:46.680] [INFO] shortest triangulation segment: 1:(-1053,304)->(-1066,310) (len^2=205)
[2013-07-13 16:15:46.680] [INFO] shortest convex hull segment: 28:(-1755,1629)->(-1717,1653) (len^2=2020)
[2013-07-13 16:15:46.680] [STATS] it=0	lb=1	ub=28
[2013-07-13 16:15:46.680] [TIME] controller initialization=74250ms
IBM ILOG License Manager: "university-braunschweig" is accessing CPLEX 12 with option(s): "e m b q use=10 MaintenanceEnd=20110128 ".
[2013-07-13 16:21:25.224] [TIME] iteration 1=338543ms
[2013-07-13 16:21:25.255] [STATS] it=1	lb=25	ub=28
[2013-07-13 16:27:42.862] [TIME] iteration 2=377607ms
[2013-07-13 16:27:43.046] [INFO] shortest constrained triangulation segment: 28:(-1755,1629)->(-1717,1653) (len^2=2020)
[2013-07-13 16:27:43.049] [STATS] it=2	lb=28	ub=28
[2013-07-13 16:27:43.050] iterations=2 gap=0
[2013-07-13 16:27:43.051] [TIME] SAT solving=716144ms
[2013-07-13 16:27:43.055] [TIME] total=790624ms
