[2013-07-13 10:35:24.870] [INFO] Running in directory /tmp/hellmann/current_run
[2013-07-13 10:35:24.870] [INFO] Reading settings from /tmp/hellmann/current_run/config.json
[2013-07-13 10:35:24.870] [INFO] Reading input file ./0320/random_in_square_0320_1789_017.json ...
[2013-07-13 10:35:29.843] [TIME] generating segments=4964ms
[2013-07-13 10:35:29.845] points=320 segments=51040 convex hull=11
[2013-07-13 10:35:29.845] [INFO] shortest input segment: 0:(696,1689)->(693,1690) (len^2=10)
[2013-07-13 10:35:29.985] [INFO] shortest non-crossing segment: 6:(-387,1763)->(-403,1785) (len^2=740)
[2013-07-13 10:35:29.985] separators=361
[2013-07-13 10:35:30.572] [TIME] intersection graph=727ms
[2013-07-13 10:35:30.574] [INFO] shortest triangulation segment: 0:(696,1689)->(693,1690) (len^2=10)
[2013-07-13 10:35:30.574] [INFO] shortest convex hull segment: 288:(1782,1618)->(1778,1778) (len^2=25616)
[2013-07-13 10:35:30.574] [STATS] it=0	lb=0	ub=6
[2013-07-13 10:35:30.574] [TIME] controller initialization=5704ms
IBM ILOG License Manager: "university-braunschweig" is accessing CPLEX 12 with option(s): "e m b q use=10 MaintenanceEnd=20110128 ".
[2013-07-13 10:35:33.828] [TIME] iteration 1=3253ms
[2013-07-13 10:35:33.828] [STATS] it=1	lb=3	ub=6
[2013-07-13 10:35:37.103] [TIME] iteration 2=3275ms
[2013-07-13 10:35:37.103] [STATS] it=2	lb=5	ub=6
[2013-07-13 10:35:40.350] [TIME] iteration 3=3246ms
[2013-07-13 10:35:40.352] [INFO] shortest constrained triangulation segment: 6:(-387,1763)->(-403,1785) (len^2=740)
[2013-07-13 10:35:40.352] [STATS] it=3	lb=6	ub=6
[2013-07-13 10:35:40.352] iterations=3 gap=0
[2013-07-13 10:35:40.352] [TIME] SAT solving=9774ms
[2013-07-13 10:35:40.352] [TIME] total=15482ms
