[2013-07-13 09:34:39.900] [INFO] Running in directory /tmp/hellmann/current_run
[2013-07-13 09:34:39.900] [INFO] Reading settings from /tmp/hellmann/current_run/config.json
[2013-07-13 09:34:39.923] [INFO] Reading input file ./0320/random_in_square_0320_1789_012.json ...
[2013-07-13 09:34:44.586] [TIME] generating segments=4654ms
[2013-07-13 09:34:44.588] points=320 segments=51040 convex hull=18
[2013-07-13 09:34:44.588] [INFO] shortest input segment: 0:(-402,-3)->(-406,-1) (len^2=20)
[2013-07-13 09:34:44.645] [INFO] shortest non-crossing segment: 2:(-1616,1669)->(-1618,1681) (len^2=148)
[2013-07-13 09:34:44.645] separators=105
[2013-07-13 09:34:44.732] [TIME] intersection graph=143ms
[2013-07-13 09:34:44.733] [INFO] shortest triangulation segment: 0:(-402,-3)->(-406,-1) (len^2=20)
[2013-07-13 09:34:44.733] [INFO] shortest convex hull segment: 214:(1651,-1492)->(1728,-1376) (len^2=19385)
[2013-07-13 09:34:44.733] [STATS] it=0	lb=0	ub=2
[2013-07-13 09:34:44.733] [TIME] controller initialization=4818ms
IBM ILOG License Manager: "university-braunschweig" is accessing CPLEX 12 with option(s): "e m b q use=10 MaintenanceEnd=20110128 ".
[2013-07-13 09:34:47.498] [TIME] iteration 1=2765ms
[2013-07-13 09:34:47.500] [INFO] shortest constrained triangulation segment: 2:(-1616,1669)->(-1618,1681) (len^2=148)
[2013-07-13 09:34:47.500] [STATS] it=1	lb=2	ub=2
[2013-07-13 09:34:47.500] iterations=1 gap=0
[2013-07-13 09:34:47.500] [TIME] SAT solving=2765ms
[2013-07-13 09:34:47.500] [TIME] total=7584ms
