[2013-07-13 10:35:05.492] [INFO] Running in directory /tmp/hellmann/current_run
[2013-07-13 10:35:05.492] [INFO] Reading settings from /tmp/hellmann/current_run/config.json
[2013-07-13 10:35:05.492] [INFO] Reading input file ./0320/random_in_square_0320_1789_016.json ...
[2013-07-13 10:35:10.243] [TIME] generating segments=4741ms
[2013-07-13 10:35:10.245] points=320 segments=51040 convex hull=14
[2013-07-13 10:35:10.245] [INFO] shortest input segment: 0:(-1074,1533)->(-1081,1550) (len^2=338)
[2013-07-13 10:35:10.412] [INFO] shortest non-crossing segment: 7:(1783,-1342)->(1787,-1313) (len^2=857)
[2013-07-13 10:35:10.412] separators=776
[2013-07-13 10:35:12.874] [TIME] intersection graph=2629ms
[2013-07-13 10:35:12.876] [INFO] shortest triangulation segment: 0:(-1074,1533)->(-1081,1550) (len^2=338)
[2013-07-13 10:35:12.876] [INFO] shortest convex hull segment: 22:(1776,1391)->(1775,1439) (len^2=2305)
[2013-07-13 10:35:12.876] [STATS] it=0	lb=0	ub=7
[2013-07-13 10:35:12.876] [TIME] controller initialization=7383ms
IBM ILOG License Manager: "university-braunschweig" is accessing CPLEX 12 with option(s): "e m b q use=10 MaintenanceEnd=20110128 ".
[2013-07-13 10:35:18.818] [TIME] iteration 1=5943ms
[2013-07-13 10:35:18.818] [STATS] it=1	lb=4	ub=7
[2013-07-13 10:35:24.796] [TIME] iteration 2=5978ms
[2013-07-13 10:35:24.798] [INFO] shortest constrained triangulation segment: 7:(1783,-1342)->(1787,-1313) (len^2=857)
[2013-07-13 10:35:24.798] [STATS] it=2	lb=7	ub=7
[2013-07-13 10:35:24.798] iterations=2 gap=0
[2013-07-13 10:35:24.798] [TIME] SAT solving=11921ms
[2013-07-13 10:35:24.798] [TIME] total=19306ms
