[2013-07-13 21:12:50.468] [INFO] Running in directory /tmp/hellmann/current_run
[2013-07-13 21:12:50.469] [INFO] Reading settings from /tmp/hellmann/current_run/config.json
[2013-07-13 21:12:50.489] [INFO] Reading input file ./0320/random_in_square_0320_1789_075.json ...
[2013-07-13 21:12:55.585] [TIME] generating segments=5088ms
[2013-07-13 21:12:55.587] points=320 segments=51040 convex hull=19
[2013-07-13 21:12:55.587] [INFO] shortest input segment: 0:(-629,654)->(-642,658) (len^2=185)
[2013-07-13 21:12:55.795] [INFO] shortest non-crossing segment: 9:(1752,1694)->(1771,1719) (len^2=986)
[2013-07-13 21:12:55.795] separators=1002
[2013-07-13 21:13:00.993] [TIME] intersection graph=5405ms
[2013-07-13 21:13:00.995] [INFO] shortest triangulation segment: 0:(-629,654)->(-642,658) (len^2=185)
[2013-07-13 21:13:00.995] [INFO] shortest convex hull segment: 80:(-1772,122)->(-1773,206) (len^2=7057)
[2013-07-13 21:13:00.995] [STATS] it=0	lb=0	ub=9
[2013-07-13 21:13:00.995] [TIME] controller initialization=10513ms
IBM ILOG License Manager: "university-braunschweig" is accessing CPLEX 12 with option(s): "e m b q use=10 MaintenanceEnd=20110128 ".
[2013-07-13 21:13:12.546] [TIME] iteration 1=11551ms
[2013-07-13 21:13:12.546] [STATS] it=1	lb=7	ub=9
[2013-07-13 21:13:23.723] [TIME] iteration 2=11177ms
[2013-07-13 21:13:23.723] [STATS] it=2	lb=8	ub=9
[2013-07-13 21:13:34.878] [TIME] iteration 3=11154ms
[2013-07-13 21:13:34.880] [INFO] shortest constrained triangulation segment: 9:(1752,1694)->(1771,1719) (len^2=986)
[2013-07-13 21:13:34.880] [STATS] it=3	lb=9	ub=9
[2013-07-13 21:13:34.880] iterations=3 gap=0
[2013-07-13 21:13:34.880] [TIME] SAT solving=33882ms
[2013-07-13 21:13:34.880] [TIME] total=44398ms
