[2013-07-14 01:20:50.507] [INFO] Running in directory /tmp/hellmann/current_run
[2013-07-14 01:20:50.512] [INFO] Reading settings from /tmp/hellmann/current_run/config.json
[2013-07-14 01:20:50.531] [INFO] Reading input file ./0320/random_in_square_0320_1789_090.json ...
[2013-07-14 01:20:56.144] [TIME] generating segments=5580ms
[2013-07-14 01:20:56.146] points=320 segments=51040 convex hull=15
[2013-07-14 01:20:56.146] [INFO] shortest input segment: 0:(-145,-827)->(-148,-826) (len^2=10)
[2013-07-14 01:20:56.430] [INFO] shortest non-crossing segment: 13:(707,-1784)->(677,-1771) (len^2=1069)
[2013-07-14 01:20:56.430] separators=922
[2013-07-14 01:21:00.632] [TIME] intersection graph=4486ms
[2013-07-14 01:21:00.634] [INFO] shortest triangulation segment: 0:(-145,-827)->(-148,-826) (len^2=10)
[2013-07-14 01:21:00.634] [INFO] shortest convex hull segment: 454:(1640,1572)->(1476,1683) (len^2=39217)
[2013-07-14 01:21:00.634] [STATS] it=0	lb=0	ub=13
[2013-07-14 01:21:00.634] [TIME] controller initialization=10109ms
IBM ILOG License Manager: "university-braunschweig" is accessing CPLEX 12 with option(s): "e m b q use=10 MaintenanceEnd=20110128 ".
[2013-07-14 01:21:10.383] [TIME] iteration 1=9748ms
[2013-07-14 01:21:10.383] [STATS] it=1	lb=7	ub=13
[2013-07-14 01:21:20.294] [TIME] iteration 2=9912ms
[2013-07-14 01:21:20.294] [STATS] it=2	lb=10	ub=13
[2013-07-14 01:21:30.004] [TIME] iteration 3=9711ms
[2013-07-14 01:21:30.004] [STATS] it=3	lb=12	ub=13
[2013-07-14 01:21:39.697] [TIME] iteration 4=9693ms
[2013-07-14 01:21:39.699] [INFO] shortest constrained triangulation segment: 13:(707,-1784)->(677,-1771) (len^2=1069)
[2013-07-14 01:21:39.699] [STATS] it=4	lb=13	ub=13
[2013-07-14 01:21:39.699] iterations=4 gap=0
[2013-07-14 01:21:39.699] [TIME] SAT solving=39064ms
[2013-07-14 01:21:39.699] [TIME] total=49175ms
