[2013-07-13 08:22:15.300] [INFO] Running in directory /tmp/hellmann/current_run
[2013-07-13 08:22:15.300] [INFO] Reading settings from /tmp/hellmann/current_run/config.json
[2013-07-13 08:22:15.314] [INFO] Reading input file ./0320/random_in_square_0320_1789_004.json ...
[2013-07-13 08:22:20.171] [TIME] generating segments=4847ms
[2013-07-13 08:22:20.173] points=320 segments=51040 convex hull=17
[2013-07-13 08:22:20.173] [INFO] shortest input segment: 0:(1498,-1223)->(1488,-1215) (len^2=164)
[2013-07-13 08:22:20.534] [INFO] shortest non-crossing segment: 16:(-1727,1658)->(-1705,1680) (len^2=968)
[2013-07-13 08:22:20.534] separators=1893
[2013-07-13 08:22:37.120] [TIME] intersection graph=16948ms
[2013-07-13 08:22:37.122] [INFO] shortest triangulation segment: 0:(1498,-1223)->(1488,-1215) (len^2=164)
[2013-07-13 08:22:37.122] [INFO] shortest convex hull segment: 16:(-1727,1658)->(-1705,1680) (len^2=968)
[2013-07-13 08:22:37.122] [STATS] it=0	lb=0	ub=16
[2013-07-13 08:22:37.122] [TIME] controller initialization=21809ms
IBM ILOG License Manager: "university-braunschweig" is accessing CPLEX 12 with option(s): "e m b q use=10 MaintenanceEnd=20110128 ".
[2013-07-13 08:23:16.199] [TIME] iteration 1=39076ms
[2013-07-13 08:23:16.200] [STATS] it=1	lb=8	ub=16
[2013-07-13 08:23:54.349] [TIME] iteration 2=38147ms
[2013-07-13 08:23:54.349] [STATS] it=2	lb=13	ub=16
[2013-07-13 08:24:39.404] [TIME] iteration 3=45054ms
[2013-07-13 08:24:39.502] [INFO] shortest constrained triangulation segment: 16:(-1727,1658)->(-1705,1680) (len^2=968)
[2013-07-13 08:24:39.503] [STATS] it=3	lb=16	ub=16
[2013-07-13 08:24:39.503] iterations=3 gap=0
[2013-07-13 08:24:39.503] [TIME] SAT solving=122275ms
[2013-07-13 08:24:39.503] [TIME] total=144189ms
