[2013-07-13 13:10:26.731] [INFO] Running in directory /tmp/hellmann/current_run
[2013-07-13 13:10:26.731] [INFO] Reading settings from /tmp/hellmann/current_run/config.json
[2013-07-13 13:10:26.731] [INFO] Reading input file ./0320/random_in_square_0320_1789_033.json ...
[2013-07-13 13:10:32.387] [TIME] generating segments=5646ms
[2013-07-13 13:10:32.389] points=320 segments=51040 convex hull=20
[2013-07-13 13:10:32.389] [INFO] shortest input segment: 0:(1084,-267)->(1083,-262) (len^2=26)
[2013-07-13 13:10:32.485] [INFO] shortest non-crossing segment: 4:(-271,-1753)->(-281,-1746) (len^2=149)
[2013-07-13 13:10:32.485] separators=90
[2013-07-13 13:10:32.539] [TIME] intersection graph=151ms
[2013-07-13 13:10:32.541] [INFO] shortest triangulation segment: 0:(1084,-267)->(1083,-262) (len^2=26)
[2013-07-13 13:10:32.541] [INFO] shortest convex hull segment: 86:(1770,608)->(1770,686) (len^2=6084)
[2013-07-13 13:10:32.541] [STATS] it=0	lb=0	ub=4
[2013-07-13 13:10:32.541] [TIME] controller initialization=5810ms
IBM ILOG License Manager: "university-braunschweig" is accessing CPLEX 12 with option(s): "e m b q use=10 MaintenanceEnd=20110128 ".
[2013-07-13 13:10:35.296] [TIME] iteration 1=2754ms
[2013-07-13 13:10:35.296] [STATS] it=1	lb=3	ub=4
[2013-07-13 13:10:38.034] [TIME] iteration 2=2738ms
[2013-07-13 13:10:38.036] [INFO] shortest constrained triangulation segment: 4:(-271,-1753)->(-281,-1746) (len^2=149)
[2013-07-13 13:10:38.036] [STATS] it=2	lb=4	ub=4
[2013-07-13 13:10:38.036] iterations=2 gap=0
[2013-07-13 13:10:38.036] [TIME] SAT solving=5492ms
[2013-07-13 13:10:38.036] [TIME] total=11304ms
