[2013-07-07 11:57:10.481] [INFO] Running in directory /tmp/hellmann/current_run
[2013-07-07 11:57:10.482] [INFO] Reading settings from /tmp/hellmann/current_run/config.json
[2013-07-07 11:57:10.495] [INFO] Reading input file ./0220/random_in_square_0220_1483_088.json ...
[2013-07-07 11:57:11.422] [TIME] generating segments=924ms
[2013-07-07 11:57:11.423] points=220 segments=24090 convex hull=15
[2013-07-07 11:57:11.423] [INFO] shortest input segment: 0:(-731,704)->(-729,715) (len^2=125)
[2013-07-07 11:57:11.496] [INFO] shortest non-crossing segment: 5:(1470,-419)->(1444,-411) (len^2=740)
[2013-07-07 11:57:11.496] separators=253
[2013-07-07 11:57:11.771] [TIME] intersection graph=347ms
[2013-07-07 11:57:11.772] [INFO] shortest triangulation segment: 0:(-731,704)->(-729,715) (len^2=125)
[2013-07-07 11:57:11.772] [INFO] shortest convex hull segment: 101:(-1463,870)->(-1418,967) (len^2=11434)
[2013-07-07 11:57:11.772] [STATS] it=0	lb=0	ub=5
[2013-07-07 11:57:11.772] [TIME] controller initialization=1289ms
IBM ILOG License Manager: "university-braunschweig" is accessing CPLEX 12 with option(s): "e m b q use=10 MaintenanceEnd=20110128 ".
[2013-07-07 11:57:15.056] [TIME] iteration 1=3284ms
[2013-07-07 11:57:15.057] [STATS] it=1	lb=3	ub=5
[2013-07-07 11:57:15.932] [TIME] iteration 2=876ms
[2013-07-07 11:57:15.933] [INFO] shortest constrained triangulation segment: 5:(1470,-419)->(1444,-411) (len^2=740)
[2013-07-07 11:57:15.933] [STATS] it=2	lb=5	ub=5
[2013-07-07 11:57:15.933] iterations=2 gap=0
[2013-07-07 11:57:15.933] [TIME] SAT solving=4160ms
[2013-07-07 11:57:15.933] [TIME] total=5451ms
