[2013-07-07 12:32:25.052] [INFO] Running in directory /tmp/hellmann/current_run
[2013-07-07 12:32:25.053] [INFO] Reading settings from /tmp/hellmann/current_run/config.json
[2013-07-07 12:32:25.053] [INFO] Reading input file ./0220/random_in_square_0220_1483_093.json ...
[2013-07-07 12:32:25.978] [TIME] generating segments=915ms
[2013-07-07 12:32:25.979] points=220 segments=24090 convex hull=13
[2013-07-07 12:32:25.979] [INFO] shortest input segment: 0:(-48,-449)->(-40,-442) (len^2=113)
[2013-07-07 12:32:26.080] [INFO] shortest non-crossing segment: 7:(-1446,946)->(-1472,958) (len^2=820)
[2013-07-07 12:32:26.080] separators=415
[2013-07-07 12:32:26.939] [TIME] intersection graph=961ms
[2013-07-07 12:32:26.941] [INFO] shortest triangulation segment: 0:(-48,-449)->(-40,-442) (len^2=113)
[2013-07-07 12:32:26.941] [INFO] shortest convex hull segment: 61:(1377,1446)->(1295,1471) (len^2=7349)
[2013-07-07 12:32:26.941] [STATS] it=0	lb=0	ub=7
[2013-07-07 12:32:26.941] [TIME] controller initialization=1888ms
IBM ILOG License Manager: "university-braunschweig" is accessing CPLEX 12 with option(s): "e m b q use=10 MaintenanceEnd=20110128 ".
[2013-07-07 12:32:28.405] [TIME] iteration 1=1464ms
[2013-07-07 12:32:28.405] [STATS] it=1	lb=6	ub=7
[2013-07-07 12:32:29.930] [TIME] iteration 2=1525ms
[2013-07-07 12:32:29.931] [INFO] shortest constrained triangulation segment: 7:(-1446,946)->(-1472,958) (len^2=820)
[2013-07-07 12:32:29.931] [STATS] it=2	lb=7	ub=7
[2013-07-07 12:32:29.931] iterations=2 gap=0
[2013-07-07 12:32:29.931] [TIME] SAT solving=2989ms
[2013-07-07 12:32:29.931] [TIME] total=4879ms
