[2013-07-07 04:59:00.859] [INFO] Running in directory /tmp/hellmann/current_run
[2013-07-07 04:59:00.859] [INFO] Reading settings from /tmp/hellmann/current_run/config.json
[2013-07-07 04:59:00.873] [INFO] Reading input file ./0220/random_in_square_0220_1483_032.json ...
[2013-07-07 04:59:01.805] [TIME] generating segments=926ms
[2013-07-07 04:59:01.806] points=220 segments=24090 convex hull=15
[2013-07-07 04:59:01.806] [INFO] shortest input segment: 0:(367,-279)->(374,-278) (len^2=50)
[2013-07-07 04:59:01.874] [INFO] shortest non-crossing segment: 5:(-1448,974)->(-1450,1003) (len^2=845)
[2013-07-07 04:59:01.874] separators=61
[2013-07-07 04:59:01.888] [TIME] intersection graph=82ms
[2013-07-07 04:59:01.889] [INFO] shortest triangulation segment: 0:(367,-279)->(374,-278) (len^2=50)
[2013-07-07 04:59:01.889] [INFO] shortest convex hull segment: 37:(-1343,-1267)->(-1366,-1197) (len^2=5429)
[2013-07-07 04:59:01.889] [STATS] it=0	lb=0	ub=5
[2013-07-07 04:59:01.889] [TIME] controller initialization=1029ms
IBM ILOG License Manager: "university-braunschweig" is accessing CPLEX 12 with option(s): "e m b q use=10 MaintenanceEnd=20110128 ".
[2013-07-07 04:59:02.516] [TIME] iteration 1=627ms
[2013-07-07 04:59:02.516] [STATS] it=1	lb=3	ub=5
[2013-07-07 04:59:03.139] [TIME] iteration 2=622ms
[2013-07-07 04:59:03.140] [INFO] shortest constrained triangulation segment: 5:(-1448,974)->(-1450,1003) (len^2=845)
[2013-07-07 04:59:03.140] [STATS] it=2	lb=5	ub=5
[2013-07-07 04:59:03.140] iterations=2 gap=0
[2013-07-07 04:59:03.140] [TIME] SAT solving=1249ms
[2013-07-07 04:59:03.140] [TIME] total=2280ms
