[2013-07-07 10:41:45.433] [INFO] Running in directory /tmp/hellmann/current_run
[2013-07-07 10:41:45.433] [INFO] Reading settings from /tmp/hellmann/current_run/config.json
[2013-07-07 10:41:45.434] [INFO] Reading input file ./0220/random_in_square_0220_1483_077.json ...
[2013-07-07 10:41:46.357] [TIME] generating segments=912ms
[2013-07-07 10:41:46.358] points=220 segments=24090 convex hull=14
[2013-07-07 10:41:46.359] [INFO] shortest input segment: 0:(742,1356)->(756,1358) (len^2=200)
[2013-07-07 10:41:46.554] [INFO] shortest non-crossing segment: 14:(1158,1381)->(1125,1400) (len^2=1450)
[2013-07-07 10:41:46.554] separators=1090
[2013-07-07 10:41:52.680] [TIME] intersection graph=6322ms
[2013-07-07 10:41:52.681] [INFO] shortest triangulation segment: 0:(742,1356)->(756,1358) (len^2=200)
[2013-07-07 10:41:52.681] [INFO] shortest convex hull segment: 504:(1425,-1075)->(1470,-815) (len^2=69625)
[2013-07-07 10:41:52.681] [STATS] it=0	lb=0	ub=14
[2013-07-07 10:41:52.681] [TIME] controller initialization=7247ms
IBM ILOG License Manager: "university-braunschweig" is accessing CPLEX 12 with option(s): "e m b q use=10 MaintenanceEnd=20110128 ".
[2013-07-07 10:42:04.450] [TIME] iteration 1=11770ms
[2013-07-07 10:42:04.450] [STATS] it=1	lb=7	ub=14
[2013-07-07 10:42:16.415] [TIME] iteration 2=11964ms
[2013-07-07 10:42:16.416] [INFO] shortest constrained triangulation segment: 14:(1158,1381)->(1125,1400) (len^2=1450)
[2013-07-07 10:42:16.416] [STATS] it=2	lb=14	ub=14
[2013-07-07 10:42:16.416] iterations=2 gap=0
[2013-07-07 10:42:16.416] [TIME] SAT solving=23733ms
[2013-07-07 10:42:16.416] [TIME] total=30982ms
