[2013-07-07 08:52:10.070] [INFO] Running in directory /tmp/hellmann/current_run
[2013-07-07 08:52:10.070] [INFO] Reading settings from /tmp/hellmann/current_run/config.json
[2013-07-07 08:52:10.071] [INFO] Reading input file ./0220/random_in_square_0220_1483_055.json ...
[2013-07-07 08:52:11.076] [TIME] generating segments=989ms
[2013-07-07 08:52:11.077] points=220 segments=24090 convex hull=16
[2013-07-07 08:52:11.077] [INFO] shortest input segment: 0:(-386,46)->(-381,46) (len^2=25)
[2013-07-07 08:52:11.371] [INFO] shortest non-crossing segment: 21:(935,1343)->(975,1344) (len^2=1601)
[2013-07-07 08:52:11.371] separators=1558
[2013-07-07 08:52:22.168] [TIME] intersection graph=11090ms
[2013-07-07 08:52:22.169] [INFO] shortest triangulation segment: 0:(-386,46)->(-381,46) (len^2=25)
[2013-07-07 08:52:22.169] [INFO] shortest convex hull segment: 76:(1289,-1336)->(1370,-1292) (len^2=8497)
[2013-07-07 08:52:22.169] [STATS] it=0	lb=0	ub=21
[2013-07-07 08:52:22.169] [TIME] controller initialization=12098ms
IBM ILOG License Manager: "university-braunschweig" is accessing CPLEX 12 with option(s): "e m b q use=10 MaintenanceEnd=20110128 ".
[2013-07-07 08:52:46.524] [TIME] iteration 1=24356ms
[2013-07-07 08:52:46.524] [STATS] it=1	lb=13	ub=21
[2013-07-07 08:53:11.046] [TIME] iteration 2=24521ms
[2013-07-07 08:53:11.046] [STATS] it=2	lb=18	ub=21
[2013-07-07 08:53:34.385] [TIME] iteration 3=23338ms
[2013-07-07 08:53:34.386] [INFO] shortest constrained triangulation segment: 21:(935,1343)->(975,1344) (len^2=1601)
[2013-07-07 08:53:34.387] [STATS] it=3	lb=21	ub=21
[2013-07-07 08:53:34.387] iterations=3 gap=0
[2013-07-07 08:53:34.387] [TIME] SAT solving=72215ms
[2013-07-07 08:53:34.387] [TIME] total=84315ms
