[2013-07-07 04:03:49.856] [INFO] Running in directory /tmp/hellmann/current_run
[2013-07-07 04:03:49.856] [INFO] Reading settings from /tmp/hellmann/current_run/config.json
[2013-07-07 04:03:49.856] [INFO] Reading input file ./0220/random_in_square_0220_1483_012.json ...
[2013-07-07 04:03:50.765] [TIME] generating segments=895ms
[2013-07-07 04:03:50.766] points=220 segments=24090 convex hull=12
[2013-07-07 04:03:50.766] [INFO] shortest input segment: 0:(-1380,-824)->(-1388,-820) (len^2=80)
[2013-07-07 04:03:50.957] [INFO] shortest non-crossing segment: 14:(1425,-1349)->(1422,-1309) (len^2=1609)
[2013-07-07 04:03:50.957] separators=920
[2013-07-07 04:03:54.962] [TIME] intersection graph=4195ms
[2013-07-07 04:03:54.963] [INFO] shortest triangulation segment: 1:(621,-1333)->(618,-1322) (len^2=130)
[2013-07-07 04:03:54.963] [INFO] shortest convex hull segment: 1735:(-1400,-1481)->(-1465,-1007) (len^2=228901)
[2013-07-07 04:03:54.963] [STATS] it=0	lb=1	ub=14
[2013-07-07 04:03:54.963] [TIME] controller initialization=5106ms
IBM ILOG License Manager: "university-braunschweig" is accessing CPLEX 12 with option(s): "e m b q use=10 MaintenanceEnd=20110128 ".
[2013-07-07 04:04:01.142] [TIME] iteration 1=6179ms
[2013-07-07 04:04:01.142] [STATS] it=1	lb=8	ub=14
[2013-07-07 04:04:07.533] [TIME] iteration 2=6391ms
[2013-07-07 04:04:07.533] [STATS] it=2	lb=11	ub=14
[2013-07-07 04:04:13.995] [TIME] iteration 3=6462ms
[2013-07-07 04:04:13.997] [INFO] shortest constrained triangulation segment: 14:(1425,-1349)->(1422,-1309) (len^2=1609)
[2013-07-07 04:04:13.997] [STATS] it=3	lb=14	ub=14
[2013-07-07 04:04:13.997] iterations=3 gap=0
[2013-07-07 04:04:13.997] [TIME] SAT solving=19031ms
[2013-07-07 04:04:13.997] [TIME] total=24140ms
