[2013-07-07 12:27:17.895] [INFO] Running in directory /tmp/hellmann/current_run
[2013-07-07 12:27:17.895] [INFO] Reading settings from /tmp/hellmann/current_run/config.json
[2013-07-07 12:27:17.918] [INFO] Reading input file ./0220/random_in_square_0220_1483_090.json ...
[2013-07-07 12:27:18.868] [TIME] generating segments=940ms
[2013-07-07 12:27:18.869] points=220 segments=24090 convex hull=14
[2013-07-07 12:27:18.869] [INFO] shortest input segment: 0:(-366,-1178)->(-376,-1169) (len^2=181)
[2013-07-07 12:27:19.291] [INFO] shortest non-crossing segment: 30:(1472,-1224)->(1478,-1157) (len^2=4525)
[2013-07-07 12:27:19.291] separators=2577
[2013-07-07 12:27:43.934] [TIME] intersection graph=25064ms
[2013-07-07 12:27:43.935] [INFO] shortest triangulation segment: 0:(-366,-1178)->(-376,-1169) (len^2=181)
[2013-07-07 12:27:43.935] [INFO] shortest convex hull segment: 231:(-1297,-1482)->(-1467,-1471) (len^2=29021)
[2013-07-07 12:27:43.935] [STATS] it=0	lb=0	ub=30
[2013-07-07 12:27:43.935] [TIME] controller initialization=26026ms
IBM ILOG License Manager: "university-braunschweig" is accessing CPLEX 12 with option(s): "e m b q use=10 MaintenanceEnd=20110128 ".
[2013-07-07 12:28:45.337] [TIME] iteration 1=61401ms
[2013-07-07 12:28:45.337] [STATS] it=1	lb=16	ub=30
[2013-07-07 12:30:08.200] [TIME] iteration 2=82864ms
[2013-07-07 12:30:08.251] [STATS] it=2	lb=23	ub=30
[2013-07-07 12:31:06.723] [TIME] iteration 3=58473ms
[2013-07-07 12:31:06.776] [INFO] shortest constrained triangulation segment: 30:(1472,-1224)->(1478,-1157) (len^2=4525)
[2013-07-07 12:31:06.776] [STATS] it=3	lb=30	ub=30
[2013-07-07 12:31:06.776] iterations=3 gap=0
[2013-07-07 12:31:06.776] [TIME] SAT solving=202737ms
[2013-07-07 12:31:06.776] [TIME] total=228868ms
