[2013-07-07 04:01:34.099] [INFO] Running in directory /tmp/hellmann/current_run
[2013-07-07 04:01:34.099] [INFO] Reading settings from /tmp/hellmann/current_run/config.json
[2013-07-07 04:01:34.100] [INFO] Reading input file ./0220/random_in_square_0220_1483_005.json ...
[2013-07-07 04:01:35.066] [TIME] generating segments=946ms
[2013-07-07 04:01:35.067] points=220 segments=24090 convex hull=13
[2013-07-07 04:01:35.067] [INFO] shortest input segment: 0:(264,281)->(259,290) (len^2=106)
[2013-07-07 04:01:35.232] [INFO] shortest non-crossing segment: 12:(1174,-1391)->(1147,-1350) (len^2=2410)
[2013-07-07 04:01:35.232] separators=841
[2013-07-07 04:01:38.726] [TIME] intersection graph=3660ms
[2013-07-07 04:01:38.728] [INFO] shortest triangulation segment: 0:(264,281)->(259,290) (len^2=106)
[2013-07-07 04:01:38.728] [INFO] shortest convex hull segment: 1127:(-337,-1449)->(-720,-1427) (len^2=147173)
[2013-07-07 04:01:38.728] [STATS] it=0	lb=0	ub=12
[2013-07-07 04:01:38.728] [TIME] controller initialization=4629ms
IBM ILOG License Manager: "university-braunschweig" is accessing CPLEX 12 with option(s): "e m b q use=10 MaintenanceEnd=20110128 ".
[2013-07-07 04:01:45.251] [TIME] iteration 1=6523ms
[2013-07-07 04:01:45.251] [STATS] it=1	lb=7	ub=12
[2013-07-07 04:01:51.923] [TIME] iteration 2=6672ms
[2013-07-07 04:01:51.923] [STATS] it=2	lb=10	ub=12
[2013-07-07 04:01:58.573] [TIME] iteration 3=6651ms
[2013-07-07 04:01:58.573] [STATS] it=3	lb=11	ub=12
[2013-07-07 04:02:05.010] [TIME] iteration 4=6436ms
[2013-07-07 04:02:05.012] [INFO] shortest constrained triangulation segment: 12:(1174,-1391)->(1147,-1350) (len^2=2410)
[2013-07-07 04:02:05.012] [STATS] it=4	lb=12	ub=12
[2013-07-07 04:02:05.012] iterations=4 gap=0
[2013-07-07 04:02:05.012] [TIME] SAT solving=26282ms
[2013-07-07 04:02:05.012] [TIME] total=30913ms
