[2013-07-07 05:29:12.713] [INFO] Running in directory /tmp/hellmann/current_run
[2013-07-07 05:29:12.713] [INFO] Reading settings from /tmp/hellmann/current_run/config.json
[2013-07-07 05:29:12.714] [INFO] Reading input file ./0220/random_in_square_0220_1483_035.json ...
[2013-07-07 05:29:13.660] [TIME] generating segments=936ms
[2013-07-07 05:29:13.661] points=220 segments=24090 convex hull=14
[2013-07-07 05:29:13.661] [INFO] shortest input segment: 0:(-834,798)->(-836,819) (len^2=445)
[2013-07-07 05:29:13.793] [INFO] shortest non-crossing segment: 9:(1355,-1471)->(1316,-1467) (len^2=1537)
[2013-07-07 05:29:13.793] separators=863
[2013-07-07 05:29:17.543] [TIME] intersection graph=3882ms
[2013-07-07 05:29:17.544] [INFO] shortest triangulation segment: 1:(1268,-438)->(1272,-412) (len^2=692)
[2013-07-07 05:29:17.544] [INFO] shortest convex hull segment: 26:(-1313,-1432)->(-1367,-1413) (len^2=3277)
[2013-07-07 05:29:17.544] [STATS] it=0	lb=1	ub=9
[2013-07-07 05:29:17.544] [TIME] controller initialization=4831ms
IBM ILOG License Manager: "university-braunschweig" is accessing CPLEX 12 with option(s): "e m b q use=10 MaintenanceEnd=20110128 ".
[2013-07-07 05:29:23.949] [TIME] iteration 1=6404ms
[2013-07-07 05:29:23.949] [STATS] it=1	lb=5	ub=9
[2013-07-07 05:29:30.230] [TIME] iteration 2=6281ms
[2013-07-07 05:29:30.231] [INFO] shortest constrained triangulation segment: 9:(1355,-1471)->(1316,-1467) (len^2=1537)
[2013-07-07 05:29:30.231] [STATS] it=2	lb=9	ub=9
[2013-07-07 05:29:30.231] iterations=2 gap=0
[2013-07-07 05:29:30.231] [TIME] SAT solving=12685ms
[2013-07-07 05:29:30.231] [TIME] total=17517ms
