[2013-07-07 12:32:37.401] [INFO] Running in directory /tmp/hellmann/current_run
[2013-07-07 12:32:37.401] [INFO] Reading settings from /tmp/hellmann/current_run/config.json
[2013-07-07 12:32:37.401] [INFO] Reading input file ./0220/random_in_square_0220_1483_096.json ...
[2013-07-07 12:32:38.325] [TIME] generating segments=921ms
[2013-07-07 12:32:38.326] points=220 segments=24090 convex hull=16
[2013-07-07 12:32:38.326] [INFO] shortest input segment: 0:(487,-989)->(481,-985) (len^2=52)
[2013-07-07 12:32:38.488] [INFO] shortest non-crossing segment: 12:(-329,1455)->(-311,1480) (len^2=949)
[2013-07-07 12:32:38.488] separators=537
[2013-07-07 12:32:39.889] [TIME] intersection graph=1564ms
[2013-07-07 12:32:39.890] [INFO] shortest triangulation segment: 1:(-880,465)->(-878,477) (len^2=148)
[2013-07-07 12:32:39.890] [INFO] shortest convex hull segment: 192:(-1091,-1435)->(-1215,-1358) (len^2=21305)
[2013-07-07 12:32:39.890] [STATS] it=0	lb=1	ub=12
[2013-07-07 12:32:39.890] [TIME] controller initialization=2490ms
IBM ILOG License Manager: "university-braunschweig" is accessing CPLEX 12 with option(s): "e m b q use=10 MaintenanceEnd=20110128 ".
[2013-07-07 12:32:42.204] [TIME] iteration 1=2313ms
[2013-07-07 12:32:42.204] [STATS] it=1	lb=7	ub=12
[2013-07-07 12:32:44.526] [TIME] iteration 2=2322ms
[2013-07-07 12:32:44.528] [INFO] shortest constrained triangulation segment: 12:(-329,1455)->(-311,1480) (len^2=949)
[2013-07-07 12:32:44.528] [STATS] it=2	lb=12	ub=12
[2013-07-07 12:32:44.528] iterations=2 gap=0
[2013-07-07 12:32:44.528] [TIME] SAT solving=4635ms
[2013-07-07 12:32:44.528] [TIME] total=7127ms
