[2013-07-07 04:01:31.394] [INFO] Running in directory /tmp/hellmann/current_run
[2013-07-07 04:01:31.394] [INFO] Reading settings from /tmp/hellmann/current_run/config.json
[2013-07-07 04:01:31.395] [INFO] Reading input file ./0220/random_in_square_0220_1483_004.json ...
[2013-07-07 04:01:32.355] [TIME] generating segments=941ms
[2013-07-07 04:01:32.356] points=220 segments=24090 convex hull=15
[2013-07-07 04:01:32.356] [INFO] shortest input segment: 0:(-795,-740)->(-777,-730) (len^2=424)
[2013-07-07 04:01:32.429] [INFO] shortest non-crossing segment: 5:(-861,-1470)->(-853,-1445) (len^2=689)
[2013-07-07 04:01:32.429] separators=185
[2013-07-07 04:01:32.562] [TIME] intersection graph=206ms
[2013-07-07 04:01:32.563] [INFO] shortest triangulation segment: 0:(-795,-740)->(-777,-730) (len^2=424)
[2013-07-07 04:01:32.563] [INFO] shortest convex hull segment: 11:(-1474,876)->(-1476,912) (len^2=1300)
[2013-07-07 04:01:32.563] [STATS] it=0	lb=0	ub=5
[2013-07-07 04:01:32.563] [TIME] controller initialization=1169ms
IBM ILOG License Manager: "university-braunschweig" is accessing CPLEX 12 with option(s): "e m b q use=10 MaintenanceEnd=20110128 ".
[2013-07-07 04:01:33.376] [TIME] iteration 1=812ms
[2013-07-07 04:01:33.376] [STATS] it=1	lb=3	ub=5
[2013-07-07 04:01:34.080] [TIME] iteration 2=705ms
[2013-07-07 04:01:34.082] [INFO] shortest constrained triangulation segment: 5:(-861,-1470)->(-853,-1445) (len^2=689)
[2013-07-07 04:01:34.082] [STATS] it=2	lb=5	ub=5
[2013-07-07 04:01:34.082] iterations=2 gap=0
[2013-07-07 04:01:34.082] [TIME] SAT solving=1517ms
[2013-07-07 04:01:34.082] [TIME] total=2688ms
