[2013-07-07 04:54:32.903] [INFO] Running in directory /tmp/hellmann/current_run
[2013-07-07 04:54:32.903] [INFO] Reading settings from /tmp/hellmann/current_run/config.json
[2013-07-07 04:54:32.903] [INFO] Reading input file ./0220/random_in_square_0220_1483_029.json ...
[2013-07-07 04:54:33.822] [TIME] generating segments=906ms
[2013-07-07 04:54:33.823] points=220 segments=24090 convex hull=13
[2013-07-07 04:54:33.823] [INFO] shortest input segment: 0:(726,-350)->(722,-349) (len^2=17)
[2013-07-07 04:54:34.231] [INFO] shortest non-crossing segment: 29:(-1187,1374)->(-1239,1403) (len^2=3545)
[2013-07-07 04:54:34.231] separators=2955
[2013-07-07 04:55:10.795] [TIME] intersection graph=36972ms
[2013-07-07 04:55:10.796] [INFO] shortest triangulation segment: 0:(726,-350)->(722,-349) (len^2=17)
[2013-07-07 04:55:10.796] [INFO] shortest convex hull segment: 186:(-1479,1182)->(-1467,1321) (len^2=19465)
[2013-07-07 04:55:10.796] [STATS] it=0	lb=0	ub=29
[2013-07-07 04:55:10.796] [TIME] controller initialization=37894ms
IBM ILOG License Manager: "university-braunschweig" is accessing CPLEX 12 with option(s): "e m b q use=10 MaintenanceEnd=20110128 ".
[2013-07-07 04:56:53.598] [TIME] iteration 1=102802ms
[2013-07-07 04:56:53.627] [STATS] it=1	lb=18	ub=29
[2013-07-07 04:58:53.932] [TIME] iteration 2=120304ms
[2013-07-07 04:58:53.997] [INFO] shortest constrained triangulation segment: 29:(-1187,1374)->(-1239,1403) (len^2=3545)
[2013-07-07 04:58:53.997] [STATS] it=2	lb=29	ub=29
[2013-07-07 04:58:53.998] iterations=2 gap=0
[2013-07-07 04:58:53.998] [TIME] SAT solving=223098ms
[2013-07-07 04:58:53.998] [TIME] total=261094ms
