[2013-07-07 11:12:34.024] [INFO] Running in directory /tmp/hellmann/current_run
[2013-07-07 11:12:34.024] [INFO] Reading settings from /tmp/hellmann/current_run/config.json
[2013-07-07 11:12:34.024] [INFO] Reading input file ./0220/random_in_square_0220_1483_081.json ...
[2013-07-07 11:12:34.924] [TIME] generating segments=890ms
[2013-07-07 11:12:34.925] points=220 segments=24090 convex hull=13
[2013-07-07 11:12:34.925] [INFO] shortest input segment: 0:(-479,-340)->(-483,-333) (len^2=65)
[2013-07-07 11:12:34.977] [INFO] shortest non-crossing segment: 3:(1418,1138)->(1442,1147) (len^2=657)
[2013-07-07 11:12:34.977] separators=268
[2013-07-07 11:12:35.530] [TIME] intersection graph=605ms
[2013-07-07 11:12:35.531] [INFO] shortest triangulation segment: 0:(-479,-340)->(-483,-333) (len^2=65)
[2013-07-07 11:12:35.531] [INFO] shortest convex hull segment: 406:(-1164,-1468)->(-1380,-1394) (len^2=52132)
[2013-07-07 11:12:35.531] [STATS] it=0	lb=0	ub=3
[2013-07-07 11:12:35.531] [TIME] controller initialization=1507ms
IBM ILOG License Manager: "university-braunschweig" is accessing CPLEX 12 with option(s): "e m b q use=10 MaintenanceEnd=20110128 ".
[2013-07-07 11:12:36.656] [TIME] iteration 1=1125ms
[2013-07-07 11:12:36.657] [INFO] shortest constrained triangulation segment: 3:(1418,1138)->(1442,1147) (len^2=657)
[2013-07-07 11:12:36.657] [STATS] it=1	lb=3	ub=3
[2013-07-07 11:12:36.657] iterations=1 gap=0
[2013-07-07 11:12:36.657] [TIME] SAT solving=1125ms
[2013-07-07 11:12:36.658] [TIME] total=2634ms
