[2013-07-07 09:24:55.726] [INFO] Running in directory /tmp/hellmann/current_run
[2013-07-07 09:24:55.727] [INFO] Reading settings from /tmp/hellmann/current_run/config.json
[2013-07-07 09:24:55.727] [INFO] Reading input file ./0220/random_in_square_0220_1483_063.json ...
[2013-07-07 09:24:56.659] [TIME] generating segments=921ms
[2013-07-07 09:24:56.660] points=220 segments=24090 convex hull=13
[2013-07-07 09:24:56.660] [INFO] shortest input segment: 0:(-94,-1376)->(-93,-1368) (len^2=65)
[2013-07-07 09:24:56.746] [INFO] shortest non-crossing segment: 6:(1429,-1377)->(1457,-1371) (len^2=820)
[2013-07-07 09:24:56.746] separators=315
[2013-07-07 09:24:57.370] [TIME] intersection graph=709ms
[2013-07-07 09:24:57.371] [INFO] shortest triangulation segment: 0:(-94,-1376)->(-93,-1368) (len^2=65)
[2013-07-07 09:24:57.371] [INFO] shortest convex hull segment: 24:(1474,1239)->(1469,1287) (len^2=2329)
[2013-07-07 09:24:57.371] [STATS] it=0	lb=0	ub=6
[2013-07-07 09:24:57.371] [TIME] controller initialization=1644ms
IBM ILOG License Manager: "university-braunschweig" is accessing CPLEX 12 with option(s): "e m b q use=10 MaintenanceEnd=20110128 ".
[2013-07-07 09:24:58.450] [TIME] iteration 1=1079ms
[2013-07-07 09:24:58.450] [STATS] it=1	lb=3	ub=6
[2013-07-07 09:24:59.523] [TIME] iteration 2=1072ms
[2013-07-07 09:24:59.524] [INFO] shortest constrained triangulation segment: 6:(1429,-1377)->(1457,-1371) (len^2=820)
[2013-07-07 09:24:59.524] [STATS] it=2	lb=6	ub=6
[2013-07-07 09:24:59.524] iterations=2 gap=0
[2013-07-07 09:24:59.524] [TIME] SAT solving=2151ms
[2013-07-07 09:24:59.524] [TIME] total=3798ms
