[2013-07-07 04:02:23.353] [INFO] Running in directory /tmp/hellmann/current_run
[2013-07-07 04:02:23.353] [INFO] Reading settings from /tmp/hellmann/current_run/config.json
[2013-07-07 04:02:23.353] [INFO] Reading input file ./0220/random_in_square_0220_1483_008.json ...
[2013-07-07 04:02:24.297] [TIME] generating segments=942ms
[2013-07-07 04:02:24.299] points=220 segments=24090 convex hull=11
[2013-07-07 04:02:24.299] [INFO] shortest input segment: 0:(827,-162)->(830,-161) (len^2=10)
[2013-07-07 04:02:24.385] [INFO] shortest non-crossing segment: 6:(1466,669)->(1478,704) (len^2=1369)
[2013-07-07 04:02:24.385] separators=308
[2013-07-07 04:02:24.984] [TIME] intersection graph=686ms
[2013-07-07 04:02:24.985] [INFO] shortest triangulation segment: 0:(827,-162)->(830,-161) (len^2=10)
[2013-07-07 04:02:24.985] [INFO] shortest convex hull segment: 28:(-1397,1432)->(-1350,1475) (len^2=4058)
[2013-07-07 04:02:24.985] [STATS] it=0	lb=0	ub=6
[2013-07-07 04:02:24.985] [TIME] controller initialization=1632ms
IBM ILOG License Manager: "university-braunschweig" is accessing CPLEX 12 with option(s): "e m b q use=10 MaintenanceEnd=20110128 ".
[2013-07-07 04:02:26.119] [TIME] iteration 1=1134ms
[2013-07-07 04:02:26.119] [STATS] it=1	lb=3	ub=6
[2013-07-07 04:02:27.233] [TIME] iteration 2=1113ms
[2013-07-07 04:02:27.233] [STATS] it=2	lb=5	ub=6
[2013-07-07 04:02:28.356] [TIME] iteration 3=1123ms
[2013-07-07 04:02:28.358] [INFO] shortest constrained triangulation segment: 6:(1466,669)->(1478,704) (len^2=1369)
[2013-07-07 04:02:28.358] [STATS] it=3	lb=6	ub=6
[2013-07-07 04:02:28.358] iterations=3 gap=0
[2013-07-07 04:02:28.358] [TIME] SAT solving=3370ms
[2013-07-07 04:02:28.358] [TIME] total=5004ms
