[2013-07-14 14:42:02.434] [INFO] Running in directory /tmp/hellmann/current_run
[2013-07-14 14:42:02.452] [INFO] Reading settings from /tmp/hellmann/current_run/config.json
[2013-07-14 14:42:02.514] [INFO] Reading input file ./0330/random_in_square_0330_1817_056.json ...
[2013-07-14 14:42:09.097] [TIME] generating segments=6575ms
[2013-07-14 14:42:09.100] points=330 segments=54285 convex hull=16
[2013-07-14 14:42:09.100] [INFO] shortest input segment: 0:(-1721,60)->(-1720,70) (len^2=101)
[2013-07-14 14:42:09.158] [INFO] shortest non-crossing segment: 2:(1766,1290)->(1773,1301) (len^2=170)
[2013-07-14 14:42:09.158] separators=80
[2013-07-14 14:42:09.205] [TIME] intersection graph=105ms
[2013-07-14 14:42:09.207] [INFO] shortest triangulation segment: 0:(-1721,60)->(-1720,70) (len^2=101)
[2013-07-14 14:42:09.207] [INFO] shortest convex hull segment: 116:(1578,-1678)->(1665,-1627) (len^2=10170)
[2013-07-14 14:42:09.207] [STATS] it=0	lb=0	ub=2
[2013-07-14 14:42:09.207] [TIME] controller initialization=6692ms
IBM ILOG License Manager: "university-braunschweig" is accessing CPLEX 12 with option(s): "e m b q use=10 MaintenanceEnd=20110128 ".
[2013-07-14 14:42:12.653] [TIME] iteration 1=3447ms
[2013-07-14 14:42:12.655] [INFO] shortest constrained triangulation segment: 2:(1766,1290)->(1773,1301) (len^2=170)
[2013-07-14 14:42:12.655] [STATS] it=1	lb=2	ub=2
[2013-07-14 14:42:12.655] iterations=1 gap=0
[2013-07-14 14:42:12.655] [TIME] SAT solving=3447ms
[2013-07-14 14:42:12.655] [TIME] total=10141ms
