[2013-07-14 16:32:37.218] [INFO] Running in directory /tmp/hellmann/current_run
[2013-07-14 16:32:37.218] [INFO] Reading settings from /tmp/hellmann/current_run/config.json
[2013-07-14 16:32:37.229] [INFO] Reading input file ./0330/random_in_square_0330_1817_067.json ...
[2013-07-14 16:32:43.363] [TIME] generating segments=6129ms
[2013-07-14 16:32:43.365] points=330 segments=54285 convex hull=12
[2013-07-14 16:32:43.365] [INFO] shortest input segment: 0:(-640,-652)->(-641,-639) (len^2=170)
[2013-07-14 16:32:43.464] [INFO] shortest non-crossing segment: 4:(1798,-1738)->(1784,-1729) (len^2=277)
[2013-07-14 16:32:43.464] separators=127
[2013-07-14 16:32:43.574] [TIME] intersection graph=210ms
[2013-07-14 16:32:43.576] [INFO] shortest triangulation segment: 0:(-640,-652)->(-641,-639) (len^2=170)
[2013-07-14 16:32:43.576] [INFO] shortest convex hull segment: 335:(-1686,-1586)->(-1773,-1445) (len^2=27450)
[2013-07-14 16:32:43.576] [STATS] it=0	lb=0	ub=4
[2013-07-14 16:32:43.576] [TIME] controller initialization=6358ms
IBM ILOG License Manager: "university-braunschweig" is accessing CPLEX 12 with option(s): "e m b q use=10 MaintenanceEnd=20110128 ".
[2013-07-14 16:32:46.690] [TIME] iteration 1=3113ms
[2013-07-14 16:32:46.692] [INFO] shortest constrained triangulation segment: 4:(1798,-1738)->(1784,-1729) (len^2=277)
[2013-07-14 16:32:46.692] [STATS] it=1	lb=4	ub=4
[2013-07-14 16:32:46.692] iterations=1 gap=0
[2013-07-14 16:32:46.692] [TIME] SAT solving=3113ms
[2013-07-14 16:32:46.692] [TIME] total=9474ms
