[2013-07-14 09:04:00.348] [INFO] Running in directory /tmp/hellmann/current_run
[2013-07-14 09:04:00.348] [INFO] Reading settings from /tmp/hellmann/current_run/config.json
[2013-07-14 09:04:00.348] [INFO] Reading input file ./0330/random_in_square_0330_1817_019.json ...
[2013-07-14 09:04:05.365] [TIME] generating segments=5003ms
[2013-07-14 09:04:05.368] points=330 segments=54285 convex hull=12
[2013-07-14 09:04:05.368] [INFO] shortest input segment: 0:(1006,-842)->(1005,-837) (len^2=26)
[2013-07-14 09:04:05.659] [INFO] shortest non-crossing segment: 12:(-1320,-1815)->(-1323,-1784) (len^2=970)
[2013-07-14 09:04:05.659] separators=1485
[2013-07-14 09:04:16.953] [TIME] intersection graph=11585ms
[2013-07-14 09:04:16.955] [INFO] shortest triangulation segment: 0:(1006,-842)->(1005,-837) (len^2=26)
[2013-07-14 09:04:16.955] [INFO] shortest convex hull segment: 101:(-1731,1265)->(-1696,1351) (len^2=8621)
[2013-07-14 09:04:16.955] [STATS] it=0	lb=0	ub=12
[2013-07-14 09:04:16.955] [TIME] controller initialization=16607ms
IBM ILOG License Manager: "university-braunschweig" is accessing CPLEX 12 with option(s): "e m b q use=10 MaintenanceEnd=20110128 ".
[2013-07-14 09:04:41.344] [TIME] iteration 1=24388ms
[2013-07-14 09:04:41.344] [STATS] it=1	lb=6	ub=12
[2013-07-14 09:05:06.884] [TIME] iteration 2=25541ms
[2013-07-14 09:05:06.884] [STATS] it=2	lb=10	ub=12
[2013-07-14 09:05:31.711] [TIME] iteration 3=24827ms
[2013-07-14 09:05:31.713] [INFO] shortest constrained triangulation segment: 12:(-1320,-1815)->(-1323,-1784) (len^2=970)
[2013-07-14 09:05:31.713] [STATS] it=3	lb=12	ub=12
[2013-07-14 09:05:31.713] iterations=3 gap=0
[2013-07-14 09:05:31.713] [TIME] SAT solving=74756ms
[2013-07-14 09:05:31.713] [TIME] total=91366ms
