[2013-07-14 05:10:11.039] [INFO] Running in directory /tmp/hellmann/current_run
[2013-07-14 05:10:11.040] [INFO] Reading settings from /tmp/hellmann/current_run/config.json
[2013-07-14 05:10:11.054] [INFO] Reading input file ./0330/random_in_square_0330_1817_007.json ...
[2013-07-14 05:10:16.616] [TIME] generating segments=5549ms
[2013-07-14 05:10:16.618] points=330 segments=54285 convex hull=15
[2013-07-14 05:10:16.618] [INFO] shortest input segment: 0:(-1486,-1629)->(-1477,-1627) (len^2=85)
[2013-07-14 05:10:17.189] [INFO] shortest non-crossing segment: 24:(-1512,-1773)->(-1471,-1751) (len^2=2165)
[2013-07-14 05:10:17.190] separators=2999
[2013-07-14 05:11:02.940] [TIME] intersection graph=46321ms
[2013-07-14 05:11:02.942] [INFO] shortest triangulation segment: 0:(-1486,-1629)->(-1477,-1627) (len^2=85)
[2013-07-14 05:11:02.942] [INFO] shortest convex hull segment: 28:(-1759,-841)->(-1762,-792) (len^2=2410)
[2013-07-14 05:11:02.942] [STATS] it=0	lb=0	ub=24
[2013-07-14 05:11:02.942] [TIME] controller initialization=51889ms
IBM ILOG License Manager: "university-braunschweig" is accessing CPLEX 12 with option(s): "e m b q use=10 MaintenanceEnd=20110128 ".
[2013-07-14 05:13:28.013] [TIME] iteration 1=145070ms
[2013-07-14 05:13:28.050] [STATS] it=1	lb=14	ub=24
[2013-07-14 05:22:55.617] [TIME] iteration 2=567566ms
[2013-07-14 05:22:55.637] [STATS] it=2	lb=19	ub=24
[2013-07-14 05:32:14.039] [TIME] iteration 3=558400ms
[2013-07-14 05:32:14.196] [INFO] shortest constrained triangulation segment: 15:(-568,-1649)->(-602,-1640) (len^2=1237)
[2013-07-14 05:32:14.196] [STATS] it=3	lb=24	ub=24
[2013-07-14 05:32:14.197] iterations=3 gap=0
[2013-07-14 05:32:14.197] [TIME] SAT solving=1270991ms
[2013-07-14 05:32:14.197] [TIME] total=1323143ms
