[2013-07-14 21:03:15.939] [INFO] Running in directory /tmp/hellmann/current_run
[2013-07-14 21:03:15.939] [INFO] Reading settings from /tmp/hellmann/current_run/config.json
[2013-07-14 21:03:15.939] [INFO] Reading input file ./0330/random_in_square_0330_1817_094.json ...
[2013-07-14 21:03:21.314] [TIME] generating segments=5352ms
[2013-07-14 21:03:21.316] points=330 segments=54285 convex hull=15
[2013-07-14 21:03:21.316] [INFO] shortest input segment: 0:(1252,395)->(1254,397) (len^2=8)
[2013-07-14 21:03:21.527] [INFO] shortest non-crossing segment: 9:(-1190,1732)->(-1165,1748) (len^2=881)
[2013-07-14 21:03:21.527] separators=571
[2013-07-14 21:03:22.832] [TIME] intersection graph=1516ms
[2013-07-14 21:03:22.833] [INFO] shortest triangulation segment: 0:(1252,395)->(1254,397) (len^2=8)
[2013-07-14 21:03:22.833] [INFO] shortest convex hull segment: 473:(1699,-1595)->(1800,-1426) (len^2=38762)
[2013-07-14 21:03:22.833] [STATS] it=0	lb=0	ub=9
[2013-07-14 21:03:22.833] [TIME] controller initialization=6895ms
IBM ILOG License Manager: "university-braunschweig" is accessing CPLEX 12 with option(s): "e m b q use=10 MaintenanceEnd=20110128 ".
[2013-07-14 21:03:27.323] [TIME] iteration 1=4489ms
[2013-07-14 21:03:27.325] [INFO] shortest constrained triangulation segment: 9:(-1190,1732)->(-1165,1748) (len^2=881)
[2013-07-14 21:03:27.325] [STATS] it=1	lb=9	ub=9
[2013-07-14 21:03:27.325] iterations=1 gap=0
[2013-07-14 21:03:27.325] [TIME] SAT solving=4489ms
[2013-07-14 21:03:27.325] [TIME] total=11386ms
