[2013-07-14 21:03:27.365] [INFO] Running in directory /tmp/hellmann/current_run
[2013-07-14 21:03:27.365] [INFO] Reading settings from /tmp/hellmann/current_run/config.json
[2013-07-14 21:03:27.365] [INFO] Reading input file ./0330/random_in_square_0330_1817_095.json ...
[2013-07-14 21:03:33.400] [TIME] generating segments=6019ms
[2013-07-14 21:03:33.402] points=330 segments=54285 convex hull=19
[2013-07-14 21:03:33.402] [INFO] shortest input segment: 0:(372,394)->(373,399) (len^2=26)
[2013-07-14 21:03:33.862] [INFO] shortest non-crossing segment: 20:(-1799,171)->(-1799,204) (len^2=1089)
[2013-07-14 21:03:33.862] separators=1964
[2013-07-14 21:03:49.513] [TIME] intersection graph=16111ms
[2013-07-14 21:03:49.515] [INFO] shortest triangulation segment: 0:(372,394)->(373,399) (len^2=26)
[2013-07-14 21:03:49.515] [INFO] shortest convex hull segment: 20:(-1799,171)->(-1799,204) (len^2=1089)
[2013-07-14 21:03:49.515] [STATS] it=0	lb=0	ub=20
[2013-07-14 21:03:49.515] [TIME] controller initialization=22150ms
IBM ILOG License Manager: "university-braunschweig" is accessing CPLEX 12 with option(s): "e m b q use=10 MaintenanceEnd=20110128 ".
[2013-07-14 21:04:24.231] [TIME] iteration 1=34716ms
[2013-07-14 21:04:24.232] [STATS] it=1	lb=15	ub=20
[2013-07-14 21:04:59.153] [TIME] iteration 2=34922ms
[2013-07-14 21:04:59.155] [INFO] shortest constrained triangulation segment: 20:(-1799,171)->(-1799,204) (len^2=1089)
[2013-07-14 21:04:59.155] [STATS] it=2	lb=20	ub=20
[2013-07-14 21:04:59.155] iterations=2 gap=0
[2013-07-14 21:04:59.155] [TIME] SAT solving=69638ms
[2013-07-14 21:04:59.155] [TIME] total=91791ms
