[2013-07-14 15:42:27.728] [INFO] Running in directory /tmp/hellmann/current_run
[2013-07-14 15:42:27.739] [INFO] Reading settings from /tmp/hellmann/current_run/config.json
[2013-07-14 15:42:27.786] [INFO] Reading input file ./0330/random_in_square_0330_1817_060.json ...
[2013-07-14 15:42:32.918] [TIME] generating segments=5113ms
[2013-07-14 15:42:32.920] points=330 segments=54285 convex hull=11
[2013-07-14 15:42:32.920] [INFO] shortest input segment: 0:(579,-1674)->(577,-1669) (len^2=29)
[2013-07-14 15:42:33.067] [INFO] shortest non-crossing segment: 6:(1678,-1095)->(1670,-1068) (len^2=793)
[2013-07-14 15:42:33.067] separators=398
[2013-07-14 15:42:33.850] [TIME] intersection graph=930ms
[2013-07-14 15:42:33.852] [INFO] shortest triangulation segment: 2:(-868,588)->(-874,600) (len^2=180)
[2013-07-14 15:42:33.852] [INFO] shortest convex hull segment: 217:(1637,-1709)->(1705,-1595) (len^2=17620)
[2013-07-14 15:42:33.852] [STATS] it=0	lb=2	ub=6
[2013-07-14 15:42:33.852] [TIME] controller initialization=6085ms
IBM ILOG License Manager: "university-braunschweig" is accessing CPLEX 12 with option(s): "e m b q use=10 MaintenanceEnd=20110128 ".
[2013-07-14 15:42:37.718] [TIME] iteration 1=3867ms
[2013-07-14 15:42:37.718] [STATS] it=1	lb=4	ub=6
[2013-07-14 15:42:41.537] [TIME] iteration 2=3819ms
[2013-07-14 15:42:41.539] [INFO] shortest constrained triangulation segment: 6:(1678,-1095)->(1670,-1068) (len^2=793)
[2013-07-14 15:42:41.539] [STATS] it=2	lb=6	ub=6
[2013-07-14 15:42:41.539] iterations=2 gap=0
[2013-07-14 15:42:41.540] [TIME] SAT solving=7686ms
[2013-07-14 15:42:41.540] [TIME] total=13773ms
