[2013-07-14 13:02:17.001] [INFO] Running in directory /tmp/hellmann/current_run
[2013-07-14 13:02:17.001] [INFO] Reading settings from /tmp/hellmann/current_run/config.json
[2013-07-14 13:02:17.001] [INFO] Reading input file ./0330/random_in_square_0330_1817_043.json ...
[2013-07-14 13:02:23.020] [TIME] generating segments=6008ms
[2013-07-14 13:02:23.023] points=330 segments=54285 convex hull=14
[2013-07-14 13:02:23.023] [INFO] shortest input segment: 0:(1013,547)->(1005,549) (len^2=68)
[2013-07-14 13:02:23.191] [INFO] shortest non-crossing segment: 7:(1674,-1807)->(1697,-1805) (len^2=533)
[2013-07-14 13:02:23.191] separators=373
[2013-07-14 13:02:23.743] [TIME] intersection graph=720ms
[2013-07-14 13:02:23.745] [INFO] shortest triangulation segment: 0:(1013,547)->(1005,549) (len^2=68)
[2013-07-14 13:02:23.745] [INFO] shortest convex hull segment: 7:(1674,-1807)->(1697,-1805) (len^2=533)
[2013-07-14 13:02:23.745] [STATS] it=0	lb=0	ub=7
[2013-07-14 13:02:23.745] [TIME] controller initialization=6744ms
IBM ILOG License Manager: "university-braunschweig" is accessing CPLEX 12 with option(s): "e m b q use=10 MaintenanceEnd=20110128 ".
[2013-07-14 13:02:27.313] [TIME] iteration 1=3568ms
[2013-07-14 13:02:27.313] [STATS] it=1	lb=4	ub=7
[2013-07-14 13:02:30.884] [TIME] iteration 2=3571ms
[2013-07-14 13:02:30.886] [INFO] shortest constrained triangulation segment: 7:(1674,-1807)->(1697,-1805) (len^2=533)
[2013-07-14 13:02:30.886] [STATS] it=2	lb=7	ub=7
[2013-07-14 13:02:30.886] iterations=2 gap=0
[2013-07-14 13:02:30.886] [TIME] SAT solving=7139ms
[2013-07-14 13:02:30.886] [TIME] total=13886ms
