Build: 2013-07-19 16:30:18+02:00 by winniehell (last commit: 4db829e21bf3f4afd6088fb814ff065ec189c5e0 by winniehell)
[2013-07-24 08:39:38.547] [INFO] Running in directory /opt/tmp/hellmann/aborted
[2013-07-24 08:39:38.547] [INFO] Reading config file config.ini
[2013-07-24 08:39:38.572] [INFO] Reading input file ./0140/random_in_square_0140_1183_082.json ...
[2013-07-24 08:39:38.855] [TIME] generating segments=169ms
[2013-07-24 08:39:38.856] points=140 segments=9730 convex hull=15
[2013-07-24 08:39:38.856] [INFO] shortest input segment: 0:(-346,-841)->(-339,-840) (len^2=50)
[2013-07-24 08:39:39.156] [INFO] shortest non-crossing segment: 40:(-1003,-707)->(-1012,-623) (len^2=7137)
[2013-07-24 08:39:39.156] separators=2515
[2013-07-24 08:40:03.930] [TIME] intersection graph=25074ms
[2013-07-24 08:40:03.931] [INFO] shortest triangulation segment: 0:(-346,-841)->(-339,-840) (len^2=50)
[2013-07-24 08:40:03.931] [INFO] shortest convex hull segment: 58:(609,-1174)->(715,-1156) (len^2=11560)
[2013-07-24 08:40:03.931] [STATS] it=0	lb=0	ub=40
[2013-07-24 08:40:03.931] [TIME] controller initialization=25359ms
IBM ILOG License Manager: "university-braunschweig" is accessing CPLEX 12 with option(s): "e m b q use=10 MaintenanceEnd=20110128 ".
[2013-07-24 08:41:31.648] [TIME] iteration 1=87717ms
[2013-07-24 08:41:31.678] [STATS] it=1	lb=21	ub=40
[2013-07-24 08:46:38.004] [TIME] iteration 2=306325ms
[2013-07-24 08:46:38.042] [STATS] it=2	lb=39	ub=40
[2013-07-24 10:08:11.699] [ERROR] Solution is infeasible
[2013-07-24 10:08:11.807] [TIME] iteration 3=4893762ms
[2013-07-24 10:08:11.858] [INFO] shortest constrained triangulation segment: 39:(481,-1000)->(453,-922) (len^2=6868)
[2013-07-24 10:08:11.858] [STATS] it=3	lb=39	ub=39
[2013-07-24 10:08:11.858] iterations=3 gap=0
[2013-07-24 10:08:11.858] [TIME] SAT solving=5287802ms
[2013-07-24 10:08:11.858] [TIME] total=5313286ms
