[2013-07-04 16:59:24.779] [INFO] Running in directory /tmp/hellmann/current_run
[2013-07-04 16:59:24.779] [INFO] Reading settings from /tmp/hellmann/current_run/config.json
[2013-07-04 16:59:24.780] [INFO] Reading input file ./0010/random_in_square_0010_0316_059.json ...
[2013-07-04 16:59:24.781] [TIME] generating segments=0ms
[2013-07-04 16:59:24.781] points=10 segments=45 convex hull=6
[2013-07-04 16:59:24.781] [INFO] shortest input segment: 0:(-6,-30)->(-30,45) (len^2=6201)
[2013-07-04 16:59:24.783] [INFO] shortest non-crossing segment: 3:(-242,120)->(-155,193) (len^2=12898)
[2013-07-04 16:59:24.783] separators=5
[2013-07-04 16:59:24.783] [TIME] intersection graph=2ms
[2013-07-04 16:59:24.783] [INFO] shortest triangulation segment: 0:(-6,-30)->(-30,45) (len^2=6201)
[2013-07-04 16:59:24.783] [INFO] shortest convex hull segment: 3:(-242,120)->(-155,193) (len^2=12898)
[2013-07-04 16:59:24.783] [STATS] it=0	lb=0	ub=3
[2013-07-04 16:59:24.783] [TIME] controller initialization=3ms
IBM ILOG License Manager: "university-braunschweig" is accessing CPLEX 12 with option(s): "e m b q use=10 MaintenanceEnd=20110128 ".
[2013-07-04 16:59:24.789] [TIME] iteration 1=5ms
[2013-07-04 16:59:24.789] [STATS] it=1	lb=2	ub=3
[2013-07-04 16:59:24.791] [ERROR] Solution is infeasible
[2013-07-04 16:59:24.791] [TIME] iteration 2=1ms
[2013-07-04 16:59:24.791] [INFO] shortest constrained triangulation segment: 2:(-151,-49)->(-205,10) (len^2=6397)
[2013-07-04 16:59:24.791] [STATS] it=2	lb=2	ub=2
[2013-07-04 16:59:24.791] iterations=2 gap=0
[2013-07-04 16:59:24.791] [TIME] SAT solving=6ms
[2013-07-04 16:59:24.791] [TIME] total=11ms
