[2013-07-04 16:59:24.204] [INFO] Running in directory /tmp/hellmann/current_run
[2013-07-04 16:59:24.204] [INFO] Reading settings from /tmp/hellmann/current_run/config.json
[2013-07-04 16:59:24.205] [INFO] Reading input file ./0010/random_in_square_0010_0316_030.json ...
[2013-07-04 16:59:24.205] [TIME] generating segments=0ms
[2013-07-04 16:59:24.205] points=10 segments=45 convex hull=8
[2013-07-04 16:59:24.205] [INFO] shortest input segment: 0:(57,120)->(10,160) (len^2=3809)
[2013-07-04 16:59:24.206] [INFO] shortest non-crossing segment: 1:(-278,153)->(-231,234) (len^2=8770)
[2013-07-04 16:59:24.206] separators=1
[2013-07-04 16:59:24.206] [TIME] intersection graph=0ms
[2013-07-04 16:59:24.206] [INFO] shortest triangulation segment: 0:(57,120)->(10,160) (len^2=3809)
[2013-07-04 16:59:24.206] [INFO] shortest convex hull segment: 1:(-278,153)->(-231,234) (len^2=8770)
[2013-07-04 16:59:24.206] [STATS] it=0	lb=0	ub=1
[2013-07-04 16:59:24.206] [TIME] controller initialization=1ms
IBM ILOG License Manager: "university-braunschweig" is accessing CPLEX 12 with option(s): "e m b q use=10 MaintenanceEnd=20110128 ".
[2013-07-04 16:59:24.212] [TIME] iteration 1=5ms
[2013-07-04 16:59:24.212] [INFO] shortest constrained triangulation segment: 1:(-278,153)->(-231,234) (len^2=8770)
[2013-07-04 16:59:24.212] [STATS] it=1	lb=1	ub=1
[2013-07-04 16:59:24.212] iterations=1 gap=0
[2013-07-04 16:59:24.212] [TIME] SAT solving=5ms
[2013-07-04 16:59:24.212] [TIME] total=7ms
