[2013-07-04 16:59:24.385] [INFO] Running in directory /tmp/hellmann/current_run
[2013-07-04 16:59:24.385] [INFO] Reading settings from /tmp/hellmann/current_run/config.json
[2013-07-04 16:59:24.385] [INFO] Reading input file ./0010/random_in_square_0010_0316_038.json ...
[2013-07-04 16:59:24.387] [TIME] generating segments=0ms
[2013-07-04 16:59:24.387] points=10 segments=45 convex hull=6
[2013-07-04 16:59:24.387] [INFO] shortest input segment: 0:(-19,-248)->(-63,-221) (len^2=2665)
[2013-07-04 16:59:24.388] [INFO] shortest non-crossing segment: 2:(-25,-312)->(-19,-248) (len^2=4132)
[2013-07-04 16:59:24.388] separators=5
[2013-07-04 16:59:24.389] [TIME] intersection graph=2ms
[2013-07-04 16:59:24.389] [INFO] shortest triangulation segment: 0:(-19,-248)->(-63,-221) (len^2=2665)
[2013-07-04 16:59:24.389] [INFO] shortest convex hull segment: 4:(-25,-312)->(-63,-221) (len^2=9725)
[2013-07-04 16:59:24.389] [STATS] it=0	lb=0	ub=2
[2013-07-04 16:59:24.389] [TIME] controller initialization=3ms
IBM ILOG License Manager: "university-braunschweig" is accessing CPLEX 12 with option(s): "e m b q use=10 MaintenanceEnd=20110128 ".
[2013-07-04 16:59:24.395] [TIME] iteration 1=5ms
[2013-07-04 16:59:24.395] [INFO] shortest constrained triangulation segment: 2:(-25,-312)->(-19,-248) (len^2=4132)
[2013-07-04 16:59:24.395] [STATS] it=1	lb=2	ub=2
[2013-07-04 16:59:24.395] iterations=1 gap=0
[2013-07-04 16:59:24.395] [TIME] SAT solving=5ms
[2013-07-04 16:59:24.395] [TIME] total=9ms
