[2013-07-04 16:59:24.479] [INFO] Running in directory /tmp/hellmann/current_run
[2013-07-04 16:59:24.479] [INFO] Reading settings from /tmp/hellmann/current_run/config.json
[2013-07-04 16:59:24.479] [INFO] Reading input file ./0010/random_in_square_0010_0316_043.json ...
[2013-07-04 16:59:24.480] [TIME] generating segments=0ms
[2013-07-04 16:59:24.480] points=10 segments=45 convex hull=7
[2013-07-04 16:59:24.480] [INFO] shortest input segment: 0:(142,83)->(164,84) (len^2=485)
[2013-07-04 16:59:24.481] [INFO] shortest non-crossing segment: 1:(-274,79)->(-292,92) (len^2=493)
[2013-07-04 16:59:24.481] separators=1
[2013-07-04 16:59:24.481] [TIME] intersection graph=0ms
[2013-07-04 16:59:24.481] [INFO] shortest triangulation segment: 0:(142,83)->(164,84) (len^2=485)
[2013-07-04 16:59:24.481] [INFO] shortest convex hull segment: 3:(-89,-152)->(-158,-82) (len^2=9661)
[2013-07-04 16:59:24.481] [STATS] it=0	lb=0	ub=1
[2013-07-04 16:59:24.481] [TIME] controller initialization=1ms
IBM ILOG License Manager: "university-braunschweig" is accessing CPLEX 12 with option(s): "e m b q use=10 MaintenanceEnd=20110128 ".
[2013-07-04 16:59:24.486] [TIME] iteration 1=5ms
[2013-07-04 16:59:24.486] [INFO] shortest constrained triangulation segment: 1:(-274,79)->(-292,92) (len^2=493)
[2013-07-04 16:59:24.486] [STATS] it=1	lb=1	ub=1
[2013-07-04 16:59:24.486] iterations=1 gap=0
[2013-07-04 16:59:24.486] [TIME] SAT solving=5ms
[2013-07-04 16:59:24.486] [TIME] total=7ms
