[2013-07-04 16:59:24.502] [INFO] Running in directory /tmp/hellmann/current_run
[2013-07-04 16:59:24.502] [INFO] Reading settings from /tmp/hellmann/current_run/config.json
[2013-07-04 16:59:24.502] [INFO] Reading input file ./0010/random_in_square_0010_0316_044.json ...
[2013-07-04 16:59:24.503] [TIME] generating segments=0ms
[2013-07-04 16:59:24.503] points=10 segments=45 convex hull=6
[2013-07-04 16:59:24.503] [INFO] shortest input segment: 0:(76,181)->(-4,203) (len^2=6884)
[2013-07-04 16:59:24.504] [INFO] shortest non-crossing segment: 1:(-93,197)->(-4,203) (len^2=7957)
[2013-07-04 16:59:24.504] separators=1
[2013-07-04 16:59:24.504] [TIME] intersection graph=0ms
[2013-07-04 16:59:24.504] [INFO] shortest triangulation segment: 0:(76,181)->(-4,203) (len^2=6884)
[2013-07-04 16:59:24.504] [INFO] shortest convex hull segment: 1:(-93,197)->(-4,203) (len^2=7957)
[2013-07-04 16:59:24.504] [STATS] it=0	lb=0	ub=1
[2013-07-04 16:59:24.504] [TIME] controller initialization=2ms
IBM ILOG License Manager: "university-braunschweig" is accessing CPLEX 12 with option(s): "e m b q use=10 MaintenanceEnd=20110128 ".
[2013-07-04 16:59:24.510] [TIME] iteration 1=5ms
[2013-07-04 16:59:24.510] [INFO] shortest constrained triangulation segment: 1:(-93,197)->(-4,203) (len^2=7957)
[2013-07-04 16:59:24.510] [STATS] it=1	lb=1	ub=1
[2013-07-04 16:59:24.510] iterations=1 gap=0
[2013-07-04 16:59:24.510] [TIME] SAT solving=5ms
[2013-07-04 16:59:24.511] [TIME] total=8ms
