[2013-07-04 16:59:23.760] [INFO] Running in directory /tmp/hellmann/current_run
[2013-07-04 16:59:23.760] [INFO] Reading settings from /tmp/hellmann/current_run/config.json
[2013-07-04 16:59:23.760] [INFO] Reading input file ./0010/random_in_square_0010_0316_002.json ...
[2013-07-04 16:59:23.761] [TIME] generating segments=0ms
[2013-07-04 16:59:23.761] points=10 segments=45 convex hull=6
[2013-07-04 16:59:23.761] [INFO] shortest input segment: 0:(-18,-106)->(21,-97) (len^2=1602)
[2013-07-04 16:59:23.762] [INFO] shortest non-crossing segment: 1:(-164,236)->(-235,256) (len^2=5441)
[2013-07-04 16:59:23.762] separators=2
[2013-07-04 16:59:23.762] [TIME] intersection graph=0ms
[2013-07-04 16:59:23.762] [INFO] shortest triangulation segment: 0:(-18,-106)->(21,-97) (len^2=1602)
[2013-07-04 16:59:23.762] [INFO] shortest convex hull segment: 4:(122,-301)->(250,-292) (len^2=16465)
[2013-07-04 16:59:23.762] [STATS] it=0	lb=0	ub=1
[2013-07-04 16:59:23.762] [TIME] controller initialization=1ms
IBM ILOG License Manager: "university-braunschweig" is accessing CPLEX 12 with option(s): "e m b q use=10 MaintenanceEnd=20110128 ".
[2013-07-04 16:59:23.768] [TIME] iteration 1=6ms
[2013-07-04 16:59:23.768] [INFO] shortest constrained triangulation segment: 1:(-164,236)->(-235,256) (len^2=5441)
[2013-07-04 16:59:23.768] [STATS] it=1	lb=1	ub=1
[2013-07-04 16:59:23.768] iterations=1 gap=0
[2013-07-04 16:59:23.768] [TIME] SAT solving=6ms
[2013-07-04 16:59:23.768] [TIME] total=8ms
