[2013-07-04 16:59:24.227] [INFO] Running in directory /tmp/hellmann/current_run
[2013-07-04 16:59:24.227] [INFO] Reading settings from /tmp/hellmann/current_run/config.json
[2013-07-04 16:59:24.227] [INFO] Reading input file ./0010/random_in_square_0010_0316_031.json ...
[2013-07-04 16:59:24.228] [TIME] generating segments=0ms
[2013-07-04 16:59:24.228] points=10 segments=45 convex hull=6
[2013-07-04 16:59:24.228] [INFO] shortest input segment: 0:(-4,152)->(-32,169) (len^2=1073)
[2013-07-04 16:59:24.232] [INFO] shortest non-crossing segment: 5:(241,-104)->(251,-10) (len^2=8936)
[2013-07-04 16:59:24.232] separators=12
[2013-07-04 16:59:24.233] [TIME] intersection graph=4ms
[2013-07-04 16:59:24.233] [INFO] shortest triangulation segment: 0:(-4,152)->(-32,169) (len^2=1073)
[2013-07-04 16:59:24.233] [INFO] shortest convex hull segment: 5:(241,-104)->(251,-10) (len^2=8936)
[2013-07-04 16:59:24.233] [STATS] it=0	lb=0	ub=5
[2013-07-04 16:59:24.233] [TIME] controller initialization=6ms
IBM ILOG License Manager: "university-braunschweig" is accessing CPLEX 12 with option(s): "e m b q use=10 MaintenanceEnd=20110128 ".
[2013-07-04 16:59:24.240] [TIME] iteration 1=6ms
[2013-07-04 16:59:24.240] [INFO] shortest constrained triangulation segment: 5:(241,-104)->(251,-10) (len^2=8936)
[2013-07-04 16:59:24.240] [STATS] it=1	lb=5	ub=5
[2013-07-04 16:59:24.240] iterations=1 gap=0
[2013-07-04 16:59:24.241] [TIME] SAT solving=6ms
[2013-07-04 16:59:24.241] [TIME] total=13ms
