[2013-07-27 22:43:59.559] [INFO] Running in directory /opt/tmp/hellmann/uniform_distribution
[2013-07-27 22:43:59.559] [INFO] Reading settings from /opt/tmp/hellmann/uniform_distribution/config.json
[2013-07-27 22:43:59.595] [INFO] Reading input file ./0480/random_in_square_0480_2191_026.json ...
[2013-07-27 22:44:16.858] [TIME] generating segments=17205ms
[2013-07-27 22:44:16.862] points=480 segments=114960 convex hull=15
[2013-07-27 22:44:16.862] [INFO] shortest input segment: 0:(-1616,659)->(-1612,667) (len^2=80)
[2013-07-27 22:44:17.342] [INFO] shortest non-crossing segment: 13:(-1539,2164)->(-1566,2168) (len^2=745)
[2013-07-27 22:44:17.342] separators=3398
[2013-07-27 22:45:10.873] [TIME] intersection graph=54010ms
[2013-07-27 22:45:10.876] [INFO] shortest triangulation segment: 0:(-1616,659)->(-1612,667) (len^2=80)
[2013-07-27 22:45:10.876] [INFO] shortest convex hull segment: 200:(-2118,1970)->(-2109,2081) (len^2=12402)
[2013-07-27 22:45:10.876] [STATS] it=0	lb=0	ub=13
[2013-07-27 22:45:10.876] [TIME] controller initialization=71302ms
IBM ILOG License Manager: "university-braunschweig" is accessing CPLEX 12 with option(s): "e m b q use=10 MaintenanceEnd=20110128 ".
[2013-07-27 22:49:24.353] [TIME] iteration 1=253477ms
[2013-07-27 22:49:24.430] [STATS] it=1	lb=8	ub=13
[2013-07-27 22:53:25.968] [TIME] iteration 2=241529ms
[2013-07-27 22:53:26.312] [INFO] shortest constrained triangulation segment: 13:(-1539,2164)->(-1566,2168) (len^2=745)
[2013-07-27 22:53:26.312] [STATS] it=2	lb=13	ub=13
[2013-07-27 22:53:26.316] iterations=2 gap=0
[2013-07-27 22:53:26.316] [TIME] SAT solving=495006ms
[2013-07-27 22:53:26.316] [TIME] total=566742ms
