[2013-07-28 10:19:02.791] [INFO] Running in directory /opt/tmp/hellmann/uniform_distribution
[2013-07-28 10:19:02.791] [INFO] Reading settings from /opt/tmp/hellmann/uniform_distribution/config.json
[2013-07-28 10:19:02.807] [INFO] Reading input file ./0480/random_in_square_0480_2191_062.json ...
[2013-07-28 10:19:21.171] [TIME] generating segments=18310ms
[2013-07-28 10:19:21.175] points=480 segments=114960 convex hull=10
[2013-07-28 10:19:21.175] [INFO] shortest input segment: 0:(-1564,233)->(-1564,239) (len^2=36)
[2013-07-28 10:19:21.385] [INFO] shortest non-crossing segment: 6:(2162,2185)->(2172,2189) (len^2=116)
[2013-07-28 10:19:21.385] separators=394
[2013-07-28 10:19:22.048] [TIME] intersection graph=874ms
[2013-07-28 10:19:22.051] [INFO] shortest triangulation segment: 0:(-1564,233)->(-1564,239) (len^2=36)
[2013-07-28 10:19:22.051] [INFO] shortest convex hull segment: 161:(2181,2098)->(2172,2189) (len^2=8362)
[2013-07-28 10:19:22.051] [STATS] it=0	lb=0	ub=6
[2013-07-28 10:19:22.051] [TIME] controller initialization=19244ms
IBM ILOG License Manager: "university-braunschweig" is accessing CPLEX 12 with option(s): "e m b q use=10 MaintenanceEnd=20110128 ".
[2013-07-28 10:19:34.696] [TIME] iteration 1=12645ms
[2013-07-28 10:19:34.696] [STATS] it=1	lb=3	ub=6
[2013-07-28 10:19:47.031] [TIME] iteration 2=12336ms
[2013-07-28 10:19:47.031] [STATS] it=2	lb=5	ub=6
[2013-07-28 10:19:59.371] [TIME] iteration 3=12339ms
[2013-07-28 10:19:59.374] [INFO] shortest constrained triangulation segment: 6:(2162,2185)->(2172,2189) (len^2=116)
[2013-07-28 10:19:59.374] [STATS] it=3	lb=6	ub=6
[2013-07-28 10:19:59.374] iterations=3 gap=0
[2013-07-28 10:19:59.374] [TIME] SAT solving=37320ms
[2013-07-28 10:19:59.374] [TIME] total=56567ms
