[2013-07-28 09:48:05.266] [INFO] Running in directory /opt/tmp/hellmann/uniform_distribution
[2013-07-28 09:48:05.266] [INFO] Reading settings from /opt/tmp/hellmann/uniform_distribution/config.json
[2013-07-28 09:48:05.279] [INFO] Reading input file ./0480/random_in_square_0480_2191_060.json ...
[2013-07-28 09:48:23.604] [TIME] generating segments=18263ms
[2013-07-28 09:48:23.607] points=480 segments=114960 convex hull=11
[2013-07-28 09:48:23.607] [INFO] shortest input segment: 0:(-59,579)->(-62,581) (len^2=13)
[2013-07-28 09:48:23.793] [INFO] shortest non-crossing segment: 5:(1255,2129)->(1267,2137) (len^2=208)
[2013-07-28 09:48:23.793] separators=323
[2013-07-28 09:48:24.355] [TIME] intersection graph=748ms
[2013-07-28 09:48:24.358] [INFO] shortest triangulation segment: 0:(-59,579)->(-62,581) (len^2=13)
[2013-07-28 09:48:24.358] [INFO] shortest convex hull segment: 1285:(-1985,-1979)->(-2182,-1798) (len^2=71570)
[2013-07-28 09:48:24.358] [STATS] it=0	lb=0	ub=5
[2013-07-28 09:48:24.358] [TIME] controller initialization=19078ms
IBM ILOG License Manager: "university-braunschweig" is accessing CPLEX 12 with option(s): "e m b q use=10 MaintenanceEnd=20110128 ".
[2013-07-28 09:48:36.640] [TIME] iteration 1=12282ms
[2013-07-28 09:48:36.640] [STATS] it=1	lb=3	ub=5
[2013-07-28 09:48:48.856] [TIME] iteration 2=12216ms
[2013-07-28 09:48:48.856] [STATS] it=2	lb=4	ub=5
[2013-07-28 09:49:01.065] [TIME] iteration 3=12209ms
[2013-07-28 09:49:01.068] [INFO] shortest constrained triangulation segment: 4:(-365,2078)->(-377,2086) (len^2=208)
[2013-07-28 09:49:01.068] [STATS] it=3	lb=5	ub=5
[2013-07-28 09:49:01.068] iterations=3 gap=0
[2013-07-28 09:49:01.068] [TIME] SAT solving=36707ms
[2013-07-28 09:49:01.068] [TIME] total=55790ms
