[2013-07-28 00:24:36.900] [INFO] Running in directory /opt/tmp/hellmann/uniform_distribution
[2013-07-28 00:24:36.900] [INFO] Reading settings from /opt/tmp/hellmann/uniform_distribution/config.json
[2013-07-28 00:24:36.917] [INFO] Reading input file ./0480/random_in_square_0480_2191_031.json ...
[2013-07-28 00:24:54.011] [TIME] generating segments=17082ms
[2013-07-28 00:24:54.015] points=480 segments=114960 convex hull=18
[2013-07-28 00:24:54.015] [INFO] shortest input segment: 0:(-1781,-148)->(-1776,-142) (len^2=61)
[2013-07-28 00:24:54.162] [INFO] shortest non-crossing segment: 4:(2089,2123)->(2087,2134) (len^2=125)
[2013-07-28 00:24:54.162] separators=269
[2013-07-28 00:24:54.492] [TIME] intersection graph=477ms
[2013-07-28 00:24:54.494] [INFO] shortest triangulation segment: 1:(1763,807)->(1771,810) (len^2=73)
[2013-07-28 00:24:54.494] [INFO] shortest convex hull segment: 28:(2087,2134)->(2044,2149) (len^2=2074)
[2013-07-28 00:24:54.494] [STATS] it=0	lb=1	ub=4
[2013-07-28 00:24:54.494] [TIME] controller initialization=17577ms
IBM ILOG License Manager: "university-braunschweig" is accessing CPLEX 12 with option(s): "e m b q use=10 MaintenanceEnd=20110128 ".
[2013-07-28 00:25:06.743] [TIME] iteration 1=12249ms
[2013-07-28 00:25:06.745] [INFO] shortest constrained triangulation segment: 4:(2089,2123)->(2087,2134) (len^2=125)
[2013-07-28 00:25:06.745] [STATS] it=1	lb=4	ub=4
[2013-07-28 00:25:06.745] iterations=1 gap=0
[2013-07-28 00:25:06.745] [TIME] SAT solving=12249ms
[2013-07-28 00:25:06.745] [TIME] total=29829ms
