[2013-07-27 16:09:03.935] [INFO] Running in directory /opt/tmp/hellmann/uniform_distribution
[2013-07-27 16:09:03.935] [INFO] Reading settings from /opt/tmp/hellmann/uniform_distribution/config.json
[2013-07-27 16:09:03.936] [INFO] Reading input file ./0480/random_in_square_0480_2191_002.json ...
[2013-07-27 16:09:21.636] [TIME] generating segments=17695ms
[2013-07-27 16:09:21.639] points=480 segments=114960 convex hull=18
[2013-07-27 16:09:21.639] [INFO] shortest input segment: 0:(-707,1146)->(-705,1149) (len^2=13)
[2013-07-27 16:09:21.858] [INFO] shortest non-crossing segment: 6:(-1399,2165)->(-1387,2175) (len^2=244)
[2013-07-27 16:09:21.858] separators=571
[2013-07-27 16:09:23.109] [TIME] intersection graph=1470ms
[2013-07-27 16:09:23.111] [INFO] shortest triangulation segment: 0:(-707,1146)->(-705,1149) (len^2=13)
[2013-07-27 16:09:23.111] [INFO] shortest convex hull segment: 13:(-2113,-2145)->(-2139,-2127) (len^2=1000)
[2013-07-27 16:09:23.111] [STATS] it=0	lb=0	ub=6
[2013-07-27 16:09:23.111] [TIME] controller initialization=19175ms
IBM ILOG License Manager: "university-braunschweig" is accessing CPLEX 12 with option(s): "e m b q use=10 MaintenanceEnd=20110128 ".
[2013-07-27 16:09:36.062] [TIME] iteration 1=12951ms
[2013-07-27 16:09:36.062] [STATS] it=1	lb=3	ub=6
[2013-07-27 16:09:49.057] [TIME] iteration 2=12995ms
[2013-07-27 16:09:49.057] [STATS] it=2	lb=5	ub=6
[2013-07-27 16:10:02.033] [TIME] iteration 3=12977ms
[2013-07-27 16:10:02.036] [INFO] shortest constrained triangulation segment: 6:(-1399,2165)->(-1387,2175) (len^2=244)
[2013-07-27 16:10:02.036] [STATS] it=3	lb=6	ub=6
[2013-07-27 16:10:02.036] iterations=3 gap=0
[2013-07-27 16:10:02.036] [TIME] SAT solving=38923ms
[2013-07-27 16:10:02.036] [TIME] total=58100ms
