[2013-07-28 07:06:33.198] [INFO] Running in directory /opt/tmp/hellmann/uniform_distribution
[2013-07-28 07:06:33.198] [INFO] Reading settings from /opt/tmp/hellmann/uniform_distribution/config.json
[2013-07-28 07:06:33.215] [INFO] Reading input file ./0480/random_in_square_0480_2191_050.json ...
[2013-07-28 07:06:51.000] [TIME] generating segments=17759ms
[2013-07-28 07:06:51.004] points=480 segments=114960 convex hull=13
[2013-07-28 07:06:51.004] [INFO] shortest input segment: 0:(467,-1285)->(467,-1282) (len^2=9)
[2013-07-28 07:06:51.215] [INFO] shortest non-crossing segment: 6:(1990,-1932)->(1997,-1912) (len^2=449)
[2013-07-28 07:06:51.215] separators=193
[2013-07-28 07:06:51.378] [TIME] intersection graph=373ms
[2013-07-28 07:06:51.380] [INFO] shortest triangulation segment: 0:(467,-1285)->(467,-1282) (len^2=9)
[2013-07-28 07:06:51.380] [INFO] shortest convex hull segment: 850:(2174,1892)->(2032,2056) (len^2=47060)
[2013-07-28 07:06:51.380] [STATS] it=0	lb=0	ub=6
[2013-07-28 07:06:51.380] [TIME] controller initialization=18165ms
IBM ILOG License Manager: "university-braunschweig" is accessing CPLEX 12 with option(s): "e m b q use=10 MaintenanceEnd=20110128 ".
[2013-07-28 07:07:05.039] [TIME] iteration 1=13659ms
[2013-07-28 07:07:05.039] [STATS] it=1	lb=3	ub=6
[2013-07-28 07:07:16.938] [TIME] iteration 2=11899ms
[2013-07-28 07:07:16.938] [STATS] it=2	lb=5	ub=6
[2013-07-28 07:07:28.842] [TIME] iteration 3=11905ms
[2013-07-28 07:07:28.844] [INFO] shortest constrained triangulation segment: 6:(1990,-1932)->(1997,-1912) (len^2=449)
[2013-07-28 07:07:28.845] [STATS] it=3	lb=6	ub=6
[2013-07-28 07:07:28.845] iterations=3 gap=0
[2013-07-28 07:07:28.845] [TIME] SAT solving=37463ms
[2013-07-28 07:07:28.845] [TIME] total=55631ms
