[2013-07-28 08:08:54.547] [INFO] Running in directory /opt/tmp/hellmann/uniform_distribution
[2013-07-28 08:08:54.547] [INFO] Reading settings from /opt/tmp/hellmann/uniform_distribution/config.json
[2013-07-28 08:08:54.547] [INFO] Reading input file ./0480/random_in_square_0480_2191_054.json ...
[2013-07-28 08:09:12.222] [TIME] generating segments=17661ms
[2013-07-28 08:09:12.226] points=480 segments=114960 convex hull=18
[2013-07-28 08:09:12.226] [INFO] shortest input segment: 0:(-1374,-161)->(-1369,-152) (len^2=106)
[2013-07-28 08:09:12.817] [INFO] shortest non-crossing segment: 17:(-2084,-2173)->(-2114,-2155) (len^2=1224)
[2013-07-28 08:09:12.817] separators=3007
[2013-07-28 08:09:42.158] [TIME] intersection graph=29933ms
[2013-07-28 08:09:42.161] [INFO] shortest triangulation segment: 0:(-1374,-161)->(-1369,-152) (len^2=106)
[2013-07-28 08:09:42.161] [INFO] shortest convex hull segment: 17:(-2084,-2173)->(-2114,-2155) (len^2=1224)
[2013-07-28 08:09:42.161] [STATS] it=0	lb=0	ub=17
[2013-07-28 08:09:42.161] [TIME] controller initialization=47614ms
IBM ILOG License Manager: "university-braunschweig" is accessing CPLEX 12 with option(s): "e m b q use=10 MaintenanceEnd=20110128 ".
[2013-07-28 08:11:27.706] [TIME] iteration 1=105544ms
[2013-07-28 08:11:27.731] [STATS] it=1	lb=10	ub=17
[2013-07-28 08:13:02.484] [TIME] iteration 2=94752ms
[2013-07-28 08:13:02.648] [INFO] shortest constrained triangulation segment: 17:(-2084,-2173)->(-2114,-2155) (len^2=1224)
[2013-07-28 08:13:02.650] [STATS] it=2	lb=17	ub=17
[2013-07-28 08:13:02.651] iterations=2 gap=0
[2013-07-28 08:13:02.652] [TIME] SAT solving=200291ms
[2013-07-28 08:13:02.653] [TIME] total=248105ms
