[2013-07-28 17:26:34.659] [INFO] Running in directory /opt/tmp/hellmann/uniform_distribution
[2013-07-28 17:26:34.659] [INFO] Reading settings from /opt/tmp/hellmann/uniform_distribution/config.json
[2013-07-28 17:26:34.676] [INFO] Reading input file ./0480/random_in_square_0480_2191_090.json ...
[2013-07-28 17:26:52.008] [TIME] generating segments=17288ms
[2013-07-28 17:26:52.012] points=480 segments=114960 convex hull=12
[2013-07-28 17:26:52.012] [INFO] shortest input segment: 0:(-1833,-1328)->(-1827,-1323) (len^2=61)
[2013-07-28 17:26:52.442] [INFO] shortest non-crossing segment: 12:(-1942,-1899)->(-1965,-1882) (len^2=818)
[2013-07-28 17:26:52.442] separators=2329
[2013-07-28 17:27:19.804] [TIME] intersection graph=27792ms
[2013-07-28 17:27:19.806] [INFO] shortest triangulation segment: 0:(-1833,-1328)->(-1827,-1323) (len^2=61)
[2013-07-28 17:27:19.807] [INFO] shortest convex hull segment: 409:(-1481,-524)->(-1583,-420) (len^2=21220)
[2013-07-28 17:27:19.807] [STATS] it=0	lb=0	ub=12
[2013-07-28 17:27:19.807] [TIME] controller initialization=45132ms
IBM ILOG License Manager: "university-braunschweig" is accessing CPLEX 12 with option(s): "e m b q use=10 MaintenanceEnd=20110128 ".
[2013-07-28 17:29:01.563] [TIME] iteration 1=101756ms
[2013-07-28 17:29:01.601] [STATS] it=1	lb=6	ub=12
[2013-07-28 17:30:26.266] [TIME] iteration 2=84665ms
[2013-07-28 17:30:26.289] [STATS] it=2	lb=9	ub=12
[2013-07-28 17:31:46.953] [TIME] iteration 3=80664ms
[2013-07-28 17:31:47.263] [INFO] shortest constrained triangulation segment: 12:(-1942,-1899)->(-1965,-1882) (len^2=818)
[2013-07-28 17:31:47.263] [STATS] it=3	lb=12	ub=12
[2013-07-28 17:31:47.266] iterations=3 gap=0
[2013-07-28 17:31:47.266] [TIME] SAT solving=267085ms
[2013-07-28 17:31:47.266] [TIME] total=312591ms
