[2013-07-27 23:23:36.996] [INFO] Running in directory /opt/tmp/hellmann/uniform_distribution
[2013-07-27 23:23:36.997] [INFO] Reading settings from /opt/tmp/hellmann/uniform_distribution/config.json
[2013-07-27 23:23:37.013] [INFO] Reading input file ./0480/random_in_square_0480_2191_028.json ...
[2013-07-27 23:23:54.924] [TIME] generating segments=17859ms
[2013-07-27 23:23:54.928] points=480 segments=114960 convex hull=15
[2013-07-27 23:23:54.928] [INFO] shortest input segment: 0:(-173,1099)->(-168,1102) (len^2=34)
[2013-07-27 23:23:55.111] [INFO] shortest non-crossing segment: 5:(-2173,-1566)->(-2181,-1549) (len^2=353)
[2013-07-27 23:23:55.111] separators=450
[2013-07-27 23:23:56.156] [TIME] intersection graph=1227ms
[2013-07-27 23:23:56.158] [INFO] shortest triangulation segment: 0:(-173,1099)->(-168,1102) (len^2=34)
[2013-07-27 23:23:56.158] [INFO] shortest convex hull segment: 277:(1907,-2190)->(2009,-2116) (len^2=15880)
[2013-07-27 23:23:56.158] [STATS] it=0	lb=0	ub=5
[2013-07-27 23:23:56.158] [TIME] controller initialization=19145ms
IBM ILOG License Manager: "university-braunschweig" is accessing CPLEX 12 with option(s): "e m b q use=10 MaintenanceEnd=20110128 ".
[2013-07-27 23:24:09.158] [TIME] iteration 1=13000ms
[2013-07-27 23:24:09.158] [STATS] it=1	lb=3	ub=5
[2013-07-27 23:24:21.844] [TIME] iteration 2=12686ms
[2013-07-27 23:24:21.844] [STATS] it=2	lb=4	ub=5
[2013-07-27 23:24:34.527] [TIME] iteration 3=12683ms
[2013-07-27 23:24:34.530] [INFO] shortest constrained triangulation segment: 5:(-2173,-1566)->(-2181,-1549) (len^2=353)
[2013-07-27 23:24:34.530] [STATS] it=3	lb=5	ub=5
[2013-07-27 23:24:34.530] iterations=3 gap=0
[2013-07-27 23:24:34.530] [TIME] SAT solving=38369ms
[2013-07-27 23:24:34.530] [TIME] total=57517ms
