[2013-07-06 15:57:34.116] [INFO] Running in directory /tmp/hellmann/current_run
[2013-07-06 15:57:34.117] [INFO] Reading settings from /tmp/hellmann/current_run/config.json
[2013-07-06 15:57:34.131] [INFO] Reading input file ./0200/random_in_square_0200_1414_076.json ...
[2013-07-06 15:57:34.820] [TIME] generating segments=677ms
[2013-07-06 15:57:34.821] points=200 segments=19900 convex hull=16
[2013-07-06 15:57:34.821] [INFO] shortest input segment: 0:(-701,458)->(-701,463) (len^2=25)
[2013-07-06 15:57:35.032] [INFO] shortest non-crossing segment: 16:(-1254,-1304)->(-1246,-1254) (len^2=2564)
[2013-07-06 15:57:35.032] separators=1720
[2013-07-06 15:57:49.747] [TIME] intersection graph=14926ms
[2013-07-06 15:57:49.748] [INFO] shortest triangulation segment: 0:(-701,458)->(-701,463) (len^2=25)
[2013-07-06 15:57:49.748] [INFO] shortest convex hull segment: 38:(-1400,802)->(-1385,879) (len^2=6154)
[2013-07-06 15:57:49.748] [STATS] it=0	lb=0	ub=16
[2013-07-06 15:57:49.748] [TIME] controller initialization=15632ms
IBM ILOG License Manager: "university-braunschweig" is accessing CPLEX 12 with option(s): "e m b q use=10 MaintenanceEnd=20110128 ".
[2013-07-06 15:58:42.135] [TIME] iteration 1=52386ms
[2013-07-06 15:58:42.135] [STATS] it=1	lb=13	ub=16
[2013-07-06 15:59:30.715] [TIME] iteration 2=48580ms
[2013-07-06 15:59:30.722] [INFO] shortest constrained triangulation segment: 16:(-1254,-1304)->(-1246,-1254) (len^2=2564)
[2013-07-06 15:59:30.722] [STATS] it=2	lb=16	ub=16
[2013-07-06 15:59:30.722] iterations=2 gap=0
[2013-07-06 15:59:30.722] [TIME] SAT solving=100966ms
[2013-07-06 15:59:30.722] [TIME] total=116605ms
