[2013-07-06 15:59:31.615] [INFO] Running in directory /tmp/hellmann/current_run
[2013-07-06 15:59:31.616] [INFO] Reading settings from /tmp/hellmann/current_run/config.json
[2013-07-06 15:59:31.628] [INFO] Reading input file ./0200/random_in_square_0200_1414_077.json ...
[2013-07-06 15:59:32.280] [TIME] generating segments=639ms
[2013-07-06 15:59:32.281] points=200 segments=19900 convex hull=17
[2013-07-06 15:59:32.281] [INFO] shortest input segment: 0:(2,-436)->(7,-431) (len^2=50)
[2013-07-06 15:59:32.325] [INFO] shortest non-crossing segment: 3:(580,-1413)->(558,-1400) (len^2=653)
[2013-07-06 15:59:32.325] separators=140
[2013-07-06 15:59:32.431] [TIME] intersection graph=150ms
[2013-07-06 15:59:32.432] [INFO] shortest triangulation segment: 0:(2,-436)->(7,-431) (len^2=50)
[2013-07-06 15:59:32.432] [INFO] shortest convex hull segment: 257:(1408,138)->(1409,322) (len^2=33857)
[2013-07-06 15:59:32.432] [STATS] it=0	lb=0	ub=3
[2013-07-06 15:59:32.432] [TIME] controller initialization=817ms
IBM ILOG License Manager: "university-braunschweig" is accessing CPLEX 12 with option(s): "e m b q use=10 MaintenanceEnd=20110128 ".
[2013-07-06 15:59:32.928] [TIME] iteration 1=496ms
[2013-07-06 15:59:32.930] [INFO] shortest constrained triangulation segment: 3:(580,-1413)->(558,-1400) (len^2=653)
[2013-07-06 15:59:32.930] [STATS] it=1	lb=3	ub=3
[2013-07-06 15:59:32.930] iterations=1 gap=0
[2013-07-06 15:59:32.930] [TIME] SAT solving=496ms
[2013-07-06 15:59:32.930] [TIME] total=1313ms
