[2013-07-06 17:56:32.642] [INFO] Running in directory /tmp/hellmann/current_run
[2013-07-06 17:56:32.642] [INFO] Reading settings from /tmp/hellmann/current_run/config.json
[2013-07-06 17:56:32.656] [INFO] Reading input file ./0200/random_in_square_0200_1414_093.json ...
[2013-07-06 17:56:33.314] [TIME] generating segments=651ms
[2013-07-06 17:56:33.315] points=200 segments=19900 convex hull=11
[2013-07-06 17:56:33.316] [INFO] shortest input segment: 0:(954,913)->(955,913) (len^2=1)
[2013-07-06 17:56:33.535] [INFO] shortest non-crossing segment: 18:(-1404,1333)->(-1351,1356) (len^2=3338)
[2013-07-06 17:56:33.535] separators=1235
[2013-07-06 17:56:40.209] [TIME] intersection graph=6894ms
[2013-07-06 17:56:40.210] [INFO] shortest triangulation segment: 0:(954,913)->(955,913) (len^2=1)
[2013-07-06 17:56:40.210] [INFO] shortest convex hull segment: 18:(-1404,1333)->(-1351,1356) (len^2=3338)
[2013-07-06 17:56:40.210] [STATS] it=0	lb=0	ub=18
[2013-07-06 17:56:40.210] [TIME] controller initialization=7554ms
IBM ILOG License Manager: "university-braunschweig" is accessing CPLEX 12 with option(s): "e m b q use=10 MaintenanceEnd=20110128 ".
[2013-07-06 17:56:45.360] [TIME] iteration 1=5149ms
[2013-07-06 17:56:45.360] [STATS] it=1	lb=9	ub=18
[2013-07-06 17:56:47.171] [ERROR] Solution is infeasible
[2013-07-06 17:56:47.171] [TIME] iteration 2=1811ms
[2013-07-06 17:56:47.171] [STATS] it=2	lb=9	ub=13
[2013-07-06 17:56:48.585] [TIME] iteration 3=1414ms
[2013-07-06 17:56:48.585] [STATS] it=3	lb=11	ub=13
[2013-07-06 17:56:50.027] [TIME] iteration 4=1442ms
[2013-07-06 17:56:50.029] [INFO] shortest constrained triangulation segment: 13:(1037,1223)->(1064,1256) (len^2=1818)
[2013-07-06 17:56:50.029] [STATS] it=4	lb=13	ub=13
[2013-07-06 17:56:50.029] iterations=4 gap=0
[2013-07-06 17:56:50.029] [TIME] SAT solving=9816ms
[2013-07-06 17:56:50.029] [TIME] total=17372ms
