[2013-07-06 13:16:27.228] [INFO] Running in directory /tmp/hellmann/current_run
[2013-07-06 13:16:27.228] [INFO] Reading settings from /tmp/hellmann/current_run/config.json
[2013-07-06 13:16:27.229] [INFO] Reading input file ./0200/random_in_square_0200_1414_042.json ...
[2013-07-06 13:16:27.889] [TIME] generating segments=659ms
[2013-07-06 13:16:27.890] points=200 segments=19900 convex hull=17
[2013-07-06 13:16:27.890] [INFO] shortest input segment: 0:(1064,-821)->(1072,-812) (len^2=145)
[2013-07-06 13:16:28.133] [INFO] shortest non-crossing segment: 20:(1306,1255)->(1269,1287) (len^2=2393)
[2013-07-06 13:16:28.133] separators=1213
[2013-07-06 13:16:34.765] [TIME] intersection graph=6875ms
[2013-07-06 13:16:34.766] [INFO] shortest triangulation segment: 0:(1064,-821)->(1072,-812) (len^2=145)
[2013-07-06 13:16:34.766] [INFO] shortest convex hull segment: 20:(1306,1255)->(1269,1287) (len^2=2393)
[2013-07-06 13:16:34.766] [STATS] it=0	lb=0	ub=20
[2013-07-06 13:16:34.766] [TIME] controller initialization=7538ms
IBM ILOG License Manager: "university-braunschweig" is accessing CPLEX 12 with option(s): "e m b q use=10 MaintenanceEnd=20110128 ".
[2013-07-06 13:16:47.026] [TIME] iteration 1=12259ms
[2013-07-06 13:16:47.026] [STATS] it=1	lb=10	ub=20
[2013-07-06 13:16:59.535] [TIME] iteration 2=12510ms
[2013-07-06 13:16:59.536] [STATS] it=2	lb=15	ub=20
[2013-07-06 13:17:11.746] [TIME] iteration 3=12210ms
[2013-07-06 13:17:11.746] [STATS] it=3	lb=19	ub=20
[2013-07-06 13:17:24.099] [TIME] iteration 4=12353ms
[2013-07-06 13:17:24.101] [INFO] shortest constrained triangulation segment: 20:(1306,1255)->(1269,1287) (len^2=2393)
[2013-07-06 13:17:24.101] [STATS] it=4	lb=20	ub=20
[2013-07-06 13:17:24.101] iterations=4 gap=0
[2013-07-06 13:17:24.101] [TIME] SAT solving=49332ms
[2013-07-06 13:17:24.101] [TIME] total=56873ms
