[2013-07-06 17:59:01.696] [INFO] Running in directory /tmp/hellmann/current_run
[2013-07-06 17:59:01.696] [INFO] Reading settings from /tmp/hellmann/current_run/config.json
[2013-07-06 17:59:01.697] [INFO] Reading input file ./0200/random_in_square_0200_1414_098.json ...
[2013-07-06 17:59:02.361] [TIME] generating segments=652ms
[2013-07-06 17:59:02.362] points=200 segments=19900 convex hull=14
[2013-07-06 17:59:02.362] [INFO] shortest input segment: 0:(865,907)->(864,914) (len^2=50)
[2013-07-06 17:59:02.767] [INFO] shortest non-crossing segment: 31:(1299,-1348)->(1363,-1341) (len^2=4145)
[2013-07-06 17:59:02.768] separators=3393
[2013-07-06 17:59:58.139] [TIME] intersection graph=55777ms
[2013-07-06 17:59:58.140] [INFO] shortest triangulation segment: 0:(865,907)->(864,914) (len^2=50)
[2013-07-06 17:59:58.140] [INFO] shortest convex hull segment: 31:(1299,-1348)->(1363,-1341) (len^2=4145)
[2013-07-06 17:59:58.140] [STATS] it=0	lb=0	ub=31
[2013-07-06 17:59:58.140] [TIME] controller initialization=56443ms
IBM ILOG License Manager: "university-braunschweig" is accessing CPLEX 12 with option(s): "e m b q use=10 MaintenanceEnd=20110128 ".
[2013-07-06 18:03:56.504] [TIME] iteration 1=238365ms
[2013-07-06 18:03:56.532] [STATS] it=1	lb=20	ub=31
[2013-07-06 18:07:47.058] [TIME] iteration 2=230524ms
[2013-07-06 18:07:47.096] [STATS] it=2	lb=26	ub=31
[2013-07-06 18:11:46.633] [TIME] iteration 3=239525ms
[2013-07-06 18:11:46.733] [INFO] shortest constrained triangulation segment: 31:(1299,-1348)->(1363,-1341) (len^2=4145)
[2013-07-06 18:11:46.738] [STATS] it=3	lb=31	ub=31
[2013-07-06 18:11:46.743] iterations=3 gap=0
[2013-07-06 18:11:46.748] [TIME] SAT solving=708379ms
[2013-07-06 18:11:46.749] [TIME] total=765051ms
