[2013-07-06 12:17:23.289] [INFO] Running in directory /tmp/hellmann/current_run
[2013-07-06 12:17:23.289] [INFO] Reading settings from /tmp/hellmann/current_run/config.json
[2013-07-06 12:17:23.289] [INFO] Reading input file ./0200/random_in_square_0200_1414_020.json ...
[2013-07-06 12:17:23.961] [TIME] generating segments=659ms
[2013-07-06 12:17:23.962] points=200 segments=19900 convex hull=18
[2013-07-06 12:17:23.962] [INFO] shortest input segment: 0:(-1260,247)->(-1272,255) (len^2=208)
[2013-07-06 12:17:24.166] [INFO] shortest non-crossing segment: 16:(-93,-1410)->(-142,-1407) (len^2=2410)
[2013-07-06 12:17:24.166] separators=1361
[2013-07-06 12:17:33.048] [TIME] intersection graph=9086ms
[2013-07-06 12:17:33.050] [INFO] shortest triangulation segment: 1:(-802,-693)->(-796,-673) (len^2=436)
[2013-07-06 12:17:33.050] [INFO] shortest convex hull segment: 19:(-1226,-1185)->(-1265,-1153) (len^2=2545)
[2013-07-06 12:17:33.050] [STATS] it=0	lb=1	ub=16
[2013-07-06 12:17:33.050] [TIME] controller initialization=9761ms
IBM ILOG License Manager: "university-braunschweig" is accessing CPLEX 12 with option(s): "e m b q use=10 MaintenanceEnd=20110128 ".
[2013-07-06 12:17:51.566] [TIME] iteration 1=18517ms
[2013-07-06 12:17:51.566] [STATS] it=1	lb=10	ub=16
[2013-07-06 12:18:09.247] [TIME] iteration 2=17681ms
[2013-07-06 12:18:09.249] [INFO] shortest constrained triangulation segment: 16:(-93,-1410)->(-142,-1407) (len^2=2410)
[2013-07-06 12:18:09.249] [STATS] it=2	lb=16	ub=16
[2013-07-06 12:18:09.249] iterations=2 gap=0
[2013-07-06 12:18:09.249] [TIME] SAT solving=36198ms
[2013-07-06 12:18:09.249] [TIME] total=45960ms
