[2013-07-06 12:42:15.637] [INFO] Running in directory /tmp/hellmann/current_run
[2013-07-06 12:42:15.637] [INFO] Reading settings from /tmp/hellmann/current_run/config.json
[2013-07-06 12:42:15.653] [INFO] Reading input file ./0200/random_in_square_0200_1414_031.json ...
[2013-07-06 12:42:16.340] [TIME] generating segments=672ms
[2013-07-06 12:42:16.341] points=200 segments=19900 convex hull=13
[2013-07-06 12:42:16.341] [INFO] shortest input segment: 0:(-958,362)->(-968,365) (len^2=109)
[2013-07-06 12:42:16.469] [INFO] shortest non-crossing segment: 10:(1399,1364)->(1398,1404) (len^2=1601)
[2013-07-06 12:42:16.469] separators=767
[2013-07-06 12:42:19.342] [TIME] intersection graph=3001ms
[2013-07-06 12:42:19.343] [INFO] shortest triangulation segment: 0:(-958,362)->(-968,365) (len^2=109)
[2013-07-06 12:42:19.344] [INFO] shortest convex hull segment: 10:(1399,1364)->(1398,1404) (len^2=1601)
[2013-07-06 12:42:19.344] [STATS] it=0	lb=0	ub=10
[2013-07-06 12:42:19.344] [TIME] controller initialization=3694ms
IBM ILOG License Manager: "university-braunschweig" is accessing CPLEX 12 with option(s): "e m b q use=10 MaintenanceEnd=20110128 ".
[2013-07-06 12:42:24.026] [TIME] iteration 1=4683ms
[2013-07-06 12:42:24.026] [STATS] it=1	lb=6	ub=10
[2013-07-06 12:42:28.466] [TIME] iteration 2=4440ms
[2013-07-06 12:42:28.467] [INFO] shortest constrained triangulation segment: 10:(1399,1364)->(1398,1404) (len^2=1601)
[2013-07-06 12:42:28.467] [STATS] it=2	lb=10	ub=10
[2013-07-06 12:42:28.467] iterations=2 gap=0
[2013-07-06 12:42:28.467] [TIME] SAT solving=9123ms
[2013-07-06 12:42:28.467] [TIME] total=12819ms
