[2013-07-06 12:19:36.701] [INFO] Running in directory /tmp/hellmann/current_run
[2013-07-06 12:19:36.702] [INFO] Reading settings from /tmp/hellmann/current_run/config.json
[2013-07-06 12:19:36.702] [INFO] Reading input file ./0200/random_in_square_0200_1414_027.json ...
[2013-07-06 12:19:37.361] [TIME] generating segments=649ms
[2013-07-06 12:19:37.362] points=200 segments=19900 convex hull=15
[2013-07-06 12:19:37.362] [INFO] shortest input segment: 0:(934,-531)->(940,-531) (len^2=36)
[2013-07-06 12:19:37.426] [INFO] shortest non-crossing segment: 5:(1369,718)->(1392,732) (len^2=725)
[2013-07-06 12:19:37.426] separators=177
[2013-07-06 12:19:37.582] [TIME] intersection graph=221ms
[2013-07-06 12:19:37.583] [INFO] shortest triangulation segment: 0:(934,-531)->(940,-531) (len^2=36)
[2013-07-06 12:19:37.583] [INFO] shortest convex hull segment: 489:(1287,-1372)->(1398,-1142) (len^2=65221)
[2013-07-06 12:19:37.583] [STATS] it=0	lb=0	ub=5
[2013-07-06 12:19:37.583] [TIME] controller initialization=882ms
IBM ILOG License Manager: "university-braunschweig" is accessing CPLEX 12 with option(s): "e m b q use=10 MaintenanceEnd=20110128 ".
[2013-07-06 12:19:38.111] [TIME] iteration 1=527ms
[2013-07-06 12:19:38.111] [STATS] it=1	lb=3	ub=5
[2013-07-06 12:19:38.633] [TIME] iteration 2=522ms
[2013-07-06 12:19:38.634] [INFO] shortest constrained triangulation segment: 5:(1369,718)->(1392,732) (len^2=725)
[2013-07-06 12:19:38.634] [STATS] it=2	lb=5	ub=5
[2013-07-06 12:19:38.634] iterations=2 gap=0
[2013-07-06 12:19:38.634] [TIME] SAT solving=1049ms
[2013-07-06 12:19:38.634] [TIME] total=1933ms
