[2013-07-06 14:44:32.131] [INFO] Running in directory /tmp/hellmann/current_run
[2013-07-06 14:44:32.131] [INFO] Reading settings from /tmp/hellmann/current_run/config.json
[2013-07-06 14:44:32.132] [INFO] Reading input file ./0200/random_in_square_0200_1414_068.json ...
[2013-07-06 14:44:32.782] [TIME] generating segments=642ms
[2013-07-06 14:44:32.783] points=200 segments=19900 convex hull=14
[2013-07-06 14:44:32.783] [INFO] shortest input segment: 0:(-52,985)->(-44,985) (len^2=64)
[2013-07-06 14:44:33.302] [INFO] shortest non-crossing segment: 39:(-1332,-746)->(-1400,-740) (len^2=4660)
[2013-07-06 14:44:33.302] separators=3794
[2013-07-06 14:45:35.153] [TIME] intersection graph=62370ms
[2013-07-06 14:45:35.155] [INFO] shortest triangulation segment: 0:(-52,985)->(-44,985) (len^2=64)
[2013-07-06 14:45:35.155] [INFO] shortest convex hull segment: 66:(-1329,798)->(-1276,876) (len^2=8893)
[2013-07-06 14:45:35.155] [STATS] it=0	lb=0	ub=39
[2013-07-06 14:45:35.155] [TIME] controller initialization=63023ms
IBM ILOG License Manager: "university-braunschweig" is accessing CPLEX 12 with option(s): "e m b q use=10 MaintenanceEnd=20110128 ".
[2013-07-06 14:50:24.918] [TIME] iteration 1=289764ms
[2013-07-06 14:50:24.958] [STATS] it=1	lb=22	ub=39
[2013-07-06 15:00:23.860] [TIME] iteration 2=598902ms
[2013-07-06 15:00:23.885] [STATS] it=2	lb=31	ub=39
[2013-07-06 15:08:49.623] [TIME] iteration 3=505737ms
[2013-07-06 15:08:49.651] [STATS] it=3	lb=35	ub=39
