[2013-07-06 10:39:20.627] [INFO] Running in directory /tmp/hellmann/current_run
[2013-07-06 10:39:20.627] [INFO] Reading settings from /tmp/hellmann/current_run/config.json
[2013-07-06 10:39:20.628] [INFO] Reading input file ./0200/random_in_square_0200_1414_000.json ...
[2013-07-06 10:39:21.293] [TIME] generating segments=658ms
[2013-07-06 10:39:21.294] points=200 segments=19900 convex hull=13
[2013-07-06 10:39:21.294] [INFO] shortest input segment: 0:(809,419)->(801,429) (len^2=164)
[2013-07-06 10:39:21.410] [INFO] shortest non-crossing segment: 9:(1348,-378)->(1376,-353) (len^2=1409)
[2013-07-06 10:39:21.410] separators=735
[2013-07-06 10:39:23.940] [TIME] intersection graph=2646ms
[2013-07-06 10:39:23.941] [INFO] shortest triangulation segment: 0:(809,419)->(801,429) (len^2=164)
[2013-07-06 10:39:23.941] [INFO] shortest convex hull segment: 100:(-1268,-1312)->(-1296,-1204) (len^2=12448)
[2013-07-06 10:39:23.941] [STATS] it=0	lb=0	ub=9
[2013-07-06 10:39:23.941] [TIME] controller initialization=3313ms
IBM ILOG License Manager: "university-braunschweig" is accessing CPLEX 12 with option(s): "e m b q use=10 MaintenanceEnd=20110128 ".
[2013-07-06 10:39:27.958] [TIME] iteration 1=4016ms
[2013-07-06 10:39:27.958] [STATS] it=1	lb=5	ub=9
[2013-07-06 10:39:31.977] [TIME] iteration 2=4018ms
[2013-07-06 10:39:31.977] [STATS] it=2	lb=8	ub=9
[2013-07-06 10:39:35.933] [TIME] iteration 3=3957ms
[2013-07-06 10:39:35.935] [INFO] shortest constrained triangulation segment: 9:(1348,-378)->(1376,-353) (len^2=1409)
[2013-07-06 10:39:35.935] [STATS] it=3	lb=9	ub=9
[2013-07-06 10:39:35.935] iterations=3 gap=0
[2013-07-06 10:39:35.935] [TIME] SAT solving=11991ms
[2013-07-06 10:39:35.935] [TIME] total=15307ms
