[2013-07-06 16:12:29.377] [INFO] Running in directory /tmp/hellmann/current_run
[2013-07-06 16:12:29.377] [INFO] Reading settings from /tmp/hellmann/current_run/config.json
[2013-07-06 16:12:29.394] [INFO] Reading input file ./0200/random_in_square_0200_1414_079.json ...
[2013-07-06 16:12:30.064] [TIME] generating segments=659ms
[2013-07-06 16:12:30.065] points=200 segments=19900 convex hull=10
[2013-07-06 16:12:30.065] [INFO] shortest input segment: 0:(-1318,281)->(-1327,295) (len^2=277)
[2013-07-06 16:12:30.219] [INFO] shortest non-crossing segment: 13:(1295,1197)->(1251,1198) (len^2=1937)
[2013-07-06 16:12:30.219] separators=596
[2013-07-06 16:12:31.720] [TIME] intersection graph=1655ms
[2013-07-06 16:12:31.721] [INFO] shortest triangulation segment: 0:(-1318,281)->(-1327,295) (len^2=277)
[2013-07-06 16:12:31.721] [INFO] shortest convex hull segment: 538:(-1336,-1413)->(-1409,-1142) (len^2=78770)
[2013-07-06 16:12:31.722] [STATS] it=0	lb=0	ub=13
[2013-07-06 16:12:31.722] [TIME] controller initialization=2332ms
IBM ILOG License Manager: "university-braunschweig" is accessing CPLEX 12 with option(s): "e m b q use=10 MaintenanceEnd=20110128 ".
[2013-07-06 16:12:34.060] [TIME] iteration 1=2338ms
[2013-07-06 16:12:34.060] [STATS] it=1	lb=8	ub=13
[2013-07-06 16:12:44.309] [ERROR] Solution is infeasible
[2013-07-06 16:12:44.310] [TIME] iteration 2=10249ms
[2013-07-06 16:12:44.310] [STATS] it=2	lb=8	ub=10
[2013-07-06 16:12:45.409] [TIME] iteration 3=1099ms
[2013-07-06 16:12:45.409] [STATS] it=3	lb=9	ub=10
[2013-07-06 16:12:48.048] [ERROR] Solution is infeasible
[2013-07-06 16:12:48.048] [TIME] iteration 4=2640ms
[2013-07-06 16:12:48.050] [INFO] shortest constrained triangulation segment: 9:(-1380,-446)->(-1410,-434) (len^2=1044)
[2013-07-06 16:12:48.050] [STATS] it=4	lb=9	ub=9
[2013-07-06 16:12:48.050] iterations=4 gap=0
[2013-07-06 16:12:48.050] [TIME] SAT solving=16325ms
[2013-07-06 16:12:48.050] [TIME] total=18661ms
