[2013-07-06 11:50:05.664] [INFO] Running in directory /tmp/hellmann/current_run
[2013-07-06 11:50:05.664] [INFO] Reading settings from /tmp/hellmann/current_run/config.json
[2013-07-06 11:50:05.664] [INFO] Reading input file ./0200/random_in_square_0200_1414_010.json ...
[2013-07-06 11:50:06.337] [TIME] generating segments=664ms
[2013-07-06 11:50:06.338] points=200 segments=19900 convex hull=15
[2013-07-06 11:50:06.338] [INFO] shortest input segment: 0:(-1333,-504)->(-1320,-504) (len^2=169)
[2013-07-06 11:50:06.821] [INFO] shortest non-crossing segment: 37:(1382,700)->(1406,776) (len^2=6352)
[2013-07-06 11:50:06.821] separators=3883
[2013-07-06 11:51:16.299] [TIME] intersection graph=69961ms
[2013-07-06 11:51:16.300] [INFO] shortest triangulation segment: 1:(-853,1352)->(-866,1355) (len^2=178)
[2013-07-06 11:51:16.300] [INFO] shortest convex hull segment: 189:(1169,-1362)->(1324,-1344) (len^2=24349)
[2013-07-06 11:51:16.300] [STATS] it=0	lb=1	ub=37
[2013-07-06 11:51:16.300] [TIME] controller initialization=70635ms
IBM ILOG License Manager: "university-braunschweig" is accessing CPLEX 12 with option(s): "e m b q use=10 MaintenanceEnd=20110128 ".
[2013-07-06 12:04:27.444] [ERROR] Solution is infeasible
[2013-07-06 12:04:27.507] [TIME] iteration 1=791207ms
[2013-07-06 12:04:27.517] [STATS] it=1	lb=1	ub=18
[2013-07-06 12:05:24.868] [ERROR] Solution is infeasible
[2013-07-06 12:05:24.870] [TIME] iteration 2=57352ms
[2013-07-06 12:05:24.877] [STATS] it=2	lb=1	ub=9
[2013-07-06 12:05:28.665] [ERROR] Solution is infeasible
[2013-07-06 12:05:28.669] [TIME] iteration 3=3784ms
[2013-07-06 12:05:28.669] [STATS] it=3	lb=1	ub=4
[2013-07-06 12:05:29.347] [ERROR] Solution is infeasible
[2013-07-06 12:05:29.347] [TIME] iteration 4=678ms
[2013-07-06 12:05:29.347] [STATS] it=4	lb=1	ub=2
[2013-07-06 12:05:29.988] [TIME] iteration 5=641ms
[2013-07-06 12:05:29.989] [INFO] shortest constrained triangulation segment: 2:(-866,1355)->(-870,1368) (len^2=185)
[2013-07-06 12:05:29.989] [STATS] it=5	lb=2	ub=2
[2013-07-06 12:05:29.989] iterations=5 gap=0
[2013-07-06 12:05:29.989] [TIME] SAT solving=853661ms
[2013-07-06 12:05:29.989] [TIME] total=924325ms
