[2013-07-06 12:19:04.797] [INFO] Running in directory /tmp/hellmann/current_run
[2013-07-06 12:19:04.797] [INFO] Reading settings from /tmp/hellmann/current_run/config.json
[2013-07-06 12:19:04.797] [INFO] Reading input file ./0200/random_in_square_0200_1414_023.json ...
[2013-07-06 12:19:05.467] [TIME] generating segments=660ms
[2013-07-06 12:19:05.468] points=200 segments=19900 convex hull=14
[2013-07-06 12:19:05.468] [INFO] shortest input segment: 0:(-1001,1349)->(-996,1355) (len^2=61)
[2013-07-06 12:19:05.543] [INFO] shortest non-crossing segment: 6:(-1206,-1368)->(-1182,-1358) (len^2=676)
[2013-07-06 12:19:05.543] separators=160
[2013-07-06 12:19:05.652] [TIME] intersection graph=184ms
[2013-07-06 12:19:05.653] [INFO] shortest triangulation segment: 0:(-1001,1349)->(-996,1355) (len^2=61)
[2013-07-06 12:19:05.653] [INFO] shortest convex hull segment: 20:(965,-1398)->(1020,-1393) (len^2=3050)
[2013-07-06 12:19:05.653] [STATS] it=0	lb=0	ub=6
[2013-07-06 12:19:05.653] [TIME] controller initialization=857ms
IBM ILOG License Manager: "university-braunschweig" is accessing CPLEX 12 with option(s): "e m b q use=10 MaintenanceEnd=20110128 ".
[2013-07-06 12:19:06.166] [TIME] iteration 1=512ms
[2013-07-06 12:19:06.167] [INFO] shortest constrained triangulation segment: 6:(-1206,-1368)->(-1182,-1358) (len^2=676)
[2013-07-06 12:19:06.167] [STATS] it=1	lb=6	ub=6
[2013-07-06 12:19:06.167] iterations=1 gap=0
[2013-07-06 12:19:06.168] [TIME] SAT solving=512ms
[2013-07-06 12:19:06.168] [TIME] total=1370ms
