[2013-07-06 12:19:03.619] [INFO] Running in directory /tmp/hellmann/current_run
[2013-07-06 12:19:03.619] [INFO] Reading settings from /tmp/hellmann/current_run/config.json
[2013-07-06 12:19:03.620] [INFO] Reading input file ./0200/random_in_square_0200_1414_022.json ...
[2013-07-06 12:19:04.296] [TIME] generating segments=659ms
[2013-07-06 12:19:04.297] points=200 segments=19900 convex hull=18
[2013-07-06 12:19:04.297] [INFO] shortest input segment: 0:(-1126,-1142)->(-1131,-1137) (len^2=50)
[2013-07-06 12:19:04.327] [INFO] shortest non-crossing segment: 2:(1299,587)->(1302,599) (len^2=153)
[2013-07-06 12:19:04.327] separators=46
[2013-07-06 12:19:04.343] [TIME] intersection graph=46ms
[2013-07-06 12:19:04.344] [INFO] shortest triangulation segment: 0:(-1126,-1142)->(-1131,-1137) (len^2=50)
[2013-07-06 12:19:04.344] [INFO] shortest convex hull segment: 20:(1089,1387)->(1040,1388) (len^2=2402)
[2013-07-06 12:19:04.344] [STATS] it=0	lb=0	ub=2
[2013-07-06 12:19:04.344] [TIME] controller initialization=724ms
IBM ILOG License Manager: "university-braunschweig" is accessing CPLEX 12 with option(s): "e m b q use=10 MaintenanceEnd=20110128 ".
[2013-07-06 12:19:04.781] [TIME] iteration 1=437ms
[2013-07-06 12:19:04.782] [INFO] shortest constrained triangulation segment: 2:(1299,587)->(1302,599) (len^2=153)
[2013-07-06 12:19:04.782] [STATS] it=1	lb=2	ub=2
[2013-07-06 12:19:04.782] iterations=1 gap=0
[2013-07-06 12:19:04.782] [TIME] SAT solving=437ms
[2013-07-06 12:19:04.782] [TIME] total=1162ms
