[2013-07-06 14:05:54.914] [INFO] Running in directory /tmp/hellmann/current_run
[2013-07-06 14:05:54.915] [INFO] Reading settings from /tmp/hellmann/current_run/config.json
[2013-07-06 14:05:54.915] [INFO] Reading input file ./0200/random_in_square_0200_1414_063.json ...
[2013-07-06 14:05:55.599] [TIME] generating segments=674ms
[2013-07-06 14:05:55.599] points=200 segments=19900 convex hull=16
[2013-07-06 14:05:55.600] [INFO] shortest input segment: 0:(67,139)->(72,142) (len^2=34)
[2013-07-06 14:05:55.631] [INFO] shortest non-crossing segment: 2:(-925,-1310)->(-925,-1292) (len^2=324)
[2013-07-06 14:05:55.631] separators=52
[2013-07-06 14:05:55.651] [TIME] intersection graph=51ms
[2013-07-06 14:05:55.652] [INFO] shortest triangulation segment: 0:(67,139)->(72,142) (len^2=34)
[2013-07-06 14:05:55.652] [INFO] shortest convex hull segment: 12:(1239,-1389)->(1256,-1350) (len^2=1810)
[2013-07-06 14:05:55.652] [STATS] it=0	lb=0	ub=2
[2013-07-06 14:05:55.652] [TIME] controller initialization=737ms
IBM ILOG License Manager: "university-braunschweig" is accessing CPLEX 12 with option(s): "e m b q use=10 MaintenanceEnd=20110128 ".
[2013-07-06 14:05:56.094] [TIME] iteration 1=441ms
[2013-07-06 14:05:56.095] [INFO] shortest constrained triangulation segment: 2:(-925,-1310)->(-925,-1292) (len^2=324)
[2013-07-06 14:05:56.095] [STATS] it=1	lb=2	ub=2
[2013-07-06 14:05:56.095] iterations=1 gap=0
[2013-07-06 14:05:56.095] [TIME] SAT solving=441ms
[2013-07-06 14:05:56.095] [TIME] total=1180ms
