[2013-07-06 12:42:38.000] [INFO] Running in directory /tmp/hellmann/current_run
[2013-07-06 12:42:38.000] [INFO] Reading settings from /tmp/hellmann/current_run/config.json
[2013-07-06 12:42:38.011] [INFO] Reading input file ./0200/random_in_square_0200_1414_035.json ...
[2013-07-06 12:42:38.676] [TIME] generating segments=655ms
[2013-07-06 12:42:38.677] points=200 segments=19900 convex hull=11
[2013-07-06 12:42:38.677] [INFO] shortest input segment: 0:(-1246,954)->(-1256,955) (len^2=101)
[2013-07-06 12:42:38.766] [INFO] shortest non-crossing segment: 7:(-1382,-963)->(-1409,-948) (len^2=954)
[2013-07-06 12:42:38.766] separators=348
[2013-07-06 12:42:39.494] [TIME] intersection graph=817ms
[2013-07-06 12:42:39.495] [INFO] shortest triangulation segment: 0:(-1246,954)->(-1256,955) (len^2=101)
[2013-07-06 12:42:39.495] [INFO] shortest convex hull segment: 54:(1395,1209)->(1323,1248) (len^2=6705)
[2013-07-06 12:42:39.495] [STATS] it=0	lb=0	ub=7
[2013-07-06 12:42:39.495] [TIME] controller initialization=1496ms
IBM ILOG License Manager: "university-braunschweig" is accessing CPLEX 12 with option(s): "e m b q use=10 MaintenanceEnd=20110128 ".
[2013-07-06 12:42:40.603] [TIME] iteration 1=1107ms
[2013-07-06 12:42:40.604] [INFO] shortest constrained triangulation segment: 7:(-1382,-963)->(-1409,-948) (len^2=954)
[2013-07-06 12:42:40.604] [STATS] it=1	lb=7	ub=7
[2013-07-06 12:42:40.604] iterations=1 gap=0
[2013-07-06 12:42:40.604] [TIME] SAT solving=1107ms
[2013-07-06 12:42:40.604] [TIME] total=2605ms
