[2013-07-06 17:26:29.519] [INFO] Running in directory /tmp/hellmann/current_run
[2013-07-06 17:26:29.530] [INFO] Reading settings from /tmp/hellmann/current_run/config.json
[2013-07-06 17:26:29.554] [INFO] Reading input file ./0200/random_in_square_0200_1414_091.json ...
[2013-07-06 17:26:30.216] [TIME] generating segments=646ms
[2013-07-06 17:26:30.217] points=200 segments=19900 convex hull=16
[2013-07-06 17:26:30.217] [INFO] shortest input segment: 0:(-1257,268)->(-1235,272) (len^2=500)
[2013-07-06 17:26:30.258] [INFO] shortest non-crossing segment: 3:(1113,1388)->(1134,1407) (len^2=802)
[2013-07-06 17:26:30.258] separators=97
[2013-07-06 17:26:30.295] [TIME] intersection graph=78ms
[2013-07-06 17:26:30.296] [INFO] shortest triangulation segment: 0:(-1257,268)->(-1235,272) (len^2=500)
[2013-07-06 17:26:30.296] [INFO] shortest convex hull segment: 23:(-1299,-1322)->(-1347,-1300) (len^2=2788)
[2013-07-06 17:26:30.296] [STATS] it=0	lb=0	ub=3
[2013-07-06 17:26:30.296] [TIME] controller initialization=748ms
IBM ILOG License Manager: "university-braunschweig" is accessing CPLEX 12 with option(s): "e m b q use=10 MaintenanceEnd=20110128 ".
[2013-07-06 17:26:30.848] [TIME] iteration 1=553ms
[2013-07-06 17:26:30.850] [INFO] shortest constrained triangulation segment: 3:(1113,1388)->(1134,1407) (len^2=802)
[2013-07-06 17:26:30.850] [STATS] it=1	lb=3	ub=3
[2013-07-06 17:26:30.850] iterations=1 gap=0
[2013-07-06 17:26:30.850] [TIME] SAT solving=553ms
[2013-07-06 17:26:30.850] [TIME] total=1301ms
