[2013-07-06 13:49:58.516] [INFO] Running in directory /tmp/hellmann/current_run
[2013-07-06 13:49:58.517] [INFO] Reading settings from /tmp/hellmann/current_run/config.json
[2013-07-06 13:49:58.534] [INFO] Reading input file ./0200/random_in_square_0200_1414_054.json ...
[2013-07-06 13:49:59.202] [TIME] generating segments=662ms
[2013-07-06 13:49:59.203] points=200 segments=19900 convex hull=15
[2013-07-06 13:49:59.203] [INFO] shortest input segment: 0:(1151,-886)->(1145,-882) (len^2=52)
[2013-07-06 13:49:59.244] [INFO] shortest non-crossing segment: 3:(-1385,-713)->(-1373,-698) (len^2=369)
[2013-07-06 13:49:59.244] separators=76
[2013-07-06 13:49:59.283] [TIME] intersection graph=80ms
[2013-07-06 13:49:59.284] [INFO] shortest triangulation segment: 0:(1151,-886)->(1145,-882) (len^2=52)
[2013-07-06 13:49:59.284] [INFO] shortest convex hull segment: 84:(1266,-1396)->(1377,-1374) (len^2=12805)
[2013-07-06 13:49:59.284] [STATS] it=0	lb=0	ub=3
[2013-07-06 13:49:59.284] [TIME] controller initialization=767ms
IBM ILOG License Manager: "university-braunschweig" is accessing CPLEX 12 with option(s): "e m b q use=10 MaintenanceEnd=20110128 ".
[2013-07-06 13:49:59.735] [TIME] iteration 1=451ms
[2013-07-06 13:49:59.736] [INFO] shortest constrained triangulation segment: 3:(-1385,-713)->(-1373,-698) (len^2=369)
[2013-07-06 13:49:59.736] [STATS] it=1	lb=3	ub=3
[2013-07-06 13:49:59.736] iterations=1 gap=0
[2013-07-06 13:49:59.736] [TIME] SAT solving=451ms
[2013-07-06 13:49:59.736] [TIME] total=1219ms
