[2013-07-29 18:43:59.379] [INFO] Running in directory /opt/tmp/hellmann/uniform_distribution
[2013-07-29 18:43:59.379] [INFO] Reading settings from /opt/tmp/hellmann/uniform_distribution/config.json
[2013-07-29 18:43:59.379] [INFO] Reading input file 0500/random_in_square_0500_2236_083.json ...
[2013-07-29 18:45:08.029] [TIME] generating segments=68633ms
[2013-07-29 18:45:08.034] points=500 segments=124750 convex hull=15
[2013-07-29 18:45:08.035] [INFO] shortest input segment: 0:(208,-1398)->(218,-1397) (len^2=101)
[2013-07-29 18:45:08.768] [INFO] shortest non-crossing segment: 17:(-2198,-1653)->(-2202,-1618) (len^2=1241)
[2013-07-29 18:45:08.768] separators=3884
[2013-07-29 18:46:20.402] [TIME] intersection graph=72367ms
[2013-07-29 18:46:20.405] [INFO] shortest triangulation segment: 0:(208,-1398)->(218,-1397) (len^2=101)
[2013-07-29 18:46:20.405] [INFO] shortest convex hull segment: 57:(-1884,2148)->(-1827,2152) (len^2=3265)
[2013-07-29 18:46:20.405] [STATS] it=0	lb=0	ub=17
[2013-07-29 18:46:20.405] [TIME] controller initialization=141026ms
IBM ILOG License Manager: "university-braunschweig" is accessing CPLEX 12 with option(s): "e m b q use=10 MaintenanceEnd=20110128 ".
[2013-07-29 18:52:47.200] [TIME] iteration 1=386796ms
[2013-07-29 18:52:47.259] [STATS] it=1	lb=13	ub=17
[2013-07-29 18:59:40.334] [TIME] iteration 2=413071ms
[2013-07-29 18:59:40.708] [INFO] shortest constrained triangulation segment: 17:(-2198,-1653)->(-2202,-1618) (len^2=1241)
[2013-07-29 18:59:40.728] [STATS] it=2	lb=17	ub=17
[2013-07-29 18:59:40.729] iterations=2 gap=0
[2013-07-29 18:59:40.729] [TIME] SAT solving=799859ms
[2013-07-29 18:59:40.729] [TIME] total=941351ms
