[2013-07-29 00:20:46.033] [INFO] Running in directory /opt/tmp/hellmann/uniform_distribution
[2013-07-29 00:20:46.033] [INFO] Reading settings from /opt/tmp/hellmann/uniform_distribution/config.json
[2013-07-29 00:20:46.050] [INFO] Reading input file 0500/random_in_square_0500_2236_017.json ...
[2013-07-29 00:21:55.457] [TIME] generating segments=69347ms
[2013-07-29 00:21:55.463] points=500 segments=124750 convex hull=17
[2013-07-29 00:21:55.463] [INFO] shortest input segment: 0:(1836,-1519)->(1833,-1515) (len^2=25)
[2013-07-29 00:21:55.679] [INFO] shortest non-crossing segment: 5:(1547,2192)->(1542,2205) (len^2=194)
[2013-07-29 00:21:55.679] separators=306
[2013-07-29 00:21:56.131] [TIME] intersection graph=668ms
[2013-07-29 00:21:56.134] [INFO] shortest triangulation segment: 0:(1836,-1519)->(1833,-1515) (len^2=25)
[2013-07-29 00:21:56.134] [INFO] shortest convex hull segment: 1011:(-2090,1831)->(-1971,2026) (len^2=52186)
[2013-07-29 00:21:56.134] [STATS] it=0	lb=0	ub=5
[2013-07-29 00:21:56.134] [TIME] controller initialization=70084ms
IBM ILOG License Manager: "university-braunschweig" is accessing CPLEX 12 with option(s): "e m b q use=10 MaintenanceEnd=20110128 ".
[2013-07-29 00:22:13.741] [TIME] iteration 1=17608ms
[2013-07-29 00:22:13.742] [STATS] it=1	lb=3	ub=5
[2013-07-29 00:22:30.127] [TIME] iteration 2=16385ms
[2013-07-29 00:22:30.127] [STATS] it=2	lb=4	ub=5
[2013-07-29 00:22:46.502] [TIME] iteration 3=16375ms
[2013-07-29 00:22:46.505] [INFO] shortest constrained triangulation segment: 5:(1547,2192)->(1542,2205) (len^2=194)
[2013-07-29 00:22:46.505] [STATS] it=3	lb=5	ub=5
[2013-07-29 00:22:46.505] iterations=3 gap=0
[2013-07-29 00:22:46.505] [TIME] SAT solving=50367ms
[2013-07-29 00:22:46.505] [TIME] total=120456ms
