[2013-07-30 00:37:29.096] [INFO] Running in directory /opt/tmp/hellmann/uniform_distribution
[2013-07-30 00:37:29.112] [INFO] Reading settings from /opt/tmp/hellmann/uniform_distribution/config.json
[2013-07-30 00:37:29.171] [INFO] Reading input file 0500/random_in_square_0500_2236_099.json ...
[2013-07-30 00:38:37.278] [TIME] generating segments=68045ms
[2013-07-30 00:38:37.283] points=500 segments=124750 convex hull=15
[2013-07-30 00:38:37.284] [INFO] shortest input segment: 0:(-634,-866)->(-634,-862) (len^2=16)
[2013-07-30 00:38:37.356] [INFO] shortest non-crossing segment: 1:(1834,-2164)->(1827,-2155) (len^2=130)
[2013-07-30 00:38:37.356] separators=40
[2013-07-30 00:38:37.372] [TIME] intersection graph=87ms
[2013-07-30 00:38:37.374] [INFO] shortest triangulation segment: 0:(-634,-866)->(-634,-862) (len^2=16)
[2013-07-30 00:38:37.374] [INFO] shortest convex hull segment: 1698:(2129,2119)->(1827,2166) (len^2=93413)
[2013-07-30 00:38:37.374] [STATS] it=0	lb=0	ub=1
[2013-07-30 00:38:37.374] [TIME] controller initialization=68228ms
IBM ILOG License Manager: "university-braunschweig" is accessing CPLEX 12 with option(s): "e m b q use=10 MaintenanceEnd=20110128 ".
[2013-07-30 00:38:54.151] [TIME] iteration 1=16777ms
[2013-07-30 00:38:54.153] [INFO] shortest constrained triangulation segment: 1:(1834,-2164)->(1827,-2155) (len^2=130)
[2013-07-30 00:38:54.153] [STATS] it=1	lb=1	ub=1
[2013-07-30 00:38:54.153] iterations=1 gap=0
[2013-07-30 00:38:54.154] [TIME] SAT solving=16777ms
[2013-07-30 00:38:54.154] [TIME] total=85007ms
