[2013-07-29 14:08:58.183] [INFO] Running in directory /opt/tmp/hellmann/uniform_distribution
[2013-07-29 14:08:58.184] [INFO] Reading settings from /opt/tmp/hellmann/uniform_distribution/config.json
[2013-07-29 14:08:58.184] [INFO] Reading input file 0500/random_in_square_0500_2236_067.json ...
[2013-07-29 14:10:06.595] [TIME] generating segments=68400ms
[2013-07-29 14:10:06.600] points=500 segments=124750 convex hull=15
[2013-07-29 14:10:06.601] [INFO] shortest input segment: 0:(-669,1514)->(-667,1516) (len^2=8)
[2013-07-29 14:10:06.776] [INFO] shortest non-crossing segment: 4:(-2128,2103)->(-2120,2111) (len^2=128)
[2013-07-29 14:10:06.776] separators=185
[2013-07-29 14:10:06.935] [TIME] intersection graph=334ms
[2013-07-29 14:10:06.937] [INFO] shortest triangulation segment: 0:(-669,1514)->(-667,1516) (len^2=8)
[2013-07-29 14:10:06.938] [INFO] shortest convex hull segment: 4:(-2128,2103)->(-2120,2111) (len^2=128)
[2013-07-29 14:10:06.938] [STATS] it=0	lb=0	ub=4
[2013-07-29 14:10:06.938] [TIME] controller initialization=68754ms
IBM ILOG License Manager: "university-braunschweig" is accessing CPLEX 12 with option(s): "e m b q use=10 MaintenanceEnd=20110128 ".
[2013-07-29 14:10:23.500] [TIME] iteration 1=16563ms
[2013-07-29 14:10:23.500] [STATS] it=1	lb=2	ub=4
[2013-07-29 14:10:39.573] [TIME] iteration 2=16073ms
[2013-07-29 14:10:39.577] [INFO] shortest constrained triangulation segment: 4:(-2128,2103)->(-2120,2111) (len^2=128)
[2013-07-29 14:10:39.577] [STATS] it=2	lb=4	ub=4
[2013-07-29 14:10:39.577] iterations=2 gap=0
[2013-07-29 14:10:39.577] [TIME] SAT solving=32636ms
[2013-07-29 14:10:39.577] [TIME] total=101394ms
