[2013-07-29 03:23:38.138] [INFO] Running in directory /opt/tmp/hellmann/uniform_distribution
[2013-07-29 03:23:38.138] [INFO] Reading settings from /opt/tmp/hellmann/uniform_distribution/config.json
[2013-07-29 03:23:38.162] [INFO] Reading input file 0500/random_in_square_0500_2236_031.json ...
[2013-07-29 03:24:43.902] [TIME] generating segments=65666ms
[2013-07-29 03:24:43.907] points=500 segments=124750 convex hull=17
[2013-07-29 03:24:43.908] [INFO] shortest input segment: 0:(1321,253)->(1323,261) (len^2=68)
[2013-07-29 03:24:44.283] [INFO] shortest non-crossing segment: 9:(-2194,-2010)->(-2210,-1989) (len^2=697)
[2013-07-29 03:24:44.283] separators=1266
[2013-07-29 03:24:52.756] [TIME] intersection graph=8849ms
[2013-07-29 03:24:52.759] [INFO] shortest triangulation segment: 0:(1321,253)->(1323,261) (len^2=68)
[2013-07-29 03:24:52.759] [INFO] shortest convex hull segment: 9:(-2194,-2010)->(-2210,-1989) (len^2=697)
[2013-07-29 03:24:52.759] [STATS] it=0	lb=0	ub=9
[2013-07-29 03:24:52.759] [TIME] controller initialization=74598ms
IBM ILOG License Manager: "university-braunschweig" is accessing CPLEX 12 with option(s): "e m b q use=10 MaintenanceEnd=20110128 ".
[2013-07-29 03:25:23.425] [TIME] iteration 1=30666ms
[2013-07-29 03:25:23.425] [STATS] it=1	lb=5	ub=9
[2013-07-29 03:25:54.585] [TIME] iteration 2=31160ms
[2013-07-29 03:25:54.585] [STATS] it=2	lb=7	ub=9
[2013-07-29 03:26:25.721] [TIME] iteration 3=31135ms
[2013-07-29 03:26:25.721] [STATS] it=3	lb=8	ub=9
[2013-07-29 03:26:56.761] [TIME] iteration 4=31039ms
[2013-07-29 03:26:56.764] [INFO] shortest constrained triangulation segment: 9:(-2194,-2010)->(-2210,-1989) (len^2=697)
[2013-07-29 03:26:56.764] [STATS] it=4	lb=9	ub=9
[2013-07-29 03:26:56.764] iterations=4 gap=0
[2013-07-29 03:26:56.764] [TIME] SAT solving=123999ms
[2013-07-29 03:26:56.764] [TIME] total=198603ms
