[2013-07-26 16:45:39.250] [INFO] Running in directory /opt/tmp/hellmann/uniform_distribution
[2013-07-26 16:45:39.267] [INFO] Reading settings from /opt/tmp/hellmann/uniform_distribution/config.json
[2013-07-26 16:45:39.293] [INFO] Reading input file ./0450/random_in_square_0450_2121_038.json ...
[2013-07-26 16:46:18.180] [TIME] generating segments=38852ms
[2013-07-26 16:46:18.185] points=450 segments=101025 convex hull=17
[2013-07-26 16:46:18.185] [INFO] shortest input segment: 0:(666,291)->(675,296) (len^2=106)
[2013-07-26 16:46:18.647] [INFO] shortest non-crossing segment: 13:(-880,2084)->(-881,2111) (len^2=730)
[2013-07-26 16:46:18.647] separators=1539
[2013-07-26 16:46:28.424] [TIME] intersection graph=10240ms
[2013-07-26 16:46:28.427] [INFO] shortest triangulation segment: 0:(666,291)->(675,296) (len^2=106)
[2013-07-26 16:46:28.427] [INFO] shortest convex hull segment: 164:(-2069,1830)->(-2024,1916) (len^2=9421)
[2013-07-26 16:46:28.427] [STATS] it=0	lb=0	ub=13
[2013-07-26 16:46:28.427] [TIME] controller initialization=49135ms
IBM ILOG License Manager: "university-braunschweig" is accessing CPLEX 12 with option(s): "e m b q use=10 MaintenanceEnd=20110128 ".
[2013-07-26 16:46:57.964] [TIME] iteration 1=29536ms
[2013-07-26 16:46:57.964] [STATS] it=1	lb=8	ub=13
[2013-07-26 16:47:26.760] [TIME] iteration 2=28797ms
[2013-07-26 16:47:26.763] [INFO] shortest constrained triangulation segment: 13:(-880,2084)->(-881,2111) (len^2=730)
[2013-07-26 16:47:26.763] [STATS] it=2	lb=13	ub=13
[2013-07-26 16:47:26.763] iterations=2 gap=0
[2013-07-26 16:47:26.763] [TIME] SAT solving=58333ms
[2013-07-26 16:47:26.763] [TIME] total=107471ms
