[2013-07-26 16:01:23.296] [INFO] Running in directory /opt/tmp/hellmann/uniform_distribution
[2013-07-26 16:01:23.297] [INFO] Reading settings from /opt/tmp/hellmann/uniform_distribution/config.json
[2013-07-26 16:01:23.322] [INFO] Reading input file ./0450/random_in_square_0450_2121_033.json ...
[2013-07-26 16:02:03.485] [TIME] generating segments=40113ms
[2013-07-26 16:02:03.489] points=450 segments=101025 convex hull=19
[2013-07-26 16:02:03.489] [INFO] shortest input segment: 0:(360,1174)->(364,1175) (len^2=17)
[2013-07-26 16:02:04.057] [INFO] shortest non-crossing segment: 16:(1061,-2091)->(1034,-2083) (len^2=793)
[2013-07-26 16:02:04.057] separators=2200
[2013-07-26 16:02:23.360] [TIME] intersection graph=19871ms
[2013-07-26 16:02:23.363] [INFO] shortest triangulation segment: 0:(360,1174)->(364,1175) (len^2=17)
[2013-07-26 16:02:23.363] [INFO] shortest convex hull segment: 124:(2087,-658)->(2090,-577) (len^2=6570)
[2013-07-26 16:02:23.363] [STATS] it=0	lb=0	ub=16
[2013-07-26 16:02:23.363] [TIME] controller initialization=60041ms
IBM ILOG License Manager: "university-braunschweig" is accessing CPLEX 12 with option(s): "e m b q use=10 MaintenanceEnd=20110128 ".
[2013-07-26 16:03:14.973] [TIME] iteration 1=51611ms
[2013-07-26 16:03:14.974] [STATS] it=1	lb=8	ub=16
[2013-07-26 16:04:12.814] [TIME] iteration 2=57839ms
[2013-07-26 16:04:12.837] [STATS] it=2	lb=14	ub=16
[2013-07-26 16:05:08.862] [TIME] iteration 3=56025ms
[2013-07-26 16:05:08.907] [STATS] it=3	lb=15	ub=16
[2013-07-26 16:06:04.941] [TIME] iteration 4=56032ms
[2013-07-26 16:06:05.831] [INFO] shortest constrained triangulation segment: 16:(1061,-2091)->(1034,-2083) (len^2=793)
[2013-07-26 16:06:05.831] [STATS] it=4	lb=16	ub=16
[2013-07-26 16:06:05.831] iterations=4 gap=0
[2013-07-26 16:06:05.831] [TIME] SAT solving=221506ms
[2013-07-26 16:06:05.832] [TIME] total=282510ms
