[2013-07-26 13:10:49.483] [INFO] Running in directory /opt/tmp/hellmann/uniform_distribution
[2013-07-26 13:10:49.483] [INFO] Reading settings from /opt/tmp/hellmann/uniform_distribution/config.json
[2013-07-26 13:10:49.483] [INFO] Reading input file ./0450/random_in_square_0450_2121_022.json ...
[2013-07-26 13:11:27.719] [TIME] generating segments=38206ms
[2013-07-26 13:11:27.724] points=450 segments=101025 convex hull=16
[2013-07-26 13:11:27.724] [INFO] shortest input segment: 0:(-268,1950)->(-277,1952) (len^2=85)
[2013-07-26 13:11:27.813] [INFO] shortest non-crossing segment: 2:(1796,-2107)->(1785,-2101) (len^2=157)
[2013-07-26 13:11:27.813] separators=47
[2013-07-26 13:11:27.826] [TIME] intersection graph=101ms
[2013-07-26 13:11:27.828] [INFO] shortest triangulation segment: 0:(-268,1950)->(-277,1952) (len^2=85)
[2013-07-26 13:11:27.828] [INFO] shortest convex hull segment: 85:(1724,-2118)->(1796,-2107) (len^2=5305)
[2013-07-26 13:11:27.828] [STATS] it=0	lb=0	ub=2
[2013-07-26 13:11:27.828] [TIME] controller initialization=38344ms
IBM ILOG License Manager: "university-braunschweig" is accessing CPLEX 12 with option(s): "e m b q use=10 MaintenanceEnd=20110128 ".
[2013-07-26 13:11:38.357] [TIME] iteration 1=10529ms
[2013-07-26 13:11:38.360] [INFO] shortest constrained triangulation segment: 2:(1796,-2107)->(1785,-2101) (len^2=157)
[2013-07-26 13:11:38.360] [STATS] it=1	lb=2	ub=2
[2013-07-26 13:11:38.360] iterations=1 gap=0
[2013-07-26 13:11:38.360] [TIME] SAT solving=10528ms
[2013-07-26 13:11:38.360] [TIME] total=48876ms
