[2013-07-26 16:59:29.617] [INFO] Running in directory /opt/tmp/hellmann/uniform_distribution
[2013-07-26 16:59:29.634] [INFO] Reading settings from /opt/tmp/hellmann/uniform_distribution/config.json
[2013-07-26 16:59:29.663] [INFO] Reading input file ./0450/random_in_square_0450_2121_043.json ...
[2013-07-26 17:00:06.451] [TIME] generating segments=36708ms
[2013-07-26 17:00:06.455] points=450 segments=101025 convex hull=17
[2013-07-26 17:00:06.456] [INFO] shortest input segment: 0:(-164,-1979)->(-159,-1975) (len^2=41)
[2013-07-26 17:00:07.077] [INFO] shortest non-crossing segment: 17:(-1928,2074)->(-1919,2107) (len^2=1170)
[2013-07-26 17:00:07.077] separators=3491
[2013-07-26 17:01:02.942] [TIME] intersection graph=56486ms
[2013-07-26 17:01:02.945] [INFO] shortest triangulation segment: 0:(-164,-1979)->(-159,-1975) (len^2=41)
[2013-07-26 17:01:02.945] [INFO] shortest convex hull segment: 353:(-2118,58)->(-2116,201) (len^2=20453)
[2013-07-26 17:01:02.945] [STATS] it=0	lb=0	ub=17
[2013-07-26 17:01:02.945] [TIME] controller initialization=93285ms
IBM ILOG License Manager: "university-braunschweig" is accessing CPLEX 12 with option(s): "e m b q use=10 MaintenanceEnd=20110128 ".
[2013-07-26 17:04:57.290] [TIME] iteration 1=234345ms
[2013-07-26 17:04:57.394] [STATS] it=1	lb=9	ub=17
[2013-07-26 17:08:35.279] [TIME] iteration 2=217871ms
[2013-07-26 17:08:35.584] [INFO] shortest constrained triangulation segment: 17:(-1928,2074)->(-1919,2107) (len^2=1170)
[2013-07-26 17:08:35.585] [STATS] it=2	lb=17	ub=17
[2013-07-26 17:08:35.585] iterations=2 gap=0
[2013-07-26 17:08:35.585] [TIME] SAT solving=452177ms
[2013-07-26 17:08:35.585] [TIME] total=545926ms
