[2013-07-26 06:49:19.687] [INFO] Running in directory /opt/tmp/hellmann/uniform_distribution
[2013-07-26 06:49:19.687] [INFO] Reading settings from /opt/tmp/hellmann/uniform_distribution/config.json
[2013-07-26 06:49:19.715] [INFO] Reading input file ./0450/random_in_square_0450_2121_004.json ...
[2013-07-26 06:49:57.811] [TIME] generating segments=38056ms
[2013-07-26 06:49:57.816] points=450 segments=101025 convex hull=15
[2013-07-26 06:49:57.816] [INFO] shortest input segment: 0:(1596,-1783)->(1598,-1778) (len^2=29)
[2013-07-26 06:49:58.320] [INFO] shortest non-crossing segment: 14:(1727,-2061)->(1754,-2053) (len^2=793)
[2013-07-26 06:49:58.320] separators=2235
[2013-07-26 06:50:22.512] [TIME] intersection graph=24696ms
[2013-07-26 06:50:22.514] [INFO] shortest triangulation segment: 0:(1596,-1783)->(1598,-1778) (len^2=29)
[2013-07-26 06:50:22.514] [INFO] shortest convex hull segment: 14:(1727,-2061)->(1754,-2053) (len^2=793)
[2013-07-26 06:50:22.514] [STATS] it=0	lb=0	ub=14
[2013-07-26 06:50:22.514] [TIME] controller initialization=62803ms
IBM ILOG License Manager: "university-braunschweig" is accessing CPLEX 12 with option(s): "e m b q use=10 MaintenanceEnd=20110128 ".
[2013-07-26 06:51:24.916] [TIME] iteration 1=62401ms
[2013-07-26 06:51:24.917] [STATS] it=1	lb=7	ub=14
[2013-07-26 06:52:33.373] [TIME] iteration 2=68453ms
[2013-07-26 06:52:33.637] [INFO] shortest constrained triangulation segment: 14:(1727,-2061)->(1754,-2053) (len^2=793)
[2013-07-26 06:52:33.638] [STATS] it=2	lb=14	ub=14
[2013-07-26 06:52:33.638] iterations=2 gap=0
[2013-07-26 06:52:33.638] [TIME] SAT solving=130843ms
[2013-07-26 06:52:33.638] [TIME] total=193927ms
