[2013-07-26 17:08:41.256] [INFO] Running in directory /opt/tmp/hellmann/uniform_distribution
[2013-07-26 17:08:41.257] [INFO] Reading settings from /opt/tmp/hellmann/uniform_distribution/config.json
[2013-07-26 17:08:41.286] [INFO] Reading input file ./0450/random_in_square_0450_2121_044.json ...
[2013-07-26 17:09:19.248] [TIME] generating segments=37926ms
[2013-07-26 17:09:19.252] points=450 segments=101025 convex hull=15
[2013-07-26 17:09:19.253] [INFO] shortest input segment: 0:(1049,-847)->(1045,-838) (len^2=97)
[2013-07-26 17:09:19.553] [INFO] shortest non-crossing segment: 8:(-1404,-2095)->(-1412,-2067) (len^2=848)
[2013-07-26 17:09:19.553] separators=1047
[2013-07-26 17:09:24.616] [TIME] intersection graph=5364ms
[2013-07-26 17:09:24.619] [INFO] shortest triangulation segment: 0:(1049,-847)->(1045,-838) (len^2=97)
[2013-07-26 17:09:24.619] [INFO] shortest convex hull segment: 114:(2041,2081)->(1958,2087) (len^2=6925)
[2013-07-26 17:09:24.619] [STATS] it=0	lb=0	ub=8
[2013-07-26 17:09:24.619] [TIME] controller initialization=43337ms
IBM ILOG License Manager: "university-braunschweig" is accessing CPLEX 12 with option(s): "e m b q use=10 MaintenanceEnd=20110128 ".
[2013-07-26 17:09:43.401] [TIME] iteration 1=18781ms
[2013-07-26 17:09:43.401] [STATS] it=1	lb=5	ub=8
[2013-07-26 17:10:01.651] [TIME] iteration 2=18251ms
[2013-07-26 17:10:01.651] [STATS] it=2	lb=7	ub=8
[2013-07-26 17:10:19.878] [TIME] iteration 3=18226ms
[2013-07-26 17:10:19.881] [INFO] shortest constrained triangulation segment: 8:(-1404,-2095)->(-1412,-2067) (len^2=848)
[2013-07-26 17:10:19.881] [STATS] it=3	lb=8	ub=8
[2013-07-26 17:10:19.881] iterations=3 gap=0
[2013-07-26 17:10:19.881] [TIME] SAT solving=55258ms
[2013-07-26 17:10:19.881] [TIME] total=98599ms
