[2013-07-26 09:57:01.034] [INFO] Running in directory /opt/tmp/hellmann/uniform_distribution
[2013-07-26 09:57:01.034] [INFO] Reading settings from /opt/tmp/hellmann/uniform_distribution/config.json
[2013-07-26 09:57:01.088] [INFO] Reading input file ./0450/random_in_square_0450_2121_012.json ...
[2013-07-26 09:57:39.333] [TIME] generating segments=38204ms
[2013-07-26 09:57:39.337] points=450 segments=101025 convex hull=13
[2013-07-26 09:57:39.337] [INFO] shortest input segment: 0:(246,415)->(244,423) (len^2=68)
[2013-07-26 09:57:39.700] [INFO] shortest non-crossing segment: 10:(-2047,1986)->(-2069,1998) (len^2=628)
[2013-07-26 09:57:39.701] separators=1434
[2013-07-26 09:57:50.868] [TIME] intersection graph=11532ms
[2013-07-26 09:57:50.871] [INFO] shortest triangulation segment: 0:(246,415)->(244,423) (len^2=68)
[2013-07-26 09:57:50.871] [INFO] shortest convex hull segment: 1496:(-2069,1998)->(-1781,2100) (len^2=93348)
[2013-07-26 09:57:50.871] [STATS] it=0	lb=0	ub=10
[2013-07-26 09:57:50.871] [TIME] controller initialization=49821ms
IBM ILOG License Manager: "university-braunschweig" is accessing CPLEX 12 with option(s): "e m b q use=10 MaintenanceEnd=20110128 ".
[2013-07-26 09:58:22.364] [TIME] iteration 1=31492ms
[2013-07-26 09:58:22.364] [STATS] it=1	lb=6	ub=10
[2013-07-26 09:58:53.709] [TIME] iteration 2=31345ms
[2013-07-26 09:58:53.709] [STATS] it=2	lb=8	ub=10
[2013-07-26 09:59:25.152] [TIME] iteration 3=31443ms
[2013-07-26 09:59:25.155] [INFO] shortest constrained triangulation segment: 10:(-2047,1986)->(-2069,1998) (len^2=628)
[2013-07-26 09:59:25.155] [STATS] it=3	lb=10	ub=10
[2013-07-26 09:59:25.155] iterations=3 gap=0
[2013-07-26 09:59:25.155] [TIME] SAT solving=94280ms
[2013-07-26 09:59:25.155] [TIME] total=144104ms
