[2013-07-26 21:33:00.247] [INFO] Running in directory /opt/tmp/hellmann/uniform_distribution
[2013-07-26 21:33:00.247] [INFO] Reading settings from /opt/tmp/hellmann/uniform_distribution/config.json
[2013-07-26 21:33:00.248] [INFO] Reading input file ./0450/random_in_square_0450_2121_061.json ...
[2013-07-26 21:33:39.219] [TIME] generating segments=38954ms
[2013-07-26 21:33:39.223] points=450 segments=101025 convex hull=19
[2013-07-26 21:33:39.223] [INFO] shortest input segment: 0:(-1520,1541)->(-1516,1547) (len^2=52)
[2013-07-26 21:33:39.424] [INFO] shortest non-crossing segment: 5:(2117,-1969)->(2105,-1950) (len^2=505)
[2013-07-26 21:33:39.424] separators=898
[2013-07-26 21:33:44.473] [TIME] intersection graph=5250ms
[2013-07-26 21:33:44.475] [INFO] shortest triangulation segment: 0:(-1520,1541)->(-1516,1547) (len^2=52)
[2013-07-26 21:33:44.475] [INFO] shortest convex hull segment: 111:(2117,-1969)->(2118,-1884) (len^2=7226)
[2013-07-26 21:33:44.475] [STATS] it=0	lb=0	ub=5
[2013-07-26 21:33:44.475] [TIME] controller initialization=44228ms
IBM ILOG License Manager: "university-braunschweig" is accessing CPLEX 12 with option(s): "e m b q use=10 MaintenanceEnd=20110128 ".
[2013-07-26 21:34:03.064] [TIME] iteration 1=18588ms
[2013-07-26 21:34:03.064] [STATS] it=1	lb=3	ub=5
[2013-07-26 21:34:21.575] [TIME] iteration 2=18511ms
[2013-07-26 21:34:21.577] [INFO] shortest constrained triangulation segment: 5:(2117,-1969)->(2105,-1950) (len^2=505)
[2013-07-26 21:34:21.577] [STATS] it=2	lb=5	ub=5
[2013-07-26 21:34:21.577] iterations=2 gap=0
[2013-07-26 21:34:21.577] [TIME] SAT solving=37099ms
[2013-07-26 21:34:21.578] [TIME] total=81330ms
