[2013-07-26 19:11:49.499] [INFO] Running in directory /opt/tmp/hellmann/uniform_distribution
[2013-07-26 19:11:49.499] [INFO] Reading settings from /opt/tmp/hellmann/uniform_distribution/config.json
[2013-07-26 19:11:49.500] [INFO] Reading input file ./0450/random_in_square_0450_2121_051.json ...
[2013-07-26 19:12:27.613] [TIME] generating segments=38083ms
[2013-07-26 19:12:27.617] points=450 segments=101025 convex hull=16
[2013-07-26 19:12:27.617] [INFO] shortest input segment: 0:(-1034,315)->(-1028,318) (len^2=45)
[2013-07-26 19:12:27.773] [INFO] shortest non-crossing segment: 4:(-1677,2030)->(-1660,2043) (len^2=458)
[2013-07-26 19:12:27.773] separators=191
[2013-07-26 19:12:27.923] [TIME] intersection graph=306ms
[2013-07-26 19:12:27.926] [INFO] shortest triangulation segment: 0:(-1034,315)->(-1028,318) (len^2=45)
[2013-07-26 19:12:27.926] [INFO] shortest convex hull segment: 500:(2051,-2099)->(2076,-1927) (len^2=30209)
[2013-07-26 19:12:27.926] [STATS] it=0	lb=0	ub=4
[2013-07-26 19:12:27.926] [TIME] controller initialization=38426ms
IBM ILOG License Manager: "university-braunschweig" is accessing CPLEX 12 with option(s): "e m b q use=10 MaintenanceEnd=20110128 ".
[2013-07-26 19:12:40.306] [TIME] iteration 1=12379ms
[2013-07-26 19:12:40.306] [STATS] it=1	lb=3	ub=4
[2013-07-26 19:12:50.934] [TIME] iteration 2=10629ms
[2013-07-26 19:12:50.937] [INFO] shortest constrained triangulation segment: 4:(-1677,2030)->(-1660,2043) (len^2=458)
[2013-07-26 19:12:50.937] [STATS] it=2	lb=4	ub=4
[2013-07-26 19:12:50.937] iterations=2 gap=0
[2013-07-26 19:12:50.937] [TIME] SAT solving=23008ms
[2013-07-26 19:12:50.937] [TIME] total=61437ms
