[2013-07-26 12:36:25.342] [INFO] Running in directory /opt/tmp/hellmann/uniform_distribution
[2013-07-26 12:36:25.343] [INFO] Reading settings from /opt/tmp/hellmann/uniform_distribution/config.json
[2013-07-26 12:36:25.368] [INFO] Reading input file ./0450/random_in_square_0450_2121_019.json ...
[2013-07-26 12:37:03.258] [TIME] generating segments=37833ms
[2013-07-26 12:37:03.262] points=450 segments=101025 convex hull=16
[2013-07-26 12:37:03.262] [INFO] shortest input segment: 0:(231,-377)->(223,-366) (len^2=185)
[2013-07-26 12:37:03.612] [INFO] shortest non-crossing segment: 9:(-1961,2097)->(-1936,2105) (len^2=689)
[2013-07-26 12:37:03.612] separators=2069
[2013-07-26 12:37:26.102] [TIME] intersection graph=22840ms
[2013-07-26 12:37:26.105] [INFO] shortest triangulation segment: 0:(231,-377)->(223,-366) (len^2=185)
[2013-07-26 12:37:26.105] [INFO] shortest convex hull segment: 9:(-1961,2097)->(-1936,2105) (len^2=689)
[2013-07-26 12:37:26.105] [STATS] it=0	lb=0	ub=9
[2013-07-26 12:37:26.105] [TIME] controller initialization=60737ms
IBM ILOG License Manager: "university-braunschweig" is accessing CPLEX 12 with option(s): "e m b q use=10 MaintenanceEnd=20110128 ".
[2013-07-26 12:38:24.279] [TIME] iteration 1=58174ms
[2013-07-26 12:38:24.287] [INFO] shortest constrained triangulation segment: 9:(-1961,2097)->(-1936,2105) (len^2=689)
[2013-07-26 12:38:24.287] [STATS] it=1	lb=9	ub=9
[2013-07-26 12:38:24.287] iterations=1 gap=0
[2013-07-26 12:38:24.287] [TIME] SAT solving=58174ms
[2013-07-26 12:38:24.287] [TIME] total=118919ms
