[2013-07-27 05:38:33.004] [INFO] Running in directory /opt/tmp/hellmann/uniform_distribution
[2013-07-27 05:38:33.005] [INFO] Reading settings from /opt/tmp/hellmann/uniform_distribution/config.json
[2013-07-27 05:38:33.022] [INFO] Reading input file ./0450/random_in_square_0450_2121_085.json ...
[2013-07-27 05:39:11.306] [TIME] generating segments=38243ms
[2013-07-27 05:39:11.310] points=450 segments=101025 convex hull=18
[2013-07-27 05:39:11.310] [INFO] shortest input segment: 0:(842,-2064)->(844,-2058) (len^2=40)
[2013-07-27 05:39:11.890] [INFO] shortest non-crossing segment: 16:(-1896,-1825)->(-1909,-1799) (len^2=845)
[2013-07-27 05:39:11.890] separators=2928
[2013-07-27 05:39:53.328] [TIME] intersection graph=42017ms
[2013-07-27 05:39:53.331] [INFO] shortest triangulation segment: 1:(1441,830)->(1446,834) (len^2=41)
[2013-07-27 05:39:53.331] [INFO] shortest convex hull segment: 865:(1928,1892)->(1736,2009) (len^2=50553)
[2013-07-27 05:39:53.331] [STATS] it=0	lb=1	ub=16
[2013-07-27 05:39:53.331] [TIME] controller initialization=80309ms
IBM ILOG License Manager: "university-braunschweig" is accessing CPLEX 12 with option(s): "e m b q use=10 MaintenanceEnd=20110128 ".
[2013-07-27 05:40:12.866] [ERROR] Solution is infeasible
[2013-07-27 05:40:12.867] [TIME] iteration 1=19536ms
[2013-07-27 05:40:12.867] [STATS] it=1	lb=1	ub=8
[2013-07-27 05:40:27.223] [ERROR] Solution is infeasible
[2013-07-27 05:40:27.336] [TIME] iteration 2=14469ms
[2013-07-27 05:40:27.342] [STATS] it=2	lb=1	ub=4
[2013-07-27 05:40:45.318] [TIME] iteration 3=17976ms
[2013-07-27 05:40:45.337] [STATS] it=3	lb=3	ub=4
[2013-07-27 05:40:57.822] [ERROR] Solution is infeasible
[2013-07-27 05:40:57.822] [TIME] iteration 4=12486ms
[2013-07-27 05:40:58.097] [INFO] shortest constrained triangulation segment: 3:(842,-2064)->(826,-2061) (len^2=265)
[2013-07-27 05:40:58.097] [STATS] it=4	lb=3	ub=3
[2013-07-27 05:40:58.098] iterations=4 gap=0
[2013-07-27 05:40:58.098] [TIME] SAT solving=64459ms
[2013-07-27 05:40:58.098] [TIME] total=145076ms
