[2013-07-26 16:06:08.717] [INFO] Running in directory /opt/tmp/hellmann/uniform_distribution
[2013-07-26 16:06:08.718] [INFO] Reading settings from /opt/tmp/hellmann/uniform_distribution/config.json
[2013-07-26 16:06:08.744] [INFO] Reading input file ./0450/random_in_square_0450_2121_034.json ...
[2013-07-26 16:06:45.830] [TIME] generating segments=37002ms
[2013-07-26 16:06:45.834] points=450 segments=101025 convex hull=19
[2013-07-26 16:06:45.834] [INFO] shortest input segment: 0:(90,-1204)->(83,-1201) (len^2=58)
[2013-07-26 16:06:46.099] [INFO] shortest non-crossing segment: 7:(2120,1384)->(2116,1405) (len^2=457)
[2013-07-26 16:06:46.100] separators=1004
[2013-07-26 16:06:50.696] [TIME] intersection graph=4862ms
[2013-07-26 16:06:50.698] [INFO] shortest triangulation segment: 0:(90,-1204)->(83,-1201) (len^2=58)
[2013-07-26 16:06:50.698] [INFO] shortest convex hull segment: 441:(1763,-2056)->(1896,-1954) (len^2=28093)
[2013-07-26 16:06:50.698] [STATS] it=0	lb=0	ub=7
[2013-07-26 16:06:50.698] [TIME] controller initialization=41959ms
IBM ILOG License Manager: "university-braunschweig" is accessing CPLEX 12 with option(s): "e m b q use=10 MaintenanceEnd=20110128 ".
[2013-07-26 16:07:08.642] [TIME] iteration 1=17944ms
[2013-07-26 16:07:08.642] [STATS] it=1	lb=5	ub=7
[2013-07-26 16:07:26.474] [TIME] iteration 2=17832ms
[2013-07-26 16:07:26.476] [INFO] shortest constrained triangulation segment: 0:(90,-1204)->(83,-1201) (len^2=58)
[2013-07-26 16:07:26.477] [STATS] it=2	lb=7	ub=7
[2013-07-26 16:07:26.477] iterations=2 gap=0
[2013-07-26 16:07:26.477] [TIME] SAT solving=35776ms
[2013-07-26 16:07:26.477] [TIME] total=77737ms
