[2013-07-26 16:47:27.063] [INFO] Running in directory /opt/tmp/hellmann/uniform_distribution
[2013-07-26 16:47:27.064] [INFO] Reading settings from /opt/tmp/hellmann/uniform_distribution/config.json
[2013-07-26 16:47:27.064] [INFO] Reading input file ./0450/random_in_square_0450_2121_039.json ...
[2013-07-26 16:48:05.158] [TIME] generating segments=38081ms
[2013-07-26 16:48:05.163] points=450 segments=101025 convex hull=15
[2013-07-26 16:48:05.163] [INFO] shortest input segment: 0:(-1299,-186)->(-1292,-183) (len^2=58)
[2013-07-26 16:48:05.669] [INFO] shortest non-crossing segment: 14:(-2071,-166)->(-2069,-140) (len^2=680)
[2013-07-26 16:48:05.669] separators=2208
[2013-07-26 16:48:27.675] [TIME] intersection graph=22513ms
[2013-07-26 16:48:27.678] [INFO] shortest triangulation segment: 0:(-1299,-186)->(-1292,-183) (len^2=58)
[2013-07-26 16:48:27.678] [INFO] shortest convex hull segment: 178:(2002,2091)->(1905,2113) (len^2=9893)
[2013-07-26 16:48:27.678] [STATS] it=0	lb=0	ub=14
[2013-07-26 16:48:27.678] [TIME] controller initialization=60615ms
IBM ILOG License Manager: "university-braunschweig" is accessing CPLEX 12 with option(s): "e m b q use=10 MaintenanceEnd=20110128 ".
[2013-07-26 16:49:26.886] [TIME] iteration 1=59207ms
[2013-07-26 16:49:26.890] [STATS] it=1	lb=8	ub=14
[2013-07-26 16:50:32.912] [TIME] iteration 2=66021ms
[2013-07-26 16:50:32.971] [STATS] it=2	lb=11	ub=14
[2013-07-26 16:51:37.353] [TIME] iteration 3=64381ms
[2013-07-26 16:51:37.591] [INFO] shortest constrained triangulation segment: 14:(-2071,-166)->(-2069,-140) (len^2=680)
[2013-07-26 16:51:37.591] [STATS] it=3	lb=14	ub=14
[2013-07-26 16:51:37.591] iterations=3 gap=0
[2013-07-26 16:51:37.591] [TIME] SAT solving=189595ms
[2013-07-26 16:51:37.591] [TIME] total=250528ms
