[2013-07-26 19:46:31.146] [INFO] Running in directory /opt/tmp/hellmann/uniform_distribution
[2013-07-26 19:46:31.146] [INFO] Reading settings from /opt/tmp/hellmann/uniform_distribution/config.json
[2013-07-26 19:46:31.163] [INFO] Reading input file ./0450/random_in_square_0450_2121_054.json ...
[2013-07-26 19:47:08.896] [TIME] generating segments=37641ms
[2013-07-26 19:47:08.900] points=450 segments=101025 convex hull=15
[2013-07-26 19:47:08.900] [INFO] shortest input segment: 0:(-593,1820)->(-595,1822) (len^2=8)
[2013-07-26 19:47:09.644] [INFO] shortest non-crossing segment: 21:(-2057,1976)->(-2077,2004) (len^2=1184)
[2013-07-26 19:47:09.644] separators=3372
[2013-07-26 19:47:56.753] [TIME] intersection graph=47854ms
[2013-07-26 19:47:56.756] [INFO] shortest triangulation segment: 0:(-593,1820)->(-595,1822) (len^2=8)
[2013-07-26 19:47:56.756] [INFO] shortest convex hull segment: 64:(627,386)->(667,429) (len^2=3449)
[2013-07-26 19:47:56.756] [STATS] it=0	lb=0	ub=21
[2013-07-26 19:47:56.756] [TIME] controller initialization=85593ms
IBM ILOG License Manager: "university-braunschweig" is accessing CPLEX 12 with option(s): "e m b q use=10 MaintenanceEnd=20110128 ".
[2013-07-26 19:50:30.465] [TIME] iteration 1=153709ms
[2013-07-26 19:50:30.511] [STATS] it=1	lb=12	ub=21
[2013-07-26 19:56:36.855] [TIME] iteration 2=366343ms
[2013-07-26 19:56:36.920] [STATS] it=2	lb=20	ub=21
[2013-07-26 19:59:32.273] [TIME] iteration 3=175351ms
[2013-07-26 19:59:32.529] [INFO] shortest constrained triangulation segment: 21:(-2057,1976)->(-2077,2004) (len^2=1184)
[2013-07-26 19:59:32.530] [STATS] it=3	lb=21	ub=21
[2013-07-26 19:59:32.530] iterations=3 gap=0
[2013-07-26 19:59:32.530] [TIME] SAT solving=695394ms
[2013-07-26 19:59:32.530] [TIME] total=781367ms
