[2013-07-25 10:12:30.885] [INFO] Running in directory /opt/tmp/hellmann/uniform_distribution
[2013-07-25 10:12:30.885] [INFO] Reading settings from /opt/tmp/hellmann/uniform_distribution/config.json
[2013-07-25 10:12:30.885] [INFO] Reading input file ./0440/random_in_square_0440_2098_037.json ...
[2013-07-25 10:13:03.570] [TIME] generating segments=32669ms
[2013-07-25 10:13:03.574] points=440 segments=96580 convex hull=17
[2013-07-25 10:13:03.575] [INFO] shortest input segment: 0:(-326,-77)->(-321,-74) (len^2=34)
[2013-07-25 10:13:04.241] [INFO] shortest non-crossing segment: 20:(-2032,2055)->(-2064,2067) (len^2=1168)
[2013-07-25 10:13:04.241] separators=2362
[2013-07-25 10:13:24.596] [TIME] intersection graph=21021ms
[2013-07-25 10:13:24.599] [INFO] shortest triangulation segment: 0:(-326,-77)->(-321,-74) (len^2=34)
[2013-07-25 10:13:24.599] [INFO] shortest convex hull segment: 627:(1890,-1909)->(1974,-1734) (len^2=37681)
[2013-07-25 10:13:24.599] [STATS] it=0	lb=0	ub=20
[2013-07-25 10:13:24.599] [TIME] controller initialization=53714ms
IBM ILOG License Manager: "university-braunschweig" is accessing CPLEX 12 with option(s): "e m b q use=10 MaintenanceEnd=20110128 ".
[2013-07-25 10:14:44.411] [TIME] iteration 1=79812ms
[2013-07-25 10:14:44.457] [STATS] it=1	lb=10	ub=20
[2013-07-25 10:15:40.027] [TIME] iteration 2=55568ms
[2013-07-25 10:15:40.055] [STATS] it=2	lb=15	ub=20
[2013-07-25 10:16:37.643] [TIME] iteration 3=57587ms
[2013-07-25 10:16:37.643] [STATS] it=3	lb=18	ub=20
[2013-07-25 10:17:36.324] [TIME] iteration 4=58681ms
[2013-07-25 10:17:36.432] [INFO] shortest constrained triangulation segment: 20:(-2032,2055)->(-2064,2067) (len^2=1168)
[2013-07-25 10:17:36.432] [STATS] it=4	lb=20	ub=20
[2013-07-25 10:17:36.432] iterations=4 gap=0
[2013-07-25 10:17:36.432] [TIME] SAT solving=251646ms
[2013-07-25 10:17:36.432] [TIME] total=305547ms
