[2013-07-25 08:36:22.550] [INFO] Running in directory /opt/tmp/hellmann/uniform_distribution
[2013-07-25 08:36:22.551] [INFO] Reading settings from /opt/tmp/hellmann/uniform_distribution/config.json
[2013-07-25 08:36:22.551] [INFO] Reading input file ./0440/random_in_square_0440_2098_022.json ...
[2013-07-25 08:36:55.185] [TIME] generating segments=32619ms
[2013-07-25 08:36:55.189] points=440 segments=96580 convex hull=17
[2013-07-25 08:36:55.190] [INFO] shortest input segment: 0:(1727,-830)->(1726,-823) (len^2=50)
[2013-07-25 08:36:55.343] [INFO] shortest non-crossing segment: 4:(1892,2049)->(1895,2065) (len^2=265)
[2013-07-25 08:36:55.343] separators=369
[2013-07-25 08:36:55.986] [TIME] intersection graph=797ms
[2013-07-25 08:36:55.989] [INFO] shortest triangulation segment: 0:(1727,-830)->(1726,-823) (len^2=50)
[2013-07-25 08:36:55.989] [INFO] shortest convex hull segment: 292:(1895,2065)->(1764,2092) (len^2=17890)
[2013-07-25 08:36:55.989] [STATS] it=0	lb=0	ub=4
[2013-07-25 08:36:55.989] [TIME] controller initialization=33437ms
IBM ILOG License Manager: "university-braunschweig" is accessing CPLEX 12 with option(s): "e m b q use=10 MaintenanceEnd=20110128 ".
[2013-07-25 08:37:06.224] [TIME] iteration 1=10234ms
[2013-07-25 08:37:06.224] [STATS] it=1	lb=2	ub=4
[2013-07-25 08:37:16.433] [TIME] iteration 2=10209ms
[2013-07-25 08:37:16.433] [STATS] it=2	lb=3	ub=4
[2013-07-25 08:37:26.625] [TIME] iteration 3=10192ms
[2013-07-25 08:37:26.628] [INFO] shortest constrained triangulation segment: 4:(1892,2049)->(1895,2065) (len^2=265)
[2013-07-25 08:37:26.628] [STATS] it=3	lb=4	ub=4
[2013-07-25 08:37:26.628] iterations=3 gap=0
[2013-07-25 08:37:26.628] [TIME] SAT solving=30635ms
[2013-07-25 08:37:26.628] [TIME] total=64076ms
