[2013-07-25 18:04:11.117] [INFO] Running in directory /opt/tmp/hellmann/uniform_distribution
[2013-07-25 18:04:11.117] [INFO] Reading settings from /opt/tmp/hellmann/uniform_distribution/config.json
[2013-07-25 18:04:11.188] [INFO] Reading input file ./0440/random_in_square_0440_2098_063.json ...
[2013-07-25 18:04:45.937] [TIME] generating segments=34692ms
[2013-07-25 18:04:45.941] points=440 segments=96580 convex hull=16
[2013-07-25 18:04:45.941] [INFO] shortest input segment: 0:(75,1240)->(74,1244) (len^2=17)
[2013-07-25 18:04:46.344] [INFO] shortest non-crossing segment: 12:(1944,-2042)->(1918,-2036) (len^2=712)
[2013-07-25 18:04:46.344] separators=1148
[2013-07-25 18:04:53.445] [TIME] intersection graph=7504ms
[2013-07-25 18:04:53.447] [INFO] shortest triangulation segment: 0:(75,1240)->(74,1244) (len^2=17)
[2013-07-25 18:04:53.447] [INFO] shortest convex hull segment: 44:(1977,1777)->(1961,1820) (len^2=2105)
[2013-07-25 18:04:53.447] [STATS] it=0	lb=0	ub=12
[2013-07-25 18:04:53.447] [TIME] controller initialization=42306ms
IBM ILOG License Manager: "university-braunschweig" is accessing CPLEX 12 with option(s): "e m b q use=10 MaintenanceEnd=20110128 ".
[2013-07-25 18:05:15.379] [TIME] iteration 1=21931ms
[2013-07-25 18:05:15.379] [STATS] it=1	lb=6	ub=12
[2013-07-25 18:05:37.276] [TIME] iteration 2=21898ms
[2013-07-25 18:05:37.276] [STATS] it=2	lb=9	ub=12
[2013-07-25 18:05:59.018] [TIME] iteration 3=21742ms
[2013-07-25 18:05:59.021] [INFO] shortest constrained triangulation segment: 12:(1944,-2042)->(1918,-2036) (len^2=712)
[2013-07-25 18:05:59.021] [STATS] it=3	lb=12	ub=12
[2013-07-25 18:05:59.021] iterations=3 gap=0
[2013-07-25 18:05:59.021] [TIME] SAT solving=65570ms
[2013-07-25 18:05:59.021] [TIME] total=107879ms
