[2013-07-25 08:35:25.089] [INFO] Running in directory /opt/tmp/hellmann/uniform_distribution
[2013-07-25 08:35:25.090] [INFO] Reading settings from /opt/tmp/hellmann/uniform_distribution/config.json
[2013-07-25 08:35:25.107] [INFO] Reading input file ./0440/random_in_square_0440_2098_021.json ...
[2013-07-25 08:36:00.789] [TIME] generating segments=35631ms
[2013-07-25 08:36:00.793] points=440 segments=96580 convex hull=17
[2013-07-25 08:36:00.794] [INFO] shortest input segment: 0:(-255,-929)->(-248,-925) (len^2=65)
[2013-07-25 08:36:00.922] [INFO] shortest non-crossing segment: 3:(1829,2032)->(1825,2052) (len^2=416)
[2013-07-25 08:36:00.922] separators=357
[2013-07-25 08:36:01.609] [TIME] intersection graph=816ms
[2013-07-25 08:36:01.612] [INFO] shortest triangulation segment: 0:(-255,-929)->(-248,-925) (len^2=65)
[2013-07-25 08:36:01.612] [INFO] shortest convex hull segment: 189:(2001,-1678)->(2056,-1591) (len^2=10594)
[2013-07-25 08:36:01.612] [STATS] it=0	lb=0	ub=3
[2013-07-25 08:36:01.612] [TIME] controller initialization=36506ms
IBM ILOG License Manager: "university-braunschweig" is accessing CPLEX 12 with option(s): "e m b q use=10 MaintenanceEnd=20110128 ".
[2013-07-25 08:36:12.168] [TIME] iteration 1=10556ms
[2013-07-25 08:36:12.168] [STATS] it=1	lb=2	ub=3
[2013-07-25 08:36:22.448] [TIME] iteration 2=10280ms
[2013-07-25 08:36:22.451] [INFO] shortest constrained triangulation segment: 3:(1829,2032)->(1825,2052) (len^2=416)
[2013-07-25 08:36:22.451] [STATS] it=2	lb=3	ub=3
[2013-07-25 08:36:22.451] iterations=2 gap=0
[2013-07-25 08:36:22.451] [TIME] SAT solving=20836ms
[2013-07-25 08:36:22.451] [TIME] total=57345ms
