[2013-07-25 09:09:13.507] [INFO] Running in directory /opt/tmp/hellmann/uniform_distribution
[2013-07-25 09:09:13.507] [INFO] Reading settings from /opt/tmp/hellmann/uniform_distribution/config.json
[2013-07-25 09:09:13.507] [INFO] Reading input file ./0440/random_in_square_0440_2098_026.json ...
[2013-07-25 09:09:48.669] [TIME] generating segments=35132ms
[2013-07-25 09:09:48.673] points=440 segments=96580 convex hull=22
[2013-07-25 09:09:48.673] [INFO] shortest input segment: 0:(-423,-1397)->(-425,-1393) (len^2=20)
[2013-07-25 09:09:49.048] [INFO] shortest non-crossing segment: 11:(2083,-1755)->(2084,-1730) (len^2=626)
[2013-07-25 09:09:49.048] separators=1095
[2013-07-25 09:09:54.195] [TIME] intersection graph=5521ms
[2013-07-25 09:09:54.197] [INFO] shortest triangulation segment: 0:(-423,-1397)->(-425,-1393) (len^2=20)
[2013-07-25 09:09:54.197] [INFO] shortest convex hull segment: 11:(2083,-1755)->(2084,-1730) (len^2=626)
[2013-07-25 09:09:54.197] [STATS] it=0	lb=0	ub=11
[2013-07-25 09:09:54.197] [TIME] controller initialization=40690ms
IBM ILOG License Manager: "university-braunschweig" is accessing CPLEX 12 with option(s): "e m b q use=10 MaintenanceEnd=20110128 ".
[2013-07-25 09:10:12.261] [TIME] iteration 1=18063ms
[2013-07-25 09:10:12.261] [STATS] it=1	lb=7	ub=11
[2013-07-25 09:10:30.231] [TIME] iteration 2=17970ms
[2013-07-25 09:10:30.231] [STATS] it=2	lb=9	ub=11
[2013-07-25 09:10:48.144] [TIME] iteration 3=17913ms
[2013-07-25 09:10:48.146] [INFO] shortest constrained triangulation segment: 11:(2083,-1755)->(2084,-1730) (len^2=626)
[2013-07-25 09:10:48.147] [STATS] it=3	lb=11	ub=11
[2013-07-25 09:10:48.147] iterations=3 gap=0
[2013-07-25 09:10:48.147] [TIME] SAT solving=53946ms
[2013-07-25 09:10:48.147] [TIME] total=94639ms
