[2013-07-25 06:43:41.965] [INFO] Running in directory /opt/tmp/hellmann/uniform_distribution
[2013-07-25 06:43:41.966] [INFO] Reading settings from /opt/tmp/hellmann/uniform_distribution/config.json
[2013-07-25 06:43:42.015] [INFO] Reading input file ./0440/random_in_square_0440_2098_015.json ...
[2013-07-25 06:44:15.978] [TIME] generating segments=33893ms
[2013-07-25 06:44:15.982] points=440 segments=96580 convex hull=14
[2013-07-25 06:44:15.982] [INFO] shortest input segment: 0:(1578,-875)->(1567,-873) (len^2=125)
[2013-07-25 06:44:16.417] [INFO] shortest non-crossing segment: 12:(-1689,-1943)->(-1707,-1921) (len^2=808)
[2013-07-25 06:44:16.417] separators=1946
[2013-07-25 06:44:35.175] [TIME] intersection graph=19192ms
[2013-07-25 06:44:35.177] [INFO] shortest triangulation segment: 0:(1578,-875)->(1567,-873) (len^2=125)
[2013-07-25 06:44:35.177] [INFO] shortest convex hull segment: 583:(2004,-2051)->(2087,-1884) (len^2=34778)
[2013-07-25 06:44:35.177] [STATS] it=0	lb=0	ub=12
[2013-07-25 06:44:35.177] [TIME] controller initialization=53186ms
IBM ILOG License Manager: "university-braunschweig" is accessing CPLEX 12 with option(s): "e m b q use=10 MaintenanceEnd=20110128 ".
[2013-07-25 06:45:22.047] [TIME] iteration 1=46870ms
[2013-07-25 06:45:22.048] [STATS] it=1	lb=8	ub=12
[2013-07-25 06:46:20.039] [TIME] iteration 2=57990ms
[2013-07-25 06:46:20.246] [INFO] shortest constrained triangulation segment: 12:(-1689,-1943)->(-1707,-1921) (len^2=808)
[2013-07-25 06:46:20.247] [STATS] it=2	lb=12	ub=12
[2013-07-25 06:46:20.247] iterations=2 gap=0
[2013-07-25 06:46:20.247] [TIME] SAT solving=104859ms
[2013-07-25 06:46:20.247] [TIME] total=158256ms
