[2013-07-26 01:16:32.306] [INFO] Running in directory /opt/tmp/hellmann/uniform_distribution
[2013-07-26 01:16:32.318] [INFO] Reading settings from /opt/tmp/hellmann/uniform_distribution/config.json
[2013-07-26 01:16:32.348] [INFO] Reading input file ./0440/random_in_square_0440_2098_087.json ...
[2013-07-26 01:17:06.899] [TIME] generating segments=34517ms
[2013-07-26 01:17:06.903] points=440 segments=96580 convex hull=14
[2013-07-26 01:17:06.904] [INFO] shortest input segment: 0:(-715,-378)->(-712,-376) (len^2=13)
[2013-07-26 01:17:07.394] [INFO] shortest non-crossing segment: 14:(-2069,-2083)->(-2049,-2069) (len^2=596)
[2013-07-26 01:17:07.394] separators=2039
[2013-07-26 01:17:28.035] [TIME] intersection graph=21131ms
[2013-07-26 01:17:28.037] [INFO] shortest triangulation segment: 1:(-550,902)->(-554,911) (len^2=97)
[2013-07-26 01:17:28.037] [INFO] shortest convex hull segment: 65:(2023,-1991)->(2065,-1947) (len^2=3700)
[2013-07-26 01:17:28.037] [STATS] it=0	lb=1	ub=14
[2013-07-26 01:17:28.037] [TIME] controller initialization=55694ms
IBM ILOG License Manager: "university-braunschweig" is accessing CPLEX 12 with option(s): "e m b q use=10 MaintenanceEnd=20110128 ".
[2013-07-26 01:18:22.803] [TIME] iteration 1=54766ms
[2013-07-26 01:18:22.803] [STATS] it=1	lb=8	ub=14
[2013-07-26 01:19:21.589] [TIME] iteration 2=58786ms
[2013-07-26 01:19:21.646] [STATS] it=2	lb=13	ub=14
[2013-07-26 01:20:21.356] [TIME] iteration 3=59708ms
[2013-07-26 01:20:21.522] [INFO] shortest constrained triangulation segment: 14:(-2069,-2083)->(-2049,-2069) (len^2=596)
[2013-07-26 01:20:21.523] [STATS] it=3	lb=14	ub=14
[2013-07-26 01:20:21.523] iterations=3 gap=0
[2013-07-26 01:20:21.523] [TIME] SAT solving=173257ms
[2013-07-26 01:20:21.523] [TIME] total=229180ms
