[2013-07-25 11:52:53.428] [INFO] Running in directory /opt/tmp/hellmann/uniform_distribution
[2013-07-25 11:52:53.437] [INFO] Reading settings from /opt/tmp/hellmann/uniform_distribution/config.json
[2013-07-25 11:52:53.467] [INFO] Reading input file ./0440/random_in_square_0440_2098_044.json ...
[2013-07-25 11:53:28.503] [TIME] generating segments=35000ms
[2013-07-25 11:53:28.507] points=440 segments=96580 convex hull=17
[2013-07-25 11:53:28.507] [INFO] shortest input segment: 0:(1214,607)->(1214,620) (len^2=169)
[2013-07-25 11:53:28.599] [INFO] shortest non-crossing segment: 2:(2077,1963)->(2070,1975) (len^2=193)
[2013-07-25 11:53:28.599] separators=265
[2013-07-25 11:53:29.108] [TIME] intersection graph=600ms
[2013-07-25 11:53:29.110] [INFO] shortest triangulation segment: 0:(1214,607)->(1214,620) (len^2=169)
[2013-07-25 11:53:29.110] [INFO] shortest convex hull segment: 1:(-1493,1694)->(-1500,1706) (len^2=193)
[2013-07-25 11:53:29.110] [STATS] it=0	lb=0	ub=1
[2013-07-25 11:53:29.110] [TIME] controller initialization=35648ms
IBM ILOG License Manager: "university-braunschweig" is accessing CPLEX 12 with option(s): "e m b q use=10 MaintenanceEnd=20110128 ".
[2013-07-25 11:53:39.211] [TIME] iteration 1=10100ms
[2013-07-25 11:53:39.214] [INFO] shortest constrained triangulation segment: 1:(-1493,1694)->(-1500,1706) (len^2=193)
[2013-07-25 11:53:39.214] [STATS] it=1	lb=1	ub=1
[2013-07-25 11:53:39.214] iterations=1 gap=0
[2013-07-25 11:53:39.214] [TIME] SAT solving=10100ms
[2013-07-25 11:53:39.214] [TIME] total=45751ms
