[2013-07-25 11:17:03.851] [INFO] Running in directory /opt/tmp/hellmann/uniform_distribution
[2013-07-25 11:17:03.852] [INFO] Reading settings from /opt/tmp/hellmann/uniform_distribution/config.json
[2013-07-25 11:17:03.983] [INFO] Reading input file ./0440/random_in_square_0440_2098_041.json ...
[2013-07-25 11:17:38.697] [TIME] generating segments=34407ms
[2013-07-25 11:17:38.701] points=440 segments=96580 convex hull=19
[2013-07-25 11:17:38.701] [INFO] shortest input segment: 0:(-1556,1621)->(-1560,1624) (len^2=25)
[2013-07-25 11:17:38.823] [INFO] shortest non-crossing segment: 3:(1797,-1933)->(1802,-1925) (len^2=89)
[2013-07-25 11:17:38.823] separators=194
[2013-07-25 11:17:39.060] [TIME] intersection graph=359ms
[2013-07-25 11:17:39.063] [INFO] shortest triangulation segment: 0:(-1556,1621)->(-1560,1624) (len^2=25)
[2013-07-25 11:17:39.063] [INFO] shortest convex hull segment: 123:(1907,1997)->(1828,2010) (len^2=6410)
[2013-07-25 11:17:39.063] [STATS] it=0	lb=0	ub=3
[2013-07-25 11:17:39.063] [TIME] controller initialization=35184ms
IBM ILOG License Manager: "university-braunschweig" is accessing CPLEX 12 with option(s): "e m b q use=10 MaintenanceEnd=20110128 ".
[2013-07-25 11:17:49.164] [TIME] iteration 1=10101ms
[2013-07-25 11:17:49.164] [STATS] it=1	lb=2	ub=3
[2013-07-25 11:17:58.993] [TIME] iteration 2=9829ms
[2013-07-25 11:17:58.996] [INFO] shortest constrained triangulation segment: 3:(1797,-1933)->(1802,-1925) (len^2=89)
[2013-07-25 11:17:58.996] [STATS] it=2	lb=3	ub=3
[2013-07-25 11:17:58.996] iterations=2 gap=0
[2013-07-25 11:17:58.996] [TIME] SAT solving=19930ms
[2013-07-25 11:17:58.996] [TIME] total=55117ms
