[2013-07-04 17:02:06.888] [INFO] Running in directory /tmp/hellmann/current_run
[2013-07-04 17:02:06.888] [INFO] Reading settings from /tmp/hellmann/current_run/config.json
[2013-07-04 17:02:06.888] [INFO] Reading input file ./0070/random_in_square_0070_0837_053.json ...
[2013-07-04 17:02:06.918] [TIME] generating segments=28ms
[2013-07-04 17:02:06.918] points=70 segments=2415 convex hull=8
[2013-07-04 17:02:06.918] [INFO] shortest input segment: 0:(-628,555)->(-596,555) (len^2=1024)
[2013-07-04 17:02:06.946] [INFO] shortest non-crossing segment: 7:(360,-816)->(290,-803) (len^2=5069)
[2013-07-04 17:02:06.946] separators=214
[2013-07-04 17:02:07.184] [TIME] intersection graph=265ms
[2013-07-04 17:02:07.184] [INFO] shortest triangulation segment: 0:(-628,555)->(-596,555) (len^2=1024)
[2013-07-04 17:02:07.184] [INFO] shortest convex hull segment: 54:(781,-96)->(793,45) (len^2=20025)
[2013-07-04 17:02:07.184] [STATS] it=0	lb=0	ub=7
[2013-07-04 17:02:07.184] [TIME] controller initialization=295ms
IBM ILOG License Manager: "university-braunschweig" is accessing CPLEX 12 with option(s): "e m b q use=10 MaintenanceEnd=20110128 ".
[2013-07-04 17:02:07.416] [TIME] iteration 1=231ms
[2013-07-04 17:02:07.416] [STATS] it=1	lb=6	ub=7
[2013-07-04 17:02:07.639] [TIME] iteration 2=223ms
[2013-07-04 17:02:07.639] [INFO] shortest constrained triangulation segment: 7:(360,-816)->(290,-803) (len^2=5069)
[2013-07-04 17:02:07.639] [STATS] it=2	lb=7	ub=7
[2013-07-04 17:02:07.639] iterations=2 gap=0
[2013-07-04 17:02:07.639] [TIME] SAT solving=454ms
[2013-07-04 17:02:07.639] [TIME] total=751ms
