[2013-07-04 17:01:16.658] [INFO] Running in directory /tmp/hellmann/current_run
[2013-07-04 17:01:16.659] [INFO] Reading settings from /tmp/hellmann/current_run/config.json
[2013-07-04 17:01:16.659] [INFO] Reading input file ./0070/random_in_square_0070_0837_010.json ...
[2013-07-04 17:01:16.688] [TIME] generating segments=28ms
[2013-07-04 17:01:16.688] points=70 segments=2415 convex hull=10
[2013-07-04 17:01:16.688] [INFO] shortest input segment: 0:(47,478)->(63,489) (len^2=377)
[2013-07-04 17:01:16.701] [INFO] shortest non-crossing segment: 3:(-494,-820)->(-461,-805) (len^2=1314)
[2013-07-04 17:01:16.701] separators=53
[2013-07-04 17:01:16.717] [TIME] intersection graph=29ms
[2013-07-04 17:01:16.717] [INFO] shortest triangulation segment: 0:(47,478)->(63,489) (len^2=377)
[2013-07-04 17:01:16.718] [INFO] shortest convex hull segment: 85:(-736,-660)->(-832,-511) (len^2=31417)
[2013-07-04 17:01:16.718] [STATS] it=0	lb=0	ub=3
[2013-07-04 17:01:16.718] [TIME] controller initialization=58ms
IBM ILOG License Manager: "university-braunschweig" is accessing CPLEX 12 with option(s): "e m b q use=10 MaintenanceEnd=20110128 ".
[2013-07-04 17:01:16.746] [TIME] iteration 1=28ms
[2013-07-04 17:01:16.747] [INFO] shortest constrained triangulation segment: 3:(-494,-820)->(-461,-805) (len^2=1314)
[2013-07-04 17:01:16.747] [STATS] it=1	lb=3	ub=3
[2013-07-04 17:01:16.747] iterations=1 gap=0
[2013-07-04 17:01:16.747] [TIME] SAT solving=28ms
[2013-07-04 17:01:16.747] [TIME] total=88ms
