[2013-07-04 17:02:21.181] [INFO] Running in directory /tmp/hellmann/current_run
[2013-07-04 17:02:21.181] [INFO] Reading settings from /tmp/hellmann/current_run/config.json
[2013-07-04 17:02:21.181] [INFO] Reading input file ./0070/random_in_square_0070_0837_080.json ...
[2013-07-04 17:02:21.210] [TIME] generating segments=27ms
[2013-07-04 17:02:21.210] points=70 segments=2415 convex hull=13
[2013-07-04 17:02:21.211] [INFO] shortest input segment: 0:(-556,731)->(-560,758) (len^2=745)
[2013-07-04 17:02:21.229] [INFO] shortest non-crossing segment: 5:(-560,758)->(-573,799) (len^2=1850)
[2013-07-04 17:02:21.229] separators=53
[2013-07-04 17:02:21.246] [TIME] intersection graph=35ms
[2013-07-04 17:02:21.246] [INFO] shortest triangulation segment: 0:(-556,731)->(-560,758) (len^2=745)
[2013-07-04 17:02:21.246] [INFO] shortest convex hull segment: 44:(226,-799)->(355,-784) (len^2=16866)
[2013-07-04 17:02:21.246] [STATS] it=0	lb=0	ub=5
[2013-07-04 17:02:21.246] [TIME] controller initialization=65ms
IBM ILOG License Manager: "university-braunschweig" is accessing CPLEX 12 with option(s): "e m b q use=10 MaintenanceEnd=20110128 ".
[2013-07-04 17:02:21.262] [TIME] iteration 1=15ms
[2013-07-04 17:02:21.263] [INFO] shortest constrained triangulation segment: 5:(-560,758)->(-573,799) (len^2=1850)
[2013-07-04 17:02:21.263] [STATS] it=1	lb=5	ub=5
[2013-07-04 17:02:21.263] iterations=1 gap=0
[2013-07-04 17:02:21.263] [TIME] SAT solving=15ms
[2013-07-04 17:02:21.263] [TIME] total=81ms
