[2013-07-04 17:01:54.878] [INFO] Running in directory /tmp/hellmann/current_run
[2013-07-04 17:01:54.878] [INFO] Reading settings from /tmp/hellmann/current_run/config.json
[2013-07-04 17:01:54.879] [INFO] Reading input file ./0070/random_in_square_0070_0837_030.json ...
[2013-07-04 17:01:54.908] [TIME] generating segments=28ms
[2013-07-04 17:01:54.909] points=70 segments=2415 convex hull=8
[2013-07-04 17:01:54.909] [INFO] shortest input segment: 0:(185,551)->(190,551) (len^2=25)
[2013-07-04 17:01:54.934] [INFO] shortest non-crossing segment: 7:(-705,-649)->(-753,-611) (len^2=3748)
[2013-07-04 17:01:54.934] separators=132
[2013-07-04 17:01:55.027] [TIME] intersection graph=118ms
[2013-07-04 17:01:55.027] [INFO] shortest triangulation segment: 0:(185,551)->(190,551) (len^2=25)
[2013-07-04 17:01:55.027] [INFO] shortest convex hull segment: 7:(-705,-649)->(-753,-611) (len^2=3748)
[2013-07-04 17:01:55.027] [STATS] it=0	lb=0	ub=7
[2013-07-04 17:01:55.027] [TIME] controller initialization=149ms
IBM ILOG License Manager: "university-braunschweig" is accessing CPLEX 12 with option(s): "e m b q use=10 MaintenanceEnd=20110128 ".
[2013-07-04 17:01:55.111] [TIME] iteration 1=83ms
[2013-07-04 17:01:55.112] [INFO] shortest constrained triangulation segment: 7:(-705,-649)->(-753,-611) (len^2=3748)
[2013-07-04 17:01:55.112] [STATS] it=1	lb=7	ub=7
[2013-07-04 17:01:55.112] iterations=1 gap=0
[2013-07-04 17:01:55.112] [TIME] SAT solving=83ms
[2013-07-04 17:01:55.112] [TIME] total=233ms
