[2013-07-04 17:02:32.783] [INFO] Running in directory /tmp/hellmann/current_run
[2013-07-04 17:02:32.783] [INFO] Reading settings from /tmp/hellmann/current_run/config.json
[2013-07-04 17:02:32.784] [INFO] Reading input file ./0070/random_in_square_0070_0837_097.json ...
[2013-07-04 17:02:32.813] [TIME] generating segments=28ms
[2013-07-04 17:02:32.813] points=70 segments=2415 convex hull=12
[2013-07-04 17:02:32.813] [INFO] shortest input segment: 0:(-108,-800)->(-98,-773) (len^2=829)
[2013-07-04 17:02:32.826] [INFO] shortest non-crossing segment: 3:(770,750)->(811,756) (len^2=1717)
[2013-07-04 17:02:32.826] separators=50
[2013-07-04 17:02:32.842] [TIME] intersection graph=28ms
[2013-07-04 17:02:32.842] [INFO] shortest triangulation segment: 1:(308,120)->(280,129) (len^2=865)
[2013-07-04 17:02:32.842] [INFO] shortest convex hull segment: 57:(-288,-827)->(-455,-819) (len^2=27953)
[2013-07-04 17:02:32.842] [STATS] it=0	lb=1	ub=3
[2013-07-04 17:02:32.842] [TIME] controller initialization=58ms
IBM ILOG License Manager: "university-braunschweig" is accessing CPLEX 12 with option(s): "e m b q use=10 MaintenanceEnd=20110128 ".
[2013-07-04 17:02:32.868] [TIME] iteration 1=25ms
[2013-07-04 17:02:32.869] [INFO] shortest constrained triangulation segment: 3:(770,750)->(811,756) (len^2=1717)
[2013-07-04 17:02:32.869] [STATS] it=1	lb=3	ub=3
[2013-07-04 17:02:32.869] iterations=1 gap=0
[2013-07-04 17:02:32.869] [TIME] SAT solving=25ms
[2013-07-04 17:02:32.869] [TIME] total=85ms
