[2013-07-04 17:02:18.695] [INFO] Running in directory /tmp/hellmann/current_run
[2013-07-04 17:02:18.695] [INFO] Reading settings from /tmp/hellmann/current_run/config.json
[2013-07-04 17:02:18.695] [INFO] Reading input file ./0070/random_in_square_0070_0837_070.json ...
[2013-07-04 17:02:18.724] [TIME] generating segments=27ms
[2013-07-04 17:02:18.724] points=70 segments=2415 convex hull=10
[2013-07-04 17:02:18.724] [INFO] shortest input segment: 0:(-391,-426)->(-388,-421) (len^2=34)
[2013-07-04 17:02:18.750] [INFO] shortest non-crossing segment: 7:(-722,-668)->(-777,-665) (len^2=3034)
[2013-07-04 17:02:18.750] separators=108
[2013-07-04 17:02:18.814] [TIME] intersection graph=89ms
[2013-07-04 17:02:18.815] [INFO] shortest triangulation segment: 0:(-391,-426)->(-388,-421) (len^2=34)
[2013-07-04 17:02:18.815] [INFO] shortest convex hull segment: 67:(828,544)->(689,637) (len^2=27970)
[2013-07-04 17:02:18.815] [STATS] it=0	lb=0	ub=7
[2013-07-04 17:02:18.815] [TIME] controller initialization=119ms
IBM ILOG License Manager: "university-braunschweig" is accessing CPLEX 12 with option(s): "e m b q use=10 MaintenanceEnd=20110128 ".
[2013-07-04 17:02:18.880] [TIME] iteration 1=65ms
[2013-07-04 17:02:18.880] [STATS] it=1	lb=4	ub=7
[2013-07-04 17:02:18.944] [TIME] iteration 2=63ms
[2013-07-04 17:02:18.944] [STATS] it=2	lb=6	ub=7
[2013-07-04 17:02:19.005] [ERROR] Solution is infeasible
[2013-07-04 17:02:19.006] [TIME] iteration 3=61ms
[2013-07-04 17:02:19.006] [INFO] shortest constrained triangulation segment: 6:(-407,-474)->(-391,-426) (len^2=2560)
[2013-07-04 17:02:19.006] [STATS] it=3	lb=6	ub=6
[2013-07-04 17:02:19.006] iterations=3 gap=0
[2013-07-04 17:02:19.006] [TIME] SAT solving=189ms
[2013-07-04 17:02:19.006] [TIME] total=310ms
