[2013-07-04 17:01:37.618] [INFO] Running in directory /tmp/hellmann/current_run
[2013-07-04 17:01:37.619] [INFO] Reading settings from /tmp/hellmann/current_run/config.json
[2013-07-04 17:01:37.619] [INFO] Reading input file ./0070/random_in_square_0070_0837_017.json ...
[2013-07-04 17:01:37.648] [TIME] generating segments=28ms
[2013-07-04 17:01:37.648] points=70 segments=2415 convex hull=13
[2013-07-04 17:01:37.648] [INFO] shortest input segment: 0:(254,-171)->(255,-171) (len^2=1)
[2013-07-04 17:01:37.669] [INFO] shortest non-crossing segment: 6:(314,775)->(265,799) (len^2=2977)
[2013-07-04 17:01:37.669] separators=37
[2013-07-04 17:01:37.676] [TIME] intersection graph=27ms
[2013-07-04 17:01:37.677] [INFO] shortest triangulation segment: 0:(254,-171)->(255,-171) (len^2=1)
[2013-07-04 17:01:37.677] [INFO] shortest convex hull segment: 8:(730,-825)->(753,-772) (len^2=3338)
[2013-07-04 17:01:37.677] [STATS] it=0	lb=0	ub=6
[2013-07-04 17:01:37.677] [TIME] controller initialization=57ms
IBM ILOG License Manager: "university-braunschweig" is accessing CPLEX 12 with option(s): "e m b q use=10 MaintenanceEnd=20110128 ".
[2013-07-04 17:01:37.694] [TIME] iteration 1=17ms
[2013-07-04 17:01:37.694] [STATS] it=1	lb=3	ub=6
[2013-07-04 17:01:37.707] [TIME] iteration 2=13ms
[2013-07-04 17:01:37.707] [STATS] it=2	lb=5	ub=6
[2013-07-04 17:01:37.720] [TIME] iteration 3=13ms
[2013-07-04 17:01:37.721] [INFO] shortest constrained triangulation segment: 6:(314,775)->(265,799) (len^2=2977)
[2013-07-04 17:01:37.721] [STATS] it=3	lb=6	ub=6
[2013-07-04 17:01:37.721] iterations=3 gap=0
[2013-07-04 17:01:37.721] [TIME] SAT solving=43ms
[2013-07-04 17:01:37.721] [TIME] total=102ms
