[2013-07-04 17:01:14.924] [INFO] Running in directory /tmp/hellmann/current_run
[2013-07-04 17:01:14.924] [INFO] Reading settings from /tmp/hellmann/current_run/config.json
[2013-07-04 17:01:14.924] [INFO] Reading input file ./0070/random_in_square_0070_0837_007.json ...
[2013-07-04 17:01:14.954] [TIME] generating segments=28ms
[2013-07-04 17:01:14.954] points=70 segments=2415 convex hull=11
[2013-07-04 17:01:14.954] [INFO] shortest input segment: 0:(-729,-257)->(-747,-236) (len^2=765)
[2013-07-04 17:01:15.009] [INFO] shortest non-crossing segment: 15:(-212,793)->(-295,802) (len^2=6970)
[2013-07-04 17:01:15.009] separators=312
[2013-07-04 17:01:15.440] [TIME] intersection graph=487ms
[2013-07-04 17:01:15.441] [INFO] shortest triangulation segment: 0:(-729,-257)->(-747,-236) (len^2=765)
[2013-07-04 17:01:15.441] [INFO] shortest convex hull segment: 30:(-800,795)->(-696,836) (len^2=12497)
[2013-07-04 17:01:15.441] [STATS] it=0	lb=0	ub=15
[2013-07-04 17:01:15.441] [TIME] controller initialization=517ms
IBM ILOG License Manager: "university-braunschweig" is accessing CPLEX 12 with option(s): "e m b q use=10 MaintenanceEnd=20110128 ".
[2013-07-04 17:01:15.828] [TIME] iteration 1=387ms
[2013-07-04 17:01:15.828] [STATS] it=1	lb=11	ub=15
[2013-07-04 17:01:16.187] [TIME] iteration 2=358ms
[2013-07-04 17:01:16.187] [STATS] it=2	lb=13	ub=15
[2013-07-04 17:01:16.544] [TIME] iteration 3=357ms
[2013-07-04 17:01:16.544] [INFO] shortest constrained triangulation segment: 15:(-212,793)->(-295,802) (len^2=6970)
[2013-07-04 17:01:16.544] [STATS] it=3	lb=15	ub=15
[2013-07-04 17:01:16.544] iterations=3 gap=0
[2013-07-04 17:01:16.544] [TIME] SAT solving=1102ms
[2013-07-04 17:01:16.544] [TIME] total=1620ms
