[2013-07-04 17:02:32.147] [INFO] Running in directory /tmp/hellmann/current_run
[2013-07-04 17:02:32.148] [INFO] Reading settings from /tmp/hellmann/current_run/config.json
[2013-07-04 17:02:32.148] [INFO] Reading input file ./0070/random_in_square_0070_0837_091.json ...
[2013-07-04 17:02:32.177] [TIME] generating segments=28ms
[2013-07-04 17:02:32.177] points=70 segments=2415 convex hull=10
[2013-07-04 17:02:32.177] [INFO] shortest input segment: 0:(-313,-744)->(-303,-744) (len^2=100)
[2013-07-04 17:02:32.196] [INFO] shortest non-crossing segment: 5:(-8,-827)->(43,-815) (len^2=2745)
[2013-07-04 17:02:32.196] separators=67
[2013-07-04 17:02:32.225] [TIME] intersection graph=47ms
[2013-07-04 17:02:32.225] [INFO] shortest triangulation segment: 0:(-313,-744)->(-303,-744) (len^2=100)
[2013-07-04 17:02:32.225] [INFO] shortest convex hull segment: 33:(808,-677)->(817,-567) (len^2=12181)
[2013-07-04 17:02:32.225] [STATS] it=0	lb=0	ub=5
[2013-07-04 17:02:32.225] [TIME] controller initialization=77ms
IBM ILOG License Manager: "university-braunschweig" is accessing CPLEX 12 with option(s): "e m b q use=10 MaintenanceEnd=20110128 ".
[2013-07-04 17:02:32.262] [TIME] iteration 1=36ms
[2013-07-04 17:02:32.262] [STATS] it=1	lb=3	ub=5
[2013-07-04 17:02:32.284] [TIME] iteration 2=21ms
[2013-07-04 17:02:32.284] [INFO] shortest constrained triangulation segment: 5:(-8,-827)->(43,-815) (len^2=2745)
[2013-07-04 17:02:32.284] [STATS] it=2	lb=5	ub=5
[2013-07-04 17:02:32.284] iterations=2 gap=0
[2013-07-04 17:02:32.284] [TIME] SAT solving=57ms
[2013-07-04 17:02:32.284] [TIME] total=136ms
