[2013-07-04 17:02:17.606] [INFO] Running in directory /tmp/hellmann/current_run
[2013-07-04 17:02:17.607] [INFO] Reading settings from /tmp/hellmann/current_run/config.json
[2013-07-04 17:02:17.607] [INFO] Reading input file ./0070/random_in_square_0070_0837_067.json ...
[2013-07-04 17:02:17.636] [TIME] generating segments=28ms
[2013-07-04 17:02:17.636] points=70 segments=2415 convex hull=9
[2013-07-04 17:02:17.636] [INFO] shortest input segment: 0:(-557,559)->(-541,569) (len^2=356)
[2013-07-04 17:02:17.655] [INFO] shortest non-crossing segment: 5:(-802,-585)->(-770,-577) (len^2=1088)
[2013-07-04 17:02:17.655] separators=61
[2013-07-04 17:02:17.680] [TIME] intersection graph=43ms
[2013-07-04 17:02:17.680] [INFO] shortest triangulation segment: 0:(-557,559)->(-541,569) (len^2=356)
[2013-07-04 17:02:17.680] [INFO] shortest convex hull segment: 60:(833,-173)->(835,-22) (len^2=22805)
[2013-07-04 17:02:17.680] [STATS] it=0	lb=0	ub=5
[2013-07-04 17:02:17.681] [TIME] controller initialization=73ms
IBM ILOG License Manager: "university-braunschweig" is accessing CPLEX 12 with option(s): "e m b q use=10 MaintenanceEnd=20110128 ".
[2013-07-04 17:02:17.712] [TIME] iteration 1=31ms
[2013-07-04 17:02:17.712] [STATS] it=1	lb=4	ub=5
[2013-07-04 17:02:17.726] [TIME] iteration 2=14ms
[2013-07-04 17:02:17.727] [INFO] shortest constrained triangulation segment: 4:(-770,-577)->(-738,-570) (len^2=1073)
[2013-07-04 17:02:17.727] [STATS] it=2	lb=5	ub=5
[2013-07-04 17:02:17.727] iterations=2 gap=0
[2013-07-04 17:02:17.727] [TIME] SAT solving=45ms
[2013-07-04 17:02:17.727] [TIME] total=120ms
