[2013-07-04 17:02:21.099] [INFO] Running in directory /tmp/hellmann/current_run
[2013-07-04 17:02:21.099] [INFO] Reading settings from /tmp/hellmann/current_run/config.json
[2013-07-04 17:02:21.099] [INFO] Reading input file ./0070/random_in_square_0070_0837_079.json ...
[2013-07-04 17:02:21.128] [TIME] generating segments=28ms
[2013-07-04 17:02:21.128] points=70 segments=2415 convex hull=9
[2013-07-04 17:02:21.129] [INFO] shortest input segment: 0:(-810,648)->(-809,667) (len^2=362)
[2013-07-04 17:02:21.141] [INFO] shortest non-crossing segment: 3:(715,-443)->(726,-418) (len^2=746)
[2013-07-04 17:02:21.141] separators=38
[2013-07-04 17:02:21.149] [TIME] intersection graph=20ms
[2013-07-04 17:02:21.149] [INFO] shortest triangulation segment: 0:(-810,648)->(-809,667) (len^2=362)
[2013-07-04 17:02:21.149] [INFO] shortest convex hull segment: 71:(-345,823)->(-510,832) (len^2=27306)
[2013-07-04 17:02:21.149] [STATS] it=0	lb=0	ub=3
[2013-07-04 17:02:21.149] [TIME] controller initialization=49ms
IBM ILOG License Manager: "university-braunschweig" is accessing CPLEX 12 with option(s): "e m b q use=10 MaintenanceEnd=20110128 ".
[2013-07-04 17:02:21.166] [TIME] iteration 1=17ms
[2013-07-04 17:02:21.167] [INFO] shortest constrained triangulation segment: 3:(715,-443)->(726,-418) (len^2=746)
[2013-07-04 17:02:21.167] [STATS] it=1	lb=3	ub=3
[2013-07-04 17:02:21.167] iterations=1 gap=0
[2013-07-04 17:02:21.167] [TIME] SAT solving=17ms
[2013-07-04 17:02:21.167] [TIME] total=67ms
