[2013-07-04 17:02:16.307] [INFO] Running in directory /tmp/hellmann/current_run
[2013-07-04 17:02:16.307] [INFO] Reading settings from /tmp/hellmann/current_run/config.json
[2013-07-04 17:02:16.307] [INFO] Reading input file ./0070/random_in_square_0070_0837_063.json ...
[2013-07-04 17:02:16.336] [TIME] generating segments=27ms
[2013-07-04 17:02:16.336] points=70 segments=2415 convex hull=9
[2013-07-04 17:02:16.337] [INFO] shortest input segment: 0:(-423,28)->(-444,45) (len^2=730)
[2013-07-04 17:02:16.374] [INFO] shortest non-crossing segment: 10:(-730,360)->(-784,369) (len^2=2997)
[2013-07-04 17:02:16.374] separators=237
[2013-07-04 17:02:16.628] [TIME] intersection graph=292ms
[2013-07-04 17:02:16.628] [INFO] shortest triangulation segment: 0:(-423,28)->(-444,45) (len^2=730)
[2013-07-04 17:02:16.629] [INFO] shortest convex hull segment: 33:(710,-773)->(778,-681) (len^2=13088)
[2013-07-04 17:02:16.629] [STATS] it=0	lb=0	ub=10
[2013-07-04 17:02:16.629] [TIME] controller initialization=322ms
IBM ILOG License Manager: "university-braunschweig" is accessing CPLEX 12 with option(s): "e m b q use=10 MaintenanceEnd=20110128 ".
[2013-07-04 17:02:16.885] [TIME] iteration 1=255ms
[2013-07-04 17:02:16.885] [STATS] it=1	lb=5	ub=10
[2013-07-04 17:02:17.136] [TIME] iteration 2=251ms
[2013-07-04 17:02:17.136] [STATS] it=2	lb=9	ub=10
[2013-07-04 17:02:17.388] [TIME] iteration 3=251ms
[2013-07-04 17:02:17.388] [INFO] shortest constrained triangulation segment: 10:(-730,360)->(-784,369) (len^2=2997)
[2013-07-04 17:02:17.388] [STATS] it=3	lb=10	ub=10
[2013-07-04 17:02:17.388] iterations=3 gap=0
[2013-07-04 17:02:17.388] [TIME] SAT solving=757ms
[2013-07-04 17:02:17.388] [TIME] total=1081ms
