[2013-07-04 17:01:48.736] [INFO] Running in directory /tmp/hellmann/current_run
[2013-07-04 17:01:48.736] [INFO] Reading settings from /tmp/hellmann/current_run/config.json
[2013-07-04 17:01:48.737] [INFO] Reading input file ./0070/random_in_square_0070_0837_028.json ...
[2013-07-04 17:01:48.766] [TIME] generating segments=27ms
[2013-07-04 17:01:48.766] points=70 segments=2415 convex hull=8
[2013-07-04 17:01:48.766] [INFO] shortest input segment: 0:(716,80)->(731,102) (len^2=709)
[2013-07-04 17:01:48.792] [INFO] shortest non-crossing segment: 7:(783,-570)->(826,-538) (len^2=2873)
[2013-07-04 17:01:48.792] separators=138
[2013-07-04 17:01:48.890] [TIME] intersection graph=124ms
[2013-07-04 17:01:48.890] [INFO] shortest triangulation segment: 0:(716,80)->(731,102) (len^2=709)
[2013-07-04 17:01:48.890] [INFO] shortest convex hull segment: 72:(826,-538)->(829,-365) (len^2=29938)
[2013-07-04 17:01:48.890] [STATS] it=0	lb=0	ub=7
[2013-07-04 17:01:48.891] [TIME] controller initialization=153ms
IBM ILOG License Manager: "university-braunschweig" is accessing CPLEX 12 with option(s): "e m b q use=10 MaintenanceEnd=20110128 ".
[2013-07-04 17:01:48.984] [TIME] iteration 1=93ms
[2013-07-04 17:01:48.984] [STATS] it=1	lb=4	ub=7
[2013-07-04 17:01:49.073] [TIME] iteration 2=88ms
[2013-07-04 17:01:49.073] [STATS] it=2	lb=6	ub=7
[2013-07-04 17:01:49.166] [ERROR] Solution is infeasible
[2013-07-04 17:01:49.166] [TIME] iteration 3=92ms
[2013-07-04 17:01:49.166] [INFO] shortest constrained triangulation segment: 6:(826,-538)->(777,-521) (len^2=2690)
[2013-07-04 17:01:49.166] [STATS] it=3	lb=6	ub=6
[2013-07-04 17:01:49.166] iterations=3 gap=0
[2013-07-04 17:01:49.166] [TIME] SAT solving=273ms
[2013-07-04 17:01:49.166] [TIME] total=429ms
