[2013-07-04 17:01:56.866] [INFO] Running in directory /tmp/hellmann/current_run
[2013-07-04 17:01:56.866] [INFO] Reading settings from /tmp/hellmann/current_run/config.json
[2013-07-04 17:01:56.867] [INFO] Reading input file ./0070/random_in_square_0070_0837_033.json ...
[2013-07-04 17:01:56.896] [TIME] generating segments=28ms
[2013-07-04 17:01:56.896] points=70 segments=2415 convex hull=11
[2013-07-04 17:01:56.896] [INFO] shortest input segment: 0:(303,560)->(286,566) (len^2=325)
[2013-07-04 17:01:56.902] [INFO] shortest non-crossing segment: 1:(701,-824)->(704,-803) (len^2=450)
[2013-07-04 17:01:56.902] separators=11
[2013-07-04 17:01:56.903] [TIME] intersection graph=6ms
[2013-07-04 17:01:56.904] [INFO] shortest triangulation segment: 0:(303,560)->(286,566) (len^2=325)
[2013-07-04 17:01:56.904] [INFO] shortest convex hull segment: 1:(701,-824)->(704,-803) (len^2=450)
[2013-07-04 17:01:56.904] [STATS] it=0	lb=0	ub=1
[2013-07-04 17:01:56.904] [TIME] controller initialization=36ms
IBM ILOG License Manager: "university-braunschweig" is accessing CPLEX 12 with option(s): "e m b q use=10 MaintenanceEnd=20110128 ".
[2013-07-04 17:01:56.920] [TIME] iteration 1=15ms
[2013-07-04 17:01:56.920] [INFO] shortest constrained triangulation segment: 1:(701,-824)->(704,-803) (len^2=450)
[2013-07-04 17:01:56.920] [STATS] it=1	lb=1	ub=1
[2013-07-04 17:01:56.920] iterations=1 gap=0
[2013-07-04 17:01:56.920] [TIME] SAT solving=15ms
[2013-07-04 17:01:56.920] [TIME] total=53ms
