[2013-07-04 17:01:14.562] [INFO] Running in directory /tmp/hellmann/current_run
[2013-07-04 17:01:14.562] [INFO] Reading settings from /tmp/hellmann/current_run/config.json
[2013-07-04 17:01:14.562] [INFO] Reading input file ./0070/random_in_square_0070_0837_003.json ...
[2013-07-04 17:01:14.591] [TIME] generating segments=28ms
[2013-07-04 17:01:14.591] points=70 segments=2415 convex hull=13
[2013-07-04 17:01:14.591] [INFO] shortest input segment: 0:(-564,-190)->(-577,-186) (len^2=185)
[2013-07-04 17:01:14.606] [INFO] shortest non-crossing segment: 4:(-346,-818)->(-395,-797) (len^2=2842)
[2013-07-04 17:01:14.606] separators=38
[2013-07-04 17:01:14.616] [TIME] intersection graph=24ms
[2013-07-04 17:01:14.617] [INFO] shortest triangulation segment: 0:(-564,-190)->(-577,-186) (len^2=185)
[2013-07-04 17:01:14.617] [INFO] shortest convex hull segment: 4:(-346,-818)->(-395,-797) (len^2=2842)
[2013-07-04 17:01:14.617] [STATS] it=0	lb=0	ub=4
[2013-07-04 17:01:14.617] [TIME] controller initialization=54ms
IBM ILOG License Manager: "university-braunschweig" is accessing CPLEX 12 with option(s): "e m b q use=10 MaintenanceEnd=20110128 ".
[2013-07-04 17:01:14.641] [TIME] iteration 1=24ms
[2013-07-04 17:01:14.642] [STATS] it=1	lb=3	ub=4
[2013-07-04 17:01:14.659] [TIME] iteration 2=17ms
[2013-07-04 17:01:14.659] [INFO] shortest constrained triangulation segment: 4:(-346,-818)->(-395,-797) (len^2=2842)
[2013-07-04 17:01:14.659] [STATS] it=2	lb=4	ub=4
[2013-07-04 17:01:14.659] iterations=2 gap=0
[2013-07-04 17:01:14.659] [TIME] SAT solving=41ms
[2013-07-04 17:01:14.660] [TIME] total=97ms
