[2013-07-09 08:53:20.299] [INFO] Running in directory /tmp/hellmann/current_run
[2013-07-09 08:53:20.299] [INFO] Reading settings from /tmp/hellmann/current_run/config.json
[2013-07-09 08:53:20.300] [INFO] Reading input file ./0260/random_in_square_0260_1612_016.json ...
[2013-07-09 08:53:22.058] [TIME] generating segments=1743ms
[2013-07-09 08:53:22.060] points=260 segments=33670 convex hull=12
[2013-07-09 08:53:22.060] [INFO] shortest input segment: 0:(-554,1396)->(-557,1398) (len^2=13)
[2013-07-09 08:53:22.088] [INFO] shortest non-crossing segment: 1:(1331,-1599)->(1328,-1594) (len^2=34)
[2013-07-09 08:53:22.088] separators=5
[2013-07-09 08:53:22.089] [TIME] intersection graph=28ms
[2013-07-09 08:53:22.090] [INFO] shortest triangulation segment: 0:(-554,1396)->(-557,1398) (len^2=13)
[2013-07-09 08:53:22.090] [INFO] shortest convex hull segment: 327:(1592,299)->(1581,480) (len^2=32882)
[2013-07-09 08:53:22.090] [STATS] it=0	lb=0	ub=1
[2013-07-09 08:53:22.090] [TIME] controller initialization=1791ms
IBM ILOG License Manager: "university-braunschweig" is accessing CPLEX 12 with option(s): "e m b q use=10 MaintenanceEnd=20110128 ".
[2013-07-09 08:53:23.283] [TIME] iteration 1=1192ms
[2013-07-09 08:53:23.284] [INFO] shortest constrained triangulation segment: 1:(1331,-1599)->(1328,-1594) (len^2=34)
[2013-07-09 08:53:23.284] [STATS] it=1	lb=1	ub=1
[2013-07-09 08:53:23.284] iterations=1 gap=0
[2013-07-09 08:53:23.284] [TIME] SAT solving=1192ms
[2013-07-09 08:53:23.284] [TIME] total=2985ms
