[2013-07-09 11:27:58.236] [INFO] Running in directory /tmp/hellmann/current_run
[2013-07-09 11:27:58.252] [INFO] Reading settings from /tmp/hellmann/current_run/config.json
[2013-07-09 11:27:58.264] [INFO] Reading input file ./0260/random_in_square_0260_1612_032.json ...
[2013-07-09 11:28:00.022] [TIME] generating segments=1727ms
[2013-07-09 11:28:00.023] points=260 segments=33670 convex hull=16
[2013-07-09 11:28:00.024] [INFO] shortest input segment: 0:(443,582)->(443,587) (len^2=25)
[2013-07-09 11:28:00.190] [INFO] shortest non-crossing segment: 10:(-149,1591)->(-174,1609) (len^2=949)
[2013-07-09 11:28:00.190] separators=459
[2013-07-09 11:28:00.927] [TIME] intersection graph=904ms
[2013-07-09 11:28:00.929] [INFO] shortest triangulation segment: 0:(443,582)->(443,587) (len^2=25)
[2013-07-09 11:28:00.929] [INFO] shortest convex hull segment: 34:(-1465,-1478)->(-1504,-1434) (len^2=3457)
[2013-07-09 11:28:00.929] [STATS] it=0	lb=0	ub=10
[2013-07-09 11:28:00.929] [TIME] controller initialization=2666ms
IBM ILOG License Manager: "university-braunschweig" is accessing CPLEX 12 with option(s): "e m b q use=10 MaintenanceEnd=20110128 ".
[2013-07-09 11:28:02.881] [TIME] iteration 1=1952ms
[2013-07-09 11:28:02.881] [STATS] it=1	lb=5	ub=10
[2013-07-09 11:28:04.721] [TIME] iteration 2=1841ms
[2013-07-09 11:28:04.721] [STATS] it=2	lb=9	ub=10
[2013-07-09 11:28:06.555] [TIME] iteration 3=1835ms
[2013-07-09 11:28:06.557] [INFO] shortest constrained triangulation segment: 10:(-149,1591)->(-174,1609) (len^2=949)
[2013-07-09 11:28:06.557] [STATS] it=3	lb=10	ub=10
[2013-07-09 11:28:06.557] iterations=3 gap=0
[2013-07-09 11:28:06.557] [TIME] SAT solving=5628ms
[2013-07-09 11:28:06.557] [TIME] total=8294ms
