[2013-07-09 14:49:26.569] [INFO] Running in directory /tmp/hellmann/current_run
[2013-07-09 14:49:26.569] [INFO] Reading settings from /tmp/hellmann/current_run/config.json
[2013-07-09 14:49:26.580] [INFO] Reading input file ./0260/random_in_square_0260_1612_067.json ...
[2013-07-09 14:49:28.308] [TIME] generating segments=1717ms
[2013-07-09 14:49:28.310] points=260 segments=33670 convex hull=13
[2013-07-09 14:49:28.310] [INFO] shortest input segment: 0:(-1207,-1306)->(-1200,-1298) (len^2=113)
[2013-07-09 14:49:28.602] [INFO] shortest non-crossing segment: 17:(-1350,1584)->(-1394,1589) (len^2=1961)
[2013-07-09 14:49:28.603] separators=1675
[2013-07-09 14:49:41.628] [TIME] intersection graph=13319ms
[2013-07-09 14:49:41.630] [INFO] shortest triangulation segment: 0:(-1207,-1306)->(-1200,-1298) (len^2=113)
[2013-07-09 14:49:41.630] [INFO] shortest convex hull segment: 56:(-1466,1575)->(-1394,1589) (len^2=5380)
[2013-07-09 14:49:41.630] [STATS] it=0	lb=0	ub=17
[2013-07-09 14:49:41.630] [TIME] controller initialization=15049ms
IBM ILOG License Manager: "university-braunschweig" is accessing CPLEX 12 with option(s): "e m b q use=10 MaintenanceEnd=20110128 ".
[2013-07-09 14:50:10.440] [TIME] iteration 1=28811ms
[2013-07-09 14:50:10.440] [STATS] it=1	lb=12	ub=17
[2013-07-09 14:50:39.215] [TIME] iteration 2=28774ms
[2013-07-09 14:50:39.215] [STATS] it=2	lb=16	ub=17
[2013-07-09 14:51:08.115] [TIME] iteration 3=28901ms
[2013-07-09 14:51:08.118] [INFO] shortest constrained triangulation segment: 17:(-1350,1584)->(-1394,1589) (len^2=1961)
[2013-07-09 14:51:08.118] [STATS] it=3	lb=17	ub=17
[2013-07-09 14:51:08.118] iterations=3 gap=0
[2013-07-09 14:51:08.118] [TIME] SAT solving=86486ms
[2013-07-09 14:51:08.118] [TIME] total=101538ms
