[2013-07-09 13:30:34.928] [INFO] Running in directory /tmp/hellmann/current_run
[2013-07-09 13:30:34.928] [INFO] Reading settings from /tmp/hellmann/current_run/config.json
[2013-07-09 13:30:34.928] [INFO] Reading input file ./0260/random_in_square_0260_1612_047.json ...
[2013-07-09 13:30:36.727] [TIME] generating segments=1797ms
[2013-07-09 13:30:36.729] points=260 segments=33670 convex hull=14
[2013-07-09 13:30:36.729] [INFO] shortest input segment: 0:(-1271,-1069)->(-1267,-1063) (len^2=52)
[2013-07-09 13:30:37.249] [INFO] shortest non-crossing segment: 30:(1534,-1298)->(1540,-1243) (len^2=3061)
[2013-07-09 13:30:37.249] separators=3269
[2013-07-09 13:31:18.484] [TIME] intersection graph=41756ms
[2013-07-09 13:31:18.486] [INFO] shortest triangulation segment: 0:(-1271,-1069)->(-1267,-1063) (len^2=52)
[2013-07-09 13:31:18.486] [INFO] shortest convex hull segment: 37:(1359,1582)->(1301,1598) (len^2=3620)
[2013-07-09 13:31:18.486] [STATS] it=0	lb=0	ub=30
[2013-07-09 13:31:18.486] [TIME] controller initialization=43558ms
IBM ILOG License Manager: "university-braunschweig" is accessing CPLEX 12 with option(s): "e m b q use=10 MaintenanceEnd=20110128 ".
[2013-07-09 13:33:47.166] [TIME] iteration 1=148679ms
[2013-07-09 13:33:47.201] [STATS] it=1	lb=16	ub=30
[2013-07-09 13:37:59.500] [TIME] iteration 2=252292ms
[2013-07-09 13:37:59.531] [STATS] it=2	lb=25	ub=30
[2013-07-09 13:41:22.720] [TIME] iteration 3=203188ms
[2013-07-09 13:41:22.829] [INFO] shortest constrained triangulation segment: 30:(1534,-1298)->(1540,-1243) (len^2=3061)
[2013-07-09 13:41:22.829] [STATS] it=3	lb=30	ub=30
[2013-07-09 13:41:22.829] iterations=3 gap=0
[2013-07-09 13:41:22.829] [TIME] SAT solving=604140ms
[2013-07-09 13:41:22.829] [TIME] total=647902ms
