[2013-07-09 15:14:17.993] [INFO] Running in directory /tmp/hellmann/current_run
[2013-07-09 15:14:17.994] [INFO] Reading settings from /tmp/hellmann/current_run/config.json
[2013-07-09 15:14:17.994] [INFO] Reading input file ./0260/random_in_square_0260_1612_073.json ...
[2013-07-09 15:14:19.749] [TIME] generating segments=1743ms
[2013-07-09 15:14:19.750] points=260 segments=33670 convex hull=14
[2013-07-09 15:14:19.750] [INFO] shortest input segment: 0:(1278,155)->(1267,156) (len^2=122)
[2013-07-09 15:14:19.933] [INFO] shortest non-crossing segment: 11:(1447,951)->(1428,977) (len^2=1037)
[2013-07-09 15:14:19.933] separators=557
[2013-07-09 15:14:21.467] [TIME] intersection graph=1717ms
[2013-07-09 15:14:21.468] [INFO] shortest triangulation segment: 0:(1278,155)->(1267,156) (len^2=122)
[2013-07-09 15:14:21.468] [INFO] shortest convex hull segment: 102:(1541,-1549)->(1555,-1447) (len^2=10600)
[2013-07-09 15:14:21.468] [STATS] it=0	lb=0	ub=11
[2013-07-09 15:14:21.468] [TIME] controller initialization=3475ms
IBM ILOG License Manager: "university-braunschweig" is accessing CPLEX 12 with option(s): "e m b q use=10 MaintenanceEnd=20110128 ".
[2013-07-09 15:14:24.509] [TIME] iteration 1=3040ms
[2013-07-09 15:14:24.509] [STATS] it=1	lb=6	ub=11
[2013-07-09 15:14:27.541] [TIME] iteration 2=3032ms
[2013-07-09 15:14:27.543] [INFO] shortest constrained triangulation segment: 11:(1447,951)->(1428,977) (len^2=1037)
[2013-07-09 15:14:27.543] [STATS] it=2	lb=11	ub=11
[2013-07-09 15:14:27.543] iterations=2 gap=0
[2013-07-09 15:14:27.543] [TIME] SAT solving=6072ms
[2013-07-09 15:14:27.543] [TIME] total=9550ms
