[2013-07-09 08:37:16.855] [INFO] Running in directory /tmp/hellmann/current_run
[2013-07-09 08:37:16.855] [INFO] Reading settings from /tmp/hellmann/current_run/config.json
[2013-07-09 08:37:16.856] [INFO] Reading input file ./0260/random_in_square_0260_1612_009.json ...
[2013-07-09 08:37:18.568] [TIME] generating segments=1700ms
[2013-07-09 08:37:18.570] points=260 segments=33670 convex hull=12
[2013-07-09 08:37:18.570] [INFO] shortest input segment: 0:(3,948)->(4,949) (len^2=2)
[2013-07-09 08:37:18.612] [INFO] shortest non-crossing segment: 2:(908,1500)->(906,1504) (len^2=20)
[2013-07-09 08:37:18.613] separators=19
[2013-07-09 08:37:18.616] [TIME] intersection graph=45ms
[2013-07-09 08:37:18.617] [INFO] shortest triangulation segment: 0:(3,948)->(4,949) (len^2=2)
[2013-07-09 08:37:18.617] [INFO] shortest convex hull segment: 56:(1277,1432)->(1213,1470) (len^2=5540)
[2013-07-09 08:37:18.617] [STATS] it=0	lb=0	ub=2
[2013-07-09 08:37:18.617] [TIME] controller initialization=1762ms
IBM ILOG License Manager: "university-braunschweig" is accessing CPLEX 12 with option(s): "e m b q use=10 MaintenanceEnd=20110128 ".
[2013-07-09 08:37:19.813] [TIME] iteration 1=1195ms
[2013-07-09 08:37:19.814] [INFO] shortest constrained triangulation segment: 2:(908,1500)->(906,1504) (len^2=20)
[2013-07-09 08:37:19.814] [STATS] it=1	lb=2	ub=2
[2013-07-09 08:37:19.814] iterations=1 gap=0
[2013-07-09 08:37:19.814] [TIME] SAT solving=1195ms
[2013-07-09 08:37:19.814] [TIME] total=2959ms
