[2013-07-09 11:12:03.563] [INFO] Running in directory /tmp/hellmann/current_run
[2013-07-09 11:12:03.563] [INFO] Reading settings from /tmp/hellmann/current_run/config.json
[2013-07-09 11:12:03.563] [INFO] Reading input file ./0260/random_in_square_0260_1612_031.json ...
[2013-07-09 11:12:06.279] [TIME] generating segments=2704ms
[2013-07-09 11:12:06.280] points=260 segments=33670 convex hull=17
[2013-07-09 11:12:06.280] [INFO] shortest input segment: 0:(-1143,1278)->(-1139,1283) (len^2=41)
[2013-07-09 11:12:06.862] [INFO] shortest non-crossing segment: 33:(-1177,1492)->(-1178,1554) (len^2=3845)
[2013-07-09 11:12:06.862] separators=3855
[2013-07-09 11:13:15.948] [TIME] intersection graph=69668ms
[2013-07-09 11:13:15.950] [INFO] shortest triangulation segment: 0:(-1143,1278)->(-1139,1283) (len^2=41)
[2013-07-09 11:13:15.950] [INFO] shortest convex hull segment: 126:(1556,-1510)->(1609,-1406) (len^2=13625)
[2013-07-09 11:13:15.950] [STATS] it=0	lb=0	ub=33
[2013-07-09 11:13:15.950] [TIME] controller initialization=72386ms
IBM ILOG License Manager: "university-braunschweig" is accessing CPLEX 12 with option(s): "e m b q use=10 MaintenanceEnd=20110128 ".
[2013-07-09 11:23:34.926] [TIME] iteration 1=618977ms
[2013-07-09 11:23:34.975] [STATS] it=1	lb=18	ub=33
[2013-07-09 11:24:37.519] [ERROR] Solution is infeasible
[2013-07-09 11:24:37.625] [TIME] iteration 2=62631ms
[2013-07-09 11:24:37.665] [STATS] it=2	lb=18	ub=25
[2013-07-09 11:26:17.508] [ERROR] Solution is infeasible
[2013-07-09 11:26:17.569] [TIME] iteration 3=99888ms
[2013-07-09 11:26:17.582] [STATS] it=3	lb=18	ub=21
[2013-07-09 11:26:29.614] [ERROR] Solution is infeasible
[2013-07-09 11:26:29.660] [TIME] iteration 4=12066ms
[2013-07-09 11:26:29.661] [STATS] it=4	lb=18	ub=19
[2013-07-09 11:27:54.450] [ERROR] Solution is infeasible
[2013-07-09 11:27:54.464] [TIME] iteration 5=84778ms
[2013-07-09 11:27:54.886] [INFO] shortest constrained triangulation segment: 18:(1584,-1002)->(1580,-963) (len^2=1537)
[2013-07-09 11:27:54.886] [STATS] it=5	lb=18	ub=18
[2013-07-09 11:27:54.886] iterations=5 gap=0
[2013-07-09 11:27:54.886] [TIME] SAT solving=878311ms
[2013-07-09 11:27:54.886] [TIME] total=951322ms
