[2013-07-09 07:32:56.264] [INFO] Running in directory /tmp/hellmann/current_run
[2013-07-09 07:32:56.264] [INFO] Reading settings from /tmp/hellmann/current_run/config.json
[2013-07-09 07:32:56.274] [INFO] Reading input file ./0260/random_in_square_0260_1612_003.json ...
[2013-07-09 07:32:57.969] [TIME] generating segments=1685ms
[2013-07-09 07:32:57.970] points=260 segments=33670 convex hull=12
[2013-07-09 07:32:57.970] [INFO] shortest input segment: 0:(529,1449)->(526,1456) (len^2=58)
[2013-07-09 07:32:58.303] [INFO] shortest non-crossing segment: 19:(1577,1547)->(1581,1596) (len^2=2417)
[2013-07-09 07:32:58.303] separators=2083
[2013-07-09 07:33:17.411] [TIME] intersection graph=19440ms
[2013-07-09 07:33:17.412] [INFO] shortest triangulation segment: 0:(529,1449)->(526,1456) (len^2=58)
[2013-07-09 07:33:17.412] [INFO] shortest convex hull segment: 305:(1339,-1603)->(1513,-1572) (len^2=31237)
[2013-07-09 07:33:17.412] [STATS] it=0	lb=0	ub=19
[2013-07-09 07:33:17.412] [TIME] controller initialization=21138ms
IBM ILOG License Manager: "university-braunschweig" is accessing CPLEX 12 with option(s): "e m b q use=10 MaintenanceEnd=20110128 ".
[2013-07-09 07:33:58.708] [TIME] iteration 1=41295ms
[2013-07-09 07:33:58.708] [STATS] it=1	lb=12	ub=19
[2013-07-09 07:34:41.337] [TIME] iteration 2=42629ms
[2013-07-09 07:34:41.392] [INFO] shortest constrained triangulation segment: 19:(1577,1547)->(1581,1596) (len^2=2417)
[2013-07-09 07:34:41.392] [STATS] it=2	lb=19	ub=19
[2013-07-09 07:34:41.393] iterations=2 gap=0
[2013-07-09 07:34:41.393] [TIME] SAT solving=83924ms
[2013-07-09 07:34:41.393] [TIME] total=105119ms
