[2013-07-09 15:14:08.515] [INFO] Running in directory /tmp/hellmann/current_run
[2013-07-09 15:14:08.515] [INFO] Reading settings from /tmp/hellmann/current_run/config.json
[2013-07-09 15:14:08.516] [INFO] Reading input file ./0260/random_in_square_0260_1612_072.json ...
[2013-07-09 15:14:10.360] [TIME] generating segments=1830ms
[2013-07-09 15:14:10.361] points=260 segments=33670 convex hull=9
[2013-07-09 15:14:10.361] [INFO] shortest input segment: 0:(-911,-1245)->(-900,-1239) (len^2=157)
[2013-07-09 15:14:10.484] [INFO] shortest non-crossing segment: 7:(1301,1393)->(1331,1394) (len^2=901)
[2013-07-09 15:14:10.484] separators=439
[2013-07-09 15:14:11.413] [TIME] intersection graph=1051ms
[2013-07-09 15:14:11.414] [INFO] shortest triangulation segment: 0:(-911,-1245)->(-900,-1239) (len^2=157)
[2013-07-09 15:14:11.414] [INFO] shortest convex hull segment: 1244:(-1265,1480)->(-934,1591) (len^2=121882)
[2013-07-09 15:14:11.414] [STATS] it=0	lb=0	ub=7
[2013-07-09 15:14:11.414] [TIME] controller initialization=2898ms
IBM ILOG License Manager: "university-braunschweig" is accessing CPLEX 12 with option(s): "e m b q use=10 MaintenanceEnd=20110128 ".
[2013-07-09 15:14:13.609] [TIME] iteration 1=2195ms
[2013-07-09 15:14:13.609] [STATS] it=1	lb=4	ub=7
[2013-07-09 15:14:15.775] [TIME] iteration 2=2165ms
[2013-07-09 15:14:15.775] [STATS] it=2	lb=6	ub=7
[2013-07-09 15:14:17.951] [TIME] iteration 3=2176ms
[2013-07-09 15:14:17.953] [INFO] shortest constrained triangulation segment: 7:(1301,1393)->(1331,1394) (len^2=901)
[2013-07-09 15:14:17.953] [STATS] it=3	lb=7	ub=7
[2013-07-09 15:14:17.953] iterations=3 gap=0
[2013-07-09 15:14:17.953] [TIME] SAT solving=6536ms
[2013-07-09 15:14:17.953] [TIME] total=9437ms
