[2013-07-09 18:41:27.133] [INFO] Running in directory /tmp/hellmann/current_run
[2013-07-09 18:41:27.133] [INFO] Reading settings from /tmp/hellmann/current_run/config.json
[2013-07-09 18:41:27.150] [INFO] Reading input file ./0260/random_in_square_0260_1612_094.json ...
[2013-07-09 18:41:29.096] [TIME] generating segments=1934ms
[2013-07-09 18:41:29.098] points=260 segments=33670 convex hull=15
[2013-07-09 18:41:29.098] [INFO] shortest input segment: 0:(-693,566)->(-702,571) (len^2=106)
[2013-07-09 18:41:29.173] [INFO] shortest non-crossing segment: 4:(1231,-1380)->(1210,-1379) (len^2=442)
[2013-07-09 18:41:29.173] separators=211
[2013-07-09 18:41:29.428] [TIME] intersection graph=331ms
[2013-07-09 18:41:29.430] [INFO] shortest triangulation segment: 0:(-693,566)->(-702,571) (len^2=106)
[2013-07-09 18:41:29.430] [INFO] shortest convex hull segment: 367:(-1330,-1569)->(-1521,-1532) (len^2=37850)
[2013-07-09 18:41:29.430] [STATS] it=0	lb=0	ub=4
[2013-07-09 18:41:29.430] [TIME] controller initialization=2285ms
IBM ILOG License Manager: "university-braunschweig" is accessing CPLEX 12 with option(s): "e m b q use=10 MaintenanceEnd=20110128 ".
[2013-07-09 18:41:30.877] [TIME] iteration 1=1446ms
[2013-07-09 18:41:30.878] [INFO] shortest constrained triangulation segment: 4:(1231,-1380)->(1210,-1379) (len^2=442)
[2013-07-09 18:41:30.878] [STATS] it=1	lb=4	ub=4
[2013-07-09 18:41:30.878] iterations=1 gap=0
[2013-07-09 18:41:30.878] [TIME] SAT solving=1446ms
[2013-07-09 18:41:30.878] [TIME] total=3734ms
