[2013-07-09 14:46:11.624] [INFO] Running in directory /tmp/hellmann/current_run
[2013-07-09 14:46:11.624] [INFO] Reading settings from /tmp/hellmann/current_run/config.json
[2013-07-09 14:46:11.624] [INFO] Reading input file ./0260/random_in_square_0260_1612_065.json ...
[2013-07-09 14:46:13.358] [TIME] generating segments=1722ms
[2013-07-09 14:46:13.360] points=260 segments=33670 convex hull=15
[2013-07-09 14:46:13.360] [INFO] shortest input segment: 0:(1232,-416)->(1228,-414) (len^2=20)
[2013-07-09 14:46:13.503] [INFO] shortest non-crossing segment: 9:(1432,788)->(1414,807) (len^2=685)
[2013-07-09 14:46:13.503] separators=187
[2013-07-09 14:46:13.622] [TIME] intersection graph=263ms
[2013-07-09 14:46:13.623] [INFO] shortest triangulation segment: 0:(1232,-416)->(1228,-414) (len^2=20)
[2013-07-09 14:46:13.623] [INFO] shortest convex hull segment: 86:(1594,152)->(1587,248) (len^2=9265)
[2013-07-09 14:46:13.623] [STATS] it=0	lb=0	ub=9
[2013-07-09 14:46:13.623] [TIME] controller initialization=2000ms
IBM ILOG License Manager: "university-braunschweig" is accessing CPLEX 12 with option(s): "e m b q use=10 MaintenanceEnd=20110128 ".
[2013-07-09 14:46:14.903] [TIME] iteration 1=1279ms
[2013-07-09 14:46:14.903] [STATS] it=1	lb=6	ub=9
[2013-07-09 14:46:16.172] [TIME] iteration 2=1268ms
[2013-07-09 14:46:16.174] [INFO] shortest constrained triangulation segment: 9:(1432,788)->(1414,807) (len^2=685)
[2013-07-09 14:46:16.174] [STATS] it=2	lb=9	ub=9
[2013-07-09 14:46:16.174] iterations=2 gap=0
[2013-07-09 14:46:16.174] [TIME] SAT solving=2547ms
[2013-07-09 14:46:16.174] [TIME] total=4550ms
