[2013-07-09 14:43:40.442] [INFO] Running in directory /tmp/hellmann/current_run
[2013-07-09 14:43:40.442] [INFO] Reading settings from /tmp/hellmann/current_run/config.json
[2013-07-09 14:43:40.443] [INFO] Reading input file ./0260/random_in_square_0260_1612_062.json ...
[2013-07-09 14:43:42.313] [TIME] generating segments=1860ms
[2013-07-09 14:43:42.314] points=260 segments=33670 convex hull=14
[2013-07-09 14:43:42.314] [INFO] shortest input segment: 0:(1420,1373)->(1415,1376) (len^2=34)
[2013-07-09 14:43:42.652] [INFO] shortest non-crossing segment: 20:(-1494,-1510)->(-1497,-1466) (len^2=1945)
[2013-07-09 14:43:42.652] separators=1776
[2013-07-09 14:43:56.465] [TIME] intersection graph=14151ms
[2013-07-09 14:43:56.467] [INFO] shortest triangulation segment: 0:(1420,1373)->(1415,1376) (len^2=34)
[2013-07-09 14:43:56.467] [INFO] shortest convex hull segment: 320:(1321,-1543)->(1494,-1503) (len^2=31529)
[2013-07-09 14:43:56.467] [STATS] it=0	lb=0	ub=20
[2013-07-09 14:43:56.467] [TIME] controller initialization=16024ms
IBM ILOG License Manager: "university-braunschweig" is accessing CPLEX 12 with option(s): "e m b q use=10 MaintenanceEnd=20110128 ".
[2013-07-09 14:44:38.252] [TIME] iteration 1=41784ms
[2013-07-09 14:44:38.252] [STATS] it=1	lb=10	ub=20
[2013-07-09 14:45:07.470] [TIME] iteration 2=29219ms
[2013-07-09 14:45:07.472] [INFO] shortest constrained triangulation segment: 20:(-1494,-1510)->(-1497,-1466) (len^2=1945)
[2013-07-09 14:45:07.472] [STATS] it=2	lb=20	ub=20
[2013-07-09 14:45:07.472] iterations=2 gap=0
[2013-07-09 14:45:07.472] [TIME] SAT solving=71003ms
[2013-07-09 14:45:07.472] [TIME] total=87030ms
