[2013-07-09 11:05:26.096] [INFO] Running in directory /tmp/hellmann/current_run
[2013-07-09 11:05:26.096] [INFO] Reading settings from /tmp/hellmann/current_run/config.json
[2013-07-09 11:05:26.108] [INFO] Reading input file ./0260/random_in_square_0260_1612_028.json ...
[2013-07-09 11:05:27.864] [TIME] generating segments=1746ms
[2013-07-09 11:05:27.865] points=260 segments=33670 convex hull=14
[2013-07-09 11:05:27.865] [INFO] shortest input segment: 0:(-863,126)->(-867,135) (len^2=97)
[2013-07-09 11:05:28.108] [INFO] shortest non-crossing segment: 14:(1496,-1586)->(1494,-1546) (len^2=1604)
[2013-07-09 11:05:28.108] separators=1434
[2013-07-09 11:05:38.100] [TIME] intersection graph=10234ms
[2013-07-09 11:05:38.101] [INFO] shortest triangulation segment: 1:(612,444)->(597,454) (len^2=325)
[2013-07-09 11:05:38.101] [INFO] shortest convex hull segment: 84:(-1394,-1517)->(-1478,-1480) (len^2=8425)
[2013-07-09 11:05:38.101] [STATS] it=0	lb=1	ub=14
[2013-07-09 11:05:38.102] [TIME] controller initialization=12005ms
IBM ILOG License Manager: "university-braunschweig" is accessing CPLEX 12 with option(s): "e m b q use=10 MaintenanceEnd=20110128 ".
[2013-07-09 11:05:59.041] [TIME] iteration 1=20940ms
[2013-07-09 11:05:59.041] [STATS] it=1	lb=8	ub=14
[2013-07-09 11:06:19.585] [TIME] iteration 2=20544ms
[2013-07-09 11:06:19.586] [INFO] shortest constrained triangulation segment: 14:(1496,-1586)->(1494,-1546) (len^2=1604)
[2013-07-09 11:06:19.587] [STATS] it=2	lb=14	ub=14
[2013-07-09 11:06:19.587] iterations=2 gap=0
[2013-07-09 11:06:19.587] [TIME] SAT solving=41484ms
[2013-07-09 11:06:19.587] [TIME] total=53491ms
