[2013-07-09 11:58:53.338] [INFO] Running in directory /tmp/hellmann/current_run
[2013-07-09 11:58:53.338] [INFO] Reading settings from /tmp/hellmann/current_run/config.json
[2013-07-09 11:58:53.339] [INFO] Reading input file ./0260/random_in_square_0260_1612_037.json ...
[2013-07-09 11:58:55.225] [TIME] generating segments=1884ms
[2013-07-09 11:58:55.227] points=260 segments=33670 convex hull=13
[2013-07-09 11:58:55.227] [INFO] shortest input segment: 0:(1333,612)->(1326,617) (len^2=74)
[2013-07-09 11:58:55.254] [INFO] shortest non-crossing segment: 1:(1473,-1354)->(1459,-1346) (len^2=260)
[2013-07-09 11:58:55.254] separators=13
[2013-07-09 11:58:55.256] [TIME] intersection graph=28ms
[2013-07-09 11:58:55.257] [INFO] shortest triangulation segment: 0:(1333,612)->(1326,617) (len^2=74)
[2013-07-09 11:58:55.257] [INFO] shortest convex hull segment: 160:(-1305,1117)->(-1342,1234) (len^2=15058)
[2013-07-09 11:58:55.257] [STATS] it=0	lb=0	ub=1
[2013-07-09 11:58:55.257] [TIME] controller initialization=1919ms
IBM ILOG License Manager: "university-braunschweig" is accessing CPLEX 12 with option(s): "e m b q use=10 MaintenanceEnd=20110128 ".
[2013-07-09 11:58:56.451] [TIME] iteration 1=1194ms
[2013-07-09 11:58:56.453] [INFO] shortest constrained triangulation segment: 1:(1473,-1354)->(1459,-1346) (len^2=260)
[2013-07-09 11:58:56.453] [STATS] it=1	lb=1	ub=1
[2013-07-09 11:58:56.453] iterations=1 gap=0
[2013-07-09 11:58:56.453] [TIME] SAT solving=1194ms
[2013-07-09 11:58:56.453] [TIME] total=3115ms
