[2013-07-09 08:37:10.405] [INFO] Running in directory /tmp/hellmann/current_run
[2013-07-09 08:37:10.416] [INFO] Reading settings from /tmp/hellmann/current_run/config.json
[2013-07-09 08:37:10.433] [INFO] Reading input file ./0260/random_in_square_0260_1612_008.json ...
[2013-07-09 08:37:12.502] [TIME] generating segments=2054ms
[2013-07-09 08:37:12.504] points=260 segments=33670 convex hull=13
[2013-07-09 08:37:12.504] [INFO] shortest input segment: 0:(-1258,-1318)->(-1263,-1306) (len^2=169)
[2013-07-09 08:37:12.610] [INFO] shortest non-crossing segment: 6:(1527,1438)->(1539,1468) (len^2=1044)
[2013-07-09 08:37:12.610] separators=347
[2013-07-09 08:37:13.144] [TIME] intersection graph=640ms
[2013-07-09 08:37:13.146] [INFO] shortest triangulation segment: 0:(-1258,-1318)->(-1263,-1306) (len^2=169)
[2013-07-09 08:37:13.146] [INFO] shortest convex hull segment: 46:(1539,1468)->(1469,1494) (len^2=5576)
[2013-07-09 08:37:13.146] [STATS] it=0	lb=0	ub=6
[2013-07-09 08:37:13.146] [TIME] controller initialization=2718ms
IBM ILOG License Manager: "university-braunschweig" is accessing CPLEX 12 with option(s): "e m b q use=10 MaintenanceEnd=20110128 ".
[2013-07-09 08:37:15.060] [TIME] iteration 1=1914ms
[2013-07-09 08:37:15.060] [STATS] it=1	lb=3	ub=6
[2013-07-09 08:37:16.780] [TIME] iteration 2=1720ms
[2013-07-09 08:37:16.781] [INFO] shortest constrained triangulation segment: 6:(1527,1438)->(1539,1468) (len^2=1044)
[2013-07-09 08:37:16.781] [STATS] it=2	lb=6	ub=6
[2013-07-09 08:37:16.781] iterations=2 gap=0
[2013-07-09 08:37:16.781] [TIME] SAT solving=3634ms
[2013-07-09 08:37:16.781] [TIME] total=6353ms
