[2013-07-09 11:58:35.707] [INFO] Running in directory /tmp/hellmann/current_run
[2013-07-09 11:58:35.708] [INFO] Reading settings from /tmp/hellmann/current_run/config.json
[2013-07-09 11:58:35.724] [INFO] Reading input file ./0260/random_in_square_0260_1612_035.json ...
[2013-07-09 11:58:37.436] [TIME] generating segments=1697ms
[2013-07-09 11:58:37.438] points=260 segments=33670 convex hull=13
[2013-07-09 11:58:37.438] [INFO] shortest input segment: 0:(870,-286)->(874,-276) (len^2=116)
[2013-07-09 11:58:37.608] [INFO] shortest non-crossing segment: 10:(127,1479)->(155,1482) (len^2=793)
[2013-07-09 11:58:37.608] separators=606
[2013-07-09 11:58:39.450] [TIME] intersection graph=2011ms
[2013-07-09 11:58:39.452] [INFO] shortest triangulation segment: 0:(870,-286)->(874,-276) (len^2=116)
[2013-07-09 11:58:39.452] [INFO] shortest convex hull segment: 114:(1420,-1544)->(1465,-1445) (len^2=11826)
[2013-07-09 11:58:39.452] [STATS] it=0	lb=0	ub=10
[2013-07-09 11:58:39.452] [TIME] controller initialization=3728ms
IBM ILOG License Manager: "university-braunschweig" is accessing CPLEX 12 with option(s): "e m b q use=10 MaintenanceEnd=20110128 ".
[2013-07-09 11:58:43.098] [TIME] iteration 1=3646ms
[2013-07-09 11:58:43.098] [STATS] it=1	lb=5	ub=10
[2013-07-09 11:58:46.706] [TIME] iteration 2=3608ms
[2013-07-09 11:58:46.706] [STATS] it=2	lb=8	ub=10
[2013-07-09 11:58:50.303] [TIME] iteration 3=3597ms
[2013-07-09 11:58:50.305] [INFO] shortest constrained triangulation segment: 10:(127,1479)->(155,1482) (len^2=793)
[2013-07-09 11:58:50.305] [STATS] it=3	lb=10	ub=10
[2013-07-09 11:58:50.305] iterations=3 gap=0
[2013-07-09 11:58:50.305] [TIME] SAT solving=10851ms
[2013-07-09 11:58:50.305] [TIME] total=14581ms
