[2013-07-09 16:22:35.748] [INFO] Running in directory /tmp/hellmann/current_run
[2013-07-09 16:22:35.748] [INFO] Reading settings from /tmp/hellmann/current_run/config.json
[2013-07-09 16:22:35.748] [INFO] Reading input file ./0260/random_in_square_0260_1612_080.json ...
[2013-07-09 16:22:37.555] [TIME] generating segments=1804ms
[2013-07-09 16:22:37.557] points=260 segments=33670 convex hull=16
[2013-07-09 16:22:37.557] [INFO] shortest input segment: 0:(-1353,-1164)->(-1345,-1158) (len^2=100)
[2013-07-09 16:22:37.863] [INFO] shortest non-crossing segment: 18:(1581,-1413)->(1600,-1376) (len^2=1730)
[2013-07-09 16:22:37.863] separators=1510
[2013-07-09 16:22:47.013] [TIME] intersection graph=9456ms
[2013-07-09 16:22:47.015] [INFO] shortest triangulation segment: 0:(-1353,-1164)->(-1345,-1158) (len^2=100)
[2013-07-09 16:22:47.015] [INFO] shortest convex hull segment: 140:(1467,1553)->(1354,1595) (len^2=14533)
[2013-07-09 16:22:47.015] [STATS] it=0	lb=0	ub=18
[2013-07-09 16:22:47.015] [TIME] controller initialization=11266ms
IBM ILOG License Manager: "university-braunschweig" is accessing CPLEX 12 with option(s): "e m b q use=10 MaintenanceEnd=20110128 ".
[2013-07-09 16:23:03.521] [TIME] iteration 1=16506ms
[2013-07-09 16:23:03.521] [STATS] it=1	lb=11	ub=18
[2013-07-09 16:23:20.016] [TIME] iteration 2=16495ms
[2013-07-09 16:23:20.018] [INFO] shortest constrained triangulation segment: 18:(1581,-1413)->(1600,-1376) (len^2=1730)
[2013-07-09 16:23:20.018] [STATS] it=2	lb=18	ub=18
[2013-07-09 16:23:20.018] iterations=2 gap=0
[2013-07-09 16:23:20.018] [TIME] SAT solving=33001ms
[2013-07-09 16:23:20.018] [TIME] total=44270ms
