[2013-07-04 19:26:19.624] [INFO] Running in directory /tmp/hellmann/current_run
[2013-07-04 19:26:19.624] [INFO] Reading settings from /tmp/hellmann/current_run/config.json
[2013-07-04 19:26:19.625] [INFO] Reading input file ./0110/random_in_square_0110_1049_024.json ...
[2013-07-04 19:26:19.733] [TIME] generating segments=106ms
[2013-07-04 19:26:19.733] points=110 segments=5995 convex hull=13
[2013-07-04 19:26:19.733] [INFO] shortest input segment: 0:(610,-517)->(611,-516) (len^2=2)
[2013-07-04 19:26:19.754] [INFO] shortest non-crossing segment: 3:(394,-974)->(419,-951) (len^2=1154)
[2013-07-04 19:26:19.754] separators=76
[2013-07-04 19:26:19.802] [TIME] intersection graph=68ms
[2013-07-04 19:26:19.803] [INFO] shortest triangulation segment: 0:(610,-517)->(611,-516) (len^2=2)
[2013-07-04 19:26:19.803] [INFO] shortest convex hull segment: 75:(-752,770)->(-816,882) (len^2=16640)
[2013-07-04 19:26:19.803] [STATS] it=0	lb=0	ub=3
[2013-07-04 19:26:19.803] [TIME] controller initialization=178ms
IBM ILOG License Manager: "university-braunschweig" is accessing CPLEX 12 with option(s): "e m b q use=10 MaintenanceEnd=20110128 ".
[2013-07-04 19:26:19.879] [TIME] iteration 1=76ms
[2013-07-04 19:26:19.880] [INFO] shortest constrained triangulation segment: 3:(394,-974)->(419,-951) (len^2=1154)
[2013-07-04 19:26:19.880] [STATS] it=1	lb=3	ub=3
[2013-07-04 19:26:19.880] iterations=1 gap=0
[2013-07-04 19:26:19.880] [TIME] SAT solving=76ms
[2013-07-04 19:26:19.880] [TIME] total=255ms
