[2013-07-04 19:02:14.807] [INFO] Running in directory /tmp/hellmann/current_run
[2013-07-04 19:02:14.807] [INFO] Reading settings from /tmp/hellmann/current_run/config.json
[2013-07-04 19:02:14.807] [INFO] Reading input file ./0110/random_in_square_0110_1049_001.json ...
[2013-07-04 19:02:14.917] [TIME] generating segments=99ms
[2013-07-04 19:02:14.917] points=110 segments=5995 convex hull=14
[2013-07-04 19:02:14.917] [INFO] shortest input segment: 0:(901,-755)->(899,-754) (len^2=5)
[2013-07-04 19:02:14.926] [INFO] shortest non-crossing segment: 1:(1007,597)->(1001,615) (len^2=360)
[2013-07-04 19:02:14.926] separators=1
[2013-07-04 19:02:14.927] [TIME] intersection graph=9ms
[2013-07-04 19:02:14.927] [INFO] shortest triangulation segment: 0:(901,-755)->(899,-754) (len^2=5)
[2013-07-04 19:02:14.927] [INFO] shortest convex hull segment: 36:(-978,896)->(-878,923) (len^2=10729)
[2013-07-04 19:02:14.927] [STATS] it=0	lb=0	ub=1
[2013-07-04 19:02:14.927] [TIME] controller initialization=120ms
IBM ILOG License Manager: "university-braunschweig" is accessing CPLEX 12 with option(s): "e m b q use=10 MaintenanceEnd=20110128 ".
[2013-07-04 19:02:14.976] [TIME] iteration 1=48ms
[2013-07-04 19:02:14.977] [INFO] shortest constrained triangulation segment: 1:(1007,597)->(1001,615) (len^2=360)
[2013-07-04 19:02:14.977] [STATS] it=1	lb=1	ub=1
[2013-07-04 19:02:14.977] iterations=1 gap=0
[2013-07-04 19:02:14.977] [TIME] SAT solving=48ms
[2013-07-04 19:02:14.977] [TIME] total=169ms
