[2013-07-04 19:22:26.856] [INFO] Running in directory /tmp/hellmann/current_run
[2013-07-04 19:22:26.856] [INFO] Reading settings from /tmp/hellmann/current_run/config.json
[2013-07-04 19:22:26.878] [INFO] Reading input file ./0110/random_in_square_0110_1049_016.json ...
[2013-07-04 19:22:26.989] [TIME] generating segments=102ms
[2013-07-04 19:22:26.989] points=110 segments=5995 convex hull=11
[2013-07-04 19:22:26.989] [INFO] shortest input segment: 0:(911,159)->(895,164) (len^2=281)
[2013-07-04 19:22:27.038] [INFO] shortest non-crossing segment: 8:(1013,-175)->(1017,-135) (len^2=1616)
[2013-07-04 19:22:27.038] separators=218
[2013-07-04 19:22:27.270] [TIME] intersection graph=280ms
[2013-07-04 19:22:27.270] [INFO] shortest triangulation segment: 1:(-424,999)->(-430,1022) (len^2=565)
[2013-07-04 19:22:27.270] [INFO] shortest convex hull segment: 201:(1039,772)->(921,956) (len^2=47780)
[2013-07-04 19:22:27.270] [STATS] it=0	lb=1	ub=8
[2013-07-04 19:22:27.270] [TIME] controller initialization=400ms
IBM ILOG License Manager: "university-braunschweig" is accessing CPLEX 12 with option(s): "e m b q use=10 MaintenanceEnd=20110128 ".
[2013-07-04 19:22:27.601] [TIME] iteration 1=331ms
[2013-07-04 19:22:27.601] [STATS] it=1	lb=7	ub=8
[2013-07-04 19:22:27.855] [TIME] iteration 2=253ms
[2013-07-04 19:22:27.856] [INFO] shortest constrained triangulation segment: 8:(1013,-175)->(1017,-135) (len^2=1616)
[2013-07-04 19:22:27.856] [STATS] it=2	lb=8	ub=8
[2013-07-04 19:22:27.856] iterations=2 gap=0
[2013-07-04 19:22:27.856] [TIME] SAT solving=584ms
[2013-07-04 19:22:27.856] [TIME] total=987ms
