[2013-07-04 19:27:41.344] [INFO] Running in directory /tmp/hellmann/current_run
[2013-07-04 19:27:41.344] [INFO] Reading settings from /tmp/hellmann/current_run/config.json
[2013-07-04 19:27:41.344] [INFO] Reading input file ./0110/random_in_square_0110_1049_046.json ...
[2013-07-04 19:27:41.449] [TIME] generating segments=103ms
[2013-07-04 19:27:41.449] points=110 segments=5995 convex hull=14
[2013-07-04 19:27:41.449] [INFO] shortest input segment: 0:(-205,135)->(-204,156) (len^2=442)
[2013-07-04 19:27:41.471] [INFO] shortest non-crossing segment: 3:(-1009,-628)->(-988,-614) (len^2=637)
[2013-07-04 19:27:41.471] separators=101
[2013-07-04 19:27:41.543] [TIME] intersection graph=94ms
[2013-07-04 19:27:41.544] [INFO] shortest triangulation segment: 1:(-571,-835)->(-566,-813) (len^2=509)
[2013-07-04 19:27:41.544] [INFO] shortest convex hull segment: 48:(-733,-996)->(-819,-930) (len^2=11752)
[2013-07-04 19:27:41.544] [STATS] it=0	lb=1	ub=3
[2013-07-04 19:27:41.544] [TIME] controller initialization=200ms
IBM ILOG License Manager: "university-braunschweig" is accessing CPLEX 12 with option(s): "e m b q use=10 MaintenanceEnd=20110128 ".
[2013-07-04 19:27:41.644] [TIME] iteration 1=100ms
[2013-07-04 19:27:41.645] [INFO] shortest constrained triangulation segment: 3:(-1009,-628)->(-988,-614) (len^2=637)
[2013-07-04 19:27:41.645] [STATS] it=1	lb=3	ub=3
[2013-07-04 19:27:41.645] iterations=1 gap=0
[2013-07-04 19:27:41.645] [TIME] SAT solving=100ms
[2013-07-04 19:27:41.645] [TIME] total=301ms
