[2013-07-04 19:28:04.278] [INFO] Running in directory /tmp/hellmann/current_run
[2013-07-04 19:28:04.279] [INFO] Reading settings from /tmp/hellmann/current_run/config.json
[2013-07-04 19:28:04.279] [INFO] Reading input file ./0110/random_in_square_0110_1049_053.json ...
[2013-07-04 19:28:04.380] [TIME] generating segments=99ms
[2013-07-04 19:28:04.380] points=110 segments=5995 convex hull=13
[2013-07-04 19:28:04.380] [INFO] shortest input segment: 0:(-919,52)->(-924,60) (len^2=89)
[2013-07-04 19:28:04.599] [INFO] shortest non-crossing segment: 35:(925,-537)->(847,-489) (len^2=8388)
[2013-07-04 19:28:04.599] separators=1381
[2013-07-04 19:28:12.566] [TIME] intersection graph=8186ms
[2013-07-04 19:28:12.567] [INFO] shortest triangulation segment: 0:(-919,52)->(-924,60) (len^2=89)
[2013-07-04 19:28:12.567] [INFO] shortest convex hull segment: 36:(942,901)->(885,973) (len^2=8433)
[2013-07-04 19:28:12.567] [STATS] it=0	lb=0	ub=35
[2013-07-04 19:28:12.567] [TIME] controller initialization=8288ms
IBM ILOG License Manager: "university-braunschweig" is accessing CPLEX 12 with option(s): "e m b q use=10 MaintenanceEnd=20110128 ".
[2013-07-04 19:28:28.387] [TIME] iteration 1=15820ms
[2013-07-04 19:28:28.387] [STATS] it=1	lb=21	ub=35
[2013-07-04 19:28:30.005] [ERROR] Solution is infeasible
[2013-07-04 19:28:30.005] [TIME] iteration 2=1618ms
[2013-07-04 19:28:30.005] [STATS] it=2	lb=21	ub=27
[2013-07-04 19:28:30.995] [ERROR] Solution is infeasible
[2013-07-04 19:28:30.995] [TIME] iteration 3=990ms
[2013-07-04 19:28:30.996] [STATS] it=3	lb=21	ub=23
[2013-07-04 19:28:35.237] [TIME] iteration 4=4241ms
[2013-07-04 19:28:35.238] [INFO] shortest constrained triangulation segment: 23:(900,895)->(885,973) (len^2=6309)
[2013-07-04 19:28:35.238] [STATS] it=4	lb=23	ub=23
[2013-07-04 19:28:35.238] iterations=4 gap=0
[2013-07-04 19:28:35.238] [TIME] SAT solving=22669ms
[2013-07-04 19:28:35.238] [TIME] total=30960ms
