[2013-07-04 19:27:02.071] [INFO] Running in directory /tmp/hellmann/current_run
[2013-07-04 19:27:02.071] [INFO] Reading settings from /tmp/hellmann/current_run/config.json
[2013-07-04 19:27:02.071] [INFO] Reading input file ./0110/random_in_square_0110_1049_033.json ...
[2013-07-04 19:27:02.168] [TIME] generating segments=95ms
[2013-07-04 19:27:02.168] points=110 segments=5995 convex hull=15
[2013-07-04 19:27:02.168] [INFO] shortest input segment: 0:(176,342)->(172,349) (len^2=65)
[2013-07-04 19:27:02.189] [INFO] shortest non-crossing segment: 3:(764,1004)->(762,1033) (len^2=845)
[2013-07-04 19:27:02.189] separators=50
[2013-07-04 19:27:02.202] [TIME] intersection graph=33ms
[2013-07-04 19:27:02.203] [INFO] shortest triangulation segment: 0:(176,342)->(172,349) (len^2=65)
[2013-07-04 19:27:02.203] [INFO] shortest convex hull segment: 7:(992,-589)->(1012,-549) (len^2=2000)
[2013-07-04 19:27:02.203] [STATS] it=0	lb=0	ub=3
[2013-07-04 19:27:02.203] [TIME] controller initialization=131ms
IBM ILOG License Manager: "university-braunschweig" is accessing CPLEX 12 with option(s): "e m b q use=10 MaintenanceEnd=20110128 ".
[2013-07-04 19:27:02.259] [TIME] iteration 1=56ms
[2013-07-04 19:27:02.260] [INFO] shortest constrained triangulation segment: 3:(764,1004)->(762,1033) (len^2=845)
[2013-07-04 19:27:02.260] [STATS] it=1	lb=3	ub=3
[2013-07-04 19:27:02.260] iterations=1 gap=0
[2013-07-04 19:27:02.260] [TIME] SAT solving=56ms
[2013-07-04 19:27:02.260] [TIME] total=189ms
