[2013-07-04 20:00:17.657] [INFO] Running in directory /tmp/hellmann/current_run
[2013-07-04 20:00:17.658] [INFO] Reading settings from /tmp/hellmann/current_run/config.json
[2013-07-04 20:00:17.658] [INFO] Reading input file ./0110/random_in_square_0110_1049_072.json ...
[2013-07-04 20:00:17.759] [TIME] generating segments=99ms
[2013-07-04 20:00:17.759] points=110 segments=5995 convex hull=9
[2013-07-04 20:00:17.759] [INFO] shortest input segment: 0:(-578,-746)->(-574,-729) (len^2=305)
[2013-07-04 20:00:17.881] [INFO] shortest non-crossing segment: 21:(-839,921)->(-898,948) (len^2=4210)
[2013-07-04 20:00:17.881] separators=693
[2013-07-04 20:00:20.017] [TIME] intersection graph=2258ms
[2013-07-04 20:00:20.018] [INFO] shortest triangulation segment: 0:(-578,-746)->(-574,-729) (len^2=305)
[2013-07-04 20:00:20.018] [INFO] shortest convex hull segment: 83:(950,-986)->(1031,-870) (len^2=20017)
[2013-07-04 20:00:20.018] [STATS] it=0	lb=0	ub=21
[2013-07-04 20:00:20.018] [TIME] controller initialization=2360ms
IBM ILOG License Manager: "university-braunschweig" is accessing CPLEX 12 with option(s): "e m b q use=10 MaintenanceEnd=20110128 ".
[2013-07-04 20:00:21.578] [TIME] iteration 1=1560ms
[2013-07-04 20:00:21.578] [STATS] it=1	lb=11	ub=21
[2013-07-04 20:00:23.118] [TIME] iteration 2=1539ms
[2013-07-04 20:00:23.118] [STATS] it=2	lb=20	ub=21
[2013-07-04 20:00:24.662] [TIME] iteration 3=1545ms
[2013-07-04 20:00:24.663] [INFO] shortest constrained triangulation segment: 21:(-839,921)->(-898,948) (len^2=4210)
[2013-07-04 20:00:24.663] [STATS] it=3	lb=21	ub=21
[2013-07-04 20:00:24.663] iterations=3 gap=0
[2013-07-04 20:00:24.663] [TIME] SAT solving=4644ms
[2013-07-04 20:00:24.663] [TIME] total=7005ms
