[2013-07-04 19:02:17.908] [INFO] Running in directory /tmp/hellmann/current_run
[2013-07-04 19:02:17.908] [INFO] Reading settings from /tmp/hellmann/current_run/config.json
[2013-07-04 19:02:17.908] [INFO] Reading input file ./0110/random_in_square_0110_1049_008.json ...
[2013-07-04 19:02:18.006] [TIME] generating segments=96ms
[2013-07-04 19:02:18.007] points=110 segments=5995 convex hull=15
[2013-07-04 19:02:18.007] [INFO] shortest input segment: 0:(183,-641)->(187,-633) (len^2=80)
[2013-07-04 19:02:18.261] [INFO] shortest non-crossing segment: 40:(-496,-1046)->(-601,-1018) (len^2=11809)
[2013-07-04 19:02:18.262] separators=2033
[2013-07-04 19:02:36.640] [TIME] intersection graph=18634ms
[2013-07-04 19:02:36.641] [INFO] shortest triangulation segment: 0:(183,-641)->(187,-633) (len^2=80)
[2013-07-04 19:02:36.641] [INFO] shortest convex hull segment: 40:(-496,-1046)->(-601,-1018) (len^2=11809)
[2013-07-04 19:02:36.641] [STATS] it=0	lb=0	ub=40
[2013-07-04 19:02:36.641] [TIME] controller initialization=18733ms
IBM ILOG License Manager: "university-braunschweig" is accessing CPLEX 12 with option(s): "e m b q use=10 MaintenanceEnd=20110128 ".
[2013-07-04 19:03:50.356] [ERROR] Solution is infeasible
[2013-07-04 19:03:50.360] [TIME] iteration 1=73717ms
[2013-07-04 19:03:50.363] [STATS] it=1	lb=0	ub=19
[2013-07-04 19:03:55.189] [TIME] iteration 2=4827ms
[2013-07-04 19:03:55.190] [STATS] it=2	lb=10	ub=19
[2013-07-04 19:03:59.846] [ERROR] Solution is infeasible
[2013-07-04 19:03:59.851] [TIME] iteration 3=4662ms
[2013-07-04 19:03:59.852] [STATS] it=3	lb=10	ub=14
[2013-07-04 19:04:01.380] [ERROR] Solution is infeasible
[2013-07-04 19:04:01.380] [TIME] iteration 4=1528ms
[2013-07-04 19:04:01.380] [STATS] it=4	lb=10	ub=11
[2013-07-04 19:04:02.680] [ERROR] Solution is infeasible
[2013-07-04 19:04:02.680] [TIME] iteration 5=1300ms
[2013-07-04 19:04:02.681] [INFO] shortest constrained triangulation segment: 10:(-82,-378)->(-124,-356) (len^2=2248)
[2013-07-04 19:04:02.681] [STATS] it=5	lb=10	ub=10
[2013-07-04 19:04:02.681] iterations=5 gap=0
[2013-07-04 19:04:02.681] [TIME] SAT solving=86034ms
[2013-07-04 19:04:02.681] [TIME] total=104773ms
