[2013-07-04 19:28:37.196] [INFO] Running in directory /tmp/hellmann/current_run
[2013-07-04 19:28:37.196] [INFO] Reading settings from /tmp/hellmann/current_run/config.json
[2013-07-04 19:28:37.197] [INFO] Reading input file ./0110/random_in_square_0110_1049_057.json ...
[2013-07-04 19:28:37.303] [TIME] generating segments=95ms
[2013-07-04 19:28:37.304] points=110 segments=5995 convex hull=14
[2013-07-04 19:28:37.304] [INFO] shortest input segment: 0:(843,-508)->(844,-502) (len^2=37)
[2013-07-04 19:28:37.394] [INFO] shortest non-crossing segment: 15:(-935,-973)->(-886,-951) (len^2=2885)
[2013-07-04 19:28:37.394] separators=532
[2013-07-04 19:28:38.891] [TIME] intersection graph=1588ms
[2013-07-04 19:28:38.892] [INFO] shortest triangulation segment: 0:(843,-508)->(844,-502) (len^2=37)
[2013-07-04 19:28:38.892] [INFO] shortest convex hull segment: 45:(857,-1005)->(929,-937) (len^2=9808)
[2013-07-04 19:28:38.892] [STATS] it=0	lb=0	ub=15
[2013-07-04 19:28:38.892] [TIME] controller initialization=1696ms
IBM ILOG License Manager: "university-braunschweig" is accessing CPLEX 12 with option(s): "e m b q use=10 MaintenanceEnd=20110128 ".
[2013-07-04 19:28:40.851] [TIME] iteration 1=1960ms
[2013-07-04 19:28:40.851] [STATS] it=1	lb=8	ub=15
[2013-07-04 19:28:42.726] [TIME] iteration 2=1875ms
[2013-07-04 19:28:42.726] [STATS] it=2	lb=12	ub=15
[2013-07-04 19:28:44.522] [TIME] iteration 3=1796ms
[2013-07-04 19:28:44.522] [STATS] it=3	lb=14	ub=15
[2013-07-04 19:28:46.334] [TIME] iteration 4=1812ms
[2013-07-04 19:28:46.335] [INFO] shortest constrained triangulation segment: 15:(-935,-973)->(-886,-951) (len^2=2885)
[2013-07-04 19:28:46.335] [STATS] it=4	lb=15	ub=15
[2013-07-04 19:28:46.335] iterations=4 gap=0
[2013-07-04 19:28:46.335] [TIME] SAT solving=7443ms
[2013-07-04 19:28:46.335] [TIME] total=9138ms
