[2013-07-04 20:05:03.856] [INFO] Running in directory /tmp/hellmann/current_run
[2013-07-04 20:05:03.857] [INFO] Reading settings from /tmp/hellmann/current_run/config.json
[2013-07-04 20:05:03.911] [INFO] Reading input file ./0110/random_in_square_0110_1049_089.json ...
[2013-07-04 20:05:04.051] [TIME] generating segments=96ms
[2013-07-04 20:05:04.051] points=110 segments=5995 convex hull=12
[2013-07-04 20:05:04.051] [INFO] shortest input segment: 0:(-971,162)->(-964,174) (len^2=193)
[2013-07-04 20:05:04.083] [INFO] shortest non-crossing segment: 5:(991,973)->(959,993) (len^2=1424)
[2013-07-04 20:05:04.083] separators=126
[2013-07-04 20:05:04.157] [TIME] intersection graph=105ms
[2013-07-04 20:05:04.158] [INFO] shortest triangulation segment: 0:(-971,162)->(-964,174) (len^2=193)
[2013-07-04 20:05:04.158] [INFO] shortest convex hull segment: 5:(991,973)->(959,993) (len^2=1424)
[2013-07-04 20:05:04.158] [STATS] it=0	lb=0	ub=5
[2013-07-04 20:05:04.158] [TIME] controller initialization=263ms
IBM ILOG License Manager: "university-braunschweig" is accessing CPLEX 12 with option(s): "e m b q use=10 MaintenanceEnd=20110128 ".
[2013-07-04 20:05:04.344] [TIME] iteration 1=186ms
[2013-07-04 20:05:04.345] [INFO] shortest constrained triangulation segment: 5:(991,973)->(959,993) (len^2=1424)
[2013-07-04 20:05:04.345] [STATS] it=1	lb=5	ub=5
[2013-07-04 20:05:04.345] iterations=1 gap=0
[2013-07-04 20:05:04.345] [TIME] SAT solving=186ms
[2013-07-04 20:05:04.345] [TIME] total=450ms
