[2013-07-04 19:27:39.048] [INFO] Running in directory /tmp/hellmann/current_run
[2013-07-04 19:27:39.048] [INFO] Reading settings from /tmp/hellmann/current_run/config.json
[2013-07-04 19:27:39.048] [INFO] Reading input file ./0110/random_in_square_0110_1049_041.json ...
[2013-07-04 19:27:39.159] [TIME] generating segments=99ms
[2013-07-04 19:27:39.160] points=110 segments=5995 convex hull=10
[2013-07-04 19:27:39.160] [INFO] shortest input segment: 0:(410,-92)->(391,-88) (len^2=377)
[2013-07-04 19:27:39.209] [INFO] shortest non-crossing segment: 8:(-1044,517)->(-1040,583) (len^2=4372)
[2013-07-04 19:27:39.209] separators=263
[2013-07-04 19:27:39.505] [TIME] intersection graph=345ms
[2013-07-04 19:27:39.505] [INFO] shortest triangulation segment: 0:(410,-92)->(391,-88) (len^2=377)
[2013-07-04 19:27:39.505] [INFO] shortest convex hull segment: 258:(-686,-985)->(-926,-851) (len^2=75556)
[2013-07-04 19:27:39.505] [STATS] it=0	lb=0	ub=8
[2013-07-04 19:27:39.506] [TIME] controller initialization=458ms
IBM ILOG License Manager: "university-braunschweig" is accessing CPLEX 12 with option(s): "e m b q use=10 MaintenanceEnd=20110128 ".
[2013-07-04 19:27:39.799] [TIME] iteration 1=293ms
[2013-07-04 19:27:39.799] [STATS] it=1	lb=5	ub=8
[2013-07-04 19:27:40.094] [TIME] iteration 2=295ms
[2013-07-04 19:27:40.095] [INFO] shortest constrained triangulation segment: 8:(-1044,517)->(-1040,583) (len^2=4372)
[2013-07-04 19:27:40.095] [STATS] it=2	lb=8	ub=8
[2013-07-04 19:27:40.095] iterations=2 gap=0
[2013-07-04 19:27:40.095] [TIME] SAT solving=588ms
[2013-07-04 19:27:40.095] [TIME] total=1046ms
