[2013-07-04 20:00:04.118] [INFO] Running in directory /tmp/hellmann/current_run
[2013-07-04 20:00:04.118] [INFO] Reading settings from /tmp/hellmann/current_run/config.json
[2013-07-04 20:00:04.118] [INFO] Reading input file ./0110/random_in_square_0110_1049_064.json ...
[2013-07-04 20:00:04.226] [TIME] generating segments=97ms
[2013-07-04 20:00:04.226] points=110 segments=5995 convex hull=11
[2013-07-04 20:00:04.226] [INFO] shortest input segment: 0:(-488,-914)->(-483,-913) (len^2=26)
[2013-07-04 20:00:04.356] [INFO] shortest non-crossing segment: 22:(782,923)->(859,934) (len^2=6050)
[2013-07-04 20:00:04.356] separators=794
[2013-07-04 20:00:07.232] [TIME] intersection graph=3005ms
[2013-07-04 20:00:07.232] [INFO] shortest triangulation segment: 0:(-488,-914)->(-483,-913) (len^2=26)
[2013-07-04 20:00:07.232] [INFO] shortest convex hull segment: 44:(968,-853)->(1048,-785) (len^2=11024)
[2013-07-04 20:00:07.232] [STATS] it=0	lb=0	ub=22
[2013-07-04 20:00:07.232] [TIME] controller initialization=3114ms
IBM ILOG License Manager: "university-braunschweig" is accessing CPLEX 12 with option(s): "e m b q use=10 MaintenanceEnd=20110128 ".
[2013-07-04 20:00:10.270] [TIME] iteration 1=3037ms
[2013-07-04 20:00:10.270] [STATS] it=1	lb=11	ub=22
[2013-07-04 20:00:11.928] [TIME] iteration 2=1659ms
[2013-07-04 20:00:11.928] [STATS] it=2	lb=18	ub=22
[2013-07-04 20:00:13.607] [TIME] iteration 3=1680ms
[2013-07-04 20:00:13.608] [INFO] shortest constrained triangulation segment: 22:(782,923)->(859,934) (len^2=6050)
[2013-07-04 20:00:13.608] [STATS] it=3	lb=22	ub=22
[2013-07-04 20:00:13.608] iterations=3 gap=0
[2013-07-04 20:00:13.608] [TIME] SAT solving=6376ms
[2013-07-04 20:00:13.609] [TIME] total=9491ms
