[2013-07-04 19:28:35.429] [INFO] Running in directory /tmp/hellmann/current_run
[2013-07-04 19:28:35.429] [INFO] Reading settings from /tmp/hellmann/current_run/config.json
[2013-07-04 19:28:35.429] [INFO] Reading input file ./0110/random_in_square_0110_1049_054.json ...
[2013-07-04 19:28:35.539] [TIME] generating segments=96ms
[2013-07-04 19:28:35.539] points=110 segments=5995 convex hull=11
[2013-07-04 19:28:35.539] [INFO] shortest input segment: 0:(577,7)->(588,18) (len^2=242)
[2013-07-04 19:28:35.589] [INFO] shortest non-crossing segment: 8:(-954,-1007)->(-974,-955) (len^2=3104)
[2013-07-04 19:28:35.589] separators=265
[2013-07-04 19:28:35.918] [TIME] intersection graph=379ms
[2013-07-04 19:28:35.919] [INFO] shortest triangulation segment: 0:(577,7)->(588,18) (len^2=242)
[2013-07-04 19:28:35.919] [INFO] shortest convex hull segment: 8:(-954,-1007)->(-974,-955) (len^2=3104)
[2013-07-04 19:28:35.919] [STATS] it=0	lb=0	ub=8
[2013-07-04 19:28:35.919] [TIME] controller initialization=490ms
IBM ILOG License Manager: "university-braunschweig" is accessing CPLEX 12 with option(s): "e m b q use=10 MaintenanceEnd=20110128 ".
[2013-07-04 19:28:36.262] [TIME] iteration 1=342ms
[2013-07-04 19:28:36.262] [STATS] it=1	lb=4	ub=8
[2013-07-04 19:28:36.596] [TIME] iteration 2=334ms
[2013-07-04 19:28:36.596] [STATS] it=2	lb=6	ub=8
[2013-07-04 19:28:36.930] [TIME] iteration 3=333ms
[2013-07-04 19:28:36.931] [INFO] shortest constrained triangulation segment: 8:(-954,-1007)->(-974,-955) (len^2=3104)
[2013-07-04 19:28:36.931] [STATS] it=3	lb=8	ub=8
[2013-07-04 19:28:36.931] iterations=3 gap=0
[2013-07-04 19:28:36.931] [TIME] SAT solving=1009ms
[2013-07-04 19:28:36.931] [TIME] total=1501ms
