[2013-07-04 20:00:55.202] [INFO] Running in directory /tmp/hellmann/current_run
[2013-07-04 20:00:55.203] [INFO] Reading settings from /tmp/hellmann/current_run/config.json
[2013-07-04 20:00:55.203] [INFO] Reading input file ./0110/random_in_square_0110_1049_086.json ...
[2013-07-04 20:00:55.299] [TIME] generating segments=94ms
[2013-07-04 20:00:55.299] points=110 segments=5995 convex hull=12
[2013-07-04 20:00:55.299] [INFO] shortest input segment: 0:(626,-910)->(618,-907) (len^2=73)
[2013-07-04 20:00:55.381] [INFO] shortest non-crossing segment: 14:(-942,1017)->(-990,1040) (len^2=2833)
[2013-07-04 20:00:55.381] separators=380
[2013-07-04 20:00:55.960] [TIME] intersection graph=661ms
[2013-07-04 20:00:55.961] [INFO] shortest triangulation segment: 0:(626,-910)->(618,-907) (len^2=73)
[2013-07-04 20:00:55.961] [INFO] shortest convex hull segment: 22:(931,1023)->(862,1040) (len^2=5050)
[2013-07-04 20:00:55.961] [STATS] it=0	lb=0	ub=14
[2013-07-04 20:00:55.961] [TIME] controller initialization=759ms
IBM ILOG License Manager: "university-braunschweig" is accessing CPLEX 12 with option(s): "e m b q use=10 MaintenanceEnd=20110128 ".
[2013-07-04 20:00:56.315] [TIME] iteration 1=354ms
[2013-07-04 20:00:56.316] [STATS] it=1	lb=8	ub=14
[2013-07-04 20:00:56.668] [TIME] iteration 2=353ms
[2013-07-04 20:00:56.668] [STATS] it=2	lb=12	ub=14
[2013-07-04 20:00:57.015] [TIME] iteration 3=347ms
[2013-07-04 20:00:57.016] [INFO] shortest constrained triangulation segment: 14:(-942,1017)->(-990,1040) (len^2=2833)
[2013-07-04 20:00:57.016] [STATS] it=3	lb=14	ub=14
[2013-07-04 20:00:57.016] iterations=3 gap=0
[2013-07-04 20:00:57.016] [TIME] SAT solving=1054ms
[2013-07-04 20:00:57.016] [TIME] total=1814ms
