[2013-07-06 04:53:12.506] [INFO] Running in directory /tmp/hellmann/current_run
[2013-07-06 04:53:12.507] [INFO] Reading settings from /tmp/hellmann/current_run/config.json
[2013-07-06 04:53:12.521] [INFO] Reading input file ./0190/random_in_square_0190_1378_020.json ...
[2013-07-06 04:53:13.095] [TIME] generating segments=563ms
[2013-07-06 04:53:13.095] points=190 segments=17955 convex hull=16
[2013-07-06 04:53:13.095] [INFO] shortest input segment: 0:(-162,-247)->(-160,-237) (len^2=104)
[2013-07-06 04:53:13.592] [INFO] shortest non-crossing segment: 41:(-1079,1284)->(-1146,1339) (len^2=7514)
[2013-07-06 04:53:13.592] separators=3694
[2013-07-06 04:54:08.001] [TIME] intersection graph=54906ms
[2013-07-06 04:54:08.002] [INFO] shortest triangulation segment: 0:(-162,-247)->(-160,-237) (len^2=104)
[2013-07-06 04:54:08.002] [INFO] shortest convex hull segment: 49:(1361,867)->(1348,961) (len^2=9005)
[2013-07-06 04:54:08.002] [STATS] it=0	lb=0	ub=41
[2013-07-06 04:54:08.002] [TIME] controller initialization=55481ms
IBM ILOG License Manager: "university-braunschweig" is accessing CPLEX 12 with option(s): "e m b q use=10 MaintenanceEnd=20110128 ".
[2013-07-06 04:57:30.809] [TIME] iteration 1=202805ms
[2013-07-06 04:57:30.838] [STATS] it=1	lb=28	ub=41
[2013-07-06 05:00:37.208] [TIME] iteration 2=186363ms
[2013-07-06 05:00:37.238] [STATS] it=2	lb=40	ub=41
[2013-07-06 05:03:45.282] [TIME] iteration 3=188034ms
[2013-07-06 05:03:45.361] [INFO] shortest constrained triangulation segment: 41:(-1079,1284)->(-1146,1339) (len^2=7514)
[2013-07-06 05:03:45.361] [STATS] it=3	lb=41	ub=41
[2013-07-06 05:03:45.361] iterations=3 gap=0
[2013-07-06 05:03:45.361] [TIME] SAT solving=577171ms
[2013-07-06 05:03:45.361] [TIME] total=632840ms
