[2013-07-06 10:01:34.750] [INFO] Running in directory /tmp/hellmann/current_run
[2013-07-06 10:01:34.750] [INFO] Reading settings from /tmp/hellmann/current_run/config.json
[2013-07-06 10:01:34.768] [INFO] Reading input file ./0190/random_in_square_0190_1378_088.json ...
[2013-07-06 10:01:35.325] [TIME] generating segments=547ms
[2013-07-06 10:01:35.326] points=190 segments=17955 convex hull=19
[2013-07-06 10:01:35.326] [INFO] shortest input segment: 0:(936,-624)->(932,-623) (len^2=17)
[2013-07-06 10:01:35.344] [INFO] shortest non-crossing segment: 1:(-1359,-722)->(-1356,-716) (len^2=45)
[2013-07-06 10:01:35.344] separators=8
[2013-07-06 10:01:35.345] [TIME] intersection graph=19ms
[2013-07-06 10:01:35.346] [INFO] shortest triangulation segment: 0:(936,-624)->(932,-623) (len^2=17)
[2013-07-06 10:01:35.346] [INFO] shortest convex hull segment: 54:(19,1372)->(-72,1373) (len^2=8282)
[2013-07-06 10:01:35.346] [STATS] it=0	lb=0	ub=1
[2013-07-06 10:01:35.346] [TIME] controller initialization=585ms
IBM ILOG License Manager: "university-braunschweig" is accessing CPLEX 12 with option(s): "e m b q use=10 MaintenanceEnd=20110128 ".
[2013-07-06 10:01:35.735] [TIME] iteration 1=390ms
[2013-07-06 10:01:35.737] [INFO] shortest constrained triangulation segment: 1:(-1359,-722)->(-1356,-716) (len^2=45)
[2013-07-06 10:01:35.737] [STATS] it=1	lb=1	ub=1
[2013-07-06 10:01:35.737] iterations=1 gap=0
[2013-07-06 10:01:35.737] [TIME] SAT solving=390ms
[2013-07-06 10:01:35.737] [TIME] total=976ms
