[2013-07-06 10:39:19.509] [INFO] Running in directory /tmp/hellmann/current_run
[2013-07-06 10:39:19.509] [INFO] Reading settings from /tmp/hellmann/current_run/config.json
[2013-07-06 10:39:19.509] [INFO] Reading input file ./0190/random_in_square_0190_1378_099.json ...
[2013-07-06 10:39:20.046] [TIME] generating segments=533ms
[2013-07-06 10:39:20.046] points=190 segments=17955 convex hull=10
[2013-07-06 10:39:20.046] [INFO] shortest input segment: 0:(1147,-619)->(1147,-616) (len^2=9)
[2013-07-06 10:39:20.115] [INFO] shortest non-crossing segment: 6:(-178,-1372)->(-203,-1371) (len^2=626)
[2013-07-06 10:39:20.115] separators=139
[2013-07-06 10:39:20.188] [TIME] intersection graph=141ms
[2013-07-06 10:39:20.189] [INFO] shortest triangulation segment: 0:(1147,-619)->(1147,-616) (len^2=9)
[2013-07-06 10:39:20.189] [INFO] shortest convex hull segment: 448:(1182,-1373)->(1300,-1147) (len^2=65000)
[2013-07-06 10:39:20.189] [STATS] it=0	lb=0	ub=6
[2013-07-06 10:39:20.189] [TIME] controller initialization=679ms
IBM ILOG License Manager: "university-braunschweig" is accessing CPLEX 12 with option(s): "e m b q use=10 MaintenanceEnd=20110128 ".
[2013-07-06 10:39:20.587] [TIME] iteration 1=399ms
[2013-07-06 10:39:20.588] [INFO] shortest constrained triangulation segment: 6:(-178,-1372)->(-203,-1371) (len^2=626)
[2013-07-06 10:39:20.588] [STATS] it=1	lb=6	ub=6
[2013-07-06 10:39:20.588] iterations=1 gap=0
[2013-07-06 10:39:20.588] [TIME] SAT solving=399ms
[2013-07-06 10:39:20.588] [TIME] total=1078ms
