[2013-07-06 08:18:38.195] [INFO] Running in directory /tmp/hellmann/current_run
[2013-07-06 08:18:38.195] [INFO] Reading settings from /tmp/hellmann/current_run/config.json
[2013-07-06 08:18:38.208] [INFO] Reading input file ./0190/random_in_square_0190_1378_076.json ...
[2013-07-06 08:18:38.781] [TIME] generating segments=564ms
[2013-07-06 08:18:38.782] points=190 segments=17955 convex hull=17
[2013-07-06 08:18:38.782] [INFO] shortest input segment: 0:(589,688)->(593,692) (len^2=32)
[2013-07-06 08:18:39.115] [INFO] shortest non-crossing segment: 28:(-1358,783)->(-1304,805) (len^2=3400)
[2013-07-06 08:18:39.115] separators=2216
[2013-07-06 08:19:01.078] [TIME] intersection graph=22295ms
[2013-07-06 08:19:01.079] [INFO] shortest triangulation segment: 0:(589,688)->(593,692) (len^2=32)
[2013-07-06 08:19:01.079] [INFO] shortest convex hull segment: 122:(1353,1216)->(1267,1308) (len^2=15860)
[2013-07-06 08:19:01.080] [STATS] it=0	lb=0	ub=28
[2013-07-06 08:19:01.080] [TIME] controller initialization=22872ms
IBM ILOG License Manager: "university-braunschweig" is accessing CPLEX 12 with option(s): "e m b q use=10 MaintenanceEnd=20110128 ".
[2013-07-06 08:21:12.524] [TIME] iteration 1=131445ms
[2013-07-06 08:21:12.562] [STATS] it=1	lb=14	ub=28
[2013-07-06 08:24:09.595] [TIME] iteration 2=177033ms
[2013-07-06 08:24:09.613] [STATS] it=2	lb=23	ub=28
[2013-07-06 08:25:04.368] [TIME] iteration 3=54755ms
[2013-07-06 08:25:04.521] [INFO] shortest constrained triangulation segment: 28:(-1358,783)->(-1304,805) (len^2=3400)
[2013-07-06 08:25:04.521] [STATS] it=3	lb=28	ub=28
[2013-07-06 08:25:04.521] iterations=3 gap=0
[2013-07-06 08:25:04.521] [TIME] SAT solving=363233ms
[2013-07-06 08:25:04.522] [TIME] total=386314ms
