[2013-07-06 08:11:25.698] [INFO] Running in directory /tmp/hellmann/current_run
[2013-07-06 08:11:25.698] [INFO] Reading settings from /tmp/hellmann/current_run/config.json
[2013-07-06 08:11:25.698] [INFO] Reading input file ./0190/random_in_square_0190_1378_060.json ...
[2013-07-06 08:11:26.256] [TIME] generating segments=540ms
[2013-07-06 08:11:26.257] points=190 segments=17955 convex hull=14
[2013-07-06 08:11:26.257] [INFO] shortest input segment: 0:(-261,285)->(-260,293) (len^2=65)
[2013-07-06 08:11:26.287] [INFO] shortest non-crossing segment: 2:(35,-1314)->(21,-1311) (len^2=205)
[2013-07-06 08:11:26.287] separators=44
[2013-07-06 08:11:26.298] [TIME] intersection graph=41ms
[2013-07-06 08:11:26.299] [INFO] shortest triangulation segment: 0:(-261,285)->(-260,293) (len^2=65)
[2013-07-06 08:11:26.299] [INFO] shortest convex hull segment: 83:(1206,-1271)->(1273,-1191) (len^2=10889)
[2013-07-06 08:11:26.299] [STATS] it=0	lb=0	ub=2
[2013-07-06 08:11:26.299] [TIME] controller initialization=601ms
IBM ILOG License Manager: "university-braunschweig" is accessing CPLEX 12 with option(s): "e m b q use=10 MaintenanceEnd=20110128 ".
[2013-07-06 08:11:26.661] [TIME] iteration 1=362ms
[2013-07-06 08:11:26.662] [INFO] shortest constrained triangulation segment: 2:(35,-1314)->(21,-1311) (len^2=205)
[2013-07-06 08:11:26.662] [STATS] it=1	lb=2	ub=2
[2013-07-06 08:11:26.662] iterations=1 gap=0
[2013-07-06 08:11:26.662] [TIME] SAT solving=362ms
[2013-07-06 08:11:26.662] [TIME] total=964ms
