[2013-07-06 10:39:05.447] [INFO] Running in directory /tmp/hellmann/current_run
[2013-07-06 10:39:05.447] [INFO] Reading settings from /tmp/hellmann/current_run/config.json
[2013-07-06 10:39:05.462] [INFO] Reading input file ./0190/random_in_square_0190_1378_097.json ...
[2013-07-06 10:39:06.017] [TIME] generating segments=548ms
[2013-07-06 10:39:06.018] points=190 segments=17955 convex hull=13
[2013-07-06 10:39:06.018] [INFO] shortest input segment: 0:(-26,1099)->(-29,1117) (len^2=333)
[2013-07-06 10:39:06.113] [INFO] shortest non-crossing segment: 8:(-1154,-1354)->(-1163,-1323) (len^2=1042)
[2013-07-06 10:39:06.113] separators=460
[2013-07-06 10:39:06.941] [TIME] intersection graph=924ms
[2013-07-06 10:39:06.943] [INFO] shortest triangulation segment: 1:(-606,107)->(-589,115) (len^2=353)
[2013-07-06 10:39:06.943] [INFO] shortest convex hull segment: 109:(-20,982)->(-102,1080) (len^2=16328)
[2013-07-06 10:39:06.943] [STATS] it=0	lb=1	ub=8
[2013-07-06 10:39:06.943] [TIME] controller initialization=1495ms
IBM ILOG License Manager: "university-braunschweig" is accessing CPLEX 12 with option(s): "e m b q use=10 MaintenanceEnd=20110128 ".
[2013-07-06 10:39:08.206] [TIME] iteration 1=1263ms
[2013-07-06 10:39:08.206] [STATS] it=1	lb=5	ub=8
[2013-07-06 10:39:09.458] [TIME] iteration 2=1252ms
[2013-07-06 10:39:09.458] [STATS] it=2	lb=7	ub=8
[2013-07-06 10:39:10.700] [TIME] iteration 3=1242ms
[2013-07-06 10:39:10.702] [INFO] shortest constrained triangulation segment: 8:(-1154,-1354)->(-1163,-1323) (len^2=1042)
[2013-07-06 10:39:10.702] [STATS] it=3	lb=8	ub=8
[2013-07-06 10:39:10.702] iterations=3 gap=0
[2013-07-06 10:39:10.702] [TIME] SAT solving=3757ms
[2013-07-06 10:39:10.702] [TIME] total=5254ms
