[2013-07-06 07:33:52.343] [INFO] Running in directory /tmp/hellmann/current_run
[2013-07-06 07:33:52.343] [INFO] Reading settings from /tmp/hellmann/current_run/config.json
[2013-07-06 07:33:52.344] [INFO] Reading input file ./0190/random_in_square_0190_1378_052.json ...
[2013-07-06 07:33:52.907] [TIME] generating segments=552ms
[2013-07-06 07:33:52.908] points=190 segments=17955 convex hull=13
[2013-07-06 07:33:52.908] [INFO] shortest input segment: 0:(743,778)->(743,784) (len^2=36)
[2013-07-06 07:33:52.927] [INFO] shortest non-crossing segment: 1:(1170,1251)->(1175,1257) (len^2=61)
[2013-07-06 07:33:52.927] separators=15
[2013-07-06 07:33:52.929] [TIME] intersection graph=20ms
[2013-07-06 07:33:52.930] [INFO] shortest triangulation segment: 0:(743,778)->(743,784) (len^2=36)
[2013-07-06 07:33:52.930] [INFO] shortest convex hull segment: 88:(331,1343)->(221,1353) (len^2=12200)
[2013-07-06 07:33:52.930] [STATS] it=0	lb=0	ub=1
[2013-07-06 07:33:52.930] [TIME] controller initialization=587ms
IBM ILOG License Manager: "university-braunschweig" is accessing CPLEX 12 with option(s): "e m b q use=10 MaintenanceEnd=20110128 ".
[2013-07-06 07:33:53.281] [TIME] iteration 1=351ms
[2013-07-06 07:33:53.282] [INFO] shortest constrained triangulation segment: 1:(1170,1251)->(1175,1257) (len^2=61)
[2013-07-06 07:33:53.282] [STATS] it=1	lb=1	ub=1
[2013-07-06 07:33:53.283] iterations=1 gap=0
[2013-07-06 07:33:53.283] [TIME] SAT solving=351ms
[2013-07-06 07:33:53.283] [TIME] total=939ms
