[2013-07-06 10:32:10.772] [INFO] Running in directory /tmp/hellmann/current_run
[2013-07-06 10:32:10.773] [INFO] Reading settings from /tmp/hellmann/current_run/config.json
[2013-07-06 10:32:10.773] [INFO] Reading input file ./0190/random_in_square_0190_1378_092.json ...
[2013-07-06 10:32:11.342] [TIME] generating segments=561ms
[2013-07-06 10:32:11.343] points=190 segments=17955 convex hull=17
[2013-07-06 10:32:11.343] [INFO] shortest input segment: 0:(-98,645)->(-89,651) (len^2=117)
[2013-07-06 10:32:11.406] [INFO] shortest non-crossing segment: 5:(1350,952)->(1324,953) (len^2=677)
[2013-07-06 10:32:11.406] separators=273
[2013-07-06 10:32:11.879] [TIME] intersection graph=536ms
[2013-07-06 10:32:11.880] [INFO] shortest triangulation segment: 0:(-98,645)->(-89,651) (len^2=117)
[2013-07-06 10:32:11.880] [INFO] shortest convex hull segment: 37:(-1188,-1320)->(-1209,-1253) (len^2=4930)
[2013-07-06 10:32:11.880] [STATS] it=0	lb=0	ub=5
[2013-07-06 10:32:11.880] [TIME] controller initialization=1106ms
IBM ILOG License Manager: "university-braunschweig" is accessing CPLEX 12 with option(s): "e m b q use=10 MaintenanceEnd=20110128 ".
[2013-07-06 10:32:12.660] [TIME] iteration 1=780ms
[2013-07-06 10:32:12.661] [INFO] shortest constrained triangulation segment: 5:(1350,952)->(1324,953) (len^2=677)
[2013-07-06 10:32:12.661] [STATS] it=1	lb=5	ub=5
[2013-07-06 10:32:12.661] iterations=1 gap=0
[2013-07-06 10:32:12.661] [TIME] SAT solving=780ms
[2013-07-06 10:32:12.661] [TIME] total=1889ms
