[2013-07-06 07:28:06.141] [INFO] Running in directory /tmp/hellmann/current_run
[2013-07-06 07:28:06.141] [INFO] Reading settings from /tmp/hellmann/current_run/config.json
[2013-07-06 07:28:06.142] [INFO] Reading input file ./0190/random_in_square_0190_1378_045.json ...
[2013-07-06 07:28:06.700] [TIME] generating segments=545ms
[2013-07-06 07:28:06.701] points=190 segments=17955 convex hull=14
[2013-07-06 07:28:06.701] [INFO] shortest input segment: 0:(638,-1008)->(626,-990) (len^2=468)
[2013-07-06 07:28:06.818] [INFO] shortest non-crossing segment: 9:(-1342,-1191)->(-1305,-1178) (len^2=1538)
[2013-07-06 07:28:06.818] separators=1002
[2013-07-06 07:28:12.111] [TIME] intersection graph=5409ms
[2013-07-06 07:28:12.112] [INFO] shortest triangulation segment: 0:(638,-1008)->(626,-990) (len^2=468)
[2013-07-06 07:28:12.112] [INFO] shortest convex hull segment: 74:(-1340,1276)->(-1257,1329) (len^2=9698)
[2013-07-06 07:28:12.112] [STATS] it=0	lb=0	ub=9
[2013-07-06 07:28:12.112] [TIME] controller initialization=5971ms
IBM ILOG License Manager: "university-braunschweig" is accessing CPLEX 12 with option(s): "e m b q use=10 MaintenanceEnd=20110128 ".
[2013-07-06 07:28:21.979] [TIME] iteration 1=9868ms
[2013-07-06 07:28:21.979] [STATS] it=1	lb=5	ub=9
[2013-07-06 07:28:31.703] [TIME] iteration 2=9725ms
[2013-07-06 07:28:31.703] [STATS] it=2	lb=8	ub=9
[2013-07-06 07:28:41.869] [TIME] iteration 3=10165ms
[2013-07-06 07:28:41.870] [INFO] shortest constrained triangulation segment: 9:(-1342,-1191)->(-1305,-1178) (len^2=1538)
[2013-07-06 07:28:41.870] [STATS] it=3	lb=9	ub=9
[2013-07-06 07:28:41.870] iterations=3 gap=0
[2013-07-06 07:28:41.870] [TIME] SAT solving=29758ms
[2013-07-06 07:28:41.870] [TIME] total=35729ms
