[2013-07-06 08:10:46.255] [INFO] Running in directory /tmp/hellmann/current_run
[2013-07-06 08:10:46.255] [INFO] Reading settings from /tmp/hellmann/current_run/config.json
[2013-07-06 08:10:46.273] [INFO] Reading input file ./0190/random_in_square_0190_1378_057.json ...
[2013-07-06 08:10:46.830] [TIME] generating segments=544ms
[2013-07-06 08:10:46.831] points=190 segments=17955 convex hull=15
[2013-07-06 08:10:46.831] [INFO] shortest input segment: 0:(-337,213)->(-349,227) (len^2=340)
[2013-07-06 08:10:46.956] [INFO] shortest non-crossing segment: 11:(1290,12)->(1266,53) (len^2=2257)
[2013-07-06 08:10:46.956] separators=559
[2013-07-06 08:10:48.213] [TIME] intersection graph=1382ms
[2013-07-06 08:10:48.215] [INFO] shortest triangulation segment: 1:(-233,1060)->(-248,1071) (len^2=346)
[2013-07-06 08:10:48.215] [INFO] shortest convex hull segment: 14:(1315,1131)->(1280,1164) (len^2=2314)
[2013-07-06 08:10:48.215] [STATS] it=0	lb=1	ub=11
[2013-07-06 08:10:48.215] [TIME] controller initialization=1949ms
IBM ILOG License Manager: "university-braunschweig" is accessing CPLEX 12 with option(s): "e m b q use=10 MaintenanceEnd=20110128 ".
[2013-07-06 08:10:50.024] [TIME] iteration 1=1810ms
[2013-07-06 08:10:50.024] [STATS] it=1	lb=7	ub=11
[2013-07-06 08:10:51.870] [TIME] iteration 2=1846ms
[2013-07-06 08:10:51.870] [STATS] it=2	lb=9	ub=11
[2013-07-06 08:10:53.716] [TIME] iteration 3=1846ms
[2013-07-06 08:10:53.717] [INFO] shortest constrained triangulation segment: 11:(1290,12)->(1266,53) (len^2=2257)
[2013-07-06 08:10:53.717] [STATS] it=3	lb=11	ub=11
[2013-07-06 08:10:53.717] iterations=3 gap=0
[2013-07-06 08:10:53.717] [TIME] SAT solving=5502ms
[2013-07-06 08:10:53.717] [TIME] total=7452ms
