[2013-07-06 07:05:31.984] [INFO] Running in directory /tmp/hellmann/current_run
[2013-07-06 07:05:31.984] [INFO] Reading settings from /tmp/hellmann/current_run/config.json
[2013-07-06 07:05:31.996] [INFO] Reading input file ./0190/random_in_square_0190_1378_038.json ...
[2013-07-06 07:05:32.562] [TIME] generating segments=558ms
[2013-07-06 07:05:32.563] points=190 segments=17955 convex hull=16
[2013-07-06 07:05:32.563] [INFO] shortest input segment: 0:(-422,-711)->(-415,-710) (len^2=50)
[2013-07-06 07:05:33.017] [INFO] shortest non-crossing segment: 38:(-1139,-1273)->(-1165,-1199) (len^2=6152)
[2013-07-06 07:05:33.017] separators=3197
[2013-07-06 07:06:16.520] [TIME] intersection graph=43957ms
[2013-07-06 07:06:16.521] [INFO] shortest triangulation segment: 0:(-422,-711)->(-415,-710) (len^2=50)
[2013-07-06 07:06:16.521] [INFO] shortest convex hull segment: 77:(-1311,1177)->(-1243,1257) (len^2=11024)
[2013-07-06 07:06:16.521] [STATS] it=0	lb=0	ub=38
[2013-07-06 07:06:16.521] [TIME] controller initialization=44526ms
IBM ILOG License Manager: "university-braunschweig" is accessing CPLEX 12 with option(s): "e m b q use=10 MaintenanceEnd=20110128 ".
[2013-07-06 07:11:52.675] [TIME] iteration 1=336153ms
[2013-07-06 07:11:52.718] [STATS] it=1	lb=19	ub=38
[2013-07-06 07:16:23.418] [TIME] iteration 2=270697ms
[2013-07-06 07:16:23.457] [STATS] it=2	lb=29	ub=38
[2013-07-06 07:20:57.004] [TIME] iteration 3=273546ms
[2013-07-06 07:20:57.094] [INFO] shortest constrained triangulation segment: 38:(-1139,-1273)->(-1165,-1199) (len^2=6152)
[2013-07-06 07:20:57.094] [STATS] it=3	lb=38	ub=38
[2013-07-06 07:20:57.101] iterations=3 gap=0
[2013-07-06 07:20:57.101] [TIME] SAT solving=880394ms
[2013-07-06 07:20:57.101] [TIME] total=925104ms
