[2013-07-06 06:58:54.979] [INFO] Running in directory /tmp/hellmann/current_run
[2013-07-06 06:58:54.979] [INFO] Reading settings from /tmp/hellmann/current_run/config.json
[2013-07-06 06:58:55.000] [INFO] Reading input file ./0190/random_in_square_0190_1378_037.json ...
[2013-07-06 06:58:55.577] [TIME] generating segments=564ms
[2013-07-06 06:58:55.578] points=190 segments=17955 convex hull=14
[2013-07-06 06:58:55.578] [INFO] shortest input segment: 0:(-138,274)->(-146,283) (len^2=145)
[2013-07-06 06:58:55.946] [INFO] shortest non-crossing segment: 31:(1297,-979)->(1240,-940) (len^2=4770)
[2013-07-06 06:58:55.947] separators=2822
[2013-07-06 06:59:26.973] [TIME] intersection graph=31395ms
[2013-07-06 06:59:26.975] [INFO] shortest triangulation segment: 0:(-138,274)->(-146,283) (len^2=145)
[2013-07-06 06:59:26.975] [INFO] shortest convex hull segment: 111:(1043,-1325)->(1156,-1258) (len^2=17258)
[2013-07-06 06:59:26.975] [STATS] it=0	lb=0	ub=31
[2013-07-06 06:59:26.975] [TIME] controller initialization=31982ms
IBM ILOG License Manager: "university-braunschweig" is accessing CPLEX 12 with option(s): "e m b q use=10 MaintenanceEnd=20110128 ".
[2013-07-06 07:01:08.278] [TIME] iteration 1=101303ms
[2013-07-06 07:01:08.295] [STATS] it=1	lb=25	ub=31
[2013-07-06 07:02:34.188] [TIME] iteration 2=85893ms
[2013-07-06 07:02:34.200] [STATS] it=2	lb=28	ub=31
[2013-07-06 07:03:59.387] [TIME] iteration 3=85187ms
[2013-07-06 07:03:59.413] [STATS] it=3	lb=30	ub=31
[2013-07-06 07:05:30.113] [TIME] iteration 4=90701ms
[2013-07-06 07:05:30.183] [INFO] shortest constrained triangulation segment: 31:(1297,-979)->(1240,-940) (len^2=4770)
[2013-07-06 07:05:30.183] [STATS] it=4	lb=31	ub=31
[2013-07-06 07:05:30.183] iterations=4 gap=0
[2013-07-06 07:05:30.183] [TIME] SAT solving=363057ms
[2013-07-06 07:05:30.183] [TIME] total=395190ms
