[2013-07-06 10:32:13.872] [INFO] Running in directory /tmp/hellmann/current_run
[2013-07-06 10:32:13.872] [INFO] Reading settings from /tmp/hellmann/current_run/config.json
[2013-07-06 10:32:13.872] [INFO] Reading input file ./0190/random_in_square_0190_1378_095.json ...
[2013-07-06 10:32:14.424] [TIME] generating segments=551ms
[2013-07-06 10:32:14.425] points=190 segments=17955 convex hull=13
[2013-07-06 10:32:14.425] [INFO] shortest input segment: 0:(-912,-301)->(-918,-299) (len^2=40)
[2013-07-06 10:32:14.792] [INFO] shortest non-crossing segment: 31:(-1245,1284)->(-1212,1335) (len^2=3690)
[2013-07-06 10:32:14.792] separators=2548
[2013-07-06 10:32:44.104] [TIME] intersection graph=29679ms
[2013-07-06 10:32:44.106] [INFO] shortest triangulation segment: 0:(-912,-301)->(-918,-299) (len^2=40)
[2013-07-06 10:32:44.106] [INFO] shortest convex hull segment: 31:(-1245,1284)->(-1212,1335) (len^2=3690)
[2013-07-06 10:32:44.106] [STATS] it=0	lb=0	ub=31
[2013-07-06 10:32:44.106] [TIME] controller initialization=30233ms
IBM ILOG License Manager: "university-braunschweig" is accessing CPLEX 12 with option(s): "e m b q use=10 MaintenanceEnd=20110128 ".
[2013-07-06 10:34:23.362] [TIME] iteration 1=99254ms
[2013-07-06 10:34:23.390] [STATS] it=1	lb=18	ub=31
[2013-07-06 10:36:47.807] [TIME] iteration 2=144417ms
[2013-07-06 10:36:47.828] [STATS] it=2	lb=27	ub=31
[2013-07-06 10:38:57.597] [TIME] iteration 3=129770ms
[2013-07-06 10:38:57.664] [INFO] shortest constrained triangulation segment: 31:(-1245,1284)->(-1212,1335) (len^2=3690)
[2013-07-06 10:38:57.664] [STATS] it=3	lb=31	ub=31
[2013-07-06 10:38:57.664] iterations=3 gap=0
[2013-07-06 10:38:57.664] [TIME] SAT solving=373425ms
[2013-07-06 10:38:57.665] [TIME] total=403793ms
