[2013-07-10 22:04:28.536] [INFO] Running in directory /tmp/hellmann/current_run
[2013-07-10 22:04:28.536] [INFO] Reading settings from /tmp/hellmann/current_run/config.json
[2013-07-10 22:04:28.552] [INFO] Reading input file ./0280/random_in_square_0280_1673_077.json ...
[2013-07-10 22:04:31.034] [TIME] generating segments=2473ms
[2013-07-10 22:04:31.036] points=280 segments=39060 convex hull=19
[2013-07-10 22:04:31.036] [INFO] shortest input segment: 0:(-1366,-393)->(-1364,-389) (len^2=20)
[2013-07-10 22:04:31.202] [INFO] shortest non-crossing segment: 9:(1591,-495)->(1590,-471) (len^2=577)
[2013-07-10 22:04:31.202] separators=443
[2013-07-10 22:04:32.010] [TIME] intersection graph=974ms
[2013-07-10 22:04:32.011] [INFO] shortest triangulation segment: 0:(-1366,-393)->(-1364,-389) (len^2=20)
[2013-07-10 22:04:32.011] [INFO] shortest convex hull segment: 11:(1661,-971)->(1665,-945) (len^2=692)
[2013-07-10 22:04:32.012] [STATS] it=0	lb=0	ub=9
[2013-07-10 22:04:32.012] [TIME] controller initialization=3459ms
IBM ILOG License Manager: "university-braunschweig" is accessing CPLEX 12 with option(s): "e m b q use=10 MaintenanceEnd=20110128 ".
[2013-07-10 22:04:34.487] [TIME] iteration 1=2476ms
[2013-07-10 22:04:34.487] [STATS] it=1	lb=5	ub=9
[2013-07-10 22:04:36.884] [TIME] iteration 2=2396ms
[2013-07-10 22:04:36.884] [STATS] it=2	lb=7	ub=9
[2013-07-10 22:04:39.272] [TIME] iteration 3=2387ms
[2013-07-10 22:04:39.272] [STATS] it=3	lb=8	ub=9
[2013-07-10 22:04:41.654] [TIME] iteration 4=2383ms
[2013-07-10 22:04:41.656] [INFO] shortest constrained triangulation segment: 9:(1591,-495)->(1590,-471) (len^2=577)
[2013-07-10 22:04:41.656] [STATS] it=4	lb=9	ub=9
[2013-07-10 22:04:41.656] iterations=4 gap=0
[2013-07-10 22:04:41.656] [TIME] SAT solving=9642ms
[2013-07-10 22:04:41.656] [TIME] total=13104ms
