[2013-07-10 14:15:36.465] [INFO] Running in directory /tmp/hellmann/current_run
[2013-07-10 14:15:36.466] [INFO] Reading settings from /tmp/hellmann/current_run/config.json
[2013-07-10 14:15:36.466] [INFO] Reading input file ./0280/random_in_square_0280_1673_026.json ...
[2013-07-10 14:15:39.187] [TIME] generating segments=2708ms
[2013-07-10 14:15:39.189] points=280 segments=39060 convex hull=14
[2013-07-10 14:15:39.189] [INFO] shortest input segment: 0:(1241,-1214)->(1232,-1208) (len^2=117)
[2013-07-10 14:15:39.265] [INFO] shortest non-crossing segment: 4:(-1655,-908)->(-1661,-886) (len^2=520)
[2013-07-10 14:15:39.265] separators=45
[2013-07-10 14:15:39.273] [TIME] intersection graph=84ms
[2013-07-10 14:15:39.274] [INFO] shortest triangulation segment: 0:(1241,-1214)->(1232,-1208) (len^2=117)
[2013-07-10 14:15:39.274] [INFO] shortest convex hull segment: 172:(-1660,1303)->(-1641,1432) (len^2=17002)
[2013-07-10 14:15:39.274] [STATS] it=0	lb=0	ub=4
[2013-07-10 14:15:39.274] [TIME] controller initialization=2808ms
IBM ILOG License Manager: "university-braunschweig" is accessing CPLEX 12 with option(s): "e m b q use=10 MaintenanceEnd=20110128 ".
[2013-07-10 14:15:40.878] [TIME] iteration 1=1604ms
[2013-07-10 14:15:40.880] [INFO] shortest constrained triangulation segment: 4:(-1655,-908)->(-1661,-886) (len^2=520)
[2013-07-10 14:15:40.880] [STATS] it=1	lb=4	ub=4
[2013-07-10 14:15:40.880] iterations=1 gap=0
[2013-07-10 14:15:40.880] [TIME] SAT solving=1604ms
[2013-07-10 14:15:40.880] [TIME] total=4414ms
