[2013-07-10 16:17:42.546] [INFO] Running in directory /tmp/hellmann/current_run
[2013-07-10 16:17:42.546] [INFO] Reading settings from /tmp/hellmann/current_run/config.json
[2013-07-10 16:17:42.546] [INFO] Reading input file ./0280/random_in_square_0280_1673_043.json ...
[2013-07-10 16:17:45.094] [TIME] generating segments=2535ms
[2013-07-10 16:17:45.095] points=280 segments=39060 convex hull=15
[2013-07-10 16:17:45.096] [INFO] shortest input segment: 0:(1072,672)->(1080,681) (len^2=145)
[2013-07-10 16:17:45.317] [INFO] shortest non-crossing segment: 12:(1634,-413)->(1656,-389) (len^2=1060)
[2013-07-10 16:17:45.317] separators=874
[2013-07-10 16:17:48.388] [TIME] intersection graph=3292ms
[2013-07-10 16:17:48.389] [INFO] shortest triangulation segment: 0:(1072,672)->(1080,681) (len^2=145)
[2013-07-10 16:17:48.389] [INFO] shortest convex hull segment: 227:(-1633,1479)->(-1610,1619) (len^2=20129)
[2013-07-10 16:17:48.389] [STATS] it=0	lb=0	ub=12
[2013-07-10 16:17:48.389] [TIME] controller initialization=5843ms
IBM ILOG License Manager: "university-braunschweig" is accessing CPLEX 12 with option(s): "e m b q use=10 MaintenanceEnd=20110128 ".
[2013-07-10 16:17:54.335] [TIME] iteration 1=5946ms
[2013-07-10 16:17:54.335] [STATS] it=1	lb=6	ub=12
[2013-07-10 16:18:00.267] [TIME] iteration 2=5932ms
[2013-07-10 16:18:00.269] [INFO] shortest constrained triangulation segment: 12:(1634,-413)->(1656,-389) (len^2=1060)
[2013-07-10 16:18:00.269] [STATS] it=2	lb=12	ub=12
[2013-07-10 16:18:00.269] iterations=2 gap=0
[2013-07-10 16:18:00.269] [TIME] SAT solving=11878ms
[2013-07-10 16:18:00.269] [TIME] total=17722ms
