[2013-07-10 16:16:58.757] [INFO] Running in directory /tmp/hellmann/current_run
[2013-07-10 16:16:58.757] [INFO] Reading settings from /tmp/hellmann/current_run/config.json
[2013-07-10 16:16:58.757] [INFO] Reading input file ./0280/random_in_square_0280_1673_041.json ...
[2013-07-10 16:17:01.133] [TIME] generating segments=2354ms
[2013-07-10 16:17:01.134] points=280 segments=39060 convex hull=18
[2013-07-10 16:17:01.135] [INFO] shortest input segment: 0:(-883,-811)->(-880,-809) (len^2=13)
[2013-07-10 16:17:01.166] [INFO] shortest non-crossing segment: 1:(-1354,1422)->(-1350,1423) (len^2=17)
[2013-07-10 16:17:01.166] separators=19
[2013-07-10 16:17:01.169] [TIME] intersection graph=34ms
[2013-07-10 16:17:01.171] [INFO] shortest triangulation segment: 0:(-883,-811)->(-880,-809) (len^2=13)
[2013-07-10 16:17:01.171] [INFO] shortest convex hull segment: 106:(-447,-1670)->(-342,-1670) (len^2=11025)
[2013-07-10 16:17:01.171] [STATS] it=0	lb=0	ub=1
[2013-07-10 16:17:01.171] [TIME] controller initialization=2413ms
IBM ILOG License Manager: "university-braunschweig" is accessing CPLEX 12 with option(s): "e m b q use=10 MaintenanceEnd=20110128 ".
[2013-07-10 16:17:02.777] [TIME] iteration 1=1606ms
[2013-07-10 16:17:02.778] [INFO] shortest constrained triangulation segment: 1:(-1354,1422)->(-1350,1423) (len^2=17)
[2013-07-10 16:17:02.778] [STATS] it=1	lb=1	ub=1
[2013-07-10 16:17:02.778] iterations=1 gap=0
[2013-07-10 16:17:02.778] [TIME] SAT solving=1606ms
[2013-07-10 16:17:02.778] [TIME] total=4021ms
