[2013-07-10 16:14:49.977] [INFO] Running in directory /tmp/hellmann/current_run
[2013-07-10 16:14:49.985] [INFO] Reading settings from /tmp/hellmann/current_run/config.json
[2013-07-10 16:14:49.997] [INFO] Reading input file ./0280/random_in_square_0280_1673_036.json ...
[2013-07-10 16:14:52.852] [TIME] generating segments=2846ms
[2013-07-10 16:14:52.854] points=280 segments=39060 convex hull=21
[2013-07-10 16:14:52.854] [INFO] shortest input segment: 0:(385,-1259)->(382,-1251) (len^2=73)
[2013-07-10 16:14:52.886] [INFO] shortest non-crossing segment: 1:(-1051,1601)->(-1042,1611) (len^2=181)
[2013-07-10 16:14:52.886] separators=18
[2013-07-10 16:14:52.889] [TIME] intersection graph=34ms
[2013-07-10 16:14:52.890] [INFO] shortest triangulation segment: 0:(385,-1259)->(382,-1251) (len^2=73)
[2013-07-10 16:14:52.890] [INFO] shortest convex hull segment: 142:(-1088,-1449)->(-1171,-1387) (len^2=10733)
[2013-07-10 16:14:52.890] [STATS] it=0	lb=0	ub=1
[2013-07-10 16:14:52.891] [TIME] controller initialization=2894ms
IBM ILOG License Manager: "university-braunschweig" is accessing CPLEX 12 with option(s): "e m b q use=10 MaintenanceEnd=20110128 ".
[2013-07-10 16:14:54.552] [TIME] iteration 1=1662ms
[2013-07-10 16:14:54.554] [INFO] shortest constrained triangulation segment: 1:(-1051,1601)->(-1042,1611) (len^2=181)
[2013-07-10 16:14:54.554] [STATS] it=1	lb=1	ub=1
[2013-07-10 16:14:54.554] iterations=1 gap=0
[2013-07-10 16:14:54.554] [TIME] SAT solving=1662ms
[2013-07-10 16:14:54.554] [TIME] total=4557ms
