[2013-07-10 21:44:40.593] [INFO] Running in directory /tmp/hellmann/current_run
[2013-07-10 21:44:40.593] [INFO] Reading settings from /tmp/hellmann/current_run/config.json
[2013-07-10 21:44:40.614] [INFO] Reading input file ./0280/random_in_square_0280_1673_071.json ...
[2013-07-10 21:44:42.882] [TIME] generating segments=2253ms
[2013-07-10 21:44:42.884] points=280 segments=39060 convex hull=9
[2013-07-10 21:44:42.884] [INFO] shortest input segment: 0:(-260,-1244)->(-253,-1241) (len^2=58)
[2013-07-10 21:44:43.257] [INFO] shortest non-crossing segment: 19:(1540,1666)->(1501,1669) (len^2=1530)
[2013-07-10 21:44:43.258] separators=2321
[2013-07-10 21:45:08.023] [TIME] intersection graph=25139ms
[2013-07-10 21:45:08.025] [INFO] shortest triangulation segment: 0:(-260,-1244)->(-253,-1241) (len^2=58)
[2013-07-10 21:45:08.025] [INFO] shortest convex hull segment: 19:(1540,1666)->(1501,1669) (len^2=1530)
[2013-07-10 21:45:08.025] [STATS] it=0	lb=0	ub=19
[2013-07-10 21:45:08.025] [TIME] controller initialization=27415ms
IBM ILOG License Manager: "university-braunschweig" is accessing CPLEX 12 with option(s): "e m b q use=10 MaintenanceEnd=20110128 ".
[2013-07-10 21:46:09.089] [TIME] iteration 1=61063ms
[2013-07-10 21:46:09.095] [STATS] it=1	lb=13	ub=19
[2013-07-10 21:47:16.755] [TIME] iteration 2=67659ms
[2013-07-10 21:47:16.811] [INFO] shortest constrained triangulation segment: 19:(1540,1666)->(1501,1669) (len^2=1530)
[2013-07-10 21:47:16.811] [STATS] it=2	lb=19	ub=19
[2013-07-10 21:47:16.811] iterations=2 gap=0
[2013-07-10 21:47:16.811] [TIME] SAT solving=128722ms
[2013-07-10 21:47:16.811] [TIME] total=156201ms
