[2013-07-10 17:48:27.560] [INFO] Running in directory /tmp/hellmann/current_run
[2013-07-10 17:48:27.560] [INFO] Reading settings from /tmp/hellmann/current_run/config.json
[2013-07-10 17:48:27.572] [INFO] Reading input file ./0280/random_in_square_0280_1673_048.json ...
[2013-07-10 17:48:30.320] [TIME] generating segments=2738ms
[2013-07-10 17:48:30.322] points=280 segments=39060 convex hull=11
[2013-07-10 17:48:30.322] [INFO] shortest input segment: 0:(-1025,1514)->(-1032,1520) (len^2=85)
[2013-07-10 17:48:30.354] [INFO] shortest non-crossing segment: 1:(204,1636)->(202,1651) (len^2=229)
[2013-07-10 17:48:30.354] separators=14
[2013-07-10 17:48:30.355] [TIME] intersection graph=33ms
[2013-07-10 17:48:30.357] [INFO] shortest triangulation segment: 0:(-1025,1514)->(-1032,1520) (len^2=85)
[2013-07-10 17:48:30.357] [INFO] shortest convex hull segment: 482:(-1333,-1393)->(-1505,-1260) (len^2=47273)
[2013-07-10 17:48:30.357] [STATS] it=0	lb=0	ub=1
[2013-07-10 17:48:30.357] [TIME] controller initialization=2785ms
IBM ILOG License Manager: "university-braunschweig" is accessing CPLEX 12 with option(s): "e m b q use=10 MaintenanceEnd=20110128 ".
[2013-07-10 17:48:32.028] [TIME] iteration 1=1671ms
[2013-07-10 17:48:32.029] [INFO] shortest constrained triangulation segment: 1:(204,1636)->(202,1651) (len^2=229)
[2013-07-10 17:48:32.029] [STATS] it=1	lb=1	ub=1
[2013-07-10 17:48:32.030] iterations=1 gap=0
[2013-07-10 17:48:32.030] [TIME] SAT solving=1671ms
[2013-07-10 17:48:32.030] [TIME] total=4457ms
