[2013-07-10 14:15:22.486] [INFO] Running in directory /tmp/hellmann/current_run
[2013-07-10 14:15:22.487] [INFO] Reading settings from /tmp/hellmann/current_run/config.json
[2013-07-10 14:15:22.487] [INFO] Reading input file ./0280/random_in_square_0280_1673_025.json ...
[2013-07-10 14:15:25.262] [TIME] generating segments=2757ms
[2013-07-10 14:15:25.264] points=280 segments=39060 convex hull=13
[2013-07-10 14:15:25.264] [INFO] shortest input segment: 0:(-327,-593)->(-323,-583) (len^2=116)
[2013-07-10 14:15:25.385] [INFO] shortest non-crossing segment: 6:(-1671,-932)->(-1666,-903) (len^2=866)
[2013-07-10 14:15:25.385] separators=533
[2013-07-10 14:15:26.773] [TIME] intersection graph=1509ms
[2013-07-10 14:15:26.774] [INFO] shortest triangulation segment: 0:(-327,-593)->(-323,-583) (len^2=116)
[2013-07-10 14:15:26.774] [INFO] shortest convex hull segment: 74:(-1426,-1657)->(-1493,-1609) (len^2=6793)
[2013-07-10 14:15:26.775] [STATS] it=0	lb=0	ub=6
[2013-07-10 14:15:26.775] [TIME] controller initialization=4287ms
IBM ILOG License Manager: "university-braunschweig" is accessing CPLEX 12 with option(s): "e m b q use=10 MaintenanceEnd=20110128 ".
[2013-07-10 14:15:30.003] [TIME] iteration 1=3228ms
[2013-07-10 14:15:30.003] [STATS] it=1	lb=3	ub=6
[2013-07-10 14:15:33.209] [TIME] iteration 2=3205ms
[2013-07-10 14:15:33.209] [STATS] it=2	lb=5	ub=6
[2013-07-10 14:15:36.416] [TIME] iteration 3=3207ms
[2013-07-10 14:15:36.417] [INFO] shortest constrained triangulation segment: 6:(-1671,-932)->(-1666,-903) (len^2=866)
[2013-07-10 14:15:36.418] [STATS] it=3	lb=6	ub=6
[2013-07-10 14:15:36.418] iterations=3 gap=0
[2013-07-10 14:15:36.418] [TIME] SAT solving=9640ms
[2013-07-10 14:15:36.418] [TIME] total=13930ms
