[2013-07-11 00:38:35.427] [INFO] Running in directory /tmp/hellmann/current_run
[2013-07-11 00:38:35.427] [INFO] Reading settings from /tmp/hellmann/current_run/config.json
[2013-07-11 00:38:35.436] [INFO] Reading input file ./0280/random_in_square_0280_1673_091.json ...
[2013-07-11 00:38:38.143] [TIME] generating segments=2694ms
[2013-07-11 00:38:38.145] points=280 segments=39060 convex hull=19
[2013-07-11 00:38:38.145] [INFO] shortest input segment: 0:(1053,1079)->(1048,1080) (len^2=26)
[2013-07-11 00:38:38.668] [INFO] shortest non-crossing segment: 27:(996,1608)->(1021,1648) (len^2=2225)
[2013-07-11 00:38:38.668] separators=3487
[2013-07-11 00:39:38.707] [TIME] intersection graph=60563ms
[2013-07-11 00:39:38.709] [INFO] shortest triangulation segment: 0:(1053,1079)->(1048,1080) (len^2=26)
[2013-07-11 00:39:38.709] [INFO] shortest convex hull segment: 74:(-1475,1638)->(-1403,1663) (len^2=5809)
[2013-07-11 00:39:38.709] [STATS] it=0	lb=0	ub=27
[2013-07-11 00:39:38.709] [TIME] controller initialization=63273ms
IBM ILOG License Manager: "university-braunschweig" is accessing CPLEX 12 with option(s): "e m b q use=10 MaintenanceEnd=20110128 ".
[2013-07-11 00:43:58.012] [TIME] iteration 1=259302ms
[2013-07-11 00:43:58.044] [STATS] it=1	lb=15	ub=27
[2013-07-11 00:48:16.759] [TIME] iteration 2=258696ms
[2013-07-11 00:48:16.899] [INFO] shortest constrained triangulation segment: 27:(996,1608)->(1021,1648) (len^2=2225)
[2013-07-11 00:48:16.900] [STATS] it=2	lb=27	ub=27
[2013-07-11 00:48:16.900] iterations=2 gap=0
[2013-07-11 00:48:16.900] [TIME] SAT solving=517984ms
[2013-07-11 00:48:16.900] [TIME] total=581463ms
