[2013-07-15 01:22:58.452] [INFO] Running in directory /tmp/hellmann/current_run
[2013-07-15 01:22:58.453] [INFO] Reading settings from /tmp/hellmann/current_run/config.json
[2013-07-15 01:22:58.491] [INFO] Reading input file ./0340/random_in_square_0340_1844_019.json ...
[2013-07-15 01:23:04.942] [TIME] generating segments=6434ms
[2013-07-15 01:23:04.944] points=340 segments=57630 convex hull=12
[2013-07-15 01:23:04.945] [INFO] shortest input segment: 0:(-1608,138)->(-1612,147) (len^2=97)
[2013-07-15 01:23:05.774] [INFO] shortest non-crossing segment: 34:(-1829,1002)->(-1803,1043) (len^2=2357)
[2013-07-15 01:23:05.774] separators=4788
[2013-07-15 01:24:43.142] [TIME] intersection graph=98197ms
[2013-07-15 01:24:43.144] [INFO] shortest triangulation segment: 0:(-1608,138)->(-1612,147) (len^2=97)
[2013-07-15 01:24:43.144] [INFO] shortest convex hull segment: 921:(1736,-1834)->(1800,-1567) (len^2=75385)
[2013-07-15 01:24:43.144] [STATS] it=0	lb=0	ub=34
[2013-07-15 01:24:43.144] [TIME] controller initialization=104664ms
IBM ILOG License Manager: "university-braunschweig" is accessing CPLEX 12 with option(s): "e m b q use=10 MaintenanceEnd=20110128 ".
[2013-07-15 01:36:54.827] [TIME] iteration 1=731684ms
[2013-07-15 01:36:54.855] [STATS] it=1	lb=24	ub=34
[2013-07-15 01:48:09.516] [TIME] iteration 2=674633ms
[2013-07-15 01:48:09.698] [INFO] shortest constrained triangulation segment: 34:(-1829,1002)->(-1803,1043) (len^2=2357)
[2013-07-15 01:48:09.710] [STATS] it=2	lb=34	ub=34
[2013-07-15 01:48:09.710] iterations=2 gap=0
[2013-07-15 01:48:09.710] [TIME] SAT solving=1406310ms
[2013-07-15 01:48:09.710] [TIME] total=1511230ms
