[2013-07-15 07:17:23.417] [INFO] Running in directory /tmp/hellmann/current_run
[2013-07-15 07:17:23.417] [INFO] Reading settings from /tmp/hellmann/current_run/config.json
[2013-07-15 07:17:23.437] [INFO] Reading input file ./0340/random_in_square_0340_1844_040.json ...
[2013-07-15 07:17:30.468] [TIME] generating segments=7018ms
[2013-07-15 07:17:30.471] points=340 segments=57630 convex hull=15
[2013-07-15 07:17:30.471] [INFO] shortest input segment: 0:(-607,-1265)->(-606,-1258) (len^2=50)
[2013-07-15 07:17:30.852] [INFO] shortest non-crossing segment: 16:(1814,1262)->(1817,1298) (len^2=1305)
[2013-07-15 07:17:30.852] separators=1728
[2013-07-15 07:17:44.225] [TIME] intersection graph=13754ms
[2013-07-15 07:17:44.227] [INFO] shortest triangulation segment: 0:(-607,-1265)->(-606,-1258) (len^2=50)
[2013-07-15 07:17:44.228] [INFO] shortest convex hull segment: 316:(1583,-1807)->(1721,-1735) (len^2=24228)
[2013-07-15 07:17:44.228] [STATS] it=0	lb=0	ub=16
[2013-07-15 07:17:44.228] [TIME] controller initialization=20801ms
IBM ILOG License Manager: "university-braunschweig" is accessing CPLEX 12 with option(s): "e m b q use=10 MaintenanceEnd=20110128 ".
[2013-07-15 07:18:17.499] [TIME] iteration 1=33272ms
[2013-07-15 07:18:17.500] [STATS] it=1	lb=10	ub=16
[2013-07-15 07:18:48.332] [TIME] iteration 2=30831ms
[2013-07-15 07:18:48.332] [STATS] it=2	lb=14	ub=16
[2013-07-15 07:19:19.275] [TIME] iteration 3=30944ms
[2013-07-15 07:19:19.284] [INFO] shortest constrained triangulation segment: 16:(1814,1262)->(1817,1298) (len^2=1305)
[2013-07-15 07:19:19.285] [STATS] it=3	lb=16	ub=16
[2013-07-15 07:19:19.285] iterations=3 gap=0
[2013-07-15 07:19:19.285] [TIME] SAT solving=95047ms
[2013-07-15 07:19:19.285] [TIME] total=115858ms
