[2013-07-14 23:09:58.280] [INFO] Running in directory /tmp/hellmann/current_run
[2013-07-14 23:09:58.280] [INFO] Reading settings from /tmp/hellmann/current_run/config.json
[2013-07-14 23:09:58.305] [INFO] Reading input file ./0340/random_in_square_0340_1844_003.json ...
[2013-07-14 23:10:05.392] [TIME] generating segments=7078ms
[2013-07-14 23:10:05.395] points=340 segments=57630 convex hull=12
[2013-07-14 23:10:05.395] [INFO] shortest input segment: 0:(-238,-1736)->(-248,-1730) (len^2=136)
[2013-07-14 23:10:05.618] [INFO] shortest non-crossing segment: 9:(-1680,-1805)->(-1663,-1771) (len^2=1445)
[2013-07-14 23:10:05.618] separators=931
[2013-07-14 23:10:10.022] [TIME] intersection graph=4627ms
[2013-07-14 23:10:10.024] [INFO] shortest triangulation segment: 0:(-238,-1736)->(-248,-1730) (len^2=136)
[2013-07-14 23:10:10.024] [INFO] shortest convex hull segment: 93:(1243,-1829)->(1315,-1784) (len^2=7209)
[2013-07-14 23:10:10.024] [STATS] it=0	lb=0	ub=9
[2013-07-14 23:10:10.024] [TIME] controller initialization=11730ms
IBM ILOG License Manager: "university-braunschweig" is accessing CPLEX 12 with option(s): "e m b q use=10 MaintenanceEnd=20110128 ".
[2013-07-14 23:10:20.893] [TIME] iteration 1=10870ms
[2013-07-14 23:10:20.893] [STATS] it=1	lb=6	ub=9
[2013-07-14 23:10:30.922] [TIME] iteration 2=10028ms
[2013-07-14 23:10:30.922] [STATS] it=2	lb=8	ub=9
[2013-07-14 23:10:40.953] [TIME] iteration 3=10030ms
[2013-07-14 23:10:40.955] [INFO] shortest constrained triangulation segment: 9:(-1680,-1805)->(-1663,-1771) (len^2=1445)
[2013-07-14 23:10:40.955] [STATS] it=3	lb=9	ub=9
[2013-07-14 23:10:40.955] iterations=3 gap=0
[2013-07-14 23:10:40.955] [TIME] SAT solving=30928ms
[2013-07-14 23:10:40.955] [TIME] total=42662ms
