[2013-07-15 01:48:59.620] [INFO] Running in directory /tmp/hellmann/current_run
[2013-07-15 01:48:59.620] [INFO] Reading settings from /tmp/hellmann/current_run/config.json
[2013-07-15 01:48:59.631] [INFO] Reading input file ./0340/random_in_square_0340_1844_021.json ...
[2013-07-15 01:49:07.134] [TIME] generating segments=7487ms
[2013-07-15 01:49:07.136] points=340 segments=57630 convex hull=17
[2013-07-15 01:49:07.137] [INFO] shortest input segment: 0:(1172,-247)->(1173,-240) (len^2=50)
[2013-07-15 01:49:07.334] [INFO] shortest non-crossing segment: 8:(-1111,-1841)->(-1089,-1837) (len^2=500)
[2013-07-15 01:49:07.334] separators=555
[2013-07-15 01:49:08.718] [TIME] intersection graph=1582ms
[2013-07-15 01:49:08.720] [INFO] shortest triangulation segment: 0:(1172,-247)->(1173,-240) (len^2=50)
[2013-07-15 01:49:08.720] [INFO] shortest convex hull segment: 9:(-1519,-1840)->(-1544,-1838) (len^2=629)
[2013-07-15 01:49:08.720] [STATS] it=0	lb=0	ub=8
[2013-07-15 01:49:08.720] [TIME] controller initialization=9099ms
IBM ILOG License Manager: "university-braunschweig" is accessing CPLEX 12 with option(s): "e m b q use=10 MaintenanceEnd=20110128 ".
[2013-07-15 01:49:13.797] [TIME] iteration 1=5077ms
[2013-07-15 01:49:13.798] [STATS] it=1	lb=4	ub=8
[2013-07-15 01:49:18.877] [TIME] iteration 2=5079ms
[2013-07-15 01:49:18.877] [STATS] it=2	lb=6	ub=8
[2013-07-15 01:49:23.983] [TIME] iteration 3=5105ms
[2013-07-15 01:49:23.983] [STATS] it=3	lb=7	ub=8
[2013-07-15 01:49:29.011] [TIME] iteration 4=5027ms
[2013-07-15 01:49:29.013] [INFO] shortest constrained triangulation segment: 8:(-1111,-1841)->(-1089,-1837) (len^2=500)
[2013-07-15 01:49:29.013] [STATS] it=4	lb=8	ub=8
[2013-07-15 01:49:29.013] iterations=4 gap=0
[2013-07-15 01:49:29.013] [TIME] SAT solving=20288ms
[2013-07-15 01:49:29.013] [TIME] total=29393ms
