[2013-07-14 23:45:01.375] [INFO] Running in directory /tmp/hellmann/current_run
[2013-07-14 23:45:01.375] [INFO] Reading settings from /tmp/hellmann/current_run/config.json
[2013-07-14 23:45:01.376] [INFO] Reading input file ./0340/random_in_square_0340_1844_010.json ...
[2013-07-14 23:45:07.862] [TIME] generating segments=6468ms
[2013-07-14 23:45:07.865] points=340 segments=57630 convex hull=17
[2013-07-14 23:45:07.865] [INFO] shortest input segment: 0:(-1011,1088)->(-1008,1090) (len^2=13)
[2013-07-14 23:45:07.905] [INFO] shortest non-crossing segment: 1:(-1822,-1496)->(-1819,-1490) (len^2=45)
[2013-07-14 23:45:07.905] separators=27
[2013-07-14 23:45:07.912] [TIME] intersection graph=47ms
[2013-07-14 23:45:07.914] [INFO] shortest triangulation segment: 0:(-1011,1088)->(-1008,1090) (len^2=13)
[2013-07-14 23:45:07.914] [INFO] shortest convex hull segment: 67:(1801,-1728)->(1830,-1665) (len^2=4810)
[2013-07-14 23:45:07.914] [STATS] it=0	lb=0	ub=1
[2013-07-14 23:45:07.914] [TIME] controller initialization=6539ms
IBM ILOG License Manager: "university-braunschweig" is accessing CPLEX 12 with option(s): "e m b q use=10 MaintenanceEnd=20110128 ".
[2013-07-14 23:45:11.369] [TIME] iteration 1=3454ms
[2013-07-14 23:45:11.371] [INFO] shortest constrained triangulation segment: 1:(-1822,-1496)->(-1819,-1490) (len^2=45)
[2013-07-14 23:45:11.371] [STATS] it=1	lb=1	ub=1
[2013-07-14 23:45:11.371] iterations=1 gap=0
[2013-07-14 23:45:11.371] [TIME] SAT solving=3454ms
[2013-07-14 23:45:11.371] [TIME] total=9996ms
