[2013-07-15 12:19:51.385] [INFO] Running in directory /tmp/hellmann/current_run
[2013-07-15 12:19:51.385] [INFO] Reading settings from /tmp/hellmann/current_run/config.json
[2013-07-15 12:19:51.386] [INFO] Reading input file ./0340/random_in_square_0340_1844_073.json ...
[2013-07-15 12:19:59.334] [TIME] generating segments=7938ms
[2013-07-15 12:19:59.337] points=340 segments=57630 convex hull=13
[2013-07-15 12:19:59.337] [INFO] shortest input segment: 0:(-627,-138)->(-625,-128) (len^2=104)
[2013-07-15 12:19:59.656] [INFO] shortest non-crossing segment: 13:(-860,-1814)->(-830,-1814) (len^2=900)
[2013-07-15 12:19:59.656] separators=1442
[2013-07-15 12:20:08.124] [TIME] intersection graph=8788ms
[2013-07-15 12:20:08.126] [INFO] shortest triangulation segment: 0:(-627,-138)->(-625,-128) (len^2=104)
[2013-07-15 12:20:08.126] [INFO] shortest convex hull segment: 80:(-1741,1736)->(-1671,1751) (len^2=5125)
[2013-07-15 12:20:08.126] [STATS] it=0	lb=0	ub=13
[2013-07-15 12:20:08.127] [TIME] controller initialization=16742ms
IBM ILOG License Manager: "university-braunschweig" is accessing CPLEX 12 with option(s): "e m b q use=10 MaintenanceEnd=20110128 ".
[2013-07-15 12:20:26.592] [TIME] iteration 1=18466ms
[2013-07-15 12:20:26.593] [STATS] it=1	lb=7	ub=13
[2013-07-15 12:20:44.920] [TIME] iteration 2=18327ms
[2013-07-15 12:20:44.920] [STATS] it=2	lb=10	ub=13
[2013-07-15 12:21:03.313] [TIME] iteration 3=18392ms
[2013-07-15 12:21:03.315] [INFO] shortest constrained triangulation segment: 13:(-860,-1814)->(-830,-1814) (len^2=900)
[2013-07-15 12:21:03.315] [STATS] it=3	lb=13	ub=13
[2013-07-15 12:21:03.315] iterations=3 gap=0
[2013-07-15 12:21:03.316] [TIME] SAT solving=55185ms
[2013-07-15 12:21:03.316] [TIME] total=71931ms
