[2013-07-15 00:20:30.782] [INFO] Running in directory /tmp/hellmann/current_run
[2013-07-15 00:20:30.782] [INFO] Reading settings from /tmp/hellmann/current_run/config.json
[2013-07-15 00:20:30.782] [INFO] Reading input file ./0340/random_in_square_0340_1844_015.json ...
[2013-07-15 00:20:37.807] [TIME] generating segments=7010ms
[2013-07-15 00:20:37.809] points=340 segments=57630 convex hull=13
[2013-07-15 00:20:37.809] [INFO] shortest input segment: 0:(1210,-1085)->(1208,-1082) (len^2=13)
[2013-07-15 00:20:38.144] [INFO] shortest non-crossing segment: 14:(-1795,1436)->(-1809,1462) (len^2=872)
[2013-07-15 00:20:38.145] separators=1434
[2013-07-15 00:20:46.785] [TIME] intersection graph=8976ms
[2013-07-15 00:20:46.787] [INFO] shortest triangulation segment: 0:(1210,-1085)->(1208,-1082) (len^2=13)
[2013-07-15 00:20:46.787] [INFO] shortest convex hull segment: 541:(1713,-1799)->(1830,-1630) (len^2=42250)
[2013-07-15 00:20:46.787] [STATS] it=0	lb=0	ub=14
[2013-07-15 00:20:46.787] [TIME] controller initialization=16004ms
IBM ILOG License Manager: "university-braunschweig" is accessing CPLEX 12 with option(s): "e m b q use=10 MaintenanceEnd=20110128 ".
[2013-07-15 00:21:06.616] [TIME] iteration 1=19829ms
[2013-07-15 00:21:06.616] [STATS] it=1	lb=7	ub=14
[2013-07-15 00:21:26.167] [TIME] iteration 2=19551ms
[2013-07-15 00:21:26.167] [STATS] it=2	lb=12	ub=14
[2013-07-15 00:21:45.420] [TIME] iteration 3=19253ms
[2013-07-15 00:21:45.422] [INFO] shortest constrained triangulation segment: 14:(-1795,1436)->(-1809,1462) (len^2=872)
[2013-07-15 00:21:45.422] [STATS] it=3	lb=14	ub=14
[2013-07-15 00:21:45.422] iterations=3 gap=0
[2013-07-15 00:21:45.422] [TIME] SAT solving=58633ms
[2013-07-15 00:21:45.422] [TIME] total=74641ms
