[2013-07-15 12:14:17.401] [INFO] Running in directory /tmp/hellmann/current_run
[2013-07-15 12:14:17.401] [INFO] Reading settings from /tmp/hellmann/current_run/config.json
[2013-07-15 12:14:17.424] [INFO] Reading input file ./0340/random_in_square_0340_1844_071.json ...
[2013-07-15 12:14:24.844] [TIME] generating segments=7408ms
[2013-07-15 12:14:24.847] points=340 segments=57630 convex hull=15
[2013-07-15 12:14:24.847] [INFO] shortest input segment: 0:(-1337,568)->(-1331,576) (len^2=100)
[2013-07-15 12:14:25.303] [INFO] shortest non-crossing segment: 18:(1614,1789)->(1626,1832) (len^2=1993)
[2013-07-15 12:14:25.303] separators=3013
[2013-07-15 12:15:05.600] [TIME] intersection graph=40753ms
[2013-07-15 12:15:05.602] [INFO] shortest triangulation segment: 2:(-302,-1204)->(-317,-1194) (len^2=325)
[2013-07-15 12:15:05.602] [INFO] shortest convex hull segment: 20:(1756,-1752)->(1799,-1734) (len^2=2173)
[2013-07-15 12:15:05.602] [STATS] it=0	lb=2	ub=18
[2013-07-15 12:15:05.602] [TIME] controller initialization=48190ms
IBM ILOG License Manager: "university-braunschweig" is accessing CPLEX 12 with option(s): "e m b q use=10 MaintenanceEnd=20110128 ".
[2013-07-15 12:17:31.306] [TIME] iteration 1=145704ms
[2013-07-15 12:17:31.361] [STATS] it=1	lb=10	ub=18
[2013-07-15 12:19:37.301] [TIME] iteration 2=125941ms
[2013-07-15 12:19:37.410] [INFO] shortest constrained triangulation segment: 18:(1614,1789)->(1626,1832) (len^2=1993)
[2013-07-15 12:19:37.410] [STATS] it=2	lb=18	ub=18
[2013-07-15 12:19:37.410] iterations=2 gap=0
[2013-07-15 12:19:37.410] [TIME] SAT solving=271645ms
[2013-07-15 12:19:37.410] [TIME] total=319998ms
