[2013-07-15 00:21:45.574] [INFO] Running in directory /tmp/hellmann/current_run
[2013-07-15 00:21:45.574] [INFO] Reading settings from /tmp/hellmann/current_run/config.json
[2013-07-15 00:21:45.574] [INFO] Reading input file ./0340/random_in_square_0340_1844_016.json ...
[2013-07-15 00:21:52.277] [TIME] generating segments=6677ms
[2013-07-15 00:21:52.280] points=340 segments=57630 convex hull=21
[2013-07-15 00:21:52.280] [INFO] shortest input segment: 0:(-1604,383)->(-1609,388) (len^2=50)
[2013-07-15 00:21:52.656] [INFO] shortest non-crossing segment: 16:(-1695,842)->(-1700,870) (len^2=809)
[2013-07-15 00:21:52.656] separators=1365
[2013-07-15 00:22:00.190] [TIME] intersection graph=7911ms
[2013-07-15 00:22:00.192] [INFO] shortest triangulation segment: 0:(-1604,383)->(-1609,388) (len^2=50)
[2013-07-15 00:22:00.192] [INFO] shortest convex hull segment: 23:(-1458,-1747)->(-1497,-1741) (len^2=1557)
[2013-07-15 00:22:00.192] [STATS] it=0	lb=0	ub=16
[2013-07-15 00:22:00.192] [TIME] controller initialization=14617ms
IBM ILOG License Manager: "university-braunschweig" is accessing CPLEX 12 with option(s): "e m b q use=10 MaintenanceEnd=20110128 ".
[2013-07-15 00:22:17.729] [TIME] iteration 1=17537ms
[2013-07-15 00:22:17.729] [STATS] it=1	lb=8	ub=16
[2013-07-15 00:22:35.947] [TIME] iteration 2=18217ms
[2013-07-15 00:22:35.947] [STATS] it=2	lb=12	ub=16
[2013-07-15 00:22:53.527] [TIME] iteration 3=17580ms
[2013-07-15 00:22:53.529] [INFO] shortest constrained triangulation segment: 16:(-1695,842)->(-1700,870) (len^2=809)
[2013-07-15 00:22:53.529] [STATS] it=3	lb=16	ub=16
[2013-07-15 00:22:53.529] iterations=3 gap=0
[2013-07-15 00:22:53.529] [TIME] SAT solving=53334ms
[2013-07-15 00:22:53.529] [TIME] total=67956ms
