[2013-07-15 15:31:33.380] [INFO] Running in directory /tmp/hellmann/current_run
[2013-07-15 15:31:33.380] [INFO] Reading settings from /tmp/hellmann/current_run/config.json
[2013-07-15 15:31:33.380] [INFO] Reading input file ./0340/random_in_square_0340_1844_089.json ...
[2013-07-15 15:31:40.187] [TIME] generating segments=6793ms
[2013-07-15 15:31:40.190] points=340 segments=57630 convex hull=14
[2013-07-15 15:31:40.190] [INFO] shortest input segment: 0:(-1465,-875)->(-1463,-860) (len^2=229)
[2013-07-15 15:31:40.513] [INFO] shortest non-crossing segment: 13:(1792,145)->(1824,150) (len^2=1049)
[2013-07-15 15:31:40.514] separators=1842
[2013-07-15 15:31:56.372] [TIME] intersection graph=16181ms
[2013-07-15 15:31:56.374] [INFO] shortest triangulation segment: 0:(-1465,-875)->(-1463,-860) (len^2=229)
[2013-07-15 15:31:56.374] [INFO] shortest convex hull segment: 362:(1678,-1564)->(1799,-1456) (len^2=26305)
[2013-07-15 15:31:56.374] [STATS] it=0	lb=0	ub=13
[2013-07-15 15:31:56.374] [TIME] controller initialization=22994ms
IBM ILOG License Manager: "university-braunschweig" is accessing CPLEX 12 with option(s): "e m b q use=10 MaintenanceEnd=20110128 ".
[2013-07-15 15:32:32.020] [TIME] iteration 1=35647ms
[2013-07-15 15:32:32.022] [STATS] it=1	lb=7	ub=13
[2013-07-15 15:33:09.575] [TIME] iteration 2=37553ms
[2013-07-15 15:33:09.575] [STATS] it=2	lb=12	ub=13
[2013-07-15 15:33:50.750] [TIME] iteration 3=41174ms
[2013-07-15 15:33:50.877] [INFO] shortest constrained triangulation segment: 13:(1792,145)->(1824,150) (len^2=1049)
[2013-07-15 15:33:50.877] [STATS] it=3	lb=13	ub=13
[2013-07-15 15:33:50.881] iterations=3 gap=0
[2013-07-15 15:33:50.881] [TIME] SAT solving=114374ms
[2013-07-15 15:33:50.881] [TIME] total=137502ms
