[2013-07-15 09:04:37.222] [INFO] Running in directory /tmp/hellmann/current_run
[2013-07-15 09:04:37.223] [INFO] Reading settings from /tmp/hellmann/current_run/config.json
[2013-07-15 09:04:37.236] [INFO] Reading input file ./0340/random_in_square_0340_1844_051.json ...
[2013-07-15 09:04:43.446] [TIME] generating segments=6192ms
[2013-07-15 09:04:43.448] points=340 segments=57630 convex hull=14
[2013-07-15 09:04:43.449] [INFO] shortest input segment: 0:(18,1333)->(20,1334) (len^2=5)
[2013-07-15 09:04:43.892] [INFO] shortest non-crossing segment: 18:(-1065,1811)->(-1100,1821) (len^2=1325)
[2013-07-15 09:04:43.892] separators=2353
[2013-07-15 09:05:08.852] [TIME] intersection graph=25403ms
[2013-07-15 09:05:08.854] [INFO] shortest triangulation segment: 0:(18,1333)->(20,1334) (len^2=5)
[2013-07-15 09:05:08.854] [INFO] shortest convex hull segment: 67:(-1704,-1810)->(-1774,-1805) (len^2=4925)
[2013-07-15 09:05:08.854] [STATS] it=0	lb=0	ub=18
[2013-07-15 09:05:08.854] [TIME] controller initialization=31619ms
IBM ILOG License Manager: "university-braunschweig" is accessing CPLEX 12 with option(s): "e m b q use=10 MaintenanceEnd=20110128 ".
[2013-07-15 09:06:12.548] [TIME] iteration 1=63694ms
[2013-07-15 09:06:12.552] [STATS] it=1	lb=9	ub=18
[2013-07-15 09:07:21.321] [TIME] iteration 2=68768ms
[2013-07-15 09:07:21.365] [INFO] shortest constrained triangulation segment: 18:(-1065,1811)->(-1100,1821) (len^2=1325)
[2013-07-15 09:07:21.365] [STATS] it=2	lb=18	ub=18
[2013-07-15 09:07:21.365] iterations=2 gap=0
[2013-07-15 09:07:21.365] [TIME] SAT solving=132462ms
[2013-07-15 09:07:21.365] [TIME] total=164128ms
