[2013-07-15 17:40:45.419] [INFO] Running in directory /tmp/hellmann/current_run
[2013-07-15 17:40:45.419] [INFO] Reading settings from /tmp/hellmann/current_run/config.json
[2013-07-15 17:40:45.480] [INFO] Reading input file ./0340/random_in_square_0340_1844_099.json ...
[2013-07-15 17:40:52.605] [TIME] generating segments=7091ms
[2013-07-15 17:40:52.607] points=340 segments=57630 convex hull=15
[2013-07-15 17:40:52.608] [INFO] shortest input segment: 0:(614,641)->(618,644) (len^2=25)
[2013-07-15 17:40:52.693] [INFO] shortest non-crossing segment: 3:(-797,1830)->(-783,1831) (len^2=197)
[2013-07-15 17:40:52.693] separators=166
[2013-07-15 17:40:52.856] [TIME] intersection graph=247ms
[2013-07-15 17:40:52.857] [INFO] shortest triangulation segment: 0:(614,641)->(618,644) (len^2=25)
[2013-07-15 17:40:52.857] [INFO] shortest convex hull segment: 124:(-1757,-1770)->(-1838,-1734) (len^2=7857)
[2013-07-15 17:40:52.857] [STATS] it=0	lb=0	ub=3
[2013-07-15 17:40:52.858] [TIME] controller initialization=7412ms
IBM ILOG License Manager: "university-braunschweig" is accessing CPLEX 12 with option(s): "e m b q use=10 MaintenanceEnd=20110128 ".
[2013-07-15 17:40:56.442] [TIME] iteration 1=3585ms
[2013-07-15 17:40:56.444] [INFO] shortest constrained triangulation segment: 3:(-797,1830)->(-783,1831) (len^2=197)
[2013-07-15 17:40:56.444] [STATS] it=1	lb=3	ub=3
[2013-07-15 17:40:56.444] iterations=1 gap=0
[2013-07-15 17:40:56.444] [TIME] SAT solving=3585ms
[2013-07-15 17:40:56.444] [TIME] total=11000ms
