[2013-07-15 10:56:55.008] [INFO] Running in directory /tmp/hellmann/current_run
[2013-07-15 10:56:55.008] [INFO] Reading settings from /tmp/hellmann/current_run/config.json
[2013-07-15 10:56:55.008] [INFO] Reading input file ./0340/random_in_square_0340_1844_064.json ...
[2013-07-15 10:57:02.142] [TIME] generating segments=7119ms
[2013-07-15 10:57:02.144] points=340 segments=57630 convex hull=14
[2013-07-15 10:57:02.144] [INFO] shortest input segment: 0:(913,-1699)->(916,-1695) (len^2=25)
[2013-07-15 10:57:02.512] [INFO] shortest non-crossing segment: 15:(-1820,1811)->(-1791,1825) (len^2=1037)
[2013-07-15 10:57:02.512] separators=1688
[2013-07-15 10:57:15.506] [TIME] intersection graph=13363ms
[2013-07-15 10:57:15.508] [INFO] shortest triangulation segment: 1:(92,-1500)->(106,-1497) (len^2=205)
[2013-07-15 10:57:15.508] [INFO] shortest convex hull segment: 15:(-1820,1811)->(-1791,1825) (len^2=1037)
[2013-07-15 10:57:15.509] [STATS] it=0	lb=1	ub=15
[2013-07-15 10:57:15.509] [TIME] controller initialization=20501ms
IBM ILOG License Manager: "university-braunschweig" is accessing CPLEX 12 with option(s): "e m b q use=10 MaintenanceEnd=20110128 ".
[2013-07-15 10:57:47.334] [TIME] iteration 1=31825ms
[2013-07-15 10:57:47.335] [STATS] it=1	lb=12	ub=15
[2013-07-15 10:58:18.010] [TIME] iteration 2=30675ms
[2013-07-15 10:58:18.012] [INFO] shortest constrained triangulation segment: 15:(-1820,1811)->(-1791,1825) (len^2=1037)
[2013-07-15 10:58:18.012] [STATS] it=2	lb=15	ub=15
[2013-07-15 10:58:18.012] iterations=2 gap=0
[2013-07-15 10:58:18.012] [TIME] SAT solving=62500ms
[2013-07-15 10:58:18.012] [TIME] total=83004ms
