[2013-07-20 02:47:30.155] [INFO] Running in directory /opt/tmp/hellmann/uniform_distribution
[2013-07-20 02:47:30.155] [INFO] Reading settings from /opt/tmp/hellmann/uniform_distribution/config.json
[2013-07-20 02:47:30.156] [INFO] Reading input file ./0390/random_in_square_0390_1975_052.json ...
[2013-07-20 02:47:46.675] [TIME] generating segments=16488ms
[2013-07-20 02:47:46.678] points=390 segments=75855 convex hull=17
[2013-07-20 02:47:46.678] [INFO] shortest input segment: 0:(721,829)->(721,831) (len^2=4)
[2013-07-20 02:47:47.084] [INFO] shortest non-crossing segment: 14:(1947,-804)->(1973,-794) (len^2=776)
[2013-07-20 02:47:47.085] separators=1493
[2013-07-20 02:48:00.347] [TIME] intersection graph=13669ms
[2013-07-20 02:48:00.350] [INFO] shortest triangulation segment: 0:(721,829)->(721,831) (len^2=4)
[2013-07-20 02:48:00.350] [INFO] shortest convex hull segment: 102:(1166,-1942)->(1249,-1938) (len^2=6905)
[2013-07-20 02:48:00.350] [STATS] it=0	lb=0	ub=14
[2013-07-20 02:48:00.350] [TIME] controller initialization=30194ms
IBM ILOG License Manager: "university-braunschweig" is accessing CPLEX 12 with option(s): "e m b q use=10 MaintenanceEnd=20110128 ".
[2013-07-20 02:48:32.384] [TIME] iteration 1=32033ms
[2013-07-20 02:48:32.384] [STATS] it=1	lb=9	ub=14
[2013-07-20 02:49:06.723] [TIME] iteration 2=34340ms
[2013-07-20 02:49:06.723] [STATS] it=2	lb=13	ub=14
[2013-07-20 02:49:49.875] [TIME] iteration 3=43151ms
[2013-07-20 02:49:50.052] [INFO] shortest constrained triangulation segment: 14:(1947,-804)->(1973,-794) (len^2=776)
[2013-07-20 02:49:50.052] [STATS] it=3	lb=14	ub=14
[2013-07-20 02:49:50.052] iterations=3 gap=0
[2013-07-20 02:49:50.052] [TIME] SAT solving=109524ms
[2013-07-20 02:49:50.052] [TIME] total=139897ms
