[2013-07-20 02:45:14.409] [INFO] Running in directory /opt/tmp/hellmann/uniform_distribution
[2013-07-20 02:45:14.419] [INFO] Reading settings from /opt/tmp/hellmann/uniform_distribution/config.json
[2013-07-20 02:45:14.449] [INFO] Reading input file ./0390/random_in_square_0390_1975_051.json ...
[2013-07-20 02:45:30.835] [TIME] generating segments=16344ms
[2013-07-20 02:45:30.839] points=390 segments=75855 convex hull=17
[2013-07-20 02:45:30.839] [INFO] shortest input segment: 0:(435,1180)->(432,1184) (len^2=25)
[2013-07-20 02:45:31.270] [INFO] shortest non-crossing segment: 15:(-1936,1273)->(-1933,1306) (len^2=1098)
[2013-07-20 02:45:31.270] separators=1688
[2013-07-20 02:45:43.205] [TIME] intersection graph=12366ms
[2013-07-20 02:45:43.208] [INFO] shortest triangulation segment: 0:(435,1180)->(432,1184) (len^2=25)
[2013-07-20 02:45:43.208] [INFO] shortest convex hull segment: 15:(-1936,1273)->(-1933,1306) (len^2=1098)
[2013-07-20 02:45:43.208] [STATS] it=0	lb=0	ub=15
[2013-07-20 02:45:43.208] [TIME] controller initialization=28763ms
IBM ILOG License Manager: "university-braunschweig" is accessing CPLEX 12 with option(s): "e m b q use=10 MaintenanceEnd=20110128 ".
[2013-07-20 02:46:12.110] [TIME] iteration 1=28903ms
[2013-07-20 02:46:12.110] [STATS] it=1	lb=8	ub=15
[2013-07-20 02:46:40.604] [TIME] iteration 2=28495ms
[2013-07-20 02:46:40.604] [STATS] it=2	lb=13	ub=15
[2013-07-20 02:47:09.005] [TIME] iteration 3=28400ms
[2013-07-20 02:47:09.008] [INFO] shortest constrained triangulation segment: 15:(-1936,1273)->(-1933,1306) (len^2=1098)
[2013-07-20 02:47:09.008] [STATS] it=3	lb=15	ub=15
[2013-07-20 02:47:09.008] iterations=3 gap=0
[2013-07-20 02:47:09.008] [TIME] SAT solving=85798ms
[2013-07-20 02:47:09.008] [TIME] total=114563ms
