[2013-07-19 22:46:09.953] [INFO] Running in directory /tmp/hellmann/uniform_distribution
[2013-07-19 22:46:09.954] [INFO] Reading settings from /tmp/hellmann/uniform_distribution/config.json
[2013-07-19 22:46:09.978] [INFO] Reading input file ./0390/random_in_square_0390_1975_037.json ...
[2013-07-19 22:46:26.702] [TIME] generating segments=16682ms
[2013-07-19 22:46:26.705] points=390 segments=75855 convex hull=15
[2013-07-19 22:46:26.706] [INFO] shortest input segment: 0:(-1,-1720)->(14,-1717) (len^2=234)
[2013-07-19 22:46:26.915] [INFO] shortest non-crossing segment: 7:(-1923,1117)->(-1939,1130) (len^2=425)
[2013-07-19 22:46:26.915] separators=591
[2013-07-19 22:46:28.702] [TIME] intersection graph=1997ms
[2013-07-19 22:46:28.705] [INFO] shortest triangulation segment: 0:(-1,-1720)->(14,-1717) (len^2=234)
[2013-07-19 22:46:28.705] [INFO] shortest convex hull segment: 53:(1683,1877)->(1629,1891) (len^2=3112)
[2013-07-19 22:46:28.705] [STATS] it=0	lb=0	ub=7
[2013-07-19 22:46:28.705] [TIME] controller initialization=18732ms
IBM ILOG License Manager: "university-braunschweig" is accessing CPLEX 12 with option(s): "e m b q use=10 MaintenanceEnd=20110128 ".
[2013-07-19 22:46:37.178] [TIME] iteration 1=8473ms
[2013-07-19 22:46:37.178] [STATS] it=1	lb=4	ub=7
[2013-07-19 22:46:45.420] [TIME] iteration 2=8243ms
[2013-07-19 22:46:45.420] [STATS] it=2	lb=6	ub=7
[2013-07-19 22:46:53.593] [TIME] iteration 3=8172ms
[2013-07-19 22:46:53.596] [INFO] shortest constrained triangulation segment: 7:(-1923,1117)->(-1939,1130) (len^2=425)
[2013-07-19 22:46:53.596] [STATS] it=3	lb=7	ub=7
[2013-07-19 22:46:53.596] iterations=3 gap=0
[2013-07-19 22:46:53.596] [TIME] SAT solving=24888ms
[2013-07-19 22:46:53.596] [TIME] total=43623ms
