[2013-07-20 01:26:00.407] [INFO] Running in directory /opt/tmp/hellmann/uniform_distribution
[2013-07-20 01:26:00.408] [INFO] Reading settings from /opt/tmp/hellmann/uniform_distribution/config.json
[2013-07-20 01:26:00.441] [INFO] Reading input file ./0390/random_in_square_0390_1975_044.json ...
[2013-07-20 01:26:17.745] [TIME] generating segments=17260ms
[2013-07-20 01:26:17.748] points=390 segments=75855 convex hull=14
[2013-07-20 01:26:17.749] [INFO] shortest input segment: 0:(766,66)->(774,66) (len^2=64)
[2013-07-20 01:26:17.910] [INFO] shortest non-crossing segment: 5:(-677,-1963)->(-656,-1959) (len^2=457)
[2013-07-20 01:26:17.910] separators=545
[2013-07-20 01:26:19.770] [TIME] intersection graph=2021ms
[2013-07-20 01:26:19.772] [INFO] shortest triangulation segment: 0:(766,66)->(774,66) (len^2=64)
[2013-07-20 01:26:19.772] [INFO] shortest convex hull segment: 14:(-1958,1704)->(-1937,1732) (len^2=1225)
[2013-07-20 01:26:19.772] [STATS] it=0	lb=0	ub=5
[2013-07-20 01:26:19.772] [TIME] controller initialization=19331ms
IBM ILOG License Manager: "university-braunschweig" is accessing CPLEX 12 with option(s): "e m b q use=10 MaintenanceEnd=20110128 ".
[2013-07-20 01:26:27.786] [TIME] iteration 1=8014ms
[2013-07-20 01:26:27.789] [INFO] shortest constrained triangulation segment: 5:(-677,-1963)->(-656,-1959) (len^2=457)
[2013-07-20 01:26:27.789] [STATS] it=1	lb=5	ub=5
[2013-07-20 01:26:27.789] iterations=1 gap=0
[2013-07-20 01:26:27.789] [TIME] SAT solving=8014ms
[2013-07-20 01:26:27.789] [TIME] total=27348ms
