[2013-07-20 02:41:35.380] [INFO] Running in directory /opt/tmp/hellmann/uniform_distribution
[2013-07-20 02:41:35.380] [INFO] Reading settings from /opt/tmp/hellmann/uniform_distribution/config.json
[2013-07-20 02:41:35.380] [INFO] Reading input file ./0390/random_in_square_0390_1975_049.json ...
[2013-07-20 02:41:52.090] [TIME] generating segments=16683ms
[2013-07-20 02:41:52.094] points=390 segments=75855 convex hull=18
[2013-07-20 02:41:52.094] [INFO] shortest input segment: 0:(-1100,7)->(-1095,14) (len^2=74)
[2013-07-20 02:41:52.364] [INFO] shortest non-crossing segment: 9:(1726,1909)->(1733,1929) (len^2=449)
[2013-07-20 02:41:52.364] separators=1023
[2013-07-20 02:41:57.515] [TIME] intersection graph=5422ms
[2013-07-20 02:41:57.517] [INFO] shortest triangulation segment: 0:(-1100,7)->(-1095,14) (len^2=74)
[2013-07-20 02:41:57.517] [INFO] shortest convex hull segment: 57:(-1703,-1946)->(-1760,-1929) (len^2=3538)
[2013-07-20 02:41:57.517] [STATS] it=0	lb=0	ub=9
[2013-07-20 02:41:57.517] [TIME] controller initialization=22138ms
IBM ILOG License Manager: "university-braunschweig" is accessing CPLEX 12 with option(s): "e m b q use=10 MaintenanceEnd=20110128 ".
[2013-07-20 02:42:12.278] [TIME] iteration 1=14760ms
[2013-07-20 02:42:12.278] [STATS] it=1	lb=6	ub=9
[2013-07-20 02:42:27.090] [TIME] iteration 2=14812ms
[2013-07-20 02:42:27.093] [INFO] shortest constrained triangulation segment: 9:(1726,1909)->(1733,1929) (len^2=449)
[2013-07-20 02:42:27.093] [STATS] it=2	lb=9	ub=9
[2013-07-20 02:42:27.093] iterations=2 gap=0
[2013-07-20 02:42:27.093] [TIME] SAT solving=29572ms
[2013-07-20 02:42:27.093] [TIME] total=51713ms
