[2013-07-20 13:50:07.409] [INFO] Running in directory /opt/tmp/hellmann/uniform_distribution
[2013-07-20 13:50:07.410] [INFO] Reading settings from /opt/tmp/hellmann/uniform_distribution/config.json
[2013-07-20 13:50:07.440] [INFO] Reading input file ./0390/random_in_square_0390_1975_096.json ...
[2013-07-20 13:50:23.519] [TIME] generating segments=16064ms
[2013-07-20 13:50:23.523] points=390 segments=75855 convex hull=14
[2013-07-20 13:50:23.523] [INFO] shortest input segment: 0:(-807,-699)->(-810,-697) (len^2=13)
[2013-07-20 13:50:23.598] [INFO] shortest non-crossing segment: 2:(-1969,-913)->(-1968,-900) (len^2=170)
[2013-07-20 13:50:23.598] separators=102
[2013-07-20 13:50:23.663] [TIME] intersection graph=140ms
[2013-07-20 13:50:23.665] [INFO] shortest triangulation segment: 0:(-807,-699)->(-810,-697) (len^2=13)
[2013-07-20 13:50:23.665] [INFO] shortest convex hull segment: 1192:(-1636,1934)->(-1346,1957) (len^2=84629)
[2013-07-20 13:50:23.665] [STATS] it=0	lb=0	ub=2
[2013-07-20 13:50:23.665] [TIME] controller initialization=16230ms
IBM ILOG License Manager: "university-braunschweig" is accessing CPLEX 12 with option(s): "e m b q use=10 MaintenanceEnd=20110128 ".
[2013-07-20 13:50:29.957] [TIME] iteration 1=6291ms
[2013-07-20 13:50:29.960] [INFO] shortest constrained triangulation segment: 2:(-1969,-913)->(-1968,-900) (len^2=170)
[2013-07-20 13:50:29.960] [STATS] it=1	lb=2	ub=2
[2013-07-20 13:50:29.960] iterations=1 gap=0
[2013-07-20 13:50:29.960] [TIME] SAT solving=6291ms
[2013-07-20 13:50:29.960] [TIME] total=22524ms
