[2013-07-19 19:04:26.259] [INFO] Running in directory /tmp/hellmann/uniform_distribution
[2013-07-19 19:04:26.259] [INFO] Reading settings from /tmp/hellmann/uniform_distribution/config.json
[2013-07-19 19:04:26.259] [INFO] Reading input file ./0390/random_in_square_0390_1975_018.json ...
[2013-07-19 19:04:42.419] [TIME] generating segments=16144ms
[2013-07-19 19:04:42.423] points=390 segments=75855 convex hull=16
[2013-07-19 19:04:42.423] [INFO] shortest input segment: 0:(1185,740)->(1181,743) (len^2=25)
[2013-07-19 19:04:42.817] [INFO] shortest non-crossing segment: 14:(-1787,1574)->(-1767,1581) (len^2=449)
[2013-07-19 19:04:42.817] separators=1150
[2013-07-19 19:04:48.323] [TIME] intersection graph=5900ms
[2013-07-19 19:04:48.325] [INFO] shortest triangulation segment: 0:(1185,740)->(1181,743) (len^2=25)
[2013-07-19 19:04:48.326] [INFO] shortest convex hull segment: 163:(-1971,1086)->(-1968,1190) (len^2=10825)
[2013-07-19 19:04:48.326] [STATS] it=0	lb=0	ub=14
[2013-07-19 19:04:48.326] [TIME] controller initialization=22066ms
IBM ILOG License Manager: "university-braunschweig" is accessing CPLEX 12 with option(s): "e m b q use=10 MaintenanceEnd=20110128 ".
[2013-07-19 19:04:58.933] [TIME] iteration 1=10608ms
[2013-07-19 19:04:58.933] [STATS] it=1	lb=7	ub=14
[2013-07-19 19:05:09.614] [TIME] iteration 2=10682ms
[2013-07-19 19:05:09.614] [STATS] it=2	lb=12	ub=14
[2013-07-19 19:05:20.322] [TIME] iteration 3=10707ms
[2013-07-19 19:05:20.325] [INFO] shortest constrained triangulation segment: 14:(-1787,1574)->(-1767,1581) (len^2=449)
[2013-07-19 19:05:20.325] [STATS] it=3	lb=14	ub=14
[2013-07-19 19:05:20.325] iterations=3 gap=0
[2013-07-19 19:05:20.325] [TIME] SAT solving=31997ms
[2013-07-19 19:05:20.325] [TIME] total=54065ms
