[2013-07-20 07:38:32.783] [INFO] Running in directory /opt/tmp/hellmann/uniform_distribution
[2013-07-20 07:38:32.783] [INFO] Reading settings from /opt/tmp/hellmann/uniform_distribution/config.json
[2013-07-20 07:38:32.805] [INFO] Reading input file ./0390/random_in_square_0390_1975_075.json ...
[2013-07-20 07:38:49.302] [TIME] generating segments=16441ms
[2013-07-20 07:38:49.305] points=390 segments=75855 convex hull=18
[2013-07-20 07:38:49.305] [INFO] shortest input segment: 0:(-593,106)->(-585,106) (len^2=64)
[2013-07-20 07:38:49.383] [INFO] shortest non-crossing segment: 2:(1765,1820)->(1756,1822) (len^2=85)
[2013-07-20 07:38:49.383] separators=179
[2013-07-20 07:38:49.597] [TIME] intersection graph=292ms
[2013-07-20 07:38:49.599] [INFO] shortest triangulation segment: 0:(-593,106)->(-585,106) (len^2=64)
[2013-07-20 07:38:49.599] [INFO] shortest convex hull segment: 2:(1765,1820)->(1756,1822) (len^2=85)
[2013-07-20 07:38:49.599] [STATS] it=0	lb=0	ub=2
[2013-07-20 07:38:49.599] [TIME] controller initialization=16800ms
IBM ILOG License Manager: "university-braunschweig" is accessing CPLEX 12 with option(s): "e m b q use=10 MaintenanceEnd=20110128 ".
[2013-07-20 07:38:55.963] [TIME] iteration 1=6363ms
[2013-07-20 07:38:55.965] [INFO] shortest constrained triangulation segment: 2:(1765,1820)->(1756,1822) (len^2=85)
[2013-07-20 07:38:55.965] [STATS] it=1	lb=2	ub=2
[2013-07-20 07:38:55.965] iterations=1 gap=0
[2013-07-20 07:38:55.965] [TIME] SAT solving=6363ms
[2013-07-20 07:38:55.965] [TIME] total=23165ms
