[2013-07-20 03:24:27.691] [INFO] Running in directory /opt/tmp/hellmann/uniform_distribution
[2013-07-20 03:24:27.691] [INFO] Reading settings from /opt/tmp/hellmann/uniform_distribution/config.json
[2013-07-20 03:24:27.691] [INFO] Reading input file ./0390/random_in_square_0390_1975_057.json ...
[2013-07-20 03:24:43.104] [TIME] generating segments=15403ms
[2013-07-20 03:24:43.107] points=390 segments=75855 convex hull=12
[2013-07-20 03:24:43.107] [INFO] shortest input segment: 0:(58,1755)->(54,1764) (len^2=97)
[2013-07-20 03:24:43.614] [INFO] shortest non-crossing segment: 18:(1453,1858)->(1444,1889) (len^2=1042)
[2013-07-20 03:24:43.614] separators=1852
[2013-07-20 03:25:01.142] [TIME] intersection graph=18035ms
[2013-07-20 03:25:01.144] [INFO] shortest triangulation segment: 0:(58,1755)->(54,1764) (len^2=97)
[2013-07-20 03:25:01.145] [INFO] shortest convex hull segment: 118:(-1963,1575)->(-1950,1660) (len^2=7394)
[2013-07-20 03:25:01.145] [STATS] it=0	lb=0	ub=18
[2013-07-20 03:25:01.145] [TIME] controller initialization=33453ms
IBM ILOG License Manager: "university-braunschweig" is accessing CPLEX 12 with option(s): "e m b q use=10 MaintenanceEnd=20110128 ".
[2013-07-20 03:25:44.025] [TIME] iteration 1=42881ms
[2013-07-20 03:25:44.028] [STATS] it=1	lb=10	ub=18
[2013-07-20 03:26:27.108] [TIME] iteration 2=43080ms
[2013-07-20 03:26:27.111] [STATS] it=2	lb=15	ub=18
[2013-07-20 03:27:12.036] [TIME] iteration 3=44925ms
[2013-07-20 03:27:12.340] [INFO] shortest constrained triangulation segment: 18:(1453,1858)->(1444,1889) (len^2=1042)
[2013-07-20 03:27:12.340] [STATS] it=3	lb=18	ub=18
[2013-07-20 03:27:12.340] iterations=3 gap=0
[2013-07-20 03:27:12.340] [TIME] SAT solving=130886ms
[2013-07-20 03:27:12.340] [TIME] total=164648ms
