[2013-07-20 06:43:11.905] [INFO] Running in directory /opt/tmp/hellmann/uniform_distribution
[2013-07-20 06:43:11.905] [INFO] Reading settings from /opt/tmp/hellmann/uniform_distribution/config.json
[2013-07-20 06:43:11.955] [INFO] Reading input file ./0390/random_in_square_0390_1975_073.json ...
[2013-07-20 06:43:27.894] [TIME] generating segments=15875ms
[2013-07-20 06:43:27.897] points=390 segments=75855 convex hull=17
[2013-07-20 06:43:27.897] [INFO] shortest input segment: 0:(-878,-378)->(-871,-374) (len^2=65)
[2013-07-20 06:43:28.678] [INFO] shortest non-crossing segment: 27:(1706,1944)->(1736,1972) (len^2=1684)
[2013-07-20 06:43:28.678] separators=3723
[2013-07-20 06:44:30.557] [TIME] intersection graph=62661ms
[2013-07-20 06:44:30.560] [INFO] shortest triangulation segment: 0:(-878,-378)->(-871,-374) (len^2=65)
[2013-07-20 06:44:30.560] [INFO] shortest convex hull segment: 438:(1897,1920)->(1736,1972) (len^2=28625)
[2013-07-20 06:44:30.560] [STATS] it=0	lb=0	ub=27
[2013-07-20 06:44:30.560] [TIME] controller initialization=78631ms
IBM ILOG License Manager: "university-braunschweig" is accessing CPLEX 12 with option(s): "e m b q use=10 MaintenanceEnd=20110128 ".
[2013-07-20 06:48:55.432] [TIME] iteration 1=264873ms
[2013-07-20 06:48:55.498] [STATS] it=1	lb=16	ub=27
[2013-07-20 06:58:39.784] [TIME] iteration 2=584284ms
[2013-07-20 06:58:39.841] [STATS] it=2	lb=22	ub=27
[2013-07-20 07:03:27.144] [TIME] iteration 3=287301ms
[2013-07-20 07:03:27.201] [STATS] it=3	lb=26	ub=27
[2013-07-20 07:08:23.461] [TIME] iteration 4=296250ms
[2013-07-20 07:08:23.671] [INFO] shortest constrained triangulation segment: 27:(1706,1944)->(1736,1972) (len^2=1684)
[2013-07-20 07:08:23.672] [STATS] it=4	lb=27	ub=27
[2013-07-20 07:08:23.672] iterations=4 gap=0
[2013-07-20 07:08:23.672] [TIME] SAT solving=1432641ms
[2013-07-20 07:08:23.672] [TIME] total=1511742ms
