[2013-07-19 20:37:20.047] [INFO] Running in directory /tmp/hellmann/uniform_distribution
[2013-07-19 20:37:20.047] [INFO] Reading settings from /tmp/hellmann/uniform_distribution/config.json
[2013-07-19 20:37:20.072] [INFO] Reading input file ./0390/random_in_square_0390_1975_026.json ...
[2013-07-19 20:37:35.799] [TIME] generating segments=15685ms
[2013-07-19 20:37:35.802] points=390 segments=75855 convex hull=16
[2013-07-19 20:37:35.802] [INFO] shortest input segment: 0:(-687,-1314)->(-688,-1306) (len^2=65)
[2013-07-19 20:37:35.908] [INFO] shortest non-crossing segment: 3:(577,1962)->(564,1970) (len^2=233)
[2013-07-19 20:37:35.908] separators=234
[2013-07-19 20:37:36.239] [TIME] intersection graph=437ms
[2013-07-19 20:37:36.241] [INFO] shortest triangulation segment: 0:(-687,-1314)->(-688,-1306) (len^2=65)
[2013-07-19 20:37:36.241] [INFO] shortest convex hull segment: 451:(-1693,1842)->(-1566,1971) (len^2=32770)
[2013-07-19 20:37:36.241] [STATS] it=0	lb=0	ub=3
[2013-07-19 20:37:36.241] [TIME] controller initialization=16174ms
IBM ILOG License Manager: "university-braunschweig" is accessing CPLEX 12 with option(s): "e m b q use=10 MaintenanceEnd=20110128 ".
[2013-07-19 20:37:42.956] [TIME] iteration 1=6715ms
[2013-07-19 20:37:42.960] [INFO] shortest constrained triangulation segment: 3:(577,1962)->(564,1970) (len^2=233)
[2013-07-19 20:37:42.960] [STATS] it=1	lb=3	ub=3
[2013-07-19 20:37:42.960] iterations=1 gap=0
[2013-07-19 20:37:42.960] [TIME] SAT solving=6715ms
[2013-07-19 20:37:42.960] [TIME] total=22895ms
