[2013-07-20 09:10:14.242] [INFO] Running in directory /opt/tmp/hellmann/uniform_distribution
[2013-07-20 09:10:14.243] [INFO] Reading settings from /opt/tmp/hellmann/uniform_distribution/config.json
[2013-07-20 09:10:14.260] [INFO] Reading input file ./0390/random_in_square_0390_1975_081.json ...
[2013-07-20 09:10:31.591] [TIME] generating segments=17280ms
[2013-07-20 09:10:31.594] points=390 segments=75855 convex hull=16
[2013-07-20 09:10:31.594] [INFO] shortest input segment: 0:(1397,1051)->(1390,1053) (len^2=53)
[2013-07-20 09:10:31.995] [INFO] shortest non-crossing segment: 13:(494,-1941)->(523,-1938) (len^2=850)
[2013-07-20 09:10:31.995] separators=2350
[2013-07-20 09:10:59.205] [TIME] intersection graph=27610ms
[2013-07-20 09:10:59.207] [INFO] shortest triangulation segment: 0:(1397,1051)->(1390,1053) (len^2=53)
[2013-07-20 09:10:59.207] [INFO] shortest convex hull segment: 364:(-1829,-1872)->(-1937,-1765) (len^2=23113)
[2013-07-20 09:10:59.207] [STATS] it=0	lb=0	ub=13
[2013-07-20 09:10:59.207] [TIME] controller initialization=44948ms
IBM ILOG License Manager: "university-braunschweig" is accessing CPLEX 12 with option(s): "e m b q use=10 MaintenanceEnd=20110128 ".
[2013-07-20 09:12:26.917] [TIME] iteration 1=87710ms
[2013-07-20 09:12:26.942] [STATS] it=1	lb=10	ub=13
[2013-07-20 09:13:44.025] [TIME] iteration 2=77082ms
[2013-07-20 09:13:44.097] [STATS] it=2	lb=12	ub=13
[2013-07-20 09:14:59.345] [TIME] iteration 3=75247ms
[2013-07-20 09:14:59.504] [INFO] shortest constrained triangulation segment: 13:(494,-1941)->(523,-1938) (len^2=850)
[2013-07-20 09:14:59.504] [STATS] it=3	lb=13	ub=13
[2013-07-20 09:14:59.504] iterations=3 gap=0
[2013-07-20 09:14:59.504] [TIME] SAT solving=240033ms
[2013-07-20 09:14:59.504] [TIME] total=285245ms
