[2013-07-20 14:20:31.772] [INFO] Running in directory /opt/tmp/hellmann/uniform_distribution
[2013-07-20 14:20:31.772] [INFO] Reading settings from /opt/tmp/hellmann/uniform_distribution/config.json
[2013-07-20 14:20:31.806] [INFO] Reading input file ./0390/random_in_square_0390_1975_098.json ...
[2013-07-20 14:20:47.935] [TIME] generating segments=16079ms
[2013-07-20 14:20:47.938] points=390 segments=75855 convex hull=14
[2013-07-20 14:20:47.938] [INFO] shortest input segment: 0:(-1108,818)->(-1108,823) (len^2=25)
[2013-07-20 14:20:48.362] [INFO] shortest non-crossing segment: 14:(-1906,-1793)->(-1894,-1760) (len^2=1233)
[2013-07-20 14:20:48.362] separators=2299
[2013-07-20 14:21:13.083] [TIME] intersection graph=25145ms
[2013-07-20 14:21:13.086] [INFO] shortest triangulation segment: 0:(-1108,818)->(-1108,823) (len^2=25)
[2013-07-20 14:21:13.086] [INFO] shortest convex hull segment: 1413:(1588,-1964)->(1907,-1940) (len^2=102337)
[2013-07-20 14:21:13.086] [STATS] it=0	lb=0	ub=14
[2013-07-20 14:21:13.086] [TIME] controller initialization=41296ms
IBM ILOG License Manager: "university-braunschweig" is accessing CPLEX 12 with option(s): "e m b q use=10 MaintenanceEnd=20110128 ".
[2013-07-20 14:22:16.577] [TIME] iteration 1=63492ms
[2013-07-20 14:22:16.578] [STATS] it=1	lb=10	ub=14
[2013-07-20 14:23:24.029] [TIME] iteration 2=67448ms
[2013-07-20 14:23:24.156] [INFO] shortest constrained triangulation segment: 14:(-1906,-1793)->(-1894,-1760) (len^2=1233)
[2013-07-20 14:23:24.156] [STATS] it=2	lb=14	ub=14
[2013-07-20 14:23:24.156] iterations=2 gap=0
[2013-07-20 14:23:24.156] [TIME] SAT solving=130940ms
[2013-07-20 14:23:24.156] [TIME] total=172367ms
