[2013-07-04 17:55:29.595] [INFO] Running in directory /tmp/hellmann/current_run
[2013-07-04 17:55:29.596] [INFO] Reading settings from /tmp/hellmann/current_run/config.json
[2013-07-04 17:55:29.596] [INFO] Reading input file ./0090/random_in_square_0090_0949_073.json ...
[2013-07-04 17:55:29.671] [TIME] generating segments=60ms
[2013-07-04 17:55:29.672] points=90 segments=4005 convex hull=11
[2013-07-04 17:55:29.672] [INFO] shortest input segment: 0:(-720,-355)->(-700,-349) (len^2=436)
[2013-07-04 17:55:29.696] [INFO] shortest non-crossing segment: 5:(-373,-873)->(-332,-871) (len^2=1685)
[2013-07-04 17:55:29.696] separators=86
[2013-07-04 17:55:29.742] [TIME] intersection graph=70ms
[2013-07-04 17:55:29.743] [INFO] shortest triangulation segment: 0:(-720,-355)->(-700,-349) (len^2=436)
[2013-07-04 17:55:29.743] [INFO] shortest convex hull segment: 37:(890,832)->(835,925) (len^2=11674)
[2013-07-04 17:55:29.743] [STATS] it=0	lb=0	ub=5
[2013-07-04 17:55:29.743] [TIME] controller initialization=146ms
IBM ILOG License Manager: "university-braunschweig" is accessing CPLEX 12 with option(s): "e m b q use=10 MaintenanceEnd=20110128 ".
[2013-07-04 17:55:29.780] [TIME] iteration 1=36ms
[2013-07-04 17:55:29.780] [STATS] it=1	lb=4	ub=5
[2013-07-04 17:55:29.812] [TIME] iteration 2=32ms
[2013-07-04 17:55:29.813] [INFO] shortest constrained triangulation segment: 5:(-373,-873)->(-332,-871) (len^2=1685)
[2013-07-04 17:55:29.813] [STATS] it=2	lb=5	ub=5
[2013-07-04 17:55:29.813] iterations=2 gap=0
[2013-07-04 17:55:29.813] [TIME] SAT solving=68ms
[2013-07-04 17:55:29.813] [TIME] total=216ms
