[2013-07-04 17:21:26.244] [INFO] Running in directory /tmp/hellmann/current_run
[2013-07-04 17:21:26.244] [INFO] Reading settings from /tmp/hellmann/current_run/config.json
[2013-07-04 17:21:26.245] [INFO] Reading input file ./0090/random_in_square_0090_0949_013.json ...
[2013-07-04 17:21:26.300] [TIME] generating segments=54ms
[2013-07-04 17:21:26.300] points=90 segments=4005 convex hull=13
[2013-07-04 17:21:26.300] [INFO] shortest input segment: 0:(-616,-523)->(-616,-512) (len^2=121)
[2013-07-04 17:21:26.313] [INFO] shortest non-crossing segment: 2:(783,-819)->(797,-793) (len^2=872)
[2013-07-04 17:21:26.313] separators=39
[2013-07-04 17:21:26.325] [TIME] intersection graph=24ms
[2013-07-04 17:21:26.326] [INFO] shortest triangulation segment: 0:(-616,-523)->(-616,-512) (len^2=121)
[2013-07-04 17:21:26.326] [INFO] shortest convex hull segment: 2:(783,-819)->(797,-793) (len^2=872)
[2013-07-04 17:21:26.326] [STATS] it=0	lb=0	ub=2
[2013-07-04 17:21:26.326] [TIME] controller initialization=81ms
IBM ILOG License Manager: "university-braunschweig" is accessing CPLEX 12 with option(s): "e m b q use=10 MaintenanceEnd=20110128 ".
[2013-07-04 17:21:26.361] [TIME] iteration 1=35ms
[2013-07-04 17:21:26.361] [INFO] shortest constrained triangulation segment: 2:(783,-819)->(797,-793) (len^2=872)
[2013-07-04 17:21:26.361] [STATS] it=1	lb=2	ub=2
[2013-07-04 17:21:26.361] iterations=1 gap=0
[2013-07-04 17:21:26.361] [TIME] SAT solving=35ms
[2013-07-04 17:21:26.362] [TIME] total=117ms
