[2013-07-04 17:21:35.319] [INFO] Running in directory /tmp/hellmann/current_run
[2013-07-04 17:21:35.319] [INFO] Reading settings from /tmp/hellmann/current_run/config.json
[2013-07-04 17:21:35.319] [INFO] Reading input file ./0090/random_in_square_0090_0949_023.json ...
[2013-07-04 17:21:35.379] [TIME] generating segments=58ms
[2013-07-04 17:21:35.379] points=90 segments=4005 convex hull=12
[2013-07-04 17:21:35.380] [INFO] shortest input segment: 0:(-352,-131)->(-346,-123) (len^2=100)
[2013-07-04 17:21:35.410] [INFO] shortest non-crossing segment: 6:(-807,730)->(-833,769) (len^2=2197)
[2013-07-04 17:21:35.410] separators=158
[2013-07-04 17:21:35.568] [TIME] intersection graph=188ms
[2013-07-04 17:21:35.568] [INFO] shortest triangulation segment: 0:(-352,-131)->(-346,-123) (len^2=100)
[2013-07-04 17:21:35.568] [INFO] shortest convex hull segment: 26:(718,786)->(653,862) (len^2=10001)
[2013-07-04 17:21:35.568] [STATS] it=0	lb=0	ub=6
[2013-07-04 17:21:35.568] [TIME] controller initialization=249ms
IBM ILOG License Manager: "university-braunschweig" is accessing CPLEX 12 with option(s): "e m b q use=10 MaintenanceEnd=20110128 ".
[2013-07-04 17:21:35.728] [TIME] iteration 1=159ms
[2013-07-04 17:21:35.728] [STATS] it=1	lb=3	ub=6
[2013-07-04 17:21:35.882] [TIME] iteration 2=153ms
[2013-07-04 17:21:35.883] [INFO] shortest constrained triangulation segment: 6:(-807,730)->(-833,769) (len^2=2197)
[2013-07-04 17:21:35.883] [STATS] it=2	lb=6	ub=6
[2013-07-04 17:21:35.883] iterations=2 gap=0
[2013-07-04 17:21:35.883] [TIME] SAT solving=312ms
[2013-07-04 17:21:35.883] [TIME] total=564ms
