[2013-07-04 17:21:21.540] [INFO] Running in directory /tmp/hellmann/current_run
[2013-07-04 17:21:21.540] [INFO] Reading settings from /tmp/hellmann/current_run/config.json
[2013-07-04 17:21:21.540] [INFO] Reading input file ./0090/random_in_square_0090_0949_012.json ...
[2013-07-04 17:21:21.598] [TIME] generating segments=56ms
[2013-07-04 17:21:21.599] points=90 segments=4005 convex hull=11
[2013-07-04 17:21:21.599] [INFO] shortest input segment: 0:(123,-552)->(122,-547) (len^2=26)
[2013-07-04 17:21:21.728] [INFO] shortest non-crossing segment: 29:(-108,-878)->(-14,-846) (len^2=9860)
[2013-07-04 17:21:21.728] separators=637
[2013-07-04 17:21:23.148] [TIME] intersection graph=1549ms
[2013-07-04 17:21:23.149] [INFO] shortest triangulation segment: 0:(123,-552)->(122,-547) (len^2=26)
[2013-07-04 17:21:23.149] [INFO] shortest convex hull segment: 42:(-674,-923)->(-793,-911) (len^2=14305)
[2013-07-04 17:21:23.149] [STATS] it=0	lb=0	ub=29
[2013-07-04 17:21:23.149] [TIME] controller initialization=1609ms
IBM ILOG License Manager: "university-braunschweig" is accessing CPLEX 12 with option(s): "e m b q use=10 MaintenanceEnd=20110128 ".
[2013-07-04 17:21:24.854] [TIME] iteration 1=1705ms
[2013-07-04 17:21:24.854] [STATS] it=1	lb=15	ub=29
[2013-07-04 17:21:25.123] [ERROR] Solution is infeasible
[2013-07-04 17:21:25.123] [TIME] iteration 2=268ms
[2013-07-04 17:21:25.123] [STATS] it=2	lb=15	ub=21
[2013-07-04 17:21:26.008] [TIME] iteration 3=886ms
[2013-07-04 17:21:26.009] [STATS] it=3	lb=20	ub=21
[2013-07-04 17:21:26.201] [ERROR] Solution is infeasible
[2013-07-04 17:21:26.201] [TIME] iteration 4=192ms
[2013-07-04 17:21:26.202] [INFO] shortest constrained triangulation segment: 20:(384,-711)->(311,-698) (len^2=5498)
[2013-07-04 17:21:26.202] [STATS] it=4	lb=20	ub=20
[2013-07-04 17:21:26.202] iterations=4 gap=0
[2013-07-04 17:21:26.202] [TIME] SAT solving=3051ms
[2013-07-04 17:21:26.202] [TIME] total=4661ms
