[2013-07-04 17:21:13.116] [INFO] Running in directory /tmp/hellmann/current_run
[2013-07-04 17:21:13.117] [INFO] Reading settings from /tmp/hellmann/current_run/config.json
[2013-07-04 17:21:13.117] [INFO] Reading input file ./0090/random_in_square_0090_0949_005.json ...
[2013-07-04 17:21:13.172] [TIME] generating segments=54ms
[2013-07-04 17:21:13.173] points=90 segments=4005 convex hull=8
[2013-07-04 17:21:13.173] [INFO] shortest input segment: 0:(416,-230)->(418,-227) (len^2=13)
[2013-07-04 17:21:13.211] [INFO] shortest non-crossing segment: 8:(-944,-584)->(-912,-548) (len^2=2320)
[2013-07-04 17:21:13.211] separators=151
[2013-07-04 17:21:13.348] [TIME] intersection graph=175ms
[2013-07-04 17:21:13.349] [INFO] shortest triangulation segment: 0:(416,-230)->(418,-227) (len^2=13)
[2013-07-04 17:21:13.349] [INFO] shortest convex hull segment: 19:(-947,659)->(-928,724) (len^2=4586)
[2013-07-04 17:21:13.349] [STATS] it=0	lb=0	ub=8
[2013-07-04 17:21:13.349] [TIME] controller initialization=231ms
IBM ILOG License Manager: "university-braunschweig" is accessing CPLEX 12 with option(s): "e m b q use=10 MaintenanceEnd=20110128 ".
[2013-07-04 17:21:13.491] [TIME] iteration 1=143ms
[2013-07-04 17:21:13.491] [STATS] it=1	lb=4	ub=8
[2013-07-04 17:21:13.628] [TIME] iteration 2=137ms
[2013-07-04 17:21:13.629] [INFO] shortest constrained triangulation segment: 8:(-944,-584)->(-912,-548) (len^2=2320)
[2013-07-04 17:21:13.629] [STATS] it=2	lb=8	ub=8
[2013-07-04 17:21:13.629] iterations=2 gap=0
[2013-07-04 17:21:13.629] [TIME] SAT solving=280ms
[2013-07-04 17:21:13.629] [TIME] total=513ms
