[2013-07-04 17:21:34.416] [INFO] Running in directory /tmp/hellmann/current_run
[2013-07-04 17:21:34.416] [INFO] Reading settings from /tmp/hellmann/current_run/config.json
[2013-07-04 17:21:34.416] [INFO] Reading input file ./0090/random_in_square_0090_0949_021.json ...
[2013-07-04 17:21:34.472] [TIME] generating segments=55ms
[2013-07-04 17:21:34.472] points=90 segments=4005 convex hull=9
[2013-07-04 17:21:34.472] [INFO] shortest input segment: 0:(-520,779)->(-537,784) (len^2=314)
[2013-07-04 17:21:34.512] [INFO] shortest non-crossing segment: 8:(900,-55)->(945,-29) (len^2=2701)
[2013-07-04 17:21:34.512] separators=227
[2013-07-04 17:21:34.755] [TIME] intersection graph=283ms
[2013-07-04 17:21:34.756] [INFO] shortest triangulation segment: 1:(-704,-13)->(-681,-4) (len^2=610)
[2013-07-04 17:21:34.756] [INFO] shortest convex hull segment: 26:(795,-945)->(873,-943) (len^2=6088)
[2013-07-04 17:21:34.756] [STATS] it=0	lb=1	ub=8
[2013-07-04 17:21:34.756] [TIME] controller initialization=341ms
IBM ILOG License Manager: "university-braunschweig" is accessing CPLEX 12 with option(s): "e m b q use=10 MaintenanceEnd=20110128 ".
[2013-07-04 17:21:34.991] [TIME] iteration 1=234ms
[2013-07-04 17:21:34.991] [STATS] it=1	lb=6	ub=8
[2013-07-04 17:21:35.225] [TIME] iteration 2=234ms
[2013-07-04 17:21:35.226] [INFO] shortest constrained triangulation segment: 8:(900,-55)->(945,-29) (len^2=2701)
[2013-07-04 17:21:35.226] [STATS] it=2	lb=8	ub=8
[2013-07-04 17:21:35.226] iterations=2 gap=0
[2013-07-04 17:21:35.226] [TIME] SAT solving=468ms
[2013-07-04 17:21:35.226] [TIME] total=810ms
