[2013-07-04 17:55:19.743] [INFO] Running in directory /tmp/hellmann/current_run
[2013-07-04 17:55:19.743] [INFO] Reading settings from /tmp/hellmann/current_run/config.json
[2013-07-04 17:55:19.744] [INFO] Reading input file ./0090/random_in_square_0090_0949_062.json ...
[2013-07-04 17:55:19.821] [TIME] generating segments=58ms
[2013-07-04 17:55:19.821] points=90 segments=4005 convex hull=13
[2013-07-04 17:55:19.821] [INFO] shortest input segment: 0:(-621,624)->(-612,630) (len^2=117)
[2013-07-04 17:55:19.846] [INFO] shortest non-crossing segment: 5:(-890,-835)->(-871,-811) (len^2=937)
[2013-07-04 17:55:19.846] separators=113
[2013-07-04 17:55:19.913] [TIME] intersection graph=92ms
[2013-07-04 17:55:19.914] [INFO] shortest triangulation segment: 1:(-103,464)->(-102,479) (len^2=226)
[2013-07-04 17:55:19.914] [INFO] shortest convex hull segment: 24:(686,-887)->(750,-840) (len^2=6305)
[2013-07-04 17:55:19.914] [STATS] it=0	lb=1	ub=5
[2013-07-04 17:55:19.914] [TIME] controller initialization=170ms
IBM ILOG License Manager: "university-braunschweig" is accessing CPLEX 12 with option(s): "e m b q use=10 MaintenanceEnd=20110128 ".
[2013-07-04 17:55:19.990] [TIME] iteration 1=76ms
[2013-07-04 17:55:19.990] [STATS] it=1	lb=4	ub=5
[2013-07-04 17:55:20.061] [TIME] iteration 2=70ms
[2013-07-04 17:55:20.061] [INFO] shortest constrained triangulation segment: 5:(-890,-835)->(-871,-811) (len^2=937)
[2013-07-04 17:55:20.061] [STATS] it=2	lb=5	ub=5
[2013-07-04 17:55:20.061] iterations=2 gap=0
[2013-07-04 17:55:20.061] [TIME] SAT solving=146ms
[2013-07-04 17:55:20.061] [TIME] total=317ms
