[2013-07-04 17:56:22.823] [INFO] Running in directory /tmp/hellmann/current_run
[2013-07-04 17:56:22.823] [INFO] Reading settings from /tmp/hellmann/current_run/config.json
[2013-07-04 17:56:22.824] [INFO] Reading input file ./0090/random_in_square_0090_0949_081.json ...
[2013-07-04 17:56:22.881] [TIME] generating segments=56ms
[2013-07-04 17:56:22.882] points=90 segments=4005 convex hull=14
[2013-07-04 17:56:22.882] [INFO] shortest input segment: 0:(482,540)->(505,548) (len^2=593)
[2013-07-04 17:56:22.890] [INFO] shortest non-crossing segment: 1:(-791,607)->(-781,638) (len^2=1061)
[2013-07-04 17:56:22.890] separators=12
[2013-07-04 17:56:22.891] [TIME] intersection graph=9ms
[2013-07-04 17:56:22.891] [INFO] shortest triangulation segment: 0:(482,540)->(505,548) (len^2=593)
[2013-07-04 17:56:22.891] [INFO] shortest convex hull segment: 49:(-699,847)->(-587,912) (len^2=16769)
[2013-07-04 17:56:22.891] [STATS] it=0	lb=0	ub=1
[2013-07-04 17:56:22.891] [TIME] controller initialization=67ms
IBM ILOG License Manager: "university-braunschweig" is accessing CPLEX 12 with option(s): "e m b q use=10 MaintenanceEnd=20110128 ".
[2013-07-04 17:56:22.920] [TIME] iteration 1=28ms
[2013-07-04 17:56:22.920] [INFO] shortest constrained triangulation segment: 1:(-791,607)->(-781,638) (len^2=1061)
[2013-07-04 17:56:22.920] [STATS] it=1	lb=1	ub=1
[2013-07-04 17:56:22.920] iterations=1 gap=0
[2013-07-04 17:56:22.920] [TIME] SAT solving=28ms
[2013-07-04 17:56:22.921] [TIME] total=96ms
