[2013-07-04 17:21:26.375] [INFO] Running in directory /tmp/hellmann/current_run
[2013-07-04 17:21:26.375] [INFO] Reading settings from /tmp/hellmann/current_run/config.json
[2013-07-04 17:21:26.376] [INFO] Reading input file ./0090/random_in_square_0090_0949_014.json ...
[2013-07-04 17:21:26.429] [TIME] generating segments=53ms
[2013-07-04 17:21:26.430] points=90 segments=4005 convex hull=9
[2013-07-04 17:21:26.430] [INFO] shortest input segment: 0:(857,-71)->(869,-54) (len^2=433)
[2013-07-04 17:21:26.483] [INFO] shortest non-crossing segment: 11:(-868,-385)->(-882,-326) (len^2=3677)
[2013-07-04 17:21:26.483] separators=330
[2013-07-04 17:21:27.065] [TIME] intersection graph=634ms
[2013-07-04 17:21:27.065] [INFO] shortest triangulation segment: 0:(857,-71)->(869,-54) (len^2=433)
[2013-07-04 17:21:27.065] [INFO] shortest convex hull segment: 128:(-541,-943)->(-706,-878) (len^2=31450)
[2013-07-04 17:21:27.065] [STATS] it=0	lb=0	ub=11
[2013-07-04 17:21:27.065] [TIME] controller initialization=690ms
IBM ILOG License Manager: "university-braunschweig" is accessing CPLEX 12 with option(s): "e m b q use=10 MaintenanceEnd=20110128 ".
[2013-07-04 17:21:27.628] [TIME] iteration 1=563ms
[2013-07-04 17:21:27.628] [STATS] it=1	lb=6	ub=11
[2013-07-04 17:21:27.947] [TIME] iteration 2=318ms
[2013-07-04 17:21:27.948] [INFO] shortest constrained triangulation segment: 11:(-868,-385)->(-882,-326) (len^2=3677)
[2013-07-04 17:21:27.948] [STATS] it=2	lb=11	ub=11
[2013-07-04 17:21:27.948] iterations=2 gap=0
[2013-07-04 17:21:27.948] [TIME] SAT solving=881ms
[2013-07-04 17:21:27.948] [TIME] total=1573ms
