[2013-07-04 17:55:29.827] [INFO] Running in directory /tmp/hellmann/current_run
[2013-07-04 17:55:29.827] [INFO] Reading settings from /tmp/hellmann/current_run/config.json
[2013-07-04 17:55:29.827] [INFO] Reading input file ./0090/random_in_square_0090_0949_074.json ...
[2013-07-04 17:55:29.888] [TIME] generating segments=55ms
[2013-07-04 17:55:29.888] points=90 segments=4005 convex hull=14
[2013-07-04 17:55:29.888] [INFO] shortest input segment: 0:(893,-425)->(874,-415) (len^2=461)
[2013-07-04 17:55:29.900] [INFO] shortest non-crossing segment: 2:(-80,916)->(-45,919) (len^2=1234)
[2013-07-04 17:55:29.900] separators=19
[2013-07-04 17:55:29.903] [TIME] intersection graph=14ms
[2013-07-04 17:55:29.903] [INFO] shortest triangulation segment: 1:(-529,-769)->(-519,-740) (len^2=941)
[2013-07-04 17:55:29.903] [INFO] shortest convex hull segment: 19:(-876,401)->(-855,490) (len^2=8362)
[2013-07-04 17:55:29.903] [STATS] it=0	lb=1	ub=2
[2013-07-04 17:55:29.903] [TIME] controller initialization=75ms
IBM ILOG License Manager: "university-braunschweig" is accessing CPLEX 12 with option(s): "e m b q use=10 MaintenanceEnd=20110128 ".
[2013-07-04 17:55:29.929] [TIME] iteration 1=25ms
[2013-07-04 17:55:29.930] [INFO] shortest constrained triangulation segment: 2:(-80,916)->(-45,919) (len^2=1234)
[2013-07-04 17:55:29.930] [STATS] it=1	lb=2	ub=2
[2013-07-04 17:55:29.930] iterations=1 gap=0
[2013-07-04 17:55:29.930] [TIME] SAT solving=25ms
[2013-07-04 17:55:29.930] [TIME] total=102ms
