[2013-07-04 17:52:04.730] [INFO] Running in directory /tmp/hellmann/current_run
[2013-07-04 17:52:04.730] [INFO] Reading settings from /tmp/hellmann/current_run/config.json
[2013-07-04 17:52:04.730] [INFO] Reading input file ./0090/random_in_square_0090_0949_047.json ...
[2013-07-04 17:52:04.801] [TIME] generating segments=54ms
[2013-07-04 17:52:04.801] points=90 segments=4005 convex hull=12
[2013-07-04 17:52:04.801] [INFO] shortest input segment: 0:(-45,121)->(-36,121) (len^2=81)
[2013-07-04 17:52:04.827] [INFO] shortest non-crossing segment: 5:(756,-113)->(726,-88) (len^2=1525)
[2013-07-04 17:52:04.827] separators=126
[2013-07-04 17:52:04.917] [TIME] intersection graph=115ms
[2013-07-04 17:52:04.917] [INFO] shortest triangulation segment: 0:(-45,121)->(-36,121) (len^2=81)
[2013-07-04 17:52:04.917] [INFO] shortest convex hull segment: 10:(186,942)->(131,946) (len^2=3041)
[2013-07-04 17:52:04.917] [STATS] it=0	lb=0	ub=5
[2013-07-04 17:52:04.917] [TIME] controller initialization=186ms
IBM ILOG License Manager: "university-braunschweig" is accessing CPLEX 12 with option(s): "e m b q use=10 MaintenanceEnd=20110128 ".
[2013-07-04 17:52:05.002] [TIME] iteration 1=85ms
[2013-07-04 17:52:05.003] [INFO] shortest constrained triangulation segment: 5:(756,-113)->(726,-88) (len^2=1525)
[2013-07-04 17:52:05.003] [STATS] it=1	lb=5	ub=5
[2013-07-04 17:52:05.003] iterations=1 gap=0
[2013-07-04 17:52:05.003] [TIME] SAT solving=85ms
[2013-07-04 17:52:05.003] [TIME] total=272ms
