[2013-07-04 18:20:10.791] [INFO] Running in directory /tmp/hellmann/current_run
[2013-07-04 18:20:10.791] [INFO] Reading settings from /tmp/hellmann/current_run/config.json
[2013-07-04 18:20:10.792] [INFO] Reading input file ./0090/random_in_square_0090_0949_097.json ...
[2013-07-04 18:20:10.847] [TIME] generating segments=54ms
[2013-07-04 18:20:10.848] points=90 segments=4005 convex hull=13
[2013-07-04 18:20:10.848] [INFO] shortest input segment: 0:(438,272)->(423,275) (len^2=234)
[2013-07-04 18:20:10.856] [INFO] shortest non-crossing segment: 1:(922,-215)->(921,-199) (len^2=257)
[2013-07-04 18:20:10.856] separators=20
[2013-07-04 18:20:10.859] [TIME] intersection graph=11ms
[2013-07-04 18:20:10.860] [INFO] shortest triangulation segment: 0:(438,272)->(423,275) (len^2=234)
[2013-07-04 18:20:10.860] [INFO] shortest convex hull segment: 15:(-682,863)->(-658,904) (len^2=2257)
[2013-07-04 18:20:10.860] [STATS] it=0	lb=0	ub=1
[2013-07-04 18:20:10.860] [TIME] controller initialization=68ms
IBM ILOG License Manager: "university-braunschweig" is accessing CPLEX 12 with option(s): "e m b q use=10 MaintenanceEnd=20110128 ".
[2013-07-04 18:20:10.889] [TIME] iteration 1=29ms
[2013-07-04 18:20:10.890] [INFO] shortest constrained triangulation segment: 1:(922,-215)->(921,-199) (len^2=257)
[2013-07-04 18:20:10.890] [STATS] it=1	lb=1	ub=1
[2013-07-04 18:20:10.890] iterations=1 gap=0
[2013-07-04 18:20:10.890] [TIME] SAT solving=29ms
[2013-07-04 18:20:10.890] [TIME] total=98ms
