[2013-07-04 17:21:32.582] [INFO] Running in directory /tmp/hellmann/current_run
[2013-07-04 17:21:32.582] [INFO] Reading settings from /tmp/hellmann/current_run/config.json
[2013-07-04 17:21:32.583] [INFO] Reading input file ./0090/random_in_square_0090_0949_016.json ...
[2013-07-04 17:21:32.638] [TIME] generating segments=54ms
[2013-07-04 17:21:32.638] points=90 segments=4005 convex hull=11
[2013-07-04 17:21:32.638] [INFO] shortest input segment: 0:(-341,-427)->(-322,-427) (len^2=361)
[2013-07-04 17:21:32.672] [INFO] shortest non-crossing segment: 7:(-784,726)->(-819,760) (len^2=2381)
[2013-07-04 17:21:32.672] separators=144
[2013-07-04 17:21:32.804] [TIME] intersection graph=165ms
[2013-07-04 17:21:32.805] [INFO] shortest triangulation segment: 0:(-341,-427)->(-322,-427) (len^2=361)
[2013-07-04 17:21:32.805] [INFO] shortest convex hull segment: 35:(777,854)->(672,888) (len^2=12181)
[2013-07-04 17:21:32.805] [STATS] it=0	lb=0	ub=7
[2013-07-04 17:21:32.805] [TIME] controller initialization=221ms
IBM ILOG License Manager: "university-braunschweig" is accessing CPLEX 12 with option(s): "e m b q use=10 MaintenanceEnd=20110128 ".
[2013-07-04 17:21:32.940] [TIME] iteration 1=135ms
[2013-07-04 17:21:32.941] [STATS] it=1	lb=4	ub=7
[2013-07-04 17:21:33.072] [TIME] iteration 2=131ms
[2013-07-04 17:21:33.072] [STATS] it=2	lb=6	ub=7
[2013-07-04 17:21:33.204] [TIME] iteration 3=131ms
[2013-07-04 17:21:33.205] [INFO] shortest constrained triangulation segment: 7:(-784,726)->(-819,760) (len^2=2381)
[2013-07-04 17:21:33.205] [STATS] it=3	lb=7	ub=7
[2013-07-04 17:21:33.205] iterations=3 gap=0
[2013-07-04 17:21:33.205] [TIME] SAT solving=397ms
[2013-07-04 17:21:33.205] [TIME] total=622ms
