[2013-07-04 17:52:06.885] [INFO] Running in directory /tmp/hellmann/current_run
[2013-07-04 17:52:06.885] [INFO] Reading settings from /tmp/hellmann/current_run/config.json
[2013-07-04 17:52:06.885] [INFO] Reading input file ./0090/random_in_square_0090_0949_056.json ...
[2013-07-04 17:52:06.941] [TIME] generating segments=54ms
[2013-07-04 17:52:06.941] points=90 segments=4005 convex hull=13
[2013-07-04 17:52:06.941] [INFO] shortest input segment: 0:(-622,429)->(-616,444) (len^2=261)
[2013-07-04 17:52:06.953] [INFO] shortest non-crossing segment: 2:(-921,-355)->(-921,-323) (len^2=1024)
[2013-07-04 17:52:06.953] separators=26
[2013-07-04 17:52:06.958] [TIME] intersection graph=16ms
[2013-07-04 17:52:06.958] [INFO] shortest triangulation segment: 0:(-622,429)->(-616,444) (len^2=261)
[2013-07-04 17:52:06.958] [INFO] shortest convex hull segment: 47:(-921,-355)->(-925,-232) (len^2=15145)
[2013-07-04 17:52:06.958] [STATS] it=0	lb=0	ub=2
[2013-07-04 17:52:06.958] [TIME] controller initialization=73ms
IBM ILOG License Manager: "university-braunschweig" is accessing CPLEX 12 with option(s): "e m b q use=10 MaintenanceEnd=20110128 ".
[2013-07-04 17:52:06.985] [TIME] iteration 1=26ms
[2013-07-04 17:52:06.985] [INFO] shortest constrained triangulation segment: 2:(-921,-355)->(-921,-323) (len^2=1024)
[2013-07-04 17:52:06.985] [STATS] it=1	lb=2	ub=2
[2013-07-04 17:52:06.985] iterations=1 gap=0
[2013-07-04 17:52:06.985] [TIME] SAT solving=26ms
[2013-07-04 17:52:06.985] [TIME] total=100ms
