[2013-07-04 18:20:04.033] [INFO] Running in directory /tmp/hellmann/current_run
[2013-07-04 18:20:04.033] [INFO] Reading settings from /tmp/hellmann/current_run/config.json
[2013-07-04 18:20:04.034] [INFO] Reading input file ./0090/random_in_square_0090_0949_093.json ...
[2013-07-04 18:20:04.098] [TIME] generating segments=62ms
[2013-07-04 18:20:04.098] points=90 segments=4005 convex hull=11
[2013-07-04 18:20:04.098] [INFO] shortest input segment: 0:(-551,-426)->(-565,-422) (len^2=212)
[2013-07-04 18:20:04.146] [INFO] shortest non-crossing segment: 10:(793,893)->(851,899) (len^2=3400)
[2013-07-04 18:20:04.146] separators=275
[2013-07-04 18:20:04.513] [TIME] intersection graph=415ms
[2013-07-04 18:20:04.513] [INFO] shortest triangulation segment: 0:(-551,-426)->(-565,-422) (len^2=212)
[2013-07-04 18:20:04.513] [INFO] shortest convex hull segment: 81:(862,739)->(851,899) (len^2=25721)
[2013-07-04 18:20:04.513] [STATS] it=0	lb=0	ub=10
[2013-07-04 18:20:04.513] [TIME] controller initialization=480ms
IBM ILOG License Manager: "university-braunschweig" is accessing CPLEX 12 with option(s): "e m b q use=10 MaintenanceEnd=20110128 ".
[2013-07-04 18:20:04.849] [TIME] iteration 1=335ms
[2013-07-04 18:20:04.849] [STATS] it=1	lb=5	ub=10
[2013-07-04 18:20:05.196] [TIME] iteration 2=346ms
[2013-07-04 18:20:05.197] [INFO] shortest constrained triangulation segment: 10:(793,893)->(851,899) (len^2=3400)
[2013-07-04 18:20:05.197] [STATS] it=2	lb=10	ub=10
[2013-07-04 18:20:05.197] iterations=2 gap=0
[2013-07-04 18:20:05.197] [TIME] SAT solving=681ms
[2013-07-04 18:20:05.197] [TIME] total=1163ms
