[2013-07-04 17:21:04.685] [INFO] Running in directory /tmp/hellmann/current_run
[2013-07-04 17:21:04.685] [INFO] Reading settings from /tmp/hellmann/current_run/config.json
[2013-07-04 17:21:04.685] [INFO] Reading input file ./0090/random_in_square_0090_0949_002.json ...
[2013-07-04 17:21:04.740] [TIME] generating segments=53ms
[2013-07-04 17:21:04.740] points=90 segments=4005 convex hull=12
[2013-07-04 17:21:04.740] [INFO] shortest input segment: 0:(161,-834)->(164,-831) (len^2=18)
[2013-07-04 17:21:04.834] [INFO] shortest non-crossing segment: 20:(768,698)->(840,736) (len^2=6628)
[2013-07-04 17:21:04.834] separators=574
[2013-07-04 17:21:06.277] [TIME] intersection graph=1536ms
[2013-07-04 17:21:06.278] [INFO] shortest triangulation segment: 0:(161,-834)->(164,-831) (len^2=18)
[2013-07-04 17:21:06.278] [INFO] shortest convex hull segment: 34:(-732,605)->(-780,689) (len^2=9360)
[2013-07-04 17:21:06.278] [STATS] it=0	lb=0	ub=20
[2013-07-04 17:21:06.278] [TIME] controller initialization=1592ms
IBM ILOG License Manager: "university-braunschweig" is accessing CPLEX 12 with option(s): "e m b q use=10 MaintenanceEnd=20110128 ".
[2013-07-04 17:21:08.228] [TIME] iteration 1=1951ms
[2013-07-04 17:21:08.228] [STATS] it=1	lb=12	ub=20
[2013-07-04 17:21:10.141] [TIME] iteration 2=1914ms
[2013-07-04 17:21:10.141] [STATS] it=2	lb=16	ub=20
[2013-07-04 17:21:12.736] [TIME] iteration 3=2596ms
[2013-07-04 17:21:12.737] [INFO] shortest constrained triangulation segment: 20:(768,698)->(840,736) (len^2=6628)
[2013-07-04 17:21:12.737] [STATS] it=3	lb=20	ub=20
[2013-07-04 17:21:12.737] iterations=3 gap=0
[2013-07-04 17:21:12.737] [TIME] SAT solving=6460ms
[2013-07-04 17:21:12.737] [TIME] total=8052ms
