[2013-07-04 17:21:14.517] [INFO] Running in directory /tmp/hellmann/current_run
[2013-07-04 17:21:14.517] [INFO] Reading settings from /tmp/hellmann/current_run/config.json
[2013-07-04 17:21:14.517] [INFO] Reading input file ./0090/random_in_square_0090_0949_009.json ...
[2013-07-04 17:21:14.573] [TIME] generating segments=54ms
[2013-07-04 17:21:14.573] points=90 segments=4005 convex hull=13
[2013-07-04 17:21:14.573] [INFO] shortest input segment: 0:(-514,-348)->(-516,-346) (len^2=8)
[2013-07-04 17:21:14.589] [INFO] shortest non-crossing segment: 3:(928,509)->(939,553) (len^2=2057)
[2013-07-04 17:21:14.589] separators=27
[2013-07-04 17:21:14.594] [TIME] intersection graph=21ms
[2013-07-04 17:21:14.595] [INFO] shortest triangulation segment: 0:(-514,-348)->(-516,-346) (len^2=8)
[2013-07-04 17:21:14.595] [INFO] shortest convex hull segment: 35:(939,553)->(899,652) (len^2=11401)
[2013-07-04 17:21:14.595] [STATS] it=0	lb=0	ub=3
[2013-07-04 17:21:14.595] [TIME] controller initialization=77ms
IBM ILOG License Manager: "university-braunschweig" is accessing CPLEX 12 with option(s): "e m b q use=10 MaintenanceEnd=20110128 ".
[2013-07-04 17:21:14.623] [TIME] iteration 1=28ms
[2013-07-04 17:21:14.624] [INFO] shortest constrained triangulation segment: 3:(928,509)->(939,553) (len^2=2057)
[2013-07-04 17:21:14.624] [STATS] it=1	lb=3	ub=3
[2013-07-04 17:21:14.624] iterations=1 gap=0
[2013-07-04 17:21:14.624] [TIME] SAT solving=28ms
[2013-07-04 17:21:14.624] [TIME] total=106ms
