[2013-07-04 17:55:21.102] [INFO] Running in directory /tmp/hellmann/current_run
[2013-07-04 17:55:21.102] [INFO] Reading settings from /tmp/hellmann/current_run/config.json
[2013-07-04 17:55:21.103] [INFO] Reading input file ./0090/random_in_square_0090_0949_067.json ...
[2013-07-04 17:55:21.187] [TIME] generating segments=54ms
[2013-07-04 17:55:21.187] points=90 segments=4005 convex hull=15
[2013-07-04 17:55:21.187] [INFO] shortest input segment: 0:(-903,-514)->(-900,-495) (len^2=370)
[2013-07-04 17:55:21.199] [INFO] shortest non-crossing segment: 2:(-903,-514)->(-925,-513) (len^2=485)
[2013-07-04 17:55:21.199] separators=50
[2013-07-04 17:55:21.217] [TIME] intersection graph=30ms
[2013-07-04 17:55:21.218] [INFO] shortest triangulation segment: 0:(-903,-514)->(-900,-495) (len^2=370)
[2013-07-04 17:55:21.218] [INFO] shortest convex hull segment: 24:(775,926)->(691,928) (len^2=7060)
[2013-07-04 17:55:21.218] [STATS] it=0	lb=0	ub=2
[2013-07-04 17:55:21.218] [TIME] controller initialization=114ms
IBM ILOG License Manager: "university-braunschweig" is accessing CPLEX 12 with option(s): "e m b q use=10 MaintenanceEnd=20110128 ".
[2013-07-04 17:55:21.248] [TIME] iteration 1=29ms
[2013-07-04 17:55:21.248] [INFO] shortest constrained triangulation segment: 2:(-903,-514)->(-925,-513) (len^2=485)
[2013-07-04 17:55:21.248] [STATS] it=1	lb=2	ub=2
[2013-07-04 17:55:21.248] iterations=1 gap=0
[2013-07-04 17:55:21.248] [TIME] SAT solving=29ms
[2013-07-04 17:55:21.248] [TIME] total=145ms
