[2013-07-04 17:00:15.713] [INFO] Running in directory /tmp/hellmann/current_run
[2013-07-04 17:00:15.713] [INFO] Reading settings from /tmp/hellmann/current_run/config.json
[2013-07-04 17:00:15.713] [INFO] Reading input file ./0060/random_in_square_0060_0775_022.json ...
[2013-07-04 17:00:15.733] [TIME] generating segments=18ms
[2013-07-04 17:00:15.733] points=60 segments=1770 convex hull=11
[2013-07-04 17:00:15.733] [INFO] shortest input segment: 0:(260,-541)->(262,-533) (len^2=68)
[2013-07-04 17:00:15.743] [INFO] shortest non-crossing segment: 3:(-545,-624)->(-518,-583) (len^2=2410)
[2013-07-04 17:00:15.743] separators=15
[2013-07-04 17:00:15.744] [TIME] intersection graph=10ms
[2013-07-04 17:00:15.745] [INFO] shortest triangulation segment: 0:(260,-541)->(262,-533) (len^2=68)
[2013-07-04 17:00:15.745] [INFO] shortest convex hull segment: 13:(117,724)->(23,732) (len^2=8900)
[2013-07-04 17:00:15.745] [STATS] it=0	lb=0	ub=3
[2013-07-04 17:00:15.745] [TIME] controller initialization=31ms
IBM ILOG License Manager: "university-braunschweig" is accessing CPLEX 12 with option(s): "e m b q use=10 MaintenanceEnd=20110128 ".
[2013-07-04 17:00:15.755] [TIME] iteration 1=10ms
[2013-07-04 17:00:15.756] [INFO] shortest constrained triangulation segment: 3:(-545,-624)->(-518,-583) (len^2=2410)
[2013-07-04 17:00:15.756] [STATS] it=1	lb=3	ub=3
[2013-07-04 17:00:15.756] iterations=1 gap=0
[2013-07-04 17:00:15.756] [TIME] SAT solving=10ms
[2013-07-04 17:00:15.756] [TIME] total=42ms
