[2013-07-04 17:00:34.475] [INFO] Running in directory /tmp/hellmann/current_run
[2013-07-04 17:00:34.476] [INFO] Reading settings from /tmp/hellmann/current_run/config.json
[2013-07-04 17:00:34.476] [INFO] Reading input file ./0060/random_in_square_0060_0775_051.json ...
[2013-07-04 17:00:34.496] [TIME] generating segments=19ms
[2013-07-04 17:00:34.496] points=60 segments=1770 convex hull=9
[2013-07-04 17:00:34.496] [INFO] shortest input segment: 0:(615,-438)->(599,-422) (len^2=512)
[2013-07-04 17:00:34.560] [INFO] shortest non-crossing segment: 21:(-117,750)->(-223,759) (len^2=11317)
[2013-07-04 17:00:34.561] separators=418
[2013-07-04 17:00:35.367] [TIME] intersection graph=870ms
[2013-07-04 17:00:35.367] [INFO] shortest triangulation segment: 0:(615,-438)->(599,-422) (len^2=512)
[2013-07-04 17:00:35.367] [INFO] shortest convex hull segment: 21:(-117,750)->(-223,759) (len^2=11317)
[2013-07-04 17:00:35.367] [STATS] it=0	lb=0	ub=21
[2013-07-04 17:00:35.367] [TIME] controller initialization=891ms
IBM ILOG License Manager: "university-braunschweig" is accessing CPLEX 12 with option(s): "e m b q use=10 MaintenanceEnd=20110128 ".
[2013-07-04 17:00:36.342] [TIME] iteration 1=975ms
[2013-07-04 17:00:36.342] [STATS] it=1	lb=11	ub=21
[2013-07-04 17:00:37.549] [TIME] iteration 2=1208ms
[2013-07-04 17:00:37.549] [STATS] it=2	lb=16	ub=21
[2013-07-04 17:00:39.618] [TIME] iteration 3=2069ms
[2013-07-04 17:00:39.618] [STATS] it=3	lb=19	ub=21
[2013-07-04 17:00:40.688] [TIME] iteration 4=1069ms
[2013-07-04 17:00:40.688] [STATS] it=4	lb=20	ub=21
[2013-07-04 17:00:41.655] [TIME] iteration 5=968ms
[2013-07-04 17:00:41.656] [INFO] shortest constrained triangulation segment: 21:(-117,750)->(-223,759) (len^2=11317)
[2013-07-04 17:00:41.656] [STATS] it=5	lb=21	ub=21
[2013-07-04 17:00:41.656] iterations=5 gap=0
[2013-07-04 17:00:41.656] [TIME] SAT solving=6289ms
[2013-07-04 17:00:41.656] [TIME] total=7180ms
