[2013-07-04 17:00:42.066] [INFO] Running in directory /tmp/hellmann/current_run
[2013-07-04 17:00:42.066] [INFO] Reading settings from /tmp/hellmann/current_run/config.json
[2013-07-04 17:00:42.066] [INFO] Reading input file ./0060/random_in_square_0060_0775_058.json ...
[2013-07-04 17:00:42.086] [TIME] generating segments=18ms
[2013-07-04 17:00:42.086] points=60 segments=1770 convex hull=8
[2013-07-04 17:00:42.086] [INFO] shortest input segment: 0:(-644,523)->(-624,530) (len^2=449)
[2013-07-04 17:00:42.099] [INFO] shortest non-crossing segment: 4:(-671,-716)->(-630,-692) (len^2=2257)
[2013-07-04 17:00:42.099] separators=30
[2013-07-04 17:00:42.103] [TIME] intersection graph=16ms
[2013-07-04 17:00:42.104] [INFO] shortest triangulation segment: 0:(-644,523)->(-624,530) (len^2=449)
[2013-07-04 17:00:42.104] [INFO] shortest convex hull segment: 31:(736,-670)->(768,-552) (len^2=14948)
[2013-07-04 17:00:42.104] [STATS] it=0	lb=0	ub=4
[2013-07-04 17:00:42.104] [TIME] controller initialization=37ms
IBM ILOG License Manager: "university-braunschweig" is accessing CPLEX 12 with option(s): "e m b q use=10 MaintenanceEnd=20110128 ".
[2013-07-04 17:00:42.116] [TIME] iteration 1=11ms
[2013-07-04 17:00:42.116] [STATS] it=1	lb=2	ub=4
[2013-07-04 17:00:42.122] [ERROR] Solution is infeasible
[2013-07-04 17:00:42.123] [TIME] iteration 2=6ms
[2013-07-04 17:00:42.123] [INFO] shortest constrained triangulation segment: 2:(748,288)->(738,326) (len^2=1544)
[2013-07-04 17:00:42.123] [STATS] it=2	lb=2	ub=2
[2013-07-04 17:00:42.123] iterations=2 gap=0
[2013-07-04 17:00:42.123] [TIME] SAT solving=17ms
[2013-07-04 17:00:42.123] [TIME] total=56ms
