[2013-07-04 17:00:43.336] [INFO] Running in directory /tmp/hellmann/current_run
[2013-07-04 17:00:43.337] [INFO] Reading settings from /tmp/hellmann/current_run/config.json
[2013-07-04 17:00:43.337] [INFO] Reading input file ./0060/random_in_square_0060_0775_065.json ...
[2013-07-04 17:00:43.357] [TIME] generating segments=19ms
[2013-07-04 17:00:43.357] points=60 segments=1770 convex hull=12
[2013-07-04 17:00:43.357] [INFO] shortest input segment: 0:(-170,-514)->(-187,-488) (len^2=965)
[2013-07-04 17:00:43.409] [INFO] shortest non-crossing segment: 17:(674,171)->(612,254) (len^2=10733)
[2013-07-04 17:00:43.409] separators=351
[2013-07-04 17:00:43.962] [TIME] intersection graph=606ms
[2013-07-04 17:00:43.963] [INFO] shortest triangulation segment: 2:(-317,-301)->(-330,-260) (len^2=1850)
[2013-07-04 17:00:43.963] [INFO] shortest convex hull segment: 32:(-586,-700)->(-703,-630) (len^2=18589)
[2013-07-04 17:00:43.963] [STATS] it=0	lb=2	ub=17
[2013-07-04 17:00:43.963] [TIME] controller initialization=626ms
IBM ILOG License Manager: "university-braunschweig" is accessing CPLEX 12 with option(s): "e m b q use=10 MaintenanceEnd=20110128 ".
[2013-07-04 17:00:44.444] [TIME] iteration 1=482ms
[2013-07-04 17:00:44.444] [STATS] it=1	lb=14	ub=17
[2013-07-04 17:00:44.992] [TIME] iteration 2=548ms
[2013-07-04 17:00:44.993] [INFO] shortest constrained triangulation segment: 17:(674,171)->(612,254) (len^2=10733)
[2013-07-04 17:00:44.994] [STATS] it=2	lb=17	ub=17
[2013-07-04 17:00:44.994] iterations=2 gap=0
[2013-07-04 17:00:44.994] [TIME] SAT solving=1030ms
[2013-07-04 17:00:44.994] [TIME] total=1658ms
