[2013-07-04 17:00:29.247] [INFO] Running in directory /tmp/hellmann/current_run
[2013-07-04 17:00:29.247] [INFO] Reading settings from /tmp/hellmann/current_run/config.json
[2013-07-04 17:00:29.247] [INFO] Reading input file ./0060/random_in_square_0060_0775_031.json ...
[2013-07-04 17:00:29.267] [TIME] generating segments=19ms
[2013-07-04 17:00:29.268] points=60 segments=1770 convex hull=7
[2013-07-04 17:00:29.268] [INFO] shortest input segment: 0:(153,-699)->(156,-684) (len^2=234)
[2013-07-04 17:00:29.298] [INFO] shortest non-crossing segment: 10:(-759,-731)->(-707,-693) (len^2=4148)
[2013-07-04 17:00:29.298] separators=188
[2013-07-04 17:00:29.517] [TIME] intersection graph=250ms
[2013-07-04 17:00:29.517] [INFO] shortest triangulation segment: 0:(153,-699)->(156,-684) (len^2=234)
[2013-07-04 17:00:29.517] [INFO] shortest convex hull segment: 93:(-615,713)->(-406,756) (len^2=45530)
[2013-07-04 17:00:29.517] [STATS] it=0	lb=0	ub=10
[2013-07-04 17:00:29.517] [TIME] controller initialization=271ms
IBM ILOG License Manager: "university-braunschweig" is accessing CPLEX 12 with option(s): "e m b q use=10 MaintenanceEnd=20110128 ".
[2013-07-04 17:00:29.723] [TIME] iteration 1=205ms
[2013-07-04 17:00:29.723] [STATS] it=1	lb=5	ub=10
[2013-07-04 17:00:29.887] [TIME] iteration 2=163ms
[2013-07-04 17:00:29.887] [STATS] it=2	lb=9	ub=10
[2013-07-04 17:00:30.052] [ERROR] Solution is infeasible
[2013-07-04 17:00:30.052] [TIME] iteration 3=164ms
[2013-07-04 17:00:30.052] [INFO] shortest constrained triangulation segment: 9:(-583,-228)->(-558,-172) (len^2=3761)
[2013-07-04 17:00:30.052] [STATS] it=3	lb=9	ub=9
[2013-07-04 17:00:30.052] iterations=3 gap=0
[2013-07-04 17:00:30.052] [TIME] SAT solving=532ms
[2013-07-04 17:00:30.052] [TIME] total=806ms
