[2013-07-04 17:00:46.396] [INFO] Running in directory /tmp/hellmann/current_run
[2013-07-04 17:00:46.397] [INFO] Reading settings from /tmp/hellmann/current_run/config.json
[2013-07-04 17:00:46.397] [INFO] Reading input file ./0060/random_in_square_0060_0775_074.json ...
[2013-07-04 17:00:46.417] [TIME] generating segments=19ms
[2013-07-04 17:00:46.417] points=60 segments=1770 convex hull=11
[2013-07-04 17:00:46.417] [INFO] shortest input segment: 0:(282,-266)->(297,-248) (len^2=549)
[2013-07-04 17:00:46.475] [INFO] shortest non-crossing segment: 20:(443,-760)->(443,-664) (len^2=9216)
[2013-07-04 17:00:46.475] separators=355
[2013-07-04 17:00:47.066] [TIME] intersection graph=650ms
[2013-07-04 17:00:47.067] [INFO] shortest triangulation segment: 0:(282,-266)->(297,-248) (len^2=549)
[2013-07-04 17:00:47.067] [INFO] shortest convex hull segment: 22:(-569,-746)->(-656,-697) (len^2=9970)
[2013-07-04 17:00:47.067] [STATS] it=0	lb=0	ub=20
[2013-07-04 17:00:47.067] [TIME] controller initialization=671ms
IBM ILOG License Manager: "university-braunschweig" is accessing CPLEX 12 with option(s): "e m b q use=10 MaintenanceEnd=20110128 ".
[2013-07-04 17:00:47.650] [TIME] iteration 1=583ms
[2013-07-04 17:00:47.650] [STATS] it=1	lb=11	ub=20
[2013-07-04 17:00:48.345] [TIME] iteration 2=694ms
[2013-07-04 17:00:48.345] [STATS] it=2	lb=16	ub=20
[2013-07-04 17:00:49.157] [ERROR] Solution is infeasible
[2013-07-04 17:00:49.157] [TIME] iteration 3=813ms
[2013-07-04 17:00:49.157] [STATS] it=3	lb=16	ub=17
[2013-07-04 17:00:49.979] [TIME] iteration 4=822ms
[2013-07-04 17:00:49.979] [INFO] shortest constrained triangulation segment: 17:(676,-282)->(607,-224) (len^2=8125)
[2013-07-04 17:00:49.979] [STATS] it=4	lb=17	ub=17
[2013-07-04 17:00:49.979] iterations=4 gap=0
[2013-07-04 17:00:49.979] [TIME] SAT solving=2912ms
[2013-07-04 17:00:49.980] [TIME] total=3583ms
