[2013-07-04 17:00:30.805] [INFO] Running in directory /tmp/hellmann/current_run
[2013-07-04 17:00:30.805] [INFO] Reading settings from /tmp/hellmann/current_run/config.json
[2013-07-04 17:00:30.805] [INFO] Reading input file ./0060/random_in_square_0060_0775_035.json ...
[2013-07-04 17:00:30.825] [TIME] generating segments=19ms
[2013-07-04 17:00:30.825] points=60 segments=1770 convex hull=11
[2013-07-04 17:00:30.825] [INFO] shortest input segment: 0:(-253,275)->(-260,287) (len^2=193)
[2013-07-04 17:00:30.830] [INFO] shortest non-crossing segment: 1:(524,728)->(512,739) (len^2=265)
[2013-07-04 17:00:30.830] separators=5
[2013-07-04 17:00:30.830] [TIME] intersection graph=5ms
[2013-07-04 17:00:30.831] [INFO] shortest triangulation segment: 0:(-253,275)->(-260,287) (len^2=193)
[2013-07-04 17:00:30.831] [INFO] shortest convex hull segment: 9:(-728,-767)->(-753,-703) (len^2=4721)
[2013-07-04 17:00:30.831] [STATS] it=0	lb=0	ub=1
[2013-07-04 17:00:30.831] [TIME] controller initialization=25ms
IBM ILOG License Manager: "university-braunschweig" is accessing CPLEX 12 with option(s): "e m b q use=10 MaintenanceEnd=20110128 ".
[2013-07-04 17:00:30.841] [TIME] iteration 1=10ms
[2013-07-04 17:00:30.842] [INFO] shortest constrained triangulation segment: 1:(524,728)->(512,739) (len^2=265)
[2013-07-04 17:00:30.842] [STATS] it=1	lb=1	ub=1
[2013-07-04 17:00:30.842] iterations=1 gap=0
[2013-07-04 17:00:30.842] [TIME] SAT solving=10ms
[2013-07-04 17:00:30.842] [TIME] total=36ms
