[2013-07-04 17:01:00.623] [INFO] Running in directory /tmp/hellmann/current_run
[2013-07-04 17:01:00.623] [INFO] Reading settings from /tmp/hellmann/current_run/config.json
[2013-07-04 17:01:00.624] [INFO] Reading input file ./0060/random_in_square_0060_0775_085.json ...
[2013-07-04 17:01:00.644] [TIME] generating segments=19ms
[2013-07-04 17:01:00.644] points=60 segments=1770 convex hull=11
[2013-07-04 17:01:00.644] [INFO] shortest input segment: 0:(-32,57)->(-33,62) (len^2=26)
[2013-07-04 17:01:00.662] [INFO] shortest non-crossing segment: 6:(-751,535)->(-705,555) (len^2=2516)
[2013-07-04 17:01:00.662] separators=56
[2013-07-04 17:01:00.681] [TIME] intersection graph=36ms
[2013-07-04 17:01:00.681] [INFO] shortest triangulation segment: 0:(-32,57)->(-33,62) (len^2=26)
[2013-07-04 17:01:00.681] [INFO] shortest convex hull segment: 49:(-684,-763)->(-770,-647) (len^2=20852)
[2013-07-04 17:01:00.681] [STATS] it=0	lb=0	ub=6
[2013-07-04 17:01:00.681] [TIME] controller initialization=57ms
IBM ILOG License Manager: "university-braunschweig" is accessing CPLEX 12 with option(s): "e m b q use=10 MaintenanceEnd=20110128 ".
[2013-07-04 17:01:00.701] [TIME] iteration 1=19ms
[2013-07-04 17:01:00.701] [STATS] it=1	lb=3	ub=6
[2013-07-04 17:01:00.717] [TIME] iteration 2=15ms
[2013-07-04 17:01:00.717] [INFO] shortest constrained triangulation segment: 6:(-751,535)->(-705,555) (len^2=2516)
[2013-07-04 17:01:00.717] [STATS] it=2	lb=6	ub=6
[2013-07-04 17:01:00.717] iterations=2 gap=0
[2013-07-04 17:01:00.717] [TIME] SAT solving=34ms
[2013-07-04 17:01:00.717] [TIME] total=93ms
