[2013-07-04 17:00:06.666] [INFO] Running in directory /tmp/hellmann/current_run
[2013-07-04 17:00:06.666] [INFO] Reading settings from /tmp/hellmann/current_run/config.json
[2013-07-04 17:00:06.666] [INFO] Reading input file ./0060/random_in_square_0060_0775_009.json ...
[2013-07-04 17:00:06.689] [TIME] generating segments=21ms
[2013-07-04 17:00:06.689] points=60 segments=1770 convex hull=9
[2013-07-04 17:00:06.689] [INFO] shortest input segment: 0:(-201,193)->(-213,209) (len^2=400)
[2013-07-04 17:00:06.713] [INFO] shortest non-crossing segment: 8:(-729,-392)->(-764,-340) (len^2=3929)
[2013-07-04 17:00:06.713] separators=116
[2013-07-04 17:00:06.779] [TIME] intersection graph=89ms
[2013-07-04 17:00:06.779] [INFO] shortest triangulation segment: 0:(-201,193)->(-213,209) (len^2=400)
[2013-07-04 17:00:06.779] [INFO] shortest convex hull segment: 78:(-422,-754)->(-623,-704) (len^2=42901)
[2013-07-04 17:00:06.779] [STATS] it=0	lb=0	ub=8
[2013-07-04 17:00:06.779] [TIME] controller initialization=113ms
IBM ILOG License Manager: "university-braunschweig" is accessing CPLEX 12 with option(s): "e m b q use=10 MaintenanceEnd=20110128 ".
[2013-07-04 17:00:06.860] [TIME] iteration 1=80ms
[2013-07-04 17:00:06.860] [STATS] it=1	lb=4	ub=8
[2013-07-04 17:00:06.932] [TIME] iteration 2=71ms
[2013-07-04 17:00:06.932] [STATS] it=2	lb=6	ub=8
[2013-07-04 17:00:07.005] [TIME] iteration 3=72ms
[2013-07-04 17:00:07.005] [STATS] it=3	lb=7	ub=8
[2013-07-04 17:00:07.078] [TIME] iteration 4=72ms
[2013-07-04 17:00:07.078] [INFO] shortest constrained triangulation segment: 8:(-729,-392)->(-764,-340) (len^2=3929)
[2013-07-04 17:00:07.078] [STATS] it=4	lb=8	ub=8
[2013-07-04 17:00:07.078] iterations=4 gap=0
[2013-07-04 17:00:07.078] [TIME] SAT solving=295ms
[2013-07-04 17:00:07.078] [TIME] total=412ms
