[2013-07-04 17:00:06.218] [INFO] Running in directory /tmp/hellmann/current_run
[2013-07-04 17:00:06.219] [INFO] Reading settings from /tmp/hellmann/current_run/config.json
[2013-07-04 17:00:06.219] [INFO] Reading input file ./0060/random_in_square_0060_0775_001.json ...
[2013-07-04 17:00:06.239] [TIME] generating segments=19ms
[2013-07-04 17:00:06.239] points=60 segments=1770 convex hull=10
[2013-07-04 17:00:06.239] [INFO] shortest input segment: 0:(101,611)->(115,629) (len^2=520)
[2013-07-04 17:00:06.247] [INFO] shortest non-crossing segment: 2:(-662,-763)->(-698,-747) (len^2=1552)
[2013-07-04 17:00:06.247] separators=12
[2013-07-04 17:00:06.247] [TIME] intersection graph=8ms
[2013-07-04 17:00:06.248] [INFO] shortest triangulation segment: 0:(101,611)->(115,629) (len^2=520)
[2013-07-04 17:00:06.248] [INFO] shortest convex hull segment: 2:(-662,-763)->(-698,-747) (len^2=1552)
[2013-07-04 17:00:06.248] [STATS] it=0	lb=0	ub=2
[2013-07-04 17:00:06.248] [TIME] controller initialization=29ms
IBM ILOG License Manager: "university-braunschweig" is accessing CPLEX 12 with option(s): "e m b q use=10 MaintenanceEnd=20110128 ".
[2013-07-04 17:00:06.258] [TIME] iteration 1=10ms
[2013-07-04 17:00:06.259] [INFO] shortest constrained triangulation segment: 2:(-662,-763)->(-698,-747) (len^2=1552)
[2013-07-04 17:00:06.259] [STATS] it=1	lb=2	ub=2
[2013-07-04 17:00:06.259] iterations=1 gap=0
[2013-07-04 17:00:06.259] [TIME] SAT solving=10ms
[2013-07-04 17:00:06.259] [TIME] total=40ms
