[2013-07-04 17:00:30.207] [INFO] Running in directory /tmp/hellmann/current_run
[2013-07-04 17:00:30.208] [INFO] Reading settings from /tmp/hellmann/current_run/config.json
[2013-07-04 17:00:30.208] [INFO] Reading input file ./0060/random_in_square_0060_0775_034.json ...
[2013-07-04 17:00:30.228] [TIME] generating segments=19ms
[2013-07-04 17:00:30.228] points=60 segments=1770 convex hull=12
[2013-07-04 17:00:30.228] [INFO] shortest input segment: 0:(-364,351)->(-371,363) (len^2=193)
[2013-07-04 17:00:30.263] [INFO] shortest non-crossing segment: 11:(-622,635)->(-550,648) (len^2=5353)
[2013-07-04 17:00:30.263] separators=188
[2013-07-04 17:00:30.434] [TIME] intersection graph=206ms
[2013-07-04 17:00:30.434] [INFO] shortest triangulation segment: 0:(-364,351)->(-371,363) (len^2=193)
[2013-07-04 17:00:30.434] [INFO] shortest convex hull segment: 14:(-661,563)->(-622,635) (len^2=6705)
[2013-07-04 17:00:30.434] [STATS] it=0	lb=0	ub=11
[2013-07-04 17:00:30.434] [TIME] controller initialization=227ms
IBM ILOG License Manager: "university-braunschweig" is accessing CPLEX 12 with option(s): "e m b q use=10 MaintenanceEnd=20110128 ".
[2013-07-04 17:00:30.608] [TIME] iteration 1=173ms
[2013-07-04 17:00:30.608] [STATS] it=1	lb=9	ub=11
[2013-07-04 17:00:30.788] [TIME] iteration 2=180ms
[2013-07-04 17:00:30.789] [INFO] shortest constrained triangulation segment: 11:(-622,635)->(-550,648) (len^2=5353)
[2013-07-04 17:00:30.789] [STATS] it=2	lb=11	ub=11
[2013-07-04 17:00:30.789] iterations=2 gap=0
[2013-07-04 17:00:30.789] [TIME] SAT solving=353ms
[2013-07-04 17:00:30.789] [TIME] total=582ms
