[2013-07-04 17:00:14.648] [INFO] Running in directory /tmp/hellmann/current_run
[2013-07-04 17:00:14.648] [INFO] Reading settings from /tmp/hellmann/current_run/config.json
[2013-07-04 17:00:14.648] [INFO] Reading input file ./0060/random_in_square_0060_0775_020.json ...
[2013-07-04 17:00:14.668] [TIME] generating segments=18ms
[2013-07-04 17:00:14.668] points=60 segments=1770 convex hull=10
[2013-07-04 17:00:14.668] [INFO] shortest input segment: 0:(34,115)->(22,125) (len^2=244)
[2013-07-04 17:00:14.707] [INFO] shortest non-crossing segment: 13:(-706,540)->(-668,604) (len^2=5540)
[2013-07-04 17:00:14.707] separators=243
[2013-07-04 17:00:14.980] [TIME] intersection graph=311ms
[2013-07-04 17:00:14.980] [INFO] shortest triangulation segment: 1:(-418,-196)->(-410,-170) (len^2=740)
[2013-07-04 17:00:14.980] [INFO] shortest convex hull segment: 13:(-706,540)->(-668,604) (len^2=5540)
[2013-07-04 17:00:14.980] [STATS] it=0	lb=1	ub=13
[2013-07-04 17:00:14.980] [TIME] controller initialization=331ms
IBM ILOG License Manager: "university-braunschweig" is accessing CPLEX 12 with option(s): "e m b q use=10 MaintenanceEnd=20110128 ".
[2013-07-04 17:00:15.271] [TIME] iteration 1=290ms
[2013-07-04 17:00:15.271] [STATS] it=1	lb=8	ub=13
[2013-07-04 17:00:15.492] [TIME] iteration 2=222ms
[2013-07-04 17:00:15.492] [INFO] shortest constrained triangulation segment: 13:(-706,540)->(-668,604) (len^2=5540)
[2013-07-04 17:00:15.492] [STATS] it=2	lb=13	ub=13
[2013-07-04 17:00:15.492] iterations=2 gap=0
[2013-07-04 17:00:15.492] [TIME] SAT solving=512ms
[2013-07-04 17:00:15.492] [TIME] total=845ms
