[2013-07-04 17:00:45.175] [INFO] Running in directory /tmp/hellmann/current_run
[2013-07-04 17:00:45.175] [INFO] Reading settings from /tmp/hellmann/current_run/config.json
[2013-07-04 17:00:45.175] [INFO] Reading input file ./0060/random_in_square_0060_0775_069.json ...
[2013-07-04 17:00:45.195] [TIME] generating segments=18ms
[2013-07-04 17:00:45.195] points=60 segments=1770 convex hull=11
[2013-07-04 17:00:45.195] [INFO] shortest input segment: 0:(-279,-524)->(-282,-492) (len^2=1033)
[2013-07-04 17:00:45.230] [INFO] shortest non-crossing segment: 11:(-721,-681)->(-658,-608) (len^2=9298)
[2013-07-04 17:00:45.230] separators=250
[2013-07-04 17:00:45.549] [TIME] intersection graph=354ms
[2013-07-04 17:00:45.549] [INFO] shortest triangulation segment: 0:(-279,-524)->(-282,-492) (len^2=1033)
[2013-07-04 17:00:45.549] [INFO] shortest convex hull segment: 42:(125,-768)->(269,-765) (len^2=20745)
[2013-07-04 17:00:45.549] [STATS] it=0	lb=0	ub=11
[2013-07-04 17:00:45.549] [TIME] controller initialization=375ms
IBM ILOG License Manager: "university-braunschweig" is accessing CPLEX 12 with option(s): "e m b q use=10 MaintenanceEnd=20110128 ".
[2013-07-04 17:00:45.836] [TIME] iteration 1=286ms
[2013-07-04 17:00:45.836] [STATS] it=1	lb=6	ub=11
[2013-07-04 17:00:46.114] [TIME] iteration 2=278ms
[2013-07-04 17:00:46.115] [INFO] shortest constrained triangulation segment: 11:(-721,-681)->(-658,-608) (len^2=9298)
[2013-07-04 17:00:46.115] [STATS] it=2	lb=11	ub=11
[2013-07-04 17:00:46.115] iterations=2 gap=0
[2013-07-04 17:00:46.115] [TIME] SAT solving=564ms
[2013-07-04 17:00:46.115] [TIME] total=940ms
