[2013-07-04 17:01:06.401] [INFO] Running in directory /tmp/hellmann/current_run
[2013-07-04 17:01:06.401] [INFO] Reading settings from /tmp/hellmann/current_run/config.json
[2013-07-04 17:01:06.401] [INFO] Reading input file ./0060/random_in_square_0060_0775_099.json ...
[2013-07-04 17:01:06.421] [TIME] generating segments=19ms
[2013-07-04 17:01:06.421] points=60 segments=1770 convex hull=11
[2013-07-04 17:01:06.421] [INFO] shortest input segment: 0:(-58,647)->(-50,662) (len^2=289)
[2013-07-04 17:01:06.458] [INFO] shortest non-crossing segment: 13:(699,472)->(709,543) (len^2=5141)
[2013-07-04 17:01:06.458] separators=188
[2013-07-04 17:01:06.644] [TIME] intersection graph=223ms
[2013-07-04 17:01:06.645] [INFO] shortest triangulation segment: 0:(-58,647)->(-50,662) (len^2=289)
[2013-07-04 17:01:06.645] [INFO] shortest convex hull segment: 27:(-655,-720)->(-732,-643) (len^2=11858)
[2013-07-04 17:01:06.645] [STATS] it=0	lb=0	ub=13
[2013-07-04 17:01:06.645] [TIME] controller initialization=244ms
IBM ILOG License Manager: "university-braunschweig" is accessing CPLEX 12 with option(s): "e m b q use=10 MaintenanceEnd=20110128 ".
[2013-07-04 17:01:06.800] [TIME] iteration 1=155ms
[2013-07-04 17:01:06.800] [STATS] it=1	lb=8	ub=13
[2013-07-04 17:01:06.942] [TIME] iteration 2=141ms
[2013-07-04 17:01:06.942] [STATS] it=2	lb=12	ub=13
[2013-07-04 17:01:07.085] [TIME] iteration 3=143ms
[2013-07-04 17:01:07.086] [INFO] shortest constrained triangulation segment: 13:(699,472)->(709,543) (len^2=5141)
[2013-07-04 17:01:07.086] [STATS] it=3	lb=13	ub=13
[2013-07-04 17:01:07.086] iterations=3 gap=0
[2013-07-04 17:01:07.086] [TIME] SAT solving=438ms
[2013-07-04 17:01:07.086] [TIME] total=685ms
