[2013-07-04 17:01:06.071] [INFO] Running in directory /tmp/hellmann/current_run
[2013-07-04 17:01:06.071] [INFO] Reading settings from /tmp/hellmann/current_run/config.json
[2013-07-04 17:01:06.071] [INFO] Reading input file ./0060/random_in_square_0060_0775_094.json ...
[2013-07-04 17:01:06.091] [TIME] generating segments=19ms
[2013-07-04 17:01:06.091] points=60 segments=1770 convex hull=11
[2013-07-04 17:01:06.091] [INFO] shortest input segment: 0:(443,610)->(419,622) (len^2=720)
[2013-07-04 17:01:06.103] [INFO] shortest non-crossing segment: 4:(-773,47)->(-772,80) (len^2=1090)
[2013-07-04 17:01:06.103] separators=25
[2013-07-04 17:01:06.107] [TIME] intersection graph=15ms
[2013-07-04 17:01:06.107] [INFO] shortest triangulation segment: 0:(443,610)->(419,622) (len^2=720)
[2013-07-04 17:01:06.107] [INFO] shortest convex hull segment: 4:(-773,47)->(-772,80) (len^2=1090)
[2013-07-04 17:01:06.107] [STATS] it=0	lb=0	ub=4
[2013-07-04 17:01:06.107] [TIME] controller initialization=36ms
IBM ILOG License Manager: "university-braunschweig" is accessing CPLEX 12 with option(s): "e m b q use=10 MaintenanceEnd=20110128 ".
[2013-07-04 17:01:06.119] [TIME] iteration 1=11ms
[2013-07-04 17:01:06.119] [INFO] shortest constrained triangulation segment: 4:(-773,47)->(-772,80) (len^2=1090)
[2013-07-04 17:01:06.119] [STATS] it=1	lb=4	ub=4
[2013-07-04 17:01:06.119] iterations=1 gap=0
[2013-07-04 17:01:06.119] [TIME] SAT solving=11ms
[2013-07-04 17:01:06.119] [TIME] total=48ms
