[2013-07-04 17:00:51.185] [INFO] Running in directory /tmp/hellmann/current_run
[2013-07-04 17:00:51.185] [INFO] Reading settings from /tmp/hellmann/current_run/config.json
[2013-07-04 17:00:51.185] [INFO] Reading input file ./0060/random_in_square_0060_0775_081.json ...
[2013-07-04 17:00:51.205] [TIME] generating segments=19ms
[2013-07-04 17:00:51.205] points=60 segments=1770 convex hull=10
[2013-07-04 17:00:51.205] [INFO] shortest input segment: 0:(-417,158)->(-436,160) (len^2=365)
[2013-07-04 17:00:51.210] [INFO] shortest non-crossing segment: 1:(-383,-511)->(-417,-501) (len^2=1256)
[2013-07-04 17:00:51.210] separators=4
[2013-07-04 17:00:51.210] [TIME] intersection graph=5ms
[2013-07-04 17:00:51.210] [INFO] shortest triangulation segment: 0:(-417,158)->(-436,160) (len^2=365)
[2013-07-04 17:00:51.211] [INFO] shortest convex hull segment: 6:(-571,-462)->(-617,-417) (len^2=4141)
[2013-07-04 17:00:51.211] [STATS] it=0	lb=0	ub=1
[2013-07-04 17:00:51.211] [TIME] controller initialization=25ms
IBM ILOG License Manager: "university-braunschweig" is accessing CPLEX 12 with option(s): "e m b q use=10 MaintenanceEnd=20110128 ".
[2013-07-04 17:00:51.220] [TIME] iteration 1=9ms
[2013-07-04 17:00:51.221] [INFO] shortest constrained triangulation segment: 1:(-383,-511)->(-417,-501) (len^2=1256)
[2013-07-04 17:00:51.221] [STATS] it=1	lb=1	ub=1
[2013-07-04 17:00:51.221] iterations=1 gap=0
[2013-07-04 17:00:51.221] [TIME] SAT solving=9ms
[2013-07-04 17:00:51.221] [TIME] total=35ms
