[2013-07-04 17:00:31.425] [INFO] Running in directory /tmp/hellmann/current_run
[2013-07-04 17:00:31.425] [INFO] Reading settings from /tmp/hellmann/current_run/config.json
[2013-07-04 17:00:31.425] [INFO] Reading input file ./0060/random_in_square_0060_0775_045.json ...
[2013-07-04 17:00:31.445] [TIME] generating segments=18ms
[2013-07-04 17:00:31.445] points=60 segments=1770 convex hull=10
[2013-07-04 17:00:31.445] [INFO] shortest input segment: 0:(-41,-314)->(-49,-297) (len^2=353)
[2013-07-04 17:00:31.474] [INFO] shortest non-crossing segment: 9:(-716,-215)->(-715,-151) (len^2=4097)
[2013-07-04 17:00:31.474] separators=159
[2013-07-04 17:00:31.617] [TIME] intersection graph=172ms
[2013-07-04 17:00:31.617] [INFO] shortest triangulation segment: 0:(-41,-314)->(-49,-297) (len^2=353)
[2013-07-04 17:00:31.618] [INFO] shortest convex hull segment: 18:(-756,637)->(-737,717) (len^2=6761)
[2013-07-04 17:00:31.618] [STATS] it=0	lb=0	ub=9
[2013-07-04 17:00:31.618] [TIME] controller initialization=192ms
IBM ILOG License Manager: "university-braunschweig" is accessing CPLEX 12 with option(s): "e m b q use=10 MaintenanceEnd=20110128 ".
[2013-07-04 17:00:31.746] [TIME] iteration 1=128ms
[2013-07-04 17:00:31.746] [STATS] it=1	lb=5	ub=9
[2013-07-04 17:00:31.892] [ERROR] Solution is infeasible
[2013-07-04 17:00:31.892] [TIME] iteration 2=146ms
[2013-07-04 17:00:31.892] [STATS] it=2	lb=5	ub=6
[2013-07-04 17:00:31.944] [ERROR] Solution is infeasible
[2013-07-04 17:00:31.944] [TIME] iteration 3=51ms
[2013-07-04 17:00:31.944] [INFO] shortest constrained triangulation segment: 5:(-266,-309)->(-263,-271) (len^2=1453)
[2013-07-04 17:00:31.944] [STATS] it=3	lb=5	ub=5
[2013-07-04 17:00:31.944] iterations=3 gap=0
[2013-07-04 17:00:31.944] [TIME] SAT solving=325ms
[2013-07-04 17:00:31.944] [TIME] total=519ms
