[2013-07-04 17:01:05.578] [INFO] Running in directory /tmp/hellmann/current_run
[2013-07-04 17:01:05.578] [INFO] Reading settings from /tmp/hellmann/current_run/config.json
[2013-07-04 17:01:05.579] [INFO] Reading input file ./0060/random_in_square_0060_0775_090.json ...
[2013-07-04 17:01:05.601] [TIME] generating segments=20ms
[2013-07-04 17:01:05.601] points=60 segments=1770 convex hull=9
[2013-07-04 17:01:05.601] [INFO] shortest input segment: 0:(164,640)->(169,656) (len^2=281)
[2013-07-04 17:01:05.606] [INFO] shortest non-crossing segment: 1:(-682,-761)->(-651,-741) (len^2=1361)
[2013-07-04 17:01:05.606] separators=3
[2013-07-04 17:01:05.606] [TIME] intersection graph=4ms
[2013-07-04 17:01:05.606] [INFO] shortest triangulation segment: 0:(164,640)->(169,656) (len^2=281)
[2013-07-04 17:01:05.606] [INFO] shortest convex hull segment: 56:(-557,724)->(-400,770) (len^2=26765)
[2013-07-04 17:01:05.606] [STATS] it=0	lb=0	ub=1
[2013-07-04 17:01:05.606] [TIME] controller initialization=27ms
IBM ILOG License Manager: "university-braunschweig" is accessing CPLEX 12 with option(s): "e m b q use=10 MaintenanceEnd=20110128 ".
[2013-07-04 17:01:05.616] [TIME] iteration 1=9ms
[2013-07-04 17:01:05.616] [INFO] shortest constrained triangulation segment: 1:(-682,-761)->(-651,-741) (len^2=1361)
[2013-07-04 17:01:05.616] [STATS] it=1	lb=1	ub=1
[2013-07-04 17:01:05.616] iterations=1 gap=0
[2013-07-04 17:01:05.616] [TIME] SAT solving=9ms
[2013-07-04 17:01:05.617] [TIME] total=37ms
