[2013-07-04 17:01:05.246] [INFO] Running in directory /tmp/hellmann/current_run
[2013-07-04 17:01:05.246] [INFO] Reading settings from /tmp/hellmann/current_run/config.json
[2013-07-04 17:01:05.246] [INFO] Reading input file ./0060/random_in_square_0060_0775_087.json ...
[2013-07-04 17:01:05.267] [TIME] generating segments=19ms
[2013-07-04 17:01:05.267] points=60 segments=1770 convex hull=9
[2013-07-04 17:01:05.267] [INFO] shortest input segment: 0:(715,117)->(707,124) (len^2=113)
[2013-07-04 17:01:05.286] [INFO] shortest non-crossing segment: 6:(723,332)->(728,400) (len^2=4649)
[2013-07-04 17:01:05.286] separators=118
[2013-07-04 17:01:05.358] [TIME] intersection graph=90ms
[2013-07-04 17:01:05.359] [INFO] shortest triangulation segment: 0:(715,117)->(707,124) (len^2=113)
[2013-07-04 17:01:05.359] [INFO] shortest convex hull segment: 104:(734,190)->(728,400) (len^2=44136)
[2013-07-04 17:01:05.359] [STATS] it=0	lb=0	ub=6
[2013-07-04 17:01:05.359] [TIME] controller initialization=112ms
IBM ILOG License Manager: "university-braunschweig" is accessing CPLEX 12 with option(s): "e m b q use=10 MaintenanceEnd=20110128 ".
[2013-07-04 17:01:05.426] [TIME] iteration 1=68ms
[2013-07-04 17:01:05.426] [STATS] it=1	lb=5	ub=6
[2013-07-04 17:01:05.489] [TIME] iteration 2=62ms
[2013-07-04 17:01:05.489] [INFO] shortest constrained triangulation segment: 6:(723,332)->(728,400) (len^2=4649)
[2013-07-04 17:01:05.489] [STATS] it=2	lb=6	ub=6
[2013-07-04 17:01:05.489] iterations=2 gap=0
[2013-07-04 17:01:05.489] [TIME] SAT solving=130ms
[2013-07-04 17:01:05.490] [TIME] total=244ms
