[2013-07-04 17:00:51.297] [INFO] Running in directory /tmp/hellmann/current_run
[2013-07-04 17:00:51.297] [INFO] Reading settings from /tmp/hellmann/current_run/config.json
[2013-07-04 17:00:51.297] [INFO] Reading input file ./0060/random_in_square_0060_0775_083.json ...
[2013-07-04 17:00:51.317] [TIME] generating segments=19ms
[2013-07-04 17:00:51.317] points=60 segments=1770 convex hull=9
[2013-07-04 17:00:51.317] [INFO] shortest input segment: 0:(-122,377)->(-114,385) (len^2=128)
[2013-07-04 17:00:51.450] [INFO] shortest non-crossing segment: 41:(767,-631)->(647,-543) (len^2=22144)
[2013-07-04 17:00:51.450] separators=823
[2013-07-04 17:00:54.276] [TIME] intersection graph=2959ms
[2013-07-04 17:00:54.277] [INFO] shortest triangulation segment: 0:(-122,377)->(-114,385) (len^2=128)
[2013-07-04 17:00:54.277] [INFO] shortest convex hull segment: 54:(-626,-771)->(-773,-701) (len^2=26509)
[2013-07-04 17:00:54.277] [STATS] it=0	lb=0	ub=41
[2013-07-04 17:00:54.277] [TIME] controller initialization=2980ms
IBM ILOG License Manager: "university-braunschweig" is accessing CPLEX 12 with option(s): "e m b q use=10 MaintenanceEnd=20110128 ".
[2013-07-04 17:00:57.466] [ERROR] Solution is infeasible
[2013-07-04 17:00:57.466] [TIME] iteration 1=3190ms
[2013-07-04 17:00:57.466] [STATS] it=1	lb=0	ub=20
[2013-07-04 17:00:58.186] [TIME] iteration 2=719ms
[2013-07-04 17:00:58.186] [STATS] it=2	lb=12	ub=20
[2013-07-04 17:00:58.951] [TIME] iteration 3=765ms
[2013-07-04 17:00:58.951] [STATS] it=3	lb=17	ub=20
[2013-07-04 17:00:59.712] [ERROR] Solution is infeasible
[2013-07-04 17:00:59.713] [TIME] iteration 4=762ms
[2013-07-04 17:00:59.713] [STATS] it=4	lb=17	ub=18
[2013-07-04 17:01:00.278] [ERROR] Solution is infeasible
[2013-07-04 17:01:00.278] [TIME] iteration 5=565ms
[2013-07-04 17:01:00.278] [INFO] shortest constrained triangulation segment: 17:(562,-604)->(647,-543) (len^2=10946)
[2013-07-04 17:01:00.279] [STATS] it=5	lb=17	ub=17
[2013-07-04 17:01:00.279] iterations=5 gap=0
[2013-07-04 17:01:00.279] [TIME] SAT solving=6001ms
[2013-07-04 17:01:00.279] [TIME] total=8982ms
