[2013-07-04 17:00:46.346] [INFO] Running in directory /tmp/hellmann/current_run
[2013-07-04 17:00:46.346] [INFO] Reading settings from /tmp/hellmann/current_run/config.json
[2013-07-04 17:00:46.346] [INFO] Reading input file ./0060/random_in_square_0060_0775_073.json ...
[2013-07-04 17:00:46.367] [TIME] generating segments=19ms
[2013-07-04 17:00:46.367] points=60 segments=1770 convex hull=10
[2013-07-04 17:00:46.367] [INFO] shortest input segment: 0:(530,346)->(523,347) (len^2=50)
[2013-07-04 17:00:46.372] [INFO] shortest non-crossing segment: 1:(-566,701)->(-579,706) (len^2=194)
[2013-07-04 17:00:46.372] separators=5
[2013-07-04 17:00:46.372] [TIME] intersection graph=5ms
[2013-07-04 17:00:46.373] [INFO] shortest triangulation segment: 0:(530,346)->(523,347) (len^2=50)
[2013-07-04 17:00:46.373] [INFO] shortest convex hull segment: 80:(716,-109)->(769,52) (len^2=28730)
[2013-07-04 17:00:46.373] [STATS] it=0	lb=0	ub=1
[2013-07-04 17:00:46.373] [TIME] controller initialization=26ms
IBM ILOG License Manager: "university-braunschweig" is accessing CPLEX 12 with option(s): "e m b q use=10 MaintenanceEnd=20110128 ".
[2013-07-04 17:00:46.383] [TIME] iteration 1=9ms
[2013-07-04 17:00:46.383] [INFO] shortest constrained triangulation segment: 1:(-566,701)->(-579,706) (len^2=194)
[2013-07-04 17:00:46.383] [STATS] it=1	lb=1	ub=1
[2013-07-04 17:00:46.383] iterations=1 gap=0
[2013-07-04 17:00:46.383] [TIME] SAT solving=9ms
[2013-07-04 17:00:46.383] [TIME] total=36ms
