[2013-07-04 17:00:41.804] [INFO] Running in directory /tmp/hellmann/current_run
[2013-07-04 17:00:41.804] [INFO] Reading settings from /tmp/hellmann/current_run/config.json
[2013-07-04 17:00:41.804] [INFO] Reading input file ./0060/random_in_square_0060_0775_054.json ...
[2013-07-04 17:00:41.824] [TIME] generating segments=19ms
[2013-07-04 17:00:41.824] points=60 segments=1770 convex hull=14
[2013-07-04 17:00:41.824] [INFO] shortest input segment: 0:(-631,-100)->(-582,-68) (len^2=3425)
[2013-07-04 17:00:41.833] [INFO] shortest non-crossing segment: 2:(456,-648)->(513,-625) (len^2=3778)
[2013-07-04 17:00:41.833] separators=68
[2013-07-04 17:00:41.863] [TIME] intersection graph=38ms
[2013-07-04 17:00:41.863] [INFO] shortest triangulation segment: 0:(-631,-100)->(-582,-68) (len^2=3425)
[2013-07-04 17:00:41.863] [INFO] shortest convex hull segment: 2:(456,-648)->(513,-625) (len^2=3778)
[2013-07-04 17:00:41.863] [STATS] it=0	lb=0	ub=2
[2013-07-04 17:00:41.863] [TIME] controller initialization=59ms
IBM ILOG License Manager: "university-braunschweig" is accessing CPLEX 12 with option(s): "e m b q use=10 MaintenanceEnd=20110128 ".
[2013-07-04 17:00:41.899] [TIME] iteration 1=35ms
[2013-07-04 17:00:41.899] [INFO] shortest constrained triangulation segment: 2:(456,-648)->(513,-625) (len^2=3778)
[2013-07-04 17:00:41.899] [STATS] it=1	lb=2	ub=2
[2013-07-04 17:00:41.899] iterations=1 gap=0
[2013-07-04 17:00:41.899] [TIME] SAT solving=35ms
[2013-07-04 17:00:41.899] [TIME] total=95ms
