[2013-07-04 17:01:00.731] [INFO] Running in directory /tmp/hellmann/current_run
[2013-07-04 17:01:00.731] [INFO] Reading settings from /tmp/hellmann/current_run/config.json
[2013-07-04 17:01:00.732] [INFO] Reading input file ./0060/random_in_square_0060_0775_086.json ...
[2013-07-04 17:01:00.752] [TIME] generating segments=19ms
[2013-07-04 17:01:00.752] points=60 segments=1770 convex hull=11
[2013-07-04 17:01:00.752] [INFO] shortest input segment: 0:(178,614)->(177,616) (len^2=5)
[2013-07-04 17:01:00.864] [INFO] shortest non-crossing segment: 35:(-48,-763)->(61,-734) (len^2=12722)
[2013-07-04 17:01:00.864] separators=629
[2013-07-04 17:01:02.704] [TIME] intersection graph=1952ms
[2013-07-04 17:01:02.704] [INFO] shortest triangulation segment: 0:(178,614)->(177,616) (len^2=5)
[2013-07-04 17:01:02.704] [INFO] shortest convex hull segment: 36:(466,-675)->(571,-626) (len^2=13426)
[2013-07-04 17:01:02.704] [STATS] it=0	lb=0	ub=35
[2013-07-04 17:01:02.704] [TIME] controller initialization=1973ms
IBM ILOG License Manager: "university-braunschweig" is accessing CPLEX 12 with option(s): "e m b q use=10 MaintenanceEnd=20110128 ".
[2013-07-04 17:01:04.716] [ERROR] Solution is infeasible
[2013-07-04 17:01:04.716] [TIME] iteration 1=2011ms
[2013-07-04 17:01:04.716] [STATS] it=1	lb=0	ub=17
[2013-07-04 17:01:05.064] [ERROR] Solution is infeasible
[2013-07-04 17:01:05.064] [TIME] iteration 2=347ms
[2013-07-04 17:01:05.064] [STATS] it=2	lb=0	ub=8
[2013-07-04 17:01:05.172] [ERROR] Solution is infeasible
[2013-07-04 17:01:05.172] [TIME] iteration 3=108ms
[2013-07-04 17:01:05.173] [STATS] it=3	lb=0	ub=3
[2013-07-04 17:01:05.189] [ERROR] Solution is infeasible
[2013-07-04 17:01:05.189] [TIME] iteration 4=16ms
[2013-07-04 17:01:05.189] [STATS] it=4	lb=0	ub=1
[2013-07-04 17:01:05.197] [TIME] iteration 5=8ms
[2013-07-04 17:01:05.197] [INFO] shortest constrained triangulation segment: 1:(177,616)->(185,634) (len^2=388)
[2013-07-04 17:01:05.197] [STATS] it=5	lb=1	ub=1
[2013-07-04 17:01:05.197] iterations=5 gap=0
[2013-07-04 17:01:05.197] [TIME] SAT solving=2490ms
[2013-07-04 17:01:05.197] [TIME] total=4465ms
