[2013-07-22 03:46:59.199] [INFO] Running in directory /opt/tmp/hellmann/uniform_distribution
[2013-07-22 03:46:59.199] [INFO] Reading settings from /opt/tmp/hellmann/uniform_distribution/config.json
[2013-07-22 03:46:59.279] [INFO] Reading input file ./0410/random_in_square_0410_2025_037.json ...
[2013-07-22 03:47:21.531] [TIME] generating segments=22239ms
[2013-07-22 03:47:21.535] points=410 segments=83845 convex hull=17
[2013-07-22 03:47:21.535] [INFO] shortest input segment: 0:(-1865,1435)->(-1859,1438) (len^2=45)
[2013-07-22 03:47:21.729] [INFO] shortest non-crossing segment: 6:(-1938,1920)->(-1954,1932) (len^2=400)
[2013-07-22 03:47:21.729] separators=411
[2013-07-22 03:47:22.664] [TIME] intersection graph=1129ms
[2013-07-22 03:47:22.666] [INFO] shortest triangulation segment: 0:(-1865,1435)->(-1859,1438) (len^2=45)
[2013-07-22 03:47:22.667] [INFO] shortest convex hull segment: 286:(-1996,1804)->(-1954,1932) (len^2=18148)
[2013-07-22 03:47:22.667] [STATS] it=0	lb=0	ub=6
[2013-07-22 03:47:22.667] [TIME] controller initialization=23417ms
IBM ILOG License Manager: "university-braunschweig" is accessing CPLEX 12 with option(s): "e m b q use=10 MaintenanceEnd=20110128 ".
[2013-07-22 03:47:31.027] [TIME] iteration 1=8359ms
[2013-07-22 03:47:31.027] [STATS] it=1	lb=3	ub=6
[2013-07-22 03:47:39.193] [TIME] iteration 2=8166ms
[2013-07-22 03:47:39.195] [INFO] shortest constrained triangulation segment: 6:(-1938,1920)->(-1954,1932) (len^2=400)
[2013-07-22 03:47:39.195] [STATS] it=2	lb=6	ub=6
[2013-07-22 03:47:39.195] iterations=2 gap=0
[2013-07-22 03:47:39.195] [TIME] SAT solving=16525ms
[2013-07-22 03:47:39.195] [TIME] total=39946ms
