[2013-07-22 15:41:03.711] [INFO] Running in directory /opt/tmp/hellmann/uniform_distribution
[2013-07-22 15:41:03.712] [INFO] Reading settings from /opt/tmp/hellmann/uniform_distribution/config.json
[2013-07-22 15:41:03.761] [INFO] Reading input file ./0410/random_in_square_0410_2025_069.json ...
[2013-07-22 15:41:26.516] [TIME] generating segments=22686ms
[2013-07-22 15:41:26.520] points=410 segments=83845 convex hull=16
[2013-07-22 15:41:26.520] [INFO] shortest input segment: 0:(-393,-1370)->(-388,-1369) (len^2=26)
[2013-07-22 15:41:27.152] [INFO] shortest non-crossing segment: 20:(1959,-2013)->(1943,-1973) (len^2=1856)
[2013-07-22 15:41:27.152] separators=3395
[2013-07-22 15:42:15.369] [TIME] intersection graph=48848ms
[2013-07-22 15:42:15.372] [INFO] shortest triangulation segment: 0:(-393,-1370)->(-388,-1369) (len^2=26)
[2013-07-22 15:42:15.372] [INFO] shortest convex hull segment: 371:(1470,295)->(1324,362) (len^2=25805)
[2013-07-22 15:42:15.372] [STATS] it=0	lb=0	ub=20
[2013-07-22 15:42:15.372] [TIME] controller initialization=71635ms
IBM ILOG License Manager: "university-braunschweig" is accessing CPLEX 12 with option(s): "e m b q use=10 MaintenanceEnd=20110128 ".
[2013-07-22 15:45:15.622] [TIME] iteration 1=180251ms
[2013-07-22 15:45:15.718] [STATS] it=1	lb=12	ub=20
[2013-07-22 15:48:15.564] [TIME] iteration 2=179845ms
[2013-07-22 15:48:15.644] [STATS] it=2	lb=16	ub=20
[2013-07-22 15:51:09.639] [TIME] iteration 3=173992ms
[2013-07-22 15:51:09.873] [INFO] shortest constrained triangulation segment: 20:(1959,-2013)->(1943,-1973) (len^2=1856)
[2013-07-22 15:51:09.874] [STATS] it=3	lb=20	ub=20
[2013-07-22 15:51:09.885] iterations=3 gap=0
[2013-07-22 15:51:09.885] [TIME] SAT solving=534088ms
[2013-07-22 15:51:09.885] [TIME] total=606148ms
