[2013-07-22 18:43:46.342] [INFO] Running in directory /opt/tmp/hellmann/uniform_distribution
[2013-07-22 18:43:46.349] [INFO] Reading settings from /opt/tmp/hellmann/uniform_distribution/config.json
[2013-07-22 18:43:46.375] [INFO] Reading input file ./0410/random_in_square_0410_2025_085.json ...
[2013-07-22 18:44:08.620] [TIME] generating segments=22233ms
[2013-07-22 18:44:08.624] points=410 segments=83845 convex hull=13
[2013-07-22 18:44:08.624] [INFO] shortest input segment: 0:(497,852)->(501,857) (len^2=41)
[2013-07-22 18:44:08.904] [INFO] shortest non-crossing segment: 9:(-1986,1200)->(-2012,1204) (len^2=692)
[2013-07-22 18:44:08.904] separators=776
[2013-07-22 18:44:11.531] [TIME] intersection graph=2908ms
[2013-07-22 18:44:11.534] [INFO] shortest triangulation segment: 0:(497,852)->(501,857) (len^2=41)
[2013-07-22 18:44:11.534] [INFO] shortest convex hull segment: 1368:(1977,1636)->(1907,1923) (len^2=87269)
[2013-07-22 18:44:11.534] [STATS] it=0	lb=0	ub=9
[2013-07-22 18:44:11.534] [TIME] controller initialization=25159ms
IBM ILOG License Manager: "university-braunschweig" is accessing CPLEX 12 with option(s): "e m b q use=10 MaintenanceEnd=20110128 ".
[2013-07-22 18:44:27.874] [TIME] iteration 1=16340ms
[2013-07-22 18:44:27.874] [STATS] it=1	lb=5	ub=9
[2013-07-22 18:44:39.030] [TIME] iteration 2=11155ms
[2013-07-22 18:44:39.033] [INFO] shortest constrained triangulation segment: 9:(-1986,1200)->(-2012,1204) (len^2=692)
[2013-07-22 18:44:39.033] [STATS] it=2	lb=9	ub=9
[2013-07-22 18:44:39.033] iterations=2 gap=0
[2013-07-22 18:44:39.033] [TIME] SAT solving=27494ms
[2013-07-22 18:44:39.033] [TIME] total=52658ms
