[2013-07-21 23:29:51.823] [INFO] Running in directory /opt/tmp/hellmann/uniform_distribution
[2013-07-21 23:29:51.823] [INFO] Reading settings from /opt/tmp/hellmann/uniform_distribution/config.json
[2013-07-21 23:29:51.823] [INFO] Reading input file ./0410/random_in_square_0410_2025_021.json ...
[2013-07-21 23:30:14.312] [TIME] generating segments=22463ms
[2013-07-21 23:30:14.316] points=410 segments=83845 convex hull=14
[2013-07-21 23:30:14.316] [INFO] shortest input segment: 0:(-910,-370)->(-904,-363) (len^2=85)
[2013-07-21 23:30:14.370] [INFO] shortest non-crossing segment: 1:(2008,24)->(2015,30) (len^2=85)
[2013-07-21 23:30:14.370] separators=106
[2013-07-21 23:30:14.483] [TIME] intersection graph=168ms
[2013-07-21 23:30:14.485] [INFO] shortest triangulation segment: 0:(-910,-370)->(-904,-363) (len^2=85)
[2013-07-21 23:30:14.486] [INFO] shortest convex hull segment: 301:(1362,-1511)->(1500,-1477) (len^2=20200)
[2013-07-21 23:30:14.486] [STATS] it=0	lb=0	ub=1
[2013-07-21 23:30:14.486] [TIME] controller initialization=22663ms
IBM ILOG License Manager: "university-braunschweig" is accessing CPLEX 12 with option(s): "e m b q use=10 MaintenanceEnd=20110128 ".
[2013-07-21 23:30:22.021] [TIME] iteration 1=7535ms
[2013-07-21 23:30:22.023] [INFO] shortest constrained triangulation segment: 0:(-910,-370)->(-904,-363) (len^2=85)
[2013-07-21 23:30:22.023] [STATS] it=1	lb=1	ub=1
[2013-07-21 23:30:22.023] iterations=1 gap=0
[2013-07-21 23:30:22.023] [TIME] SAT solving=7535ms
[2013-07-21 23:30:22.023] [TIME] total=30200ms
