[2013-07-22 18:04:28.770] [INFO] Running in directory /opt/tmp/hellmann/uniform_distribution
[2013-07-22 18:04:28.770] [INFO] Reading settings from /opt/tmp/hellmann/uniform_distribution/config.json
[2013-07-22 18:04:28.807] [INFO] Reading input file ./0410/random_in_square_0410_2025_082.json ...
[2013-07-22 18:04:51.139] [TIME] generating segments=22286ms
[2013-07-22 18:04:51.143] points=410 segments=83845 convex hull=11
[2013-07-22 18:04:51.143] [INFO] shortest input segment: 0:(815,-1827)->(804,-1821) (len^2=157)
[2013-07-22 18:04:51.870] [INFO] shortest non-crossing segment: 23:(1388,1973)->(1403,2009) (len^2=1521)
[2013-07-22 18:04:51.870] separators=3826
[2013-07-22 18:05:53.570] [TIME] intersection graph=62428ms
[2013-07-22 18:05:53.573] [INFO] shortest triangulation segment: 0:(815,-1827)->(804,-1821) (len^2=157)
[2013-07-22 18:05:53.573] [INFO] shortest convex hull segment: 1363:(1731,-2016)->(2023,-1971) (len^2=87289)
[2013-07-22 18:05:53.573] [STATS] it=0	lb=0	ub=23
[2013-07-22 18:05:53.573] [TIME] controller initialization=84777ms
IBM ILOG License Manager: "university-braunschweig" is accessing CPLEX 12 with option(s): "e m b q use=10 MaintenanceEnd=20110128 ".
[2013-07-22 18:10:32.931] [TIME] iteration 1=279357ms
[2013-07-22 18:10:33.142] [INFO] shortest constrained triangulation segment: 23:(1388,1973)->(1403,2009) (len^2=1521)
[2013-07-22 18:10:33.143] [STATS] it=1	lb=23	ub=23
[2013-07-22 18:10:33.150] iterations=1 gap=0
[2013-07-22 18:10:33.150] [TIME] SAT solving=279348ms
[2013-07-22 18:10:33.150] [TIME] total=364353ms
