[2013-07-21 21:42:38.956] [INFO] Running in directory /opt/tmp/hellmann/uniform_distribution
[2013-07-21 21:42:38.956] [INFO] Reading settings from /opt/tmp/hellmann/uniform_distribution/config.json
[2013-07-21 21:42:39.026] [INFO] Reading input file ./0410/random_in_square_0410_2025_008.json ...
[2013-07-21 21:43:00.551] [TIME] generating segments=21468ms
[2013-07-21 21:43:00.555] points=410 segments=83845 convex hull=17
[2013-07-21 21:43:00.555] [INFO] shortest input segment: 0:(1733,184)->(1729,188) (len^2=32)
[2013-07-21 21:43:00.827] [INFO] shortest non-crossing segment: 9:(1098,2010)->(1077,2014) (len^2=457)
[2013-07-21 21:43:00.827] separators=597
[2013-07-21 21:43:02.535] [TIME] intersection graph=1981ms
[2013-07-21 21:43:02.538] [INFO] shortest triangulation segment: 0:(1733,184)->(1729,188) (len^2=32)
[2013-07-21 21:43:02.538] [INFO] shortest convex hull segment: 732:(1894,-2012)->(1958,-1800) (len^2=49040)
[2013-07-21 21:43:02.538] [STATS] it=0	lb=0	ub=9
[2013-07-21 21:43:02.538] [TIME] controller initialization=23557ms
IBM ILOG License Manager: "university-braunschweig" is accessing CPLEX 12 with option(s): "e m b q use=10 MaintenanceEnd=20110128 ".
[2013-07-21 21:43:12.190] [TIME] iteration 1=9651ms
[2013-07-21 21:43:12.190] [STATS] it=1	lb=5	ub=9
[2013-07-21 21:43:21.528] [TIME] iteration 2=9339ms
[2013-07-21 21:43:21.531] [INFO] shortest constrained triangulation segment: 9:(1098,2010)->(1077,2014) (len^2=457)
[2013-07-21 21:43:21.531] [STATS] it=2	lb=9	ub=9
[2013-07-21 21:43:21.531] iterations=2 gap=0
[2013-07-21 21:43:21.531] [TIME] SAT solving=18990ms
[2013-07-21 21:43:21.531] [TIME] total=42550ms
