[2013-07-21 23:27:57.432] [INFO] Running in directory /opt/tmp/hellmann/uniform_distribution
[2013-07-21 23:27:57.432] [INFO] Reading settings from /opt/tmp/hellmann/uniform_distribution/config.json
[2013-07-21 23:27:57.432] [INFO] Reading input file ./0410/random_in_square_0410_2025_020.json ...
[2013-07-21 23:28:18.947] [TIME] generating segments=21489ms
[2013-07-21 23:28:18.951] points=410 segments=83845 convex hull=15
[2013-07-21 23:28:18.951] [INFO] shortest input segment: 0:(366,-1916)->(351,-1915) (len^2=226)
[2013-07-21 23:28:19.363] [INFO] shortest non-crossing segment: 13:(-2018,-1085)->(-2007,-1057) (len^2=905)
[2013-07-21 23:28:19.363] separators=1861
[2013-07-21 23:28:34.361] [TIME] intersection graph=15410ms
[2013-07-21 23:28:34.364] [INFO] shortest triangulation segment: 0:(366,-1916)->(351,-1915) (len^2=226)
[2013-07-21 23:28:34.364] [INFO] shortest convex hull segment: 700:(1706,-1872)->(1818,-1698) (len^2=42820)
[2013-07-21 23:28:34.364] [STATS] it=0	lb=0	ub=13
[2013-07-21 23:28:34.364] [TIME] controller initialization=36931ms
IBM ILOG License Manager: "university-braunschweig" is accessing CPLEX 12 with option(s): "e m b q use=10 MaintenanceEnd=20110128 ".
[2013-07-21 23:29:13.183] [TIME] iteration 1=38820ms
[2013-07-21 23:29:13.183] [STATS] it=1	lb=7	ub=13
[2013-07-21 23:29:51.382] [TIME] iteration 2=38198ms
[2013-07-21 23:29:51.385] [INFO] shortest constrained triangulation segment: 13:(-2018,-1085)->(-2007,-1057) (len^2=905)
[2013-07-21 23:29:51.385] [STATS] it=2	lb=13	ub=13
[2013-07-21 23:29:51.385] iterations=2 gap=0
[2013-07-21 23:29:51.385] [TIME] SAT solving=77018ms
[2013-07-21 23:29:51.385] [TIME] total=113952ms
