[2013-07-21 23:25:01.610] [INFO] Running in directory /opt/tmp/hellmann/uniform_distribution
[2013-07-21 23:25:01.624] [INFO] Reading settings from /opt/tmp/hellmann/uniform_distribution/config.json
[2013-07-21 23:25:01.703] [INFO] Reading input file ./0410/random_in_square_0410_2025_016.json ...
[2013-07-21 23:25:24.161] [TIME] generating segments=22391ms
[2013-07-21 23:25:24.165] points=410 segments=83845 convex hull=15
[2013-07-21 23:25:24.165] [INFO] shortest input segment: 0:(1337,-1320)->(1327,-1315) (len^2=125)
[2013-07-21 23:25:24.389] [INFO] shortest non-crossing segment: 7:(1848,-1897)->(1864,-1885) (len^2=400)
[2013-07-21 23:25:24.389] separators=701
[2013-07-21 23:25:26.792] [TIME] intersection graph=2627ms
[2013-07-21 23:25:26.794] [INFO] shortest triangulation segment: 0:(1337,-1320)->(1327,-1315) (len^2=125)
[2013-07-21 23:25:26.795] [INFO] shortest convex hull segment: 7:(1848,-1897)->(1864,-1885) (len^2=400)
[2013-07-21 23:25:26.795] [STATS] it=0	lb=0	ub=7
[2013-07-21 23:25:26.795] [TIME] controller initialization=25136ms
IBM ILOG License Manager: "university-braunschweig" is accessing CPLEX 12 with option(s): "e m b q use=10 MaintenanceEnd=20110128 ".
[2013-07-21 23:25:37.532] [TIME] iteration 1=10738ms
[2013-07-21 23:25:37.532] [STATS] it=1	lb=4	ub=7
[2013-07-21 23:25:48.206] [TIME] iteration 2=10674ms
[2013-07-21 23:25:48.206] [STATS] it=2	lb=6	ub=7
[2013-07-21 23:25:58.820] [TIME] iteration 3=10614ms
[2013-07-21 23:25:58.823] [INFO] shortest constrained triangulation segment: 7:(1848,-1897)->(1864,-1885) (len^2=400)
[2013-07-21 23:25:58.823] [STATS] it=3	lb=7	ub=7
[2013-07-21 23:25:58.823] iterations=3 gap=0
[2013-07-21 23:25:58.823] [TIME] SAT solving=32026ms
[2013-07-21 23:25:58.823] [TIME] total=57165ms
