[2013-07-22 10:34:30.934] [INFO] Running in directory /opt/tmp/hellmann/uniform_distribution
[2013-07-22 10:34:30.935] [INFO] Reading settings from /opt/tmp/hellmann/uniform_distribution/config.json
[2013-07-22 10:34:30.984] [INFO] Reading input file ./0410/random_in_square_0410_2025_053.json ...
[2013-07-22 10:34:52.692] [TIME] generating segments=21643ms
[2013-07-22 10:34:52.695] points=410 segments=83845 convex hull=17
[2013-07-22 10:34:52.696] [INFO] shortest input segment: 0:(1350,554)->(1351,554) (len^2=1)
[2013-07-22 10:34:52.945] [INFO] shortest non-crossing segment: 8:(-1806,-1886)->(-1827,-1869) (len^2=730)
[2013-07-22 10:34:52.945] separators=630
[2013-07-22 10:34:54.933] [TIME] intersection graph=2237ms
[2013-07-22 10:34:54.936] [INFO] shortest triangulation segment: 0:(1350,554)->(1351,554) (len^2=1)
[2013-07-22 10:34:54.936] [INFO] shortest convex hull segment: 8:(-1806,-1886)->(-1827,-1869) (len^2=730)
[2013-07-22 10:34:54.936] [STATS] it=0	lb=0	ub=8
[2013-07-22 10:34:54.936] [TIME] controller initialization=23977ms
IBM ILOG License Manager: "university-braunschweig" is accessing CPLEX 12 with option(s): "e m b q use=10 MaintenanceEnd=20110128 ".
[2013-07-22 10:35:05.219] [TIME] iteration 1=10283ms
[2013-07-22 10:35:05.219] [STATS] it=1	lb=4	ub=8
[2013-07-22 10:35:15.150] [TIME] iteration 2=9932ms
[2013-07-22 10:35:15.151] [STATS] it=2	lb=6	ub=8
[2013-07-22 10:35:25.051] [TIME] iteration 3=9901ms
[2013-07-22 10:35:25.051] [STATS] it=3	lb=7	ub=8
[2013-07-22 10:35:34.940] [TIME] iteration 4=9890ms
[2013-07-22 10:35:34.943] [INFO] shortest constrained triangulation segment: 8:(-1806,-1886)->(-1827,-1869) (len^2=730)
[2013-07-22 10:35:34.943] [STATS] it=4	lb=8	ub=8
[2013-07-22 10:35:34.943] iterations=4 gap=0
[2013-07-22 10:35:34.943] [TIME] SAT solving=40006ms
[2013-07-22 10:35:34.943] [TIME] total=63984ms
