[2013-07-22 21:22:13.826] [INFO] Running in directory /opt/tmp/hellmann/uniform_distribution
[2013-07-22 21:22:13.826] [INFO] Reading settings from /opt/tmp/hellmann/uniform_distribution/config.json
[2013-07-22 21:22:13.827] [INFO] Reading input file ./0410/random_in_square_0410_2025_099.json ...
[2013-07-22 21:22:36.510] [TIME] generating segments=22671ms
[2013-07-22 21:22:36.513] points=410 segments=83845 convex hull=17
[2013-07-22 21:22:36.513] [INFO] shortest input segment: 0:(-618,-15)->(-625,-7) (len^2=113)
[2013-07-22 21:22:36.712] [INFO] shortest non-crossing segment: 6:(2019,-1520)->(2002,-1511) (len^2=370)
[2013-07-22 21:22:36.712] separators=448
[2013-07-22 21:22:37.619] [TIME] intersection graph=1105ms
[2013-07-22 21:22:37.622] [INFO] shortest triangulation segment: 0:(-618,-15)->(-625,-7) (len^2=113)
[2013-07-22 21:22:37.622] [INFO] shortest convex hull segment: 128:(1654,1908)->(1582,1959) (len^2=7785)
[2013-07-22 21:22:37.622] [STATS] it=0	lb=0	ub=6
[2013-07-22 21:22:37.622] [TIME] controller initialization=23796ms
IBM ILOG License Manager: "university-braunschweig" is accessing CPLEX 12 with option(s): "e m b q use=10 MaintenanceEnd=20110128 ".
[2013-07-22 21:22:50.764] [TIME] iteration 1=13142ms
[2013-07-22 21:22:50.764] [STATS] it=1	lb=3	ub=6
[2013-07-22 21:22:58.927] [TIME] iteration 2=8162ms
[2013-07-22 21:22:58.927] [STATS] it=2	lb=5	ub=6
[2013-07-22 21:23:07.102] [TIME] iteration 3=8174ms
[2013-07-22 21:23:07.105] [INFO] shortest constrained triangulation segment: 6:(2019,-1520)->(2002,-1511) (len^2=370)
[2013-07-22 21:23:07.105] [STATS] it=3	lb=6	ub=6
[2013-07-22 21:23:07.105] iterations=3 gap=0
[2013-07-22 21:23:07.105] [TIME] SAT solving=29478ms
[2013-07-22 21:23:07.105] [TIME] total=53278ms
