[2013-07-09 19:12:20.902] [INFO] Running in directory /tmp/hellmann/current_run
[2013-07-09 19:12:20.902] [INFO] Reading settings from /tmp/hellmann/current_run/config.json
[2013-07-09 19:12:20.902] [INFO] Reading input file ./0270/random_in_square_0270_1643_001.json ...
[2013-07-09 19:12:22.945] [TIME] generating segments=2035ms
[2013-07-09 19:12:22.947] points=270 segments=36315 convex hull=16
[2013-07-09 19:12:22.947] [INFO] shortest input segment: 0:(-1307,1025)->(-1304,1029) (len^2=25)
[2013-07-09 19:12:23.040] [INFO] shortest non-crossing segment: 5:(1518,-1494)->(1507,-1471) (len^2=650)
[2013-07-09 19:12:23.040] separators=189
[2013-07-09 19:12:23.233] [TIME] intersection graph=286ms
[2013-07-09 19:12:23.235] [INFO] shortest triangulation segment: 0:(-1307,1025)->(-1304,1029) (len^2=25)
[2013-07-09 19:12:23.235] [INFO] shortest convex hull segment: 8:(-1423,1597)->(-1393,1601) (len^2=916)
[2013-07-09 19:12:23.235] [STATS] it=0	lb=0	ub=5
[2013-07-09 19:12:23.235] [TIME] controller initialization=2332ms
IBM ILOG License Manager: "university-braunschweig" is accessing CPLEX 12 with option(s): "e m b q use=10 MaintenanceEnd=20110128 ".
[2013-07-09 19:12:24.771] [TIME] iteration 1=1537ms
[2013-07-09 19:12:24.771] [STATS] it=1	lb=3	ub=5
[2013-07-09 19:12:26.303] [TIME] iteration 2=1531ms
[2013-07-09 19:12:26.305] [INFO] shortest constrained triangulation segment: 5:(1518,-1494)->(1507,-1471) (len^2=650)
[2013-07-09 19:12:26.305] [STATS] it=2	lb=5	ub=5
[2013-07-09 19:12:26.305] iterations=2 gap=0
[2013-07-09 19:12:26.305] [TIME] SAT solving=3068ms
[2013-07-09 19:12:26.305] [TIME] total=5402ms
