[2013-07-10 06:15:59.043] [INFO] Running in directory /tmp/hellmann/current_run
[2013-07-10 06:15:59.043] [INFO] Reading settings from /tmp/hellmann/current_run/config.json
[2013-07-10 06:15:59.043] [INFO] Reading input file ./0270/random_in_square_0270_1643_078.json ...
[2013-07-10 06:16:01.167] [TIME] generating segments=2106ms
[2013-07-10 06:16:01.168] points=270 segments=36315 convex hull=18
[2013-07-10 06:16:01.168] [INFO] shortest input segment: 0:(638,-891)->(634,-883) (len^2=80)
[2013-07-10 06:16:01.384] [INFO] shortest non-crossing segment: 12:(-1574,-678)->(-1579,-649) (len^2=866)
[2013-07-10 06:16:01.384] separators=1038
[2013-07-10 06:16:06.070] [TIME] intersection graph=4902ms
[2013-07-10 06:16:06.071] [INFO] shortest triangulation segment: 0:(638,-891)->(634,-883) (len^2=80)
[2013-07-10 06:16:06.071] [INFO] shortest convex hull segment: 220:(-1547,-1013)->(-1565,-878) (len^2=18549)
[2013-07-10 06:16:06.071] [STATS] it=0	lb=0	ub=12
[2013-07-10 06:16:06.071] [TIME] controller initialization=7028ms
IBM ILOG License Manager: "university-braunschweig" is accessing CPLEX 12 with option(s): "e m b q use=10 MaintenanceEnd=20110128 ".
[2013-07-10 06:16:14.862] [TIME] iteration 1=8792ms
[2013-07-10 06:16:14.862] [STATS] it=1	lb=6	ub=12
[2013-07-10 06:16:23.635] [TIME] iteration 2=8773ms
[2013-07-10 06:16:23.635] [STATS] it=2	lb=11	ub=12
[2013-07-10 06:16:32.781] [TIME] iteration 3=9145ms
[2013-07-10 06:16:32.783] [INFO] shortest constrained triangulation segment: 12:(-1574,-678)->(-1579,-649) (len^2=866)
[2013-07-10 06:16:32.783] [STATS] it=3	lb=12	ub=12
[2013-07-10 06:16:32.783] iterations=3 gap=0
[2013-07-10 06:16:32.783] [TIME] SAT solving=26710ms
[2013-07-10 06:16:32.783] [TIME] total=33741ms
