[2013-07-09 21:50:22.469] [INFO] Running in directory /tmp/hellmann/current_run
[2013-07-09 21:50:22.470] [INFO] Reading settings from /tmp/hellmann/current_run/config.json
[2013-07-09 21:50:22.483] [INFO] Reading input file ./0270/random_in_square_0270_1643_014.json ...
[2013-07-09 21:50:24.491] [TIME] generating segments=1994ms
[2013-07-09 21:50:24.493] points=270 segments=36315 convex hull=15
[2013-07-09 21:50:24.493] [INFO] shortest input segment: 0:(-638,889)->(-633,890) (len^2=26)
[2013-07-09 21:50:24.554] [INFO] shortest non-crossing segment: 3:(-1340,1485)->(-1332,1489) (len^2=80)
[2013-07-09 21:50:24.554] separators=82
[2013-07-09 21:50:24.594] [TIME] intersection graph=100ms
[2013-07-09 21:50:24.595] [INFO] shortest triangulation segment: 0:(-638,889)->(-633,890) (len^2=26)
[2013-07-09 21:50:24.595] [INFO] shortest convex hull segment: 108:(292,-1636)->(190,-1630) (len^2=10440)
[2013-07-09 21:50:24.595] [STATS] it=0	lb=0	ub=3
[2013-07-09 21:50:24.595] [TIME] controller initialization=2111ms
IBM ILOG License Manager: "university-braunschweig" is accessing CPLEX 12 with option(s): "e m b q use=10 MaintenanceEnd=20110128 ".
[2013-07-09 21:50:26.021] [TIME] iteration 1=1425ms
[2013-07-09 21:50:26.022] [INFO] shortest constrained triangulation segment: 3:(-1340,1485)->(-1332,1489) (len^2=80)
[2013-07-09 21:50:26.022] [STATS] it=1	lb=3	ub=3
[2013-07-09 21:50:26.022] iterations=1 gap=0
[2013-07-09 21:50:26.022] [TIME] SAT solving=1425ms
[2013-07-09 21:50:26.022] [TIME] total=3539ms
