[2013-07-10 00:53:47.064] [INFO] Running in directory /tmp/hellmann/current_run
[2013-07-10 00:53:47.064] [INFO] Reading settings from /tmp/hellmann/current_run/config.json
[2013-07-10 00:53:47.065] [INFO] Reading input file ./0270/random_in_square_0270_1643_044.json ...
[2013-07-10 00:53:49.260] [TIME] generating segments=2168ms
[2013-07-10 00:53:49.262] points=270 segments=36315 convex hull=12
[2013-07-10 00:53:49.262] [INFO] shortest input segment: 0:(-389,1340)->(-391,1344) (len^2=20)
[2013-07-10 00:53:49.292] [INFO] shortest non-crossing segment: 1:(1409,-892)->(1411,-885) (len^2=53)
[2013-07-10 00:53:49.292] separators=23
[2013-07-10 00:53:49.297] [TIME] intersection graph=35ms
[2013-07-10 00:53:49.299] [INFO] shortest triangulation segment: 0:(-389,1340)->(-391,1344) (len^2=20)
[2013-07-10 00:53:49.299] [INFO] shortest convex hull segment: 234:(975,-107)->(821,-101) (len^2=23752)
[2013-07-10 00:53:49.299] [STATS] it=0	lb=0	ub=1
[2013-07-10 00:53:49.299] [TIME] controller initialization=2234ms
IBM ILOG License Manager: "university-braunschweig" is accessing CPLEX 12 with option(s): "e m b q use=10 MaintenanceEnd=20110128 ".
[2013-07-10 00:53:50.686] [TIME] iteration 1=1388ms
[2013-07-10 00:53:50.688] [INFO] shortest constrained triangulation segment: 1:(1409,-892)->(1411,-885) (len^2=53)
[2013-07-10 00:53:50.688] [STATS] it=1	lb=1	ub=1
[2013-07-10 00:53:50.688] iterations=1 gap=0
[2013-07-10 00:53:50.688] [TIME] SAT solving=1388ms
[2013-07-10 00:53:50.688] [TIME] total=3624ms
