[2013-07-10 05:14:28.106] [INFO] Running in directory /tmp/hellmann/current_run
[2013-07-10 05:14:28.106] [INFO] Reading settings from /tmp/hellmann/current_run/config.json
[2013-07-10 05:14:28.131] [INFO] Reading input file ./0270/random_in_square_0270_1643_071.json ...
[2013-07-10 05:14:30.283] [TIME] generating segments=2139ms
[2013-07-10 05:14:30.284] points=270 segments=36315 convex hull=12
[2013-07-10 05:14:30.284] [INFO] shortest input segment: 0:(28,-281)->(27,-280) (len^2=2)
[2013-07-10 05:14:30.554] [INFO] shortest non-crossing segment: 15:(-1503,1504)->(-1548,1512) (len^2=2089)
[2013-07-10 05:14:30.554] separators=1457
[2013-07-10 05:14:39.168] [TIME] intersection graph=8884ms
[2013-07-10 05:14:39.169] [INFO] shortest triangulation segment: 0:(28,-281)->(27,-280) (len^2=2)
[2013-07-10 05:14:39.169] [INFO] shortest convex hull segment: 162:(-1639,1441)->(-1548,1512) (len^2=13322)
[2013-07-10 05:14:39.170] [STATS] it=0	lb=0	ub=15
[2013-07-10 05:14:39.170] [TIME] controller initialization=11048ms
IBM ILOG License Manager: "university-braunschweig" is accessing CPLEX 12 with option(s): "e m b q use=10 MaintenanceEnd=20110128 ".
[2013-07-10 05:14:56.015] [TIME] iteration 1=16846ms
[2013-07-10 05:14:56.015] [STATS] it=1	lb=10	ub=15
[2013-07-10 05:15:12.061] [TIME] iteration 2=16045ms
[2013-07-10 05:15:12.063] [INFO] shortest constrained triangulation segment: 15:(-1503,1504)->(-1548,1512) (len^2=2089)
[2013-07-10 05:15:12.063] [STATS] it=2	lb=15	ub=15
[2013-07-10 05:15:12.063] iterations=2 gap=0
[2013-07-10 05:15:12.063] [TIME] SAT solving=32891ms
[2013-07-10 05:15:12.063] [TIME] total=43943ms
