[2013-07-10 00:12:49.092] [INFO] Running in directory /tmp/hellmann/current_run
[2013-07-10 00:12:49.092] [INFO] Reading settings from /tmp/hellmann/current_run/config.json
[2013-07-10 00:12:49.110] [INFO] Reading input file ./0270/random_in_square_0270_1643_035.json ...
[2013-07-10 00:12:51.201] [TIME] generating segments=2079ms
[2013-07-10 00:12:51.203] points=270 segments=36315 convex hull=14
[2013-07-10 00:12:51.203] [INFO] shortest input segment: 0:(247,670)->(241,671) (len^2=37)
[2013-07-10 00:12:51.313] [INFO] shortest non-crossing segment: 6:(-1588,1207)->(-1572,1226) (len^2=617)
[2013-07-10 00:12:51.313] separators=220
[2013-07-10 00:12:51.507] [TIME] intersection graph=305ms
[2013-07-10 00:12:51.509] [INFO] shortest triangulation segment: 0:(247,670)->(241,671) (len^2=37)
[2013-07-10 00:12:51.509] [INFO] shortest convex hull segment: 111:(1248,-1597)->(1354,-1584) (len^2=11405)
[2013-07-10 00:12:51.509] [STATS] it=0	lb=0	ub=6
[2013-07-10 00:12:51.509] [TIME] controller initialization=2417ms
IBM ILOG License Manager: "university-braunschweig" is accessing CPLEX 12 with option(s): "e m b q use=10 MaintenanceEnd=20110128 ".
[2013-07-10 00:12:53.306] [TIME] iteration 1=1796ms
[2013-07-10 00:12:53.307] [INFO] shortest constrained triangulation segment: 6:(-1588,1207)->(-1572,1226) (len^2=617)
[2013-07-10 00:12:53.308] [STATS] it=1	lb=6	ub=6
[2013-07-10 00:12:53.308] iterations=1 gap=0
[2013-07-10 00:12:53.308] [TIME] SAT solving=1796ms
[2013-07-10 00:12:53.308] [TIME] total=4214ms
