[2013-07-10 01:27:47.021] [INFO] Running in directory /tmp/hellmann/current_run
[2013-07-10 01:27:47.030] [INFO] Reading settings from /tmp/hellmann/current_run/config.json
[2013-07-10 01:27:47.042] [INFO] Reading input file ./0270/random_in_square_0270_1643_048.json ...
[2013-07-10 01:27:49.222] [TIME] generating segments=2169ms
[2013-07-10 01:27:49.223] points=270 segments=36315 convex hull=12
[2013-07-10 01:27:49.223] [INFO] shortest input segment: 0:(-1244,1549)->(-1248,1556) (len^2=65)
[2013-07-10 01:27:49.682] [INFO] shortest non-crossing segment: 26:(1579,1090)->(1627,1101) (len^2=2425)
[2013-07-10 01:27:49.682] separators=2538
[2013-07-10 01:28:16.075] [TIME] intersection graph=26852ms
[2013-07-10 01:28:16.076] [INFO] shortest triangulation segment: 0:(-1244,1549)->(-1248,1556) (len^2=65)
[2013-07-10 01:28:16.076] [INFO] shortest convex hull segment: 346:(1539,1521)->(1363,1579) (len^2=34340)
[2013-07-10 01:28:16.076] [STATS] it=0	lb=0	ub=26
[2013-07-10 01:28:16.076] [TIME] controller initialization=29034ms
IBM ILOG License Manager: "university-braunschweig" is accessing CPLEX 12 with option(s): "e m b q use=10 MaintenanceEnd=20110128 ".
[2013-07-10 01:29:31.000] [TIME] iteration 1=74924ms
[2013-07-10 01:29:31.019] [STATS] it=1	lb=13	ub=26
[2013-07-10 01:30:45.658] [TIME] iteration 2=74639ms
[2013-07-10 01:30:45.682] [STATS] it=2	lb=21	ub=26
[2013-07-10 01:31:58.046] [TIME] iteration 3=72363ms
[2013-07-10 01:31:58.180] [INFO] shortest constrained triangulation segment: 26:(1579,1090)->(1627,1101) (len^2=2425)
[2013-07-10 01:31:58.180] [STATS] it=3	lb=26	ub=26
[2013-07-10 01:31:58.180] iterations=3 gap=0
[2013-07-10 01:31:58.180] [TIME] SAT solving=221911ms
[2013-07-10 01:31:58.180] [TIME] total=251138ms
