[2013-07-10 03:43:24.752] [INFO] Running in directory /tmp/hellmann/current_run
[2013-07-10 03:43:24.753] [INFO] Reading settings from /tmp/hellmann/current_run/config.json
[2013-07-10 03:43:24.753] [INFO] Reading input file ./0270/random_in_square_0270_1643_062.json ...
[2013-07-10 03:43:27.034] [TIME] generating segments=2277ms
[2013-07-10 03:43:27.035] points=270 segments=36315 convex hull=12
[2013-07-10 03:43:27.035] [INFO] shortest input segment: 0:(499,100)->(506,100) (len^2=49)
[2013-07-10 03:43:27.065] [INFO] shortest non-crossing segment: 1:(1626,543)->(1635,550) (len^2=130)
[2013-07-10 03:43:27.065] separators=45
[2013-07-10 03:43:27.085] [TIME] intersection graph=49ms
[2013-07-10 03:43:27.086] [INFO] shortest triangulation segment: 0:(499,100)->(506,100) (len^2=49)
[2013-07-10 03:43:27.086] [INFO] shortest convex hull segment: 60:(199,-1636)->(280,-1634) (len^2=6565)
[2013-07-10 03:43:27.086] [STATS] it=0	lb=0	ub=1
[2013-07-10 03:43:27.086] [TIME] controller initialization=2333ms
IBM ILOG License Manager: "university-braunschweig" is accessing CPLEX 12 with option(s): "e m b q use=10 MaintenanceEnd=20110128 ".
[2013-07-10 03:43:28.481] [TIME] iteration 1=1395ms
[2013-07-10 03:43:28.482] [INFO] shortest constrained triangulation segment: 1:(1626,543)->(1635,550) (len^2=130)
[2013-07-10 03:43:28.482] [STATS] it=1	lb=1	ub=1
[2013-07-10 03:43:28.482] iterations=1 gap=0
[2013-07-10 03:43:28.482] [TIME] SAT solving=1395ms
[2013-07-10 03:43:28.482] [TIME] total=3730ms
