[2013-07-09 22:30:58.005] [INFO] Running in directory /tmp/hellmann/current_run
[2013-07-09 22:30:58.015] [INFO] Reading settings from /tmp/hellmann/current_run/config.json
[2013-07-09 22:30:58.035] [INFO] Reading input file ./0270/random_in_square_0270_1643_018.json ...
[2013-07-09 22:31:00.020] [TIME] generating segments=1961ms
[2013-07-09 22:31:00.022] points=270 segments=36315 convex hull=16
[2013-07-09 22:31:00.022] [INFO] shortest input segment: 0:(-1315,-150)->(-1313,-148) (len^2=8)
[2013-07-09 22:31:00.051] [INFO] shortest non-crossing segment: 1:(1538,1598)->(1523,1599) (len^2=226)
[2013-07-09 22:31:00.051] separators=13
[2013-07-09 22:31:00.053] [TIME] intersection graph=30ms
[2013-07-09 22:31:00.054] [INFO] shortest triangulation segment: 0:(-1315,-150)->(-1313,-148) (len^2=8)
[2013-07-09 22:31:00.054] [INFO] shortest convex hull segment: 25:(1555,1553)->(1538,1598) (len^2=2314)
[2013-07-09 22:31:00.054] [STATS] it=0	lb=0	ub=1
[2013-07-09 22:31:00.054] [TIME] controller initialization=2018ms
IBM ILOG License Manager: "university-braunschweig" is accessing CPLEX 12 with option(s): "e m b q use=10 MaintenanceEnd=20110128 ".
[2013-07-09 22:31:01.610] [TIME] iteration 1=1556ms
[2013-07-09 22:31:01.611] [INFO] shortest constrained triangulation segment: 1:(1538,1598)->(1523,1599) (len^2=226)
[2013-07-09 22:31:01.611] [STATS] it=1	lb=1	ub=1
[2013-07-09 22:31:01.611] iterations=1 gap=0
[2013-07-09 22:31:01.612] [TIME] SAT solving=1556ms
[2013-07-09 22:31:01.612] [TIME] total=3577ms
