[2013-07-10 06:51:20.210] [INFO] Running in directory /tmp/hellmann/current_run
[2013-07-10 06:51:20.210] [INFO] Reading settings from /tmp/hellmann/current_run/config.json
[2013-07-10 06:51:20.235] [INFO] Reading input file ./0270/random_in_square_0270_1643_083.json ...
[2013-07-10 06:51:22.433] [TIME] generating segments=2183ms
[2013-07-10 06:51:22.435] points=270 segments=36315 convex hull=15
[2013-07-10 06:51:22.435] [INFO] shortest input segment: 0:(546,435)->(542,443) (len^2=80)
[2013-07-10 06:51:22.607] [INFO] shortest non-crossing segment: 9:(1579,-800)->(1564,-768) (len^2=1249)
[2013-07-10 06:51:22.607] separators=1075
[2013-07-10 06:51:27.752] [TIME] intersection graph=5316ms
[2013-07-10 06:51:27.753] [INFO] shortest triangulation segment: 0:(546,435)->(542,443) (len^2=80)
[2013-07-10 06:51:27.753] [INFO] shortest convex hull segment: 617:(-1364,-1391)->(-1461,-1156) (len^2=64634)
[2013-07-10 06:51:27.754] [STATS] it=0	lb=0	ub=9
[2013-07-10 06:51:27.754] [TIME] controller initialization=7529ms
IBM ILOG License Manager: "university-braunschweig" is accessing CPLEX 12 with option(s): "e m b q use=10 MaintenanceEnd=20110128 ".
[2013-07-10 06:51:37.559] [TIME] iteration 1=9806ms
[2013-07-10 06:51:37.561] [INFO] shortest constrained triangulation segment: 9:(1579,-800)->(1564,-768) (len^2=1249)
[2013-07-10 06:51:37.561] [STATS] it=1	lb=9	ub=9
[2013-07-10 06:51:37.561] iterations=1 gap=0
[2013-07-10 06:51:37.561] [TIME] SAT solving=9806ms
[2013-07-10 06:51:37.561] [TIME] total=17336ms
