[2013-07-04 22:24:07.098] [INFO] Running in directory /tmp/hellmann/current_run
[2013-07-04 22:24:07.098] [INFO] Reading settings from /tmp/hellmann/current_run/config.json
[2013-07-04 22:24:07.098] [INFO] Reading input file ./0120/random_in_square_0120_1095_079.json ...
[2013-07-04 22:24:07.229] [TIME] generating segments=123ms
[2013-07-04 22:24:07.229] points=120 segments=7140 convex hull=10
[2013-07-04 22:24:07.229] [INFO] shortest input segment: 0:(-158,-61)->(-166,-59) (len^2=68)
[2013-07-04 22:24:07.535] [INFO] shortest non-crossing segment: 44:(-1034,693)->(-1047,786) (len^2=8818)
[2013-07-04 22:24:07.535] separators=2097
[2013-07-04 22:24:25.969] [TIME] intersection graph=18740ms
[2013-07-04 22:24:25.969] [INFO] shortest triangulation segment: 0:(-158,-61)->(-166,-59) (len^2=68)
[2013-07-04 22:24:25.969] [INFO] shortest convex hull segment: 146:(-1047,786)->(-931,929) (len^2=33905)
[2013-07-04 22:24:25.970] [STATS] it=0	lb=0	ub=44
[2013-07-04 22:24:25.970] [TIME] controller initialization=18872ms
IBM ILOG License Manager: "university-braunschweig" is accessing CPLEX 12 with option(s): "e m b q use=10 MaintenanceEnd=20110128 ".
[2013-07-04 22:35:20.801] [ERROR] Solution is infeasible
[2013-07-04 22:35:20.841] [TIME] iteration 1=654871ms
[2013-07-04 22:35:20.842] [STATS] it=1	lb=0	ub=21
[2013-07-04 22:35:31.092] [TIME] iteration 2=10248ms
[2013-07-04 22:35:31.092] [STATS] it=2	lb=11	ub=21
[2013-07-04 22:35:38.569] [TIME] iteration 3=7478ms
[2013-07-04 22:35:38.569] [STATS] it=3	lb=17	ub=21
[2013-07-04 22:35:46.099] [TIME] iteration 4=7528ms
[2013-07-04 22:35:46.099] [STATS] it=4	lb=19	ub=21
[2013-07-04 22:35:58.173] [ERROR] Solution is infeasible
[2013-07-04 22:35:58.180] [TIME] iteration 5=12080ms
[2013-07-04 22:35:58.192] [INFO] shortest constrained triangulation segment: 19:(-990,401)->(-998,458) (len^2=3313)
[2013-07-04 22:35:58.192] [STATS] it=5	lb=19	ub=19
[2013-07-04 22:35:58.192] iterations=5 gap=0
[2013-07-04 22:35:58.192] [TIME] SAT solving=692204ms
[2013-07-04 22:35:58.192] [TIME] total=711093ms
