[2013-07-04 20:08:26.164] [INFO] Running in directory /tmp/hellmann/current_run
[2013-07-04 20:08:26.165] [INFO] Reading settings from /tmp/hellmann/current_run/config.json
[2013-07-04 20:08:26.167] [INFO] Reading input file ./0120/random_in_square_0120_1095_000.json ...
[2013-07-04 20:08:26.301] [TIME] generating segments=124ms
[2013-07-04 20:08:26.301] points=120 segments=7140 convex hull=11
[2013-07-04 20:08:26.301] [INFO] shortest input segment: 0:(-537,764)->(-548,774) (len^2=221)
[2013-07-04 20:08:26.337] [INFO] shortest non-crossing segment: 5:(-938,-961)->(-911,-948) (len^2=898)
[2013-07-04 20:08:26.337] separators=152
[2013-07-04 20:08:26.467] [TIME] intersection graph=166ms
[2013-07-04 20:08:26.468] [INFO] shortest triangulation segment: 0:(-537,764)->(-548,774) (len^2=221)
[2013-07-04 20:08:26.468] [INFO] shortest convex hull segment: 296:(761,-1039)->(1010,-949) (len^2=70101)
[2013-07-04 20:08:26.468] [STATS] it=0	lb=0	ub=5
[2013-07-04 20:08:26.468] [TIME] controller initialization=304ms
IBM ILOG License Manager: "university-braunschweig" is accessing CPLEX 12 with option(s): "e m b q use=10 MaintenanceEnd=20110128 ".
[2013-07-04 20:08:26.631] [TIME] iteration 1=163ms
[2013-07-04 20:08:26.632] [STATS] it=1	lb=4	ub=5
[2013-07-04 20:08:26.778] [TIME] iteration 2=146ms
[2013-07-04 20:08:26.779] [INFO] shortest constrained triangulation segment: 5:(-938,-961)->(-911,-948) (len^2=898)
[2013-07-04 20:08:26.779] [STATS] it=2	lb=5	ub=5
[2013-07-04 20:08:26.779] iterations=2 gap=0
[2013-07-04 20:08:26.779] [TIME] SAT solving=309ms
[2013-07-04 20:08:26.779] [TIME] total=614ms
