[2013-07-04 21:19:53.990] [INFO] Running in directory /tmp/hellmann/current_run
[2013-07-04 21:19:53.991] [INFO] Reading settings from /tmp/hellmann/current_run/config.json
[2013-07-04 21:19:53.991] [INFO] Reading input file ./0120/random_in_square_0120_1095_047.json ...
[2013-07-04 21:19:54.121] [TIME] generating segments=125ms
[2013-07-04 21:19:54.121] points=120 segments=7140 convex hull=10
[2013-07-04 21:19:54.121] [INFO] shortest input segment: 0:(-337,943)->(-334,949) (len^2=45)
[2013-07-04 21:19:54.149] [INFO] shortest non-crossing segment: 4:(-1007,215)->(-1025,220) (len^2=349)
[2013-07-04 21:19:54.149] separators=34
[2013-07-04 21:19:54.153] [TIME] intersection graph=32ms
[2013-07-04 21:19:54.154] [INFO] shortest triangulation segment: 0:(-337,943)->(-334,949) (len^2=45)
[2013-07-04 21:19:54.154] [INFO] shortest convex hull segment: 130:(1013,846)->(943,1010) (len^2=31796)
[2013-07-04 21:19:54.154] [STATS] it=0	lb=0	ub=4
[2013-07-04 21:19:54.154] [TIME] controller initialization=163ms
IBM ILOG License Manager: "university-braunschweig" is accessing CPLEX 12 with option(s): "e m b q use=10 MaintenanceEnd=20110128 ".
[2013-07-04 21:19:54.219] [TIME] iteration 1=64ms
[2013-07-04 21:19:54.220] [INFO] shortest constrained triangulation segment: 4:(-1007,215)->(-1025,220) (len^2=349)
[2013-07-04 21:19:54.220] [STATS] it=1	lb=4	ub=4
[2013-07-04 21:19:54.220] iterations=1 gap=0
[2013-07-04 21:19:54.220] [TIME] SAT solving=64ms
[2013-07-04 21:19:54.220] [TIME] total=228ms
