[2013-07-04 21:20:28.426] [INFO] Running in directory /tmp/hellmann/current_run
[2013-07-04 21:20:28.426] [INFO] Reading settings from /tmp/hellmann/current_run/config.json
[2013-07-04 21:20:28.426] [INFO] Reading input file ./0120/random_in_square_0120_1095_051.json ...
[2013-07-04 21:20:28.561] [TIME] generating segments=126ms
[2013-07-04 21:20:28.561] points=120 segments=7140 convex hull=8
[2013-07-04 21:20:28.561] [INFO] shortest input segment: 0:(1009,-730)->(1015,-717) (len^2=205)
[2013-07-04 21:20:28.610] [INFO] shortest non-crossing segment: 7:(-38,1041)->(-79,1046) (len^2=1706)
[2013-07-04 21:20:28.610] separators=278
[2013-07-04 21:20:29.019] [TIME] intersection graph=458ms
[2013-07-04 21:20:29.020] [INFO] shortest triangulation segment: 0:(1009,-730)->(1015,-717) (len^2=205)
[2013-07-04 21:20:29.020] [INFO] shortest convex hull segment: 656:(690,-1049)->(1092,-1028) (len^2=162045)
[2013-07-04 21:20:29.020] [STATS] it=0	lb=0	ub=7
[2013-07-04 21:20:29.020] [TIME] controller initialization=593ms
IBM ILOG License Manager: "university-braunschweig" is accessing CPLEX 12 with option(s): "e m b q use=10 MaintenanceEnd=20110128 ".
[2013-07-04 21:20:29.448] [TIME] iteration 1=428ms
[2013-07-04 21:20:29.448] [STATS] it=1	lb=4	ub=7
[2013-07-04 21:20:29.878] [TIME] iteration 2=430ms
[2013-07-04 21:20:29.879] [INFO] shortest constrained triangulation segment: 0:(1009,-730)->(1015,-717) (len^2=205)
[2013-07-04 21:20:29.879] [STATS] it=2	lb=7	ub=7
[2013-07-04 21:20:29.879] iterations=2 gap=0
[2013-07-04 21:20:29.879] [TIME] SAT solving=858ms
[2013-07-04 21:20:29.879] [TIME] total=1452ms
