[2013-07-04 21:19:49.257] [INFO] Running in directory /tmp/hellmann/current_run
[2013-07-04 21:19:49.257] [INFO] Reading settings from /tmp/hellmann/current_run/config.json
[2013-07-04 21:19:49.258] [INFO] Reading input file ./0120/random_in_square_0120_1095_040.json ...
[2013-07-04 21:19:49.397] [TIME] generating segments=125ms
[2013-07-04 21:19:49.398] points=120 segments=7140 convex hull=16
[2013-07-04 21:19:49.398] [INFO] shortest input segment: 0:(179,631)->(194,643) (len^2=369)
[2013-07-04 21:19:49.460] [INFO] shortest non-crossing segment: 9:(1071,896)->(1019,908) (len^2=2848)
[2013-07-04 21:19:49.460] separators=393
[2013-07-04 21:19:50.054] [TIME] intersection graph=657ms
[2013-07-04 21:19:50.055] [INFO] shortest triangulation segment: 0:(179,631)->(194,643) (len^2=369)
[2013-07-04 21:19:50.055] [INFO] shortest convex hull segment: 9:(1071,896)->(1019,908) (len^2=2848)
[2013-07-04 21:19:50.055] [STATS] it=0	lb=0	ub=9
[2013-07-04 21:19:50.055] [TIME] controller initialization=798ms
IBM ILOG License Manager: "university-braunschweig" is accessing CPLEX 12 with option(s): "e m b q use=10 MaintenanceEnd=20110128 ".
[2013-07-04 21:19:50.704] [TIME] iteration 1=649ms
[2013-07-04 21:19:50.704] [STATS] it=1	lb=7	ub=9
[2013-07-04 21:19:51.304] [TIME] iteration 2=600ms
[2013-07-04 21:19:51.305] [INFO] shortest constrained triangulation segment: 9:(1071,896)->(1019,908) (len^2=2848)
[2013-07-04 21:19:51.305] [STATS] it=2	lb=9	ub=9
[2013-07-04 21:19:51.305] iterations=2 gap=0
[2013-07-04 21:19:51.305] [TIME] SAT solving=1249ms
[2013-07-04 21:19:51.305] [TIME] total=2047ms
