[2013-07-04 20:38:50.692] [INFO] Running in directory /tmp/hellmann/current_run
[2013-07-04 20:38:50.692] [INFO] Reading settings from /tmp/hellmann/current_run/config.json
[2013-07-04 20:38:50.692] [INFO] Reading input file ./0120/random_in_square_0120_1095_007.json ...
[2013-07-04 20:38:50.824] [TIME] generating segments=121ms
[2013-07-04 20:38:50.824] points=120 segments=7140 convex hull=13
[2013-07-04 20:38:50.824] [INFO] shortest input segment: 0:(-264,-599)->(-258,-598) (len^2=37)
[2013-07-04 20:38:50.835] [INFO] shortest non-crossing segment: 1:(999,1069)->(1009,1077) (len^2=164)
[2013-07-04 20:38:50.835] separators=8
[2013-07-04 20:38:50.836] [TIME] intersection graph=11ms
[2013-07-04 20:38:50.836] [INFO] shortest triangulation segment: 0:(-264,-599)->(-258,-598) (len^2=37)
[2013-07-04 20:38:50.836] [INFO] shortest convex hull segment: 3:(1026,1068)->(1009,1077) (len^2=370)
[2013-07-04 20:38:50.836] [STATS] it=0	lb=0	ub=1
[2013-07-04 20:38:50.836] [TIME] controller initialization=144ms
IBM ILOG License Manager: "university-braunschweig" is accessing CPLEX 12 with option(s): "e m b q use=10 MaintenanceEnd=20110128 ".
[2013-07-04 20:38:50.899] [TIME] iteration 1=63ms
[2013-07-04 20:38:50.900] [INFO] shortest constrained triangulation segment: 1:(999,1069)->(1009,1077) (len^2=164)
[2013-07-04 20:38:50.900] [STATS] it=1	lb=1	ub=1
[2013-07-04 20:38:50.900] iterations=1 gap=0
[2013-07-04 20:38:50.900] [TIME] SAT solving=63ms
[2013-07-04 20:38:50.900] [TIME] total=208ms
