[2013-07-04 20:38:57.339] [INFO] Running in directory /tmp/hellmann/current_run
[2013-07-04 20:38:57.339] [INFO] Reading settings from /tmp/hellmann/current_run/config.json
[2013-07-04 20:38:57.339] [INFO] Reading input file ./0120/random_in_square_0120_1095_013.json ...
[2013-07-04 20:38:57.472] [TIME] generating segments=128ms
[2013-07-04 20:38:57.473] points=120 segments=7140 convex hull=15
[2013-07-04 20:38:57.473] [INFO] shortest input segment: 0:(-195,-146)->(-196,-137) (len^2=82)
[2013-07-04 20:38:57.533] [INFO] shortest non-crossing segment: 9:(446,-1086)->(412,-1065) (len^2=1597)
[2013-07-04 20:38:57.533] separators=298
[2013-07-04 20:38:57.979] [TIME] intersection graph=505ms
[2013-07-04 20:38:57.979] [INFO] shortest triangulation segment: 0:(-195,-146)->(-196,-137) (len^2=82)
[2013-07-04 20:38:57.980] [INFO] shortest convex hull segment: 25:(1080,559)->(1079,622) (len^2=3970)
[2013-07-04 20:38:57.980] [STATS] it=0	lb=0	ub=9
[2013-07-04 20:38:57.980] [TIME] controller initialization=641ms
IBM ILOG License Manager: "university-braunschweig" is accessing CPLEX 12 with option(s): "e m b q use=10 MaintenanceEnd=20110128 ".
[2013-07-04 20:38:58.470] [TIME] iteration 1=491ms
[2013-07-04 20:38:58.470] [STATS] it=1	lb=5	ub=9
[2013-07-04 20:38:58.931] [TIME] iteration 2=460ms
[2013-07-04 20:38:58.931] [STATS] it=2	lb=7	ub=9
[2013-07-04 20:38:59.394] [TIME] iteration 3=463ms
[2013-07-04 20:38:59.394] [STATS] it=3	lb=8	ub=9
[2013-07-04 20:38:59.852] [TIME] iteration 4=458ms
[2013-07-04 20:38:59.853] [INFO] shortest constrained triangulation segment: 9:(446,-1086)->(412,-1065) (len^2=1597)
[2013-07-04 20:38:59.853] [STATS] it=4	lb=9	ub=9
[2013-07-04 20:38:59.853] iterations=4 gap=0
[2013-07-04 20:38:59.853] [TIME] SAT solving=1872ms
[2013-07-04 20:38:59.853] [TIME] total=2514ms
