[2013-07-04 20:08:27.264] [INFO] Running in directory /tmp/hellmann/current_run
[2013-07-04 20:08:27.264] [INFO] Reading settings from /tmp/hellmann/current_run/config.json
[2013-07-04 20:08:27.265] [INFO] Reading input file ./0120/random_in_square_0120_1095_003.json ...
[2013-07-04 20:08:27.402] [TIME] generating segments=125ms
[2013-07-04 20:08:27.403] points=120 segments=7140 convex hull=10
[2013-07-04 20:08:27.403] [INFO] shortest input segment: 0:(477,455)->(458,457) (len^2=365)
[2013-07-04 20:08:27.508] [INFO] shortest non-crossing segment: 16:(1035,-307)->(1071,-260) (len^2=3505)
[2013-07-04 20:08:27.508] separators=645
[2013-07-04 20:08:29.491] [TIME] intersection graph=2089ms
[2013-07-04 20:08:29.491] [INFO] shortest triangulation segment: 0:(477,455)->(458,457) (len^2=365)
[2013-07-04 20:08:29.492] [INFO] shortest convex hull segment: 681:(-754,-1089)->(-343,-1071) (len^2=169245)
[2013-07-04 20:08:29.492] [STATS] it=0	lb=0	ub=16
[2013-07-04 20:08:29.492] [TIME] controller initialization=2228ms
IBM ILOG License Manager: "university-braunschweig" is accessing CPLEX 12 with option(s): "e m b q use=10 MaintenanceEnd=20110128 ".
[2013-07-04 20:08:32.136] [TIME] iteration 1=2643ms
[2013-07-04 20:08:32.136] [STATS] it=1	lb=8	ub=16
[2013-07-04 20:08:34.639] [TIME] iteration 2=2503ms
[2013-07-04 20:08:34.639] [STATS] it=2	lb=13	ub=16
[2013-07-04 20:08:37.249] [TIME] iteration 3=2609ms
[2013-07-04 20:08:37.250] [INFO] shortest constrained triangulation segment: 16:(1035,-307)->(1071,-260) (len^2=3505)
[2013-07-04 20:08:37.250] [STATS] it=3	lb=16	ub=16
[2013-07-04 20:08:37.250] iterations=3 gap=0
[2013-07-04 20:08:37.250] [TIME] SAT solving=7755ms
[2013-07-04 20:08:37.250] [TIME] total=9986ms
