[2013-07-04 21:19:52.754] [INFO] Running in directory /tmp/hellmann/current_run
[2013-07-04 21:19:52.754] [INFO] Reading settings from /tmp/hellmann/current_run/config.json
[2013-07-04 21:19:52.754] [INFO] Reading input file ./0120/random_in_square_0120_1095_044.json ...
[2013-07-04 21:19:52.905] [TIME] generating segments=132ms
[2013-07-04 21:19:52.905] points=120 segments=7140 convex hull=14
[2013-07-04 21:19:52.905] [INFO] shortest input segment: 0:(151,482)->(150,499) (len^2=290)
[2013-07-04 21:19:52.958] [INFO] shortest non-crossing segment: 8:(-1010,-842)->(-1021,-811) (len^2=1082)
[2013-07-04 21:19:52.958] separators=177
[2013-07-04 21:19:53.113] [TIME] intersection graph=207ms
[2013-07-04 21:19:53.114] [INFO] shortest triangulation segment: 0:(151,482)->(150,499) (len^2=290)
[2013-07-04 21:19:53.114] [INFO] shortest convex hull segment: 119:(-1063,773)->(-1017,945) (len^2=31700)
[2013-07-04 21:19:53.114] [STATS] it=0	lb=0	ub=8
[2013-07-04 21:19:53.114] [TIME] controller initialization=359ms
IBM ILOG License Manager: "university-braunschweig" is accessing CPLEX 12 with option(s): "e m b q use=10 MaintenanceEnd=20110128 ".
[2013-07-04 21:19:53.298] [TIME] iteration 1=184ms
[2013-07-04 21:19:53.298] [STATS] it=1	lb=6	ub=8
[2013-07-04 21:19:53.469] [TIME] iteration 2=171ms
[2013-07-04 21:19:53.469] [INFO] shortest constrained triangulation segment: 8:(-1010,-842)->(-1021,-811) (len^2=1082)
[2013-07-04 21:19:53.469] [STATS] it=2	lb=8	ub=8
[2013-07-04 21:19:53.469] iterations=2 gap=0
[2013-07-04 21:19:53.469] [TIME] SAT solving=355ms
[2013-07-04 21:19:53.470] [TIME] total=716ms
