[2013-07-04 20:45:17.488] [INFO] Running in directory /tmp/hellmann/current_run
[2013-07-04 20:45:17.488] [INFO] Reading settings from /tmp/hellmann/current_run/config.json
[2013-07-04 20:45:17.488] [INFO] Reading input file ./0120/random_in_square_0120_1095_021.json ...
[2013-07-04 20:45:17.627] [TIME] generating segments=127ms
[2013-07-04 20:45:17.628] points=120 segments=7140 convex hull=10
[2013-07-04 20:45:17.628] [INFO] shortest input segment: 0:(849,669)->(845,676) (len^2=65)
[2013-07-04 20:45:17.650] [INFO] shortest non-crossing segment: 3:(1044,1051)->(1027,1059) (len^2=353)
[2013-07-04 20:45:17.650] separators=51
[2013-07-04 20:45:17.668] [TIME] intersection graph=39ms
[2013-07-04 20:45:17.669] [INFO] shortest triangulation segment: 0:(849,669)->(845,676) (len^2=65)
[2013-07-04 20:45:17.669] [INFO] shortest convex hull segment: 3:(1044,1051)->(1027,1059) (len^2=353)
[2013-07-04 20:45:17.669] [STATS] it=0	lb=0	ub=3
[2013-07-04 20:45:17.669] [TIME] controller initialization=180ms
IBM ILOG License Manager: "university-braunschweig" is accessing CPLEX 12 with option(s): "e m b q use=10 MaintenanceEnd=20110128 ".
[2013-07-04 20:45:17.742] [TIME] iteration 1=72ms
[2013-07-04 20:45:17.743] [INFO] shortest constrained triangulation segment: 3:(1044,1051)->(1027,1059) (len^2=353)
[2013-07-04 20:45:17.743] [STATS] it=1	lb=3	ub=3
[2013-07-04 20:45:17.743] iterations=1 gap=0
[2013-07-04 20:45:17.743] [TIME] SAT solving=72ms
[2013-07-04 20:45:17.743] [TIME] total=254ms
