[2013-07-04 21:20:44.810] [INFO] Running in directory /tmp/hellmann/current_run
[2013-07-04 21:20:44.810] [INFO] Reading settings from /tmp/hellmann/current_run/config.json
[2013-07-04 21:20:44.810] [INFO] Reading input file ./0120/random_in_square_0120_1095_058.json ...
[2013-07-04 21:20:44.948] [TIME] generating segments=130ms
[2013-07-04 21:20:44.949] points=120 segments=7140 convex hull=13
[2013-07-04 21:20:44.949] [INFO] shortest input segment: 0:(718,-801)->(722,-792) (len^2=97)
[2013-07-04 21:20:45.021] [INFO] shortest non-crossing segment: 11:(-311,1004)->(-311,1046) (len^2=1764)
[2013-07-04 21:20:45.021] separators=367
[2013-07-04 21:20:45.624] [TIME] intersection graph=675ms
[2013-07-04 21:20:45.624] [INFO] shortest triangulation segment: 0:(718,-801)->(722,-792) (len^2=97)
[2013-07-04 21:20:45.624] [INFO] shortest convex hull segment: 78:(-1083,-121)->(-1082,10) (len^2=17162)
[2013-07-04 21:20:45.625] [STATS] it=0	lb=0	ub=11
[2013-07-04 21:20:45.625] [TIME] controller initialization=815ms
IBM ILOG License Manager: "university-braunschweig" is accessing CPLEX 12 with option(s): "e m b q use=10 MaintenanceEnd=20110128 ".
[2013-07-04 21:20:46.244] [TIME] iteration 1=619ms
[2013-07-04 21:20:46.244] [STATS] it=1	lb=8	ub=11
[2013-07-04 21:20:46.861] [TIME] iteration 2=617ms
[2013-07-04 21:20:46.861] [STATS] it=2	lb=10	ub=11
[2013-07-04 21:20:47.477] [TIME] iteration 3=617ms
[2013-07-04 21:20:47.478] [INFO] shortest constrained triangulation segment: 11:(-311,1004)->(-311,1046) (len^2=1764)
[2013-07-04 21:20:47.478] [STATS] it=3	lb=11	ub=11
[2013-07-04 21:20:47.478] iterations=3 gap=0
[2013-07-04 21:20:47.478] [TIME] SAT solving=1853ms
[2013-07-04 21:20:47.478] [TIME] total=2669ms
