[2013-07-04 20:38:50.406] [INFO] Running in directory /tmp/hellmann/current_run
[2013-07-04 20:38:50.406] [INFO] Reading settings from /tmp/hellmann/current_run/config.json
[2013-07-04 20:38:50.423] [INFO] Reading input file ./0120/random_in_square_0120_1095_006.json ...
[2013-07-04 20:38:50.567] [TIME] generating segments=134ms
[2013-07-04 20:38:50.568] points=120 segments=7140 convex hull=15
[2013-07-04 20:38:50.568] [INFO] shortest input segment: 0:(-505,370)->(-520,379) (len^2=306)
[2013-07-04 20:38:50.579] [INFO] shortest non-crossing segment: 1:(-390,1059)->(-379,1077) (len^2=445)
[2013-07-04 20:38:50.579] separators=36
[2013-07-04 20:38:50.592] [TIME] intersection graph=23ms
[2013-07-04 20:38:50.592] [INFO] shortest triangulation segment: 0:(-505,370)->(-520,379) (len^2=306)
[2013-07-04 20:38:50.592] [INFO] shortest convex hull segment: 3:(-989,718)->(-982,744) (len^2=725)
[2013-07-04 20:38:50.592] [STATS] it=0	lb=0	ub=1
[2013-07-04 20:38:50.592] [TIME] controller initialization=173ms
IBM ILOG License Manager: "university-braunschweig" is accessing CPLEX 12 with option(s): "e m b q use=10 MaintenanceEnd=20110128 ".
[2013-07-04 20:38:50.665] [TIME] iteration 1=72ms
[2013-07-04 20:38:50.666] [INFO] shortest constrained triangulation segment: 1:(-390,1059)->(-379,1077) (len^2=445)
[2013-07-04 20:38:50.666] [STATS] it=1	lb=1	ub=1
[2013-07-04 20:38:50.666] iterations=1 gap=0
[2013-07-04 20:38:50.666] [TIME] SAT solving=72ms
[2013-07-04 20:38:50.666] [TIME] total=246ms
