[2013-07-04 20:39:02.010] [INFO] Running in directory /tmp/hellmann/current_run
[2013-07-04 20:39:02.010] [INFO] Reading settings from /tmp/hellmann/current_run/config.json
[2013-07-04 20:39:02.010] [INFO] Reading input file ./0120/random_in_square_0120_1095_016.json ...
[2013-07-04 20:39:02.147] [TIME] generating segments=123ms
[2013-07-04 20:39:02.147] points=120 segments=7140 convex hull=15
[2013-07-04 20:39:02.147] [INFO] shortest input segment: 0:(-503,-121)->(-506,-104) (len^2=298)
[2013-07-04 20:39:02.159] [INFO] shortest non-crossing segment: 1:(-1001,247)->(-978,248) (len^2=530)
[2013-07-04 20:39:02.159] separators=34
[2013-07-04 20:39:02.170] [TIME] intersection graph=22ms
[2013-07-04 20:39:02.170] [INFO] shortest triangulation segment: 0:(-503,-121)->(-506,-104) (len^2=298)
[2013-07-04 20:39:02.170] [INFO] shortest convex hull segment: 2:(895,1042)->(865,1050) (len^2=964)
[2013-07-04 20:39:02.170] [STATS] it=0	lb=0	ub=1
[2013-07-04 20:39:02.170] [TIME] controller initialization=160ms
IBM ILOG License Manager: "university-braunschweig" is accessing CPLEX 12 with option(s): "e m b q use=10 MaintenanceEnd=20110128 ".
[2013-07-04 20:39:02.242] [TIME] iteration 1=71ms
[2013-07-04 20:39:02.243] [INFO] shortest constrained triangulation segment: 1:(-1001,247)->(-978,248) (len^2=530)
[2013-07-04 20:39:02.243] [STATS] it=1	lb=1	ub=1
[2013-07-04 20:39:02.243] iterations=1 gap=0
[2013-07-04 20:39:02.243] [TIME] SAT solving=71ms
[2013-07-04 20:39:02.243] [TIME] total=232ms
