[2013-07-04 20:38:51.487] [INFO] Running in directory /tmp/hellmann/current_run
[2013-07-04 20:38:51.487] [INFO] Reading settings from /tmp/hellmann/current_run/config.json
[2013-07-04 20:38:51.487] [INFO] Reading input file ./0120/random_in_square_0120_1095_010.json ...
[2013-07-04 20:38:51.620] [TIME] generating segments=125ms
[2013-07-04 20:38:51.620] points=120 segments=7140 convex hull=12
[2013-07-04 20:38:51.620] [INFO] shortest input segment: 0:(891,-1)->(900,4) (len^2=106)
[2013-07-04 20:38:51.637] [INFO] shortest non-crossing segment: 2:(983,923)->(951,930) (len^2=1073)
[2013-07-04 20:38:51.637] separators=65
[2013-07-04 20:38:51.675] [TIME] intersection graph=54ms
[2013-07-04 20:38:51.675] [INFO] shortest triangulation segment: 0:(891,-1)->(900,4) (len^2=106)
[2013-07-04 20:38:51.675] [INFO] shortest convex hull segment: 11:(998,-1009)->(1034,-964) (len^2=3321)
[2013-07-04 20:38:51.676] [STATS] it=0	lb=0	ub=2
[2013-07-04 20:38:51.676] [TIME] controller initialization=188ms
IBM ILOG License Manager: "university-braunschweig" is accessing CPLEX 12 with option(s): "e m b q use=10 MaintenanceEnd=20110128 ".
[2013-07-04 20:38:51.759] [TIME] iteration 1=83ms
[2013-07-04 20:38:51.760] [INFO] shortest constrained triangulation segment: 2:(983,923)->(951,930) (len^2=1073)
[2013-07-04 20:38:51.760] [STATS] it=1	lb=2	ub=2
[2013-07-04 20:38:51.760] iterations=1 gap=0
[2013-07-04 20:38:51.760] [TIME] SAT solving=83ms
[2013-07-04 20:38:51.760] [TIME] total=272ms
