[2013-07-04 22:36:26.609] [INFO] Running in directory /tmp/hellmann/current_run
[2013-07-04 22:36:26.609] [INFO] Reading settings from /tmp/hellmann/current_run/config.json
[2013-07-04 22:36:26.621] [INFO] Reading input file ./0120/random_in_square_0120_1095_083.json ...
[2013-07-04 22:36:26.754] [TIME] generating segments=122ms
[2013-07-04 22:36:26.755] points=120 segments=7140 convex hull=11
[2013-07-04 22:36:26.755] [INFO] shortest input segment: 0:(689,-659)->(682,-649) (len^2=149)
[2013-07-04 22:36:26.821] [INFO] shortest non-crossing segment: 10:(934,-1088)->(908,-1040) (len^2=2980)
[2013-07-04 22:36:26.821] separators=304
[2013-07-04 22:36:27.289] [TIME] intersection graph=534ms
[2013-07-04 22:36:27.290] [INFO] shortest triangulation segment: 1:(454,900)->(470,906) (len^2=292)
[2013-07-04 22:36:27.290] [INFO] shortest convex hull segment: 50:(1040,-435)->(1056,-322) (len^2=13025)
[2013-07-04 22:36:27.290] [STATS] it=0	lb=1	ub=10
[2013-07-04 22:36:27.290] [TIME] controller initialization=681ms
IBM ILOG License Manager: "university-braunschweig" is accessing CPLEX 12 with option(s): "e m b q use=10 MaintenanceEnd=20110128 ".
[2013-07-04 22:36:27.774] [TIME] iteration 1=485ms
[2013-07-04 22:36:27.775] [STATS] it=1	lb=6	ub=10
[2013-07-04 22:36:28.272] [TIME] iteration 2=497ms
[2013-07-04 22:36:28.272] [STATS] it=2	lb=8	ub=10
[2013-07-04 22:36:28.786] [TIME] iteration 3=514ms
[2013-07-04 22:36:28.786] [STATS] it=3	lb=9	ub=10
[2013-07-04 22:36:29.297] [TIME] iteration 4=510ms
[2013-07-04 22:36:29.298] [INFO] shortest constrained triangulation segment: 10:(934,-1088)->(908,-1040) (len^2=2980)
[2013-07-04 22:36:29.298] [STATS] it=4	lb=10	ub=10
[2013-07-04 22:36:29.298] iterations=4 gap=0
[2013-07-04 22:36:29.298] [TIME] SAT solving=2006ms
[2013-07-04 22:36:29.298] [TIME] total=2689ms
