[2013-07-04 20:38:59.877] [INFO] Running in directory /tmp/hellmann/current_run
[2013-07-04 20:38:59.877] [INFO] Reading settings from /tmp/hellmann/current_run/config.json
[2013-07-04 20:38:59.877] [INFO] Reading input file ./0120/random_in_square_0120_1095_014.json ...
[2013-07-04 20:39:00.016] [TIME] generating segments=125ms
[2013-07-04 20:39:00.017] points=120 segments=7140 convex hull=16
[2013-07-04 20:39:00.017] [INFO] shortest input segment: 0:(-189,-250)->(-184,-241) (len^2=106)
[2013-07-04 20:39:00.039] [INFO] shortest non-crossing segment: 3:(519,-1092)->(516,-1079) (len^2=178)
[2013-07-04 20:39:00.039] separators=37
[2013-07-04 20:39:00.046] [TIME] intersection graph=29ms
[2013-07-04 20:39:00.047] [INFO] shortest triangulation segment: 0:(-189,-250)->(-184,-241) (len^2=106)
[2013-07-04 20:39:00.047] [INFO] shortest convex hull segment: 31:(-1046,678)->(-988,719) (len^2=5045)
[2013-07-04 20:39:00.047] [STATS] it=0	lb=0	ub=3
[2013-07-04 20:39:00.047] [TIME] controller initialization=169ms
IBM ILOG License Manager: "university-braunschweig" is accessing CPLEX 12 with option(s): "e m b q use=10 MaintenanceEnd=20110128 ".
[2013-07-04 20:39:00.116] [TIME] iteration 1=69ms
[2013-07-04 20:39:00.117] [INFO] shortest constrained triangulation segment: 3:(519,-1092)->(516,-1079) (len^2=178)
[2013-07-04 20:39:00.117] [STATS] it=1	lb=3	ub=3
[2013-07-04 20:39:00.117] iterations=1 gap=0
[2013-07-04 20:39:00.117] [TIME] SAT solving=69ms
[2013-07-04 20:39:00.117] [TIME] total=240ms
