[2013-07-04 21:15:18.900] [INFO] Running in directory /tmp/hellmann/current_run
[2013-07-04 21:15:18.900] [INFO] Reading settings from /tmp/hellmann/current_run/config.json
[2013-07-04 21:15:18.923] [INFO] Reading input file ./0120/random_in_square_0120_1095_023.json ...
[2013-07-04 21:15:19.068] [TIME] generating segments=130ms
[2013-07-04 21:15:19.068] points=120 segments=7140 convex hull=12
[2013-07-04 21:15:19.068] [INFO] shortest input segment: 0:(-380,-427)->(-405,-413) (len^2=821)
[2013-07-04 21:15:19.097] [INFO] shortest non-crossing segment: 4:(637,-1029)->(650,-994) (len^2=1394)
[2013-07-04 21:15:19.097] separators=75
[2013-07-04 21:15:19.140] [TIME] intersection graph=72ms
[2013-07-04 21:15:19.141] [INFO] shortest triangulation segment: 0:(-380,-427)->(-405,-413) (len^2=821)
[2013-07-04 21:15:19.141] [INFO] shortest convex hull segment: 103:(-706,-1084)->(-857,-1040) (len^2=24737)
[2013-07-04 21:15:19.141] [STATS] it=0	lb=0	ub=4
[2013-07-04 21:15:19.141] [TIME] controller initialization=228ms
IBM ILOG License Manager: "university-braunschweig" is accessing CPLEX 12 with option(s): "e m b q use=10 MaintenanceEnd=20110128 ".
[2013-07-04 21:15:19.336] [TIME] iteration 1=194ms
[2013-07-04 21:15:19.336] [STATS] it=1	lb=2	ub=4
[2013-07-04 21:15:19.429] [TIME] iteration 2=93ms
[2013-07-04 21:15:19.429] [STATS] it=2	lb=3	ub=4
[2013-07-04 21:15:19.521] [TIME] iteration 3=92ms
[2013-07-04 21:15:19.522] [INFO] shortest constrained triangulation segment: 4:(637,-1029)->(650,-994) (len^2=1394)
[2013-07-04 21:15:19.522] [STATS] it=3	lb=4	ub=4
[2013-07-04 21:15:19.522] iterations=3 gap=0
[2013-07-04 21:15:19.522] [TIME] SAT solving=379ms
[2013-07-04 21:15:19.522] [TIME] total=610ms
