[2013-07-04 21:20:47.500] [INFO] Running in directory /tmp/hellmann/current_run
[2013-07-04 21:20:47.500] [INFO] Reading settings from /tmp/hellmann/current_run/config.json
[2013-07-04 21:20:47.501] [INFO] Reading input file ./0120/random_in_square_0120_1095_059.json ...
[2013-07-04 21:20:47.637] [TIME] generating segments=126ms
[2013-07-04 21:20:47.638] points=120 segments=7140 convex hull=16
[2013-07-04 21:20:47.638] [INFO] shortest input segment: 0:(-548,823)->(-542,827) (len^2=52)
[2013-07-04 21:20:47.667] [INFO] shortest non-crossing segment: 4:(-1040,313)->(-1028,334) (len^2=585)
[2013-07-04 21:20:47.667] separators=67
[2013-07-04 21:20:47.688] [TIME] intersection graph=49ms
[2013-07-04 21:20:47.689] [INFO] shortest triangulation segment: 1:(770,-163)->(752,-154) (len^2=405)
[2013-07-04 21:20:47.689] [INFO] shortest convex hull segment: 75:(-985,-884)->(-1029,-784) (len^2=11936)
[2013-07-04 21:20:47.689] [STATS] it=0	lb=1	ub=4
[2013-07-04 21:20:47.689] [TIME] controller initialization=188ms
IBM ILOG License Manager: "university-braunschweig" is accessing CPLEX 12 with option(s): "e m b q use=10 MaintenanceEnd=20110128 ".
[2013-07-04 21:20:47.767] [TIME] iteration 1=77ms
[2013-07-04 21:20:47.768] [INFO] shortest constrained triangulation segment: 4:(-1040,313)->(-1028,334) (len^2=585)
[2013-07-04 21:20:47.768] [STATS] it=1	lb=4	ub=4
[2013-07-04 21:20:47.768] iterations=1 gap=0
[2013-07-04 21:20:47.768] [TIME] SAT solving=77ms
[2013-07-04 21:20:47.768] [TIME] total=267ms
