[2013-07-04 20:45:14.311] [INFO] Running in directory /tmp/hellmann/current_run
[2013-07-04 20:45:14.311] [INFO] Reading settings from /tmp/hellmann/current_run/config.json
[2013-07-04 20:45:14.330] [INFO] Reading input file ./0120/random_in_square_0120_1095_018.json ...
[2013-07-04 20:45:14.469] [TIME] generating segments=129ms
[2013-07-04 20:45:14.470] points=120 segments=7140 convex hull=13
[2013-07-04 20:45:14.470] [INFO] shortest input segment: 0:(-481,906)->(-480,908) (len^2=5)
[2013-07-04 20:45:14.522] [INFO] shortest non-crossing segment: 8:(-1033,961)->(-1023,1002) (len^2=1781)
[2013-07-04 20:45:14.522] separators=181
[2013-07-04 20:45:14.715] [TIME] intersection graph=244ms
[2013-07-04 20:45:14.716] [INFO] shortest triangulation segment: 0:(-481,906)->(-480,908) (len^2=5)
[2013-07-04 20:45:14.716] [INFO] shortest convex hull segment: 8:(-1033,961)->(-1023,1002) (len^2=1781)
[2013-07-04 20:45:14.716] [STATS] it=0	lb=0	ub=8
[2013-07-04 20:45:14.716] [TIME] controller initialization=392ms
IBM ILOG License Manager: "university-braunschweig" is accessing CPLEX 12 with option(s): "e m b q use=10 MaintenanceEnd=20110128 ".
[2013-07-04 20:45:14.896] [TIME] iteration 1=180ms
[2013-07-04 20:45:14.896] [STATS] it=1	lb=6	ub=8
[2013-07-04 20:45:15.017] [TIME] iteration 2=120ms
[2013-07-04 20:45:15.018] [INFO] shortest constrained triangulation segment: 8:(-1033,961)->(-1023,1002) (len^2=1781)
[2013-07-04 20:45:15.018] [STATS] it=2	lb=8	ub=8
[2013-07-04 20:45:15.018] iterations=2 gap=0
[2013-07-04 20:45:15.018] [TIME] SAT solving=300ms
[2013-07-04 20:45:15.018] [TIME] total=695ms
