[2013-07-04 21:19:53.485] [INFO] Running in directory /tmp/hellmann/current_run
[2013-07-04 21:19:53.485] [INFO] Reading settings from /tmp/hellmann/current_run/config.json
[2013-07-04 21:19:53.486] [INFO] Reading input file ./0120/random_in_square_0120_1095_045.json ...
[2013-07-04 21:19:53.619] [TIME] generating segments=129ms
[2013-07-04 21:19:53.620] points=120 segments=7140 convex hull=12
[2013-07-04 21:19:53.620] [INFO] shortest input segment: 0:(490,431)->(492,433) (len^2=8)
[2013-07-04 21:19:53.643] [INFO] shortest non-crossing segment: 3:(-1082,1075)->(-1057,1089) (len^2=821)
[2013-07-04 21:19:53.643] separators=63
[2013-07-04 21:19:53.674] [TIME] intersection graph=53ms
[2013-07-04 21:19:53.674] [INFO] shortest triangulation segment: 0:(490,431)->(492,433) (len^2=8)
[2013-07-04 21:19:53.674] [INFO] shortest convex hull segment: 3:(-1082,1075)->(-1057,1089) (len^2=821)
[2013-07-04 21:19:53.674] [STATS] it=0	lb=0	ub=3
[2013-07-04 21:19:53.674] [TIME] controller initialization=188ms
IBM ILOG License Manager: "university-braunschweig" is accessing CPLEX 12 with option(s): "e m b q use=10 MaintenanceEnd=20110128 ".
[2013-07-04 21:19:53.756] [TIME] iteration 1=82ms
[2013-07-04 21:19:53.757] [INFO] shortest constrained triangulation segment: 3:(-1082,1075)->(-1057,1089) (len^2=821)
[2013-07-04 21:19:53.757] [STATS] it=1	lb=3	ub=3
[2013-07-04 21:19:53.757] iterations=1 gap=0
[2013-07-04 21:19:53.757] [TIME] SAT solving=82ms
[2013-07-04 21:19:53.757] [TIME] total=271ms
