[2013-07-04 22:37:15.058] [INFO] Running in directory /tmp/hellmann/current_run
[2013-07-04 22:37:15.058] [INFO] Reading settings from /tmp/hellmann/current_run/config.json
[2013-07-04 22:37:15.058] [INFO] Reading input file ./0120/random_in_square_0120_1095_092.json ...
[2013-07-04 22:37:15.194] [TIME] generating segments=124ms
[2013-07-04 22:37:15.194] points=120 segments=7140 convex hull=12
[2013-07-04 22:37:15.194] [INFO] shortest input segment: 0:(322,-74)->(334,-71) (len^2=153)
[2013-07-04 22:37:15.216] [INFO] shortest non-crossing segment: 3:(595,-1062)->(589,-1043) (len^2=397)
[2013-07-04 22:37:15.216] separators=38
[2013-07-04 22:37:15.225] [TIME] intersection graph=31ms
[2013-07-04 22:37:15.226] [INFO] shortest triangulation segment: 0:(322,-74)->(334,-71) (len^2=153)
[2013-07-04 22:37:15.226] [INFO] shortest convex hull segment: 43:(-765,1007)->(-661,1021) (len^2=11012)
[2013-07-04 22:37:15.226] [STATS] it=0	lb=0	ub=3
[2013-07-04 22:37:15.226] [TIME] controller initialization=167ms
IBM ILOG License Manager: "university-braunschweig" is accessing CPLEX 12 with option(s): "e m b q use=10 MaintenanceEnd=20110128 ".
[2013-07-04 22:37:15.294] [TIME] iteration 1=67ms
[2013-07-04 22:37:15.294] [INFO] shortest constrained triangulation segment: 3:(595,-1062)->(589,-1043) (len^2=397)
[2013-07-04 22:37:15.294] [STATS] it=1	lb=3	ub=3
[2013-07-04 22:37:15.294] iterations=1 gap=0
[2013-07-04 22:37:15.294] [TIME] SAT solving=67ms
[2013-07-04 22:37:15.294] [TIME] total=236ms
