[2013-07-04 22:37:15.610] [INFO] Running in directory /tmp/hellmann/current_run
[2013-07-04 22:37:15.611] [INFO] Reading settings from /tmp/hellmann/current_run/config.json
[2013-07-04 22:37:15.611] [INFO] Reading input file ./0120/random_in_square_0120_1095_094.json ...
[2013-07-04 22:37:15.743] [TIME] generating segments=124ms
[2013-07-04 22:37:15.743] points=120 segments=7140 convex hull=10
[2013-07-04 22:37:15.743] [INFO] shortest input segment: 0:(589,525)->(576,528) (len^2=178)
[2013-07-04 22:37:15.766] [INFO] shortest non-crossing segment: 3:(-1007,-270)->(-1028,-251) (len^2=802)
[2013-07-04 22:37:15.766] separators=62
[2013-07-04 22:37:15.789] [TIME] intersection graph=45ms
[2013-07-04 22:37:15.790] [INFO] shortest triangulation segment: 0:(589,525)->(576,528) (len^2=178)
[2013-07-04 22:37:15.790] [INFO] shortest convex hull segment: 141:(1086,976)->(921,1009) (len^2=28314)
[2013-07-04 22:37:15.790] [STATS] it=0	lb=0	ub=3
[2013-07-04 22:37:15.790] [TIME] controller initialization=178ms
IBM ILOG License Manager: "university-braunschweig" is accessing CPLEX 12 with option(s): "e m b q use=10 MaintenanceEnd=20110128 ".
[2013-07-04 22:37:15.874] [TIME] iteration 1=83ms
[2013-07-04 22:37:15.875] [INFO] shortest constrained triangulation segment: 3:(-1007,-270)->(-1028,-251) (len^2=802)
[2013-07-04 22:37:15.875] [STATS] it=1	lb=3	ub=3
[2013-07-04 22:37:15.875] iterations=1 gap=0
[2013-07-04 22:37:15.875] [TIME] SAT solving=83ms
[2013-07-04 22:37:15.875] [TIME] total=263ms
