[2013-07-04 21:20:42.757] [INFO] Running in directory /tmp/hellmann/current_run
[2013-07-04 21:20:42.758] [INFO] Reading settings from /tmp/hellmann/current_run/config.json
[2013-07-04 21:20:42.758] [INFO] Reading input file ./0120/random_in_square_0120_1095_055.json ...
[2013-07-04 21:20:42.893] [TIME] generating segments=125ms
[2013-07-04 21:20:42.893] points=120 segments=7140 convex hull=14
[2013-07-04 21:20:42.893] [INFO] shortest input segment: 0:(137,-965)->(139,-959) (len^2=40)
[2013-07-04 21:20:42.904] [INFO] shortest non-crossing segment: 1:(1032,-112)->(1045,-101) (len^2=290)
[2013-07-04 21:20:42.904] separators=4
[2013-07-04 21:20:42.904] [TIME] intersection graph=10ms
[2013-07-04 21:20:42.905] [INFO] shortest triangulation segment: 0:(137,-965)->(139,-959) (len^2=40)
[2013-07-04 21:20:42.905] [INFO] shortest convex hull segment: 30:(879,875)->(811,913) (len^2=6068)
[2013-07-04 21:20:42.905] [STATS] it=0	lb=0	ub=1
[2013-07-04 21:20:42.905] [TIME] controller initialization=147ms
IBM ILOG License Manager: "university-braunschweig" is accessing CPLEX 12 with option(s): "e m b q use=10 MaintenanceEnd=20110128 ".
[2013-07-04 21:20:42.967] [TIME] iteration 1=62ms
[2013-07-04 21:20:42.968] [INFO] shortest constrained triangulation segment: 1:(1032,-112)->(1045,-101) (len^2=290)
[2013-07-04 21:20:42.968] [STATS] it=1	lb=1	ub=1
[2013-07-04 21:20:42.968] iterations=1 gap=0
[2013-07-04 21:20:42.968] [TIME] SAT solving=62ms
[2013-07-04 21:20:42.968] [TIME] total=210ms
