[2013-07-04 21:16:03.853] [INFO] Running in directory /tmp/hellmann/current_run
[2013-07-04 21:16:03.853] [INFO] Reading settings from /tmp/hellmann/current_run/config.json
[2013-07-04 21:16:03.853] [INFO] Reading input file ./0120/random_in_square_0120_1095_032.json ...
[2013-07-04 21:16:03.983] [TIME] generating segments=124ms
[2013-07-04 21:16:03.984] points=120 segments=7140 convex hull=12
[2013-07-04 21:16:03.984] [INFO] shortest input segment: 0:(-1016,231)->(-1013,238) (len^2=58)
[2013-07-04 21:16:04.053] [INFO] shortest non-crossing segment: 11:(626,-955)->(668,-947) (len^2=1828)
[2013-07-04 21:16:04.053] separators=233
[2013-07-04 21:16:04.334] [TIME] intersection graph=350ms
[2013-07-04 21:16:04.335] [INFO] shortest triangulation segment: 0:(-1016,231)->(-1013,238) (len^2=58)
[2013-07-04 21:16:04.335] [INFO] shortest convex hull segment: 37:(960,-860)->(1028,-825) (len^2=5849)
[2013-07-04 21:16:04.335] [STATS] it=0	lb=0	ub=11
[2013-07-04 21:16:04.335] [TIME] controller initialization=481ms
IBM ILOG License Manager: "university-braunschweig" is accessing CPLEX 12 with option(s): "e m b q use=10 MaintenanceEnd=20110128 ".
[2013-07-04 21:16:04.645] [TIME] iteration 1=310ms
[2013-07-04 21:16:04.645] [STATS] it=1	lb=6	ub=11
[2013-07-04 21:16:04.936] [TIME] iteration 2=291ms
[2013-07-04 21:16:04.936] [STATS] it=2	lb=9	ub=11
[2013-07-04 21:16:05.229] [TIME] iteration 3=291ms
[2013-07-04 21:16:05.230] [INFO] shortest constrained triangulation segment: 11:(626,-955)->(668,-947) (len^2=1828)
[2013-07-04 21:16:05.230] [STATS] it=3	lb=11	ub=11
[2013-07-04 21:16:05.230] iterations=3 gap=0
[2013-07-04 21:16:05.230] [TIME] SAT solving=892ms
[2013-07-04 21:16:05.230] [TIME] total=1376ms
