[2013-07-11 10:25:03.835] [INFO] Running in directory /tmp/hellmann/current_run
[2013-07-11 10:25:03.835] [INFO] Reading settings from /tmp/hellmann/current_run/config.json
[2013-07-11 10:25:03.836] [INFO] Reading input file ./0290/random_in_square_0290_1703_046.json ...
[2013-07-11 10:25:06.518] [TIME] generating segments=2675ms
[2013-07-11 10:25:06.520] points=290 segments=41905 convex hull=13
[2013-07-11 10:25:06.520] [INFO] shortest input segment: 0:(-741,-222)->(-741,-215) (len^2=49)
[2013-07-11 10:25:06.642] [INFO] shortest non-crossing segment: 6:(999,1692)->(1012,1692) (len^2=169)
[2013-07-11 10:25:06.642] separators=281
[2013-07-11 10:25:07.102] [TIME] intersection graph=581ms
[2013-07-11 10:25:07.103] [INFO] shortest triangulation segment: 0:(-741,-222)->(-741,-215) (len^2=49)
[2013-07-11 10:25:07.103] [INFO] shortest convex hull segment: 371:(1573,-1672)->(1662,-1516) (len^2=32257)
[2013-07-11 10:25:07.103] [STATS] it=0	lb=0	ub=6
[2013-07-11 10:25:07.103] [TIME] controller initialization=3267ms
IBM ILOG License Manager: "university-braunschweig" is accessing CPLEX 12 with option(s): "e m b q use=10 MaintenanceEnd=20110128 ".
[2013-07-11 10:25:09.312] [TIME] iteration 1=2209ms
[2013-07-11 10:25:09.312] [STATS] it=1	lb=3	ub=6
[2013-07-11 10:25:11.551] [TIME] iteration 2=2239ms
[2013-07-11 10:25:11.551] [STATS] it=2	lb=5	ub=6
[2013-07-11 10:25:13.792] [TIME] iteration 3=2240ms
[2013-07-11 10:25:13.794] [INFO] shortest constrained triangulation segment: 6:(999,1692)->(1012,1692) (len^2=169)
[2013-07-11 10:25:13.794] [STATS] it=3	lb=6	ub=6
[2013-07-11 10:25:13.794] iterations=3 gap=0
[2013-07-11 10:25:13.794] [TIME] SAT solving=6688ms
[2013-07-11 10:25:13.794] [TIME] total=9959ms
