[2013-07-11 15:58:54.638] [INFO] Running in directory /tmp/hellmann/current_run
[2013-07-11 15:58:54.638] [INFO] Reading settings from /tmp/hellmann/current_run/config.json
[2013-07-11 15:58:54.639] [INFO] Reading input file ./0290/random_in_square_0290_1703_087.json ...
[2013-07-11 15:58:57.457] [TIME] generating segments=2800ms
[2013-07-11 15:58:57.459] points=290 segments=41905 convex hull=15
[2013-07-11 15:58:57.459] [INFO] shortest input segment: 0:(1237,0)->(1227,8) (len^2=164)
[2013-07-11 15:58:58.091] [INFO] shortest non-crossing segment: 31:(-1539,1564)->(-1589,1589) (len^2=3125)
[2013-07-11 15:58:58.091] separators=4138
[2013-07-11 16:00:09.992] [TIME] intersection graph=72533ms
[2013-07-11 16:00:09.994] [INFO] shortest triangulation segment: 0:(1237,0)->(1227,8) (len^2=164)
[2013-07-11 16:00:09.994] [INFO] shortest convex hull segment: 37:(1604,1536)->(1569,1585) (len^2=3626)
[2013-07-11 16:00:09.994] [STATS] it=0	lb=0	ub=31
[2013-07-11 16:00:09.994] [TIME] controller initialization=75355ms
IBM ILOG License Manager: "university-braunschweig" is accessing CPLEX 12 with option(s): "e m b q use=10 MaintenanceEnd=20110128 ".
[2013-07-11 16:06:01.049] [TIME] iteration 1=351054ms
[2013-07-11 16:06:01.083] [STATS] it=1	lb=19	ub=31
[2013-07-11 16:18:12.363] [TIME] iteration 2=731278ms
[2013-07-11 16:18:12.413] [STATS] it=2	lb=25	ub=31
[2013-07-11 16:24:49.783] [TIME] iteration 3=397349ms
[2013-07-11 16:24:49.964] [INFO] shortest constrained triangulation segment: 30:(990,1538)->(1031,1576) (len^2=3125)
[2013-07-11 16:24:49.964] [STATS] it=3	lb=31	ub=31
[2013-07-11 16:24:49.964] iterations=3 gap=0
[2013-07-11 16:24:49.964] [TIME] SAT solving=1479662ms
[2013-07-11 16:24:49.964] [TIME] total=1555325ms
