[2013-07-11 10:56:36.694] [INFO] Running in directory /tmp/hellmann/current_run
[2013-07-11 10:56:36.694] [INFO] Reading settings from /tmp/hellmann/current_run/config.json
[2013-07-11 10:56:36.708] [INFO] Reading input file ./0290/random_in_square_0290_1703_052.json ...
[2013-07-11 10:56:39.393] [TIME] generating segments=2668ms
[2013-07-11 10:56:39.395] points=290 segments=41905 convex hull=18
[2013-07-11 10:56:39.395] [INFO] shortest input segment: 0:(-137,1558)->(-141,1563) (len^2=41)
[2013-07-11 10:56:39.579] [INFO] shortest non-crossing segment: 9:(102,-1698)->(126,-1680) (len^2=900)
[2013-07-11 10:56:39.579] separators=862
[2013-07-11 10:56:43.678] [TIME] intersection graph=4283ms
[2013-07-11 10:56:43.679] [INFO] shortest triangulation segment: 0:(-137,1558)->(-141,1563) (len^2=41)
[2013-07-11 10:56:43.679] [INFO] shortest convex hull segment: 93:(-1237,-1634)->(-1332,-1618) (len^2=9281)
[2013-07-11 10:56:43.679] [STATS] it=0	lb=0	ub=9
[2013-07-11 10:56:43.679] [TIME] controller initialization=6985ms
IBM ILOG License Manager: "university-braunschweig" is accessing CPLEX 12 with option(s): "e m b q use=10 MaintenanceEnd=20110128 ".
[2013-07-11 10:56:52.013] [TIME] iteration 1=8333ms
[2013-07-11 10:56:52.013] [STATS] it=1	lb=8	ub=9
[2013-07-11 10:57:00.467] [TIME] iteration 2=8454ms
[2013-07-11 10:57:00.469] [INFO] shortest constrained triangulation segment: 9:(102,-1698)->(126,-1680) (len^2=900)
[2013-07-11 10:57:00.469] [STATS] it=2	lb=9	ub=9
[2013-07-11 10:57:00.469] iterations=2 gap=0
[2013-07-11 10:57:00.469] [TIME] SAT solving=16787ms
[2013-07-11 10:57:00.469] [TIME] total=23775ms
