[2013-07-11 18:13:03.756] [INFO] Running in directory /tmp/hellmann/current_run
[2013-07-11 18:13:03.756] [INFO] Reading settings from /tmp/hellmann/current_run/config.json
[2013-07-11 18:13:03.777] [INFO] Reading input file ./0290/random_in_square_0290_1703_096.json ...
[2013-07-11 18:13:06.350] [TIME] generating segments=2565ms
[2013-07-11 18:13:06.352] points=290 segments=41905 convex hull=13
[2013-07-11 18:13:06.352] [INFO] shortest input segment: 0:(1210,313)->(1202,314) (len^2=65)
[2013-07-11 18:13:06.973] [INFO] shortest non-crossing segment: 30:(-1435,-1486)->(-1479,-1452) (len^2=3092)
[2013-07-11 18:13:06.973] separators=4329
[2013-07-11 18:14:28.794] [TIME] intersection graph=82442ms
[2013-07-11 18:14:28.796] [INFO] shortest triangulation segment: 0:(1210,313)->(1202,314) (len^2=65)
[2013-07-11 18:14:28.796] [INFO] shortest convex hull segment: 30:(-1435,-1486)->(-1479,-1452) (len^2=3092)
[2013-07-11 18:14:28.796] [STATS] it=0	lb=0	ub=30
[2013-07-11 18:14:28.796] [TIME] controller initialization=85027ms
IBM ILOG License Manager: "university-braunschweig" is accessing CPLEX 12 with option(s): "e m b q use=10 MaintenanceEnd=20110128 ".
[2013-07-11 18:22:39.152] [TIME] iteration 1=490356ms
[2013-07-11 18:22:39.191] [STATS] it=1	lb=19	ub=30
[2013-07-11 18:30:14.556] [TIME] iteration 2=455364ms
[2013-07-11 18:30:14.586] [STATS] it=2	lb=26	ub=30
[2013-07-11 18:38:17.080] [TIME] iteration 3=482492ms
[2013-07-11 18:38:17.114] [STATS] it=3	lb=28	ub=30
