[2013-07-11 10:24:49.938] [INFO] Running in directory /tmp/hellmann/current_run
[2013-07-11 10:24:49.938] [INFO] Reading settings from /tmp/hellmann/current_run/config.json
[2013-07-11 10:24:49.952] [INFO] Reading input file ./0290/random_in_square_0290_1703_045.json ...
[2013-07-11 10:24:52.675] [TIME] generating segments=2716ms
[2013-07-11 10:24:52.677] points=290 segments=41905 convex hull=13
[2013-07-11 10:24:52.677] [INFO] shortest input segment: 0:(708,-747)->(709,-744) (len^2=10)
[2013-07-11 10:24:52.805] [INFO] shortest non-crossing segment: 6:(-1686,1668)->(-1658,1670) (len^2=788)
[2013-07-11 10:24:52.805] separators=621
[2013-07-11 10:24:54.796] [TIME] intersection graph=2118ms
[2013-07-11 10:24:54.797] [INFO] shortest triangulation segment: 0:(708,-747)->(709,-744) (len^2=10)
[2013-07-11 10:24:54.797] [INFO] shortest convex hull segment: 6:(-1686,1668)->(-1658,1670) (len^2=788)
[2013-07-11 10:24:54.797] [STATS] it=0	lb=0	ub=6
[2013-07-11 10:24:54.798] [TIME] controller initialization=4846ms
IBM ILOG License Manager: "university-braunschweig" is accessing CPLEX 12 with option(s): "e m b q use=10 MaintenanceEnd=20110128 ".
[2013-07-11 10:24:59.281] [TIME] iteration 1=4483ms
[2013-07-11 10:24:59.281] [STATS] it=1	lb=5	ub=6
[2013-07-11 10:25:03.726] [TIME] iteration 2=4446ms
[2013-07-11 10:25:03.728] [INFO] shortest constrained triangulation segment: 6:(-1686,1668)->(-1658,1670) (len^2=788)
[2013-07-11 10:25:03.728] [STATS] it=2	lb=6	ub=6
[2013-07-11 10:25:03.728] iterations=2 gap=0
[2013-07-11 10:25:03.728] [TIME] SAT solving=8929ms
[2013-07-11 10:25:03.728] [TIME] total=13777ms
