[2013-07-11 07:34:21.596] [INFO] Running in directory /tmp/hellmann/current_run
[2013-07-11 07:34:21.596] [INFO] Reading settings from /tmp/hellmann/current_run/config.json
[2013-07-11 07:34:21.611] [INFO] Reading input file ./0290/random_in_square_0290_1703_026.json ...
[2013-07-11 07:34:24.637] [TIME] generating segments=3011ms
[2013-07-11 07:34:24.639] points=290 segments=41905 convex hull=15
[2013-07-11 07:34:24.639] [INFO] shortest input segment: 0:(1303,1272)->(1310,1289) (len^2=338)
[2013-07-11 07:34:24.882] [INFO] shortest non-crossing segment: 12:(-229,1668)->(-192,1669) (len^2=1370)
[2013-07-11 07:34:24.882] separators=1401
[2013-07-11 07:34:32.938] [TIME] intersection graph=8298ms
[2013-07-11 07:34:32.939] [INFO] shortest triangulation segment: 0:(1303,1272)->(1310,1289) (len^2=338)
[2013-07-11 07:34:32.939] [INFO] shortest convex hull segment: 217:(-1427,-1689)->(-1519,-1584) (len^2=19489)
[2013-07-11 07:34:32.939] [STATS] it=0	lb=0	ub=12
[2013-07-11 07:34:32.939] [TIME] controller initialization=11328ms
IBM ILOG License Manager: "university-braunschweig" is accessing CPLEX 12 with option(s): "e m b q use=10 MaintenanceEnd=20110128 ".
[2013-07-11 07:34:49.441] [TIME] iteration 1=16502ms
[2013-07-11 07:34:49.441] [STATS] it=1	lb=7	ub=12
[2013-07-11 07:35:05.605] [TIME] iteration 2=16164ms
[2013-07-11 07:35:05.606] [STATS] it=2	lb=11	ub=12
[2013-07-11 07:35:22.110] [TIME] iteration 3=16504ms
[2013-07-11 07:35:22.114] [INFO] shortest constrained triangulation segment: 12:(-229,1668)->(-192,1669) (len^2=1370)
[2013-07-11 07:35:22.114] [STATS] it=3	lb=12	ub=12
[2013-07-11 07:35:22.114] iterations=3 gap=0
[2013-07-11 07:35:22.114] [TIME] SAT solving=49170ms
[2013-07-11 07:35:22.114] [TIME] total=60502ms
