[2013-07-11 11:34:54.402] [INFO] Running in directory /tmp/hellmann/current_run
[2013-07-11 11:34:54.412] [INFO] Reading settings from /tmp/hellmann/current_run/config.json
[2013-07-11 11:34:54.471] [INFO] Reading input file ./0290/random_in_square_0290_1703_060.json ...
[2013-07-11 11:34:57.522] [TIME] generating segments=3017ms
[2013-07-11 11:34:57.524] points=290 segments=41905 convex hull=16
[2013-07-11 11:34:57.524] [INFO] shortest input segment: 0:(726,1394)->(736,1396) (len^2=104)
[2013-07-11 11:34:57.557] [INFO] shortest non-crossing segment: 1:(1648,-1047)->(1653,-1036) (len^2=146)
[2013-07-11 11:34:57.557] separators=18
[2013-07-11 11:34:57.560] [TIME] intersection graph=35ms
[2013-07-11 11:34:57.561] [INFO] shortest triangulation segment: 0:(726,1394)->(736,1396) (len^2=104)
[2013-07-11 11:34:57.561] [INFO] shortest convex hull segment: 67:(-1650,-1595)->(-1690,-1525) (len^2=6500)
[2013-07-11 11:34:57.561] [STATS] it=0	lb=0	ub=1
[2013-07-11 11:34:57.561] [TIME] controller initialization=3112ms
IBM ILOG License Manager: "university-braunschweig" is accessing CPLEX 12 with option(s): "e m b q use=10 MaintenanceEnd=20110128 ".
[2013-07-11 11:34:59.501] [TIME] iteration 1=1940ms
[2013-07-11 11:34:59.503] [INFO] shortest constrained triangulation segment: 1:(1648,-1047)->(1653,-1036) (len^2=146)
[2013-07-11 11:34:59.503] [STATS] it=1	lb=1	ub=1
[2013-07-11 11:34:59.503] iterations=1 gap=0
[2013-07-11 11:34:59.503] [TIME] SAT solving=1940ms
[2013-07-11 11:34:59.503] [TIME] total=5053ms
