[2013-07-11 18:45:28.433] [INFO] Running in directory /tmp/hellmann/current_run
[2013-07-11 18:45:28.433] [INFO] Reading settings from /tmp/hellmann/current_run/config.json
[2013-07-11 18:45:28.452] [INFO] Reading input file ./0290/random_in_square_0290_1703_098.json ...
[2013-07-11 18:45:31.552] [TIME] generating segments=3081ms
[2013-07-11 18:45:31.554] points=290 segments=41905 convex hull=15
[2013-07-11 18:45:31.554] [INFO] shortest input segment: 0:(-1302,376)->(-1303,379) (len^2=10)
[2013-07-11 18:45:31.602] [INFO] shortest non-crossing segment: 2:(-183,1690)->(-170,1690) (len^2=169)
[2013-07-11 18:45:31.602] separators=13
[2013-07-11 18:45:31.603] [TIME] intersection graph=49ms
[2013-07-11 18:45:31.605] [INFO] shortest triangulation segment: 0:(-1302,376)->(-1303,379) (len^2=10)
[2013-07-11 18:45:31.605] [INFO] shortest convex hull segment: 2:(-183,1690)->(-170,1690) (len^2=169)
[2013-07-11 18:45:31.605] [STATS] it=0	lb=0	ub=2
[2013-07-11 18:45:31.605] [TIME] controller initialization=3157ms
IBM ILOG License Manager: "university-braunschweig" is accessing CPLEX 12 with option(s): "e m b q use=10 MaintenanceEnd=20110128 ".
[2013-07-11 18:45:33.510] [TIME] iteration 1=1906ms
[2013-07-11 18:45:33.512] [INFO] shortest constrained triangulation segment: 2:(-183,1690)->(-170,1690) (len^2=169)
[2013-07-11 18:45:33.512] [STATS] it=1	lb=2	ub=2
[2013-07-11 18:45:33.512] iterations=1 gap=0
[2013-07-11 18:45:33.512] [TIME] SAT solving=1906ms
[2013-07-11 18:45:33.512] [TIME] total=5065ms
