[2013-07-11 14:18:10.353] [INFO] Running in directory /tmp/hellmann/current_run
[2013-07-11 14:18:10.363] [INFO] Reading settings from /tmp/hellmann/current_run/config.json
[2013-07-11 14:18:10.379] [INFO] Reading input file ./0290/random_in_square_0290_1703_073.json ...
[2013-07-11 14:18:13.763] [TIME] generating segments=3376ms
[2013-07-11 14:18:13.765] points=290 segments=41905 convex hull=16
[2013-07-11 14:18:13.765] [INFO] shortest input segment: 0:(-340,1183)->(-338,1188) (len^2=29)
[2013-07-11 14:18:13.965] [INFO] shortest non-crossing segment: 10:(1647,911)->(1654,941) (len^2=949)
[2013-07-11 14:18:13.965] separators=895
[2013-07-11 14:18:17.933] [TIME] intersection graph=4168ms
[2013-07-11 14:18:17.935] [INFO] shortest triangulation segment: 0:(-340,1183)->(-338,1188) (len^2=29)
[2013-07-11 14:18:17.935] [INFO] shortest convex hull segment: 67:(1314,-1618)->(1381,-1596) (len^2=4973)
[2013-07-11 14:18:17.935] [STATS] it=0	lb=0	ub=10
[2013-07-11 14:18:17.935] [TIME] controller initialization=7561ms
IBM ILOG License Manager: "university-braunschweig" is accessing CPLEX 12 with option(s): "e m b q use=10 MaintenanceEnd=20110128 ".
[2013-07-11 14:18:25.882] [TIME] iteration 1=7947ms
[2013-07-11 14:18:25.882] [STATS] it=1	lb=5	ub=10
[2013-07-11 14:18:33.754] [TIME] iteration 2=7873ms
[2013-07-11 14:18:33.754] [STATS] it=2	lb=9	ub=10
[2013-07-11 14:18:42.061] [TIME] iteration 3=8306ms
[2013-07-11 14:18:42.063] [INFO] shortest constrained triangulation segment: 10:(1647,911)->(1654,941) (len^2=949)
[2013-07-11 14:18:42.063] [STATS] it=3	lb=10	ub=10
[2013-07-11 14:18:42.063] iterations=3 gap=0
[2013-07-11 14:18:42.063] [TIME] SAT solving=24126ms
[2013-07-11 14:18:42.063] [TIME] total=31689ms
