[2013-07-11 17:01:27.428] [INFO] Running in directory /tmp/hellmann/current_run
[2013-07-11 17:01:27.428] [INFO] Reading settings from /tmp/hellmann/current_run/config.json
[2013-07-11 17:01:27.447] [INFO] Reading input file ./0290/random_in_square_0290_1703_091.json ...
[2013-07-11 17:01:30.575] [TIME] generating segments=3115ms
[2013-07-11 17:01:30.577] points=290 segments=41905 convex hull=12
[2013-07-11 17:01:30.578] [INFO] shortest input segment: 0:(1603,-1696)->(1601,-1695) (len^2=5)
[2013-07-11 17:01:30.660] [INFO] shortest non-crossing segment: 4:(1695,1609)->(1691,1620) (len^2=137)
[2013-07-11 17:01:30.660] separators=71
[2013-07-11 17:01:30.682] [TIME] intersection graph=104ms
[2013-07-11 17:01:30.684] [INFO] shortest triangulation segment: 0:(1603,-1696)->(1601,-1695) (len^2=5)
[2013-07-11 17:01:30.684] [INFO] shortest convex hull segment: 4:(1695,1609)->(1691,1620) (len^2=137)
[2013-07-11 17:01:30.684] [STATS] it=0	lb=0	ub=4
[2013-07-11 17:01:30.684] [TIME] controller initialization=3241ms
IBM ILOG License Manager: "university-braunschweig" is accessing CPLEX 12 with option(s): "e m b q use=10 MaintenanceEnd=20110128 ".
[2013-07-11 17:01:33.890] [TIME] iteration 1=3205ms
[2013-07-11 17:01:33.891] [INFO] shortest constrained triangulation segment: 4:(1695,1609)->(1691,1620) (len^2=137)
[2013-07-11 17:01:33.891] [STATS] it=1	lb=4	ub=4
[2013-07-11 17:01:33.891] iterations=1 gap=0
[2013-07-11 17:01:33.891] [TIME] SAT solving=3205ms
[2013-07-11 17:01:33.891] [TIME] total=6449ms
