[2013-07-11 06:34:12.839] [INFO] Running in directory /tmp/hellmann/current_run
[2013-07-11 06:34:12.839] [INFO] Reading settings from /tmp/hellmann/current_run/config.json
[2013-07-11 06:34:12.856] [INFO] Reading input file ./0290/random_in_square_0290_1703_023.json ...
[2013-07-11 06:34:15.614] [TIME] generating segments=2745ms
[2013-07-11 06:34:15.616] points=290 segments=41905 convex hull=18
[2013-07-11 06:34:15.616] [INFO] shortest input segment: 0:(-954,-1153)->(-952,-1148) (len^2=29)
[2013-07-11 06:34:15.649] [INFO] shortest non-crossing segment: 1:(-1673,950)->(-1681,952) (len^2=68)
[2013-07-11 06:34:15.649] separators=36
[2013-07-11 06:34:15.662] [TIME] intersection graph=45ms
[2013-07-11 06:34:15.664] [INFO] shortest triangulation segment: 0:(-954,-1153)->(-952,-1148) (len^2=29)
[2013-07-11 06:34:15.664] [INFO] shortest convex hull segment: 169:(-1627,1361)->(-1593,1482) (len^2=15797)
[2013-07-11 06:34:15.664] [STATS] it=0	lb=0	ub=1
[2013-07-11 06:34:15.664] [TIME] controller initialization=2809ms
IBM ILOG License Manager: "university-braunschweig" is accessing CPLEX 12 with option(s): "e m b q use=10 MaintenanceEnd=20110128 ".
[2013-07-11 06:34:17.897] [TIME] iteration 1=2233ms
[2013-07-11 06:34:17.899] [INFO] shortest constrained triangulation segment: 1:(-1673,950)->(-1681,952) (len^2=68)
[2013-07-11 06:34:17.899] [STATS] it=1	lb=1	ub=1
[2013-07-11 06:34:17.899] iterations=1 gap=0
[2013-07-11 06:34:17.899] [TIME] SAT solving=2233ms
[2013-07-11 06:34:17.899] [TIME] total=5043ms
