[2013-07-11 16:24:58.966] [INFO] Running in directory /tmp/hellmann/current_run
[2013-07-11 16:24:58.977] [INFO] Reading settings from /tmp/hellmann/current_run/config.json
[2013-07-11 16:24:58.994] [INFO] Reading input file ./0290/random_in_square_0290_1703_088.json ...
[2013-07-11 16:25:02.042] [TIME] generating segments=3037ms
[2013-07-11 16:25:02.044] points=290 segments=41905 convex hull=21
[2013-07-11 16:25:02.044] [INFO] shortest input segment: 0:(-1653,-294)->(-1652,-285) (len^2=82)
[2013-07-11 16:25:02.446] [INFO] shortest non-crossing segment: 20:(-1618,1523)->(-1600,1564) (len^2=2005)
[2013-07-11 16:25:02.446] separators=2435
[2013-07-11 16:25:32.499] [TIME] intersection graph=30455ms
[2013-07-11 16:25:32.501] [INFO] shortest triangulation segment: 0:(-1653,-294)->(-1652,-285) (len^2=82)
[2013-07-11 16:25:32.501] [INFO] shortest convex hull segment: 23:(1643,1278)->(1632,1326) (len^2=2425)
[2013-07-11 16:25:32.501] [STATS] it=0	lb=0	ub=20
[2013-07-11 16:25:32.501] [TIME] controller initialization=33513ms
IBM ILOG License Manager: "university-braunschweig" is accessing CPLEX 12 with option(s): "e m b q use=10 MaintenanceEnd=20110128 ".
[2013-07-11 16:27:12.942] [TIME] iteration 1=100440ms
[2013-07-11 16:27:12.956] [STATS] it=1	lb=14	ub=20
[2013-07-11 16:28:33.217] [TIME] iteration 2=80260ms
[2013-07-11 16:28:33.245] [STATS] it=2	lb=17	ub=20
[2013-07-11 16:29:54.578] [TIME] iteration 3=81332ms
[2013-07-11 16:29:54.608] [STATS] it=3	lb=19	ub=20
[2013-07-11 16:31:20.927] [TIME] iteration 4=86317ms
[2013-07-11 16:31:20.999] [INFO] shortest constrained triangulation segment: 20:(-1618,1523)->(-1600,1564) (len^2=2005)
[2013-07-11 16:31:20.999] [STATS] it=4	lb=20	ub=20
[2013-07-11 16:31:20.999] iterations=4 gap=0
[2013-07-11 16:31:20.999] [TIME] SAT solving=348343ms
[2013-07-11 16:31:20.999] [TIME] total=382010ms
