[2013-07-21 11:47:11.461] [INFO] Running in directory /opt/tmp/hellmann/uniform_distribution
[2013-07-21 11:47:11.478] [INFO] Reading settings from /opt/tmp/hellmann/uniform_distribution/config.json
[2013-07-21 11:47:11.504] [INFO] Reading input file ./0400/random_in_square_0400_2000_075.json ...
[2013-07-21 11:47:31.286] [TIME] generating segments=19747ms
[2013-07-21 11:47:31.289] points=400 segments=79800 convex hull=16
[2013-07-21 11:47:31.290] [INFO] shortest input segment: 0:(-1061,1599)->(-1064,1608) (len^2=90)
[2013-07-21 11:47:31.654] [INFO] shortest non-crossing segment: 12:(-1984,932)->(-1956,939) (len^2=833)
[2013-07-21 11:47:31.654] separators=1532
[2013-07-21 11:47:41.737] [TIME] intersection graph=10448ms
[2013-07-21 11:47:41.740] [INFO] shortest triangulation segment: 0:(-1061,1599)->(-1064,1608) (len^2=90)
[2013-07-21 11:47:41.740] [INFO] shortest convex hull segment: 17:(-1657,-1880)->(-1688,-1861) (len^2=1322)
[2013-07-21 11:47:41.740] [STATS] it=0	lb=0	ub=12
[2013-07-21 11:47:41.740] [TIME] controller initialization=30236ms
IBM ILOG License Manager: "university-braunschweig" is accessing CPLEX 12 with option(s): "e m b q use=10 MaintenanceEnd=20110128 ".
[2013-07-21 11:48:07.363] [TIME] iteration 1=25623ms
[2013-07-21 11:48:07.363] [STATS] it=1	lb=6	ub=12
[2013-07-21 11:48:32.069] [TIME] iteration 2=24706ms
[2013-07-21 11:48:32.069] [STATS] it=2	lb=10	ub=12
[2013-07-21 11:48:57.119] [TIME] iteration 3=25050ms
[2013-07-21 11:48:57.120] [STATS] it=3	lb=11	ub=12
[2013-07-21 11:49:22.733] [TIME] iteration 4=25614ms
[2013-07-21 11:49:22.736] [INFO] shortest constrained triangulation segment: 12:(-1984,932)->(-1956,939) (len^2=833)
[2013-07-21 11:49:22.736] [STATS] it=4	lb=12	ub=12
[2013-07-21 11:49:22.736] iterations=4 gap=0
[2013-07-21 11:49:22.736] [TIME] SAT solving=100993ms
[2013-07-21 11:49:22.736] [TIME] total=131232ms
