[2013-07-20 23:00:31.395] [INFO] Running in directory /opt/tmp/hellmann/uniform_distribution
[2013-07-20 23:00:31.395] [INFO] Reading settings from /opt/tmp/hellmann/uniform_distribution/config.json
[2013-07-20 23:00:31.396] [INFO] Reading input file ./0400/random_in_square_0400_2000_025.json ...
[2013-07-20 23:00:50.713] [TIME] generating segments=19290ms
[2013-07-20 23:00:50.717] points=400 segments=79800 convex hull=13
[2013-07-20 23:00:50.717] [INFO] shortest input segment: 0:(1356,27)->(1365,27) (len^2=81)
[2013-07-20 23:00:51.171] [INFO] shortest non-crossing segment: 15:(1993,-1494)->(1988,-1465) (len^2=866)
[2013-07-20 23:00:51.171] separators=2022
[2013-07-20 23:01:09.555] [TIME] intersection graph=18839ms
[2013-07-20 23:01:09.557] [INFO] shortest triangulation segment: 0:(1356,27)->(1365,27) (len^2=81)
[2013-07-20 23:01:09.557] [INFO] shortest convex hull segment: 236:(-1796,-1987)->(-1922,-1979) (len^2=15940)
[2013-07-20 23:01:09.557] [STATS] it=0	lb=0	ub=15
[2013-07-20 23:01:09.557] [TIME] controller initialization=38162ms
IBM ILOG License Manager: "university-braunschweig" is accessing CPLEX 12 with option(s): "e m b q use=10 MaintenanceEnd=20110128 ".
[2013-07-20 23:01:54.495] [TIME] iteration 1=44938ms
[2013-07-20 23:01:54.496] [STATS] it=1	lb=9	ub=15
[2013-07-20 23:02:51.813] [TIME] iteration 2=57315ms
[2013-07-20 23:02:51.855] [STATS] it=2	lb=14	ub=15
[2013-07-20 23:03:41.577] [TIME] iteration 3=49722ms
[2013-07-20 23:03:41.738] [INFO] shortest constrained triangulation segment: 15:(1993,-1494)->(1988,-1465) (len^2=866)
[2013-07-20 23:03:41.738] [STATS] it=3	lb=15	ub=15
[2013-07-20 23:03:41.738] iterations=3 gap=0
[2013-07-20 23:03:41.739] [TIME] SAT solving=151975ms
[2013-07-20 23:03:41.739] [TIME] total=190344ms
