[2013-07-21 06:18:25.317] [INFO] Running in directory /opt/tmp/hellmann/uniform_distribution
[2013-07-21 06:18:25.317] [INFO] Reading settings from /opt/tmp/hellmann/uniform_distribution/config.json
[2013-07-21 06:18:25.318] [INFO] Reading input file ./0400/random_in_square_0400_2000_053.json ...
[2013-07-21 06:18:44.905] [TIME] generating segments=19558ms
[2013-07-21 06:18:44.909] points=400 segments=79800 convex hull=19
[2013-07-21 06:18:44.909] [INFO] shortest input segment: 0:(-88,355)->(-87,357) (len^2=5)
[2013-07-21 06:18:45.015] [INFO] shortest non-crossing segment: 3:(62,1982)->(77,1989) (len^2=274)
[2013-07-21 06:18:45.015] separators=152
[2013-07-21 06:18:45.157] [TIME] intersection graph=248ms
[2013-07-21 06:18:45.159] [INFO] shortest triangulation segment: 0:(-88,355)->(-87,357) (len^2=5)
[2013-07-21 06:18:45.160] [INFO] shortest convex hull segment: 17:(1690,1922)->(1651,1937) (len^2=1746)
[2013-07-21 06:18:45.160] [STATS] it=0	lb=0	ub=3
[2013-07-21 06:18:45.160] [TIME] controller initialization=19842ms
IBM ILOG License Manager: "university-braunschweig" is accessing CPLEX 12 with option(s): "e m b q use=10 MaintenanceEnd=20110128 ".
[2013-07-21 06:18:51.872] [TIME] iteration 1=6713ms
[2013-07-21 06:18:51.875] [INFO] shortest constrained triangulation segment: 3:(62,1982)->(77,1989) (len^2=274)
[2013-07-21 06:18:51.875] [STATS] it=1	lb=3	ub=3
[2013-07-21 06:18:51.875] iterations=1 gap=0
[2013-07-21 06:18:51.875] [TIME] SAT solving=6713ms
[2013-07-21 06:18:51.875] [TIME] total=26558ms
