[2013-07-21 18:41:48.820] [INFO] Running in directory /opt/tmp/hellmann/uniform_distribution
[2013-07-21 18:41:48.820] [INFO] Reading settings from /opt/tmp/hellmann/uniform_distribution/config.json
[2013-07-21 18:41:48.870] [INFO] Reading input file ./0400/random_in_square_0400_2000_096.json ...
[2013-07-21 18:42:08.544] [TIME] generating segments=19615ms
[2013-07-21 18:42:08.547] points=400 segments=79800 convex hull=17
[2013-07-21 18:42:08.548] [INFO] shortest input segment: 0:(-1504,-1182)->(-1495,-1182) (len^2=81)
[2013-07-21 18:42:09.230] [INFO] shortest non-crossing segment: 22:(1933,-1567)->(1958,-1535) (len^2=1649)
[2013-07-21 18:42:09.230] separators=3800
[2013-07-21 18:43:13.013] [TIME] intersection graph=64465ms
[2013-07-21 18:43:13.016] [INFO] shortest triangulation segment: 0:(-1504,-1182)->(-1495,-1182) (len^2=81)
[2013-07-21 18:43:13.016] [INFO] shortest convex hull segment: 552:(-1216,-1953)->(-1402,-1917) (len^2=35892)
[2013-07-21 18:43:13.016] [STATS] it=0	lb=0	ub=22
[2013-07-21 18:43:13.016] [TIME] controller initialization=84170ms
IBM ILOG License Manager: "university-braunschweig" is accessing CPLEX 12 with option(s): "e m b q use=10 MaintenanceEnd=20110128 ".
[2013-07-21 18:47:58.740] [TIME] iteration 1=285724ms
[2013-07-21 18:47:58.781] [STATS] it=1	lb=11	ub=22
[2013-07-21 18:55:49.359] [TIME] iteration 2=470576ms
[2013-07-21 18:55:49.574] [INFO] shortest constrained triangulation segment: 22:(1933,-1567)->(1958,-1535) (len^2=1649)
[2013-07-21 18:55:49.574] [STATS] it=2	lb=22	ub=22
[2013-07-21 18:55:49.576] iterations=2 gap=0
[2013-07-21 18:55:49.576] [TIME] SAT solving=756287ms
[2013-07-21 18:55:49.576] [TIME] total=840731ms
