[2013-07-21 03:35:28.074] [INFO] Running in directory /opt/tmp/hellmann/uniform_distribution
[2013-07-21 03:35:28.075] [INFO] Reading settings from /opt/tmp/hellmann/uniform_distribution/config.json
[2013-07-21 03:35:28.096] [INFO] Reading input file ./0400/random_in_square_0400_2000_043.json ...
[2013-07-21 03:35:46.428] [TIME] generating segments=18276ms
[2013-07-21 03:35:46.431] points=400 segments=79800 convex hull=20
[2013-07-21 03:35:46.431] [INFO] shortest input segment: 0:(1704,-582)->(1701,-580) (len^2=13)
[2013-07-21 03:35:46.908] [INFO] shortest non-crossing segment: 16:(-1835,1927)->(-1849,1957) (len^2=1096)
[2013-07-21 03:35:46.908] separators=2103
[2013-07-21 03:36:06.262] [TIME] intersection graph=19831ms
[2013-07-21 03:36:06.265] [INFO] shortest triangulation segment: 1:(-1429,-1102)->(-1424,-1102) (len^2=25)
[2013-07-21 03:36:06.265] [INFO] shortest convex hull segment: 119:(-1849,1957)->(-1766,1993) (len^2=8185)
[2013-07-21 03:36:06.265] [STATS] it=0	lb=1	ub=16
[2013-07-21 03:36:06.265] [TIME] controller initialization=38172ms
IBM ILOG License Manager: "university-braunschweig" is accessing CPLEX 12 with option(s): "e m b q use=10 MaintenanceEnd=20110128 ".
[2013-07-21 03:36:56.833] [TIME] iteration 1=50569ms
[2013-07-21 03:36:56.833] [STATS] it=1	lb=13	ub=16
[2013-07-21 03:38:04.711] [TIME] iteration 2=67879ms
[2013-07-21 03:38:04.864] [INFO] shortest constrained triangulation segment: 16:(-1835,1927)->(-1849,1957) (len^2=1096)
[2013-07-21 03:38:04.864] [STATS] it=2	lb=16	ub=16
[2013-07-21 03:38:04.864] iterations=2 gap=0
[2013-07-21 03:38:04.864] [TIME] SAT solving=118443ms
[2013-07-21 03:38:04.864] [TIME] total=156773ms
