[2013-07-21 08:22:17.603] [INFO] Running in directory /opt/tmp/hellmann/uniform_distribution
[2013-07-21 08:22:17.603] [INFO] Reading settings from /opt/tmp/hellmann/uniform_distribution/config.json
[2013-07-21 08:22:17.603] [INFO] Reading input file ./0400/random_in_square_0400_2000_062.json ...
[2013-07-21 08:22:37.134] [TIME] generating segments=19505ms
[2013-07-21 08:22:37.137] points=400 segments=79800 convex hull=14
[2013-07-21 08:22:37.137] [INFO] shortest input segment: 0:(-136,-1825)->(-136,-1819) (len^2=36)
[2013-07-21 08:22:37.269] [INFO] shortest non-crossing segment: 4:(1998,463)->(1988,470) (len^2=149)
[2013-07-21 08:22:37.269] separators=190
[2013-07-21 08:22:37.470] [TIME] intersection graph=333ms
[2013-07-21 08:22:37.472] [INFO] shortest triangulation segment: 0:(-136,-1825)->(-136,-1819) (len^2=36)
[2013-07-21 08:22:37.472] [INFO] shortest convex hull segment: 11:(-1789,-1986)->(-1803,-1972) (len^2=392)
[2013-07-21 08:22:37.473] [STATS] it=0	lb=0	ub=4
[2013-07-21 08:22:37.473] [TIME] controller initialization=19870ms
IBM ILOG License Manager: "university-braunschweig" is accessing CPLEX 12 with option(s): "e m b q use=10 MaintenanceEnd=20110128 ".
[2013-07-21 08:22:44.200] [TIME] iteration 1=6727ms
[2013-07-21 08:22:44.203] [INFO] shortest constrained triangulation segment: 4:(1998,463)->(1988,470) (len^2=149)
[2013-07-21 08:22:44.203] [STATS] it=1	lb=4	ub=4
[2013-07-21 08:22:44.203] iterations=1 gap=0
[2013-07-21 08:22:44.203] [TIME] SAT solving=6727ms
[2013-07-21 08:22:44.203] [TIME] total=26600ms
