[2013-07-04 23:50:07.889] [INFO] Running in directory /tmp/hellmann/current_run
[2013-07-04 23:50:07.889] [INFO] Reading settings from /tmp/hellmann/current_run/config.json
[2013-07-04 23:50:07.889] [INFO] Reading input file ./0130/random_in_square_0130_1140_037.json ...
[2013-07-04 23:50:08.065] [TIME] generating segments=160ms
[2013-07-04 23:50:08.066] points=130 segments=8385 convex hull=11
[2013-07-04 23:50:08.066] [INFO] shortest input segment: 0:(555,-909)->(553,-899) (len^2=104)
[2013-07-04 23:50:08.139] [INFO] shortest non-crossing segment: 10:(-1079,938)->(-1107,971) (len^2=1873)
[2013-07-04 23:50:08.139] separators=389
[2013-07-04 23:50:08.798] [TIME] intersection graph=733ms
[2013-07-04 23:50:08.799] [INFO] shortest triangulation segment: 0:(555,-909)->(553,-899) (len^2=104)
[2013-07-04 23:50:08.799] [INFO] shortest convex hull segment: 22:(-1035,1101)->(-965,1110) (len^2=4981)
[2013-07-04 23:50:08.799] [STATS] it=0	lb=0	ub=10
[2013-07-04 23:50:08.799] [TIME] controller initialization=910ms
IBM ILOG License Manager: "university-braunschweig" is accessing CPLEX 12 with option(s): "e m b q use=10 MaintenanceEnd=20110128 ".
[2013-07-04 23:50:09.414] [TIME] iteration 1=614ms
[2013-07-04 23:50:09.414] [STATS] it=1	lb=5	ub=10
[2013-07-04 23:50:09.999] [TIME] iteration 2=585ms
[2013-07-04 23:50:09.999] [STATS] it=2	lb=8	ub=10
[2013-07-04 23:50:10.553] [TIME] iteration 3=554ms
[2013-07-04 23:50:10.554] [INFO] shortest constrained triangulation segment: 10:(-1079,938)->(-1107,971) (len^2=1873)
[2013-07-04 23:50:10.554] [STATS] it=3	lb=10	ub=10
[2013-07-04 23:50:10.554] iterations=3 gap=0
[2013-07-04 23:50:10.554] [TIME] SAT solving=1753ms
[2013-07-04 23:50:10.554] [TIME] total=2665ms
