[2013-07-04 23:51:49.171] [INFO] Running in directory /tmp/hellmann/current_run
[2013-07-04 23:51:49.171] [INFO] Reading settings from /tmp/hellmann/current_run/config.json
[2013-07-04 23:51:49.172] [INFO] Reading input file ./0130/random_in_square_0130_1140_049.json ...
[2013-07-04 23:51:49.348] [TIME] generating segments=161ms
[2013-07-04 23:51:49.348] points=130 segments=8385 convex hull=8
[2013-07-04 23:51:49.348] [INFO] shortest input segment: 0:(42,809)->(55,812) (len^2=178)
[2013-07-04 23:51:49.374] [INFO] shortest non-crossing segment: 3:(1084,213)->(1066,235) (len^2=808)
[2013-07-04 23:51:49.374] separators=86
[2013-07-04 23:51:49.416] [TIME] intersection graph=67ms
[2013-07-04 23:51:49.417] [INFO] shortest triangulation segment: 0:(42,809)->(55,812) (len^2=178)
[2013-07-04 23:51:49.417] [INFO] shortest convex hull segment: 37:(-1111,942)->(-1101,1018) (len^2=5876)
[2013-07-04 23:51:49.417] [STATS] it=0	lb=0	ub=3
[2013-07-04 23:51:49.417] [TIME] controller initialization=245ms
IBM ILOG License Manager: "university-braunschweig" is accessing CPLEX 12 with option(s): "e m b q use=10 MaintenanceEnd=20110128 ".
[2013-07-04 23:51:49.535] [TIME] iteration 1=118ms
[2013-07-04 23:51:49.536] [INFO] shortest constrained triangulation segment: 3:(1084,213)->(1066,235) (len^2=808)
[2013-07-04 23:51:49.536] [STATS] it=1	lb=3	ub=3
[2013-07-04 23:51:49.536] iterations=1 gap=0
[2013-07-04 23:51:49.536] [TIME] SAT solving=118ms
[2013-07-04 23:51:49.536] [TIME] total=365ms
