[2013-07-05 00:34:19.160] [INFO] Running in directory /tmp/hellmann/current_run
[2013-07-05 00:34:19.160] [INFO] Reading settings from /tmp/hellmann/current_run/config.json
[2013-07-05 00:34:19.160] [INFO] Reading input file ./0130/random_in_square_0130_1140_065.json ...
[2013-07-05 00:34:19.327] [TIME] generating segments=157ms
[2013-07-05 00:34:19.328] points=130 segments=8385 convex hull=12
[2013-07-05 00:34:19.328] [INFO] shortest input segment: 0:(608,-238)->(606,-231) (len^2=53)
[2013-07-05 00:34:19.457] [INFO] shortest non-crossing segment: 18:(-764,-1045)->(-808,-1004) (len^2=3617)
[2013-07-05 00:34:19.457] separators=810
[2013-07-05 00:34:22.292] [TIME] intersection graph=2965ms
[2013-07-05 00:34:22.293] [INFO] shortest triangulation segment: 0:(608,-238)->(606,-231) (len^2=53)
[2013-07-05 00:34:22.293] [INFO] shortest convex hull segment: 51:(-1118,-840)->(-1122,-742) (len^2=9620)
[2013-07-05 00:34:22.293] [STATS] it=0	lb=0	ub=18
[2013-07-05 00:34:22.293] [TIME] controller initialization=3132ms
IBM ILOG License Manager: "university-braunschweig" is accessing CPLEX 12 with option(s): "e m b q use=10 MaintenanceEnd=20110128 ".
[2013-07-05 00:34:26.877] [TIME] iteration 1=4585ms
[2013-07-05 00:34:26.877] [STATS] it=1	lb=9	ub=18
[2013-07-05 00:34:31.334] [TIME] iteration 2=4456ms
[2013-07-05 00:34:31.335] [INFO] shortest constrained triangulation segment: 18:(-764,-1045)->(-808,-1004) (len^2=3617)
[2013-07-05 00:34:31.335] [STATS] it=2	lb=18	ub=18
[2013-07-05 00:34:31.335] iterations=2 gap=0
[2013-07-05 00:34:31.335] [TIME] SAT solving=9041ms
[2013-07-05 00:34:31.335] [TIME] total=12175ms
