[2013-07-04 23:51:43.515] [INFO] Running in directory /tmp/hellmann/current_run
[2013-07-04 23:51:43.515] [INFO] Reading settings from /tmp/hellmann/current_run/config.json
[2013-07-04 23:51:43.515] [INFO] Reading input file ./0130/random_in_square_0130_1140_047.json ...
[2013-07-04 23:51:43.690] [TIME] generating segments=158ms
[2013-07-04 23:51:43.690] points=130 segments=8385 convex hull=10
[2013-07-04 23:51:43.690] [INFO] shortest input segment: 0:(12,-876)->(-12,-865) (len^2=697)
[2013-07-04 23:51:43.766] [INFO] shortest non-crossing segment: 10:(1117,379)->(1126,425) (len^2=2197)
[2013-07-04 23:51:43.766] separators=474
[2013-07-04 23:51:44.845] [TIME] intersection graph=1155ms
[2013-07-04 23:51:44.846] [INFO] shortest triangulation segment: 1:(-291,-389)->(-313,-369) (len^2=884)
[2013-07-04 23:51:44.846] [INFO] shortest convex hull segment: 131:(1118,-1068)->(1138,-902) (len^2=27956)
[2013-07-04 23:51:44.846] [STATS] it=0	lb=1	ub=10
[2013-07-04 23:51:44.846] [TIME] controller initialization=1330ms
IBM ILOG License Manager: "university-braunschweig" is accessing CPLEX 12 with option(s): "e m b q use=10 MaintenanceEnd=20110128 ".
[2013-07-04 23:51:46.094] [TIME] iteration 1=1247ms
[2013-07-04 23:51:46.094] [STATS] it=1	lb=6	ub=10
[2013-07-04 23:51:47.366] [TIME] iteration 2=1271ms
[2013-07-04 23:51:47.366] [STATS] it=2	lb=8	ub=10
[2013-07-04 23:51:48.633] [TIME] iteration 3=1268ms
[2013-07-04 23:51:48.634] [INFO] shortest constrained triangulation segment: 10:(1117,379)->(1126,425) (len^2=2197)
[2013-07-04 23:51:48.634] [STATS] it=3	lb=10	ub=10
[2013-07-04 23:51:48.634] iterations=3 gap=0
[2013-07-04 23:51:48.634] [TIME] SAT solving=3786ms
[2013-07-04 23:51:48.634] [TIME] total=5118ms
