[2013-07-05 00:34:34.902] [INFO] Running in directory /tmp/hellmann/current_run
[2013-07-05 00:34:34.903] [INFO] Reading settings from /tmp/hellmann/current_run/config.json
[2013-07-05 00:34:34.903] [INFO] Reading input file ./0130/random_in_square_0130_1140_072.json ...
[2013-07-05 00:34:35.077] [TIME] generating segments=159ms
[2013-07-05 00:34:35.077] points=130 segments=8385 convex hull=13
[2013-07-05 00:34:35.078] [INFO] shortest input segment: 0:(-503,-757)->(-496,-757) (len^2=49)
[2013-07-05 00:34:35.250] [INFO] shortest non-crossing segment: 23:(1131,1072)->(1072,1108) (len^2=4777)
[2013-07-05 00:34:35.250] separators=1143
[2013-07-05 00:34:40.580] [TIME] intersection graph=5503ms
[2013-07-05 00:34:40.581] [INFO] shortest triangulation segment: 0:(-503,-757)->(-496,-757) (len^2=49)
[2013-07-05 00:34:40.581] [INFO] shortest convex hull segment: 23:(1131,1072)->(1072,1108) (len^2=4777)
[2013-07-05 00:34:40.581] [STATS] it=0	lb=0	ub=23
[2013-07-05 00:34:40.581] [TIME] controller initialization=5679ms
IBM ILOG License Manager: "university-braunschweig" is accessing CPLEX 12 with option(s): "e m b q use=10 MaintenanceEnd=20110128 ".
[2013-07-05 00:34:49.856] [TIME] iteration 1=9274ms
[2013-07-05 00:34:49.856] [STATS] it=1	lb=18	ub=23
[2013-07-05 00:35:07.667] [TIME] iteration 2=17812ms
[2013-07-05 00:35:07.669] [INFO] shortest constrained triangulation segment: 23:(1131,1072)->(1072,1108) (len^2=4777)
[2013-07-05 00:35:07.669] [STATS] it=2	lb=23	ub=23
[2013-07-05 00:35:07.669] iterations=2 gap=0
[2013-07-05 00:35:07.669] [TIME] SAT solving=27086ms
[2013-07-05 00:35:07.669] [TIME] total=32766ms
