[2013-07-04 22:39:19.098] [INFO] Running in directory /tmp/hellmann/current_run
[2013-07-04 22:39:19.098] [INFO] Reading settings from /tmp/hellmann/current_run/config.json
[2013-07-04 22:39:19.098] [INFO] Reading input file ./0130/random_in_square_0130_1140_005.json ...
[2013-07-04 22:39:19.267] [TIME] generating segments=158ms
[2013-07-04 22:39:19.267] points=130 segments=8385 convex hull=14
[2013-07-04 22:39:19.267] [INFO] shortest input segment: 0:(-172,-1061)->(-164,-1049) (len^2=208)
[2013-07-04 22:39:19.320] [INFO] shortest non-crossing segment: 7:(-319,1125)->(-353,1131) (len^2=1192)
[2013-07-04 22:39:19.320] separators=205
[2013-07-04 22:39:19.505] [TIME] intersection graph=239ms
[2013-07-04 22:39:19.506] [INFO] shortest triangulation segment: 0:(-172,-1061)->(-164,-1049) (len^2=208)
[2013-07-04 22:39:19.506] [INFO] shortest convex hull segment: 16:(-1109,-1087)->(-1127,-1045) (len^2=2088)
[2013-07-04 22:39:19.506] [STATS] it=0	lb=0	ub=7
[2013-07-04 22:39:19.506] [TIME] controller initialization=408ms
IBM ILOG License Manager: "university-braunschweig" is accessing CPLEX 12 with option(s): "e m b q use=10 MaintenanceEnd=20110128 ".
[2013-07-04 22:39:19.735] [TIME] iteration 1=229ms
[2013-07-04 22:39:19.736] [INFO] shortest constrained triangulation segment: 7:(-319,1125)->(-353,1131) (len^2=1192)
[2013-07-04 22:39:19.736] [STATS] it=1	lb=7	ub=7
[2013-07-04 22:39:19.736] iterations=1 gap=0
[2013-07-04 22:39:19.736] [TIME] SAT solving=229ms
[2013-07-04 22:39:19.736] [TIME] total=638ms
