[2013-07-04 23:50:59.102] [INFO] Running in directory /tmp/hellmann/current_run
[2013-07-04 23:50:59.102] [INFO] Reading settings from /tmp/hellmann/current_run/config.json
[2013-07-04 23:50:59.103] [INFO] Reading input file ./0130/random_in_square_0130_1140_044.json ...
[2013-07-04 23:50:59.266] [TIME] generating segments=158ms
[2013-07-04 23:50:59.266] points=130 segments=8385 convex hull=11
[2013-07-04 23:50:59.266] [INFO] shortest input segment: 0:(856,-95)->(871,-90) (len^2=250)
[2013-07-04 23:50:59.471] [INFO] shortest non-crossing segment: 28:(-1027,-1138)->(-957,-1120) (len^2=5224)
[2013-07-04 23:50:59.471] separators=1263
[2013-07-04 23:51:05.525] [TIME] intersection graph=6259ms
[2013-07-04 23:51:05.526] [INFO] shortest triangulation segment: 0:(856,-95)->(871,-90) (len^2=250)
[2013-07-04 23:51:05.526] [INFO] shortest convex hull segment: 170:(1083,945)->(914,1058) (len^2=41330)
[2013-07-04 23:51:05.526] [STATS] it=0	lb=0	ub=28
[2013-07-04 23:51:05.526] [TIME] controller initialization=6424ms
IBM ILOG License Manager: "university-braunschweig" is accessing CPLEX 12 with option(s): "e m b q use=10 MaintenanceEnd=20110128 ".
[2013-07-04 23:51:17.526] [TIME] iteration 1=12000ms
[2013-07-04 23:51:17.526] [STATS] it=1	lb=21	ub=28
[2013-07-04 23:51:41.338] [TIME] iteration 2=23812ms
[2013-07-04 23:51:41.340] [INFO] shortest constrained triangulation segment: 28:(-1027,-1138)->(-957,-1120) (len^2=5224)
[2013-07-04 23:51:41.340] [STATS] it=2	lb=28	ub=28
[2013-07-04 23:51:41.340] iterations=2 gap=0
[2013-07-04 23:51:41.340] [TIME] SAT solving=35812ms
[2013-07-04 23:51:41.340] [TIME] total=42237ms
