[2013-07-04 22:39:19.752] [INFO] Running in directory /tmp/hellmann/current_run
[2013-07-04 22:39:19.752] [INFO] Reading settings from /tmp/hellmann/current_run/config.json
[2013-07-04 22:39:19.753] [INFO] Reading input file ./0130/random_in_square_0130_1140_006.json ...
[2013-07-04 22:39:19.922] [TIME] generating segments=159ms
[2013-07-04 22:39:19.922] points=130 segments=8385 convex hull=11
[2013-07-04 22:39:19.922] [INFO] shortest input segment: 0:(465,685)->(482,689) (len^2=305)
[2013-07-04 22:39:19.954] [INFO] shortest non-crossing segment: 4:(1121,-857)->(1134,-815) (len^2=1933)
[2013-07-04 22:39:19.954] separators=86
[2013-07-04 22:39:19.991] [TIME] intersection graph=68ms
[2013-07-04 22:39:19.991] [INFO] shortest triangulation segment: 0:(465,685)->(482,689) (len^2=305)
[2013-07-04 22:39:19.991] [INFO] shortest convex hull segment: 31:(-858,948)->(-822,1032) (len^2=8352)
[2013-07-04 22:39:19.991] [STATS] it=0	lb=0	ub=4
[2013-07-04 22:39:19.991] [TIME] controller initialization=238ms
IBM ILOG License Manager: "university-braunschweig" is accessing CPLEX 12 with option(s): "e m b q use=10 MaintenanceEnd=20110128 ".
[2013-07-04 22:39:20.105] [TIME] iteration 1=113ms
[2013-07-04 22:39:20.106] [INFO] shortest constrained triangulation segment: 4:(1121,-857)->(1134,-815) (len^2=1933)
[2013-07-04 22:39:20.106] [STATS] it=1	lb=4	ub=4
[2013-07-04 22:39:20.106] iterations=1 gap=0
[2013-07-04 22:39:20.106] [TIME] SAT solving=113ms
[2013-07-04 22:39:20.106] [TIME] total=353ms
