[2013-07-05 01:19:07.917] [INFO] Running in directory /tmp/hellmann/current_run
[2013-07-05 01:19:07.917] [INFO] Reading settings from /tmp/hellmann/current_run/config.json
[2013-07-05 01:19:07.918] [INFO] Reading input file ./0130/random_in_square_0130_1140_087.json ...
[2013-07-05 01:19:08.093] [TIME] generating segments=159ms
[2013-07-05 01:19:08.093] points=130 segments=8385 convex hull=15
[2013-07-05 01:19:08.093] [INFO] shortest input segment: 0:(-25,638)->(-30,664) (len^2=701)
[2013-07-05 01:19:08.278] [INFO] shortest non-crossing segment: 25:(-854,1032)->(-927,1041) (len^2=5410)
[2013-07-05 01:19:08.278] separators=1232
[2013-07-05 01:19:14.056] [TIME] intersection graph=5963ms
[2013-07-05 01:19:14.057] [INFO] shortest triangulation segment: 0:(-25,638)->(-30,664) (len^2=701)
[2013-07-05 01:19:14.057] [INFO] shortest convex hull segment: 43:(1110,-1048)->(1126,-955) (len^2=8905)
[2013-07-05 01:19:14.057] [STATS] it=0	lb=0	ub=25
[2013-07-05 01:19:14.057] [TIME] controller initialization=6139ms
IBM ILOG License Manager: "university-braunschweig" is accessing CPLEX 12 with option(s): "e m b q use=10 MaintenanceEnd=20110128 ".
[2013-07-05 01:19:25.015] [TIME] iteration 1=10959ms
[2013-07-05 01:19:25.015] [STATS] it=1	lb=17	ub=25
[2013-07-05 01:19:41.012] [TIME] iteration 2=15997ms
[2013-07-05 01:19:41.012] [STATS] it=2	lb=22	ub=25
[2013-07-05 01:19:56.504] [TIME] iteration 3=15492ms
[2013-07-05 01:19:56.505] [INFO] shortest constrained triangulation segment: 25:(-854,1032)->(-927,1041) (len^2=5410)
[2013-07-05 01:19:56.505] [STATS] it=3	lb=25	ub=25
[2013-07-05 01:19:56.505] iterations=3 gap=0
[2013-07-05 01:19:56.505] [TIME] SAT solving=42448ms
[2013-07-05 01:19:56.505] [TIME] total=48588ms
