[2013-07-04 22:43:31.681] [INFO] Running in directory /tmp/hellmann/current_run
[2013-07-04 22:43:31.681] [INFO] Reading settings from /tmp/hellmann/current_run/config.json
[2013-07-04 22:43:31.681] [INFO] Reading input file ./0130/random_in_square_0130_1140_015.json ...
[2013-07-04 22:43:31.842] [TIME] generating segments=156ms
[2013-07-04 22:43:31.842] points=130 segments=8385 convex hull=11
[2013-07-04 22:43:31.842] [INFO] shortest input segment: 0:(-890,-697)->(-898,-683) (len^2=260)
[2013-07-04 22:43:31.972] [INFO] shortest non-crossing segment: 18:(470,957)->(533,963) (len^2=4005)
[2013-07-04 22:43:31.972] separators=767
[2013-07-04 22:43:34.382] [TIME] intersection graph=2539ms
[2013-07-04 22:43:34.383] [INFO] shortest triangulation segment: 0:(-890,-697)->(-898,-683) (len^2=260)
[2013-07-04 22:43:34.383] [INFO] shortest convex hull segment: 38:(1035,-1122)->(1116,-1113) (len^2=6642)
[2013-07-04 22:43:34.383] [STATS] it=0	lb=0	ub=18
[2013-07-04 22:43:34.383] [TIME] controller initialization=2701ms
IBM ILOG License Manager: "university-braunschweig" is accessing CPLEX 12 with option(s): "e m b q use=10 MaintenanceEnd=20110128 ".
[2013-07-04 22:43:37.628] [TIME] iteration 1=3246ms
[2013-07-04 22:43:37.628] [STATS] it=1	lb=9	ub=18
[2013-07-04 22:43:40.908] [TIME] iteration 2=3279ms
[2013-07-04 22:43:40.909] [INFO] shortest constrained triangulation segment: 18:(470,957)->(533,963) (len^2=4005)
[2013-07-04 22:43:40.909] [STATS] it=2	lb=18	ub=18
[2013-07-04 22:43:40.909] iterations=2 gap=0
[2013-07-04 22:43:40.909] [TIME] SAT solving=6525ms
[2013-07-04 22:43:40.909] [TIME] total=9228ms
