[2013-07-05 00:46:10.540] [INFO] Running in directory /tmp/hellmann/current_run
[2013-07-05 00:46:10.540] [INFO] Reading settings from /tmp/hellmann/current_run/config.json
[2013-07-05 00:46:10.541] [INFO] Reading input file ./0130/random_in_square_0130_1140_075.json ...
[2013-07-05 00:46:10.714] [TIME] generating segments=162ms
[2013-07-05 00:46:10.714] points=130 segments=8385 convex hull=14
[2013-07-05 00:46:10.714] [INFO] shortest input segment: 0:(631,1033)->(650,1045) (len^2=505)
[2013-07-05 00:46:10.761] [INFO] shortest non-crossing segment: 6:(-1099,-792)->(-1134,-764) (len^2=2009)
[2013-07-05 00:46:10.761] separators=257
[2013-07-05 00:46:11.130] [TIME] intersection graph=415ms
[2013-07-05 00:46:11.131] [INFO] shortest triangulation segment: 0:(631,1033)->(650,1045) (len^2=505)
[2013-07-05 00:46:11.131] [INFO] shortest convex hull segment: 17:(-914,-1110)->(-953,-1062) (len^2=3825)
[2013-07-05 00:46:11.131] [STATS] it=0	lb=0	ub=6
[2013-07-05 00:46:11.131] [TIME] controller initialization=589ms
IBM ILOG License Manager: "university-braunschweig" is accessing CPLEX 12 with option(s): "e m b q use=10 MaintenanceEnd=20110128 ".
[2013-07-05 00:46:11.633] [TIME] iteration 1=503ms
[2013-07-05 00:46:11.634] [STATS] it=1	lb=3	ub=6
[2013-07-05 00:46:12.058] [TIME] iteration 2=424ms
[2013-07-05 00:46:12.059] [STATS] it=2	lb=5	ub=6
[2013-07-05 00:46:12.466] [TIME] iteration 3=408ms
[2013-07-05 00:46:12.467] [INFO] shortest constrained triangulation segment: 6:(-1099,-792)->(-1134,-764) (len^2=2009)
[2013-07-05 00:46:12.467] [STATS] it=3	lb=6	ub=6
[2013-07-05 00:46:12.467] iterations=3 gap=0
[2013-07-05 00:46:12.467] [TIME] SAT solving=1335ms
[2013-07-05 00:46:12.467] [TIME] total=1926ms
