[2013-07-05 00:34:32.861] [INFO] Running in directory /tmp/hellmann/current_run
[2013-07-05 00:34:32.861] [INFO] Reading settings from /tmp/hellmann/current_run/config.json
[2013-07-05 00:34:32.861] [INFO] Reading input file ./0130/random_in_square_0130_1140_071.json ...
[2013-07-05 00:34:33.027] [TIME] generating segments=160ms
[2013-07-05 00:34:33.027] points=130 segments=8385 convex hull=11
[2013-07-05 00:34:33.027] [INFO] shortest input segment: 0:(-1047,545)->(-1032,549) (len^2=241)
[2013-07-05 00:34:33.095] [INFO] shortest non-crossing segment: 9:(1061,1054)->(1052,1115) (len^2=3802)
[2013-07-05 00:34:33.095] separators=345
[2013-07-05 00:34:33.637] [TIME] intersection graph=610ms
[2013-07-05 00:34:33.638] [INFO] shortest triangulation segment: 0:(-1047,545)->(-1032,549) (len^2=241)
[2013-07-05 00:34:33.638] [INFO] shortest convex hull segment: 9:(1061,1054)->(1052,1115) (len^2=3802)
[2013-07-05 00:34:33.638] [STATS] it=0	lb=0	ub=9
[2013-07-05 00:34:33.638] [TIME] controller initialization=778ms
IBM ILOG License Manager: "university-braunschweig" is accessing CPLEX 12 with option(s): "e m b q use=10 MaintenanceEnd=20110128 ".
[2013-07-05 00:34:34.261] [TIME] iteration 1=622ms
[2013-07-05 00:34:34.261] [STATS] it=1	lb=8	ub=9
[2013-07-05 00:34:34.863] [TIME] iteration 2=603ms
[2013-07-05 00:34:34.864] [INFO] shortest constrained triangulation segment: 9:(1061,1054)->(1052,1115) (len^2=3802)
[2013-07-05 00:34:34.864] [STATS] it=2	lb=9	ub=9
[2013-07-05 00:34:34.864] iterations=2 gap=0
[2013-07-05 00:34:34.864] [TIME] SAT solving=1225ms
[2013-07-05 00:34:34.864] [TIME] total=2003ms
