[2013-07-04 22:39:06.325] [INFO] Running in directory /tmp/hellmann/current_run
[2013-07-04 22:39:06.325] [INFO] Reading settings from /tmp/hellmann/current_run/config.json
[2013-07-04 22:39:06.325] [INFO] Reading input file ./0130/random_in_square_0130_1140_003.json ...
[2013-07-04 22:39:06.488] [TIME] generating segments=154ms
[2013-07-04 22:39:06.488] points=130 segments=8385 convex hull=16
[2013-07-04 22:39:06.488] [INFO] shortest input segment: 0:(988,-475)->(970,-462) (len^2=493)
[2013-07-04 22:39:06.582] [INFO] shortest non-crossing segment: 12:(957,-1000)->(1016,-975) (len^2=4106)
[2013-07-04 22:39:06.582] separators=779
[2013-07-04 22:39:09.394] [TIME] intersection graph=2905ms
[2013-07-04 22:39:09.394] [INFO] shortest triangulation segment: 0:(988,-475)->(970,-462) (len^2=493)
[2013-07-04 22:39:09.394] [INFO] shortest convex hull segment: 12:(957,-1000)->(1016,-975) (len^2=4106)
[2013-07-04 22:39:09.394] [STATS] it=0	lb=0	ub=12
[2013-07-04 22:39:09.394] [TIME] controller initialization=3069ms
IBM ILOG License Manager: "university-braunschweig" is accessing CPLEX 12 with option(s): "e m b q use=10 MaintenanceEnd=20110128 ".
[2013-07-04 22:39:14.010] [TIME] iteration 1=4616ms
[2013-07-04 22:39:14.010] [STATS] it=1	lb=7	ub=12
[2013-07-04 22:39:18.737] [TIME] iteration 2=4727ms
[2013-07-04 22:39:18.738] [INFO] shortest constrained triangulation segment: 12:(957,-1000)->(1016,-975) (len^2=4106)
[2013-07-04 22:39:18.738] [STATS] it=2	lb=12	ub=12
[2013-07-04 22:39:18.738] iterations=2 gap=0
[2013-07-04 22:39:18.738] [TIME] SAT solving=9343ms
[2013-07-04 22:39:18.738] [TIME] total=12413ms
