[2013-07-04 22:39:18.812] [INFO] Running in directory /tmp/hellmann/current_run
[2013-07-04 22:39:18.812] [INFO] Reading settings from /tmp/hellmann/current_run/config.json
[2013-07-04 22:39:18.813] [INFO] Reading input file ./0130/random_in_square_0130_1140_004.json ...
[2013-07-04 22:39:18.985] [TIME] generating segments=157ms
[2013-07-04 22:39:18.986] points=130 segments=8385 convex hull=11
[2013-07-04 22:39:18.986] [INFO] shortest input segment: 0:(-441,881)->(-437,891) (len^2=116)
[2013-07-04 22:39:18.998] [INFO] shortest non-crossing segment: 1:(1139,904)->(1130,916) (len^2=225)
[2013-07-04 22:39:18.998] separators=8
[2013-07-04 22:39:18.998] [TIME] intersection graph=12ms
[2013-07-04 22:39:18.999] [INFO] shortest triangulation segment: 0:(-441,881)->(-437,891) (len^2=116)
[2013-07-04 22:39:18.999] [INFO] shortest convex hull segment: 1:(1139,904)->(1130,916) (len^2=225)
[2013-07-04 22:39:18.999] [STATS] it=0	lb=0	ub=1
[2013-07-04 22:39:18.999] [TIME] controller initialization=186ms
IBM ILOG License Manager: "university-braunschweig" is accessing CPLEX 12 with option(s): "e m b q use=10 MaintenanceEnd=20110128 ".
[2013-07-04 22:39:19.083] [TIME] iteration 1=83ms
[2013-07-04 22:39:19.084] [INFO] shortest constrained triangulation segment: 1:(1139,904)->(1130,916) (len^2=225)
[2013-07-04 22:39:19.084] [STATS] it=1	lb=1	ub=1
[2013-07-04 22:39:19.084] iterations=1 gap=0
[2013-07-04 22:39:19.084] [TIME] SAT solving=83ms
[2013-07-04 22:39:19.084] [TIME] total=271ms
