[2013-07-05 01:19:57.557] [INFO] Running in directory /tmp/hellmann/current_run
[2013-07-05 01:19:57.557] [INFO] Reading settings from /tmp/hellmann/current_run/config.json
[2013-07-05 01:19:57.558] [INFO] Reading input file ./0130/random_in_square_0130_1140_090.json ...
[2013-07-05 01:19:57.723] [TIME] generating segments=155ms
[2013-07-05 01:19:57.723] points=130 segments=8385 convex hull=11
[2013-07-05 01:19:57.723] [INFO] shortest input segment: 0:(-517,-915)->(-521,-912) (len^2=25)
[2013-07-05 01:19:57.741] [INFO] shortest non-crossing segment: 2:(150,1048)->(143,1051) (len^2=58)
[2013-07-05 01:19:57.741] separators=18
[2013-07-05 01:19:57.744] [TIME] intersection graph=20ms
[2013-07-05 01:19:57.745] [INFO] shortest triangulation segment: 0:(-517,-915)->(-521,-912) (len^2=25)
[2013-07-05 01:19:57.745] [INFO] shortest convex hull segment: 95:(1057,-835)->(1120,-702) (len^2=21658)
[2013-07-05 01:19:57.745] [STATS] it=0	lb=0	ub=2
[2013-07-05 01:19:57.745] [TIME] controller initialization=187ms
IBM ILOG License Manager: "university-braunschweig" is accessing CPLEX 12 with option(s): "e m b q use=10 MaintenanceEnd=20110128 ".
[2013-07-05 01:19:57.833] [TIME] iteration 1=87ms
[2013-07-05 01:19:57.833] [INFO] shortest constrained triangulation segment: 2:(150,1048)->(143,1051) (len^2=58)
[2013-07-05 01:19:57.833] [STATS] it=1	lb=2	ub=2
[2013-07-05 01:19:57.833] iterations=1 gap=0
[2013-07-05 01:19:57.833] [TIME] SAT solving=87ms
[2013-07-05 01:19:57.833] [TIME] total=275ms
