[2013-07-04 22:39:05.986] [INFO] Running in directory /tmp/hellmann/current_run
[2013-07-04 22:39:05.987] [INFO] Reading settings from /tmp/hellmann/current_run/config.json
[2013-07-04 22:39:05.987] [INFO] Reading input file ./0130/random_in_square_0130_1140_002.json ...
[2013-07-04 22:39:06.189] [TIME] generating segments=162ms
[2013-07-04 22:39:06.189] points=130 segments=8385 convex hull=13
[2013-07-04 22:39:06.189] [INFO] shortest input segment: 0:(448,1007)->(442,1013) (len^2=72)
[2013-07-04 22:39:06.207] [INFO] shortest non-crossing segment: 2:(-1113,-57)->(-1094,-51) (len^2=397)
[2013-07-04 22:39:06.207] separators=29
[2013-07-04 22:39:06.215] [TIME] intersection graph=25ms
[2013-07-04 22:39:06.215] [INFO] shortest triangulation segment: 0:(448,1007)->(442,1013) (len^2=72)
[2013-07-04 22:39:06.215] [INFO] shortest convex hull segment: 207:(-963,-834)->(-1040,-641) (len^2=43178)
[2013-07-04 22:39:06.215] [STATS] it=0	lb=0	ub=2
[2013-07-04 22:39:06.215] [TIME] controller initialization=228ms
IBM ILOG License Manager: "university-braunschweig" is accessing CPLEX 12 with option(s): "e m b q use=10 MaintenanceEnd=20110128 ".
[2013-07-04 22:39:06.309] [TIME] iteration 1=93ms
[2013-07-04 22:39:06.310] [INFO] shortest constrained triangulation segment: 2:(-1113,-57)->(-1094,-51) (len^2=397)
[2013-07-04 22:39:06.310] [STATS] it=1	lb=2	ub=2
[2013-07-04 22:39:06.310] iterations=1 gap=0
[2013-07-04 22:39:06.310] [TIME] SAT solving=93ms
[2013-07-04 22:39:06.310] [TIME] total=323ms
