[2013-07-05 00:46:21.723] [INFO] Running in directory /tmp/hellmann/current_run
[2013-07-05 00:46:21.723] [INFO] Reading settings from /tmp/hellmann/current_run/config.json
[2013-07-05 00:46:21.723] [INFO] Reading input file ./0130/random_in_square_0130_1140_078.json ...
[2013-07-05 00:46:21.900] [TIME] generating segments=164ms
[2013-07-05 00:46:21.901] points=130 segments=8385 convex hull=14
[2013-07-05 00:46:21.901] [INFO] shortest input segment: 0:(-706,-907)->(-704,-903) (len^2=20)
[2013-07-05 00:46:21.953] [INFO] shortest non-crossing segment: 7:(-988,-869)->(-1007,-841) (len^2=1145)
[2013-07-05 00:46:21.953] separators=207
[2013-07-05 00:46:22.170] [TIME] intersection graph=268ms
[2013-07-05 00:46:22.170] [INFO] shortest triangulation segment: 1:(-240,414)->(-242,431) (len^2=293)
[2013-07-05 00:46:22.170] [INFO] shortest convex hull segment: 7:(-988,-869)->(-1007,-841) (len^2=1145)
[2013-07-05 00:46:22.170] [STATS] it=0	lb=1	ub=7
[2013-07-05 00:46:22.170] [TIME] controller initialization=447ms
IBM ILOG License Manager: "university-braunschweig" is accessing CPLEX 12 with option(s): "e m b q use=10 MaintenanceEnd=20110128 ".
[2013-07-05 00:46:22.399] [TIME] iteration 1=228ms
[2013-07-05 00:46:22.399] [STATS] it=1	lb=4	ub=7
[2013-07-05 00:46:22.623] [TIME] iteration 2=224ms
[2013-07-05 00:46:22.624] [STATS] it=2	lb=6	ub=7
[2013-07-05 00:46:22.847] [TIME] iteration 3=223ms
[2013-07-05 00:46:22.848] [INFO] shortest constrained triangulation segment: 7:(-988,-869)->(-1007,-841) (len^2=1145)
[2013-07-05 00:46:22.848] [STATS] it=3	lb=7	ub=7
[2013-07-05 00:46:22.848] iterations=3 gap=0
[2013-07-05 00:46:22.848] [TIME] SAT solving=675ms
[2013-07-05 00:46:22.848] [TIME] total=1125ms
