[2013-07-04 23:50:25.279] [INFO] Running in directory /tmp/hellmann/current_run
[2013-07-04 23:50:25.280] [INFO] Reading settings from /tmp/hellmann/current_run/config.json
[2013-07-04 23:50:25.280] [INFO] Reading input file ./0130/random_in_square_0130_1140_042.json ...
[2013-07-04 23:50:25.449] [TIME] generating segments=155ms
[2013-07-04 23:50:25.449] points=130 segments=8385 convex hull=10
[2013-07-04 23:50:25.449] [INFO] shortest input segment: 0:(-713,610)->(-715,615) (len^2=29)
[2013-07-04 23:50:25.626] [INFO] shortest non-crossing segment: 24:(-823,-1105)->(-766,-1062) (len^2=5098)
[2013-07-04 23:50:25.626] separators=1006
[2013-07-04 23:50:29.638] [TIME] intersection graph=4189ms
[2013-07-04 23:50:29.639] [INFO] shortest triangulation segment: 0:(-713,610)->(-715,615) (len^2=29)
[2013-07-04 23:50:29.639] [INFO] shortest convex hull segment: 699:(-1139,863)->(-838,1123) (len^2=158201)
[2013-07-04 23:50:29.639] [STATS] it=0	lb=0	ub=24
[2013-07-04 23:50:29.639] [TIME] controller initialization=4360ms
IBM ILOG License Manager: "university-braunschweig" is accessing CPLEX 12 with option(s): "e m b q use=10 MaintenanceEnd=20110128 ".
[2013-07-04 23:50:36.072] [TIME] iteration 1=6432ms
[2013-07-04 23:50:36.072] [STATS] it=1	lb=12	ub=24
[2013-07-04 23:50:42.615] [TIME] iteration 2=6543ms
[2013-07-04 23:50:42.615] [STATS] it=2	lb=19	ub=24
[2013-07-04 23:50:58.696] [TIME] iteration 3=16081ms
[2013-07-04 23:50:58.698] [INFO] shortest constrained triangulation segment: 24:(-823,-1105)->(-766,-1062) (len^2=5098)
[2013-07-04 23:50:58.698] [STATS] it=3	lb=24	ub=24
[2013-07-04 23:50:58.699] iterations=3 gap=0
[2013-07-04 23:50:58.699] [TIME] SAT solving=29056ms
[2013-07-04 23:50:58.699] [TIME] total=33419ms
