[2013-07-04 23:50:58.810] [INFO] Running in directory /tmp/hellmann/current_run
[2013-07-04 23:50:58.810] [INFO] Reading settings from /tmp/hellmann/current_run/config.json
[2013-07-04 23:50:58.811] [INFO] Reading input file ./0130/random_in_square_0130_1140_043.json ...
[2013-07-04 23:50:58.982] [TIME] generating segments=158ms
[2013-07-04 23:50:58.982] points=130 segments=8385 convex hull=11
[2013-07-04 23:50:58.982] [INFO] shortest input segment: 0:(525,714)->(525,723) (len^2=81)
[2013-07-04 23:50:59.000] [INFO] shortest non-crossing segment: 2:(931,948)->(950,953) (len^2=386)
[2013-07-04 23:50:59.000] separators=18
[2013-07-04 23:50:59.002] [TIME] intersection graph=19ms
[2013-07-04 23:50:59.002] [INFO] shortest triangulation segment: 0:(525,714)->(525,723) (len^2=81)
[2013-07-04 23:50:59.002] [INFO] shortest convex hull segment: 120:(997,801)->(950,953) (len^2=25313)
[2013-07-04 23:50:59.002] [STATS] it=0	lb=0	ub=2
[2013-07-04 23:50:59.002] [TIME] controller initialization=191ms
IBM ILOG License Manager: "university-braunschweig" is accessing CPLEX 12 with option(s): "e m b q use=10 MaintenanceEnd=20110128 ".
[2013-07-04 23:50:59.087] [TIME] iteration 1=84ms
[2013-07-04 23:50:59.088] [INFO] shortest constrained triangulation segment: 2:(931,948)->(950,953) (len^2=386)
[2013-07-04 23:50:59.088] [STATS] it=1	lb=2	ub=2
[2013-07-04 23:50:59.088] iterations=1 gap=0
[2013-07-04 23:50:59.088] [TIME] SAT solving=84ms
[2013-07-04 23:50:59.088] [TIME] total=277ms
