[2013-07-04 22:43:31.095] [INFO] Running in directory /tmp/hellmann/current_run
[2013-07-04 22:43:31.095] [INFO] Reading settings from /tmp/hellmann/current_run/config.json
[2013-07-04 22:43:31.096] [INFO] Reading input file ./0130/random_in_square_0130_1140_013.json ...
[2013-07-04 22:43:31.269] [TIME] generating segments=162ms
[2013-07-04 22:43:31.269] points=130 segments=8385 convex hull=16
[2013-07-04 22:43:31.269] [INFO] shortest input segment: 0:(-519,209)->(-519,215) (len^2=36)
[2013-07-04 22:43:31.287] [INFO] shortest non-crossing segment: 2:(1030,-1061)->(1042,-1054) (len^2=193)
[2013-07-04 22:43:31.287] separators=25
[2013-07-04 22:43:31.291] [TIME] intersection graph=21ms
[2013-07-04 22:43:31.292] [INFO] shortest triangulation segment: 0:(-519,209)->(-519,215) (len^2=36)
[2013-07-04 22:43:31.292] [INFO] shortest convex hull segment: 2:(1030,-1061)->(1042,-1054) (len^2=193)
[2013-07-04 22:43:31.292] [STATS] it=0	lb=0	ub=2
[2013-07-04 22:43:31.292] [TIME] controller initialization=196ms
IBM ILOG License Manager: "university-braunschweig" is accessing CPLEX 12 with option(s): "e m b q use=10 MaintenanceEnd=20110128 ".
[2013-07-04 22:43:31.378] [TIME] iteration 1=86ms
[2013-07-04 22:43:31.379] [INFO] shortest constrained triangulation segment: 2:(1030,-1061)->(1042,-1054) (len^2=193)
[2013-07-04 22:43:31.379] [STATS] it=1	lb=2	ub=2
[2013-07-04 22:43:31.379] iterations=1 gap=0
[2013-07-04 22:43:31.379] [TIME] SAT solving=86ms
[2013-07-04 22:43:31.379] [TIME] total=283ms
