[2013-07-04 23:51:50.475] [INFO] Running in directory /tmp/hellmann/current_run
[2013-07-04 23:51:50.475] [INFO] Reading settings from /tmp/hellmann/current_run/config.json
[2013-07-04 23:51:50.475] [INFO] Reading input file ./0130/random_in_square_0130_1140_053.json ...
[2013-07-04 23:51:50.645] [TIME] generating segments=161ms
[2013-07-04 23:51:50.645] points=130 segments=8385 convex hull=12
[2013-07-04 23:51:50.645] [INFO] shortest input segment: 0:(995,817)->(986,825) (len^2=145)
[2013-07-04 23:51:50.669] [INFO] shortest non-crossing segment: 3:(-1067,976)->(-1096,980) (len^2=857)
[2013-07-04 23:51:50.669] separators=48
[2013-07-04 23:51:50.684] [TIME] intersection graph=38ms
[2013-07-04 23:51:50.685] [INFO] shortest triangulation segment: 0:(995,817)->(986,825) (len^2=145)
[2013-07-04 23:51:50.685] [INFO] shortest convex hull segment: 298:(68,-1126)->(-193,-1124) (len^2=68125)
[2013-07-04 23:51:50.685] [STATS] it=0	lb=0	ub=3
[2013-07-04 23:51:50.685] [TIME] controller initialization=209ms
IBM ILOG License Manager: "university-braunschweig" is accessing CPLEX 12 with option(s): "e m b q use=10 MaintenanceEnd=20110128 ".
[2013-07-04 23:51:50.776] [TIME] iteration 1=91ms
[2013-07-04 23:51:50.777] [INFO] shortest constrained triangulation segment: 3:(-1067,976)->(-1096,980) (len^2=857)
[2013-07-04 23:51:50.777] [STATS] it=1	lb=3	ub=3
[2013-07-04 23:51:50.777] iterations=1 gap=0
[2013-07-04 23:51:50.777] [TIME] SAT solving=91ms
[2013-07-04 23:51:50.777] [TIME] total=301ms
