[2013-07-18 13:31:56.057] [INFO] Running in directory /tmp/hellmann/uniform_distribution
[2013-07-18 13:31:56.058] [INFO] Reading settings from /tmp/hellmann/uniform_distribution/config.json
[2013-07-18 13:31:56.071] [INFO] Reading input file ./0370/random_in_square_0370_1924_091.json ...
[2013-07-18 13:32:08.960] [TIME] generating segments=12844ms
[2013-07-18 13:32:08.963] points=370 segments=68265 convex hull=17
[2013-07-18 13:32:08.963] [INFO] shortest input segment: 0:(1884,-1814)->(1882,-1810) (len^2=20)
[2013-07-18 13:32:09.403] [INFO] shortest non-crossing segment: 16:(1884,-1814)->(1918,-1813) (len^2=1157)
[2013-07-18 13:32:09.403] separators=2295
[2013-07-18 13:32:31.318] [TIME] intersection graph=22355ms
[2013-07-18 13:32:31.320] [INFO] shortest triangulation segment: 1:(1382,-268)->(1386,-260) (len^2=80)
[2013-07-18 13:32:31.320] [INFO] shortest convex hull segment: 284:(1902,-32)->(1897,112) (len^2=20761)
[2013-07-18 13:32:31.320] [STATS] it=0	lb=1	ub=16
[2013-07-18 13:32:31.320] [TIME] controller initialization=35249ms
IBM ILOG License Manager: "university-braunschweig" is accessing CPLEX 12 with option(s): "e m b q use=10 MaintenanceEnd=20110128 ".
[2013-07-18 13:33:45.520] [TIME] iteration 1=74201ms
[2013-07-18 13:33:45.524] [STATS] it=1	lb=9	ub=16
[2013-07-18 13:34:41.012] [TIME] iteration 2=55487ms
[2013-07-18 13:34:41.013] [STATS] it=2	lb=15	ub=16
[2013-07-18 13:35:50.145] [TIME] iteration 3=69131ms
[2013-07-18 13:35:50.337] [INFO] shortest constrained triangulation segment: 16:(1884,-1814)->(1918,-1813) (len^2=1157)
[2013-07-18 13:35:50.337] [STATS] it=3	lb=16	ub=16
[2013-07-18 13:35:50.337] iterations=3 gap=0
[2013-07-18 13:35:50.337] [TIME] SAT solving=198806ms
[2013-07-18 13:35:50.337] [TIME] total=234266ms
