[2013-07-18 04:03:45.084] [INFO] Running in directory /tmp/hellmann/uniform_distribution
[2013-07-18 04:03:45.084] [INFO] Reading settings from /tmp/hellmann/uniform_distribution/config.json
[2013-07-18 04:03:45.098] [INFO] Reading input file ./0370/random_in_square_0370_1924_053.json ...
[2013-07-18 04:03:57.435] [TIME] generating segments=12289ms
[2013-07-18 04:03:57.438] points=370 segments=68265 convex hull=13
[2013-07-18 04:03:57.438] [INFO] shortest input segment: 0:(327,-1865)->(324,-1853) (len^2=153)
[2013-07-18 04:03:57.643] [INFO] shortest non-crossing segment: 7:(347,-1871)->(327,-1865) (len^2=436)
[2013-07-18 04:03:57.643] separators=793
[2013-07-18 04:04:00.805] [TIME] intersection graph=3367ms
[2013-07-18 04:04:00.808] [INFO] shortest triangulation segment: 0:(327,-1865)->(324,-1853) (len^2=153)
[2013-07-18 04:04:00.808] [INFO] shortest convex hull segment: 326:(-1671,1893)->(-1519,1900) (len^2=23153)
[2013-07-18 04:04:00.808] [STATS] it=0	lb=0	ub=7
[2013-07-18 04:04:00.808] [TIME] controller initialization=15711ms
IBM ILOG License Manager: "university-braunschweig" is accessing CPLEX 12 with option(s): "e m b q use=10 MaintenanceEnd=20110128 ".
[2013-07-18 04:04:11.442] [TIME] iteration 1=10634ms
[2013-07-18 04:04:11.442] [STATS] it=1	lb=4	ub=7
[2013-07-18 04:04:20.950] [TIME] iteration 2=9507ms
[2013-07-18 04:04:20.952] [INFO] shortest constrained triangulation segment: 7:(347,-1871)->(327,-1865) (len^2=436)
[2013-07-18 04:04:20.952] [STATS] it=2	lb=7	ub=7
[2013-07-18 04:04:20.952] iterations=2 gap=0
[2013-07-18 04:04:20.952] [TIME] SAT solving=20141ms
[2013-07-18 04:04:20.952] [TIME] total=35855ms
