[2013-07-17 16:07:37.668] [INFO] Running in directory /tmp/hellmann/uniform_distribution
[2013-07-17 16:07:37.669] [INFO] Reading settings from /tmp/hellmann/uniform_distribution/config.json
[2013-07-17 16:07:37.669] [INFO] Reading input file ./0370/random_in_square_0370_1924_009.json ...
[2013-07-17 16:07:49.880] [TIME] generating segments=12203ms
[2013-07-17 16:07:49.883] points=370 segments=68265 convex hull=14
[2013-07-17 16:07:49.884] [INFO] shortest input segment: 0:(-614,1138)->(-618,1139) (len^2=17)
[2013-07-17 16:07:49.977] [INFO] shortest non-crossing segment: 3:(1895,-1484)->(1889,-1472) (len^2=180)
[2013-07-17 16:07:49.977] separators=133
[2013-07-17 16:07:50.070] [TIME] intersection graph=185ms
[2013-07-17 16:07:50.072] [INFO] shortest triangulation segment: 0:(-614,1138)->(-618,1139) (len^2=17)
[2013-07-17 16:07:50.072] [INFO] shortest convex hull segment: 281:(1793,-1590)->(1895,-1484) (len^2=21640)
[2013-07-17 16:07:50.072] [STATS] it=0	lb=0	ub=3
[2013-07-17 16:07:50.072] [TIME] controller initialization=12402ms
IBM ILOG License Manager: "university-braunschweig" is accessing CPLEX 12 with option(s): "e m b q use=10 MaintenanceEnd=20110128 ".
[2013-07-17 16:07:54.981] [TIME] iteration 1=4910ms
[2013-07-17 16:07:54.983] [INFO] shortest constrained triangulation segment: 3:(1895,-1484)->(1889,-1472) (len^2=180)
[2013-07-17 16:07:54.984] [STATS] it=1	lb=3	ub=3
[2013-07-17 16:07:54.984] iterations=1 gap=0
[2013-07-17 16:07:54.984] [TIME] SAT solving=4910ms
[2013-07-17 16:07:54.984] [TIME] total=17314ms
