[2013-07-18 06:06:04.422] [INFO] Running in directory /tmp/hellmann/uniform_distribution
[2013-07-18 06:06:04.422] [INFO] Reading settings from /tmp/hellmann/uniform_distribution/config.json
[2013-07-18 06:06:04.447] [INFO] Reading input file ./0370/random_in_square_0370_1924_060.json ...
[2013-07-18 06:06:16.545] [TIME] generating segments=12046ms
[2013-07-18 06:06:16.548] points=370 segments=68265 convex hull=16
[2013-07-18 06:06:16.548] [INFO] shortest input segment: 0:(-168,1261)->(-164,1266) (len^2=41)
[2013-07-18 06:06:16.668] [INFO] shortest non-crossing segment: 4:(1268,1829)->(1288,1833) (len^2=416)
[2013-07-18 06:06:16.668] separators=157
[2013-07-18 06:06:16.805] [TIME] intersection graph=256ms
[2013-07-18 06:06:16.807] [INFO] shortest triangulation segment: 0:(-168,1261)->(-164,1266) (len^2=41)
[2013-07-18 06:06:16.807] [INFO] shortest convex hull segment: 53:(1736,-1872)->(1752,-1815) (len^2=3505)
[2013-07-18 06:06:16.807] [STATS] it=0	lb=0	ub=4
[2013-07-18 06:06:16.807] [TIME] controller initialization=12373ms
IBM ILOG License Manager: "university-braunschweig" is accessing CPLEX 12 with option(s): "e m b q use=10 MaintenanceEnd=20110128 ".
[2013-07-18 06:06:22.507] [TIME] iteration 1=5700ms
[2013-07-18 06:06:22.510] [INFO] shortest constrained triangulation segment: 4:(1268,1829)->(1288,1833) (len^2=416)
[2013-07-18 06:06:22.510] [STATS] it=1	lb=4	ub=4
[2013-07-18 06:06:22.510] iterations=1 gap=0
[2013-07-18 06:06:22.510] [TIME] SAT solving=5700ms
[2013-07-18 06:06:22.510] [TIME] total=18076ms
