[2013-07-18 06:52:13.930] [INFO] Running in directory /tmp/hellmann/uniform_distribution
[2013-07-18 06:52:13.930] [INFO] Reading settings from /tmp/hellmann/uniform_distribution/config.json
[2013-07-18 06:52:13.930] [INFO] Reading input file ./0370/random_in_square_0370_1924_065.json ...
[2013-07-18 06:52:25.605] [TIME] generating segments=11654ms
[2013-07-18 06:52:25.608] points=370 segments=68265 convex hull=13
[2013-07-18 06:52:25.608] [INFO] shortest input segment: 0:(-1565,903)->(-1563,904) (len^2=5)
[2013-07-18 06:52:25.652] [INFO] shortest non-crossing segment: 1:(-1877,-718)->(-1873,-716) (len^2=20)
[2013-07-18 06:52:25.652] separators=14
[2013-07-18 06:52:25.653] [TIME] intersection graph=45ms
[2013-07-18 06:52:25.655] [INFO] shortest triangulation segment: 0:(-1565,903)->(-1563,904) (len^2=5)
[2013-07-18 06:52:25.655] [INFO] shortest convex hull segment: 1040:(-1892,-1531)->(-1907,-1263) (len^2=72049)
[2013-07-18 06:52:25.655] [STATS] it=0	lb=0	ub=1
[2013-07-18 06:52:25.655] [TIME] controller initialization=11726ms
IBM ILOG License Manager: "university-braunschweig" is accessing CPLEX 12 with option(s): "e m b q use=10 MaintenanceEnd=20110128 ".
[2013-07-18 06:52:30.545] [TIME] iteration 1=4890ms
[2013-07-18 06:52:30.547] [INFO] shortest constrained triangulation segment: 1:(-1877,-718)->(-1873,-716) (len^2=20)
[2013-07-18 06:52:30.547] [STATS] it=1	lb=1	ub=1
[2013-07-18 06:52:30.547] iterations=1 gap=0
[2013-07-18 06:52:30.547] [TIME] SAT solving=4890ms
[2013-07-18 06:52:30.547] [TIME] total=16618ms
