[2013-07-18 08:52:36.328] [INFO] Running in directory /tmp/hellmann/uniform_distribution
[2013-07-18 08:52:36.328] [INFO] Reading settings from /tmp/hellmann/uniform_distribution/config.json
[2013-07-18 08:52:36.351] [INFO] Reading input file ./0370/random_in_square_0370_1924_070.json ...
[2013-07-18 08:52:48.685] [TIME] generating segments=12287ms
[2013-07-18 08:52:48.688] points=370 segments=68265 convex hull=11
[2013-07-18 08:52:48.688] [INFO] shortest input segment: 0:(-945,-219)->(-947,-213) (len^2=40)
[2013-07-18 08:52:48.780] [INFO] shortest non-crossing segment: 3:(1544,-1918)->(1551,-1914) (len^2=65)
[2013-07-18 08:52:48.781] separators=106
[2013-07-18 08:52:48.841] [TIME] intersection graph=153ms
[2013-07-18 08:52:48.843] [INFO] shortest triangulation segment: 0:(-945,-219)->(-947,-213) (len^2=40)
[2013-07-18 08:52:48.843] [INFO] shortest convex hull segment: 706:(1566,-915)->(1430,-733) (len^2=51620)
[2013-07-18 08:52:48.843] [STATS] it=0	lb=0	ub=3
[2013-07-18 08:52:48.843] [TIME] controller initialization=12503ms
IBM ILOG License Manager: "university-braunschweig" is accessing CPLEX 12 with option(s): "e m b q use=10 MaintenanceEnd=20110128 ".
[2013-07-18 08:52:54.051] [TIME] iteration 1=5207ms
[2013-07-18 08:52:54.053] [INFO] shortest constrained triangulation segment: 3:(1544,-1918)->(1551,-1914) (len^2=65)
[2013-07-18 08:52:54.053] [STATS] it=1	lb=3	ub=3
[2013-07-18 08:52:54.053] iterations=1 gap=0
[2013-07-18 08:52:54.053] [TIME] SAT solving=5207ms
[2013-07-18 08:52:54.053] [TIME] total=17713ms
