[2013-07-18 10:55:25.299] [INFO] Running in directory /tmp/hellmann/uniform_distribution
[2013-07-18 10:55:25.299] [INFO] Reading settings from /tmp/hellmann/uniform_distribution/config.json
[2013-07-18 10:55:25.300] [INFO] Reading input file ./0370/random_in_square_0370_1924_078.json ...
[2013-07-18 10:55:37.411] [TIME] generating segments=12098ms
[2013-07-18 10:55:37.415] points=370 segments=68265 convex hull=14
[2013-07-18 10:55:37.415] [INFO] shortest input segment: 0:(-1630,1575)->(-1633,1580) (len^2=34)
[2013-07-18 10:55:37.506] [INFO] shortest non-crossing segment: 3:(1323,-1829)->(1335,-1826) (len^2=153)
[2013-07-18 10:55:37.506] separators=116
[2013-07-18 10:55:37.593] [TIME] intersection graph=178ms
[2013-07-18 10:55:37.595] [INFO] shortest triangulation segment: 0:(-1630,1575)->(-1633,1580) (len^2=34)
[2013-07-18 10:55:37.595] [INFO] shortest convex hull segment: 92:(-1859,-1917)->(-1780,-1917) (len^2=6241)
[2013-07-18 10:55:37.595] [STATS] it=0	lb=0	ub=3
[2013-07-18 10:55:37.595] [TIME] controller initialization=12296ms
IBM ILOG License Manager: "university-braunschweig" is accessing CPLEX 12 with option(s): "e m b q use=10 MaintenanceEnd=20110128 ".
[2013-07-18 10:55:42.526] [TIME] iteration 1=4931ms
[2013-07-18 10:55:42.526] [STATS] it=1	lb=2	ub=3
[2013-07-18 10:55:47.448] [TIME] iteration 2=4923ms
[2013-07-18 10:55:47.450] [INFO] shortest constrained triangulation segment: 3:(1323,-1829)->(1335,-1826) (len^2=153)
[2013-07-18 10:55:47.451] [STATS] it=2	lb=3	ub=3
[2013-07-18 10:55:47.451] iterations=2 gap=0
[2013-07-18 10:55:47.451] [TIME] SAT solving=9854ms
[2013-07-18 10:55:47.451] [TIME] total=22152ms
