[2013-07-08 11:03:48.823] [INFO] Running in directory /tmp/hellmann/current_run
[2013-07-08 11:03:48.824] [INFO] Reading settings from /tmp/hellmann/current_run/config.json
[2013-07-08 11:03:48.847] [INFO] Reading input file ./0240/random_in_square_0240_1549_076.json ...
[2013-07-08 11:03:50.109] [TIME] generating segments=1253ms
[2013-07-08 11:03:50.110] points=240 segments=28680 convex hull=16
[2013-07-08 11:03:50.111] [INFO] shortest input segment: 0:(-56,1302)->(-54,1304) (len^2=8)
[2013-07-08 11:03:50.252] [INFO] shortest non-crossing segment: 9:(-1141,-1485)->(-1124,-1463) (len^2=773)
[2013-07-08 11:03:50.252] separators=569
[2013-07-08 11:03:51.726] [TIME] intersection graph=1616ms
[2013-07-08 11:03:51.728] [INFO] shortest triangulation segment: 0:(-56,1302)->(-54,1304) (len^2=8)
[2013-07-08 11:03:51.728] [INFO] shortest convex hull segment: 202:(1445,1487)->(1304,1541) (len^2=22797)
[2013-07-08 11:03:51.728] [STATS] it=0	lb=0	ub=9
[2013-07-08 11:03:51.728] [TIME] controller initialization=2891ms
IBM ILOG License Manager: "university-braunschweig" is accessing CPLEX 12 with option(s): "e m b q use=10 MaintenanceEnd=20110128 ".
[2013-07-08 11:03:54.456] [TIME] iteration 1=2728ms
[2013-07-08 11:03:54.456] [STATS] it=1	lb=5	ub=9
[2013-07-08 11:03:57.110] [TIME] iteration 2=2653ms
[2013-07-08 11:03:57.111] [INFO] shortest constrained triangulation segment: 9:(-1141,-1485)->(-1124,-1463) (len^2=773)
[2013-07-08 11:03:57.111] [STATS] it=2	lb=9	ub=9
[2013-07-08 11:03:57.111] iterations=2 gap=0
[2013-07-08 11:03:57.111] [TIME] SAT solving=5381ms
[2013-07-08 11:03:57.111] [TIME] total=8273ms
