[2013-07-08 08:31:46.383] [INFO] Running in directory /tmp/hellmann/current_run
[2013-07-08 08:31:46.383] [INFO] Reading settings from /tmp/hellmann/current_run/config.json
[2013-07-08 08:31:46.384] [INFO] Reading input file ./0240/random_in_square_0240_1549_061.json ...
[2013-07-08 08:31:47.652] [TIME] generating segments=1266ms
[2013-07-08 08:31:47.654] points=240 segments=28680 convex hull=16
[2013-07-08 08:31:47.654] [INFO] shortest input segment: 0:(-1048,-1000)->(-1044,-996) (len^2=32)
[2013-07-08 08:31:47.693] [INFO] shortest non-crossing segment: 2:(1288,-1542)->(1297,-1538) (len^2=97)
[2013-07-08 08:31:47.693] separators=19
[2013-07-08 08:31:47.695] [TIME] intersection graph=40ms
[2013-07-08 08:31:47.696] [INFO] shortest triangulation segment: 0:(-1048,-1000)->(-1044,-996) (len^2=32)
[2013-07-08 08:31:47.696] [INFO] shortest convex hull segment: 2:(1288,-1542)->(1297,-1538) (len^2=97)
[2013-07-08 08:31:47.696] [STATS] it=0	lb=0	ub=2
[2013-07-08 08:31:47.696] [TIME] controller initialization=1313ms
IBM ILOG License Manager: "university-braunschweig" is accessing CPLEX 12 with option(s): "e m b q use=10 MaintenanceEnd=20110128 ".
[2013-07-08 08:31:48.567] [TIME] iteration 1=872ms
[2013-07-08 08:31:48.568] [INFO] shortest constrained triangulation segment: 2:(1288,-1542)->(1297,-1538) (len^2=97)
[2013-07-08 08:31:48.568] [STATS] it=1	lb=2	ub=2
[2013-07-08 08:31:48.568] iterations=1 gap=0
[2013-07-08 08:31:48.569] [TIME] SAT solving=872ms
[2013-07-08 08:31:48.569] [TIME] total=2185ms
