[2013-07-08 10:47:14.413] [INFO] Running in directory /tmp/hellmann/current_run
[2013-07-08 10:47:14.413] [INFO] Reading settings from /tmp/hellmann/current_run/config.json
[2013-07-08 10:47:14.413] [INFO] Reading input file ./0240/random_in_square_0240_1549_075.json ...
[2013-07-08 10:47:15.911] [TIME] generating segments=1489ms
[2013-07-08 10:47:15.912] points=240 segments=28680 convex hull=14
[2013-07-08 10:47:15.912] [INFO] shortest input segment: 0:(-1251,-168)->(-1248,-159) (len^2=90)
[2013-07-08 10:47:16.460] [INFO] shortest non-crossing segment: 35:(-1483,1034)->(-1540,1050) (len^2=3505)
[2013-07-08 10:47:16.460] separators=3434
[2013-07-08 10:48:07.251] [TIME] intersection graph=51339ms
[2013-07-08 10:48:07.253] [INFO] shortest triangulation segment: 0:(-1251,-168)->(-1248,-159) (len^2=90)
[2013-07-08 10:48:07.253] [INFO] shortest convex hull segment: 552:(-1540,1050)->(-1429,1273) (len^2=62050)
[2013-07-08 10:48:07.253] [STATS] it=0	lb=0	ub=35
[2013-07-08 10:48:07.253] [TIME] controller initialization=52841ms
IBM ILOG License Manager: "university-braunschweig" is accessing CPLEX 12 with option(s): "e m b q use=10 MaintenanceEnd=20110128 ".
[2013-07-08 10:51:13.261] [TIME] iteration 1=186005ms
[2013-07-08 10:51:13.303] [STATS] it=1	lb=20	ub=35
[2013-07-08 10:56:34.435] [TIME] iteration 2=321119ms
[2013-07-08 10:56:34.463] [STATS] it=2	lb=34	ub=35
[2013-07-08 11:03:43.918] [TIME] iteration 3=429447ms
[2013-07-08 11:03:44.039] [INFO] shortest constrained triangulation segment: 35:(-1483,1034)->(-1540,1050) (len^2=3505)
[2013-07-08 11:03:44.040] [STATS] it=3	lb=35	ub=35
[2013-07-08 11:03:44.042] iterations=3 gap=0
[2013-07-08 11:03:44.042] [TIME] SAT solving=936542ms
[2013-07-08 11:03:44.042] [TIME] total=989630ms
