[2013-07-08 03:14:09.404] [INFO] Running in directory /tmp/hellmann/current_run
[2013-07-08 03:14:09.405] [INFO] Reading settings from /tmp/hellmann/current_run/config.json
[2013-07-08 03:14:09.428] [INFO] Reading input file ./0240/random_in_square_0240_1549_019.json ...
[2013-07-08 03:14:10.773] [TIME] generating segments=1332ms
[2013-07-08 03:14:10.774] points=240 segments=28680 convex hull=13
[2013-07-08 03:14:10.774] [INFO] shortest input segment: 0:(-620,1112)->(-619,1120) (len^2=65)
[2013-07-08 03:14:11.201] [INFO] shortest non-crossing segment: 29:(1314,1367)->(1353,1396) (len^2=2362)
[2013-07-08 03:14:11.201] separators=2059
[2013-07-08 03:14:28.117] [TIME] intersection graph=17343ms
[2013-07-08 03:14:28.119] [INFO] shortest triangulation segment: 0:(-620,1112)->(-619,1120) (len^2=65)
[2013-07-08 03:14:28.119] [INFO] shortest convex hull segment: 663:(1492,1172)->(1353,1396) (len^2=69497)
[2013-07-08 03:14:28.119] [STATS] it=0	lb=0	ub=29
[2013-07-08 03:14:28.119] [TIME] controller initialization=18700ms
IBM ILOG License Manager: "university-braunschweig" is accessing CPLEX 12 with option(s): "e m b q use=10 MaintenanceEnd=20110128 ".
[2013-07-08 03:15:08.492] [TIME] iteration 1=40374ms
[2013-07-08 03:15:08.492] [STATS] it=1	lb=17	ub=29
[2013-07-08 03:15:44.833] [TIME] iteration 2=36341ms
[2013-07-08 03:15:44.834] [STATS] it=2	lb=24	ub=29
[2013-07-08 03:16:24.470] [TIME] iteration 3=39636ms
[2013-07-08 03:16:24.514] [STATS] it=3	lb=27	ub=29
[2013-07-08 03:17:05.269] [TIME] iteration 4=40754ms
[2013-07-08 03:17:05.430] [INFO] shortest constrained triangulation segment: 29:(1314,1367)->(1353,1396) (len^2=2362)
[2013-07-08 03:17:05.430] [STATS] it=4	lb=29	ub=29
[2013-07-08 03:17:05.430] iterations=4 gap=0
[2013-07-08 03:17:05.430] [TIME] SAT solving=157105ms
[2013-07-08 03:17:05.430] [TIME] total=176011ms
