[2013-07-08 02:32:18.892] [INFO] Running in directory /tmp/hellmann/current_run
[2013-07-08 02:32:18.892] [INFO] Reading settings from /tmp/hellmann/current_run/config.json
[2013-07-08 02:32:18.893] [INFO] Reading input file ./0240/random_in_square_0240_1549_011.json ...
[2013-07-08 02:32:20.159] [TIME] generating segments=1247ms
[2013-07-08 02:32:20.161] points=240 segments=28680 convex hull=11
[2013-07-08 02:32:20.161] [INFO] shortest input segment: 0:(-1047,-723)->(-1036,-719) (len^2=137)
[2013-07-08 02:32:20.244] [INFO] shortest non-crossing segment: 5:(989,-1529)->(1008,-1510) (len^2=722)
[2013-07-08 02:32:20.244] separators=262
[2013-07-08 02:32:20.571] [TIME] intersection graph=411ms
[2013-07-08 02:32:20.572] [INFO] shortest triangulation segment: 0:(-1047,-723)->(-1036,-719) (len^2=137)
[2013-07-08 02:32:20.572] [INFO] shortest convex hull segment: 57:(1528,1505)->(1454,1531) (len^2=6152)
[2013-07-08 02:32:20.572] [STATS] it=0	lb=0	ub=5
[2013-07-08 02:32:20.573] [TIME] controller initialization=1680ms
IBM ILOG License Manager: "university-braunschweig" is accessing CPLEX 12 with option(s): "e m b q use=10 MaintenanceEnd=20110128 ".
[2013-07-08 02:32:21.739] [TIME] iteration 1=1166ms
[2013-07-08 02:32:21.739] [STATS] it=1	lb=3	ub=5
[2013-07-08 02:32:22.896] [TIME] iteration 2=1157ms
[2013-07-08 02:32:22.896] [STATS] it=2	lb=4	ub=5
[2013-07-08 02:32:24.059] [TIME] iteration 3=1162ms
[2013-07-08 02:32:24.061] [INFO] shortest constrained triangulation segment: 5:(989,-1529)->(1008,-1510) (len^2=722)
[2013-07-08 02:32:24.061] [STATS] it=3	lb=5	ub=5
[2013-07-08 02:32:24.061] iterations=3 gap=0
[2013-07-08 02:32:24.061] [TIME] SAT solving=3485ms
[2013-07-08 02:32:24.061] [TIME] total=5168ms
