[2013-07-08 03:17:07.214] [INFO] Running in directory /tmp/hellmann/current_run
[2013-07-08 03:17:07.224] [INFO] Reading settings from /tmp/hellmann/current_run/config.json
[2013-07-08 03:17:07.236] [INFO] Reading input file ./0240/random_in_square_0240_1549_020.json ...
[2013-07-08 03:17:08.670] [TIME] generating segments=1426ms
[2013-07-08 03:17:08.672] points=240 segments=28680 convex hull=13
[2013-07-08 03:17:08.672] [INFO] shortest input segment: 0:(295,1262)->(302,1273) (len^2=170)
[2013-07-08 03:17:08.800] [INFO] shortest non-crossing segment: 8:(-1403,1529)->(-1438,1544) (len^2=1450)
[2013-07-08 03:17:08.800] separators=580
[2013-07-08 03:17:10.540] [TIME] intersection graph=1869ms
[2013-07-08 03:17:10.541] [INFO] shortest triangulation segment: 0:(295,1262)->(302,1273) (len^2=170)
[2013-07-08 03:17:10.541] [INFO] shortest convex hull segment: 66:(-1275,-1374)->(-1312,-1298) (len^2=7145)
[2013-07-08 03:17:10.541] [STATS] it=0	lb=0	ub=8
[2013-07-08 03:17:10.541] [TIME] controller initialization=3307ms
IBM ILOG License Manager: "university-braunschweig" is accessing CPLEX 12 with option(s): "e m b q use=10 MaintenanceEnd=20110128 ".
[2013-07-08 03:17:13.642] [TIME] iteration 1=3100ms
[2013-07-08 03:17:13.642] [STATS] it=1	lb=4	ub=8
[2013-07-08 03:17:16.767] [TIME] iteration 2=3124ms
[2013-07-08 03:17:16.768] [INFO] shortest constrained triangulation segment: 8:(-1403,1529)->(-1438,1544) (len^2=1450)
[2013-07-08 03:17:16.769] [STATS] it=2	lb=8	ub=8
[2013-07-08 03:17:16.769] iterations=2 gap=0
[2013-07-08 03:17:16.769] [TIME] SAT solving=6224ms
[2013-07-08 03:17:16.769] [TIME] total=9534ms
