[2013-07-08 02:32:24.081] [INFO] Running in directory /tmp/hellmann/current_run
[2013-07-08 02:32:24.081] [INFO] Reading settings from /tmp/hellmann/current_run/config.json
[2013-07-08 02:32:24.082] [INFO] Reading input file ./0240/random_in_square_0240_1549_012.json ...
[2013-07-08 02:32:25.424] [TIME] generating segments=1340ms
[2013-07-08 02:32:25.425] points=240 segments=28680 convex hull=14
[2013-07-08 02:32:25.425] [INFO] shortest input segment: 0:(662,725)->(664,731) (len^2=40)
[2013-07-08 02:32:25.579] [INFO] shortest non-crossing segment: 10:(1547,-1316)->(1530,-1286) (len^2=1189)
[2013-07-08 02:32:25.579] separators=576
[2013-07-08 02:32:27.035] [TIME] intersection graph=1609ms
[2013-07-08 02:32:27.037] [INFO] shortest triangulation segment: 0:(662,725)->(664,731) (len^2=40)
[2013-07-08 02:32:27.037] [INFO] shortest convex hull segment: 280:(704,-1520)->(894,-1512) (len^2=36164)
[2013-07-08 02:32:27.037] [STATS] it=0	lb=0	ub=10
[2013-07-08 02:32:27.037] [TIME] controller initialization=2956ms
IBM ILOG License Manager: "university-braunschweig" is accessing CPLEX 12 with option(s): "e m b q use=10 MaintenanceEnd=20110128 ".
[2013-07-08 02:32:29.701] [TIME] iteration 1=2665ms
[2013-07-08 02:32:29.701] [STATS] it=1	lb=5	ub=10
[2013-07-08 02:32:32.285] [TIME] iteration 2=2583ms
[2013-07-08 02:32:32.285] [STATS] it=2	lb=8	ub=10
[2013-07-08 02:32:34.864] [TIME] iteration 3=2580ms
[2013-07-08 02:32:34.866] [INFO] shortest constrained triangulation segment: 10:(1547,-1316)->(1530,-1286) (len^2=1189)
[2013-07-08 02:32:34.866] [STATS] it=3	lb=10	ub=10
[2013-07-08 02:32:34.866] iterations=3 gap=0
[2013-07-08 02:32:34.866] [TIME] SAT solving=7828ms
[2013-07-08 02:32:34.866] [TIME] total=10785ms
