[2013-07-08 04:56:25.349] [INFO] Running in directory /tmp/hellmann/current_run
[2013-07-08 04:56:25.349] [INFO] Reading settings from /tmp/hellmann/current_run/config.json
[2013-07-08 04:56:25.371] [INFO] Reading input file ./0240/random_in_square_0240_1549_029.json ...
[2013-07-08 04:56:26.818] [TIME] generating segments=1435ms
[2013-07-08 04:56:26.819] points=240 segments=28680 convex hull=11
[2013-07-08 04:56:26.819] [INFO] shortest input segment: 0:(1389,920)->(1393,930) (len^2=116)
[2013-07-08 04:56:26.903] [INFO] shortest non-crossing segment: 5:(1540,-1115)->(1522,-1101) (len^2=520)
[2013-07-08 04:56:26.903] separators=328
[2013-07-08 04:56:27.520] [TIME] intersection graph=701ms
[2013-07-08 04:56:27.521] [INFO] shortest triangulation segment: 0:(1389,920)->(1393,930) (len^2=116)
[2013-07-08 04:56:27.521] [INFO] shortest convex hull segment: 173:(-1532,1379)->(-1470,1501) (len^2=18728)
[2013-07-08 04:56:27.521] [STATS] it=0	lb=0	ub=5
[2013-07-08 04:56:27.521] [TIME] controller initialization=2159ms
IBM ILOG License Manager: "university-braunschweig" is accessing CPLEX 12 with option(s): "e m b q use=10 MaintenanceEnd=20110128 ".
[2013-07-08 04:56:28.965] [TIME] iteration 1=1444ms
[2013-07-08 04:56:28.965] [STATS] it=1	lb=3	ub=5
[2013-07-08 04:56:30.400] [TIME] iteration 2=1434ms
[2013-07-08 04:56:30.402] [INFO] shortest constrained triangulation segment: 5:(1540,-1115)->(1522,-1101) (len^2=520)
[2013-07-08 04:56:30.402] [STATS] it=2	lb=5	ub=5
[2013-07-08 04:56:30.402] iterations=2 gap=0
[2013-07-08 04:56:30.402] [TIME] SAT solving=2878ms
[2013-07-08 04:56:30.402] [TIME] total=5039ms
