[2013-07-08 09:46:55.850] [INFO] Running in directory /tmp/hellmann/current_run
[2013-07-08 09:46:55.861] [INFO] Reading settings from /tmp/hellmann/current_run/config.json
[2013-07-08 09:46:55.882] [INFO] Reading input file ./0240/random_in_square_0240_1549_071.json ...
[2013-07-08 09:46:57.137] [TIME] generating segments=1245ms
[2013-07-08 09:46:57.138] points=240 segments=28680 convex hull=18
[2013-07-08 09:46:57.139] [INFO] shortest input segment: 0:(758,431)->(753,433) (len^2=29)
[2013-07-08 09:46:57.318] [INFO] shortest non-crossing segment: 12:(-1391,1473)->(-1415,1497) (len^2=1152)
[2013-07-08 09:46:57.318] separators=658
[2013-07-08 09:46:59.173] [TIME] intersection graph=2034ms
[2013-07-08 09:46:59.174] [INFO] shortest triangulation segment: 0:(758,431)->(753,433) (len^2=29)
[2013-07-08 09:46:59.174] [INFO] shortest convex hull segment: 347:(1499,-1028)->(1536,-831) (len^2=40178)
[2013-07-08 09:46:59.174] [STATS] it=0	lb=0	ub=12
[2013-07-08 09:46:59.174] [TIME] controller initialization=3301ms
IBM ILOG License Manager: "university-braunschweig" is accessing CPLEX 12 with option(s): "e m b q use=10 MaintenanceEnd=20110128 ".
[2013-07-08 09:47:02.495] [TIME] iteration 1=3321ms
[2013-07-08 09:47:02.495] [STATS] it=1	lb=6	ub=12
[2013-07-08 09:47:05.691] [TIME] iteration 2=3195ms
[2013-07-08 09:47:05.692] [INFO] shortest constrained triangulation segment: 12:(-1391,1473)->(-1415,1497) (len^2=1152)
[2013-07-08 09:47:05.692] [STATS] it=2	lb=12	ub=12
[2013-07-08 09:47:05.692] iterations=2 gap=0
[2013-07-08 09:47:05.692] [TIME] SAT solving=6516ms
[2013-07-08 09:47:05.692] [TIME] total=9820ms
