[2013-07-08 15:47:10.556] [INFO] Running in directory /tmp/hellmann/current_run
[2013-07-08 15:47:10.556] [INFO] Reading settings from /tmp/hellmann/current_run/config.json
[2013-07-08 15:47:10.577] [INFO] Reading input file ./0240/random_in_square_0240_1549_099.json ...
[2013-07-08 15:47:11.876] [TIME] generating segments=1285ms
[2013-07-08 15:47:11.877] points=240 segments=28680 convex hull=12
[2013-07-08 15:47:11.877] [INFO] shortest input segment: 0:(1522,-931)->(1538,-926) (len^2=281)
[2013-07-08 15:47:11.987] [INFO] shortest non-crossing segment: 7:(-1025,1544)->(-1049,1548) (len^2=592)
[2013-07-08 15:47:11.987] separators=362
[2013-07-08 15:47:12.732] [TIME] intersection graph=855ms
[2013-07-08 15:47:12.733] [INFO] shortest triangulation segment: 0:(1522,-931)->(1538,-926) (len^2=281)
[2013-07-08 15:47:12.733] [INFO] shortest convex hull segment: 158:(-1173,1533)->(-1049,1548) (len^2=15601)
[2013-07-08 15:47:12.733] [STATS] it=0	lb=0	ub=7
[2013-07-08 15:47:12.733] [TIME] controller initialization=2164ms
IBM ILOG License Manager: "university-braunschweig" is accessing CPLEX 12 with option(s): "e m b q use=10 MaintenanceEnd=20110128 ".
[2013-07-08 15:47:14.349] [TIME] iteration 1=1616ms
[2013-07-08 15:47:14.349] [STATS] it=1	lb=4	ub=7
[2013-07-08 15:47:15.903] [TIME] iteration 2=1554ms
[2013-07-08 15:47:15.904] [INFO] shortest constrained triangulation segment: 7:(-1025,1544)->(-1049,1548) (len^2=592)
[2013-07-08 15:47:15.904] [STATS] it=2	lb=7	ub=7
[2013-07-08 15:47:15.904] iterations=2 gap=0
[2013-07-08 15:47:15.904] [TIME] SAT solving=3170ms
[2013-07-08 15:47:15.904] [TIME] total=5335ms
