[2013-07-08 02:22:06.738] [INFO] Running in directory /tmp/hellmann/current_run
[2013-07-08 02:22:06.738] [INFO] Reading settings from /tmp/hellmann/current_run/config.json
[2013-07-08 02:22:06.738] [INFO] Reading input file ./0240/random_in_square_0240_1549_001.json ...
[2013-07-08 02:22:07.999] [TIME] generating segments=1258ms
[2013-07-08 02:22:08.001] points=240 segments=28680 convex hull=14
[2013-07-08 02:22:08.001] [INFO] shortest input segment: 0:(1224,-62)->(1218,-54) (len^2=100)
[2013-07-08 02:22:08.225] [INFO] shortest non-crossing segment: 15:(-1398,1390)->(-1364,1399) (len^2=1237)
[2013-07-08 02:22:08.225] separators=867
[2013-07-08 02:22:10.912] [TIME] intersection graph=2911ms
[2013-07-08 02:22:10.913] [INFO] shortest triangulation segment: 0:(1224,-62)->(1218,-54) (len^2=100)
[2013-07-08 02:22:10.913] [INFO] shortest convex hull segment: 91:(-1484,1344)->(-1398,1390) (len^2=9512)
[2013-07-08 02:22:10.913] [STATS] it=0	lb=0	ub=15
[2013-07-08 02:22:10.913] [TIME] controller initialization=4175ms
IBM ILOG License Manager: "university-braunschweig" is accessing CPLEX 12 with option(s): "e m b q use=10 MaintenanceEnd=20110128 ".
[2013-07-08 02:22:15.743] [TIME] iteration 1=4830ms
[2013-07-08 02:22:15.744] [INFO] shortest constrained triangulation segment: 15:(-1398,1390)->(-1364,1399) (len^2=1237)
[2013-07-08 02:22:15.745] [STATS] it=1	lb=15	ub=15
[2013-07-08 02:22:15.745] iterations=1 gap=0
[2013-07-08 02:22:15.745] [TIME] SAT solving=4830ms
[2013-07-08 02:22:15.745] [TIME] total=9006ms
