[2013-07-08 06:58:51.379] [INFO] Running in directory /tmp/hellmann/current_run
[2013-07-08 06:58:51.379] [INFO] Reading settings from /tmp/hellmann/current_run/config.json
[2013-07-08 06:58:51.389] [INFO] Reading input file ./0240/random_in_square_0240_1549_040.json ...
[2013-07-08 06:58:52.668] [TIME] generating segments=1271ms
[2013-07-08 06:58:52.670] points=240 segments=28680 convex hull=22
[2013-07-08 06:58:52.670] [INFO] shortest input segment: 0:(1380,-432)->(1394,-430) (len^2=200)
[2013-07-08 06:58:52.695] [INFO] shortest non-crossing segment: 1:(-1521,652)->(-1524,666) (len^2=205)
[2013-07-08 06:58:52.695] separators=33
[2013-07-08 06:58:52.705] [TIME] intersection graph=35ms
[2013-07-08 06:58:52.706] [INFO] shortest triangulation segment: 0:(1380,-432)->(1394,-430) (len^2=200)
[2013-07-08 06:58:52.706] [INFO] shortest convex hull segment: 56:(1535,-353)->(1536,-270) (len^2=6890)
[2013-07-08 06:58:52.706] [STATS] it=0	lb=0	ub=1
[2013-07-08 06:58:52.707] [TIME] controller initialization=1328ms
IBM ILOG License Manager: "university-braunschweig" is accessing CPLEX 12 with option(s): "e m b q use=10 MaintenanceEnd=20110128 ".
[2013-07-08 06:58:53.591] [TIME] iteration 1=885ms
[2013-07-08 06:58:53.593] [INFO] shortest constrained triangulation segment: 1:(-1521,652)->(-1524,666) (len^2=205)
[2013-07-08 06:58:53.593] [STATS] it=1	lb=1	ub=1
[2013-07-08 06:58:53.593] iterations=1 gap=0
[2013-07-08 06:58:53.593] [TIME] SAT solving=885ms
[2013-07-08 06:58:53.593] [TIME] total=2214ms
