[2013-07-08 04:56:36.707] [INFO] Running in directory /tmp/hellmann/current_run
[2013-07-08 04:56:36.707] [INFO] Reading settings from /tmp/hellmann/current_run/config.json
[2013-07-08 04:56:36.708] [INFO] Reading input file ./0240/random_in_square_0240_1549_032.json ...
[2013-07-08 04:56:38.101] [TIME] generating segments=1390ms
[2013-07-08 04:56:38.103] points=240 segments=28680 convex hull=16
[2013-07-08 04:56:38.103] [INFO] shortest input segment: 0:(515,-1161)->(519,-1153) (len^2=80)
[2013-07-08 04:56:38.142] [INFO] shortest non-crossing segment: 2:(1383,1158)->(1395,1173) (len^2=369)
[2013-07-08 04:56:38.142] separators=85
[2013-07-08 04:56:38.191] [TIME] intersection graph=88ms
[2013-07-08 04:56:38.193] [INFO] shortest triangulation segment: 1:(733,366)->(735,381) (len^2=229)
[2013-07-08 04:56:38.193] [INFO] shortest convex hull segment: 64:(1446,-1444)->(1500,-1387) (len^2=6165)
[2013-07-08 04:56:38.193] [STATS] it=0	lb=1	ub=2
[2013-07-08 04:56:38.193] [TIME] controller initialization=1485ms
IBM ILOG License Manager: "university-braunschweig" is accessing CPLEX 12 with option(s): "e m b q use=10 MaintenanceEnd=20110128 ".
[2013-07-08 04:56:39.099] [TIME] iteration 1=906ms
[2013-07-08 04:56:39.100] [INFO] shortest constrained triangulation segment: 2:(1383,1158)->(1395,1173) (len^2=369)
[2013-07-08 04:56:39.100] [STATS] it=1	lb=2	ub=2
[2013-07-08 04:56:39.100] iterations=1 gap=0
[2013-07-08 04:56:39.100] [TIME] SAT solving=906ms
[2013-07-08 04:56:39.100] [TIME] total=2392ms
