[2013-07-08 09:01:50.604] [INFO] Running in directory /tmp/hellmann/current_run
[2013-07-08 09:01:50.614] [INFO] Reading settings from /tmp/hellmann/current_run/config.json
[2013-07-08 09:01:50.635] [INFO] Reading input file ./0240/random_in_square_0240_1549_063.json ...
[2013-07-08 09:01:51.921] [TIME] generating segments=1272ms
[2013-07-08 09:01:51.923] points=240 segments=28680 convex hull=15
[2013-07-08 09:01:51.923] [INFO] shortest input segment: 0:(-1056,-84)->(-1050,-82) (len^2=40)
[2013-07-08 09:01:52.460] [INFO] shortest non-crossing segment: 33:(1249,1411)->(1300,1431) (len^2=3001)
[2013-07-08 09:01:52.460] separators=3562
[2013-07-08 09:02:46.588] [TIME] intersection graph=54666ms
[2013-07-08 09:02:46.590] [INFO] shortest triangulation segment: 0:(-1056,-84)->(-1050,-82) (len^2=40)
[2013-07-08 09:02:46.590] [INFO] shortest convex hull segment: 186:(1375,-1522)->(1474,-1425) (len^2=19210)
[2013-07-08 09:02:46.590] [STATS] it=0	lb=0	ub=33
[2013-07-08 09:02:46.590] [TIME] controller initialization=55965ms
IBM ILOG License Manager: "university-braunschweig" is accessing CPLEX 12 with option(s): "e m b q use=10 MaintenanceEnd=20110128 ".
[2013-07-08 09:06:10.200] [TIME] iteration 1=203609ms
[2013-07-08 09:06:10.241] [STATS] it=1	lb=18	ub=33
[2013-07-08 09:09:21.315] [TIME] iteration 2=191072ms
[2013-07-08 09:09:21.342] [STATS] it=2	lb=30	ub=33
[2013-07-08 09:12:50.327] [TIME] iteration 3=208985ms
[2013-07-08 09:12:50.435] [INFO] shortest constrained triangulation segment: 33:(1249,1411)->(1300,1431) (len^2=3001)
[2013-07-08 09:12:50.438] [STATS] it=3	lb=33	ub=33
[2013-07-08 09:12:50.440] iterations=3 gap=0
[2013-07-08 09:12:50.441] [TIME] SAT solving=603637ms
[2013-07-08 09:12:50.445] [TIME] total=659819ms
