[2013-07-08 07:18:40.727] [INFO] Running in directory /tmp/hellmann/current_run
[2013-07-08 07:18:40.727] [INFO] Reading settings from /tmp/hellmann/current_run/config.json
[2013-07-08 07:18:40.727] [INFO] Reading input file ./0240/random_in_square_0240_1549_048.json ...
[2013-07-08 07:18:41.971] [TIME] generating segments=1229ms
[2013-07-08 07:18:41.973] points=240 segments=28680 convex hull=15
[2013-07-08 07:18:41.973] [INFO] shortest input segment: 0:(863,551)->(870,551) (len^2=49)
[2013-07-08 07:18:42.115] [INFO] shortest non-crossing segment: 9:(1047,1438)->(1070,1462) (len^2=1105)
[2013-07-08 07:18:42.115] separators=628
[2013-07-08 07:18:44.396] [TIME] intersection graph=2422ms
[2013-07-08 07:18:44.397] [INFO] shortest triangulation segment: 1:(-893,-401)->(-894,-392) (len^2=82)
[2013-07-08 07:18:44.397] [INFO] shortest convex hull segment: 50:(1314,1399)->(1240,1427) (len^2=6260)
[2013-07-08 07:18:44.397] [STATS] it=0	lb=1	ub=9
[2013-07-08 07:18:44.397] [TIME] controller initialization=3670ms
IBM ILOG License Manager: "university-braunschweig" is accessing CPLEX 12 with option(s): "e m b q use=10 MaintenanceEnd=20110128 ".
[2013-07-08 07:18:48.537] [TIME] iteration 1=4140ms
[2013-07-08 07:18:48.537] [STATS] it=1	lb=5	ub=9
[2013-07-08 07:18:52.667] [TIME] iteration 2=4129ms
[2013-07-08 07:18:52.667] [STATS] it=2	lb=7	ub=9
[2013-07-08 07:18:56.827] [TIME] iteration 3=4159ms
[2013-07-08 07:18:56.828] [INFO] shortest constrained triangulation segment: 9:(1047,1438)->(1070,1462) (len^2=1105)
[2013-07-08 07:18:56.828] [STATS] it=3	lb=9	ub=9
[2013-07-08 07:18:56.828] iterations=3 gap=0
[2013-07-08 07:18:56.828] [TIME] SAT solving=12428ms
[2013-07-08 07:18:56.828] [TIME] total=16101ms
