[2013-07-08 02:32:34.917] [INFO] Running in directory /tmp/hellmann/current_run
[2013-07-08 02:32:34.918] [INFO] Reading settings from /tmp/hellmann/current_run/config.json
[2013-07-08 02:32:34.918] [INFO] Reading input file ./0240/random_in_square_0240_1549_013.json ...
[2013-07-08 02:32:36.230] [TIME] generating segments=1298ms
[2013-07-08 02:32:36.231] points=240 segments=28680 convex hull=13
[2013-07-08 02:32:36.231] [INFO] shortest input segment: 0:(-1205,115)->(-1203,122) (len^2=53)
[2013-07-08 02:32:36.590] [INFO] shortest non-crossing segment: 23:(-1532,695)->(-1538,748) (len^2=2845)
[2013-07-08 02:32:36.591] separators=2449
[2013-07-08 02:33:04.009] [TIME] intersection graph=27779ms
[2013-07-08 02:33:04.011] [INFO] shortest triangulation segment: 0:(-1205,115)->(-1203,122) (len^2=53)
[2013-07-08 02:33:04.011] [INFO] shortest convex hull segment: 262:(1445,-1110)->(1548,-968) (len^2=30773)
[2013-07-08 02:33:04.011] [STATS] it=0	lb=0	ub=23
[2013-07-08 02:33:04.011] [TIME] controller initialization=29092ms
IBM ILOG License Manager: "university-braunschweig" is accessing CPLEX 12 with option(s): "e m b q use=10 MaintenanceEnd=20110128 ".
[2013-07-08 02:34:29.437] [TIME] iteration 1=85427ms
[2013-07-08 02:34:29.456] [STATS] it=1	lb=18	ub=23
[2013-07-08 02:35:50.347] [TIME] iteration 2=80890ms
[2013-07-08 02:35:50.361] [STATS] it=2	lb=21	ub=23
[2013-07-08 02:37:08.387] [TIME] iteration 3=78025ms
[2013-07-08 02:37:08.440] [INFO] shortest constrained triangulation segment: 23:(-1532,695)->(-1538,748) (len^2=2845)
[2013-07-08 02:37:08.440] [STATS] it=3	lb=23	ub=23
[2013-07-08 02:37:08.440] iterations=3 gap=0
[2013-07-08 02:37:08.440] [TIME] SAT solving=244338ms
[2013-07-08 02:37:08.440] [TIME] total=273522ms
