[2013-07-08 08:31:38.001] [INFO] Running in directory /tmp/hellmann/current_run
[2013-07-08 08:31:38.009] [INFO] Reading settings from /tmp/hellmann/current_run/config.json
[2013-07-08 08:31:38.030] [INFO] Reading input file ./0240/random_in_square_0240_1549_058.json ...
[2013-07-08 08:31:39.386] [TIME] generating segments=1342ms
[2013-07-08 08:31:39.387] points=240 segments=28680 convex hull=13
[2013-07-08 08:31:39.387] [INFO] shortest input segment: 0:(401,1246)->(409,1261) (len^2=289)
[2013-07-08 08:31:39.413] [INFO] shortest non-crossing segment: 1:(1434,-1358)->(1436,-1340) (len^2=328)
[2013-07-08 08:31:39.413] separators=23
[2013-07-08 08:31:39.418] [TIME] intersection graph=30ms
[2013-07-08 08:31:39.419] [INFO] shortest triangulation segment: 0:(401,1246)->(409,1261) (len^2=289)
[2013-07-08 08:31:39.419] [INFO] shortest convex hull segment: 129:(-1508,-1388)->(-1532,-1271) (len^2=14265)
[2013-07-08 08:31:39.419] [STATS] it=0	lb=0	ub=1
[2013-07-08 08:31:39.419] [TIME] controller initialization=1399ms
IBM ILOG License Manager: "university-braunschweig" is accessing CPLEX 12 with option(s): "e m b q use=10 MaintenanceEnd=20110128 ".
[2013-07-08 08:31:40.374] [TIME] iteration 1=955ms
[2013-07-08 08:31:40.376] [INFO] shortest constrained triangulation segment: 1:(1434,-1358)->(1436,-1340) (len^2=328)
[2013-07-08 08:31:40.376] [STATS] it=1	lb=1	ub=1
[2013-07-08 08:31:40.376] iterations=1 gap=0
[2013-07-08 08:31:40.376] [TIME] SAT solving=955ms
[2013-07-08 08:31:40.376] [TIME] total=2355ms
